Initial loss: 11230.005873952101
Iteration 100: Loss = 10413.963551917961
Iteration 200: Loss = 10324.553582419732
Iteration 300: Loss = 10252.231323201695
Iteration 400: Loss = 10252.067096301647
Iteration 500: Loss = 10241.810459152466
Iteration 600: Loss = 10218.571563012527
Iteration 700: Loss = 10215.842355339633
Iteration 800: Loss = 10215.135846183133
Iteration 900: Loss = 10203.416665795616
Iteration 1000: Loss = 10203.416665795616
Best loss: 10203.416665795616 | Parameters: [ 1.93342975e+03 -2.21031814e-01  4.85476478e+00]
Initial loss: 11230.005873952101
Iteration 100: Loss = 10302.130791112033
Iteration 200: Loss = 10264.047856073576
Iteration 300: Loss = 10264.047856073576
Iteration 400: Loss = 10228.837704978241
Iteration 500: Loss = 10211.997457595251
Iteration 600: Loss = 10206.729361105667
Iteration 700: Loss = 10206.729361105667
Iteration 800: Loss = 10193.125814052692
Iteration 900: Loss = 10184.425116927852
Iteration 1000: Loss = 10184.425116927852
Best loss: 10184.425116927852 | Parameters: [ 1.93267784e+03 -3.08264708e-01  6.26526864e+00]
Initial loss: 11230.005873952101
Iteration 100: Loss = 10589.24218432166
Iteration 200: Loss = 10354.50118110401
Iteration 300: Loss = 10263.3205104091
Iteration 400: Loss = 10216.155519438222
Iteration 500: Loss = 10216.155519438222
Iteration 600: Loss = 10206.840027192467
Iteration 700: Loss = 10206.504151419125
Iteration 800: Loss = 10206.504151419125
Iteration 900: Loss = 10205.440088190731
Iteration 1000: Loss = 10201.281182332352
Best loss: 10201.281182332352 | Parameters: [1.93329776e+03 2.39734267e-01 5.22422325e+00]
Initial loss: 11230.005873952101
Iteration 100: Loss = 10282.668730891233
Iteration 200: Loss = 10211.966609238925
Iteration 300: Loss = 10169.800412268207
Iteration 400: Loss = 10011.599857458938
Iteration 500: Loss = 9953.102736257339
Iteration 600: Loss = 9693.97788314197
Iteration 700: Loss = 9101.401675317351
Iteration 800: Loss = 8589.471418614316
Iteration 900: Loss = 8537.790795890049
Iteration 1000: Loss = 8414.125710373297
Best loss: 8414.125710373297 | Parameters: [1.93370948e+03 8.57030308e-01 1.71349359e+01]
Initial loss: 11230.005873952101
Iteration 100: Loss = 10244.811019570467
Iteration 200: Loss = 10224.769741890552
Iteration 300: Loss = 10217.662986978607
Iteration 400: Loss = 10215.598390739313
Iteration 500: Loss = 10215.598390739313
Iteration 600: Loss = 10215.598390739313
Iteration 700: Loss = 10203.768846220102
Iteration 800: Loss = 10203.768846220102
Iteration 900: Loss = 10201.64927140391
Iteration 1000: Loss = 10201.64927140391
Best loss: 10201.64927140391 | Parameters: [1.93321496e+03 2.52993963e-01 5.37438703e+00]
Initial loss: 11230.005873952101
Iteration 100: Loss = 10551.28768414381
Iteration 200: Loss = 10296.110382615216
Iteration 300: Loss = 10296.110382615216
Iteration 400: Loss = 10296.110382615216
Iteration 500: Loss = 10296.110382615216
Iteration 600: Loss = 10296.110382615216
Iteration 700: Loss = 10296.110382615216
Iteration 800: Loss = 10279.879942138876
Iteration 900: Loss = 10279.879942138876
Iteration 1000: Loss = 10260.61523990359
Best loss: 10260.61523990359 | Parameters: [1.93433300e+03 1.70816742e-01 3.72084023e+00]
Initial loss: 11230.005873952101
Iteration 100: Loss = 10972.327393583955
Iteration 200: Loss = 10881.526617026817
Iteration 300: Loss = 10575.34076285819
Iteration 400: Loss = 10460.873389670674
Iteration 500: Loss = 10254.271944967577
Iteration 600: Loss = 10213.768163163482
Iteration 700: Loss = 10213.768163163482
Iteration 800: Loss = 10213.768163163482
Iteration 900: Loss = 10213.768163163482
Iteration 1000: Loss = 10213.768163163482
Best loss: 10213.768163163482 | Parameters: [1.93397631e+03 1.84526591e-01 4.26587622e+00]
Initial loss: 11230.005873952101
Iteration 100: Loss = 10601.678780638778
Iteration 200: Loss = 10409.36834914953
Iteration 300: Loss = 10315.077918993642
Iteration 400: Loss = 10266.567950955803
Iteration 500: Loss = 10223.332092995945
Iteration 600: Loss = 10223.332092995945
Iteration 700: Loss = 10223.332092995945
Iteration 800: Loss = 10223.332092995945
Iteration 900: Loss = 10223.332092995945
Iteration 1000: Loss = 10223.332092995945
Best loss: 10223.332092995945 | Parameters: [1.93419249e+03 1.69642162e-01 3.98030453e+00]
Initial loss: 11230.005873952101
Iteration 100: Loss = 10268.657358817927
Iteration 200: Loss = 10268.657358817927
Iteration 300: Loss = 10245.140819162925
Iteration 400: Loss = 10245.140819162925
Iteration 500: Loss = 10245.140819162925
Iteration 600: Loss = 10245.140819162925
Iteration 700: Loss = 10210.919280394548
Iteration 800: Loss = 10210.919280394548
Iteration 900: Loss = 10210.919280394548
Iteration 1000: Loss = 10210.919280394548
Best loss: 10210.919280394548 | Parameters: [ 1.93351424e+03 -2.30577616e-01  4.89201156e+00]
Initial loss: 11230.005873952101
Iteration 100: Loss = 10347.02957974332
Iteration 200: Loss = 10232.47375298881
Iteration 300: Loss = 10215.826594256045
Iteration 400: Loss = 10210.946954837977
Iteration 500: Loss = 10210.946954837977
Iteration 600: Loss = 10210.946954837977
Iteration 700: Loss = 10210.868782165719
Iteration 800: Loss = 10210.868782165719
Iteration 900: Loss = 10183.198509872582
Iteration 1000: Loss = 10028.01549607127
Best loss: 10028.01549607127 | Parameters: [1.93151698e+03 4.01157097e-01 9.13678166e+00]
Initial loss: 11230.005873952101
Iteration 100: Loss = 10271.56986457246
Iteration 200: Loss = 10203.149407709696
Iteration 300: Loss = 10203.149407709696
Iteration 400: Loss = 10203.149407709696
Iteration 500: Loss = 10157.207830227971
Iteration 600: Loss = 9913.585992357808
Iteration 700: Loss = 9463.910124817729
Iteration 800: Loss = 8506.93243645918
Iteration 900: Loss = 8201.6724792937
Iteration 1000: Loss = 8178.466875614366
Best loss: 8178.466875614366 | Parameters: [1.93030474e+03 9.65432178e-01 2.01731430e+01]
Initial loss: 11230.005873952101
Iteration 100: Loss = 10218.110344335999
Iteration 200: Loss = 10214.98428239117
Iteration 300: Loss = 9877.600573719788
Iteration 400: Loss = 8837.342843582708
Iteration 500: Loss = 8474.122476195544
Iteration 600: Loss = 8320.379602556846
Iteration 700: Loss = 8232.217620267633
Iteration 800: Loss = 8179.190032095088
Iteration 900: Loss = 8141.695251406737
Iteration 1000: Loss = 8108.47872975524
Best loss: 8108.47872975524 | Parameters: [1.92946349e+03 1.06913907e+00 2.18973144e+01]
Initial loss: 11230.005873952101
Iteration 100: Loss = 10347.361823191073
Iteration 200: Loss = 10245.277746487418
Iteration 300: Loss = 10214.655481788228
Iteration 400: Loss = 10209.366695391018
Iteration 500: Loss = 10209.366695391018
Iteration 600: Loss = 10207.63540445026
Iteration 700: Loss = 10205.208272481535
Iteration 800: Loss = 10205.208272481535
Iteration 900: Loss = 10205.208272481535
Iteration 1000: Loss = 10205.208272481535
Best loss: 10205.208272481535 | Parameters: [ 1.93342162e+03 -2.13804345e-01  4.78217642e+00]
Initial loss: 11230.005873952101
Iteration 100: Loss = 10285.103760195598
Iteration 200: Loss = 10253.067142687094
Iteration 300: Loss = 10229.027463028875
Iteration 400: Loss = 10204.563425463695
Iteration 500: Loss = 10204.563425463695
Iteration 600: Loss = 10204.563425463695
Iteration 700: Loss = 10204.563425463695
Iteration 800: Loss = 10204.563425463695
Iteration 900: Loss = 10204.563425463695
Iteration 1000: Loss = 10204.563425463695
Best loss: 10204.563425463695 | Parameters: [ 1.93328515e+03 -2.22430712e-01  4.91334817e+00]
Initial loss: 11230.005873952101
Iteration 100: Loss = 10204.532126506763
Iteration 200: Loss = 10204.532126506763
Iteration 300: Loss = 10204.532126506763
Iteration 400: Loss = 10204.532126506763
Iteration 500: Loss = 10204.532126506763
Iteration 600: Loss = 10204.532126506763
Iteration 700: Loss = 10051.712546155662
Iteration 800: Loss = 9325.108718849162
Iteration 900: Loss = 8696.742425178056
Iteration 1000: Loss = 8562.273626904123
Best loss: 8562.273626904123 | Parameters: [1.93362714e+03 7.52712291e-01 1.54775121e+01]
Initial loss: 11230.005873952101
Iteration 100: Loss = 10428.80286316211
Iteration 200: Loss = 10425.785840678811
Iteration 300: Loss = 10425.785840678811
Iteration 400: Loss = 10209.424478298488
Iteration 500: Loss = 10209.424478298488
Iteration 600: Loss = 10202.358739139405
Iteration 700: Loss = 10202.358739139405
Iteration 800: Loss = 10202.358739139405
Iteration 900: Loss = 10202.358739139405
Iteration 1000: Loss = 10202.358739139405
Best loss: 10202.358739139405 | Parameters: [1.93319728e+03 2.48504422e-01 5.26515133e+00]
Initial loss: 11230.005873952101
Iteration 100: Loss = 10382.907870075798
Iteration 200: Loss = 10214.16161894716
Iteration 300: Loss = 10214.16161894716
Iteration 400: Loss = 10214.16161894716
Iteration 500: Loss = 10214.16161894716
Iteration 600: Loss = 10198.005204687126
Iteration 700: Loss = 9420.456961073518
Iteration 800: Loss = 8987.32875318426
Iteration 900: Loss = 8424.299098779566
Iteration 1000: Loss = 8406.248960896522
Best loss: 8406.248960896522 | Parameters: [1.93413368e+03 8.83380650e-01 1.80285252e+01]
Initial loss: 11230.005873952101
Iteration 100: Loss = 10463.872594930719
Iteration 200: Loss = 10225.58609877868
Iteration 300: Loss = 10225.58609877868
Iteration 400: Loss = 10225.58609877868
Iteration 500: Loss = 10225.58609877868
Iteration 600: Loss = 10225.58609877868
Iteration 700: Loss = 10225.58609877868
Iteration 800: Loss = 10205.347493596804
Iteration 900: Loss = 10205.347493596804
Iteration 1000: Loss = 10204.77118800345
Best loss: 10204.77118800345 | Parameters: [ 1.93323630e+03 -2.61845089e-01  5.52054811e+00]
Initial loss: 11230.005873952101
Iteration 100: Loss = 10488.336580892197
Iteration 200: Loss = 10364.13039780544
Iteration 300: Loss = 10238.552891284215
Iteration 400: Loss = 10204.04968513423
Iteration 500: Loss = 10180.414344726662
Iteration 600: Loss = 10152.854116068027
Iteration 700: Loss = 9996.462809874998
Iteration 800: Loss = 9886.308092515494
Iteration 900: Loss = 9235.635803661437
Iteration 1000: Loss = 8441.506102838583
Best loss: 8441.506102838583 | Parameters: [1.93236903e+03 8.55479815e-01 1.66168503e+01]
Initial loss: 11230.005873952101
Iteration 100: Loss = 10358.6799686335
Iteration 200: Loss = 10222.259581983168
Iteration 300: Loss = 10222.259581983168
Iteration 400: Loss = 10222.259581983168
Iteration 500: Loss = 10220.451897137078
Iteration 600: Loss = 10208.141786007627
Iteration 700: Loss = 10208.141786007627
Iteration 800: Loss = 10208.141786007627
Iteration 900: Loss = 10206.53101122289
Iteration 1000: Loss = 10201.113582877962
Best loss: 10201.113582877962 | Parameters: [1.93329558e+03 2.38297876e-01 5.15753061e+00]
Initial loss: 11060.630369981693
Iteration 100: Loss = 10583.75436422746
Iteration 200: Loss = 10442.836431086318
Iteration 300: Loss = 10369.037522643
Iteration 400: Loss = 10282.990592294136
Iteration 500: Loss = 10276.035086457603
Iteration 600: Loss = 10253.008172156646
Iteration 700: Loss = 10231.341954094569
Iteration 800: Loss = 10229.599033795674
Iteration 900: Loss = 10218.619223290221
Iteration 1000: Loss = 10215.784907480724
Best loss: 10215.784907480724 | Parameters: [ 1.93403765e+03 -1.92970729e-01  4.31252444e+00]
Initial loss: 11060.630369981693
Iteration 100: Loss = 10422.938930651799
Iteration 200: Loss = 10243.39977806759
Iteration 300: Loss = 10223.103990930398
Iteration 400: Loss = 10215.245874639879
Iteration 500: Loss = 10208.758539590643
Iteration 600: Loss = 10208.482585462787
Iteration 700: Loss = 10204.918578898249
Iteration 800: Loss = 10203.587116830655
Iteration 900: Loss = 10200.61349122638
Iteration 1000: Loss = 10200.61349122638
Best loss: 10200.61349122638 | Parameters: [ 1.93309376e+03 -2.39121431e-01  5.23774937e+00]
Initial loss: 11060.630369981693
Iteration 100: Loss = 10555.096722724844
Iteration 200: Loss = 10375.302215428585
Iteration 300: Loss = 10375.302215428585
Iteration 400: Loss = 10273.359293876305
Iteration 500: Loss = 10273.359293876305
Iteration 600: Loss = 10273.359293876305
Iteration 700: Loss = 10259.623490186335
Iteration 800: Loss = 10218.636752676533
Iteration 900: Loss = 10212.904708044956
Iteration 1000: Loss = 10212.904708044956
Best loss: 10212.904708044956 | Parameters: [1.93398187e+03 1.88799490e-01 4.27964982e+00]
Initial loss: 11060.630369981693
Iteration 100: Loss = 10483.231931381239
Iteration 200: Loss = 10252.574352862151
Iteration 300: Loss = 10228.705892949136
Iteration 400: Loss = 10216.402370697935
Iteration 500: Loss = 10203.37788839101
Iteration 600: Loss = 10203.37788839101
Iteration 700: Loss = 10203.37788839101
Iteration 800: Loss = 10203.37788839101
Iteration 900: Loss = 10203.37788839101
Iteration 1000: Loss = 10203.37788839101
Best loss: 10203.37788839101 | Parameters: [ 1.93318883e+03 -2.29126380e-01  5.04019462e+00]
Initial loss: 11060.630369981693
Iteration 100: Loss = 10350.479805208615
Iteration 200: Loss = 10254.740480076705
Iteration 300: Loss = 10245.616786601797
Iteration 400: Loss = 10230.14775836681
Iteration 500: Loss = 10230.14775836681
Iteration 600: Loss = 10230.14775836681
Iteration 700: Loss = 10230.14775836681
Iteration 800: Loss = 10230.14775836681
Iteration 900: Loss = 10224.268250606536
Iteration 1000: Loss = 10217.986260058377
Best loss: 10217.986260058377 | Parameters: [1.93405278e+03 1.94604574e-01 4.31467043e+00]
Initial loss: 11060.630369981693
Iteration 100: Loss = 10282.920580263974
Iteration 200: Loss = 10282.920580263974
Iteration 300: Loss = 10269.993859787995
Iteration 400: Loss = 10269.993859787995
Iteration 500: Loss = 10236.062846560913
Iteration 600: Loss = 10236.062846560913
Iteration 700: Loss = 10203.722573132454
Iteration 800: Loss = 10203.722573132454
Iteration 900: Loss = 10203.722573132454
Iteration 1000: Loss = 10203.148386640201
Best loss: 10203.148386640201 | Parameters: [ 1.93338745e+03 -2.24827066e-01  5.01524934e+00]
Initial loss: 11060.630369981693
Iteration 100: Loss = 10204.093806808156
Iteration 200: Loss = 10204.093806808156
Iteration 300: Loss = 10204.093806808156
Iteration 400: Loss = 10191.712817318596
Iteration 500: Loss = 10159.21035880343
Iteration 600: Loss = 10159.21035880343
Iteration 700: Loss = 10159.21035880343
Iteration 800: Loss = 10159.21035880343
Iteration 900: Loss = 10148.632127544724
Iteration 1000: Loss = 9904.78574390715
Best loss: 9904.78574390715 | Parameters: [1.93327271e+03 4.39080105e-01 9.16767678e+00]
Initial loss: 11060.630369981693
Iteration 100: Loss = 10485.850999482731
Iteration 200: Loss = 10231.216849135899
Iteration 300: Loss = 10200.49678573844
Iteration 400: Loss = 10200.49678573844
Iteration 500: Loss = 10200.49678573844
Iteration 600: Loss = 10200.49678573844
Iteration 700: Loss = 10193.545922782043
Iteration 800: Loss = 10193.545922782043
Iteration 900: Loss = 10102.62843661986
Iteration 1000: Loss = 9815.13140031413
Best loss: 9815.13140031413 | Parameters: [ 1.93361439e+03 -4.98702508e-01  9.60250455e+00]
Initial loss: 11060.630369981693
Iteration 100: Loss = 10337.076707208156
Iteration 200: Loss = 10337.076707208156
Iteration 300: Loss = 10283.344726758367
Iteration 400: Loss = 10272.408691628703
Iteration 500: Loss = 10272.408691628703
Iteration 600: Loss = 10250.907639728788
Iteration 700: Loss = 10250.907639728788
Iteration 800: Loss = 10250.907639728788
Iteration 900: Loss = 10250.907639728788
Iteration 1000: Loss = 10214.201935035533
Best loss: 10214.201935035533 | Parameters: [ 1.93389547e+03 -1.89973456e-01  4.41987184e+00]
Initial loss: 11060.630369981693
Iteration 100: Loss = 10249.90721034862
Iteration 200: Loss = 10249.90721034862
Iteration 300: Loss = 10230.13526641964
Iteration 400: Loss = 10218.310369569916
Iteration 500: Loss = 10218.310369569916
Iteration 600: Loss = 10218.310369569916
Iteration 700: Loss = 10213.800529223905
Iteration 800: Loss = 10207.272339393641
Iteration 900: Loss = 10207.272339393641
Iteration 1000: Loss = 10207.272339393641
Best loss: 10207.272339393641 | Parameters: [1.93347975e+03 2.09258514e-01 4.66851115e+00]
Initial loss: 11060.630369981693
Iteration 100: Loss = 10210.622479539737
Iteration 200: Loss = 10210.548000596957
Iteration 300: Loss = 10208.922544017356
Iteration 400: Loss = 10208.922544017356
Iteration 500: Loss = 10203.065505078652
Iteration 600: Loss = 10203.065505078652
Iteration 700: Loss = 10203.065505078652
Iteration 800: Loss = 10117.092641195992
Iteration 900: Loss = 10048.128490024492
Iteration 1000: Loss = 9430.568939909363
Best loss: 9430.568939909363 | Parameters: [ 1.93365381e+03 -6.37970447e-01  1.15769770e+01]
Initial loss: 11060.630369981693
Iteration 100: Loss = 10233.894607313603
Iteration 200: Loss = 10233.894607313603
Iteration 300: Loss = 10233.894607313603
Iteration 400: Loss = 10233.894607313603
Iteration 500: Loss = 10233.894607313603
Iteration 600: Loss = 10220.826205916861
Iteration 700: Loss = 10220.826205916861
Iteration 800: Loss = 10220.826205916861
Iteration 900: Loss = 10220.826205916861
Iteration 1000: Loss = 10220.826205916861
Best loss: 10220.826205916861 | Parameters: [1.93392797e+03 1.76436986e-01 4.13364519e+00]
Initial loss: 11060.630369981693
Iteration 100: Loss = 10289.373873759805
Iteration 200: Loss = 10272.898022801977
Iteration 300: Loss = 10243.215919828854
Iteration 400: Loss = 10243.215919828854
Iteration 500: Loss = 10242.226313206922
Iteration 600: Loss = 10214.613283977267
Iteration 700: Loss = 10214.613283977267
Iteration 800: Loss = 10203.917919064508
Iteration 900: Loss = 10203.917919064508
Iteration 1000: Loss = 10203.917919064508
Best loss: 10203.917919064508 | Parameters: [ 1.93352669e+03 -2.16098130e-01  4.83105023e+00]
Initial loss: 11060.630369981693
Iteration 100: Loss = 10288.479410074318
Iteration 200: Loss = 10257.224796619501
Iteration 300: Loss = 10241.033656661799
Iteration 400: Loss = 10224.762393054283
Iteration 500: Loss = 10194.012552345308
Iteration 600: Loss = 10142.53068400889
Iteration 700: Loss = 10038.280785618206
Iteration 800: Loss = 9510.645365630031
Iteration 900: Loss = 9151.908636116035
Iteration 1000: Loss = 8636.547683137307
Best loss: 8636.547683137307 | Parameters: [ 1.93283405e+03 -7.12884638e-01  1.50669733e+01]
Initial loss: 11060.630369981693
Iteration 100: Loss = 10355.2684726477
Iteration 200: Loss = 10277.439905394642
Iteration 300: Loss = 10224.294493612088
Iteration 400: Loss = 10224.294493612088
Iteration 500: Loss = 10224.294493612088
Iteration 600: Loss = 10224.294493612088
Iteration 700: Loss = 10224.294493612088
Iteration 800: Loss = 10224.294493612088
Iteration 900: Loss = 10224.294493612088
Iteration 1000: Loss = 10224.294493612088
Best loss: 10224.294493612088 | Parameters: [1.93419054e+03 1.74155391e-01 3.96943864e+00]
Initial loss: 11060.630369981693
Iteration 100: Loss = 10223.984581081433
Iteration 200: Loss = 10223.984581081433
Iteration 300: Loss = 10223.984581081433
Iteration 400: Loss = 10223.984581081433
Iteration 500: Loss = 10218.384814013356
Iteration 600: Loss = 10211.14708214333
Iteration 700: Loss = 10211.14708214333
Iteration 800: Loss = 10205.364034214665
Iteration 900: Loss = 10205.364034214665
Iteration 1000: Loss = 10205.364034214665
Best loss: 10205.364034214665 | Parameters: [ 1.93360873e+03 -2.07527563e-01  4.67511627e+00]
Initial loss: 11060.630369981693
Iteration 100: Loss = 10208.920145169446
Iteration 200: Loss = 10208.920145169446
Iteration 300: Loss = 10208.920145169446
Iteration 400: Loss = 10206.402708703921
Iteration 500: Loss = 10206.402708703921
Iteration 600: Loss = 10206.402708703921
Iteration 700: Loss = 10206.402708703921
Iteration 800: Loss = 10206.402708703921
Iteration 900: Loss = 10206.402708703921
Iteration 1000: Loss = 10206.402708703921
Best loss: 10206.402708703921 | Parameters: [ 1.93371582e+03 -2.07169837e-01  4.64265683e+00]
Initial loss: 11060.630369981693
Iteration 100: Loss = 10210.61252929588
Iteration 200: Loss = 10210.61252929588
Iteration 300: Loss = 10210.61252929588
Iteration 400: Loss = 10210.61252929588
Iteration 500: Loss = 10210.61252929588
Iteration 600: Loss = 10210.61252929588
Iteration 700: Loss = 10210.61252929588
Iteration 800: Loss = 10210.61252929588
Iteration 900: Loss = 10210.61252929588
Iteration 1000: Loss = 10210.61252929588
Best loss: 10210.61252929588 | Parameters: [ 1.93384865e+03 -1.93060107e-01  4.35658694e+00]
Initial loss: 11060.630369981693
Iteration 100: Loss = 10268.03959602863
Iteration 200: Loss = 10237.729851026417
Iteration 300: Loss = 10237.729851026417
Iteration 400: Loss = 10221.950610735073
Iteration 500: Loss = 10221.950610735073
Iteration 600: Loss = 10196.011393490218
Iteration 700: Loss = 10196.011393490218
Iteration 800: Loss = 10196.011393490218
Iteration 900: Loss = 10182.934324568056
Iteration 1000: Loss = 10001.322511066293
Best loss: 10001.322511066293 | Parameters: [ 1.93244670e+03 -4.58910917e-01  8.56825759e+00]
Initial loss: 11060.630369981693
Iteration 100: Loss = 10205.446856635126
Iteration 200: Loss = 10197.546866177552
Iteration 300: Loss = 10192.680626935047
Iteration 400: Loss = 10181.344212963486
Iteration 500: Loss = 10154.29018990614
Iteration 600: Loss = 9996.9885783476
Iteration 700: Loss = 8862.358453195333
Iteration 800: Loss = 8681.945663510856
Iteration 900: Loss = 8637.268780669609
Iteration 1000: Loss = 8615.776876671054
Best loss: 8615.776876671054 | Parameters: [1.93686240e+03 7.68037672e-01 1.57447597e+01]
Initial loss: 11060.630369981693
Iteration 100: Loss = 10471.256767216679
Iteration 200: Loss = 10434.427191652325
Iteration 300: Loss = 10434.427191652325
Iteration 400: Loss = 10260.165144128774
Iteration 500: Loss = 10260.165144128774
Iteration 600: Loss = 10260.165144128774
Iteration 700: Loss = 10224.202441612642
Iteration 800: Loss = 10206.899624957457
Iteration 900: Loss = 10146.262845355728
Iteration 1000: Loss = 9664.439435356495
Best loss: 9664.439435356495 | Parameters: [ 1.93273851e+03 -4.83062082e-01  1.04678525e+01]
Initial loss: 11060.630369981693
Iteration 100: Loss = 10419.91637194615
Iteration 200: Loss = 10419.91637194615
Iteration 300: Loss = 10308.813596483422
Iteration 400: Loss = 10269.894613177768
Iteration 500: Loss = 10269.894613177768
Iteration 600: Loss = 10269.894613177768
Iteration 700: Loss = 10244.525498148409
Iteration 800: Loss = 10205.276056305715
Iteration 900: Loss = 10205.276056305715
Iteration 1000: Loss = 10205.276056305715
Best loss: 10205.276056305715 | Parameters: [ 1.93348047e+03 -2.32355679e-01  5.01615137e+00]
Initial loss: 11060.630369981693
Iteration 100: Loss = 10259.253636668074
Iteration 200: Loss = 10237.862748630243
Iteration 300: Loss = 10200.412536645097
Iteration 400: Loss = 10200.412536645097
Iteration 500: Loss = 10200.412536645097
Iteration 600: Loss = 10200.412536645097
Iteration 700: Loss = 9984.521665121436
Iteration 800: Loss = 9321.66977011304
Iteration 900: Loss = 8705.038997130065
Iteration 1000: Loss = 8432.642375982428
Best loss: 8432.642375982428 | Parameters: [ 1.93399154e+03 -9.33044456e-01  1.78045762e+01]
Initial loss: 11060.630369981693
Iteration 100: Loss = 10228.264424584162
Iteration 200: Loss = 10214.291293034366
Iteration 300: Loss = 10209.069996385233
Iteration 400: Loss = 10209.069996385233
Iteration 500: Loss = 10209.069996385233
Iteration 600: Loss = 10206.358442187337
Iteration 700: Loss = 10206.358442187337
Iteration 800: Loss = 10206.358442187337
Iteration 900: Loss = 10206.358442187337
Iteration 1000: Loss = 10206.358442187337
Best loss: 10206.358442187337 | Parameters: [ 1.93366672e+03 -2.03396438e-01  4.59816906e+00]
Initial loss: 11060.630369981693
Iteration 100: Loss = 10272.677865332102
Iteration 200: Loss = 9749.176215565838
Iteration 300: Loss = 8934.042331235752
Iteration 400: Loss = 8304.975360377719
Iteration 500: Loss = 8073.200412314904
Iteration 600: Loss = 8022.80711746313
Iteration 700: Loss = 7982.989284452861
Iteration 800: Loss = 7826.006505913106
Iteration 900: Loss = 7774.875789641254
Iteration 1000: Loss = 7729.454220766501
Best loss: 7729.454220766501 | Parameters: [1.92046040e+03 1.47993166e+00 2.76040048e+01]
Initial loss: 11060.630369981693
Iteration 100: Loss = 10282.881051315206
Iteration 200: Loss = 10206.885525138656
Iteration 300: Loss = 10206.885525138656
Iteration 400: Loss = 10206.885525138656
Iteration 500: Loss = 10204.843669297274
Iteration 600: Loss = 10204.843669297274
Iteration 700: Loss = 10192.660148805233
Iteration 800: Loss = 9965.742472086094
Iteration 900: Loss = 9517.822112245189
Iteration 1000: Loss = 8905.419644706213
Best loss: 8905.419644706213 | Parameters: [ 1.93148439e+03 -7.24138396e-01  1.39531713e+01]
Initial loss: 11060.630369981693
Iteration 100: Loss = 10294.91874105267
Iteration 200: Loss = 10202.01208298899
Iteration 300: Loss = 10202.01208298899
Iteration 400: Loss = 10202.01208298899
Iteration 500: Loss = 10202.01208298899
Iteration 600: Loss = 10202.01208298899
Iteration 700: Loss = 10202.01208298899
Iteration 800: Loss = 10202.01208298899
Iteration 900: Loss = 10202.01208298899
Iteration 1000: Loss = 10202.01208298899
Best loss: 10202.01208298899 | Parameters: [1.93326363e+03 2.28317337e-01 5.02777251e+00]
Initial loss: 11060.630369981693
Iteration 100: Loss = 10659.091807176488
Iteration 200: Loss = 10224.436158389362
Iteration 300: Loss = 10224.436158389362
Iteration 400: Loss = 10224.436158389362
Iteration 500: Loss = 10224.436158389362
Iteration 600: Loss = 10224.436158389362
Iteration 700: Loss = 10224.436158389362
Iteration 800: Loss = 10224.436158389362
Iteration 900: Loss = 10224.436158389362
Iteration 1000: Loss = 10224.436158389362
Best loss: 10224.436158389362 | Parameters: [1.93373992e+03 1.84279706e-01 4.19735259e+00]
Initial loss: 11060.630369981693
Iteration 100: Loss = 10410.449920697294
Iteration 200: Loss = 10309.967307944331
Iteration 300: Loss = 10309.967307944331
Iteration 400: Loss = 10283.174710294861
Iteration 500: Loss = 10256.090856152678
Iteration 600: Loss = 10252.160662879165
Iteration 700: Loss = 10200.875801031834
Iteration 800: Loss = 10200.875801031834
Iteration 900: Loss = 10168.038095851663
Iteration 1000: Loss = 9856.0400387021
Best loss: 9856.0400387021 | Parameters: [1.93234547e+03 4.64087953e-01 9.28153034e+00]
Initial loss: 11060.630369981693
Iteration 100: Loss = 10284.950454566515
Iteration 200: Loss = 10205.96475337881
Iteration 300: Loss = 10205.96475337881
Iteration 400: Loss = 10205.96475337881
Iteration 500: Loss = 10205.96475337881
Iteration 600: Loss = 10205.96475337881
Iteration 700: Loss = 10205.96475337881
Iteration 800: Loss = 10205.96475337881
Iteration 900: Loss = 10205.96475337881
Iteration 1000: Loss = 10200.049555438387
Best loss: 10200.049555438387 | Parameters: [ 1.93318675e+03 -2.45754239e-01  5.36051257e+00]
Initial loss: 10855.981682278501
Iteration 100: Loss = 10403.667944929404
Iteration 200: Loss = 10293.385028216078
Iteration 300: Loss = 10267.363028309059
Iteration 400: Loss = 10252.672722243882
Iteration 500: Loss = 10228.738717949607
Iteration 600: Loss = 10226.899928495042
Iteration 700: Loss = 10226.016049507449
Iteration 800: Loss = 10222.597708808808
Iteration 900: Loss = 10219.116880902033
Iteration 1000: Loss = 10216.751325846595
Best loss: 10216.751325846595 | Parameters: [1.93404306e+03 1.79765405e-01 4.12956093e+00]
Initial loss: 10855.981682278501
Iteration 100: Loss = 10262.297186096923
Iteration 200: Loss = 10217.853545239348
Iteration 300: Loss = 10216.465399995153
Iteration 400: Loss = 10216.465399995153
Iteration 500: Loss = 10206.783720242453
Iteration 600: Loss = 10206.257488329971
Iteration 700: Loss = 10206.257488329971
Iteration 800: Loss = 10206.257488329971
Iteration 900: Loss = 10206.257488329971
Iteration 1000: Loss = 10204.65857352007
Best loss: 10204.65857352007 | Parameters: [1.93348801e+03 2.12242285e-01 4.76126097e+00]
Initial loss: 10855.981682278501
Iteration 100: Loss = 10219.622125498036
Iteration 200: Loss = 10219.071407706582
Iteration 300: Loss = 10219.071407706582
Iteration 400: Loss = 10209.433937274796
Iteration 500: Loss = 10209.433937274796
Iteration 600: Loss = 10209.433937274796
Iteration 700: Loss = 10209.433937274796
Iteration 800: Loss = 10207.927163425647
Iteration 900: Loss = 10202.371192699664
Iteration 1000: Loss = 10202.371192699664
Best loss: 10202.371192699664 | Parameters: [1.93341801e+03 2.28911394e-01 5.02323973e+00]
Initial loss: 10855.981682278501
Iteration 100: Loss = 10378.772253914407
Iteration 200: Loss = 10215.528602965313
Iteration 300: Loss = 10206.011979063898
Iteration 400: Loss = 10205.131043667834
Iteration 500: Loss = 10198.670844445931
Iteration 600: Loss = 10191.040416025402
Iteration 700: Loss = 10132.046513143134
Iteration 800: Loss = 10113.585322153935
Iteration 900: Loss = 10099.47841728418
Iteration 1000: Loss = 10004.171625652807
Best loss: 10004.171625652807 | Parameters: [ 1.93135788e+03 -4.15104237e-01  8.41304939e+00]
Initial loss: 10855.981682278501
Iteration 100: Loss = 10258.949388366123
Iteration 200: Loss = 10246.903601508573
Iteration 300: Loss = 10245.851868273172
Iteration 400: Loss = 10245.851868273172
Iteration 500: Loss = 10243.332921544124
Iteration 600: Loss = 10235.930328114782
Iteration 700: Loss = 10222.906117093748
Iteration 800: Loss = 10222.906117093748
Iteration 900: Loss = 10216.208537588904
Iteration 1000: Loss = 10216.208537588904
Best loss: 10216.208537588904 | Parameters: [ 1.93379141e+03 -2.03033736e-01  4.41816889e+00]
Initial loss: 10855.981682278501
Iteration 100: Loss = 10239.698621908294
Iteration 200: Loss = 10211.564504423388
Iteration 300: Loss = 10211.564504423388
Iteration 400: Loss = 10211.564504423388
Iteration 500: Loss = 10211.564504423388
Iteration 600: Loss = 10207.867384107014
Iteration 700: Loss = 10204.064435834844
Iteration 800: Loss = 10194.804001945813
Iteration 900: Loss = 10194.804001945813
Iteration 1000: Loss = 10194.804001945813
Best loss: 10194.804001945813 | Parameters: [1.93287920e+03 2.85374597e-01 5.88883709e+00]
Initial loss: 10855.981682278501
Iteration 100: Loss = 10298.050520603663
Iteration 200: Loss = 10264.980924179734
Iteration 300: Loss = 10227.31623086054
Iteration 400: Loss = 10214.098170262543
Iteration 500: Loss = 10214.098170262543
Iteration 600: Loss = 10205.768764338023
Iteration 700: Loss = 10205.768764338023
Iteration 800: Loss = 10205.768764338023
Iteration 900: Loss = 10205.768764338023
Iteration 1000: Loss = 10205.768764338023
Best loss: 10205.768764338023 | Parameters: [ 1.93363980e+03 -2.16492662e-01  4.79204485e+00]
Initial loss: 10855.981682278501
Iteration 100: Loss = 10269.322757681031
Iteration 200: Loss = 10221.96972652317
Iteration 300: Loss = 10213.872733520597
Iteration 400: Loss = 10211.449294332664
Iteration 500: Loss = 10211.449294332664
Iteration 600: Loss = 10206.438774393557
Iteration 700: Loss = 10206.438774393557
Iteration 800: Loss = 10206.438774393557
Iteration 900: Loss = 10206.438774393557
Iteration 1000: Loss = 10205.746363851385
Best loss: 10205.746363851385 | Parameters: [1.93364903e+03 2.07876975e-01 4.62805392e+00]
Initial loss: 10855.981682278501
Iteration 100: Loss = 10227.797283721628
Iteration 200: Loss = 10206.214773377898
Iteration 300: Loss = 10206.214773377898
Iteration 400: Loss = 10206.214773377898
Iteration 500: Loss = 10206.214773377898
Iteration 600: Loss = 10206.214773377898
Iteration 700: Loss = 10206.214773377898
Iteration 800: Loss = 10200.545861866549
Iteration 900: Loss = 10200.545861866549
Iteration 1000: Loss = 10200.545861866549
Best loss: 10200.545861866549 | Parameters: [1.93319157e+03 2.54195505e-01 5.42981942e+00]
Initial loss: 10855.981682278501
Iteration 100: Loss = 10424.203574064823
Iteration 200: Loss = 10303.58596112894
Iteration 300: Loss = 10274.259593415678
Iteration 400: Loss = 10274.259593415678
Iteration 500: Loss = 10261.610241232303
Iteration 600: Loss = 10261.610241232303
Iteration 700: Loss = 10252.11827035401
Iteration 800: Loss = 10240.341417066233
Iteration 900: Loss = 10240.341417066233
Iteration 1000: Loss = 10240.341417066233
Best loss: 10240.341417066233 | Parameters: [ 1.93416248e+03 -1.60902607e-01  3.76059430e+00]
Initial loss: 10855.981682278501
Iteration 100: Loss = 10233.47328860792
Iteration 200: Loss = 10219.119958444575
Iteration 300: Loss = 10213.252262111046
Iteration 400: Loss = 10206.416055206686
Iteration 500: Loss = 10206.416055206686
Iteration 600: Loss = 10206.416055206686
Iteration 700: Loss = 10204.452922746934
Iteration 800: Loss = 10204.452922746934
Iteration 900: Loss = 10199.147434955572
Iteration 1000: Loss = 10199.147434955572
Best loss: 10199.147434955572 | Parameters: [ 1.93307600e+03 -2.45676999e-01  5.31018501e+00]
Initial loss: 10855.981682278501
Iteration 100: Loss = 10303.950402218648
Iteration 200: Loss = 10273.154144015345
Iteration 300: Loss = 10228.637746309703
Iteration 400: Loss = 10212.858935548938
Iteration 500: Loss = 10212.858935548938
Iteration 600: Loss = 10212.858935548938
Iteration 700: Loss = 10210.651107828287
Iteration 800: Loss = 10207.790254225149
Iteration 900: Loss = 10197.3122153757
Iteration 1000: Loss = 10197.3122153757
Best loss: 10197.3122153757 | Parameters: [ 1.93292739e+03 -2.58076322e-01  5.50164053e+00]
Initial loss: 10855.981682278501
Iteration 100: Loss = 10348.407772433482
Iteration 200: Loss = 10313.428423189136
Iteration 300: Loss = 10260.53507158357
Iteration 400: Loss = 10260.53507158357
Iteration 500: Loss = 10260.53507158357
Iteration 600: Loss = 10260.53507158357
Iteration 700: Loss = 10260.53507158357
Iteration 800: Loss = 10258.053131340916
Iteration 900: Loss = 10213.761901411195
Iteration 1000: Loss = 10213.761901411195
Best loss: 10213.761901411195 | Parameters: [ 1.93378798e+03 -2.16549541e-01  4.68924029e+00]
Initial loss: 10855.981682278501
Iteration 100: Loss = 10317.541852827033
Iteration 200: Loss = 10260.489153600325
Iteration 300: Loss = 10260.489153600325
Iteration 400: Loss = 10260.489153600325
Iteration 500: Loss = 10219.798914631872
Iteration 600: Loss = 10219.798914631872
Iteration 700: Loss = 10184.112426968339
Iteration 800: Loss = 10169.065005905464
Iteration 900: Loss = 10141.67704945869
Iteration 1000: Loss = 9924.582854402905
Best loss: 9924.582854402905 | Parameters: [1.93176146e+03 4.68394384e-01 8.95811321e+00]
Initial loss: 10855.981682278501
Iteration 100: Loss = 10589.57199162133
Iteration 200: Loss = 10389.85961216694
Iteration 300: Loss = 10318.586619294287
Iteration 400: Loss = 10261.23477631956
Iteration 500: Loss = 10220.689493734952
Iteration 600: Loss = 10220.689493734952
Iteration 700: Loss = 10220.689493734952
Iteration 800: Loss = 10202.600302009738
Iteration 900: Loss = 10202.600302009738
Iteration 1000: Loss = 10202.600302009738
Best loss: 10202.600302009738 | Parameters: [ 1.93324796e+03 -2.42934594e-01  5.34242164e+00]
Initial loss: 10855.981682278501
Iteration 100: Loss = 10247.810677652993
Iteration 200: Loss = 10227.215048522268
Iteration 300: Loss = 10227.215048522268
Iteration 400: Loss = 10227.215048522268
Iteration 500: Loss = 10209.572342659685
Iteration 600: Loss = 10209.572342659685
Iteration 700: Loss = 10209.572342659685
Iteration 800: Loss = 10209.572342659685
Iteration 900: Loss = 10209.572342659685
Iteration 1000: Loss = 10209.572342659685
Best loss: 10209.572342659685 | Parameters: [ 1.93354803e+03 -2.06410121e-01  4.57522433e+00]
Initial loss: 10855.981682278501
Iteration 100: Loss = 10243.655764013489
Iteration 200: Loss = 10243.655764013489
Iteration 300: Loss = 10243.655764013489
Iteration 400: Loss = 10243.655764013489
Iteration 500: Loss = 10243.655764013489
Iteration 600: Loss = 10230.31282037864
Iteration 700: Loss = 10230.31282037864
Iteration 800: Loss = 10228.297344568255
Iteration 900: Loss = 10218.907513163924
Iteration 1000: Loss = 10218.787693697137
Best loss: 10218.787693697137 | Parameters: [ 1.93340668e+03 -2.01615447e-01  4.55453908e+00]
Initial loss: 10855.981682278501
Iteration 100: Loss = 10272.600057601381
Iteration 200: Loss = 10221.416718999844
Iteration 300: Loss = 10212.008181346984
Iteration 400: Loss = 10211.45880591011
Iteration 500: Loss = 10204.48210153588
Iteration 600: Loss = 10204.48210153588
Iteration 700: Loss = 10204.48210153588
Iteration 800: Loss = 10204.48210153588
Iteration 900: Loss = 10176.918934533998
Iteration 1000: Loss = 9842.604330906825
Best loss: 9842.604330906825 | Parameters: [1.93249030e+03 4.42519660e-01 9.70435989e+00]
Initial loss: 10855.981682278501
Iteration 100: Loss = 10220.497557272263
Iteration 200: Loss = 10220.497557272263
Iteration 300: Loss = 10220.497557272263
Iteration 400: Loss = 10203.883222891054
Iteration 500: Loss = 10201.125033534718
Iteration 600: Loss = 10201.125033534718
Iteration 700: Loss = 10201.125033534718
Iteration 800: Loss = 10201.125033534718
Iteration 900: Loss = 10201.125033534718
Iteration 1000: Loss = 10101.555419198312
Best loss: 10101.555419198312 | Parameters: [ 1.93254261e+03 -4.45209498e-01  8.04756351e+00]
Initial loss: 10855.981682278501
Iteration 100: Loss = 10284.666795953566
Iteration 200: Loss = 10252.964049656495
Iteration 300: Loss = 10252.964049656495
Iteration 400: Loss = 10218.907389728945
Iteration 500: Loss = 10218.907389728945
Iteration 600: Loss = 10204.219551823815
Iteration 700: Loss = 10204.219551823815
Iteration 800: Loss = 10204.219551823815
Iteration 900: Loss = 10204.219551823815
Iteration 1000: Loss = 10204.219551823815
Best loss: 10204.219551823815 | Parameters: [ 1.93345673e+03 -2.29045164e-01  5.05863039e+00]
Initial loss: 10855.981682278501
Iteration 100: Loss = 10326.62683450475
Iteration 200: Loss = 10227.905200322957
Iteration 300: Loss = 10208.548758038205
Iteration 400: Loss = 9571.03897865812
Iteration 500: Loss = 9174.291039670783
Iteration 600: Loss = 8881.45499420686
Iteration 700: Loss = 8546.262585371962
Iteration 800: Loss = 8408.284660130854
Iteration 900: Loss = 8364.733399411542
Iteration 1000: Loss = 8364.733399411542
Best loss: 8364.733399411542 | Parameters: [ 1.93331175e+03 -8.77193702e-01  1.77196348e+01]
Initial loss: 10855.981682278501
Iteration 100: Loss = 10210.913151919623
Iteration 200: Loss = 10210.913151919623
Iteration 300: Loss = 10207.16177308576
Iteration 400: Loss = 10207.16177308576
Iteration 500: Loss = 10207.16177308576
Iteration 600: Loss = 10207.16177308576
Iteration 700: Loss = 10207.16177308576
Iteration 800: Loss = 10207.16177308576
Iteration 900: Loss = 10200.61103090888
Iteration 1000: Loss = 10200.61103090888
Best loss: 10200.61103090888 | Parameters: [ 1.93300378e+03 -2.43921295e-01  5.36442997e+00]
Initial loss: 10855.981682278501
Iteration 100: Loss = 10243.936321117293
Iteration 200: Loss = 10243.297478426812
Iteration 300: Loss = 10243.297478426812
Iteration 400: Loss = 10210.540260277796
Iteration 500: Loss = 10183.516240594385
Iteration 600: Loss = 9547.542481295683
Iteration 700: Loss = 9096.480727005493
Iteration 800: Loss = 8573.744535366253
Iteration 900: Loss = 8328.380937158585
Iteration 1000: Loss = 8129.841658404342
Best loss: 8129.841658404342 | Parameters: [1.92958207e+03 1.01179147e+00 2.00496252e+01]
Initial loss: 10855.981682278501
Iteration 100: Loss = 10310.377456556918
Iteration 200: Loss = 10251.650692713158
Iteration 300: Loss = 10243.522430950205
Iteration 400: Loss = 10211.544217746037
Iteration 500: Loss = 10211.544217746037
Iteration 600: Loss = 10211.544217746037
Iteration 700: Loss = 10211.544217746037
Iteration 800: Loss = 10211.544217746037
Iteration 900: Loss = 10211.544217746037
Iteration 1000: Loss = 10193.981220653643
Best loss: 10193.981220653643 | Parameters: [1.93267828e+03 2.77168384e-01 5.79379613e+00]
Initial loss: 10855.981682278501
Iteration 100: Loss = 10441.988822163665
Iteration 200: Loss = 10256.738980850529
Iteration 300: Loss = 10256.738980850529
Iteration 400: Loss = 10220.495855473106
Iteration 500: Loss = 10198.924122408369
Iteration 600: Loss = 10005.41283238674
Iteration 700: Loss = 8789.88831785449
Iteration 800: Loss = 8541.429951919656
Iteration 900: Loss = 8428.121171397028
Iteration 1000: Loss = 8293.695228638075
Best loss: 8293.695228638075 | Parameters: [ 1.93233172e+03 -8.99393460e-01  1.83680217e+01]
Initial loss: 10855.981682278501
Iteration 100: Loss = 10263.168251587476
Iteration 200: Loss = 10259.111379052372
Iteration 300: Loss = 10259.111379052372
Iteration 400: Loss = 10228.942787043416
Iteration 500: Loss = 10094.377176397698
Iteration 600: Loss = 9828.55218806172
Iteration 700: Loss = 8669.90580109304
Iteration 800: Loss = 8281.965660088228
Iteration 900: Loss = 8218.462005550824
Iteration 1000: Loss = 8070.567473043077
Best loss: 8070.567473043077 | Parameters: [1.92897537e+03 1.17017957e+00 2.26226991e+01]
Initial loss: 10855.981682278501
Iteration 100: Loss = 10446.842853914677
Iteration 200: Loss = 10269.443778420895
Iteration 300: Loss = 10269.443778420895
Iteration 400: Loss = 10250.67784311261
Iteration 500: Loss = 10170.142862186569
Iteration 600: Loss = 10170.142862186569
Iteration 700: Loss = 9577.680032429611
Iteration 800: Loss = 8984.808618815718
Iteration 900: Loss = 8247.951810390274
Iteration 1000: Loss = 8089.165272943624
Best loss: 8089.165272943624 | Parameters: [1.92808902e+03 1.02859350e+00 2.15124986e+01]
Initial loss: 10855.981682278501
Iteration 100: Loss = 10241.929937520204
Iteration 200: Loss = 10226.475999108996
Iteration 300: Loss = 10215.206937996703
Iteration 400: Loss = 10215.206937996703
Iteration 500: Loss = 10201.88977033654
Iteration 600: Loss = 10201.88977033654
Iteration 700: Loss = 10201.88977033654
Iteration 800: Loss = 10200.973587153823
Iteration 900: Loss = 10192.260395498253
Iteration 1000: Loss = 10192.260395498253
Best loss: 10192.260395498253 | Parameters: [ 1.93289443e+03 -2.82201227e-01  5.93665102e+00]
Initial loss: 10855.981682278501
Iteration 100: Loss = 10308.46564831078
Iteration 200: Loss = 10308.46564831078
Iteration 300: Loss = 10272.219871387742
Iteration 400: Loss = 10272.219871387742
Iteration 500: Loss = 10212.652269226495
Iteration 600: Loss = 10212.652269226495
Iteration 700: Loss = 10212.652269226495
Iteration 800: Loss = 10212.652269226495
Iteration 900: Loss = 10212.652269226495
Iteration 1000: Loss = 10164.958124320783
Best loss: 10164.958124320783 | Parameters: [1.93271095e+03 3.41268157e-01 7.49852009e+00]
Initial loss: 10855.981682278501
Iteration 100: Loss = 10239.116974508612
Iteration 200: Loss = 10201.885849870976
Iteration 300: Loss = 10155.337735463587
Iteration 400: Loss = 10141.642702035077
Iteration 500: Loss = 10062.840360722033
Iteration 600: Loss = 9706.847748322529
Iteration 700: Loss = 8376.673189613388
Iteration 800: Loss = 8081.055084889787
Iteration 900: Loss = 8016.360482222718
Iteration 1000: Loss = 7940.10935411942
Best loss: 7940.10935411942 | Parameters: [ 1.92608161e+03 -1.20540438e+00  2.39163467e+01]
Initial loss: 10651.296198754046
Iteration 100: Loss = 10279.176326736722
Iteration 200: Loss = 10264.94282997097
Iteration 300: Loss = 10241.184050723445
Iteration 400: Loss = 10234.01654460735
Iteration 500: Loss = 10213.99802298864
Iteration 600: Loss = 10213.768680079907
Iteration 700: Loss = 10213.768680079907
Iteration 800: Loss = 10210.558072681662
Iteration 900: Loss = 10210.558072681662
Iteration 1000: Loss = 10210.558072681662
Best loss: 10210.558072681662 | Parameters: [1.93388696e+03 1.91277567e-01 4.37251769e+00]
Initial loss: 10651.296198754046
Iteration 100: Loss = 10284.88548991542
Iteration 200: Loss = 10227.638077048483
Iteration 300: Loss = 10227.638077048483
Iteration 400: Loss = 10222.58555388441
Iteration 500: Loss = 10215.448481893462
Iteration 600: Loss = 10213.454816018288
Iteration 700: Loss = 10209.622233101969
Iteration 800: Loss = 10208.389406455755
Iteration 900: Loss = 10208.389406455755
Iteration 1000: Loss = 10208.389406455755
Best loss: 10208.389406455755 | Parameters: [1.93370922e+03 2.02444109e-01 4.50418241e+00]
Initial loss: 10651.296198754046
Iteration 100: Loss = 10305.751450926338
Iteration 200: Loss = 10247.733941191442
Iteration 300: Loss = 10237.123029749968
Iteration 400: Loss = 10214.6123399682
Iteration 500: Loss = 10214.6123399682
Iteration 600: Loss = 10214.6123399682
Iteration 700: Loss = 10214.6123399682
Iteration 800: Loss = 10213.696525559653
Iteration 900: Loss = 10212.064740025597
Iteration 1000: Loss = 10212.064740025597
Best loss: 10212.064740025597 | Parameters: [1.93390420e+03 2.00069619e-01 4.53208920e+00]
Initial loss: 10651.296198754046
Iteration 100: Loss = 10271.797583654095
Iteration 200: Loss = 10252.67058954197
Iteration 300: Loss = 10218.175816558383
Iteration 400: Loss = 10213.585826076082
Iteration 500: Loss = 10207.281445861316
Iteration 600: Loss = 10207.281445861316
Iteration 700: Loss = 10206.304580378506
Iteration 800: Loss = 10200.53217019694
Iteration 900: Loss = 10199.535446740056
Iteration 1000: Loss = 10199.535446740056
Best loss: 10199.535446740056 | Parameters: [ 1.93305388e+03 -2.45984660e-01  5.39811272e+00]
Initial loss: 10651.296198754046
Iteration 100: Loss = 10298.18931919194
Iteration 200: Loss = 10248.039566997164
Iteration 300: Loss = 10215.159451626623
Iteration 400: Loss = 10215.159451626623
Iteration 500: Loss = 10215.159451626623
Iteration 600: Loss = 10215.159451626623
Iteration 700: Loss = 10213.327563541432
Iteration 800: Loss = 10213.327563541432
Iteration 900: Loss = 10213.327563541432
Iteration 1000: Loss = 10213.327563541432
Best loss: 10213.327563541432 | Parameters: [ 1.93391005e+03 -1.85847383e-01  4.24957126e+00]
Initial loss: 10651.296198754046
Iteration 100: Loss = 10236.746906189595
Iteration 200: Loss = 10216.231938416662
Iteration 300: Loss = 10213.113488455736
Iteration 400: Loss = 10213.113488455736
Iteration 500: Loss = 10206.646960563601
Iteration 600: Loss = 10206.646960563601
Iteration 700: Loss = 10204.770890271844
Iteration 800: Loss = 10199.419096168136
Iteration 900: Loss = 10195.917692034356
Iteration 1000: Loss = 10189.677223892637
Best loss: 10189.677223892637 | Parameters: [ 1.93261498e+03 -2.78902442e-01  5.93348143e+00]
Initial loss: 10651.296198754046
Iteration 100: Loss = 10577.015186056895
Iteration 200: Loss = 10330.53391229622
Iteration 300: Loss = 10330.53391229622
Iteration 400: Loss = 10330.53391229622
Iteration 500: Loss = 10330.53391229622
Iteration 600: Loss = 10318.957604959736
Iteration 700: Loss = 10264.005580138448
Iteration 800: Loss = 10264.005580138448
Iteration 900: Loss = 10221.61293826027
Iteration 1000: Loss = 10218.888626984604
Best loss: 10218.888626984604 | Parameters: [ 1.93405637e+03 -1.98664850e-01  4.41097787e+00]
Initial loss: 10651.296198754046
Iteration 100: Loss = 10296.293578102452
Iteration 200: Loss = 10268.46822243894
Iteration 300: Loss = 10235.251801270239
Iteration 400: Loss = 10235.251801270239
Iteration 500: Loss = 10235.251801270239
Iteration 600: Loss = 10235.251801270239
Iteration 700: Loss = 10211.08544891216
Iteration 800: Loss = 10211.08544891216
Iteration 900: Loss = 10207.525774835456
Iteration 1000: Loss = 10191.327331622411
Best loss: 10191.327331622411 | Parameters: [ 1.93261759e+03 -2.89004214e-01  5.95386109e+00]
Initial loss: 10651.296198754046
Iteration 100: Loss = 10416.54324235006
Iteration 200: Loss = 10416.54324235006
Iteration 300: Loss = 10248.859353145866
Iteration 400: Loss = 10248.859353145866
Iteration 500: Loss = 10248.859353145866
Iteration 600: Loss = 10233.735586453393
Iteration 700: Loss = 10227.200235375822
Iteration 800: Loss = 10227.200235375822
Iteration 900: Loss = 10227.200235375822
Iteration 1000: Loss = 10223.252623000555
Best loss: 10223.252623000555 | Parameters: [1.93414987e+03 1.91019812e-01 4.22714527e+00]
Initial loss: 10651.296198754046
Iteration 100: Loss = 10286.678103729302
Iteration 200: Loss = 10232.487767973707
Iteration 300: Loss = 10232.487767973707
Iteration 400: Loss = 10232.487767973707
Iteration 500: Loss = 10232.487767973707
Iteration 600: Loss = 10232.487767973707
Iteration 700: Loss = 10232.487767973707
Iteration 800: Loss = 10219.368543107073
Iteration 900: Loss = 10205.061556855633
Iteration 1000: Loss = 10205.061556855633
Best loss: 10205.061556855633 | Parameters: [ 1.93346425e+03 -2.33595075e-01  5.03856969e+00]
Initial loss: 10651.296198754046
Iteration 100: Loss = 10262.804001654273
Iteration 200: Loss = 10258.81915284239
Iteration 300: Loss = 10246.293590358573
Iteration 400: Loss = 10229.68578196326
Iteration 500: Loss = 10206.11136981799
Iteration 600: Loss = 10206.11136981799
Iteration 700: Loss = 10200.515417918568
Iteration 800: Loss = 10200.515417918568
Iteration 900: Loss = 10200.515417918568
Iteration 1000: Loss = 10197.127374473303
Best loss: 10197.127374473303 | Parameters: [ 1.93290381e+03 -2.95041716e-01  6.00775835e+00]
Initial loss: 10651.296198754046
Iteration 100: Loss = 10291.183027005265
Iteration 200: Loss = 10272.388945289675
Iteration 300: Loss = 10221.918227147416
Iteration 400: Loss = 10207.358145132193
Iteration 500: Loss = 10207.358145132193
Iteration 600: Loss = 10200.09664549405
Iteration 700: Loss = 10200.09664549405
Iteration 800: Loss = 10193.82080082971
Iteration 900: Loss = 10151.989527378035
Iteration 1000: Loss = 9958.643304168118
Best loss: 9958.643304168118 | Parameters: [ 1.93200038e+03 -4.41020412e-01  8.66858852e+00]
Initial loss: 10651.296198754046
Iteration 100: Loss = 10400.875321907266
Iteration 200: Loss = 10220.199725333714
Iteration 300: Loss = 10220.199725333714
Iteration 400: Loss = 10201.017868510296
Iteration 500: Loss = 10201.017868510296
Iteration 600: Loss = 10201.017868510296
Iteration 700: Loss = 10201.017868510296
Iteration 800: Loss = 10201.017868510296
Iteration 900: Loss = 10201.017868510296
Iteration 1000: Loss = 10201.017868510296
Best loss: 10201.017868510296 | Parameters: [1.93330548e+03 2.36960594e-01 5.15228513e+00]
Initial loss: 10651.296198754046
Iteration 100: Loss = 10205.655312429479
Iteration 200: Loss = 10199.26532658371
Iteration 300: Loss = 10184.828241594954
Iteration 400: Loss = 10162.947713103365
Iteration 500: Loss = 10017.940829886767
Iteration 600: Loss = 9870.088902139407
Iteration 700: Loss = 9087.579181684667
Iteration 800: Loss = 8446.368331911597
Iteration 900: Loss = 8329.438481334004
Iteration 1000: Loss = 8327.516926157467
Best loss: 8327.516926157467 | Parameters: [ 1.93238768e+03 -8.59851616e-01  1.78607807e+01]
Initial loss: 10651.296198754046
Iteration 100: Loss = 10210.526146007976
Iteration 200: Loss = 10210.526146007976
Iteration 300: Loss = 10210.526146007976
Iteration 400: Loss = 10210.526146007976
Iteration 500: Loss = 10191.432269564359
Iteration 600: Loss = 10187.929771091094
Iteration 700: Loss = 10179.061990086577
Iteration 800: Loss = 9926.6009752309
Iteration 900: Loss = 9282.932532024175
Iteration 1000: Loss = 9107.846887213573
Best loss: 9107.846887213573 | Parameters: [1.92998605e+03 6.43341702e-01 1.33664819e+01]
Initial loss: 10651.296198754046
Iteration 100: Loss = 10294.524141818556
Iteration 200: Loss = 10213.408849792351
Iteration 300: Loss = 10213.408849792351
Iteration 400: Loss = 10213.408849792351
Iteration 500: Loss = 10213.408849792351
Iteration 600: Loss = 10213.408849792351
Iteration 700: Loss = 10213.408849792351
Iteration 800: Loss = 10213.408849792351
Iteration 900: Loss = 10213.408849792351
Iteration 1000: Loss = 10211.800823734999
Best loss: 10211.800823734999 | Parameters: [ 1.93318050e+03 -2.24245780e-01  4.88341733e+00]
Initial loss: 10651.296198754046
Iteration 100: Loss = 10238.108028670182
Iteration 200: Loss = 10219.56073102761
Iteration 300: Loss = 10219.56073102761
Iteration 400: Loss = 10214.283613242907
Iteration 500: Loss = 10214.283613242907
Iteration 600: Loss = 10106.184452314403
Iteration 700: Loss = 9077.574755200323
Iteration 800: Loss = 8344.784857274095
Iteration 900: Loss = 8180.909816056606
Iteration 1000: Loss = 8056.384358998439
Best loss: 8056.384358998439 | Parameters: [1.92661136e+03 1.03880360e+00 2.11852222e+01]
Initial loss: 10651.296198754046
Iteration 100: Loss = 10295.148558036608
Iteration 200: Loss = 10295.148558036608
Iteration 300: Loss = 10233.940604589856
Iteration 400: Loss = 10233.940604589856
Iteration 500: Loss = 10233.940604589856
Iteration 600: Loss = 10215.489253663174
Iteration 700: Loss = 10215.489253663174
Iteration 800: Loss = 10213.290620728538
Iteration 900: Loss = 10213.290620728538
Iteration 1000: Loss = 10213.290620728538
Best loss: 10213.290620728538 | Parameters: [ 1.93388677e+03 -2.07748761e-01  4.60753594e+00]
Initial loss: 10651.296198754046
Iteration 100: Loss = 10402.76766650681
Iteration 200: Loss = 10331.32666540084
Iteration 300: Loss = 10320.841754205045
Iteration 400: Loss = 10286.810826212024
Iteration 500: Loss = 10242.953868354714
Iteration 600: Loss = 10242.953868354714
Iteration 700: Loss = 10242.953868354714
Iteration 800: Loss = 10242.953868354714
Iteration 900: Loss = 10148.143284120919
Iteration 1000: Loss = 10056.302479453265
Best loss: 10056.302479453265 | Parameters: [ 1.93210049e+03 -4.07380356e-01  7.96283960e+00]
Initial loss: 10651.296198754046
Iteration 100: Loss = 10219.276934917321
Iteration 200: Loss = 10219.276934917321
Iteration 300: Loss = 10213.203147473107
Iteration 400: Loss = 10196.663791327392
Iteration 500: Loss = 10189.066943023197
Iteration 600: Loss = 10004.987126095046
Iteration 700: Loss = 8841.907664507551
Iteration 800: Loss = 8728.82215670642
Iteration 900: Loss = 8606.69505844285
Iteration 1000: Loss = 8483.221829697868
Best loss: 8483.221829697868 | Parameters: [ 1.93519863e+03 -8.76926460e-01  1.78859828e+01]
Initial loss: 10651.296198754046
Iteration 100: Loss = 10441.208693621376
Iteration 200: Loss = 10271.36850086642
Iteration 300: Loss = 10224.023887000747
Iteration 400: Loss = 10223.733070514547
Iteration 500: Loss = 10223.258966694078
Iteration 600: Loss = 10223.258966694078
Iteration 700: Loss = 10203.61003038666
Iteration 800: Loss = 10203.61003038666
Iteration 900: Loss = 10199.904653522239
Iteration 1000: Loss = 10197.942153649923
Best loss: 10197.942153649923 | Parameters: [ 1.93259680e+03 -2.66700261e-01  5.75281168e+00]
Initial loss: 10651.296198754046
Iteration 100: Loss = 10253.239584193947
Iteration 200: Loss = 10253.239584193947
Iteration 300: Loss = 10227.186304724477
Iteration 400: Loss = 10215.183604075783
Iteration 500: Loss = 10152.580604512752
Iteration 600: Loss = 9803.220492222676
Iteration 700: Loss = 9335.356964486899
Iteration 800: Loss = 8739.945252945243
Iteration 900: Loss = 8380.93075284031
Iteration 1000: Loss = 8360.440335053749
Best loss: 8360.440335053749 | Parameters: [ 1.93269160e+03 -8.49272056e-01  1.73546295e+01]
Initial loss: 10651.296198754046
Iteration 100: Loss = 10359.032280447602
Iteration 200: Loss = 10209.957070044575
Iteration 300: Loss = 10205.562534645143
Iteration 400: Loss = 9831.883947780954
Iteration 500: Loss = 9000.353488387236
Iteration 600: Loss = 8433.07274671078
Iteration 700: Loss = 8405.711426299202
Iteration 800: Loss = 8358.323381247845
Iteration 900: Loss = 8278.663637263267
Iteration 1000: Loss = 8205.173994322795
Best loss: 8205.173994322795 | Parameters: [ 1.93078759e+03 -9.47611966e-01  1.90271902e+01]
Initial loss: 10651.296198754046
Iteration 100: Loss = 10319.699123252785
Iteration 200: Loss = 10232.616291685004
Iteration 300: Loss = 10231.759511677452
Iteration 400: Loss = 10217.307758195553
Iteration 500: Loss = 10169.874749968394
Iteration 600: Loss = 10076.786990639954
Iteration 700: Loss = 8910.21898191338
Iteration 800: Loss = 8458.258236336278
Iteration 900: Loss = 8398.054371515878
Iteration 1000: Loss = 8365.967261496357
Best loss: 8365.967261496357 | Parameters: [1.93273337e+03 8.50205466e-01 1.72837009e+01]
Initial loss: 10651.296198754046
Iteration 100: Loss = 10315.485026059065
Iteration 200: Loss = 10229.245993033053
Iteration 300: Loss = 10229.245993033053
Iteration 400: Loss = 10229.245993033053
Iteration 500: Loss = 10222.56719629999
Iteration 600: Loss = 10222.56719629999
Iteration 700: Loss = 9950.996060547492
Iteration 800: Loss = 8945.119951237604
Iteration 900: Loss = 8945.119951237604
Iteration 1000: Loss = 8509.10608553171
Best loss: 8509.10608553171 | Parameters: [1.93484729e+03 7.89026273e-01 1.63904892e+01]
Initial loss: 10651.296198754046
Iteration 100: Loss = 10530.540074015234
Iteration 200: Loss = 10150.07869252388
Iteration 300: Loss = 9769.098043370028
Iteration 400: Loss = 8890.29141677282
Iteration 500: Loss = 8533.802481928195
Iteration 600: Loss = 8371.212462174419
Iteration 700: Loss = 8129.373089501788
Iteration 800: Loss = 7977.776073609999
Iteration 900: Loss = 7977.776073609999
Iteration 1000: Loss = 7918.9661731609895
Best loss: 7918.9661731609895 | Parameters: [1.92522568e+03 1.30046127e+00 2.44259317e+01]
Initial loss: 10651.296198754046
Iteration 100: Loss = 10651.296198754046
Iteration 200: Loss = 10226.532418136034
Iteration 300: Loss = 10212.666913857833
Iteration 400: Loss = 10204.166835978069
Iteration 500: Loss = 10204.166835978069
Iteration 600: Loss = 10204.166835978069
Iteration 700: Loss = 10204.166835978069
Iteration 800: Loss = 10204.166835978069
Iteration 900: Loss = 10204.166835978069
Iteration 1000: Loss = 10204.166835978069
Best loss: 10204.166835978069 | Parameters: [1.93282412e+03 2.56148278e-01 5.41580124e+00]
Initial loss: 10651.296198754046
Iteration 100: Loss = 10187.459261174563
Iteration 200: Loss = 10176.30794878773
Iteration 300: Loss = 8968.59342924839
Iteration 400: Loss = 8450.97584923511
Iteration 500: Loss = 8285.084991569303
Iteration 600: Loss = 8127.464850106701
Iteration 700: Loss = 8078.323400470748
Iteration 800: Loss = 8026.02750678329
Iteration 900: Loss = 8023.126032595828
Iteration 1000: Loss = 7946.474782510724
Best loss: 7946.474782510724 | Parameters: [ 1.92637471e+03 -1.26671672e+00  2.46832508e+01]
Initial loss: 10651.296198754046
Iteration 100: Loss = 10424.992980425663
Iteration 200: Loss = 10292.700525822613
Iteration 300: Loss = 10292.700525822613
Iteration 400: Loss = 10292.700525822613
Iteration 500: Loss = 10260.136972761413
Iteration 600: Loss = 10260.136972761413
Iteration 700: Loss = 10260.136972761413
Iteration 800: Loss = 10260.136972761413
Iteration 900: Loss = 10260.136972761413
Iteration 1000: Loss = 10260.136972761413
Best loss: 10260.136972761413 | Parameters: [ 1.93460253e+03 -1.49783038e-01  3.46023509e+00]
Initial loss: 10651.296198754046
Iteration 100: Loss = 10247.497589850964
Iteration 200: Loss = 10216.731858218716
Iteration 300: Loss = 10216.731858218716
Iteration 400: Loss = 10216.731858218716
Iteration 500: Loss = 10216.731858218716
Iteration 600: Loss = 10216.731858218716
Iteration 700: Loss = 10216.731858218716
Iteration 800: Loss = 10187.574068797756
Iteration 900: Loss = 10187.574068797756
Iteration 1000: Loss = 9409.581151816665
Best loss: 9409.581151816665 | Parameters: [ 1.93185995e+03 -6.86937011e-01  1.20801924e+01]
Initial loss: 10499.374678131373
Iteration 100: Loss = 10351.328861550217
Iteration 200: Loss = 10257.241489682461
Iteration 300: Loss = 10226.578797396249
Iteration 400: Loss = 10222.635080328688
Iteration 500: Loss = 10219.986268283175
Iteration 600: Loss = 10216.502618461896
Iteration 700: Loss = 10212.299720986506
Iteration 800: Loss = 10212.00032111542
Iteration 900: Loss = 10210.218790299949
Iteration 1000: Loss = 10208.821439872028
Best loss: 10208.821439872028 | Parameters: [1.93380092e+03 1.95464138e-01 4.45349509e+00]
Initial loss: 10499.374678131373
Iteration 100: Loss = 10268.671550130606
Iteration 200: Loss = 10231.234292049043
Iteration 300: Loss = 10210.094933391194
Iteration 400: Loss = 10208.959124519017
Iteration 500: Loss = 10208.959124519017
Iteration 600: Loss = 10208.959124519017
Iteration 700: Loss = 10208.959124519017
Iteration 800: Loss = 10208.959124519017
Iteration 900: Loss = 10208.881605471417
Iteration 1000: Loss = 10208.881605471417
Best loss: 10208.881605471417 | Parameters: [ 1.93378689e+03 -1.95857387e-01  4.47547386e+00]
Initial loss: 10499.374678131373
Iteration 100: Loss = 10215.699342828608
Iteration 200: Loss = 10215.228396178994
Iteration 300: Loss = 10209.825432764139
Iteration 400: Loss = 10208.30104899233
Iteration 500: Loss = 10208.30104899233
Iteration 600: Loss = 10208.30104899233
Iteration 700: Loss = 10207.512888986665
Iteration 800: Loss = 10207.230396700745
Iteration 900: Loss = 10207.230396700745
Iteration 1000: Loss = 10204.417121657647
Best loss: 10204.417121657647 | Parameters: [1.93332166e+03 2.20927177e-01 4.95896595e+00]
Initial loss: 10499.374678131373
Iteration 100: Loss = 10313.205546938365
Iteration 200: Loss = 10216.1590328998
Iteration 300: Loss = 10216.1590328998
Iteration 400: Loss = 10216.1590328998
Iteration 500: Loss = 10213.973062662755
Iteration 600: Loss = 10209.280140009547
Iteration 700: Loss = 10202.439220706046
Iteration 800: Loss = 10202.439220706046
Iteration 900: Loss = 10202.439220706046
Iteration 1000: Loss = 10202.439220706046
Best loss: 10202.439220706046 | Parameters: [1.93340765e+03 2.29754054e-01 5.05308392e+00]
Initial loss: 10499.374678131373
Iteration 100: Loss = 10222.285546301002
Iteration 200: Loss = 10208.220880183979
Iteration 300: Loss = 10205.202410113
Iteration 400: Loss = 10204.858465477917
Iteration 500: Loss = 10204.858465477917
Iteration 600: Loss = 10204.858465477917
Iteration 700: Loss = 10202.896880645632
Iteration 800: Loss = 10202.896880645632
Iteration 900: Loss = 10202.896880645632
Iteration 1000: Loss = 10200.347978688065
Best loss: 10200.347978688065 | Parameters: [ 1.93291240e+03 -2.50196585e-01  5.50660095e+00]
