Initial loss: 40194.75626336267
Iteration 10000: T=9.0001, Loss=35203.79104500159
Iteration 20000: T=8.0001, Loss=35208.13867578456
Iteration 30000: T=7.0001, Loss=35221.385745039515
Iteration 40000: T=6.0001, Loss=35205.047613159666
Iteration 50000: T=5.000100000000001, Loss=35214.57066978189
Iteration 60000: T=4.0001, Loss=35208.1278168036
Iteration 70000: T=3.0000999999999998, Loss=35204.83864377957
Iteration 80000: T=2.0001, Loss=35201.0304813249
Iteration 90000: T=1.0001000000000004, Loss=35203.51713114861
Iteration 100000: T=9.99999999995449e-05, Loss=35200.83438739815
Tuning complete. MSE at tuned parameters: 35200.83438739815
Initial loss: 35279.87008082609
Iteration 10000: T=9.333400000000001, Loss=35227.11650142499
Iteration 20000: T=8.666733333333333, Loss=35232.00001297896
Iteration 30000: T=8.000066666666667, Loss=35208.653746784126
Iteration 40000: T=7.3334, Loss=35210.87804604947
Iteration 50000: T=6.666733333333333, Loss=35216.50400922539
Iteration 60000: T=6.000066666666667, Loss=35209.91166084357
Iteration 70000: T=5.333399999999999, Loss=35212.15525241371
Iteration 80000: T=4.666733333333334, Loss=35206.72880435987
Iteration 90000: T=4.000066666666666, Loss=35212.12302561445
Iteration 100000: T=3.3333999999999997, Loss=35208.961272512264
Iteration 110000: T=2.666733333333333, Loss=35209.85189010312
Iteration 120000: T=2.0000666666666667, Loss=35206.32383861456
Iteration 130000: T=1.3334000000000001, Loss=35202.568648381864
Iteration 140000: T=0.6667333333333336, Loss=35204.09994088157
Iteration 150000: T=6.666666666710341e-05, Loss=35197.661525398675
Initial loss: 38423.593946668596
Iteration 10000: T=9.333400000000001, Loss=35214.08305457363
Iteration 20000: T=8.666733333333333, Loss=35209.33800781337
Iteration 30000: T=8.000066666666667, Loss=35191.02625606528
Iteration 40000: T=7.3334, Loss=35184.171297875386
Iteration 50000: T=6.666733333333333, Loss=35183.793081436495
Iteration 60000: T=6.000066666666667, Loss=35187.475106317106
Iteration 70000: T=5.333399999999999, Loss=35194.59749534703
Iteration 80000: T=4.666733333333334, Loss=35189.11492440367
Iteration 90000: T=4.000066666666666, Loss=35184.84251986843
Iteration 100000: T=3.3333999999999997, Loss=35183.89138089488
Iteration 110000: T=2.666733333333333, Loss=35183.01721654017
Iteration 120000: T=2.0000666666666667, Loss=35177.11301346878
Iteration 130000: T=1.3334000000000001, Loss=35175.497737094825
Iteration 140000: T=0.6667333333333336, Loss=35175.021376245204
Iteration 150000: T=6.666666666710341e-05, Loss=35173.61712788277
Initial loss: 79112.09143245182
Iteration 10000: T=9.333400000000001, Loss=35217.728485318694
Iteration 20000: T=8.666733333333333, Loss=35204.79420150783
Iteration 30000: T=8.000066666666667, Loss=35212.612214513356
Iteration 40000: T=7.3334, Loss=35217.51139549762
Iteration 50000: T=6.666733333333333, Loss=35199.595751142624
Iteration 60000: T=6.000066666666667, Loss=35197.6486898436
Iteration 70000: T=5.333399999999999, Loss=35191.20741165253
Iteration 80000: T=4.666733333333334, Loss=35194.61604297246
Iteration 90000: T=4.000066666666666, Loss=35220.674390995606
Iteration 100000: T=3.3333999999999997, Loss=35201.88540975391
Iteration 110000: T=2.666733333333333, Loss=35204.35773496624
Iteration 120000: T=2.0000666666666667, Loss=35193.75001373341
Iteration 130000: T=1.3334000000000001, Loss=35190.84147386563
Iteration 140000: T=0.6667333333333336, Loss=35185.67162227594
Iteration 150000: T=6.666666666710341e-05, Loss=35178.24878016192
Initial loss: 39778.33864935132
Iteration 10000: T=9.333400000000001, Loss=35223.696716224236
Iteration 20000: T=8.666733333333333, Loss=35210.08649530696
Iteration 30000: T=8.000066666666667, Loss=35209.496427370315
Iteration 40000: T=7.3334, Loss=35204.480667691605
Iteration 50000: T=6.666733333333333, Loss=35228.226906803044
Iteration 60000: T=6.000066666666667, Loss=35212.83617740006
Iteration 70000: T=5.333399999999999, Loss=35209.9112411594
Iteration 80000: T=4.666733333333334, Loss=35200.8603133269
Iteration 90000: T=4.000066666666666, Loss=35213.9770790997
Iteration 100000: T=3.3333999999999997, Loss=35205.5707350573
Iteration 110000: T=2.666733333333333, Loss=35206.88586114703
Iteration 120000: T=2.0000666666666667, Loss=35192.85919072052
Iteration 130000: T=1.3334000000000001, Loss=35185.77199868538
Iteration 140000: T=0.6667333333333336, Loss=35182.78147058339
Iteration 150000: T=6.666666666710341e-05, Loss=35174.911256199535
Initial loss: 44538.25532103316
Iteration 10000: T=9.333400000000001, Loss=35202.49295364168
Iteration 20000: T=8.666733333333333, Loss=35199.964662636754
Iteration 30000: T=8.000066666666667, Loss=35200.18161024986
Iteration 40000: T=7.3334, Loss=35211.92851176025
Iteration 50000: T=6.666733333333333, Loss=35219.193683471225
Iteration 60000: T=6.000066666666667, Loss=35208.876317899536
Iteration 70000: T=5.333399999999999, Loss=35201.95597495388
Iteration 80000: T=4.666733333333334, Loss=35200.09827086022
Iteration 90000: T=4.000066666666666, Loss=35204.77714904283
Iteration 100000: T=3.3333999999999997, Loss=35202.89176432436
Iteration 110000: T=2.666733333333333, Loss=35202.89601775134
Iteration 120000: T=2.0000666666666667, Loss=35202.94405165797
Iteration 130000: T=1.3334000000000001, Loss=35198.418230395844
Iteration 140000: T=0.6667333333333336, Loss=35197.317593335705
Iteration 150000: T=6.666666666710341e-05, Loss=35193.72924348435
Center of mass parameters: [ 1.80912930e+03  4.45244918e-01  5.68850293e+00  1.82226416e+03
  5.73801518e-01  4.64722300e+00  1.83299964e+03  2.26657917e+00
  3.29432825e+00  1.84314050e+03  4.18997129e-01  5.13096492e+00
  1.85463616e+03  2.35697328e-01  5.23645640e+00  1.86733947e+03
  9.00795707e-02  4.72280887e+00  1.87762815e+03  1.48859854e+00
  5.27564823e+00  1.88908086e+03  1.62637475e-01  4.16367514e+00
  1.90223195e+03 -4.42262864e-02  4.68726131e+00  1.91295104e+03
  9.86505177e-01  5.38270730e+00]
Final MSE: 35191.08134351406
R² = 0.16
Initial loss: 40194.75626336267
Iteration 10000: T=9.0001, Loss=35205.136073098205
Iteration 20000: T=8.0001, Loss=35203.00262910504
Iteration 30000: T=7.0001, Loss=35209.19703272414
Iteration 40000: T=6.0001, Loss=35202.46703948252
Iteration 50000: T=5.000100000000001, Loss=35199.30774128917
Iteration 60000: T=4.0001, Loss=35194.35968246793
Iteration 70000: T=3.0000999999999998, Loss=35191.746677196425
Iteration 80000: T=2.0001, Loss=35196.50479814305
Iteration 90000: T=1.0001000000000004, Loss=35195.70720166312
Iteration 100000: T=9.99999999995449e-05, Loss=35193.474496059025
Tuning complete. MSE at tuned parameters: 35193.474496059025
Initial loss: 45685.48062361858
Iteration 10000: T=9.333400000000001, Loss=35205.3389167972
Iteration 20000: T=8.666733333333333, Loss=35205.756497492126
Iteration 30000: T=8.000066666666667, Loss=35198.672517966945
Iteration 40000: T=7.3334, Loss=35201.65256373508
Iteration 50000: T=6.666733333333333, Loss=35195.29744529781
Iteration 60000: T=6.000066666666667, Loss=35200.33123698539
Iteration 70000: T=5.333399999999999, Loss=35200.13210487293
Iteration 80000: T=4.666733333333334, Loss=35206.73958909477
Iteration 90000: T=4.000066666666666, Loss=35197.08883533833
Iteration 100000: T=3.3333999999999997, Loss=35204.20312946788
Iteration 110000: T=2.666733333333333, Loss=35201.9852220611
Iteration 120000: T=2.0000666666666667, Loss=35198.82745791613
Iteration 130000: T=1.3334000000000001, Loss=35198.753372134204
Iteration 140000: T=0.6667333333333336, Loss=35196.80895496239
Iteration 150000: T=6.666666666710341e-05, Loss=35194.366952533404
Initial loss: 37503.85980872288
Iteration 10000: T=9.333400000000001, Loss=35196.25109152378
Iteration 20000: T=8.666733333333333, Loss=35189.51295918992
Iteration 30000: T=8.000066666666667, Loss=35189.835992218206
Iteration 40000: T=7.3334, Loss=35186.90768148547
Iteration 50000: T=6.666733333333333, Loss=35186.06526296891
Iteration 60000: T=6.000066666666667, Loss=35200.10197159598
Iteration 70000: T=5.333399999999999, Loss=35194.46717474245
Iteration 80000: T=4.666733333333334, Loss=35188.11582379153
Iteration 90000: T=4.000066666666666, Loss=35188.25415719538
Iteration 100000: T=3.3333999999999997, Loss=35197.73430076
Iteration 110000: T=2.666733333333333, Loss=35187.66478271451
Iteration 120000: T=2.0000666666666667, Loss=35184.226133696015
Iteration 130000: T=1.3334000000000001, Loss=35183.910368119235
Iteration 140000: T=0.6667333333333336, Loss=35182.317780367826
Iteration 150000: T=6.666666666710341e-05, Loss=35178.555021641834
Initial loss: 41940.40761641821
Iteration 10000: T=9.333400000000001, Loss=35201.2797073651
Iteration 20000: T=8.666733333333333, Loss=35222.390921555234
Iteration 30000: T=8.000066666666667, Loss=35203.32433830059
Iteration 40000: T=7.3334, Loss=35202.44057095199
Iteration 50000: T=6.666733333333333, Loss=35199.126743814355
Iteration 60000: T=6.000066666666667, Loss=35199.97856381368
Iteration 70000: T=5.333399999999999, Loss=35202.747223199665
Iteration 80000: T=4.666733333333334, Loss=35197.12286969275
Iteration 90000: T=4.000066666666666, Loss=35213.64772421432
Iteration 100000: T=3.3333999999999997, Loss=35198.41746296462
Iteration 110000: T=2.666733333333333, Loss=35196.701227726415
Iteration 120000: T=2.0000666666666667, Loss=35193.819156158264
Iteration 130000: T=1.3334000000000001, Loss=35191.62852263656
Iteration 140000: T=0.6667333333333336, Loss=35189.62792638806
Iteration 150000: T=6.666666666710341e-05, Loss=35188.013519089734
Initial loss: 35391.33642448159
Iteration 10000: T=9.333400000000001, Loss=35200.13721502993
Iteration 20000: T=8.666733333333333, Loss=35186.58681053038
Iteration 30000: T=8.000066666666667, Loss=35197.52430819238
Iteration 40000: T=7.3334, Loss=35195.57655470176
Iteration 50000: T=6.666733333333333, Loss=35189.84326118565
Iteration 60000: T=6.000066666666667, Loss=35194.31502982965
Iteration 70000: T=5.333399999999999, Loss=35202.94310426117
Iteration 80000: T=4.666733333333334, Loss=35201.43213964225
Iteration 90000: T=4.000066666666666, Loss=35199.20851275478
Iteration 100000: T=3.3333999999999997, Loss=35188.97522030206
Iteration 110000: T=2.666733333333333, Loss=35188.31765031954
Iteration 120000: T=2.0000666666666667, Loss=35188.46385153428
Iteration 130000: T=1.3334000000000001, Loss=35189.09725715657
Iteration 140000: T=0.6667333333333336, Loss=35185.428092316564
Iteration 150000: T=6.666666666710341e-05, Loss=35184.184383300795
Initial loss: 35312.65395630109
Iteration 10000: T=9.333400000000001, Loss=35199.568782170034
Iteration 20000: T=8.666733333333333, Loss=35189.03021222197
Iteration 30000: T=8.000066666666667, Loss=35197.98063904356
Iteration 40000: T=7.3334, Loss=35184.93623633746
Iteration 50000: T=6.666733333333333, Loss=35194.09725026315
Iteration 60000: T=6.000066666666667, Loss=35183.3024365209
Iteration 70000: T=5.333399999999999, Loss=35193.90564756529
Iteration 80000: T=4.666733333333334, Loss=35187.73075046066
Iteration 90000: T=4.000066666666666, Loss=35187.659495468695
Iteration 100000: T=3.3333999999999997, Loss=35192.55905083421
Iteration 110000: T=2.666733333333333, Loss=35189.3327573744
Iteration 120000: T=2.0000666666666667, Loss=35181.68995847503
Iteration 130000: T=1.3334000000000001, Loss=35178.25074352253
Iteration 140000: T=0.6667333333333336, Loss=35180.40361100097
Iteration 150000: T=6.666666666710341e-05, Loss=35176.91236092702
Center of mass parameters: [ 1.81041721e+03  1.03689829e+00  5.72359686e+00  1.82168872e+03
  9.93858752e-01  4.33214038e+00  1.83329181e+03 -5.92698874e-01
  4.48215260e+00  1.84260031e+03  7.03464437e-01  4.70440063e+00
  1.85534632e+03  2.09737295e-01  4.67959353e+00  1.86796377e+03
  1.82856306e+00  6.07052479e+00  1.87882559e+03  2.65715305e-01
  4.91930846e+00  1.89012516e+03  6.41476458e-01  4.15752244e+00
  1.90129692e+03  1.05523634e+00  5.17079347e+00  1.91178185e+03
  2.18073638e-01  4.56201208e+00]
Final MSE: 35187.229454544635
R² = 0.42
Initial loss: 40194.75626336267
Iteration 10000: T=9.0001, Loss=35202.74324389454
Iteration 20000: T=8.0001, Loss=35197.32021275933
Iteration 30000: T=7.0001, Loss=35199.95981603673
Iteration 40000: T=6.0001, Loss=35199.306454407684
Iteration 50000: T=5.000100000000001, Loss=35203.15656544562
Iteration 60000: T=4.0001, Loss=35192.641085340416
Iteration 70000: T=3.0000999999999998, Loss=35192.812063086276
Iteration 80000: T=2.0001, Loss=35194.10210821617
Iteration 90000: T=1.0001000000000004, Loss=35191.01411164235
Iteration 100000: T=9.99999999995449e-05, Loss=35186.99146471795
Tuning complete. MSE at tuned parameters: 35186.99146471795
Initial loss: 36045.43665419141
Iteration 10000: T=9.333400000000001, Loss=35195.022782537904
Iteration 20000: T=8.666733333333333, Loss=35204.02459812939
Iteration 30000: T=8.000066666666667, Loss=35204.17067078972
Iteration 40000: T=7.3334, Loss=35203.97222980624
Iteration 50000: T=6.666733333333333, Loss=35199.58483521841
Iteration 60000: T=6.000066666666667, Loss=35197.524501895015
Iteration 70000: T=5.333399999999999, Loss=35187.198193691926
Iteration 80000: T=4.666733333333334, Loss=35184.63582285071
Iteration 90000: T=4.000066666666666, Loss=35183.341067446825
Iteration 100000: T=3.3333999999999997, Loss=35184.5339700169
Iteration 110000: T=2.666733333333333, Loss=35184.93413880725
Iteration 120000: T=2.0000666666666667, Loss=35180.97862378998
Iteration 130000: T=1.3334000000000001, Loss=35183.076510953295
Iteration 140000: T=0.6667333333333336, Loss=35180.13997619399
Iteration 150000: T=6.666666666710341e-05, Loss=35177.88704814194
Initial loss: 41022.9088049547
Iteration 10000: T=9.333400000000001, Loss=35208.160048704834
Iteration 20000: T=8.666733333333333, Loss=35214.876016783484
Iteration 30000: T=8.000066666666667, Loss=35199.82757965114
Iteration 40000: T=7.3334, Loss=35202.268016901704
Iteration 50000: T=6.666733333333333, Loss=35190.717133687154
Iteration 60000: T=6.000066666666667, Loss=35193.70636627405
Iteration 70000: T=5.333399999999999, Loss=35197.2260698547
Iteration 80000: T=4.666733333333334, Loss=35195.71561518014
Iteration 90000: T=4.000066666666666, Loss=35197.28183311643
Iteration 100000: T=3.3333999999999997, Loss=35194.04252097115
Iteration 110000: T=2.666733333333333, Loss=35197.51253149474
Iteration 120000: T=2.0000666666666667, Loss=35194.24536228278
Iteration 130000: T=1.3334000000000001, Loss=35189.873381926554
Iteration 140000: T=0.6667333333333336, Loss=35193.47288220833
Iteration 150000: T=6.666666666710341e-05, Loss=35188.282155652865
Initial loss: 39551.77897588643
Iteration 10000: T=9.333400000000001, Loss=35188.60022680691
Iteration 20000: T=8.666733333333333, Loss=35207.13352227786
Iteration 30000: T=8.000066666666667, Loss=35187.590915089866
Iteration 40000: T=7.3334, Loss=35192.37775639726
Iteration 50000: T=6.666733333333333, Loss=35215.74288840667
Iteration 60000: T=6.000066666666667, Loss=35196.01040180754
Iteration 70000: T=5.333399999999999, Loss=35198.24996405226
Iteration 80000: T=4.666733333333334, Loss=35221.4129666689
Iteration 90000: T=4.000066666666666, Loss=35197.67584522665
Iteration 100000: T=3.3333999999999997, Loss=35199.43648738876
Iteration 110000: T=2.666733333333333, Loss=35199.11383539064
Iteration 120000: T=2.0000666666666667, Loss=35196.48820962677
Iteration 130000: T=1.3334000000000001, Loss=35192.015630341135
Iteration 140000: T=0.6667333333333336, Loss=35189.41997668009
Iteration 150000: T=6.666666666710341e-05, Loss=35186.41677334662
Initial loss: 36350.220629794305
Iteration 10000: T=9.333400000000001, Loss=35209.2318200086
Iteration 20000: T=8.666733333333333, Loss=35197.85271843836
Iteration 30000: T=8.000066666666667, Loss=35205.34577451819
Iteration 40000: T=7.3334, Loss=35205.74057647594
Iteration 50000: T=6.666733333333333, Loss=35216.12296640015
Iteration 60000: T=6.000066666666667, Loss=35213.32067894899
Iteration 70000: T=5.333399999999999, Loss=35226.04319021818
Iteration 80000: T=4.666733333333334, Loss=35216.76290432191
Iteration 90000: T=4.000066666666666, Loss=35216.50592531523
Iteration 100000: T=3.3333999999999997, Loss=35206.419450505164
Iteration 110000: T=2.666733333333333, Loss=35203.7041979671
Iteration 120000: T=2.0000666666666667, Loss=35198.86373713582
Iteration 130000: T=1.3334000000000001, Loss=35204.51661454797
Iteration 140000: T=0.6667333333333336, Loss=35201.195109893626
Iteration 150000: T=6.666666666710341e-05, Loss=35198.74257732442
Initial loss: 36864.817760407146
Iteration 10000: T=9.333400000000001, Loss=35188.25010552128
Iteration 20000: T=8.666733333333333, Loss=35187.14892817505
Iteration 30000: T=8.000066666666667, Loss=35186.29832445025
Iteration 40000: T=7.3334, Loss=35183.859954930675
Iteration 50000: T=6.666733333333333, Loss=35181.30268151785
Iteration 60000: T=6.000066666666667, Loss=35184.65399671921
Iteration 70000: T=5.333399999999999, Loss=35190.00560683632
Iteration 80000: T=4.666733333333334, Loss=35180.425949176875
Iteration 90000: T=4.000066666666666, Loss=35179.10863189248
Iteration 100000: T=3.3333999999999997, Loss=35178.17366970998
Iteration 110000: T=2.666733333333333, Loss=35191.73139737089
Iteration 120000: T=2.0000666666666667, Loss=35174.94572718077
Iteration 130000: T=1.3334000000000001, Loss=35177.62807540851
Iteration 140000: T=0.6667333333333336, Loss=35180.87851254746
Iteration 150000: T=6.666666666710341e-05, Loss=35177.734690903686
Center of mass parameters: [1.80941484e+03 4.39775109e-01 4.92357524e+00 1.82370288e+03
 4.89786628e-01 4.85603269e+00 1.83302908e+03 1.78560440e-01
 4.42794338e+00 1.84317052e+03 4.89770255e-01 5.32798608e+00
 1.85540428e+03 2.07163736e-01 4.62659753e+00 1.86672142e+03
 9.05755749e-01 5.54805311e+00 1.87768978e+03 8.26656193e-01
 5.98318336e+00 1.88947673e+03 3.84540568e-01 3.22731842e+00
 1.90199327e+03 3.04783620e-01 4.27388301e+00 1.91269969e+03
 8.69721673e-01 4.60321170e+00]
Final MSE: 35186.78028300524
R² = 0.33
Initial loss: 40194.75626336267
Iteration 10000: T=9.0001, Loss=35208.97099079254
Iteration 20000: T=8.0001, Loss=35206.99292219927
Iteration 30000: T=7.0001, Loss=35197.07702513086
Iteration 40000: T=6.0001, Loss=35218.79652618324
Iteration 50000: T=5.000100000000001, Loss=35200.971664881145
Iteration 60000: T=4.0001, Loss=35195.286845437484
Iteration 70000: T=3.0000999999999998, Loss=35195.24294413132
Iteration 80000: T=2.0001, Loss=35192.119916598815
Iteration 90000: T=1.0001000000000004, Loss=35184.65081522228
Iteration 100000: T=9.99999999995449e-05, Loss=35181.94179961743
Tuning complete. MSE at tuned parameters: 35181.94179961743
Initial loss: 39513.61283978819
Iteration 10000: T=9.333400000000001, Loss=35183.90568820941
Iteration 20000: T=8.666733333333333, Loss=35184.034004558984
Iteration 30000: T=8.000066666666667, Loss=35193.13205365582
Iteration 40000: T=7.3334, Loss=35185.182422970895
Iteration 50000: T=6.666733333333333, Loss=35189.55533264558
Iteration 60000: T=6.000066666666667, Loss=35183.81524935809
Iteration 70000: T=5.333399999999999, Loss=35184.680587208124
Iteration 80000: T=4.666733333333334, Loss=35184.62491654341
Iteration 90000: T=4.000066666666666, Loss=35179.32127764703
Iteration 100000: T=3.3333999999999997, Loss=35180.44261473634
Iteration 110000: T=2.666733333333333, Loss=35181.082144463406
Iteration 120000: T=2.0000666666666667, Loss=35176.99178881202
Iteration 130000: T=1.3334000000000001, Loss=35180.592770684896
Iteration 140000: T=0.6667333333333336, Loss=35177.19176229558
Iteration 150000: T=6.666666666710341e-05, Loss=35174.33834934583
Initial loss: 39225.19624069657
Iteration 10000: T=9.333400000000001, Loss=35181.283180999366
Iteration 20000: T=8.666733333333333, Loss=35187.681359340146
Iteration 30000: T=8.000066666666667, Loss=35180.21881198438
Iteration 40000: T=7.3334, Loss=35174.57344655293
Iteration 50000: T=6.666733333333333, Loss=35173.54016435667
Iteration 60000: T=6.000066666666667, Loss=35176.823195968114
Iteration 70000: T=5.333399999999999, Loss=35171.55497882668
Iteration 80000: T=4.666733333333334, Loss=35169.1776751577
Iteration 90000: T=4.000066666666666, Loss=35168.816485487914
Iteration 100000: T=3.3333999999999997, Loss=35167.22605423851
Iteration 110000: T=2.666733333333333, Loss=35169.265303297514
Iteration 120000: T=2.0000666666666667, Loss=35167.01566789537
Iteration 130000: T=1.3334000000000001, Loss=35159.449567358664
Iteration 140000: T=0.6667333333333336, Loss=35162.76218202119
Iteration 150000: T=6.666666666710341e-05, Loss=35157.08562721658
Initial loss: 35428.52310071073
Iteration 10000: T=9.333400000000001, Loss=35208.18809513327
Iteration 20000: T=8.666733333333333, Loss=35187.81556153096
Iteration 30000: T=8.000066666666667, Loss=35187.19473598551
Iteration 40000: T=7.3334, Loss=35202.63604931471
Iteration 50000: T=6.666733333333333, Loss=35181.74068930923
Iteration 60000: T=6.000066666666667, Loss=35189.94257410091
Iteration 70000: T=5.333399999999999, Loss=35179.39926923108
Iteration 80000: T=4.666733333333334, Loss=35189.91136987533
Iteration 90000: T=4.000066666666666, Loss=35180.94069095857
Iteration 100000: T=3.3333999999999997, Loss=35178.36852791233
Iteration 110000: T=2.666733333333333, Loss=35174.78998924922
Iteration 120000: T=2.0000666666666667, Loss=35176.0359681425
Iteration 130000: T=1.3334000000000001, Loss=35174.08957356411
Iteration 140000: T=0.6667333333333336, Loss=35174.84639742659
Iteration 150000: T=6.666666666710341e-05, Loss=35171.67193737399
Initial loss: 76163.14551405028
Iteration 10000: T=9.333400000000001, Loss=35197.0447230973
Iteration 20000: T=8.666733333333333, Loss=35190.26049225981
Iteration 30000: T=8.000066666666667, Loss=35188.55279033185
Iteration 40000: T=7.3334, Loss=35184.308675411514
Iteration 50000: T=6.666733333333333, Loss=35190.48631685842
Iteration 60000: T=6.000066666666667, Loss=35201.64999563668
Iteration 70000: T=5.333399999999999, Loss=35182.42686154747
Iteration 80000: T=4.666733333333334, Loss=35185.40943082342
Iteration 90000: T=4.000066666666666, Loss=35179.485430040055
Iteration 100000: T=3.3333999999999997, Loss=35175.51767425404
Iteration 110000: T=2.666733333333333, Loss=35176.902550496394
Iteration 120000: T=2.0000666666666667, Loss=35172.85206846695
Iteration 130000: T=1.3334000000000001, Loss=35175.93921413947
Iteration 140000: T=0.6667333333333336, Loss=35174.67469312234
Iteration 150000: T=6.666666666710341e-05, Loss=35171.427139466774
Initial loss: 35336.13535985554
Iteration 10000: T=9.333400000000001, Loss=35183.07617281217
Iteration 20000: T=8.666733333333333, Loss=35180.26466540163
Iteration 30000: T=8.000066666666667, Loss=35180.527176727
Iteration 40000: T=7.3334, Loss=35193.688251359024
Iteration 50000: T=6.666733333333333, Loss=35188.966506272205
Iteration 60000: T=6.000066666666667, Loss=35195.768894512694
Iteration 70000: T=5.333399999999999, Loss=35182.74495665654
Iteration 80000: T=4.666733333333334, Loss=35188.222032121
Iteration 90000: T=4.000066666666666, Loss=35184.82010099881
Iteration 100000: T=3.3333999999999997, Loss=35185.478141844316
Iteration 110000: T=2.666733333333333, Loss=35183.53320019572
Iteration 120000: T=2.0000666666666667, Loss=35178.84597734832
Iteration 130000: T=1.3334000000000001, Loss=35179.83348112767
Iteration 140000: T=0.6667333333333336, Loss=35177.57359790356
Iteration 150000: T=6.666666666710341e-05, Loss=35174.470380625346
Center of mass parameters: [1.80834801e+03 2.39048176e-01 4.77537268e+00 1.82381919e+03
 9.93939487e-01 4.79818616e+00 1.83186774e+03 3.70646439e-01
 4.42618090e+00 1.84177038e+03 4.17649500e-01 4.96975900e+00
 1.85532877e+03 2.10388676e-01 4.69329307e+00 1.86729713e+03
 9.13492321e-01 3.83861808e+00 1.87805064e+03 1.38628288e+00
 5.10037356e+00 1.88862861e+03 8.38747218e-01 5.30864561e+00
 1.90149438e+03 6.90688875e-02 4.55099594e+00 1.91272578e+03
 6.34667384e-01 5.70937151e+00]
Final MSE: 35172.58831531566
R² = 0.03
Initial loss: 40194.75626336267
Iteration 10000: T=9.0001, Loss=35222.50472852937
Iteration 20000: T=8.0001, Loss=35203.327810532304
Iteration 30000: T=7.0001, Loss=35204.73043485994
Iteration 40000: T=6.0001, Loss=35207.1178714113
Iteration 50000: T=5.000100000000001, Loss=35215.03891035177
Iteration 60000: T=4.0001, Loss=35200.033579171235
Iteration 70000: T=3.0000999999999998, Loss=35198.886755442225
Iteration 80000: T=2.0001, Loss=35195.103442241605
Iteration 90000: T=1.0001000000000004, Loss=35194.41593022733
Iteration 100000: T=9.99999999995449e-05, Loss=35193.35047394512
Tuning complete. MSE at tuned parameters: 35193.35047394512
Initial loss: 67215.04719799769
Iteration 10000: T=9.333400000000001, Loss=35195.27831947361
Iteration 20000: T=8.666733333333333, Loss=35201.765148668295
Iteration 30000: T=8.000066666666667, Loss=35199.06712587697
Iteration 40000: T=7.3334, Loss=35195.95013826447
Iteration 50000: T=6.666733333333333, Loss=35195.15694957381
Iteration 60000: T=6.000066666666667, Loss=35209.53287946537
Iteration 70000: T=5.333399999999999, Loss=35186.941118545335
Iteration 80000: T=4.666733333333334, Loss=35189.957362621535
Iteration 90000: T=4.000066666666666, Loss=35185.491117488215
Iteration 100000: T=3.3333999999999997, Loss=35198.55722829063
Iteration 110000: T=2.666733333333333, Loss=35189.51902116441
Iteration 120000: T=2.0000666666666667, Loss=35185.13999045127
Iteration 130000: T=1.3334000000000001, Loss=35180.56385609596
Iteration 140000: T=0.6667333333333336, Loss=35178.59120536524
Iteration 150000: T=6.666666666710341e-05, Loss=35175.82287633479
Initial loss: 92841.7781171051
Iteration 10000: T=9.333400000000001, Loss=35198.47471087537
Iteration 20000: T=8.666733333333333, Loss=35211.6337356166
Iteration 30000: T=8.000066666666667, Loss=35197.40533911963
Iteration 40000: T=7.3334, Loss=35191.42738388178
Iteration 50000: T=6.666733333333333, Loss=35189.52447180877
Iteration 60000: T=6.000066666666667, Loss=35209.40094685456
Iteration 70000: T=5.333399999999999, Loss=35199.77327894778
Iteration 80000: T=4.666733333333334, Loss=35201.642955360825
Iteration 90000: T=4.000066666666666, Loss=35186.118988176124
Iteration 100000: T=3.3333999999999997, Loss=35185.99048840879
Iteration 110000: T=2.666733333333333, Loss=35186.488732676036
Iteration 120000: T=2.0000666666666667, Loss=35183.38692524087
Iteration 130000: T=1.3334000000000001, Loss=35182.35122530502
Iteration 140000: T=0.6667333333333336, Loss=35178.01399884726
Iteration 150000: T=6.666666666710341e-05, Loss=35175.60022625971
Initial loss: 36387.481977777716
Iteration 10000: T=9.333400000000001, Loss=35203.33992609352
Iteration 20000: T=8.666733333333333, Loss=35204.83105504703
Iteration 30000: T=8.000066666666667, Loss=35190.82368158057
Iteration 40000: T=7.3334, Loss=35187.87801240693
Iteration 50000: T=6.666733333333333, Loss=35204.262164960506
Iteration 60000: T=6.000066666666667, Loss=35190.897681488765
Iteration 70000: T=5.333399999999999, Loss=35194.44748627588
Iteration 80000: T=4.666733333333334, Loss=35199.752314552374
Iteration 90000: T=4.000066666666666, Loss=35200.25733427155
Iteration 100000: T=3.3333999999999997, Loss=35196.703768069136
Iteration 110000: T=2.666733333333333, Loss=35194.415735966
Iteration 120000: T=2.0000666666666667, Loss=35195.69856626775
Iteration 130000: T=1.3334000000000001, Loss=35188.712505328236
Iteration 140000: T=0.6667333333333336, Loss=35187.83681118492
Iteration 150000: T=6.666666666710341e-05, Loss=35183.23778847593
Initial loss: 46498.06953182002
Iteration 10000: T=9.333400000000001, Loss=35203.30232000682
Iteration 20000: T=8.666733333333333, Loss=35210.78323424389
Iteration 30000: T=8.000066666666667, Loss=35230.19515811613
Iteration 40000: T=7.3334, Loss=35199.64134472951
Iteration 50000: T=6.666733333333333, Loss=35203.4711445427
Iteration 60000: T=6.000066666666667, Loss=35197.26867860694
Iteration 70000: T=5.333399999999999, Loss=35203.212316747245
Iteration 80000: T=4.666733333333334, Loss=35191.6328312127
Iteration 90000: T=4.000066666666666, Loss=35196.336805281084
Iteration 100000: T=3.3333999999999997, Loss=35198.55218105728
Iteration 110000: T=2.666733333333333, Loss=35196.79775232878
Iteration 120000: T=2.0000666666666667, Loss=35200.58043531111
Iteration 130000: T=1.3334000000000001, Loss=35198.54517472586
Iteration 140000: T=0.6667333333333336, Loss=35196.081195542996
Iteration 150000: T=6.666666666710341e-05, Loss=35189.21888377205
Initial loss: 44122.28953566329
Iteration 10000: T=9.333400000000001, Loss=35207.680512883766
Iteration 20000: T=8.666733333333333, Loss=35196.14968905761
Iteration 30000: T=8.000066666666667, Loss=35203.7841475016
Iteration 40000: T=7.3334, Loss=35197.505176068444
Iteration 50000: T=6.666733333333333, Loss=35199.302405179726
Iteration 60000: T=6.000066666666667, Loss=35192.311945469206
Iteration 70000: T=5.333399999999999, Loss=35188.071569022366
Iteration 80000: T=4.666733333333334, Loss=35186.51371855955
Iteration 90000: T=4.000066666666666, Loss=35193.63078400421
Iteration 100000: T=3.3333999999999997, Loss=35187.06301093144
Iteration 110000: T=2.666733333333333, Loss=35191.36338155052
Iteration 120000: T=2.0000666666666667, Loss=35192.970818841015
Iteration 130000: T=1.3334000000000001, Loss=35193.09030138996
Iteration 140000: T=0.6667333333333336, Loss=35188.76048457636
Iteration 150000: T=6.666666666710341e-05, Loss=35184.9666108271
Center of mass parameters: [ 1.81018607e+03  3.03292825e-01  5.59010348e+00  1.82283576e+03
  1.69759963e-01  5.47639629e+00  1.83404370e+03  6.61718885e-01
  4.95155007e+00  1.84276166e+03  1.29165155e+00  4.85500920e+00
  1.85529498e+03  2.11460615e-01  4.71719210e+00  1.86706069e+03
  7.51362964e-01  4.99677208e+00  1.87817274e+03  3.80740988e-01
  3.09448186e+00  1.88898351e+03 -1.34794046e-02  4.79785585e+00
  1.90163861e+03  1.24964510e-01  4.07893597e+00  1.91204117e+03
  3.99568924e-01  5.17156558e+00]
Final MSE: 35186.28042368475
R² = 0.01
Initial loss: 40194.75626336267
Iteration 10000: T=9.0001, Loss=35202.177406330404
Iteration 20000: T=8.0001, Loss=35198.320218188754
Iteration 30000: T=7.0001, Loss=35201.314056700336
Iteration 40000: T=6.0001, Loss=35202.33535015055
Iteration 50000: T=5.000100000000001, Loss=35192.043656026326
Iteration 60000: T=4.0001, Loss=35190.075454252445
Iteration 70000: T=3.0000999999999998, Loss=35184.92052455528
Iteration 80000: T=2.0001, Loss=35186.42775155392
Iteration 90000: T=1.0001000000000004, Loss=35186.91280646738
Iteration 100000: T=9.99999999995449e-05, Loss=35185.21889671209
Tuning complete. MSE at tuned parameters: 35185.21889671209
Initial loss: 35748.557203148994
Iteration 10000: T=9.333400000000001, Loss=35194.03193780953
Iteration 20000: T=8.666733333333333, Loss=35195.19331195758
Iteration 30000: T=8.000066666666667, Loss=35189.55379282096
Iteration 40000: T=7.3334, Loss=35194.52824637593
Iteration 50000: T=6.666733333333333, Loss=35189.37700958746
Iteration 60000: T=6.000066666666667, Loss=35186.989112468764
Iteration 70000: T=5.333399999999999, Loss=35182.913310743694
Iteration 80000: T=4.666733333333334, Loss=35182.98133938448
Iteration 90000: T=4.000066666666666, Loss=35180.63328774976
Iteration 100000: T=3.3333999999999997, Loss=35182.32133682996
Iteration 110000: T=2.666733333333333, Loss=35178.62880655897
Iteration 120000: T=2.0000666666666667, Loss=35183.7412737933
Iteration 130000: T=1.3334000000000001, Loss=35178.12362338995
Iteration 140000: T=0.6667333333333336, Loss=35178.578745615254
Iteration 150000: T=6.666666666710341e-05, Loss=35173.99519845402
Initial loss: 35499.74113318478
Iteration 10000: T=9.333400000000001, Loss=35194.82289542048
Iteration 20000: T=8.666733333333333, Loss=35189.55235313387
Iteration 30000: T=8.000066666666667, Loss=35185.58398459109
Iteration 40000: T=7.3334, Loss=35180.01302316511
Iteration 50000: T=6.666733333333333, Loss=35186.06493917976
Iteration 60000: T=6.000066666666667, Loss=35183.50108872869
Iteration 70000: T=5.333399999999999, Loss=35188.5869270084
Iteration 80000: T=4.666733333333334, Loss=35175.3012235371
Iteration 90000: T=4.000066666666666, Loss=35174.64974203437
Iteration 100000: T=3.3333999999999997, Loss=35177.33450510955
Iteration 110000: T=2.666733333333333, Loss=35176.09609086494
Iteration 120000: T=2.0000666666666667, Loss=35174.64532137597
Iteration 130000: T=1.3334000000000001, Loss=35174.08452551151
Iteration 140000: T=0.6667333333333336, Loss=35173.800176532975
Iteration 150000: T=6.666666666710341e-05, Loss=35171.05309889971
Initial loss: 37521.55377329361
Iteration 10000: T=9.333400000000001, Loss=35190.12990051274
Iteration 20000: T=8.666733333333333, Loss=35197.01936538371
Iteration 30000: T=8.000066666666667, Loss=35185.845559017944
Iteration 40000: T=7.3334, Loss=35184.35815838748
Iteration 50000: T=6.666733333333333, Loss=35196.3427209073
Iteration 60000: T=6.000066666666667, Loss=35188.844710933736
Iteration 70000: T=5.333399999999999, Loss=35200.31061616267
Iteration 80000: T=4.666733333333334, Loss=35194.42144550672
Iteration 90000: T=4.000066666666666, Loss=35184.753482782966
Iteration 100000: T=3.3333999999999997, Loss=35185.902540739684
Iteration 110000: T=2.666733333333333, Loss=35186.32917764123
Iteration 120000: T=2.0000666666666667, Loss=35181.47711454195
Iteration 130000: T=1.3334000000000001, Loss=35182.03298282241
Iteration 140000: T=0.6667333333333336, Loss=35182.10358864983
Iteration 150000: T=6.666666666710341e-05, Loss=35177.10679710002
Initial loss: 36072.72428973138
Iteration 10000: T=9.333400000000001, Loss=35191.4151762185
Iteration 20000: T=8.666733333333333, Loss=35198.07432350643
Iteration 30000: T=8.000066666666667, Loss=35191.60359434704
Iteration 40000: T=7.3334, Loss=35214.438538499824
Iteration 50000: T=6.666733333333333, Loss=35196.98366632419
Iteration 60000: T=6.000066666666667, Loss=35192.16233148537
Iteration 70000: T=5.333399999999999, Loss=35194.8553524097
Iteration 80000: T=4.666733333333334, Loss=35185.740734849576
Iteration 90000: T=4.000066666666666, Loss=35188.06577004754
Iteration 100000: T=3.3333999999999997, Loss=35180.32611467285
Iteration 110000: T=2.666733333333333, Loss=35185.61997030354
Iteration 120000: T=2.0000666666666667, Loss=35179.809904730886
Iteration 130000: T=1.3334000000000001, Loss=35178.53901973666
Iteration 140000: T=0.6667333333333336, Loss=35180.016336874316
Iteration 150000: T=6.666666666710341e-05, Loss=35175.850389360654
Initial loss: 35396.2223727802
Iteration 10000: T=9.333400000000001, Loss=35185.47354959523
Iteration 20000: T=8.666733333333333, Loss=35196.191935532814
Iteration 30000: T=8.000066666666667, Loss=35201.77350455799
Iteration 40000: T=7.3334, Loss=35189.2636254842
Iteration 50000: T=6.666733333333333, Loss=35196.140064387524
Iteration 60000: T=6.000066666666667, Loss=35192.60016155087
Iteration 70000: T=5.333399999999999, Loss=35191.38943561517
Iteration 80000: T=4.666733333333334, Loss=35189.37876194577
Iteration 90000: T=4.000066666666666, Loss=35191.16356035331
Iteration 100000: T=3.3333999999999997, Loss=35188.12612241006
Iteration 110000: T=2.666733333333333, Loss=35189.42084345396
Iteration 120000: T=2.0000666666666667, Loss=35184.28402335865
Iteration 130000: T=1.3334000000000001, Loss=35186.66355168725
Iteration 140000: T=0.6667333333333336, Loss=35179.52489969821
Iteration 150000: T=6.666666666710341e-05, Loss=35175.70737714443
Center of mass parameters: [ 1.80974001e+03  3.60643860e-01  4.99933452e+00  1.82222372e+03
  3.29845585e-01  5.14907569e+00  1.83309925e+03  5.94939264e-01
  3.85610263e+00  1.84360197e+03  9.65568927e-01  4.87585277e+00
  1.85537406e+03  2.08820672e-01  4.65973994e+00  1.86595823e+03
  1.51805747e+00  4.95278388e+00  1.87699533e+03  2.23704635e-01
  5.14274413e+00  1.88869207e+03  2.34621515e-01  4.79677378e+00
  1.90154526e+03  3.69776261e-01  5.47633816e+00  1.91349939e+03
 -1.48785537e-01  5.52218053e+00]
Final MSE: 35177.38148667427
R² = 0.08
Initial loss: 40194.75626336267
Iteration 10000: T=9.0001, Loss=35192.338403382324
Iteration 20000: T=8.0001, Loss=35246.82298448721
Iteration 30000: T=7.0001, Loss=35199.24652424766
Iteration 40000: T=6.0001, Loss=35196.98719397131
Iteration 50000: T=5.000100000000001, Loss=35187.73112629685
Iteration 60000: T=4.0001, Loss=35191.38176963373
Iteration 70000: T=3.0000999999999998, Loss=35189.76593429675
Iteration 80000: T=2.0001, Loss=35186.07157770565
Iteration 90000: T=1.0001000000000004, Loss=35184.364327872325
Iteration 100000: T=9.99999999995449e-05, Loss=35182.210415873924
Tuning complete. MSE at tuned parameters: 35182.210415873924
Initial loss: 37499.08222953766
Iteration 10000: T=9.333400000000001, Loss=35183.378708213655
Iteration 20000: T=8.666733333333333, Loss=35183.78944160561
Iteration 30000: T=8.000066666666667, Loss=35175.63214483289
Iteration 40000: T=7.3334, Loss=35178.254861785776
Iteration 50000: T=6.666733333333333, Loss=35177.401505965085
Iteration 60000: T=6.000066666666667, Loss=35185.17663340409
Iteration 70000: T=5.333399999999999, Loss=35172.941747491015
Iteration 80000: T=4.666733333333334, Loss=35178.12886789214
Iteration 90000: T=4.000066666666666, Loss=35176.171533398665
Iteration 100000: T=3.3333999999999997, Loss=35183.3033303719
Iteration 110000: T=2.666733333333333, Loss=35177.81273128252
Iteration 120000: T=2.0000666666666667, Loss=35179.19470648331
Iteration 130000: T=1.3334000000000001, Loss=35178.46495645865
Iteration 140000: T=0.6667333333333336, Loss=35178.25977156412
Iteration 150000: T=6.666666666710341e-05, Loss=35174.02584488766
Initial loss: 40811.74237172897
Iteration 10000: T=9.333400000000001, Loss=35185.460264308815
Iteration 20000: T=8.666733333333333, Loss=35199.20387089955
Iteration 30000: T=8.000066666666667, Loss=35197.007348980456
Iteration 40000: T=7.3334, Loss=35185.11000461371
Iteration 50000: T=6.666733333333333, Loss=35193.16973454988
Iteration 60000: T=6.000066666666667, Loss=35183.66293844861
Iteration 70000: T=5.333399999999999, Loss=35180.973973816945
Iteration 80000: T=4.666733333333334, Loss=35180.07958787394
Iteration 90000: T=4.000066666666666, Loss=35178.70652224972
Iteration 100000: T=3.3333999999999997, Loss=35180.30352805547
Iteration 110000: T=2.666733333333333, Loss=35179.0145472186
Iteration 120000: T=2.0000666666666667, Loss=35181.951630521115
Iteration 130000: T=1.3334000000000001, Loss=35174.67124675376
Iteration 140000: T=0.6667333333333336, Loss=35172.862119132675
Iteration 150000: T=6.666666666710341e-05, Loss=35170.41931133224
Initial loss: 35303.41624517829
Iteration 10000: T=9.333400000000001, Loss=35188.171625802745
Iteration 20000: T=8.666733333333333, Loss=35192.10118455313
Iteration 30000: T=8.000066666666667, Loss=35187.691866790265
Iteration 40000: T=7.3334, Loss=35190.177167399204
Iteration 50000: T=6.666733333333333, Loss=35188.36963336343
Iteration 60000: T=6.000066666666667, Loss=35210.22423961453
Iteration 70000: T=5.333399999999999, Loss=35189.67618073814
Iteration 80000: T=4.666733333333334, Loss=35194.16466430357
Iteration 90000: T=4.000066666666666, Loss=35180.9677815314
Iteration 100000: T=3.3333999999999997, Loss=35181.29063901072
Iteration 110000: T=2.666733333333333, Loss=35181.14606572818
Iteration 120000: T=2.0000666666666667, Loss=35178.160018612325
Iteration 130000: T=1.3334000000000001, Loss=35177.87368416646
Iteration 140000: T=0.6667333333333336, Loss=35175.491930391014
Iteration 150000: T=6.666666666710341e-05, Loss=35171.72566448624
Initial loss: 36613.96222429379
Iteration 10000: T=9.333400000000001, Loss=35195.51687626264
Iteration 20000: T=8.666733333333333, Loss=35185.990843227824
Iteration 30000: T=8.000066666666667, Loss=35187.472537451
Iteration 40000: T=7.3334, Loss=35190.93734811526
Iteration 50000: T=6.666733333333333, Loss=35192.86675625966
Iteration 60000: T=6.000066666666667, Loss=35192.35109412303
Iteration 70000: T=5.333399999999999, Loss=35187.52799756418
Iteration 80000: T=4.666733333333334, Loss=35189.91946496325
Iteration 90000: T=4.000066666666666, Loss=35193.891738846665
Iteration 100000: T=3.3333999999999997, Loss=35187.290952579926
Iteration 110000: T=2.666733333333333, Loss=35187.47340999149
Iteration 120000: T=2.0000666666666667, Loss=35186.292203795834
Iteration 130000: T=1.3334000000000001, Loss=35181.24030130551
Iteration 140000: T=0.6667333333333336, Loss=35178.80366196458
Iteration 150000: T=6.666666666710341e-05, Loss=35177.5685904842
Initial loss: 36651.113558854144
Iteration 10000: T=9.333400000000001, Loss=35183.965197720616
Iteration 20000: T=8.666733333333333, Loss=35182.917446389794
Iteration 30000: T=8.000066666666667, Loss=35210.60081293287
Iteration 40000: T=7.3334, Loss=35188.09742620137
Iteration 50000: T=6.666733333333333, Loss=35198.58093957101
Iteration 60000: T=6.000066666666667, Loss=35177.3282340047
Iteration 70000: T=5.333399999999999, Loss=35186.07633823063
Iteration 80000: T=4.666733333333334, Loss=35201.37484573862
Iteration 90000: T=4.000066666666666, Loss=35185.4390584994
Iteration 100000: T=3.3333999999999997, Loss=35183.604527691976
Iteration 110000: T=2.666733333333333, Loss=35179.427988242765
Iteration 120000: T=2.0000666666666667, Loss=35180.66596407669
Iteration 130000: T=1.3334000000000001, Loss=35176.04173084398
Iteration 140000: T=0.6667333333333336, Loss=35174.22317250625
Iteration 150000: T=6.666666666710341e-05, Loss=35170.23060126152
Center of mass parameters: [1.81097600e+03 5.02950833e-01 6.05417329e+00 1.82194844e+03
 1.09778470e+00 3.63077594e+00 1.83287158e+03 9.86359935e-01
 4.74388348e+00 1.84219931e+03 7.03039423e-01 4.08997788e+00
 1.85524285e+03 2.13530034e-01 4.76049635e+00 1.86596513e+03
 4.07933311e-02 5.64832007e+00 1.87752338e+03 2.30754186e-01
 5.44478468e+00 1.89018415e+03 5.89972761e-01 5.47167819e+00
 1.90084361e+03 3.96690740e-01 4.97263588e+00 1.91233952e+03
 4.09012222e-01 5.79622085e+00]
Final MSE: 35175.990853437346
R² = 0.41
Initial loss: 40194.75626336267
Iteration 10000: T=9.0001, Loss=35194.135403979126
Iteration 20000: T=8.0001, Loss=35195.42290384116
Iteration 30000: T=7.0001, Loss=35203.329781654684
Iteration 40000: T=6.0001, Loss=35195.554097695596
Iteration 50000: T=5.000100000000001, Loss=35201.451596142084
Iteration 60000: T=4.0001, Loss=35194.803360597856
Iteration 70000: T=3.0000999999999998, Loss=35197.60824163045
Iteration 80000: T=2.0001, Loss=35198.609980752866
Iteration 90000: T=1.0001000000000004, Loss=35192.26471328673
Iteration 100000: T=9.99999999995449e-05, Loss=35188.264542719444
Tuning complete. MSE at tuned parameters: 35188.264542719444
Initial loss: 37100.47382686954
Iteration 10000: T=9.333400000000001, Loss=35204.89297504572
Iteration 20000: T=8.666733333333333, Loss=35192.247898096975
Iteration 30000: T=8.000066666666667, Loss=35203.52342249154
Iteration 40000: T=7.3334, Loss=35206.587922695195
Iteration 50000: T=6.666733333333333, Loss=35197.107256792304
Iteration 60000: T=6.000066666666667, Loss=35202.32219569242
Iteration 70000: T=5.333399999999999, Loss=35193.39170523441
Iteration 80000: T=4.666733333333334, Loss=35191.48168096847
Iteration 90000: T=4.000066666666666, Loss=35195.363979528054
Iteration 100000: T=3.3333999999999997, Loss=35187.93670000003
Iteration 110000: T=2.666733333333333, Loss=35189.31501253617
Iteration 120000: T=2.0000666666666667, Loss=35189.52238986587
Iteration 130000: T=1.3334000000000001, Loss=35187.255254610856
Iteration 140000: T=0.6667333333333336, Loss=35186.11291530818
Iteration 150000: T=6.666666666710341e-05, Loss=35182.53465500529
Initial loss: 35461.24218622471
Iteration 10000: T=9.333400000000001, Loss=35191.26041637017
Iteration 20000: T=8.666733333333333, Loss=35200.31245006589
Iteration 30000: T=8.000066666666667, Loss=35186.70259696381
Iteration 40000: T=7.3334, Loss=35189.34213178505
Iteration 50000: T=6.666733333333333, Loss=35187.966089914546
Iteration 60000: T=6.000066666666667, Loss=35181.707094227364
Iteration 70000: T=5.333399999999999, Loss=35185.09289025757
Iteration 80000: T=4.666733333333334, Loss=35180.76665933774
Iteration 90000: T=4.000066666666666, Loss=35179.28303713821
Iteration 100000: T=3.3333999999999997, Loss=35175.02278458733
Iteration 110000: T=2.666733333333333, Loss=35174.89260051681
Iteration 120000: T=2.0000666666666667, Loss=35178.42634235721
Iteration 130000: T=1.3334000000000001, Loss=35174.77392219367
Iteration 140000: T=0.6667333333333336, Loss=35172.22873922456
Iteration 150000: T=6.666666666710341e-05, Loss=35170.142659406876
Initial loss: 36145.44543396527
Iteration 10000: T=9.333400000000001, Loss=35193.32669776204
Iteration 20000: T=8.666733333333333, Loss=35194.567367975425
Iteration 30000: T=8.000066666666667, Loss=35203.830809842635
Iteration 40000: T=7.3334, Loss=35220.55861420561
Iteration 50000: T=6.666733333333333, Loss=35195.40300453168
Iteration 60000: T=6.000066666666667, Loss=35195.5656448427
Iteration 70000: T=5.333399999999999, Loss=35203.56512780084
Iteration 80000: T=4.666733333333334, Loss=35204.00434817591
Iteration 90000: T=4.000066666666666, Loss=35214.70038641077
Iteration 100000: T=3.3333999999999997, Loss=35198.129440272445
Iteration 110000: T=2.666733333333333, Loss=35194.349467700136
Iteration 120000: T=2.0000666666666667, Loss=35192.543383927026
Iteration 130000: T=1.3334000000000001, Loss=35188.223951537104
Iteration 140000: T=0.6667333333333336, Loss=35181.97441218481
Iteration 150000: T=6.666666666710341e-05, Loss=35179.08802417981
Initial loss: 118085.55574085918
Iteration 10000: T=9.333400000000001, Loss=35184.34332254848
Iteration 20000: T=8.666733333333333, Loss=35191.13204441016
Iteration 30000: T=8.000066666666667, Loss=35192.716370425886
Iteration 40000: T=7.3334, Loss=35197.96015448386
Iteration 50000: T=6.666733333333333, Loss=35196.63999175246
Iteration 60000: T=6.000066666666667, Loss=35186.68013398355
Iteration 70000: T=5.333399999999999, Loss=35183.14936260509
Iteration 80000: T=4.666733333333334, Loss=35188.570774167914
Iteration 90000: T=4.000066666666666, Loss=35186.31539900893
Iteration 100000: T=3.3333999999999997, Loss=35203.20950740554
Iteration 110000: T=2.666733333333333, Loss=35191.22514393957
Iteration 120000: T=2.0000666666666667, Loss=35193.91594914254
Iteration 130000: T=1.3334000000000001, Loss=35188.35322613783
Iteration 140000: T=0.6667333333333336, Loss=35185.72222923294
Iteration 150000: T=6.666666666710341e-05, Loss=35180.72935278501
Initial loss: 37062.58842245833
Iteration 10000: T=9.333400000000001, Loss=35205.746467935576
Iteration 20000: T=8.666733333333333, Loss=35197.52901501565
Iteration 30000: T=8.000066666666667, Loss=35201.539432109654
Iteration 40000: T=7.3334, Loss=35207.16784508619
Iteration 50000: T=6.666733333333333, Loss=35194.949593416975
Iteration 60000: T=6.000066666666667, Loss=35190.19022495048
Iteration 70000: T=5.333399999999999, Loss=35184.579674383356
Iteration 80000: T=4.666733333333334, Loss=35193.92753666062
Iteration 90000: T=4.000066666666666, Loss=35185.901346238985
Iteration 100000: T=3.3333999999999997, Loss=35179.852262583765
Iteration 110000: T=2.666733333333333, Loss=35177.823729945616
Iteration 120000: T=2.0000666666666667, Loss=35183.8859706958
Iteration 130000: T=1.3334000000000001, Loss=35178.05254830973
Iteration 140000: T=0.6667333333333336, Loss=35177.285127789866
Iteration 150000: T=6.666666666710341e-05, Loss=35174.232064110096
Center of mass parameters: [1.80880833e+03 1.62589743e+00 4.44669450e+00 1.82185252e+03
 3.69026429e-01 4.75165669e+00 1.83370806e+03 6.67409286e-01
 4.53664258e+00 1.84274614e+03 2.63882394e+00 4.54118630e+00
 1.85506607e+03 2.19980487e-01 4.89865432e+00 1.86623045e+03
 2.77540559e-01 5.35285254e+00 1.87811262e+03 1.75190277e-01
 4.13994708e+00 1.88988424e+03 8.41036364e-01 5.23235255e+00
 1.90215171e+03 1.19438083e+00 5.54900931e+00 1.91231355e+03
 2.24362439e-01 6.76980296e+00]
Final MSE: 35181.388994579174
R² = 0.08
Initial loss: 40194.75626336267
Iteration 10000: T=9.0001, Loss=35209.657108040046
Iteration 20000: T=8.0001, Loss=35200.32468265526
Iteration 30000: T=7.0001, Loss=35203.00802467832
Iteration 40000: T=6.0001, Loss=35203.046030768084
Iteration 50000: T=5.000100000000001, Loss=35204.45368467402
Iteration 60000: T=4.0001, Loss=35207.22897635811
Iteration 70000: T=3.0000999999999998, Loss=35206.29282339248
Iteration 80000: T=2.0001, Loss=35205.16692115647
Iteration 90000: T=1.0001000000000004, Loss=35200.953605831644
Iteration 100000: T=9.99999999995449e-05, Loss=35197.84607747289
Tuning complete. MSE at tuned parameters: 35197.84607747289
Initial loss: 43473.155333631395
Iteration 10000: T=9.333400000000001, Loss=35199.346984292904
Iteration 20000: T=8.666733333333333, Loss=35195.42146062035
Iteration 30000: T=8.000066666666667, Loss=35189.82329766009
Iteration 40000: T=7.3334, Loss=35192.098079832394
Iteration 50000: T=6.666733333333333, Loss=35211.80400075703
Iteration 60000: T=6.000066666666667, Loss=35198.08073114579
Iteration 70000: T=5.333399999999999, Loss=35200.35047321467
Iteration 80000: T=4.666733333333334, Loss=35198.06639588511
Iteration 90000: T=4.000066666666666, Loss=35200.81204090224
Iteration 100000: T=3.3333999999999997, Loss=35195.06252908435
Iteration 110000: T=2.666733333333333, Loss=35193.20833866895
Iteration 120000: T=2.0000666666666667, Loss=35190.74463585044
Iteration 130000: T=1.3334000000000001, Loss=35188.05704003982
Iteration 140000: T=0.6667333333333336, Loss=35185.84009372765
Iteration 150000: T=6.666666666710341e-05, Loss=35182.86941669794
Initial loss: 36998.07493163968
Iteration 10000: T=9.333400000000001, Loss=35202.040394354415
Iteration 20000: T=8.666733333333333, Loss=35207.16316759362
Iteration 30000: T=8.000066666666667, Loss=35204.998512398524
Iteration 40000: T=7.3334, Loss=35204.83583145203
Iteration 50000: T=6.666733333333333, Loss=35212.57948343919
Iteration 60000: T=6.000066666666667, Loss=35204.080107665475
Iteration 70000: T=5.333399999999999, Loss=35207.63969340575
Iteration 80000: T=4.666733333333334, Loss=35208.33881243623
Iteration 90000: T=4.000066666666666, Loss=35208.1856194531
Iteration 100000: T=3.3333999999999997, Loss=35208.826752562054
Iteration 110000: T=2.666733333333333, Loss=35211.31912958217
Iteration 120000: T=2.0000666666666667, Loss=35205.46925106445
Iteration 130000: T=1.3334000000000001, Loss=35200.422375949085
Iteration 140000: T=0.6667333333333336, Loss=35197.84522805316
Iteration 150000: T=6.666666666710341e-05, Loss=35194.45899887904
Initial loss: 189183.46818129197
Iteration 10000: T=9.333400000000001, Loss=35195.52161681132
Iteration 20000: T=8.666733333333333, Loss=35195.26162296714
Iteration 30000: T=8.000066666666667, Loss=35201.89240987374
Iteration 40000: T=7.3334, Loss=35197.59324147791
Iteration 50000: T=6.666733333333333, Loss=35201.60778391485
Iteration 60000: T=6.000066666666667, Loss=35207.82311067163
Iteration 70000: T=5.333399999999999, Loss=35210.25113213675
Iteration 80000: T=4.666733333333334, Loss=35210.41782980388
Iteration 90000: T=4.000066666666666, Loss=35214.5690613147
Iteration 100000: T=3.3333999999999997, Loss=35205.536686832085
Iteration 110000: T=2.666733333333333, Loss=35208.577262275074
Iteration 120000: T=2.0000666666666667, Loss=35208.23898100858
Iteration 130000: T=1.3334000000000001, Loss=35208.962894095544
Iteration 140000: T=0.6667333333333336, Loss=35208.18840320325
Iteration 150000: T=6.666666666710341e-05, Loss=35203.58272939811
Initial loss: 36755.919003931995
Iteration 10000: T=9.333400000000001, Loss=35221.490677670154
Iteration 20000: T=8.666733333333333, Loss=35202.41233742787
Iteration 30000: T=8.000066666666667, Loss=35208.62244554497
Iteration 40000: T=7.3334, Loss=35211.74054146125
Iteration 50000: T=6.666733333333333, Loss=35210.1880293725
Iteration 60000: T=6.000066666666667, Loss=35209.15087929767
Iteration 70000: T=5.333399999999999, Loss=35199.692531108754
Iteration 80000: T=4.666733333333334, Loss=35202.071253144
Iteration 90000: T=4.000066666666666, Loss=35203.285042376425
Iteration 100000: T=3.3333999999999997, Loss=35203.6096935586
Iteration 110000: T=2.666733333333333, Loss=35201.99339108892
Iteration 120000: T=2.0000666666666667, Loss=35201.76885854422
Iteration 130000: T=1.3334000000000001, Loss=35197.368655467326
Iteration 140000: T=0.6667333333333336, Loss=35195.99564898738
Iteration 150000: T=6.666666666710341e-05, Loss=35193.904658198655
Initial loss: 35380.23435665429
Iteration 10000: T=9.333400000000001, Loss=35211.53950516826
Iteration 20000: T=8.666733333333333, Loss=35196.715211887655
Iteration 30000: T=8.000066666666667, Loss=35200.18924772767
Iteration 40000: T=7.3334, Loss=35193.63692715332
Iteration 50000: T=6.666733333333333, Loss=35193.09075257252
Iteration 60000: T=6.000066666666667, Loss=35187.82496676366
Iteration 70000: T=5.333399999999999, Loss=35185.85919364978
Iteration 80000: T=4.666733333333334, Loss=35188.79030201317
Iteration 90000: T=4.000066666666666, Loss=35190.591257033644
Iteration 100000: T=3.3333999999999997, Loss=35190.916482618384
Iteration 110000: T=2.666733333333333, Loss=35188.76445915681
Iteration 120000: T=2.0000666666666667, Loss=35187.642852339864
Iteration 130000: T=1.3334000000000001, Loss=35189.91435903736
Iteration 140000: T=0.6667333333333336, Loss=35187.070113179594
Iteration 150000: T=6.666666666710341e-05, Loss=35185.23834196038
Center of mass parameters: [ 1.81063720e+03  3.54974726e-01  5.69835913e+00  1.82388041e+03
 -4.25964591e-03  5.18099809e+00  1.83314142e+03  1.18392524e-02
  4.47579879e+00  1.84346663e+03  2.80362968e-01  5.68718814e+00
  1.85543949e+03  2.06378553e-01  4.60792253e+00  1.86654996e+03
  2.90640307e-01  5.23636410e+00  1.87813949e+03  1.04114220e+00
  4.76942924e+00  1.88964453e+03  1.61327217e+00  5.58944520e+00
  1.90179921e+03 -1.03785363e-01  4.95386339e+00  1.91300296e+03
  2.77315233e-01  5.67212488e+00]
Final MSE: 35195.445541397596
R² = 0.07
Initial loss: 40194.75626336267
Iteration 10000: T=9.0001, Loss=35197.30155236404
Iteration 20000: T=8.0001, Loss=35183.71001301616
Iteration 30000: T=7.0001, Loss=35180.56809569005
Iteration 40000: T=6.0001, Loss=35186.59872638366
Iteration 50000: T=5.000100000000001, Loss=35174.29373225771
Iteration 60000: T=4.0001, Loss=35176.652674219375
Iteration 70000: T=3.0000999999999998, Loss=35174.99705938026
Iteration 80000: T=2.0001, Loss=35168.95503510984
Iteration 90000: T=1.0001000000000004, Loss=35169.16569555193
Iteration 100000: T=9.99999999995449e-05, Loss=35167.756302087415
Tuning complete. MSE at tuned parameters: 35167.756302087415
Initial loss: 60931.99269675496
Iteration 10000: T=9.333400000000001, Loss=35185.98667460889
Iteration 20000: T=8.666733333333333, Loss=35185.396653602285
Iteration 30000: T=8.000066666666667, Loss=35167.75435164937
Iteration 40000: T=7.3334, Loss=35187.68053367498
Iteration 50000: T=6.666733333333333, Loss=35167.14679440818
Iteration 60000: T=6.000066666666667, Loss=35178.404868251106
Iteration 70000: T=5.333399999999999, Loss=35180.26875305391
Iteration 80000: T=4.666733333333334, Loss=35166.41476802844
Iteration 90000: T=4.000066666666666, Loss=35166.07228675626
Iteration 100000: T=3.3333999999999997, Loss=35165.81014264159
Iteration 110000: T=2.666733333333333, Loss=35161.06426886077
Iteration 120000: T=2.0000666666666667, Loss=35158.378904563324
Iteration 130000: T=1.3334000000000001, Loss=35155.95435110973
Iteration 140000: T=0.6667333333333336, Loss=35155.88866130637
Iteration 150000: T=6.666666666710341e-05, Loss=35154.70048037008
Initial loss: 222104.25884437852
Iteration 10000: T=9.333400000000001, Loss=35172.101754656884
Iteration 20000: T=8.666733333333333, Loss=35166.913046386966
Iteration 30000: T=8.000066666666667, Loss=35177.866707817615
Iteration 40000: T=7.3334, Loss=35179.3079506849
Iteration 50000: T=6.666733333333333, Loss=35173.48835449742
Iteration 60000: T=6.000066666666667, Loss=35168.317708945855
Iteration 70000: T=5.333399999999999, Loss=35170.04517653861
Iteration 80000: T=4.666733333333334, Loss=35174.38031542304
Iteration 90000: T=4.000066666666666, Loss=35171.42550835653
Iteration 100000: T=3.3333999999999997, Loss=35174.72236734605
Iteration 110000: T=2.666733333333333, Loss=35168.23587716225
Iteration 120000: T=2.0000666666666667, Loss=35167.40243273348
Iteration 130000: T=1.3334000000000001, Loss=35163.38569234411
Iteration 140000: T=0.6667333333333336, Loss=35164.383102050604
Iteration 150000: T=6.666666666710341e-05, Loss=35162.347627516705
Initial loss: 47000.653440576956
Iteration 10000: T=9.333400000000001, Loss=35171.72016808615
Iteration 20000: T=8.666733333333333, Loss=35188.919840101145
Iteration 30000: T=8.000066666666667, Loss=35168.972360424596
Iteration 40000: T=7.3334, Loss=35183.92204708934
Iteration 50000: T=6.666733333333333, Loss=35163.7611211411
Iteration 60000: T=6.000066666666667, Loss=35184.028806805494
Iteration 70000: T=5.333399999999999, Loss=35170.08053160825
Iteration 80000: T=4.666733333333334, Loss=35166.760849222104
Iteration 90000: T=4.000066666666666, Loss=35165.86187627133
Iteration 100000: T=3.3333999999999997, Loss=35167.676593157244
Iteration 110000: T=2.666733333333333, Loss=35166.99760864169
Iteration 120000: T=2.0000666666666667, Loss=35169.26216511841
Iteration 130000: T=1.3334000000000001, Loss=35167.36628327768
Iteration 140000: T=0.6667333333333336, Loss=35166.00999805134
Iteration 150000: T=6.666666666710341e-05, Loss=35161.64076221795
Initial loss: 40627.43780598271
Iteration 10000: T=9.333400000000001, Loss=35167.27675459371
Iteration 20000: T=8.666733333333333, Loss=35165.65787435027
Iteration 30000: T=8.000066666666667, Loss=35162.13943919929
Iteration 40000: T=7.3334, Loss=35175.42672072394
Iteration 50000: T=6.666733333333333, Loss=35160.475123890625
Iteration 60000: T=6.000066666666667, Loss=35165.028363332356
Iteration 70000: T=5.333399999999999, Loss=35157.445620730745
Iteration 80000: T=4.666733333333334, Loss=35156.40035025842
Iteration 90000: T=4.000066666666666, Loss=35156.70844266669
Iteration 100000: T=3.3333999999999997, Loss=35150.53001510545
Iteration 110000: T=2.666733333333333, Loss=35150.510963742105
Iteration 120000: T=2.0000666666666667, Loss=35150.136386986764
Iteration 130000: T=1.3334000000000001, Loss=35150.65449715631
Iteration 140000: T=0.6667333333333336, Loss=35150.10825710721
Iteration 150000: T=6.666666666710341e-05, Loss=35147.317098892105
Initial loss: 41597.191417965376
Iteration 10000: T=9.333400000000001, Loss=35168.18694039898
Iteration 20000: T=8.666733333333333, Loss=35175.74710611238
Iteration 30000: T=8.000066666666667, Loss=35158.129681841536
Iteration 40000: T=7.3334, Loss=35173.47574969263
Iteration 50000: T=6.666733333333333, Loss=35155.54386592419
Iteration 60000: T=6.000066666666667, Loss=35153.72292817973
Iteration 70000: T=5.333399999999999, Loss=35153.735457201685
Iteration 80000: T=4.666733333333334, Loss=35146.970799505594
Iteration 90000: T=4.000066666666666, Loss=35148.074185791695
Iteration 100000: T=3.3333999999999997, Loss=35147.61752036911
Iteration 110000: T=2.666733333333333, Loss=35152.440960457316
Iteration 120000: T=2.0000666666666667, Loss=35148.451759785625
Iteration 130000: T=1.3334000000000001, Loss=35145.431562551996
Iteration 140000: T=0.6667333333333336, Loss=35146.5429745085
Iteration 150000: T=6.666666666710341e-05, Loss=35145.37918392887
Center of mass parameters: [ 1.80894612e+03  4.25736653e-01  4.90741770e+00  1.82114718e+03
  2.41771966e-01  5.22808618e+00  1.83233758e+03  5.46199063e-01
  6.06458363e+00  1.84124844e+03  4.97241039e-01  4.45211647e+00
  1.85538913e+03  2.08098000e-01  4.64487445e+00  1.86466951e+03
  4.57007336e-01  5.56901598e+00  1.87772307e+03  4.67568957e-01
  3.55076980e+00  1.88955123e+03  3.03602438e-01  4.82211063e+00
  1.90188537e+03 -1.52806593e-02  4.72644144e+00  1.91201749e+03
  4.95304939e-01  5.36073587e+00]
Final MSE: 35155.874082839146
R² = 0.04
Initial loss: 40194.75626336267
Iteration 10000: T=9.0001, Loss=35212.57985065054
Iteration 20000: T=8.0001, Loss=35209.874234861476
Iteration 30000: T=7.0001, Loss=35211.617875853735
Iteration 40000: T=6.0001, Loss=35199.61428946089
Iteration 50000: T=5.000100000000001, Loss=35215.24754264267
Iteration 60000: T=4.0001, Loss=35198.71788444301
Iteration 70000: T=3.0000999999999998, Loss=35199.17214904796
Iteration 80000: T=2.0001, Loss=35192.020237076176
Iteration 90000: T=1.0001000000000004, Loss=35188.69920022657
Iteration 100000: T=9.99999999995449e-05, Loss=35185.692792772876
Tuning complete. MSE at tuned parameters: 35185.692792772876
Initial loss: 36640.59274087067
Iteration 10000: T=9.333400000000001, Loss=35188.86843746928
Iteration 20000: T=8.666733333333333, Loss=35184.25936167788
Iteration 30000: T=8.000066666666667, Loss=35191.41936532744
Iteration 40000: T=7.3334, Loss=35178.63367174758
Iteration 50000: T=6.666733333333333, Loss=35176.751045757475
Iteration 60000: T=6.000066666666667, Loss=35182.21188759853
Iteration 70000: T=5.333399999999999, Loss=35181.610852123646
Iteration 80000: T=4.666733333333334, Loss=35198.06452201372
Iteration 90000: T=4.000066666666666, Loss=35180.228638754015
Iteration 100000: T=3.3333999999999997, Loss=35180.475565410765
Iteration 110000: T=2.666733333333333, Loss=35175.55985200616
Iteration 120000: T=2.0000666666666667, Loss=35172.996063332765
Iteration 130000: T=1.3334000000000001, Loss=35170.802382876325
Iteration 140000: T=0.6667333333333336, Loss=35172.168069064464
Iteration 150000: T=6.666666666710341e-05, Loss=35169.80107189958
Initial loss: 36209.94940950431
Iteration 10000: T=9.333400000000001, Loss=35200.915187176965
Iteration 20000: T=8.666733333333333, Loss=35209.333601218605
Iteration 30000: T=8.000066666666667, Loss=35191.91259073576
Iteration 40000: T=7.3334, Loss=35198.70982856692
Iteration 50000: T=6.666733333333333, Loss=35197.25935653281
Iteration 60000: T=6.000066666666667, Loss=35195.45798896045
Iteration 70000: T=5.333399999999999, Loss=35193.4489811801
Iteration 80000: T=4.666733333333334, Loss=35195.07101811133
Iteration 90000: T=4.000066666666666, Loss=35184.54575304476
Iteration 100000: T=3.3333999999999997, Loss=35185.08621742014
Iteration 110000: T=2.666733333333333, Loss=35185.08593418421
Iteration 120000: T=2.0000666666666667, Loss=35185.46570382009
Iteration 130000: T=1.3334000000000001, Loss=35180.416647885286
Iteration 140000: T=0.6667333333333336, Loss=35178.946269443906
Iteration 150000: T=6.666666666710341e-05, Loss=35174.8537320332
Initial loss: 36861.61247834104
Iteration 10000: T=9.333400000000001, Loss=35185.14824193663
Iteration 20000: T=8.666733333333333, Loss=35183.481004639056
Iteration 30000: T=8.000066666666667, Loss=35185.77637171292
Iteration 40000: T=7.3334, Loss=35190.33109247491
Iteration 50000: T=6.666733333333333, Loss=35192.04979346241
Iteration 60000: T=6.000066666666667, Loss=35189.53349337324
Iteration 70000: T=5.333399999999999, Loss=35193.020777401165
Iteration 80000: T=4.666733333333334, Loss=35185.59664088927
Iteration 90000: T=4.000066666666666, Loss=35187.002703535814
Iteration 100000: T=3.3333999999999997, Loss=35184.40455380221
Iteration 110000: T=2.666733333333333, Loss=35185.392249217766
Iteration 120000: T=2.0000666666666667, Loss=35181.979034214644
Iteration 130000: T=1.3334000000000001, Loss=35179.71972455421
Iteration 140000: T=0.6667333333333336, Loss=35178.766553815614
Iteration 150000: T=6.666666666710341e-05, Loss=35176.651777591134
Initial loss: 36537.5056118907
Iteration 10000: T=9.333400000000001, Loss=35202.137736570265
Iteration 20000: T=8.666733333333333, Loss=35180.68187531259
Iteration 30000: T=8.000066666666667, Loss=35185.764629309524
Iteration 40000: T=7.3334, Loss=35182.23011712248
Iteration 50000: T=6.666733333333333, Loss=35183.1198171271
Iteration 60000: T=6.000066666666667, Loss=35189.80752522802
Iteration 70000: T=5.333399999999999, Loss=35179.38086675358
Iteration 80000: T=4.666733333333334, Loss=35179.94270849192
Iteration 90000: T=4.000066666666666, Loss=35187.50803630107
Iteration 100000: T=3.3333999999999997, Loss=35190.443739099166
Iteration 110000: T=2.666733333333333, Loss=35181.07454886141
Iteration 120000: T=2.0000666666666667, Loss=35177.62423705096
Iteration 130000: T=1.3334000000000001, Loss=35173.04242572237
Iteration 140000: T=0.6667333333333336, Loss=35170.952607101295
Iteration 150000: T=6.666666666710341e-05, Loss=35168.66829266443
Initial loss: 60905.370855416506
Iteration 10000: T=9.333400000000001, Loss=35193.666660381285
Iteration 20000: T=8.666733333333333, Loss=35223.79482835412
Iteration 30000: T=8.000066666666667, Loss=35202.40203567785
Iteration 40000: T=7.3334, Loss=35196.56431378994
Iteration 50000: T=6.666733333333333, Loss=35195.75514759076
Iteration 60000: T=6.000066666666667, Loss=35191.43497807508
Iteration 70000: T=5.333399999999999, Loss=35193.69890798036
Iteration 80000: T=4.666733333333334, Loss=35193.609630623745
Iteration 90000: T=4.000066666666666, Loss=35193.3653327329
Iteration 100000: T=3.3333999999999997, Loss=35184.60640455492
Iteration 110000: T=2.666733333333333, Loss=35185.38731231925
Iteration 120000: T=2.0000666666666667, Loss=35180.37509603534
Iteration 130000: T=1.3334000000000001, Loss=35176.12127944987
Iteration 140000: T=0.6667333333333336, Loss=35175.31286555317
Iteration 150000: T=6.666666666710341e-05, Loss=35170.74593889931
Center of mass parameters: [1.80958700e+03 4.75182286e-01 4.61678154e+00 1.82352615e+03
 7.49318779e-01 5.75621868e+00 1.83307528e+03 5.46292508e-01
 5.25362979e+00 1.84237358e+03 9.25438283e-02 4.34320421e+00
 1.85533545e+03 2.10180902e-01 4.68883959e+00 1.86586274e+03
 2.57593109e-01 5.63724740e+00 1.87786539e+03 6.99298819e-01
 4.82343373e+00 1.88886643e+03 2.47616287e-02 4.81897522e+00
 1.90133269e+03 1.11967566e+00 5.93627296e+00 1.91245081e+03
 6.76535725e-01 3.88249416e+00]
Final MSE: 35175.82356377901
R² = 0.17
Initial loss: 40194.75626336267
Iteration 10000: T=9.0001, Loss=35200.58388025007
Iteration 20000: T=8.0001, Loss=35205.964722101526
Iteration 30000: T=7.0001, Loss=35197.5860717627
Iteration 40000: T=6.0001, Loss=35197.41759317586
Iteration 50000: T=5.000100000000001, Loss=35200.11227560597
Iteration 60000: T=4.0001, Loss=35195.17888398066
Iteration 70000: T=3.0000999999999998, Loss=35196.639230029774
Iteration 80000: T=2.0001, Loss=35194.93419682841
Iteration 90000: T=1.0001000000000004, Loss=35191.66075432791
Iteration 100000: T=9.99999999995449e-05, Loss=35189.638418695286
Tuning complete. MSE at tuned parameters: 35189.638418695286
Initial loss: 36427.48837785623
Iteration 10000: T=9.333400000000001, Loss=35189.42436827005
Iteration 20000: T=8.666733333333333, Loss=35189.91983389505
Iteration 30000: T=8.000066666666667, Loss=35191.732891823645
Iteration 40000: T=7.3334, Loss=35191.0790991
Iteration 50000: T=6.666733333333333, Loss=35206.673917364344
Iteration 60000: T=6.000066666666667, Loss=35213.8453355568
Iteration 70000: T=5.333399999999999, Loss=35196.39114604185
Iteration 80000: T=4.666733333333334, Loss=35191.704365213205
Iteration 90000: T=4.000066666666666, Loss=35191.16027617176
Iteration 100000: T=3.3333999999999997, Loss=35189.42335179559
Iteration 110000: T=2.666733333333333, Loss=35188.94291283005
Iteration 120000: T=2.0000666666666667, Loss=35186.52725806849
Iteration 130000: T=1.3334000000000001, Loss=35185.246543845504
Iteration 140000: T=0.6667333333333336, Loss=35186.14278172294
Iteration 150000: T=6.666666666710341e-05, Loss=35181.97135736603
Initial loss: 38040.52932365658
Iteration 10000: T=9.333400000000001, Loss=35204.13606009877
Iteration 20000: T=8.666733333333333, Loss=35217.867189656
Iteration 30000: T=8.000066666666667, Loss=35196.48684496143
Iteration 40000: T=7.3334, Loss=35201.3782822602
Iteration 50000: T=6.666733333333333, Loss=35192.180246372
Iteration 60000: T=6.000066666666667, Loss=35231.61324649688
Iteration 70000: T=5.333399999999999, Loss=35189.777913441365
Iteration 80000: T=4.666733333333334, Loss=35190.96924621969
Iteration 90000: T=4.000066666666666, Loss=35187.033493695686
Iteration 100000: T=3.3333999999999997, Loss=35178.63016944384
Iteration 110000: T=2.666733333333333, Loss=35180.01895361706
Iteration 120000: T=2.0000666666666667, Loss=35180.17052488412
Iteration 130000: T=1.3334000000000001, Loss=35177.06634312587
Iteration 140000: T=0.6667333333333336, Loss=35173.88128476331
Iteration 150000: T=6.666666666710341e-05, Loss=35170.23204926823
Initial loss: 35352.18005350189
Iteration 10000: T=9.333400000000001, Loss=35197.763206971504
Iteration 20000: T=8.666733333333333, Loss=35212.45576591141
Iteration 30000: T=8.000066666666667, Loss=35202.719522940504
Iteration 40000: T=7.3334, Loss=35204.99806082607
Iteration 50000: T=6.666733333333333, Loss=35187.60100142519
Iteration 60000: T=6.000066666666667, Loss=35187.53043417669
Iteration 70000: T=5.333399999999999, Loss=35185.417012875696
Iteration 80000: T=4.666733333333334, Loss=35191.04729227472
Iteration 90000: T=4.000066666666666, Loss=35194.83349148617
Iteration 100000: T=3.3333999999999997, Loss=35188.47785218573
Iteration 110000: T=2.666733333333333, Loss=35188.75771633252
Iteration 120000: T=2.0000666666666667, Loss=35186.20801347299
Iteration 130000: T=1.3334000000000001, Loss=35187.265832706675
Iteration 140000: T=0.6667333333333336, Loss=35182.732444911664
Iteration 150000: T=6.666666666710341e-05, Loss=35178.92934360732
Initial loss: 36678.644807838595
Iteration 10000: T=9.333400000000001, Loss=35191.699361544095
Iteration 20000: T=8.666733333333333, Loss=35192.64501729013
Iteration 30000: T=8.000066666666667, Loss=35191.583133547116
Iteration 40000: T=7.3334, Loss=35199.65988760609
Iteration 50000: T=6.666733333333333, Loss=35189.08683968127
Iteration 60000: T=6.000066666666667, Loss=35192.413284287264
Iteration 70000: T=5.333399999999999, Loss=35184.680854897546
Iteration 80000: T=4.666733333333334, Loss=35188.01274878558
Iteration 90000: T=4.000066666666666, Loss=35180.208141317285
Iteration 100000: T=3.3333999999999997, Loss=35182.41530463195
Iteration 110000: T=2.666733333333333, Loss=35182.641859684816
Iteration 120000: T=2.0000666666666667, Loss=35177.238601193785
Iteration 130000: T=1.3334000000000001, Loss=35174.38103823681
Iteration 140000: T=0.6667333333333336, Loss=35172.95672982272
Iteration 150000: T=6.666666666710341e-05, Loss=35169.51485481302
Initial loss: 36900.00841298093
Iteration 10000: T=9.333400000000001, Loss=35194.374838294956
Iteration 20000: T=8.666733333333333, Loss=35203.77785142185
Iteration 30000: T=8.000066666666667, Loss=35193.80770069291
Iteration 40000: T=7.3334, Loss=35193.44067056304
Iteration 50000: T=6.666733333333333, Loss=35193.345430294554
Iteration 60000: T=6.000066666666667, Loss=35211.864720529346
Iteration 70000: T=5.333399999999999, Loss=35199.18186222392
Iteration 80000: T=4.666733333333334, Loss=35195.98184881461
Iteration 90000: T=4.000066666666666, Loss=35198.131196151386
Iteration 100000: T=3.3333999999999997, Loss=35196.148814815104
Iteration 110000: T=2.666733333333333, Loss=35202.009379787654
Iteration 120000: T=2.0000666666666667, Loss=35192.55643692529
Iteration 130000: T=1.3334000000000001, Loss=35190.44419713325
Iteration 140000: T=0.6667333333333336, Loss=35189.15782944839
Iteration 150000: T=6.666666666710341e-05, Loss=35188.24951239259
Center of mass parameters: [ 1.80993544e+03  1.88337406e+00  4.43669532e+00  1.82436885e+03
 -1.16372989e-01  4.52185978e+00  1.83211879e+03  3.97207797e-01
  5.88296378e+00  1.84251256e+03  2.87761595e-01  5.01482878e+00
  1.85525870e+03  2.13001777e-01  4.74884186e+00  1.86610587e+03
  7.78911319e-01  4.36113718e+00  1.87744824e+03  2.41787998e-02
  5.07765708e+00  1.89038830e+03  8.71109338e-01  5.06558504e+00
  1.90114116e+03  3.87502860e-01  4.73565540e+00  1.91257737e+03
  1.80881206e-01  4.94023861e+00]
Final MSE: 35182.38030062474
R² = 0.08
Initial loss: 40194.75626336267
Iteration 10000: T=9.0001, Loss=35194.62557592031
Iteration 20000: T=8.0001, Loss=35204.279401138556
Iteration 30000: T=7.0001, Loss=35193.78495573521
Iteration 40000: T=6.0001, Loss=35190.590802463375
Iteration 50000: T=5.000100000000001, Loss=35203.72883402272
Iteration 60000: T=4.0001, Loss=35193.11678756295
Iteration 70000: T=3.0000999999999998, Loss=35191.47507020778
Iteration 80000: T=2.0001, Loss=35192.24438386374
Iteration 90000: T=1.0001000000000004, Loss=35192.90130807146
Iteration 100000: T=9.99999999995449e-05, Loss=35190.251674761515
Tuning complete. MSE at tuned parameters: 35190.251674761515
Initial loss: 37728.53630197022
Iteration 10000: T=9.333400000000001, Loss=35191.38312957012
Iteration 20000: T=8.666733333333333, Loss=35199.18575706971
Iteration 30000: T=8.000066666666667, Loss=35201.73789889309
Iteration 40000: T=7.3334, Loss=35199.5728843854
Iteration 50000: T=6.666733333333333, Loss=35197.39935972944
Iteration 60000: T=6.000066666666667, Loss=35197.23475509941
Iteration 70000: T=5.333399999999999, Loss=35203.69400420941
Iteration 80000: T=4.666733333333334, Loss=35197.53308073643
Iteration 90000: T=4.000066666666666, Loss=35199.116473215276
Iteration 100000: T=3.3333999999999997, Loss=35209.27210231332
Iteration 110000: T=2.666733333333333, Loss=35202.15983161881
Iteration 120000: T=2.0000666666666667, Loss=35192.410704836584
Iteration 130000: T=1.3334000000000001, Loss=35191.99684474649
Iteration 140000: T=0.6667333333333336, Loss=35193.211338028304
Iteration 150000: T=6.666666666710341e-05, Loss=35185.82645901818
Initial loss: 37401.03501417256
Iteration 10000: T=9.333400000000001, Loss=35200.88653060931
Iteration 20000: T=8.666733333333333, Loss=35192.46321052386
Iteration 30000: T=8.000066666666667, Loss=35199.19832440571
Iteration 40000: T=7.3334, Loss=35200.39795229893
Iteration 50000: T=6.666733333333333, Loss=35198.726810464876
Iteration 60000: T=6.000066666666667, Loss=35229.87703476254
Iteration 70000: T=5.333399999999999, Loss=35199.70289015082
Iteration 80000: T=4.666733333333334, Loss=35197.556483438784
Iteration 90000: T=4.000066666666666, Loss=35199.89869275471
Iteration 100000: T=3.3333999999999997, Loss=35200.54833019257
Iteration 110000: T=2.666733333333333, Loss=35194.80264048671
Iteration 120000: T=2.0000666666666667, Loss=35193.333993075204
Iteration 130000: T=1.3334000000000001, Loss=35190.92457771458
Iteration 140000: T=0.6667333333333336, Loss=35190.08640638255
Iteration 150000: T=6.666666666710341e-05, Loss=35186.22140128613
Initial loss: 43885.66521865249
Iteration 10000: T=9.333400000000001, Loss=35200.337873808065
Iteration 20000: T=8.666733333333333, Loss=35195.17170448347
Iteration 30000: T=8.000066666666667, Loss=35194.61382081725
Iteration 40000: T=7.3334, Loss=35195.249610924926
Iteration 50000: T=6.666733333333333, Loss=35197.23663760012
Iteration 60000: T=6.000066666666667, Loss=35201.58863386157
Iteration 70000: T=5.333399999999999, Loss=35186.6393120406
Iteration 80000: T=4.666733333333334, Loss=35212.57519975386
Iteration 90000: T=4.000066666666666, Loss=35187.09934886933
Iteration 100000: T=3.3333999999999997, Loss=35189.13229076326
Iteration 110000: T=2.666733333333333, Loss=35197.706826101254
Iteration 120000: T=2.0000666666666667, Loss=35181.07938042401
Iteration 130000: T=1.3334000000000001, Loss=35177.882136243
Iteration 140000: T=0.6667333333333336, Loss=35175.85897391111
Iteration 150000: T=6.666666666710341e-05, Loss=35173.07312076542
Initial loss: 38169.52561857112
Iteration 10000: T=9.333400000000001, Loss=35190.73228263446
Iteration 20000: T=8.666733333333333, Loss=35200.55900468705
Iteration 30000: T=8.000066666666667, Loss=35195.68940258692
Iteration 40000: T=7.3334, Loss=35203.961843451834
Iteration 50000: T=6.666733333333333, Loss=35193.73332805613
Iteration 60000: T=6.000066666666667, Loss=35191.63812578926
Iteration 70000: T=5.333399999999999, Loss=35210.710560730586
Iteration 80000: T=4.666733333333334, Loss=35185.87336555765
Iteration 90000: T=4.000066666666666, Loss=35182.212644460626
Iteration 100000: T=3.3333999999999997, Loss=35186.326750544635
Iteration 110000: T=2.666733333333333, Loss=35179.669975669894
Iteration 120000: T=2.0000666666666667, Loss=35180.49860138205
Iteration 130000: T=1.3334000000000001, Loss=35181.39768960379
Iteration 140000: T=0.6667333333333336, Loss=35178.87435756092
Iteration 150000: T=6.666666666710341e-05, Loss=35178.24603582799
Initial loss: 35465.77363233003
Iteration 10000: T=9.333400000000001, Loss=35197.90430786023
Iteration 20000: T=8.666733333333333, Loss=35204.2227751583
Iteration 30000: T=8.000066666666667, Loss=35207.116838174064
Iteration 40000: T=7.3334, Loss=35218.71479552147
Iteration 50000: T=6.666733333333333, Loss=35211.32102966796
Iteration 60000: T=6.000066666666667, Loss=35213.76370815858
Iteration 70000: T=5.333399999999999, Loss=35210.02524989229
Iteration 80000: T=4.666733333333334, Loss=35221.03160530842
Iteration 90000: T=4.000066666666666, Loss=35211.85656189913
Iteration 100000: T=3.3333999999999997, Loss=35207.88448316377
Iteration 110000: T=2.666733333333333, Loss=35218.28516770024
Iteration 120000: T=2.0000666666666667, Loss=35209.83122277612
Iteration 130000: T=1.3334000000000001, Loss=35209.08862992862
Iteration 140000: T=0.6667333333333336, Loss=35208.01457640753
Iteration 150000: T=6.666666666710341e-05, Loss=35203.95375314458
Center of mass parameters: [ 1.80985974e+03 -1.56576868e-01  3.62538875e+00  1.82277263e+03
 -2.69247641e-02  4.78083637e+00  1.83199280e+03  1.54397595e+00
  4.91162115e+00  1.84240811e+03  4.52007784e-01  4.73284378e+00
  1.85547972e+03  2.04618148e-01  4.57202895e+00  1.86654489e+03
  8.60361039e-01  4.38757508e+00  1.87868077e+03 -3.70960659e-01
  4.43798102e+00  1.88915984e+03  4.32180701e-01  5.75327260e+00
  1.90237723e+03  8.08383084e-01  4.48010662e+00  1.91418938e+03
  9.00701011e-01  3.89220967e+00]
Final MSE: 35187.378892327426
R² = 0.03
