Initial loss: 11336.087636830835
Iteration 100: Loss = 10211.067816065688
Iteration 200: Loss = 10206.891200706012
Iteration 300: Loss = 10205.575731521394
Iteration 400: Loss = 10204.811173644335
Iteration 500: Loss = 10204.811173644335
Iteration 600: Loss = 10204.811173644335
Iteration 700: Loss = 10204.456758444578
Iteration 800: Loss = 10204.364462212761
Iteration 900: Loss = 10203.695085974237
Iteration 1000: Loss = 10202.026553919923
Best loss: 10202.026553919923 | Parameters: [1.93335969e+03 2.25606272e-01 4.99599418e+00]
Initial loss: 11336.087636830835
Iteration 100: Loss = 10217.845170543007
Iteration 200: Loss = 10214.971055175634
Iteration 300: Loss = 10214.971055175634
Iteration 400: Loss = 10214.971055175634
Iteration 500: Loss = 10214.971055175634
Iteration 600: Loss = 10214.971055175634
Iteration 700: Loss = 10212.893491447048
Iteration 800: Loss = 10209.025176281077
Iteration 900: Loss = 10209.025176281077
Iteration 1000: Loss = 10209.025176281077
Best loss: 10209.025176281077 | Parameters: [1.93374714e+03 1.97197828e-01 4.44034659e+00]
Initial loss: 11336.087636830835
Iteration 100: Loss = 10227.182125167052
Iteration 200: Loss = 10220.176797364236
Iteration 300: Loss = 10204.60811711114
Iteration 400: Loss = 10201.636874475798
Iteration 500: Loss = 10201.636874475798
Iteration 600: Loss = 10201.636874475798
Iteration 700: Loss = 10201.636874475798
Iteration 800: Loss = 10200.993398803917
Iteration 900: Loss = 10200.993398803917
Iteration 1000: Loss = 10199.347977182992
Best loss: 10199.347977182992 | Parameters: [ 1.93317002e+03 -2.49449586e-01  5.36547579e+00]
Initial loss: 11336.087636830835
Iteration 100: Loss = 10342.26734753349
Iteration 200: Loss = 10203.888348320883
Iteration 300: Loss = 10203.888348320883
Iteration 400: Loss = 10200.985805315122
Iteration 500: Loss = 10200.985805315122
Iteration 600: Loss = 10200.985805315122
Iteration 700: Loss = 10200.985805315122
Iteration 800: Loss = 10200.985805315122
Iteration 900: Loss = 10200.985805315122
Iteration 1000: Loss = 10200.985805315122
Best loss: 10200.985805315122 | Parameters: [1.93326907e+03 2.36040424e-01 5.11846109e+00]
Initial loss: 11336.087636830835
Iteration 100: Loss = 10212.058507486017
Iteration 200: Loss = 10206.587066964734
Iteration 300: Loss = 10206.587066964734
Iteration 400: Loss = 10206.587066964734
Iteration 500: Loss = 10197.923101264192
Iteration 600: Loss = 10193.838293054272
Iteration 700: Loss = 10181.196607975768
Iteration 800: Loss = 10142.155205953472
Iteration 900: Loss = 10029.869701631476
Iteration 1000: Loss = 9621.382880703975
Best loss: 9621.382880703975 | Parameters: [ 1.93191694e+03 -5.47086541e-01  1.05624993e+01]
Initial loss: 11336.087636830835
Iteration 100: Loss = 10211.551138578181
Iteration 200: Loss = 10211.551138578181
Iteration 300: Loss = 10209.944255865079
Iteration 400: Loss = 10209.013111593456
Iteration 500: Loss = 10209.013111593456
Iteration 600: Loss = 10206.076291040656
Iteration 700: Loss = 10206.076291040656
Iteration 800: Loss = 10206.076291040656
Iteration 900: Loss = 10206.076291040656
Iteration 1000: Loss = 10206.076291040656
Best loss: 10206.076291040656 | Parameters: [1.93368780e+03 2.04836339e-01 4.60968517e+00]
Initial loss: 11336.087636830835
Iteration 100: Loss = 10250.737998631012
Iteration 200: Loss = 10213.320550421706
Iteration 300: Loss = 10204.527028599463
Iteration 400: Loss = 10204.527028599463
Iteration 500: Loss = 10204.527028599463
Iteration 600: Loss = 10204.527028599463
Iteration 700: Loss = 10200.715101460388
Iteration 800: Loss = 10200.715101460388
Iteration 900: Loss = 10200.715101460388
Iteration 1000: Loss = 10200.715101460388
Best loss: 10200.715101460388 | Parameters: [ 1.93317943e+03 -2.35816700e-01  5.18981047e+00]
Initial loss: 11336.087636830835
Iteration 100: Loss = 10226.067117063909
Iteration 200: Loss = 10226.067117063909
Iteration 300: Loss = 10208.01769509239
Iteration 400: Loss = 10207.956308664016
Iteration 500: Loss = 10203.970367701817
Iteration 600: Loss = 10203.970367701817
Iteration 700: Loss = 10203.970367701817
Iteration 800: Loss = 10203.970367701817
Iteration 900: Loss = 10203.970367701817
Iteration 1000: Loss = 10199.101496664467
Best loss: 10199.101496664467 | Parameters: [ 1.93303464e+03 -2.60289470e-01  5.48365892e+00]
Initial loss: 11336.087636830835
Iteration 100: Loss = 10208.793591412772
Iteration 200: Loss = 10208.793591412772
Iteration 300: Loss = 10208.793591412772
Iteration 400: Loss = 10205.273668661484
Iteration 500: Loss = 10205.273668661484
Iteration 600: Loss = 10205.273668661484
Iteration 700: Loss = 10205.273668661484
Iteration 800: Loss = 10203.94407357108
Iteration 900: Loss = 10203.94407357108
Iteration 1000: Loss = 10203.94407357108
Best loss: 10203.94407357108 | Parameters: [1.93336414e+03 2.30583589e-01 4.97154131e+00]
Initial loss: 11336.087636830835
Iteration 100: Loss = 10342.4014042605
Iteration 200: Loss = 10154.882708886473
Iteration 300: Loss = 9246.360819328635
Iteration 400: Loss = 8841.4070826587
Iteration 500: Loss = 8387.142523701217
Iteration 600: Loss = 8242.587928571147
Iteration 700: Loss = 8152.261050864593
Iteration 800: Loss = 8107.369741512371
Iteration 900: Loss = 8093.240502567777
Iteration 1000: Loss = 8091.6335029624615
Best loss: 8091.6335029624615 | Parameters: [ 1.92904155e+03 -1.06985653e+00  2.08611571e+01]
Initial loss: 11336.087636830835
Iteration 100: Loss = 10290.41279408706
Iteration 200: Loss = 10253.505860128891
Iteration 300: Loss = 10253.505860128891
Iteration 400: Loss = 10253.505860128891
Iteration 500: Loss = 10239.483909222203
Iteration 600: Loss = 10229.953129703134
Iteration 700: Loss = 10229.953129703134
Iteration 800: Loss = 10229.953129703134
Iteration 900: Loss = 10229.953129703134
Iteration 1000: Loss = 10229.953129703134
Best loss: 10229.953129703134 | Parameters: [ 1.93439014e+03 -1.67938325e-01  3.89069486e+00]
Initial loss: 11336.087636830835
Iteration 100: Loss = 10284.824310638203
Iteration 200: Loss = 10204.123684062564
Iteration 300: Loss = 10096.599169101584
Iteration 400: Loss = 9830.586098834712
Iteration 500: Loss = 9133.007192129187
Iteration 600: Loss = 8593.791671490373
Iteration 700: Loss = 8353.310227867483
Iteration 800: Loss = 8247.318356143398
Iteration 900: Loss = 8168.418424200584
Iteration 1000: Loss = 8116.121057298273
Best loss: 8116.121057298273 | Parameters: [1.92884863e+03 1.07216214e+00 2.04954145e+01]
Initial loss: 11336.087636830835
Iteration 100: Loss = 10234.199355618573
Iteration 200: Loss = 10214.737293613412
Iteration 300: Loss = 10207.192974794621
Iteration 400: Loss = 10207.192974794621
Iteration 500: Loss = 10207.192974794621
Iteration 600: Loss = 10207.192974794621
Iteration 700: Loss = 10207.192974794621
Iteration 800: Loss = 10204.951176910201
Iteration 900: Loss = 10204.951176910201
Iteration 1000: Loss = 10204.951176910201
Best loss: 10204.951176910201 | Parameters: [ 1.93346628e+03 -2.14599320e-01  4.75105485e+00]
Initial loss: 11336.087636830835
Iteration 100: Loss = 10228.671397221253
Iteration 200: Loss = 10228.671397221253
Iteration 300: Loss = 10215.527391811333
Iteration 400: Loss = 10215.527391811333
Iteration 500: Loss = 10215.527391811333
Iteration 600: Loss = 10215.527391811333
Iteration 700: Loss = 10215.527391811333
Iteration 800: Loss = 10215.527391811333
Iteration 900: Loss = 10211.598371950242
Iteration 1000: Loss = 10207.405164236121
Best loss: 10207.405164236121 | Parameters: [ 1.93328214e+03 -2.44321678e-01  5.13502379e+00]
Initial loss: 11336.087636830835
Iteration 100: Loss = 10157.11527658701
Iteration 200: Loss = 9868.527718558893
Iteration 300: Loss = 9612.84803544981
Iteration 400: Loss = 9529.587994443613
Iteration 500: Loss = 8662.495340704438
Iteration 600: Loss = 8454.3887342671
Iteration 700: Loss = 8303.106908634874
Iteration 800: Loss = 8279.165938929948
Iteration 900: Loss = 8196.037557657684
Iteration 1000: Loss = 8103.066556892201
Best loss: 8103.066556892201 | Parameters: [1.92891036e+03 1.00732812e+00 2.06384595e+01]
Initial loss: 11336.087636830835
Iteration 100: Loss = 10166.162960446329
Iteration 200: Loss = 9634.555285664894
Iteration 300: Loss = 9318.477427336818
Iteration 400: Loss = 8533.293387420403
Iteration 500: Loss = 8385.395511983694
Iteration 600: Loss = 8290.432367977224
Iteration 700: Loss = 8107.818230517551
Iteration 800: Loss = 8070.080548814382
Iteration 900: Loss = 7973.2854414254225
Iteration 1000: Loss = 7943.752631487466
Best loss: 7943.752631487466 | Parameters: [ 1.92603041e+03 -1.19407548e+00  2.33840574e+01]
Initial loss: 11336.087636830835
Iteration 100: Loss = 10196.407070607489
Iteration 200: Loss = 10196.407070607489
Iteration 300: Loss = 9972.025393069966
Iteration 400: Loss = 9183.122699245181
Iteration 500: Loss = 8985.534154466788
Iteration 600: Loss = 8574.237150250603
Iteration 700: Loss = 8350.981526057001
Iteration 800: Loss = 8275.13421523422
Iteration 900: Loss = 8163.057713748914
Iteration 1000: Loss = 8104.830282159762
Best loss: 8104.830282159762 | Parameters: [1.92936690e+03 1.04559402e+00 2.14460318e+01]
Initial loss: 11336.087636830835
Iteration 100: Loss = 10286.985260663485
Iteration 200: Loss = 10097.583938450782
Iteration 300: Loss = 10024.073006538249
Iteration 400: Loss = 9777.933579172863
Iteration 500: Loss = 8615.049135622825
Iteration 600: Loss = 8517.338026128435
Iteration 700: Loss = 8381.066957705381
Iteration 800: Loss = 8254.00364106145
Iteration 900: Loss = 8254.00364106145
Iteration 1000: Loss = 8186.0073828265095
Best loss: 8186.0073828265095 | Parameters: [ 1.93106478e+03 -1.07300644e+00  2.08887828e+01]
Initial loss: 11336.087636830835
Iteration 100: Loss = 10343.382229800964
Iteration 200: Loss = 10343.382229800964
Iteration 300: Loss = 10230.40908949503
Iteration 400: Loss = 10230.40908949503
Iteration 500: Loss = 10222.458947485286
Iteration 600: Loss = 10209.238439739047
Iteration 700: Loss = 10207.65585248017
Iteration 800: Loss = 10207.65585248017
Iteration 900: Loss = 10207.65585248017
Iteration 1000: Loss = 10207.65585248017
Best loss: 10207.65585248017 | Parameters: [1.93348411e+03 2.17281218e-01 4.72806617e+00]
Initial loss: 11336.087636830835
Iteration 100: Loss = 10286.401549781049
Iteration 200: Loss = 10286.401549781049
Iteration 300: Loss = 10227.036298609553
Iteration 400: Loss = 10223.580319432986
Iteration 500: Loss = 10209.014596847815
Iteration 600: Loss = 10201.091341564925
Iteration 700: Loss = 10201.091341564925
Iteration 800: Loss = 9694.942485408008
Iteration 900: Loss = 9238.395190783456
Iteration 1000: Loss = 8567.233550047655
Best loss: 8567.233550047655 | Parameters: [1.93214263e+03 7.87280526e-01 1.55590044e+01]
Initial loss: 11336.087636830835
Iteration 100: Loss = 10274.22321446893
Iteration 200: Loss = 10226.208380026617
Iteration 300: Loss = 10022.85438573288
Iteration 400: Loss = 9638.30940573795
Iteration 500: Loss = 8914.02588970578
Iteration 600: Loss = 8545.931141545336
Iteration 700: Loss = 8485.545451461267
Iteration 800: Loss = 8155.90190944906
Iteration 900: Loss = 8096.230704126734
Iteration 1000: Loss = 7986.312521297836
Best loss: 7986.312521297836 | Parameters: [1.92539782e+03 1.11689085e+00 2.31429979e+01]
Initial loss: 11336.087636830835
Iteration 100: Loss = 10127.8671774801
Iteration 200: Loss = 10037.23931002787
Iteration 300: Loss = 9606.715326735488
Iteration 400: Loss = 9149.347178625188
Iteration 500: Loss = 8614.464658414594
Iteration 600: Loss = 8604.011887203937
Iteration 700: Loss = 8491.940332397779
Iteration 800: Loss = 8256.052097295455
Iteration 900: Loss = 8171.890089036164
Iteration 1000: Loss = 8132.174841278109
Best loss: 8132.174841278109 | Parameters: [1.92991178e+03 1.01013918e+00 2.06612045e+01]
Initial loss: 11336.087636830835
Iteration 100: Loss = 10183.423740276326
Iteration 200: Loss = 10144.118774744204
Iteration 300: Loss = 10009.913734810512
Iteration 400: Loss = 8933.254265263095
Iteration 500: Loss = 8649.631765237016
Iteration 600: Loss = 8615.236028046576
Iteration 700: Loss = 8374.263104447276
Iteration 800: Loss = 8235.58501911692
Iteration 900: Loss = 8200.185392027768
Iteration 1000: Loss = 8078.848929008345
Best loss: 8078.848929008345 | Parameters: [1.92910036e+03 1.08782180e+00 2.13587871e+01]
Initial loss: 11336.087636830835
Iteration 100: Loss = 10434.478229096303
Iteration 200: Loss = 10150.95396861302
Iteration 300: Loss = 9718.709644457611
Iteration 400: Loss = 8636.262656563495
Iteration 500: Loss = 8474.056885400716
Iteration 600: Loss = 8331.306473474042
Iteration 700: Loss = 8240.968243226776
Iteration 800: Loss = 8187.605936769453
Iteration 900: Loss = 8152.101759208186
Iteration 1000: Loss = 8067.772057368945
Best loss: 8067.772057368945 | Parameters: [ 1.92896522e+03 -1.09295635e+00  2.17375012e+01]
Initial loss: 11336.087636830835
Iteration 100: Loss = 10226.530202192414
Iteration 200: Loss = 10160.98259544459
Iteration 300: Loss = 10102.68769988186
Iteration 400: Loss = 9782.763640006711
Iteration 500: Loss = 9180.82631218538
Iteration 600: Loss = 8509.973806816803
Iteration 700: Loss = 8429.449731623543
Iteration 800: Loss = 8286.636456136317
Iteration 900: Loss = 8168.102690394389
Iteration 1000: Loss = 8055.711557158881
Best loss: 8055.711557158881 | Parameters: [ 1.92811325e+03 -1.05644476e+00  2.12168776e+01]
Initial loss: 11336.087636830835
Iteration 100: Loss = 10231.468802265828
Iteration 200: Loss = 10209.125043847813
Iteration 300: Loss = 10209.125043847813
Iteration 400: Loss = 10209.125043847813
Iteration 500: Loss = 10209.125043847813
Iteration 600: Loss = 10209.125043847813
Iteration 700: Loss = 10209.125043847813
Iteration 800: Loss = 10204.388454189473
Iteration 900: Loss = 10204.388454189473
Iteration 1000: Loss = 10161.8606557738
Best loss: 10161.8606557738 | Parameters: [ 1.93209233e+03 -3.27375492e-01  6.69043629e+00]
Initial loss: 11336.087636830835
Iteration 100: Loss = 10280.15159393891
Iteration 200: Loss = 10191.523010470126
Iteration 300: Loss = 9997.598251166557
Iteration 400: Loss = 9550.98297523108
Iteration 500: Loss = 8805.384400351606
Iteration 600: Loss = 8281.703955463472
Iteration 700: Loss = 8135.957662771243
Iteration 800: Loss = 8106.115814942523
Iteration 900: Loss = 7993.4962836421755
Iteration 1000: Loss = 7901.630276091904
Best loss: 7901.630276091904 | Parameters: [1.92319867e+03 1.18709186e+00 2.36620093e+01]
Initial loss: 11336.087636830835
Iteration 100: Loss = 10143.110199507579
Iteration 200: Loss = 8918.65866344741
Iteration 300: Loss = 8640.76368519745
Iteration 400: Loss = 8378.713919295364
Iteration 500: Loss = 8283.76241582207
Iteration 600: Loss = 8223.20124583287
Iteration 700: Loss = 8072.296089791384
Iteration 800: Loss = 8023.630477571016
Iteration 900: Loss = 7916.717560475709
Iteration 1000: Loss = 7860.060962217063
Best loss: 7860.060962217063 | Parameters: [ 1.92432020e+03 -1.32893367e+00  2.54664895e+01]
Initial loss: 11336.087636830835
Iteration 100: Loss = 9676.1108267814
Iteration 200: Loss = 9038.051296034246
Iteration 300: Loss = 8897.698471553718
Iteration 400: Loss = 8771.579111142155
Iteration 500: Loss = 8584.928541170231
Iteration 600: Loss = 8556.470278330667
Iteration 700: Loss = 8500.924685525122
Iteration 800: Loss = 8401.669283238263
Iteration 900: Loss = 8273.320553301695
Iteration 1000: Loss = 8156.03889787381
Best loss: 8156.03889787381 | Parameters: [1.92937545e+03 9.67984616e-01 1.94678644e+01]
Initial loss: 11336.087636830835
Iteration 100: Loss = 10189.844097066738
Iteration 200: Loss = 10189.844097066738
Iteration 300: Loss = 10121.863711688104
Iteration 400: Loss = 9230.351625244293
Iteration 500: Loss = 8480.72182186639
Iteration 600: Loss = 8410.688176090916
Iteration 700: Loss = 8290.940106771503
Iteration 800: Loss = 8106.923071133992
Iteration 900: Loss = 8062.334937613783
Iteration 1000: Loss = 8031.028598877007
Best loss: 8031.028598877007 | Parameters: [1.92771169e+03 1.10968584e+00 2.26965346e+01]
Initial loss: 11312.618177926339
Iteration 100: Loss = 10227.183298670629
Iteration 200: Loss = 10206.136276572466
Iteration 300: Loss = 10206.136276572466
Iteration 400: Loss = 10205.228833603627
Iteration 500: Loss = 10205.228833603627
Iteration 600: Loss = 10205.228833603627
Iteration 700: Loss = 10205.228833603627
Iteration 800: Loss = 10205.228833603627
Iteration 900: Loss = 10205.228833603627
Iteration 1000: Loss = 10205.228833603627
Best loss: 10205.228833603627 | Parameters: [1.93364804e+03 2.09589708e-01 4.68718646e+00]
Initial loss: 11312.618177926339
Iteration 100: Loss = 10204.232701767365
Iteration 200: Loss = 10202.51703487864
Iteration 300: Loss = 10201.99888971059
Iteration 400: Loss = 10201.99888971059
Iteration 500: Loss = 10201.99888971059
Iteration 600: Loss = 10201.99888971059
Iteration 700: Loss = 10199.58962165369
Iteration 800: Loss = 10197.144042139837
Iteration 900: Loss = 10197.144042139837
Iteration 1000: Loss = 10197.144042139837
Best loss: 10197.144042139837 | Parameters: [1.93304059e+03 2.62707867e-01 5.63619121e+00]
Initial loss: 11312.618177926339
Iteration 100: Loss = 10234.694104779628
Iteration 200: Loss = 10213.770251866528
Iteration 300: Loss = 10209.34855915615
Iteration 400: Loss = 10207.415891148115
Iteration 500: Loss = 10207.415891148115
Iteration 600: Loss = 10205.453958151093
Iteration 700: Loss = 10205.453958151093
Iteration 800: Loss = 10205.453958151093
Iteration 900: Loss = 10205.453958151093
Iteration 1000: Loss = 10205.453958151093
Best loss: 10205.453958151093 | Parameters: [ 1.93363013e+03 -2.11758285e-01  4.75187242e+00]
Initial loss: 11312.618177926339
Iteration 100: Loss = 10211.303522320417
Iteration 200: Loss = 10206.091732409253
Iteration 300: Loss = 10191.703858058001
Iteration 400: Loss = 10186.02017739086
Iteration 500: Loss = 10186.02017739086
Iteration 600: Loss = 10184.923917239532
Iteration 700: Loss = 10155.174247637464
Iteration 800: Loss = 10145.178544304094
Iteration 900: Loss = 10091.163388918043
Iteration 1000: Loss = 10015.88867207172
Best loss: 10015.88867207172 | Parameters: [ 1.93211802e+03 -4.38770280e-01  8.35731119e+00]
Initial loss: 11312.618177926339
Iteration 100: Loss = 10209.791575737527
Iteration 200: Loss = 10203.900466595462
Iteration 300: Loss = 10203.690839452824
Iteration 400: Loss = 10202.113377463313
Iteration 500: Loss = 10193.711678125896
Iteration 600: Loss = 10162.043129130925
Iteration 700: Loss = 10104.91845076142
Iteration 800: Loss = 9979.957461614078
Iteration 900: Loss = 9581.22336389541
Iteration 1000: Loss = 8770.800356776848
Best loss: 8770.800356776848 | Parameters: [1.93199817e+03 6.78668664e-01 1.44783230e+01]
Initial loss: 11312.618177926339
Iteration 100: Loss = 10256.306231256358
Iteration 200: Loss = 10214.602943240023
Iteration 300: Loss = 10214.602943240023
Iteration 400: Loss = 10214.03599827248
Iteration 500: Loss = 10208.136074117725
Iteration 600: Loss = 10208.136074117725
Iteration 700: Loss = 10208.136074117725
Iteration 800: Loss = 10208.136074117725
Iteration 900: Loss = 10208.136074117725
Iteration 1000: Loss = 10208.136074117725
Best loss: 10208.136074117725 | Parameters: [1.93379079e+03 1.98017934e-01 4.49400173e+00]
Initial loss: 11312.618177926339
Iteration 100: Loss = 10208.600684914565
Iteration 200: Loss = 10191.888678452713
Iteration 300: Loss = 10191.888678452713
Iteration 400: Loss = 10171.828802696062
Iteration 500: Loss = 10159.07678223592
Iteration 600: Loss = 9987.498842445104
Iteration 700: Loss = 9172.094514195573
Iteration 800: Loss = 8815.0746832818
Iteration 900: Loss = 8400.278703361844
Iteration 1000: Loss = 8313.913508380525
Best loss: 8313.913508380525 | Parameters: [1.93241268e+03 9.03671919e-01 1.79969401e+01]
Initial loss: 11312.618177926339
Iteration 100: Loss = 10232.139233918337
Iteration 200: Loss = 10232.139233918337
Iteration 300: Loss = 10232.139233918337
Iteration 400: Loss = 10232.139233918337
Iteration 500: Loss = 10232.139233918337
Iteration 600: Loss = 10232.139233918337
Iteration 700: Loss = 10221.936809678247
Iteration 800: Loss = 10217.162270497312
Iteration 900: Loss = 10191.582313912175
Iteration 1000: Loss = 10026.565033506584
Best loss: 10026.565033506584 | Parameters: [ 1.93130073e+03 -3.96080880e-01  8.64659939e+00]
Initial loss: 11312.618177926339
Iteration 100: Loss = 10216.302567587032
Iteration 200: Loss = 10210.079837234967
Iteration 300: Loss = 10210.079837234967
Iteration 400: Loss = 10210.079837234967
Iteration 500: Loss = 10207.16747022725
Iteration 600: Loss = 10207.16747022725
Iteration 700: Loss = 10207.16747022725
Iteration 800: Loss = 10204.455092311282
Iteration 900: Loss = 10204.455092311282
Iteration 1000: Loss = 10204.455092311282
Best loss: 10204.455092311282 | Parameters: [ 1.93355402e+03 -2.11427604e-01  4.72245162e+00]
Initial loss: 11312.618177926339
Iteration 100: Loss = 10225.115203822828
Iteration 200: Loss = 10225.115203822828
Iteration 300: Loss = 10225.115203822828
Iteration 400: Loss = 10225.115203822828
Iteration 500: Loss = 10218.4689892169
Iteration 600: Loss = 10215.178120442612
Iteration 700: Loss = 10207.099206668232
Iteration 800: Loss = 10200.696608198848
Iteration 900: Loss = 10190.682568551001
Iteration 1000: Loss = 10024.938249670498
Best loss: 10024.938249670498 | Parameters: [ 1.93208371e+03 -4.66883114e-01  8.50658000e+00]
Initial loss: 11312.618177926339
Iteration 100: Loss = 10206.777012079257
Iteration 200: Loss = 10202.593548674786
Iteration 300: Loss = 10202.593548674786
Iteration 400: Loss = 10202.593548674786
Iteration 500: Loss = 10201.555817126111
Iteration 600: Loss = 10191.340951606951
Iteration 700: Loss = 10191.340951606951
Iteration 800: Loss = 10171.983500368513
Iteration 900: Loss = 10031.084060007715
Iteration 1000: Loss = 9691.76779341595
Best loss: 9691.76779341595 | Parameters: [ 1.93147037e+03 -7.07553904e-01  1.14405181e+01]
Initial loss: 11312.618177926339
Iteration 100: Loss = 10218.362085469564
Iteration 200: Loss = 10218.362085469564
Iteration 300: Loss = 10206.897450729884
Iteration 400: Loss = 10206.897450729884
Iteration 500: Loss = 10206.897450729884
Iteration 600: Loss = 10206.897450729884
Iteration 700: Loss = 10206.897450729884
Iteration 800: Loss = 10206.897450729884
Iteration 900: Loss = 10206.897450729884
Iteration 1000: Loss = 10194.949214075748
Best loss: 10194.949214075748 | Parameters: [ 1.93275990e+03 -2.81865039e-01  5.81762507e+00]
Initial loss: 11312.618177926339
Iteration 100: Loss = 10219.743118367136
Iteration 200: Loss = 10218.029034638434
Iteration 300: Loss = 10216.625656078515
Iteration 400: Loss = 10204.204614761442
Iteration 500: Loss = 10204.204614761442
Iteration 600: Loss = 10204.204614761442
Iteration 700: Loss = 10203.056673764459
Iteration 800: Loss = 10203.056673764459
Iteration 900: Loss = 10192.20844082176
Iteration 1000: Loss = 10188.946180091954
Best loss: 10188.946180091954 | Parameters: [ 1.93272373e+03 -2.81646288e-01  5.93536244e+00]
Initial loss: 11312.618177926339
Iteration 100: Loss = 10127.942700405021
Iteration 200: Loss = 9595.165950517185
Iteration 300: Loss = 9100.515409885826
Iteration 400: Loss = 8631.136644670969
Iteration 500: Loss = 8399.149327301613
Iteration 600: Loss = 8246.83406854283
Iteration 700: Loss = 8177.74107247425
Iteration 800: Loss = 8135.225384166851
Iteration 900: Loss = 8108.159997096236
Iteration 1000: Loss = 8055.065495662433
Best loss: 8055.065495662433 | Parameters: [ 1.92734404e+03 -1.04154453e+00  2.11540600e+01]
Initial loss: 11312.618177926339
Iteration 100: Loss = 10265.702733407119
Iteration 200: Loss = 10207.334165470484
Iteration 300: Loss = 10205.861041792643
Iteration 400: Loss = 10205.861041792643
Iteration 500: Loss = 10205.861041792643
Iteration 600: Loss = 10205.861041792643
Iteration 700: Loss = 10196.72271555877
Iteration 800: Loss = 10164.656382235582
Iteration 900: Loss = 10132.503013809579
Iteration 1000: Loss = 9631.16879040049
Best loss: 9631.16879040049 | Parameters: [ 1.93474273e+03 -5.06288088e-01  1.03457972e+01]
Initial loss: 11312.618177926339
Iteration 100: Loss = 10317.683942539881
Iteration 200: Loss = 10006.716149898477
Iteration 300: Loss = 9601.768617908907
Iteration 400: Loss = 8879.872004981758
Iteration 500: Loss = 8551.392716725897
Iteration 600: Loss = 8476.929817759468
Iteration 700: Loss = 8392.857962054379
Iteration 800: Loss = 8301.319759653623
Iteration 900: Loss = 8180.848086563668
Iteration 1000: Loss = 8077.077126007885
Best loss: 8077.077126007885 | Parameters: [ 1.92909799e+03 -1.14158576e+00  2.27714853e+01]
Initial loss: 11312.618177926339
Iteration 100: Loss = 10249.610876003284
Iteration 200: Loss = 10215.495830567408
Iteration 300: Loss = 10207.81702892767
Iteration 400: Loss = 10207.81702892767
Iteration 500: Loss = 10207.81702892767
Iteration 600: Loss = 10192.918785442645
Iteration 700: Loss = 10192.918785442645
Iteration 800: Loss = 10192.918785442645
Iteration 900: Loss = 10192.918785442645
Iteration 1000: Loss = 10192.918785442645
Best loss: 10192.918785442645 | Parameters: [ 1.93287222e+03 -2.71463971e-01  5.79894634e+00]
Initial loss: 11312.618177926339
Iteration 100: Loss = 10228.932925002904
Iteration 200: Loss = 10221.200528228428
Iteration 300: Loss = 10215.62907669339
Iteration 400: Loss = 10215.62907669339
Iteration 500: Loss = 10211.211923760922
Iteration 600: Loss = 10201.201647717351
Iteration 700: Loss = 9715.294962456719
Iteration 800: Loss = 8169.059700477778
Iteration 900: Loss = 8158.219624683177
Iteration 1000: Loss = 8137.36133666296
Best loss: 8137.36133666296 | Parameters: [ 1.92916802e+03 -9.70661842e-01  1.99508667e+01]
Initial loss: 11312.618177926339
Iteration 100: Loss = 10262.617415099712
Iteration 200: Loss = 10067.021665209986
Iteration 300: Loss = 9123.18640461971
Iteration 400: Loss = 8714.578978057107
Iteration 500: Loss = 8625.061415829163
Iteration 600: Loss = 8571.18477439326
Iteration 700: Loss = 8516.169104936767
Iteration 800: Loss = 8493.381240271345
Iteration 900: Loss = 8346.187277226585
Iteration 1000: Loss = 8184.480474199348
Best loss: 8184.480474199348 | Parameters: [1.93013822e+03 9.50290571e-01 1.91472551e+01]
Initial loss: 11312.618177926339
Iteration 100: Loss = 10319.415688202256
Iteration 200: Loss = 10319.415688202256
Iteration 300: Loss = 10319.415688202256
Iteration 400: Loss = 10319.415688202256
Iteration 500: Loss = 10252.102153672327
Iteration 600: Loss = 10213.346547175272
Iteration 700: Loss = 10213.346547175272
Iteration 800: Loss = 10213.346547175272
Iteration 900: Loss = 10212.481853164436
Iteration 1000: Loss = 10212.481853164436
Best loss: 10212.481853164436 | Parameters: [1.93390449e+03 1.86525238e-01 4.29546125e+00]
Initial loss: 11312.618177926339
Iteration 100: Loss = 9766.699660251987
Iteration 200: Loss = 8707.223854004656
Iteration 300: Loss = 8504.138952997355
Iteration 400: Loss = 8368.23366961147
Iteration 500: Loss = 8254.535077580393
Iteration 600: Loss = 8139.952629517139
Iteration 700: Loss = 8120.336071107177
Iteration 800: Loss = 8092.640604802994
Iteration 900: Loss = 8081.4966474712455
Iteration 1000: Loss = 8045.149665749375
Best loss: 8045.149665749375 | Parameters: [ 1.92800473e+03 -1.06872046e+00  2.15080963e+01]
Initial loss: 11312.618177926339
Iteration 100: Loss = 10208.595156150193
Iteration 200: Loss = 10190.515950329953
Iteration 300: Loss = 10041.096100505301
Iteration 400: Loss = 8938.598751924761
Iteration 500: Loss = 8542.749523759345
Iteration 600: Loss = 8235.29228076034
Iteration 700: Loss = 8232.798822296656
Iteration 800: Loss = 8189.087620160683
Iteration 900: Loss = 8189.087620160683
Iteration 1000: Loss = 8134.322070284634
Best loss: 8134.322070284634 | Parameters: [1.92980409e+03 9.98809854e-01 2.00750065e+01]
Initial loss: 11312.618177926339
Iteration 100: Loss = 9528.343619797233
Iteration 200: Loss = 9011.140360293824
Iteration 300: Loss = 8896.31419212083
Iteration 400: Loss = 8509.703794782296
Iteration 500: Loss = 8251.41434591515
Iteration 600: Loss = 8233.774969001437
Iteration 700: Loss = 8186.409590363847
Iteration 800: Loss = 8041.575311992905
Iteration 900: Loss = 7956.680149840558
Iteration 1000: Loss = 7944.7417802335285
Best loss: 7944.7417802335285 | Parameters: [1.92610212e+03 1.22787589e+00 2.45829135e+01]
Initial loss: 11312.618177926339
Iteration 100: Loss = 10238.33182307618
Iteration 200: Loss = 10238.33182307618
Iteration 300: Loss = 10194.635504507942
Iteration 400: Loss = 9856.223093933375
Iteration 500: Loss = 9323.297890383608
Iteration 600: Loss = 8723.95523414118
Iteration 700: Loss = 8505.441880790195
Iteration 800: Loss = 8192.357207430516
Iteration 900: Loss = 8048.502010060948
Iteration 1000: Loss = 7971.884993834291
Best loss: 7971.884993834291 | Parameters: [ 1.92572285e+03 -1.13510765e+00  2.24145099e+01]
Initial loss: 11312.618177926339
Iteration 100: Loss = 10233.651667890563
Iteration 200: Loss = 10233.651667890563
Iteration 300: Loss = 10233.651667890563
Iteration 400: Loss = 10213.533769251726
Iteration 500: Loss = 10206.060174730303
Iteration 600: Loss = 10206.060174730303
Iteration 700: Loss = 10206.060174730303
Iteration 800: Loss = 10206.060174730303
Iteration 900: Loss = 10201.766634855401
Iteration 1000: Loss = 9864.890165783525
Best loss: 9864.890165783525 | Parameters: [1.93302354e+03 5.12483785e-01 9.45686364e+00]
Initial loss: 11312.618177926339
Iteration 100: Loss = 10317.20260786695
Iteration 200: Loss = 10270.114598264881
Iteration 300: Loss = 10270.114598264881
Iteration 400: Loss = 10270.114598264881
Iteration 500: Loss = 10237.185098084768
Iteration 600: Loss = 10220.771867530779
Iteration 700: Loss = 10207.413865290564
Iteration 800: Loss = 10207.413865290564
Iteration 900: Loss = 10201.312912997544
Iteration 1000: Loss = 10201.312912997544
Best loss: 10201.312912997544 | Parameters: [1.93322868e+03 2.49249812e-01 5.40205250e+00]
Initial loss: 11312.618177926339
Iteration 100: Loss = 10222.34025189386
Iteration 200: Loss = 10198.419012835502
Iteration 300: Loss = 10144.409909887478
Iteration 400: Loss = 9484.033264656626
Iteration 500: Loss = 8935.02371501157
Iteration 600: Loss = 8517.551836202758
Iteration 700: Loss = 8361.7054726581
Iteration 800: Loss = 8291.712308084363
Iteration 900: Loss = 8201.55723258549
Iteration 1000: Loss = 8103.704456202
Best loss: 8103.704456202 | Parameters: [ 1.92904372e+03 -1.04048949e+00  2.04454882e+01]
Initial loss: 11312.618177926339
Iteration 100: Loss = 10269.207463251034
Iteration 200: Loss = 10202.077525964922
Iteration 300: Loss = 10202.077525964922
Iteration 400: Loss = 10202.077525964922
Iteration 500: Loss = 10198.442809268792
Iteration 600: Loss = 10198.442809268792
Iteration 700: Loss = 10198.442809268792
Iteration 800: Loss = 10160.520835815574
Iteration 900: Loss = 9716.832847171181
Iteration 1000: Loss = 9115.183789818027
Best loss: 9115.183789818027 | Parameters: [1.93260111e+03 6.50261863e-01 1.27360373e+01]
Initial loss: 11312.618177926339
Iteration 100: Loss = 9986.845783645427
Iteration 200: Loss = 8994.800330522465
Iteration 300: Loss = 8453.824227817755
Iteration 400: Loss = 8409.317701807619
Iteration 500: Loss = 8250.009605031246
Iteration 600: Loss = 8145.933426503167
Iteration 700: Loss = 8105.363035636986
Iteration 800: Loss = 8011.166263361596
Iteration 900: Loss = 7987.576899597146
Iteration 1000: Loss = 7817.762284419891
Best loss: 7817.762284419891 | Parameters: [ 1.92337654e+03 -1.43651596e+00  2.74560407e+01]
Initial loss: 11312.618177926339
Iteration 100: Loss = 10200.116579815382
Iteration 200: Loss = 10200.116579815382
Iteration 300: Loss = 10200.116579815382
Iteration 400: Loss = 10200.116579815382
Iteration 500: Loss = 10200.116579815382
Iteration 600: Loss = 10200.116579815382
Iteration 700: Loss = 10200.116579815382
Iteration 800: Loss = 10200.116579815382
Iteration 900: Loss = 10200.116579815382
Iteration 1000: Loss = 10188.271216861272
Best loss: 10188.271216861272 | Parameters: [ 1.93292674e+03 -3.15676524e-01  6.51050048e+00]
Initial loss: 11288.028965071166
Iteration 100: Loss = 10209.873547655508
Iteration 200: Loss = 10206.412487975973
Iteration 300: Loss = 10206.164457086865
Iteration 400: Loss = 10205.134149014199
Iteration 500: Loss = 10205.134149014199
Iteration 600: Loss = 10205.134149014199
Iteration 700: Loss = 10205.134149014199
Iteration 800: Loss = 10205.11626572075
Iteration 900: Loss = 10205.103325713584
Iteration 1000: Loss = 10205.103325713584
Best loss: 10205.103325713584 | Parameters: [1.93363148e+03 2.08873379e-01 4.67760604e+00]
Initial loss: 11288.028965071166
Iteration 100: Loss = 10233.38063013823
Iteration 200: Loss = 10218.37799917077
Iteration 300: Loss = 10211.981093112065
Iteration 400: Loss = 10211.981093112065
Iteration 500: Loss = 10211.668076277878
Iteration 600: Loss = 10211.337864456804
Iteration 700: Loss = 10211.337864456804
Iteration 800: Loss = 10211.337864456804
Iteration 900: Loss = 10209.988741341233
Iteration 1000: Loss = 10209.536574192998
Best loss: 10209.536574192998 | Parameters: [1.93384668e+03 1.93688007e-01 4.40414242e+00]
Initial loss: 11288.028965071166
Iteration 100: Loss = 10208.42009783996
Iteration 200: Loss = 10206.359448735278
Iteration 300: Loss = 10202.060980646149
Iteration 400: Loss = 10202.060980646149
Iteration 500: Loss = 10202.060980646149
Iteration 600: Loss = 10202.060980646149
Iteration 700: Loss = 10201.157212122904
Iteration 800: Loss = 10201.157212122904
Iteration 900: Loss = 10201.157212122904
Iteration 1000: Loss = 10201.157212122904
Best loss: 10201.157212122904 | Parameters: [1.93324205e+03 2.35328070e-01 5.10618915e+00]
Initial loss: 11288.028965071166
Iteration 100: Loss = 10277.336849826468
Iteration 200: Loss = 10216.210652997033
Iteration 300: Loss = 10216.210652997033
Iteration 400: Loss = 10216.210652997033
Iteration 500: Loss = 10216.210652997033
Iteration 600: Loss = 10212.232820685247
Iteration 700: Loss = 10212.232820685247
Iteration 800: Loss = 10205.65765287694
Iteration 900: Loss = 10205.425258029869
Iteration 1000: Loss = 10205.425258029869
Best loss: 10205.425258029869 | Parameters: [ 1.93351239e+03 -2.19592782e-01  4.92898312e+00]
Initial loss: 11288.028965071166
Iteration 100: Loss = 10229.586029198108
Iteration 200: Loss = 10197.085060148898
Iteration 300: Loss = 10179.279022691073
Iteration 400: Loss = 10098.895804338581
Iteration 500: Loss = 9986.368276718546
Iteration 600: Loss = 9886.533900822993
Iteration 700: Loss = 9583.996420491796
Iteration 800: Loss = 9120.568873167582
Iteration 900: Loss = 8846.422719174305
Iteration 1000: Loss = 8493.758528419128
Best loss: 8493.758528419128 | Parameters: [ 1.9315832e+03 -8.1934732e-01  1.6123664e+01]
Initial loss: 11288.028965071166
Iteration 100: Loss = 10267.484690679301
Iteration 200: Loss = 10246.490326986937
Iteration 300: Loss = 10234.944407160889
Iteration 400: Loss = 10226.756203932104
Iteration 500: Loss = 10226.333696520043
Iteration 600: Loss = 10212.856632953717
Iteration 700: Loss = 10212.856632953717
Iteration 800: Loss = 10212.856632953717
Iteration 900: Loss = 10212.856632953717
Iteration 1000: Loss = 10211.552004226358
Best loss: 10211.552004226358 | Parameters: [ 1.93392714e+03 -1.90305563e-01  4.31625280e+00]
Initial loss: 11288.028965071166
Iteration 100: Loss = 10205.429908177948
Iteration 200: Loss = 10118.918017232161
Iteration 300: Loss = 9750.830220264259
Iteration 400: Loss = 9190.369167218112
Iteration 500: Loss = 8926.513308844535
Iteration 600: Loss = 8474.440728872974
Iteration 700: Loss = 8444.542890597653
Iteration 800: Loss = 8374.418268955804
Iteration 900: Loss = 8278.836970048866
Iteration 1000: Loss = 8251.049627965089
Best loss: 8251.049627965089 | Parameters: [1.93156764e+03 9.12599749e-01 1.86440806e+01]
Initial loss: 11288.028965071166
Iteration 100: Loss = 10215.580961494179
Iteration 200: Loss = 10201.62624740388
Iteration 300: Loss = 10201.62624740388
Iteration 400: Loss = 10195.958333600558
Iteration 500: Loss = 10190.605025035093
Iteration 600: Loss = 10139.834526627033
Iteration 700: Loss = 9852.082506461862
Iteration 800: Loss = 8783.10577667418
Iteration 900: Loss = 8320.322530274472
Iteration 1000: Loss = 8131.61786784072
Best loss: 8131.61786784072 | Parameters: [1.92996164e+03 1.04289885e+00 2.04408965e+01]
Initial loss: 11288.028965071166
Iteration 100: Loss = 10276.605071581334
Iteration 200: Loss = 10231.0239503809
Iteration 300: Loss = 10210.989379021956
Iteration 400: Loss = 10207.57059592417
Iteration 500: Loss = 10204.546531142294
Iteration 600: Loss = 10202.912609317735
Iteration 700: Loss = 10198.935735341236
Iteration 800: Loss = 10198.935735341236
Iteration 900: Loss = 10198.935735341236
Iteration 1000: Loss = 10198.935735341236
Best loss: 10198.935735341236 | Parameters: [ 1.93278147e+03 -2.66023791e-01  5.58827618e+00]
Initial loss: 11288.028965071166
Iteration 100: Loss = 10217.985474028646
Iteration 200: Loss = 10206.330461814714
Iteration 300: Loss = 10193.571123056
Iteration 400: Loss = 10165.823231875485
Iteration 500: Loss = 10092.972995882019
Iteration 600: Loss = 9947.233988123535
Iteration 700: Loss = 8779.257447946542
Iteration 800: Loss = 8616.339685610754
Iteration 900: Loss = 8424.708962285802
Iteration 1000: Loss = 8157.056841693837
Best loss: 8157.056841693837 | Parameters: [1.93042335e+03 1.00476470e+00 1.99979387e+01]
Initial loss: 11288.028965071166
Iteration 100: Loss = 10287.221585060524
Iteration 200: Loss = 10211.016344484426
Iteration 300: Loss = 10183.037874572576
Iteration 400: Loss = 10061.087747641082
Iteration 500: Loss = 9341.607935574428
Iteration 600: Loss = 8899.669124488275
Iteration 700: Loss = 8452.994184624686
Iteration 800: Loss = 8393.789549370524
Iteration 900: Loss = 8238.37266331874
Iteration 1000: Loss = 8184.390341091655
Best loss: 8184.390341091655 | Parameters: [ 1.93102768e+03 -9.96255948e-01  2.01525106e+01]
Initial loss: 11288.028965071166
Iteration 100: Loss = 10202.794154960064
Iteration 200: Loss = 10202.794154960064
Iteration 300: Loss = 10202.794154960064
Iteration 400: Loss = 10202.794154960064
Iteration 500: Loss = 10202.794154960064
Iteration 600: Loss = 10202.794154960064
Iteration 700: Loss = 10202.794154960064
Iteration 800: Loss = 10202.794154960064
Iteration 900: Loss = 10202.794154960064
Iteration 1000: Loss = 10202.794154960064
Best loss: 10202.794154960064 | Parameters: [ 1.93340247e+03 -2.23125682e-01  4.96912965e+00]
Initial loss: 11288.028965071166
Iteration 100: Loss = 10225.911675042786
Iteration 200: Loss = 10181.732246416657
Iteration 300: Loss = 10117.52024329475
Iteration 400: Loss = 10095.414950790078
Iteration 500: Loss = 9985.34388771471
Iteration 600: Loss = 9039.82844783994
Iteration 700: Loss = 8309.460894628459
Iteration 800: Loss = 8189.961306313609
Iteration 900: Loss = 8141.329863036839
Iteration 1000: Loss = 8073.978813801816
Best loss: 8073.978813801816 | Parameters: [1.92900801e+03 1.11101914e+00 2.16243681e+01]
Initial loss: 11288.028965071166
Iteration 100: Loss = 10318.430404203782
Iteration 200: Loss = 10201.683998968394
Iteration 300: Loss = 10198.840756823036
Iteration 400: Loss = 10198.840756823036
Iteration 500: Loss = 10187.125995346963
Iteration 600: Loss = 9914.670892383638
Iteration 700: Loss = 9201.25823793633
Iteration 800: Loss = 8647.621877402094
Iteration 900: Loss = 8266.257180803
Iteration 1000: Loss = 8039.847971172903
Best loss: 8039.847971172903 | Parameters: [1.92695791e+03 1.10570902e+00 2.13714108e+01]
Initial loss: 11288.028965071166
Iteration 100: Loss = 10218.631374825252
Iteration 200: Loss = 10209.515704101757
Iteration 300: Loss = 10202.731180300887
Iteration 400: Loss = 10200.450950163302
Iteration 500: Loss = 10200.450950163302
Iteration 600: Loss = 10200.450950163302
Iteration 700: Loss = 10200.450950163302
Iteration 800: Loss = 10200.450950163302
Iteration 900: Loss = 10200.450950163302
Iteration 1000: Loss = 10188.988800084371
Best loss: 10188.988800084371 | Parameters: [1.93271122e+03 2.92256907e-01 6.02426540e+00]
Initial loss: 11288.028965071166
Iteration 100: Loss = 10234.10664783388
Iteration 200: Loss = 10214.891677522302
Iteration 300: Loss = 10146.29586193904
Iteration 400: Loss = 9908.25624376206
Iteration 500: Loss = 9817.474005053278
Iteration 600: Loss = 9102.342193337265
Iteration 700: Loss = 8377.648979704141
Iteration 800: Loss = 8173.199931402402
Iteration 900: Loss = 8125.169910333155
Iteration 1000: Loss = 8075.614357878481
Best loss: 8075.614357878481 | Parameters: [1.92880727e+03 1.14827099e+00 2.18900885e+01]
Initial loss: 11288.028965071166
Iteration 100: Loss = 10207.274183093205
Iteration 200: Loss = 10207.274183093205
Iteration 300: Loss = 10207.274183093205
Iteration 400: Loss = 10203.987519068865
Iteration 500: Loss = 10201.06088540075
Iteration 600: Loss = 10201.06088540075
Iteration 700: Loss = 10196.49018056447
Iteration 800: Loss = 10157.486390405587
Iteration 900: Loss = 9122.405839136005
Iteration 1000: Loss = 8743.942398784491
Best loss: 8743.942398784491 | Parameters: [1.93135478e+03 7.36351763e-01 1.46566629e+01]
Initial loss: 11288.028965071166
Iteration 100: Loss = 9803.401952835966
Iteration 200: Loss = 9006.39846078361
Iteration 300: Loss = 8663.065379712827
Iteration 400: Loss = 8517.66695939422
Iteration 500: Loss = 8515.870019729133
Iteration 600: Loss = 8447.973889060142
Iteration 700: Loss = 8331.679851432607
Iteration 800: Loss = 8259.182217410922
Iteration 900: Loss = 8124.167696315496
Iteration 1000: Loss = 8059.838708228633
Best loss: 8059.838708228633 | Parameters: [1.92797656e+03 1.04813842e+00 2.15143713e+01]
Initial loss: 11288.028965071166
Iteration 100: Loss = 10028.011992993166
Iteration 200: Loss = 9138.917014214323
Iteration 300: Loss = 8841.438499909724
Iteration 400: Loss = 8603.14101955662
Iteration 500: Loss = 8200.327443803788
Iteration 600: Loss = 8048.137553220208
Iteration 700: Loss = 7985.935744417779
Iteration 800: Loss = 7821.303588039192
Iteration 900: Loss = 7742.942620167166
Iteration 1000: Loss = 7733.8775465118615
Best loss: 7733.8775465118615 | Parameters: [1.92095669e+03 1.41593723e+00 2.74257130e+01]
Initial loss: 11288.028965071166
Iteration 100: Loss = 10209.321610288953
Iteration 200: Loss = 10206.364214116827
Iteration 300: Loss = 10206.364214116827
Iteration 400: Loss = 10201.891322151845
Iteration 500: Loss = 10201.448838498576
Iteration 600: Loss = 10201.448838498576
Iteration 700: Loss = 10201.448838498576
Iteration 800: Loss = 10160.10934899551
Iteration 900: Loss = 10149.298851539595
Iteration 1000: Loss = 9971.381906687651
Best loss: 9971.381906687651 | Parameters: [ 1.93180410e+03 -4.95073748e-01  8.92848672e+00]
Initial loss: 11288.028965071166
Iteration 100: Loss = 10237.423245914959
Iteration 200: Loss = 10203.108460044405
Iteration 300: Loss = 9931.981208198236
Iteration 400: Loss = 9782.074597901314
Iteration 500: Loss = 8927.077768936437
Iteration 600: Loss = 8219.490079216937
Iteration 700: Loss = 8168.257182831042
Iteration 800: Loss = 8078.571097236066
Iteration 900: Loss = 8022.823504801179
Iteration 1000: Loss = 7951.185117115934
Best loss: 7951.185117115934 | Parameters: [ 1.92603318e+03 -1.16743502e+00  2.33745938e+01]
Initial loss: 11288.028965071166
Iteration 100: Loss = 10218.751176647025
Iteration 200: Loss = 10218.751176647025
Iteration 300: Loss = 10207.83102209184
Iteration 400: Loss = 10207.83102209184
Iteration 500: Loss = 10207.83102209184
Iteration 600: Loss = 10207.83102209184
Iteration 700: Loss = 10207.83102209184
Iteration 800: Loss = 10207.83102209184
Iteration 900: Loss = 10207.83102209184
Iteration 1000: Loss = 10207.83102209184
Best loss: 10207.83102209184 | Parameters: [ 1.93373786e+03 -1.99193112e-01  4.48716199e+00]
Initial loss: 11288.028965071166
Iteration 100: Loss = 10221.45831792455
Iteration 200: Loss = 10221.45831792455
Iteration 300: Loss = 10221.45831792455
Iteration 400: Loss = 10221.45831792455
Iteration 500: Loss = 10221.45831792455
Iteration 600: Loss = 10221.45831792455
Iteration 700: Loss = 10214.814088101775
Iteration 800: Loss = 10212.7864522272
Iteration 900: Loss = 10212.7864522272
Iteration 1000: Loss = 10212.7864522272
Best loss: 10212.7864522272 | Parameters: [1.93361430e+03 2.23478387e-01 4.76418501e+00]
Initial loss: 11288.028965071166
Iteration 100: Loss = 10207.088044871727
Iteration 200: Loss = 10165.340403244458
Iteration 300: Loss = 10034.57300571125
Iteration 400: Loss = 8817.887707164853
Iteration 500: Loss = 8502.435832648358
Iteration 600: Loss = 8141.66528297402
Iteration 700: Loss = 8056.26696164991
Iteration 800: Loss = 7966.392219328697
Iteration 900: Loss = 7915.918590881021
Iteration 1000: Loss = 7911.973421128937
Best loss: 7911.973421128937 | Parameters: [ 1.92555954e+03 -1.26110612e+00  2.47954675e+01]
Initial loss: 11288.028965071166
Iteration 100: Loss = 10150.119754770967
Iteration 200: Loss = 10150.119754770967
Iteration 300: Loss = 9979.57666076625
Iteration 400: Loss = 9627.371412892608
Iteration 500: Loss = 9317.231131463308
Iteration 600: Loss = 8349.722111206
Iteration 700: Loss = 8133.480745109917
Iteration 800: Loss = 8008.905305983472
Iteration 900: Loss = 8008.905305983472
Iteration 1000: Loss = 7951.375750781864
Best loss: 7951.375750781864 | Parameters: [ 1.92625281e+03 -1.20736480e+00  2.41965411e+01]
Initial loss: 11288.028965071166
Iteration 100: Loss = 10222.088714611673
Iteration 200: Loss = 10205.964183499536
Iteration 300: Loss = 10189.100264296254
Iteration 400: Loss = 10090.949006731498
Iteration 500: Loss = 9263.470784141824
Iteration 600: Loss = 8440.198307636589
Iteration 700: Loss = 8354.616373201972
Iteration 800: Loss = 8247.938036591391
Iteration 900: Loss = 8202.17075653418
Iteration 1000: Loss = 8127.573572768832
Best loss: 8127.573572768832 | Parameters: [ 1.93012760e+03 -1.06645396e+00  2.13880526e+01]
Initial loss: 11288.028965071166
Iteration 100: Loss = 10310.382510045993
Iteration 200: Loss = 10231.233925490673
Iteration 300: Loss = 10219.613373158521
Iteration 400: Loss = 10219.613373158521
Iteration 500: Loss = 10219.613373158521
Iteration 600: Loss = 10219.613373158521
Iteration 700: Loss = 10219.613373158521
Iteration 800: Loss = 10219.613373158521
Iteration 900: Loss = 10219.613373158521
Iteration 1000: Loss = 10219.613373158521
Best loss: 10219.613373158521 | Parameters: [1.93395296e+03 1.84856865e-01 4.36045271e+00]
Initial loss: 11288.028965071166
Iteration 100: Loss = 10232.92968581075
Iteration 200: Loss = 10116.635615931356
Iteration 300: Loss = 9918.265391282011
Iteration 400: Loss = 9169.391421441092
Iteration 500: Loss = 8503.797215678853
Iteration 600: Loss = 8269.983085812515
Iteration 700: Loss = 8260.137237214105
Iteration 800: Loss = 8260.137237214105
Iteration 900: Loss = 8260.137237214105
Iteration 1000: Loss = 8162.587427948603
Best loss: 8162.587427948603 | Parameters: [ 1.92961689e+03 -1.04669846e+00  1.99353020e+01]
Initial loss: 11288.028965071166
Iteration 100: Loss = 10240.674026561006
Iteration 200: Loss = 10240.674026561006
Iteration 300: Loss = 9682.081495142613
Iteration 400: Loss = 9004.309051011453
Iteration 500: Loss = 8329.788746467013
Iteration 600: Loss = 8317.58992039873
Iteration 700: Loss = 8317.58992039873
Iteration 800: Loss = 8258.259657504397
Iteration 900: Loss = 8125.552171079331
Iteration 1000: Loss = 8064.015678017382
Best loss: 8064.015678017382 | Parameters: [ 1.92847648e+03 -1.09545126e+00  2.24435507e+01]
Initial loss: 11288.028965071166
Iteration 100: Loss = 9023.166329406677
Iteration 200: Loss = 8547.9950259283
Iteration 300: Loss = 8340.354665003144
Iteration 400: Loss = 8262.778846056906
Iteration 500: Loss = 8142.529139763218
Iteration 600: Loss = 8136.619334911038
Iteration 700: Loss = 8098.949610799015
Iteration 800: Loss = 8062.840831671264
Iteration 900: Loss = 8046.934197443095
Iteration 1000: Loss = 8046.934197443095
Best loss: 8046.934197443095 | Parameters: [1.92833254e+03 1.14357131e+00 2.20344474e+01]
Initial loss: 11262.346507338347
Iteration 100: Loss = 10215.348415779821
Iteration 200: Loss = 10208.155392175151
Iteration 300: Loss = 10199.146559284934
Iteration 400: Loss = 10198.959864594708
Iteration 500: Loss = 10198.959864594708
Iteration 600: Loss = 10198.959864594708
Iteration 700: Loss = 10198.959864594708
Iteration 800: Loss = 10197.046538739085
Iteration 900: Loss = 10196.131265995842
Iteration 1000: Loss = 10191.804019139168
Best loss: 10191.804019139168 | Parameters: [1.93281658e+03 2.73209983e-01 5.83052966e+00]
Initial loss: 11262.346507338347
Iteration 100: Loss = 10208.143599429764
Iteration 200: Loss = 10207.529697125543
Iteration 300: Loss = 10207.529697125543
Iteration 400: Loss = 10207.529697125543
Iteration 500: Loss = 10207.529697125543
Iteration 600: Loss = 10206.886067597166
Iteration 700: Loss = 10206.886067597166
Iteration 800: Loss = 10206.886067597166
Iteration 900: Loss = 10206.886067597166
Iteration 1000: Loss = 10206.886067597166
Best loss: 10206.886067597166 | Parameters: [ 1.93369365e+03 -2.05364559e-01  4.56827181e+00]
Initial loss: 11262.346507338347
Iteration 100: Loss = 10219.781437015341
Iteration 200: Loss = 10208.250174278175
Iteration 300: Loss = 10203.605905791484
Iteration 400: Loss = 10199.796673134877
Iteration 500: Loss = 10199.796673134877
Iteration 600: Loss = 10195.264555569467
Iteration 700: Loss = 10195.264555569467
Iteration 800: Loss = 10195.264555569467
Iteration 900: Loss = 10195.264555569467
Iteration 1000: Loss = 10187.817256308654
Best loss: 10187.817256308654 | Parameters: [1.93269612e+03 2.84233486e-01 5.98000683e+00]
Initial loss: 11262.346507338347
Iteration 100: Loss = 10202.899760948842
Iteration 200: Loss = 10202.899760948842
Iteration 300: Loss = 10192.010621474525
Iteration 400: Loss = 10178.915683415227
Iteration 500: Loss = 10157.08287828637
Iteration 600: Loss = 10107.604657551421
Iteration 700: Loss = 10041.698630687428
Iteration 800: Loss = 9813.733834306062
Iteration 900: Loss = 9582.199551827305
Iteration 1000: Loss = 9237.36710415161
Best loss: 9237.36710415161 | Parameters: [1.93170946e+03 5.82710330e-01 1.23957001e+01]
Initial loss: 11262.346507338347
Iteration 100: Loss = 10210.128822489405
Iteration 200: Loss = 10210.128822489405
Iteration 300: Loss = 10210.128822489405
Iteration 400: Loss = 10205.108989973518
Iteration 500: Loss = 10201.99596552066
Iteration 600: Loss = 10201.99596552066
Iteration 700: Loss = 10196.516829696047
Iteration 800: Loss = 10180.723806912047
Iteration 900: Loss = 10127.197071506043
Iteration 1000: Loss = 10028.865111023088
Best loss: 10028.865111023088 | Parameters: [1.93242503e+03 4.52148775e-01 8.40176133e+00]
Initial loss: 11262.346507338347
Iteration 100: Loss = 10208.967092657538
Iteration 200: Loss = 10197.708796990592
Iteration 300: Loss = 10197.708796990592
Iteration 400: Loss = 10197.708796990592
Iteration 500: Loss = 10195.896495580755
Iteration 600: Loss = 10189.268142550243
Iteration 700: Loss = 10188.98249549576
Iteration 800: Loss = 10075.081590398955
Iteration 900: Loss = 10008.21180915898
Iteration 1000: Loss = 9613.03498319437
Best loss: 9613.03498319437 | Parameters: [1.93065571e+03 5.56349395e-01 1.08327024e+01]
Initial loss: 11262.346507338347
Iteration 100: Loss = 10211.209781377165
Iteration 200: Loss = 10203.047358891443
Iteration 300: Loss = 10203.047358891443
Iteration 400: Loss = 10203.047358891443
Iteration 500: Loss = 10203.047358891443
Iteration 600: Loss = 10203.047358891443
Iteration 700: Loss = 10201.751784569933
Iteration 800: Loss = 10201.751784569933
Iteration 900: Loss = 10189.887735930515
Iteration 1000: Loss = 10176.203156459467
Best loss: 10176.203156459467 | Parameters: [1.93241223e+03 3.01970402e-01 6.45607638e+00]
Initial loss: 11262.346507338347
Iteration 100: Loss = 10252.901810334752
Iteration 200: Loss = 10205.067638293676
Iteration 300: Loss = 10205.067638293676
Iteration 400: Loss = 10205.067638293676
Iteration 500: Loss = 10203.97042593856
Iteration 600: Loss = 10195.85272949988
Iteration 700: Loss = 10168.265753705105
Iteration 800: Loss = 9966.31218956463
Iteration 900: Loss = 9747.467284832752
Iteration 1000: Loss = 9280.178454939789
Best loss: 9280.178454939789 | Parameters: [ 1.93333976e+03 -5.94996976e-01  1.18911318e+01]
Initial loss: 11262.346507338347
Iteration 100: Loss = 10218.892762373598
Iteration 200: Loss = 10163.141923164887
Iteration 300: Loss = 10163.141923164887
Iteration 400: Loss = 10088.765511189587
Iteration 500: Loss = 9917.737876549942
Iteration 600: Loss = 9844.554140608761
Iteration 700: Loss = 8965.95391255146
Iteration 800: Loss = 8623.125084232215
Iteration 900: Loss = 8547.715828248025
Iteration 1000: Loss = 8419.710510181312
Best loss: 8419.710510181312 | Parameters: [ 1.93360131e+03 -8.33165233e-01  1.69345931e+01]
Initial loss: 11262.346507338347
Iteration 100: Loss = 10156.948646976107
Iteration 200: Loss = 10081.667181756326
Iteration 300: Loss = 9594.594412173705
Iteration 400: Loss = 9066.988257270676
Iteration 500: Loss = 8878.295065426119
Iteration 600: Loss = 8561.593335105883
Iteration 700: Loss = 8355.210589922544
Iteration 800: Loss = 8194.911826841575
Iteration 900: Loss = 8132.365009668289
Iteration 1000: Loss = 8107.331313196096
Best loss: 8107.331313196096 | Parameters: [ 1.92944148e+03 -1.03164737e+00  2.05614801e+01]
Initial loss: 11262.346507338347
Iteration 100: Loss = 10194.991977755013
Iteration 200: Loss = 10194.991977755013
Iteration 300: Loss = 10194.991977755013
Iteration 400: Loss = 10168.026783820735
Iteration 500: Loss = 10150.718672274324
Iteration 600: Loss = 10150.39093629065
Iteration 700: Loss = 10064.329413081135
Iteration 800: Loss = 9808.877014093134
Iteration 900: Loss = 8946.418490839596
Iteration 1000: Loss = 8373.609806305218
Best loss: 8373.609806305218 | Parameters: [ 1.93247378e+03 -8.59314615e-01  1.71396115e+01]
Initial loss: 11262.346507338347
Iteration 100: Loss = 10259.869637954029
Iteration 200: Loss = 10221.451501872572
Iteration 300: Loss = 10221.451501872572
Iteration 400: Loss = 10219.922307492752
Iteration 500: Loss = 10209.799359860071
Iteration 600: Loss = 10209.799359860071
Iteration 700: Loss = 10209.799359860071
Iteration 800: Loss = 10209.799359860071
Iteration 900: Loss = 10207.374657271499
Iteration 1000: Loss = 10207.374657271499
Best loss: 10207.374657271499 | Parameters: [ 1.93359414e+03 -2.25417002e-01  4.88664321e+00]
Initial loss: 11262.346507338347
Iteration 100: Loss = 10219.935805296554
Iteration 200: Loss = 9957.513554010538
Iteration 300: Loss = 9603.039655170422
Iteration 400: Loss = 8449.514769120591
Iteration 500: Loss = 8316.42439660545
Iteration 600: Loss = 8164.066282875071
Iteration 700: Loss = 8076.485433043694
Iteration 800: Loss = 7997.234062255499
Iteration 900: Loss = 7982.067910218171
Iteration 1000: Loss = 7965.272428278275
Best loss: 7965.272428278275 | Parameters: [1.92630222e+03 1.15210429e+00 2.31743396e+01]
Initial loss: 11262.346507338347
Iteration 100: Loss = 10175.792376745974
Iteration 200: Loss = 10108.578829856693
Iteration 300: Loss = 9703.145068861888
Iteration 400: Loss = 9221.931358903732
Iteration 500: Loss = 8642.002557775135
Iteration 600: Loss = 8326.162082273335
Iteration 700: Loss = 8101.342899004474
Iteration 800: Loss = 8089.179970745132
Iteration 900: Loss = 8031.773013204534
Iteration 1000: Loss = 8022.705114495735
Best loss: 8022.705114495735 | Parameters: [ 1.92677752e+03 -1.08429724e+00  2.15501096e+01]
Initial loss: 11262.346507338347
Iteration 100: Loss = 10224.0022315309
Iteration 200: Loss = 10190.702244476463
Iteration 300: Loss = 10159.422494277575
Iteration 400: Loss = 10050.631819222519
Iteration 500: Loss = 9605.180890243064
Iteration 600: Loss = 8453.710529995775
Iteration 700: Loss = 8404.527611284577
Iteration 800: Loss = 8267.214408694399
Iteration 900: Loss = 8185.003469158504
Iteration 1000: Loss = 8127.051649367707
Best loss: 8127.051649367707 | Parameters: [ 1.92855078e+03 -9.80394998e-01  1.99289398e+01]
Initial loss: 11262.346507338347
Iteration 100: Loss = 10213.499148704443
Iteration 200: Loss = 10174.513943276917
Iteration 300: Loss = 10169.377725649458
Iteration 400: Loss = 10169.377725649458
Iteration 500: Loss = 9703.400868189743
Iteration 600: Loss = 9389.964231501273
Iteration 700: Loss = 9193.947681331201
Iteration 800: Loss = 8958.100353628097
Iteration 900: Loss = 8611.175181257939
Iteration 1000: Loss = 8307.80185460398
Best loss: 8307.80185460398 | Parameters: [1.93178571e+03 8.80780583e-01 1.77431161e+01]
