Initial loss: 40194.75626336267
Iteration 10000: T=9.0001, Loss=35197.75334929133
Iteration 20000: T=8.0001, Loss=35193.75304936798
Iteration 30000: T=7.0001, Loss=35223.98426713506
Iteration 40000: T=6.0001, Loss=35216.63107961248
Iteration 50000: T=5.000100000000001, Loss=35193.42953323699
Iteration 60000: T=4.0001, Loss=35189.26255321657
Iteration 70000: T=3.0000999999999998, Loss=35185.48810988386
Iteration 80000: T=2.0001, Loss=35184.38001675141
Iteration 90000: T=1.0001000000000004, Loss=35186.19731337296
Iteration 100000: T=9.99999999995449e-05, Loss=35185.29801782986
Tuning complete. MSE at tuned parameters: 35185.29801782986
Initial loss: 39187.128686191296
Iteration 10000: T=9.333400000000001, Loss=35199.73684092844
Iteration 20000: T=8.666733333333333, Loss=35186.248812361875
Iteration 30000: T=8.000066666666667, Loss=35198.740436731765
Iteration 40000: T=7.3334, Loss=35190.61536829891
Iteration 50000: T=6.666733333333333, Loss=35182.0279778457
Iteration 60000: T=6.000066666666667, Loss=35174.8373056381
Iteration 70000: T=5.333399999999999, Loss=35176.75366965514
Iteration 80000: T=4.666733333333334, Loss=35170.706659221236
Iteration 90000: T=4.000066666666666, Loss=35170.078890146266
Iteration 100000: T=3.3333999999999997, Loss=35185.57336174054
Iteration 110000: T=2.666733333333333, Loss=35178.71543213052
Iteration 120000: T=2.0000666666666667, Loss=35175.12581017639
Iteration 130000: T=1.3334000000000001, Loss=35174.208789409386
Iteration 140000: T=0.6667333333333336, Loss=35171.511174720785
Iteration 150000: T=6.666666666710341e-05, Loss=35168.88890700013
Initial loss: 35441.567918000175
Iteration 10000: T=9.333400000000001, Loss=35190.06392861014
Iteration 20000: T=8.666733333333333, Loss=35188.40973538243
Iteration 30000: T=8.000066666666667, Loss=35185.12335111714
Iteration 40000: T=7.3334, Loss=35183.659905973356
Iteration 50000: T=6.666733333333333, Loss=35185.92567370346
Iteration 60000: T=6.000066666666667, Loss=35185.98237881067
Iteration 70000: T=5.333399999999999, Loss=35184.44118630965
Iteration 80000: T=4.666733333333334, Loss=35183.599202434045
Iteration 90000: T=4.000066666666666, Loss=35177.364292315375
Iteration 100000: T=3.3333999999999997, Loss=35197.95941462269
Iteration 110000: T=2.666733333333333, Loss=35172.57214267034
Iteration 120000: T=2.0000666666666667, Loss=35175.178984258186
Iteration 130000: T=1.3334000000000001, Loss=35175.41288243251
Iteration 140000: T=0.6667333333333336, Loss=35175.21512373434
Iteration 150000: T=6.666666666710341e-05, Loss=35169.7658728213
Initial loss: 39556.06457569904
Iteration 10000: T=9.333400000000001, Loss=35232.820562373294
Iteration 20000: T=8.666733333333333, Loss=35192.437266183406
Iteration 30000: T=8.000066666666667, Loss=35207.7462420825
Iteration 40000: T=7.3334, Loss=35189.301632346476
Iteration 50000: T=6.666733333333333, Loss=35187.39684904863
Iteration 60000: T=6.000066666666667, Loss=35187.25687538142
Iteration 70000: T=5.333399999999999, Loss=35188.60830253822
Iteration 80000: T=4.666733333333334, Loss=35177.94616621712
Iteration 90000: T=4.000066666666666, Loss=35179.970079972474
Iteration 100000: T=3.3333999999999997, Loss=35189.47062553378
Iteration 110000: T=2.666733333333333, Loss=35178.699413023714
Iteration 120000: T=2.0000666666666667, Loss=35172.30060337927
Iteration 130000: T=1.3334000000000001, Loss=35171.82112680794
Iteration 140000: T=0.6667333333333336, Loss=35170.043717298184
Iteration 150000: T=6.666666666710341e-05, Loss=35166.79149081044
Initial loss: 35818.164360963645
Iteration 10000: T=9.333400000000001, Loss=35183.98045170722
Iteration 20000: T=8.666733333333333, Loss=35202.64564082916
Iteration 30000: T=8.000066666666667, Loss=35195.68157334461
Iteration 40000: T=7.3334, Loss=35193.51222953416
Iteration 50000: T=6.666733333333333, Loss=35199.12876271426
Iteration 60000: T=6.000066666666667, Loss=35195.169199634525
Iteration 70000: T=5.333399999999999, Loss=35196.114648621275
Iteration 80000: T=4.666733333333334, Loss=35195.11170688291
Iteration 90000: T=4.000066666666666, Loss=35197.551519244975
Iteration 100000: T=3.3333999999999997, Loss=35196.5721428184
Iteration 110000: T=2.666733333333333, Loss=35194.38175926961
Iteration 120000: T=2.0000666666666667, Loss=35188.761464732095
Iteration 130000: T=1.3334000000000001, Loss=35189.2103622961
Iteration 140000: T=0.6667333333333336, Loss=35190.34368188056
Iteration 150000: T=6.666666666710341e-05, Loss=35186.5134728835
Initial loss: 35901.52896470226
Iteration 10000: T=9.333400000000001, Loss=35196.97942562261
Iteration 20000: T=8.666733333333333, Loss=35192.32914679642
Iteration 30000: T=8.000066666666667, Loss=35187.599771771726
Iteration 40000: T=7.3334, Loss=35184.841593053934
Iteration 50000: T=6.666733333333333, Loss=35180.28787094198
Iteration 60000: T=6.000066666666667, Loss=35182.23805998857
Iteration 70000: T=5.333399999999999, Loss=35190.35909305801
Iteration 80000: T=4.666733333333334, Loss=35176.805434457885
Iteration 90000: T=4.000066666666666, Loss=35176.0971775644
Iteration 100000: T=3.3333999999999997, Loss=35173.21538850554
Iteration 110000: T=2.666733333333333, Loss=35175.587297544196
Iteration 120000: T=2.0000666666666667, Loss=35172.75096955552
Iteration 130000: T=1.3334000000000001, Loss=35174.96133831837
Iteration 140000: T=0.6667333333333336, Loss=35167.71184869266
Iteration 150000: T=6.666666666710341e-05, Loss=35167.18620623622
Center of mass parameters: [ 1.80962164e+03  6.10564367e-01  5.03192127e+00  1.82163691e+03
  2.46099661e-01  4.64767836e+00  1.83221846e+03 -7.19956099e-03
  4.74696228e+00  1.84358270e+03  9.61795616e-01  4.06763370e+00
  1.85527318e+03  2.12494381e-01  4.73793010e+00  1.86628249e+03
  2.08998902e-01  5.44034146e+00  1.87837148e+03  3.31105914e-01
  4.82846969e+00  1.88993698e+03  1.08805779e+00  5.06969458e+00
  1.90076548e+03  9.23510476e-01  4.87832488e+00  1.91214564e+03
  5.32948778e-01  3.74624463e+00]
Final MSE: 35174.83454901322
R² = 0.02
Initial loss: 40194.75626336267
Iteration 10000: T=9.0001, Loss=35199.243648446594
Iteration 20000: T=8.0001, Loss=35205.167895504484
Iteration 30000: T=7.0001, Loss=35214.32404261918
Iteration 40000: T=6.0001, Loss=35199.47356172886
Iteration 50000: T=5.000100000000001, Loss=35202.20439579601
Iteration 60000: T=4.0001, Loss=35203.97736725896
Iteration 70000: T=3.0000999999999998, Loss=35209.05661142026
Iteration 80000: T=2.0001, Loss=35200.135082491215
Iteration 90000: T=1.0001000000000004, Loss=35195.08309163437
Iteration 100000: T=9.99999999995449e-05, Loss=35191.285583445715
Tuning complete. MSE at tuned parameters: 35191.285583445715
Initial loss: 91196.25316708956
Iteration 10000: T=9.333400000000001, Loss=35195.287014237925
Iteration 20000: T=8.666733333333333, Loss=35196.33112248459
Iteration 30000: T=8.000066666666667, Loss=35213.50802387785
Iteration 40000: T=7.3334, Loss=35196.11938010333
Iteration 50000: T=6.666733333333333, Loss=35204.010402554086
Iteration 60000: T=6.000066666666667, Loss=35194.25230242448
Iteration 70000: T=5.333399999999999, Loss=35193.382299306766
Iteration 80000: T=4.666733333333334, Loss=35204.192697684375
Iteration 90000: T=4.000066666666666, Loss=35197.29670380237
Iteration 100000: T=3.3333999999999997, Loss=35198.39561759863
Iteration 110000: T=2.666733333333333, Loss=35188.14168170814
Iteration 120000: T=2.0000666666666667, Loss=35191.35708353947
Iteration 130000: T=1.3334000000000001, Loss=35185.180044700945
Iteration 140000: T=0.6667333333333336, Loss=35180.87600509182
Iteration 150000: T=6.666666666710341e-05, Loss=35176.08441750578
Initial loss: 78975.87489163471
Iteration 10000: T=9.333400000000001, Loss=35198.07050763184
Iteration 20000: T=8.666733333333333, Loss=35192.09989796353
Iteration 30000: T=8.000066666666667, Loss=35200.90916548808
Iteration 40000: T=7.3334, Loss=35193.8143899635
Iteration 50000: T=6.666733333333333, Loss=35198.26764826723
Iteration 60000: T=6.000066666666667, Loss=35185.42443709331
Iteration 70000: T=5.333399999999999, Loss=35184.1011462537
Iteration 80000: T=4.666733333333334, Loss=35183.87788863445
Iteration 90000: T=4.000066666666666, Loss=35180.43186866213
Iteration 100000: T=3.3333999999999997, Loss=35189.13458473752
Iteration 110000: T=2.666733333333333, Loss=35182.14521264586
Iteration 120000: T=2.0000666666666667, Loss=35183.27426568756
Iteration 130000: T=1.3334000000000001, Loss=35179.13394489539
Iteration 140000: T=0.6667333333333336, Loss=35178.99713263554
Iteration 150000: T=6.666666666710341e-05, Loss=35173.967999617074
Initial loss: 38812.575324012156
Iteration 10000: T=9.333400000000001, Loss=35200.47834220656
Iteration 20000: T=8.666733333333333, Loss=35198.93028840865
Iteration 30000: T=8.000066666666667, Loss=35212.48607070233
Iteration 40000: T=7.3334, Loss=35195.80412429925
Iteration 50000: T=6.666733333333333, Loss=35201.347859184716
Iteration 60000: T=6.000066666666667, Loss=35196.56252625287
Iteration 70000: T=5.333399999999999, Loss=35178.69776373321
Iteration 80000: T=4.666733333333334, Loss=35180.823123261434
Iteration 90000: T=4.000066666666666, Loss=35178.440131618765
Iteration 100000: T=3.3333999999999997, Loss=35178.35142108727
Iteration 110000: T=2.666733333333333, Loss=35182.87383155031
Iteration 120000: T=2.0000666666666667, Loss=35178.182518095826
Iteration 130000: T=1.3334000000000001, Loss=35178.473298133926
Iteration 140000: T=0.6667333333333336, Loss=35178.37152361826
Iteration 150000: T=6.666666666710341e-05, Loss=35175.29006269669
Initial loss: 35214.734293467765
Iteration 10000: T=9.333400000000001, Loss=35190.55644273792
Iteration 20000: T=8.666733333333333, Loss=35196.73186766509
Iteration 30000: T=8.000066666666667, Loss=35191.79913932348
Iteration 40000: T=7.3334, Loss=35192.64413982447
Iteration 50000: T=6.666733333333333, Loss=35187.9330653862
Iteration 60000: T=6.000066666666667, Loss=35205.48793382696
Iteration 70000: T=5.333399999999999, Loss=35195.236256242904
Iteration 80000: T=4.666733333333334, Loss=35187.47121068913
Iteration 90000: T=4.000066666666666, Loss=35186.175922376875
Iteration 100000: T=3.3333999999999997, Loss=35184.292225035744
Iteration 110000: T=2.666733333333333, Loss=35185.52190278147
Iteration 120000: T=2.0000666666666667, Loss=35184.08891332849
Iteration 130000: T=1.3334000000000001, Loss=35182.569529775516
Iteration 140000: T=0.6667333333333336, Loss=35178.078483984864
Iteration 150000: T=6.666666666710341e-05, Loss=35172.85653346315
Initial loss: 35416.156806955965
Iteration 10000: T=9.333400000000001, Loss=35230.95097061575
Iteration 20000: T=8.666733333333333, Loss=35222.10864049162
Iteration 30000: T=8.000066666666667, Loss=35210.30540693201
Iteration 40000: T=7.3334, Loss=35201.38157936323
Iteration 50000: T=6.666733333333333, Loss=35189.57838928065
Iteration 60000: T=6.000066666666667, Loss=35192.911208446
Iteration 70000: T=5.333399999999999, Loss=35196.27839965106
Iteration 80000: T=4.666733333333334, Loss=35188.907601810184
Iteration 90000: T=4.000066666666666, Loss=35188.72890962836
Iteration 100000: T=3.3333999999999997, Loss=35183.46726101602
Iteration 110000: T=2.666733333333333, Loss=35187.18205503313
Iteration 120000: T=2.0000666666666667, Loss=35185.80478928617
Iteration 130000: T=1.3334000000000001, Loss=35183.79797786918
Iteration 140000: T=0.6667333333333336, Loss=35182.33134755291
Iteration 150000: T=6.666666666710341e-05, Loss=35180.95053619279
Center of mass parameters: [ 1.80906588e+03 -9.11973223e-02  5.20848847e+00  1.82293506e+03
  7.67101833e-01  5.77055950e+00  1.83388885e+03  6.07432648e-01
  6.22444506e+00  1.84295900e+03  3.34974897e-01  5.56375342e+00
  1.85529243e+03  2.11565074e-01  4.71898237e+00  1.86704109e+03
  3.75407462e-01  4.84044971e+00  1.87805533e+03  6.76656953e-01
  3.65814578e+00  1.88840187e+03  1.88928780e+00  4.55404476e+00
  1.90124228e+03  2.02110459e-01  4.93712142e+00  1.91233411e+03
  4.00693326e-01  6.11497222e+00]
Final MSE: 35179.70238699358
R² = 0.04
Initial loss: 40194.75626336267
Iteration 10000: T=9.0001, Loss=35197.359739110776
Iteration 20000: T=8.0001, Loss=35192.7599741823
Iteration 30000: T=7.0001, Loss=35189.94221634348
Iteration 40000: T=6.0001, Loss=35191.075529019894
Iteration 50000: T=5.000100000000001, Loss=35190.957859746995
Iteration 60000: T=4.0001, Loss=35192.29212076702
Iteration 70000: T=3.0000999999999998, Loss=35191.49123554447
Iteration 80000: T=2.0001, Loss=35187.14280984587
Iteration 90000: T=1.0001000000000004, Loss=35184.145367757425
Iteration 100000: T=9.99999999995449e-05, Loss=35180.32902471053
Tuning complete. MSE at tuned parameters: 35180.32902471053
Initial loss: 35751.344974227475
Iteration 10000: T=9.333400000000001, Loss=35186.59854614885
Iteration 20000: T=8.666733333333333, Loss=35192.24339455299
Iteration 30000: T=8.000066666666667, Loss=35189.5512909857
Iteration 40000: T=7.3334, Loss=35183.91626884202
Iteration 50000: T=6.666733333333333, Loss=35187.72365010779
Iteration 60000: T=6.000066666666667, Loss=35183.904159366786
Iteration 70000: T=5.333399999999999, Loss=35187.75996185657
Iteration 80000: T=4.666733333333334, Loss=35183.82265949069
Iteration 90000: T=4.000066666666666, Loss=35176.87844595037
Iteration 100000: T=3.3333999999999997, Loss=35175.60399690697
Iteration 110000: T=2.666733333333333, Loss=35172.36326383421
Iteration 120000: T=2.0000666666666667, Loss=35170.833897855584
Iteration 130000: T=1.3334000000000001, Loss=35172.73876018403
Iteration 140000: T=0.6667333333333336, Loss=35170.72113128359
Iteration 150000: T=6.666666666710341e-05, Loss=35165.55318117394
Initial loss: 117748.38451534485
Iteration 10000: T=9.333400000000001, Loss=35181.12406215491
Iteration 20000: T=8.666733333333333, Loss=35178.471976144654
Iteration 30000: T=8.000066666666667, Loss=35182.525283711664
Iteration 40000: T=7.3334, Loss=35199.72224037128
Iteration 50000: T=6.666733333333333, Loss=35188.485913919125
Iteration 60000: T=6.000066666666667, Loss=35191.93049862179
Iteration 70000: T=5.333399999999999, Loss=35176.17055227818
Iteration 80000: T=4.666733333333334, Loss=35178.75751515738
Iteration 90000: T=4.000066666666666, Loss=35197.190051184734
Iteration 100000: T=3.3333999999999997, Loss=35186.40053163142
Iteration 110000: T=2.666733333333333, Loss=35174.52631619324
Iteration 120000: T=2.0000666666666667, Loss=35174.88825850735
Iteration 130000: T=1.3334000000000001, Loss=35175.427201846076
Iteration 140000: T=0.6667333333333336, Loss=35171.373549328484
Iteration 150000: T=6.666666666710341e-05, Loss=35168.941221253044
Initial loss: 38069.589748829996
Iteration 10000: T=9.333400000000001, Loss=35188.567179897596
Iteration 20000: T=8.666733333333333, Loss=35193.674398393494
Iteration 30000: T=8.000066666666667, Loss=35186.565479685916
Iteration 40000: T=7.3334, Loss=35183.979990651744
Iteration 50000: T=6.666733333333333, Loss=35191.867720489376
Iteration 60000: T=6.000066666666667, Loss=35180.214642877734
Iteration 70000: T=5.333399999999999, Loss=35189.58666809263
Iteration 80000: T=4.666733333333334, Loss=35180.93303997176
Iteration 90000: T=4.000066666666666, Loss=35176.73802935566
Iteration 100000: T=3.3333999999999997, Loss=35176.24589899428
Iteration 110000: T=2.666733333333333, Loss=35175.289734407736
Iteration 120000: T=2.0000666666666667, Loss=35176.29634321024
Iteration 130000: T=1.3334000000000001, Loss=35171.66772601886
Iteration 140000: T=0.6667333333333336, Loss=35171.36411999189
Iteration 150000: T=6.666666666710341e-05, Loss=35167.12207249452
Initial loss: 37607.84000462517
Iteration 10000: T=9.333400000000001, Loss=35190.34019993586
Iteration 20000: T=8.666733333333333, Loss=35181.89309581559
Iteration 30000: T=8.000066666666667, Loss=35186.32085574538
Iteration 40000: T=7.3334, Loss=35174.96791083915
Iteration 50000: T=6.666733333333333, Loss=35182.6072113907
Iteration 60000: T=6.000066666666667, Loss=35176.2006063585
Iteration 70000: T=5.333399999999999, Loss=35174.374845186576
Iteration 80000: T=4.666733333333334, Loss=35181.37633765701
Iteration 90000: T=4.000066666666666, Loss=35181.492197763444
Iteration 100000: T=3.3333999999999997, Loss=35188.89236662803
Iteration 110000: T=2.666733333333333, Loss=35183.614242412936
Iteration 120000: T=2.0000666666666667, Loss=35178.2088535609
Iteration 130000: T=1.3334000000000001, Loss=35177.72536048056
Iteration 140000: T=0.6667333333333336, Loss=35173.97837330672
Iteration 150000: T=6.666666666710341e-05, Loss=35167.81456734443
Initial loss: 35649.277979836304
Iteration 10000: T=9.333400000000001, Loss=35190.09110119566
Iteration 20000: T=8.666733333333333, Loss=35186.01336379625
Iteration 30000: T=8.000066666666667, Loss=35191.39961584939
Iteration 40000: T=7.3334, Loss=35199.30630643393
Iteration 50000: T=6.666733333333333, Loss=35196.71773479058
Iteration 60000: T=6.000066666666667, Loss=35199.76986343403
Iteration 70000: T=5.333399999999999, Loss=35188.35976141464
Iteration 80000: T=4.666733333333334, Loss=35191.33715598417
Iteration 90000: T=4.000066666666666, Loss=35186.688168229775
Iteration 100000: T=3.3333999999999997, Loss=35186.46367026486
Iteration 110000: T=2.666733333333333, Loss=35184.596372262444
Iteration 120000: T=2.0000666666666667, Loss=35179.232732963894
Iteration 130000: T=1.3334000000000001, Loss=35176.14335561652
Iteration 140000: T=0.6667333333333336, Loss=35175.65326107974
Iteration 150000: T=6.666666666710341e-05, Loss=35170.78183877661
Center of mass parameters: [ 1.81015060e+03  7.15428483e-01  7.11226196e+00  1.82310707e+03
  5.66980658e-01  4.77944780e+00  1.83156987e+03  1.85780309e+00
  3.77501317e+00  1.84212645e+03  1.56990355e+00  5.75863421e+00
  1.85530197e+03  2.11169887e-01  4.71070510e+00  1.86799850e+03
  4.87831369e-01  5.08263482e+00  1.87665348e+03 -1.90169006e-01
  5.35680356e+00  1.88958218e+03  4.60124298e-01  4.77809651e+00
  1.90119832e+03  3.52163988e-01  4.72091692e+00  1.91135097e+03
  1.47741311e+00  5.26989112e+00]
Final MSE: 35171.49210105657
R² = 0.01
Initial loss: 40194.75626336267
Iteration 10000: T=9.0001, Loss=35193.09447920468
Iteration 20000: T=8.0001, Loss=35195.45729348981
Iteration 30000: T=7.0001, Loss=35196.49263518312
Iteration 40000: T=6.0001, Loss=35213.24887356952
Iteration 50000: T=5.000100000000001, Loss=35196.77853211467
Iteration 60000: T=4.0001, Loss=35195.53288107489
Iteration 70000: T=3.0000999999999998, Loss=35195.85570981814
Iteration 80000: T=2.0001, Loss=35201.01903292546
Iteration 90000: T=1.0001000000000004, Loss=35190.21285329649
Iteration 100000: T=9.99999999995449e-05, Loss=35186.21849825931
Tuning complete. MSE at tuned parameters: 35186.21849825931
Initial loss: 95451.258860508
Iteration 10000: T=9.333400000000001, Loss=35185.607436215
Iteration 20000: T=8.666733333333333, Loss=35188.513601411636
Iteration 30000: T=8.000066666666667, Loss=35182.109816431104
Iteration 40000: T=7.3334, Loss=35185.90599823098
Iteration 50000: T=6.666733333333333, Loss=35195.76501211732
Iteration 60000: T=6.000066666666667, Loss=35182.313165115615
Iteration 70000: T=5.333399999999999, Loss=35181.55241551155
Iteration 80000: T=4.666733333333334, Loss=35182.9344661348
Iteration 90000: T=4.000066666666666, Loss=35185.74243698314
Iteration 100000: T=3.3333999999999997, Loss=35188.65731187532
Iteration 110000: T=2.666733333333333, Loss=35185.09997509769
Iteration 120000: T=2.0000666666666667, Loss=35186.84913244873
Iteration 130000: T=1.3334000000000001, Loss=35183.5711282442
Iteration 140000: T=0.6667333333333336, Loss=35180.05804030255
Iteration 150000: T=6.666666666710341e-05, Loss=35177.119725545184
Initial loss: 36563.17194067738
Iteration 10000: T=9.333400000000001, Loss=35191.005970963
Iteration 20000: T=8.666733333333333, Loss=35206.36029532879
Iteration 30000: T=8.000066666666667, Loss=35189.43497930101
Iteration 40000: T=7.3334, Loss=35231.42516292374
Iteration 50000: T=6.666733333333333, Loss=35195.13627988064
Iteration 60000: T=6.000066666666667, Loss=35194.566506495474
Iteration 70000: T=5.333399999999999, Loss=35197.23655369077
Iteration 80000: T=4.666733333333334, Loss=35192.07608823568
Iteration 90000: T=4.000066666666666, Loss=35192.141436758575
Iteration 100000: T=3.3333999999999997, Loss=35191.870694154815
Iteration 110000: T=2.666733333333333, Loss=35189.48593799341
Iteration 120000: T=2.0000666666666667, Loss=35195.05986931801
Iteration 130000: T=1.3334000000000001, Loss=35191.433990452555
Iteration 140000: T=0.6667333333333336, Loss=35192.07016146289
Iteration 150000: T=6.666666666710341e-05, Loss=35189.24985807472
Initial loss: 40238.925544659294
Iteration 10000: T=9.333400000000001, Loss=35194.784356219025
Iteration 20000: T=8.666733333333333, Loss=35194.92092301152
Iteration 30000: T=8.000066666666667, Loss=35204.90159916508
Iteration 40000: T=7.3334, Loss=35205.20544665298
Iteration 50000: T=6.666733333333333, Loss=35193.26819658933
Iteration 60000: T=6.000066666666667, Loss=35190.739502894656
Iteration 70000: T=5.333399999999999, Loss=35198.81517487262
Iteration 80000: T=4.666733333333334, Loss=35186.75018051034
Iteration 90000: T=4.000066666666666, Loss=35189.02262173759
Iteration 100000: T=3.3333999999999997, Loss=35181.24023758034
Iteration 110000: T=2.666733333333333, Loss=35179.66564760418
Iteration 120000: T=2.0000666666666667, Loss=35178.69383721521
Iteration 130000: T=1.3334000000000001, Loss=35182.648361936364
Iteration 140000: T=0.6667333333333336, Loss=35177.65122646626
Iteration 150000: T=6.666666666710341e-05, Loss=35173.97675847342
Initial loss: 36405.66021186258
Iteration 10000: T=9.333400000000001, Loss=35193.504975758085
Iteration 20000: T=8.666733333333333, Loss=35203.56301573841
Iteration 30000: T=8.000066666666667, Loss=35203.7982631335
Iteration 40000: T=7.3334, Loss=35209.52102968957
Iteration 50000: T=6.666733333333333, Loss=35205.67477316402
Iteration 60000: T=6.000066666666667, Loss=35202.50952368914
Iteration 70000: T=5.333399999999999, Loss=35206.50712740491
Iteration 80000: T=4.666733333333334, Loss=35200.866079077256
Iteration 90000: T=4.000066666666666, Loss=35197.129591698045
Iteration 100000: T=3.3333999999999997, Loss=35194.42970815858
Iteration 110000: T=2.666733333333333, Loss=35198.236308058986
Iteration 120000: T=2.0000666666666667, Loss=35194.80754275461
Iteration 130000: T=1.3334000000000001, Loss=35192.2242536865
Iteration 140000: T=0.6667333333333336, Loss=35192.748133585534
Iteration 150000: T=6.666666666710341e-05, Loss=35190.509587477674
Initial loss: 41231.82884696506
Iteration 10000: T=9.333400000000001, Loss=35192.429218246034
Iteration 20000: T=8.666733333333333, Loss=35186.42578716015
Iteration 30000: T=8.000066666666667, Loss=35184.42336326392
Iteration 40000: T=7.3334, Loss=35183.305812811566
Iteration 50000: T=6.666733333333333, Loss=35180.70030113474
Iteration 60000: T=6.000066666666667, Loss=35182.15866682585
Iteration 70000: T=5.333399999999999, Loss=35175.998704488804
Iteration 80000: T=4.666733333333334, Loss=35180.15769187672
Iteration 90000: T=4.000066666666666, Loss=35177.05395699097
Iteration 100000: T=3.3333999999999997, Loss=35181.922963800134
Iteration 110000: T=2.666733333333333, Loss=35183.24303285055
Iteration 120000: T=2.0000666666666667, Loss=35180.85556313943
Iteration 130000: T=1.3334000000000001, Loss=35177.44198949523
Iteration 140000: T=0.6667333333333336, Loss=35178.19377044243
Iteration 150000: T=6.666666666710341e-05, Loss=35173.647363598815
Center of mass parameters: [1.80904502e+03 5.67557482e-02 5.64346327e+00 1.82294236e+03
 6.84587708e-01 5.48509122e+00 1.83234770e+03 5.80532179e-01
 4.46736376e+00 1.84280385e+03 1.34358939e+00 4.76326719e+00
 1.85535268e+03 2.09483992e-01 4.67394845e+00 1.86575283e+03
 4.88025266e-01 5.63692919e+00 1.87875894e+03 7.63378267e-01
 5.49062008e+00 1.88926446e+03 1.49073967e+00 3.89928315e+00
 1.90255122e+03 1.87690266e-01 5.98825878e+00 1.91329815e+03
 5.22256741e-01 4.06377298e+00]
Final MSE: 35182.92416168522
R² = 0.28
Initial loss: 40194.75626336267
Iteration 10000: T=9.0001, Loss=35197.40722226374
Iteration 20000: T=8.0001, Loss=35196.32002074865
Iteration 30000: T=7.0001, Loss=35193.85093955026
Iteration 40000: T=6.0001, Loss=35198.313005706754
Iteration 50000: T=5.000100000000001, Loss=35190.22933308016
Iteration 60000: T=4.0001, Loss=35190.87605783962
Iteration 70000: T=3.0000999999999998, Loss=35188.6166713818
Iteration 80000: T=2.0001, Loss=35186.77049550615
Iteration 90000: T=1.0001000000000004, Loss=35185.1931130882
Iteration 100000: T=9.99999999995449e-05, Loss=35183.12667961213
Tuning complete. MSE at tuned parameters: 35183.12667961213
Initial loss: 38703.02261980007
Iteration 10000: T=9.333400000000001, Loss=35192.44861377485
Iteration 20000: T=8.666733333333333, Loss=35205.56060428226
Iteration 30000: T=8.000066666666667, Loss=35195.938929715776
Iteration 40000: T=7.3334, Loss=35191.83176502468
Iteration 50000: T=6.666733333333333, Loss=35191.9397287704
Iteration 60000: T=6.000066666666667, Loss=35192.711388526375
Iteration 70000: T=5.333399999999999, Loss=35203.01565727006
Iteration 80000: T=4.666733333333334, Loss=35193.479086443906
Iteration 90000: T=4.000066666666666, Loss=35191.45882817198
Iteration 100000: T=3.3333999999999997, Loss=35192.68059824217
Iteration 110000: T=2.666733333333333, Loss=35198.29349048638
Iteration 120000: T=2.0000666666666667, Loss=35186.83787290792
Iteration 130000: T=1.3334000000000001, Loss=35183.65141158656
Iteration 140000: T=0.6667333333333336, Loss=35179.47626345233
Iteration 150000: T=6.666666666710341e-05, Loss=35174.9538908277
Initial loss: 40061.353426482565
Iteration 10000: T=9.333400000000001, Loss=35226.28630353176
Iteration 20000: T=8.666733333333333, Loss=35199.66040808006
Iteration 30000: T=8.000066666666667, Loss=35194.807209956285
Iteration 40000: T=7.3334, Loss=35191.43377682476
Iteration 50000: T=6.666733333333333, Loss=35186.4858545278
Iteration 60000: T=6.000066666666667, Loss=35190.27983025735
Iteration 70000: T=5.333399999999999, Loss=35181.618594611384
Iteration 80000: T=4.666733333333334, Loss=35185.83766628773
Iteration 90000: T=4.000066666666666, Loss=35175.99059007382
Iteration 100000: T=3.3333999999999997, Loss=35180.44441908612
Iteration 110000: T=2.666733333333333, Loss=35171.74013358613
Iteration 120000: T=2.0000666666666667, Loss=35172.86449304385
Iteration 130000: T=1.3334000000000001, Loss=35170.592122512826
Iteration 140000: T=0.6667333333333336, Loss=35168.712242381356
Iteration 150000: T=6.666666666710341e-05, Loss=35165.59980438374
Initial loss: 41230.330848145066
Iteration 10000: T=9.333400000000001, Loss=35185.582253690285
Iteration 20000: T=8.666733333333333, Loss=35188.12568380894
Iteration 30000: T=8.000066666666667, Loss=35189.16525117079
Iteration 40000: T=7.3334, Loss=35185.517765239245
Iteration 50000: T=6.666733333333333, Loss=35192.098270924456
Iteration 60000: T=6.000066666666667, Loss=35193.54746563002
Iteration 70000: T=5.333399999999999, Loss=35187.726456618366
Iteration 80000: T=4.666733333333334, Loss=35185.124230098394
Iteration 90000: T=4.000066666666666, Loss=35186.00683138226
Iteration 100000: T=3.3333999999999997, Loss=35184.59559367713
Iteration 110000: T=2.666733333333333, Loss=35183.90120091067
Iteration 120000: T=2.0000666666666667, Loss=35180.03689777647
Iteration 130000: T=1.3334000000000001, Loss=35182.72851069038
Iteration 140000: T=0.6667333333333336, Loss=35181.35177064183
Iteration 150000: T=6.666666666710341e-05, Loss=35177.60985655922
Initial loss: 36408.719517200305
Iteration 10000: T=9.333400000000001, Loss=35206.83695452621
Iteration 20000: T=8.666733333333333, Loss=35196.46744898628
Iteration 30000: T=8.000066666666667, Loss=35182.89508764688
Iteration 40000: T=7.3334, Loss=35183.34020837828
Iteration 50000: T=6.666733333333333, Loss=35183.01312992592
Iteration 60000: T=6.000066666666667, Loss=35180.320376852425
Iteration 70000: T=5.333399999999999, Loss=35180.75294366734
Iteration 80000: T=4.666733333333334, Loss=35187.714296758626
Iteration 90000: T=4.000066666666666, Loss=35188.17164467543
Iteration 100000: T=3.3333999999999997, Loss=35182.0175106124
Iteration 110000: T=2.666733333333333, Loss=35184.521554156265
Iteration 120000: T=2.0000666666666667, Loss=35180.909422541845
Iteration 130000: T=1.3334000000000001, Loss=35180.215409241035
Iteration 140000: T=0.6667333333333336, Loss=35177.32922254874
Iteration 150000: T=6.666666666710341e-05, Loss=35174.968985624444
Initial loss: 38313.95617877462
Iteration 10000: T=9.333400000000001, Loss=35189.804513860516
Iteration 20000: T=8.666733333333333, Loss=35188.242664234
Iteration 30000: T=8.000066666666667, Loss=35193.87585768355
Iteration 40000: T=7.3334, Loss=35194.767353541276
Iteration 50000: T=6.666733333333333, Loss=35177.51744892927
Iteration 60000: T=6.000066666666667, Loss=35180.80210828335
Iteration 70000: T=5.333399999999999, Loss=35174.28235492371
Iteration 80000: T=4.666733333333334, Loss=35176.56095394818
Iteration 90000: T=4.000066666666666, Loss=35176.43618333533
Iteration 100000: T=3.3333999999999997, Loss=35177.33045168391
Iteration 110000: T=2.666733333333333, Loss=35181.9075984542
Iteration 120000: T=2.0000666666666667, Loss=35188.04971896206
Iteration 130000: T=1.3334000000000001, Loss=35181.4682016427
Iteration 140000: T=0.6667333333333336, Loss=35177.18251748616
Iteration 150000: T=6.666666666710341e-05, Loss=35173.092463922156
Center of mass parameters: [ 1.81015231e+03  3.10748512e-01  6.36427227e+00  1.82210958e+03
  7.48899613e-01  5.25130641e+00  1.83222978e+03  5.70038671e-01
  5.44445144e+00  1.84308591e+03  2.02393621e-01  5.44440161e+00
  1.85543188e+03  2.06231893e-01  4.60629169e+00  1.86738760e+03
 -3.55571889e-01  5.19132435e+00  1.87817207e+03  9.50133092e-01
  4.93919294e+00  1.88919699e+03 -4.37414372e-01  3.63894213e+00
  1.90031050e+03  1.05621834e+00  5.30236463e+00  1.91250530e+03
  1.02564273e+00  5.14539783e+00]
Final MSE: 35176.49613843414
R² = 0.14
Initial loss: 40194.75626336267
Iteration 10000: T=9.0001, Loss=35207.17097426986
Iteration 20000: T=8.0001, Loss=35197.52741313401
Iteration 30000: T=7.0001, Loss=35207.494989750514
Iteration 40000: T=6.0001, Loss=35209.58887588037
Iteration 50000: T=5.000100000000001, Loss=35201.31191999082
Iteration 60000: T=4.0001, Loss=35198.96748480178
Iteration 70000: T=3.0000999999999998, Loss=35197.417630139855
Iteration 80000: T=2.0001, Loss=35190.76080330073
Iteration 90000: T=1.0001000000000004, Loss=35189.42698481498
Iteration 100000: T=9.99999999995449e-05, Loss=35186.966844537405
Tuning complete. MSE at tuned parameters: 35186.966844537405
Initial loss: 73693.80501887185
Iteration 10000: T=9.333400000000001, Loss=35202.8256758877
Iteration 20000: T=8.666733333333333, Loss=35196.97871402624
Iteration 30000: T=8.000066666666667, Loss=35192.906170909395
Iteration 40000: T=7.3334, Loss=35193.12243762019
Iteration 50000: T=6.666733333333333, Loss=35188.38979608799
Iteration 60000: T=6.000066666666667, Loss=35193.79227172744
Iteration 70000: T=5.333399999999999, Loss=35182.80813032224
Iteration 80000: T=4.666733333333334, Loss=35184.59802998215
Iteration 90000: T=4.000066666666666, Loss=35185.66758032531
Iteration 100000: T=3.3333999999999997, Loss=35187.54142231468
Iteration 110000: T=2.666733333333333, Loss=35184.561833921856
Iteration 120000: T=2.0000666666666667, Loss=35184.03284045851
Iteration 130000: T=1.3334000000000001, Loss=35182.29605448462
Iteration 140000: T=0.6667333333333336, Loss=35178.72892117907
Iteration 150000: T=6.666666666710341e-05, Loss=35175.119441683964
Initial loss: 37796.347679767205
Iteration 10000: T=9.333400000000001, Loss=35213.617557046164
Iteration 20000: T=8.666733333333333, Loss=35209.086214350005
Iteration 30000: T=8.000066666666667, Loss=35183.845610410746
Iteration 40000: T=7.3334, Loss=35185.216561679044
Iteration 50000: T=6.666733333333333, Loss=35187.243537913935
Iteration 60000: T=6.000066666666667, Loss=35193.07131111008
Iteration 70000: T=5.333399999999999, Loss=35188.71901489447
Iteration 80000: T=4.666733333333334, Loss=35190.57603748376
Iteration 90000: T=4.000066666666666, Loss=35190.82761839346
Iteration 100000: T=3.3333999999999997, Loss=35191.17896304994
Iteration 110000: T=2.666733333333333, Loss=35193.72774783898
Iteration 120000: T=2.0000666666666667, Loss=35188.99002616398
Iteration 130000: T=1.3334000000000001, Loss=35193.999755355035
Iteration 140000: T=0.6667333333333336, Loss=35184.70806512769
Iteration 150000: T=6.666666666710341e-05, Loss=35178.983864433714
Initial loss: 35888.63043726448
Iteration 10000: T=9.333400000000001, Loss=35205.2584409175
Iteration 20000: T=8.666733333333333, Loss=35191.61767280519
Iteration 30000: T=8.000066666666667, Loss=35188.56278757178
Iteration 40000: T=7.3334, Loss=35219.43750790859
Iteration 50000: T=6.666733333333333, Loss=35178.596552293304
Iteration 60000: T=6.000066666666667, Loss=35174.17928183513
Iteration 70000: T=5.333399999999999, Loss=35178.994690478314
Iteration 80000: T=4.666733333333334, Loss=35190.194295739224
Iteration 90000: T=4.000066666666666, Loss=35174.90722072199
Iteration 100000: T=3.3333999999999997, Loss=35177.127295068174
Iteration 110000: T=2.666733333333333, Loss=35170.28973957225
Iteration 120000: T=2.0000666666666667, Loss=35172.25692073298
Iteration 130000: T=1.3334000000000001, Loss=35165.46603668342
Iteration 140000: T=0.6667333333333336, Loss=35164.95878973169
Iteration 150000: T=6.666666666710341e-05, Loss=35159.47307087791
Initial loss: 39399.134520797284
Iteration 10000: T=9.333400000000001, Loss=35189.39587445498
Iteration 20000: T=8.666733333333333, Loss=35191.86410358195
Iteration 30000: T=8.000066666666667, Loss=35188.09699724925
Iteration 40000: T=7.3334, Loss=35178.2237372632
Iteration 50000: T=6.666733333333333, Loss=35188.87040005538
Iteration 60000: T=6.000066666666667, Loss=35196.294422558756
Iteration 70000: T=5.333399999999999, Loss=35190.53323177484
Iteration 80000: T=4.666733333333334, Loss=35194.624651759885
Iteration 90000: T=4.000066666666666, Loss=35191.39383220813
Iteration 100000: T=3.3333999999999997, Loss=35186.85536797801
Iteration 110000: T=2.666733333333333, Loss=35182.41639386682
Iteration 120000: T=2.0000666666666667, Loss=35179.44992697918
Iteration 130000: T=1.3334000000000001, Loss=35180.614872357524
Iteration 140000: T=0.6667333333333336, Loss=35174.35562495121
Iteration 150000: T=6.666666666710341e-05, Loss=35169.56252898422
Initial loss: 35495.67998727212
Iteration 10000: T=9.333400000000001, Loss=35185.75397110395
Iteration 20000: T=8.666733333333333, Loss=35198.616897016625
Iteration 30000: T=8.000066666666667, Loss=35187.969676119086
Iteration 40000: T=7.3334, Loss=35180.11365744691
Iteration 50000: T=6.666733333333333, Loss=35189.28409843564
Iteration 60000: T=6.000066666666667, Loss=35179.95343276535
Iteration 70000: T=5.333399999999999, Loss=35176.621986598846
Iteration 80000: T=4.666733333333334, Loss=35187.1330606975
Iteration 90000: T=4.000066666666666, Loss=35179.26787871463
Iteration 100000: T=3.3333999999999997, Loss=35173.64652425907
Iteration 110000: T=2.666733333333333, Loss=35171.44843322608
Iteration 120000: T=2.0000666666666667, Loss=35175.1503608589
Iteration 130000: T=1.3334000000000001, Loss=35177.21979550404
Iteration 140000: T=0.6667333333333336, Loss=35177.27487129389
Iteration 150000: T=6.666666666710341e-05, Loss=35173.06876045196
Center of mass parameters: [ 1.80983627e+03  3.09430538e-02  5.00941644e+00  1.82316924e+03
  1.16043692e+00  4.61420605e+00  1.83264382e+03 -2.08695556e-01
  3.95782032e+00  1.84193177e+03  1.81003833e-01  4.59931240e+00
  1.85515015e+03  2.16896645e-01  4.83239613e+00  1.86641787e+03
  1.48050661e-01  5.49068905e+00  1.87737084e+03  6.01433118e-02
  4.31439319e+00  1.88876924e+03  9.37212764e-01  5.40229190e+00
  1.90129240e+03  9.29894357e-02  4.83401146e+00  1.91307161e+03
  2.75563250e-01  5.37103364e+00]
Final MSE: 35175.46782890895
R² = 0.10
Initial loss: 40194.75626336267
Iteration 10000: T=9.0001, Loss=35191.36923872001
Iteration 20000: T=8.0001, Loss=35198.41115378839
Iteration 30000: T=7.0001, Loss=35195.79234495352
Iteration 40000: T=6.0001, Loss=35202.94734328914
Iteration 50000: T=5.000100000000001, Loss=35195.30910508653
Iteration 60000: T=4.0001, Loss=35203.44685446251
Iteration 70000: T=3.0000999999999998, Loss=35204.15204014814
Iteration 80000: T=2.0001, Loss=35193.76734115947
Iteration 90000: T=1.0001000000000004, Loss=35195.92645479799
Iteration 100000: T=9.99999999995449e-05, Loss=35192.20657287069
Tuning complete. MSE at tuned parameters: 35192.20657287069
Initial loss: 37962.00372827317
Iteration 10000: T=9.333400000000001, Loss=35196.873593535835
Iteration 20000: T=8.666733333333333, Loss=35213.20620493397
Iteration 30000: T=8.000066666666667, Loss=35202.0209079544
Iteration 40000: T=7.3334, Loss=35209.079400020724
Iteration 50000: T=6.666733333333333, Loss=35201.08940803419
Iteration 60000: T=6.000066666666667, Loss=35204.198426263756
Iteration 70000: T=5.333399999999999, Loss=35204.78070650398
Iteration 80000: T=4.666733333333334, Loss=35198.442716121936
Iteration 90000: T=4.000066666666666, Loss=35193.15076383964
Iteration 100000: T=3.3333999999999997, Loss=35190.52885589804
Iteration 110000: T=2.666733333333333, Loss=35196.85011203005
Iteration 120000: T=2.0000666666666667, Loss=35186.34846589164
Iteration 130000: T=1.3334000000000001, Loss=35187.971669120496
Iteration 140000: T=0.6667333333333336, Loss=35182.73055671024
Iteration 150000: T=6.666666666710341e-05, Loss=35180.242375769754
Initial loss: 39522.70403423185
Iteration 10000: T=9.333400000000001, Loss=35215.121111101944
Iteration 20000: T=8.666733333333333, Loss=35194.60721122463
Iteration 30000: T=8.000066666666667, Loss=35195.678901507934
Iteration 40000: T=7.3334, Loss=35201.12249125001
Iteration 50000: T=6.666733333333333, Loss=35202.18828517434
Iteration 60000: T=6.000066666666667, Loss=35208.32367591655
Iteration 70000: T=5.333399999999999, Loss=35199.62382037868
Iteration 80000: T=4.666733333333334, Loss=35205.496892478055
Iteration 90000: T=4.000066666666666, Loss=35199.81722134067
Iteration 100000: T=3.3333999999999997, Loss=35202.23013848021
Iteration 110000: T=2.666733333333333, Loss=35196.97080930212
Iteration 120000: T=2.0000666666666667, Loss=35195.66956335877
Iteration 130000: T=1.3334000000000001, Loss=35193.265581792235
Iteration 140000: T=0.6667333333333336, Loss=35190.99449674719
Iteration 150000: T=6.666666666710341e-05, Loss=35188.82968225815
Initial loss: 39047.20621810038
Iteration 10000: T=9.333400000000001, Loss=35197.3512562993
Iteration 20000: T=8.666733333333333, Loss=35202.352731820465
Iteration 30000: T=8.000066666666667, Loss=35197.84495174979
Iteration 40000: T=7.3334, Loss=35194.459212025715
Iteration 50000: T=6.666733333333333, Loss=35200.10173030949
Iteration 60000: T=6.000066666666667, Loss=35194.16782332822
Iteration 70000: T=5.333399999999999, Loss=35210.11124482371
Iteration 80000: T=4.666733333333334, Loss=35192.19180551997
Iteration 90000: T=4.000066666666666, Loss=35187.80020706772
Iteration 100000: T=3.3333999999999997, Loss=35191.20642466124
Iteration 110000: T=2.666733333333333, Loss=35189.717246286586
Iteration 120000: T=2.0000666666666667, Loss=35195.989625102186
Iteration 130000: T=1.3334000000000001, Loss=35190.54900338931
Iteration 140000: T=0.6667333333333336, Loss=35192.42448928851
Iteration 150000: T=6.666666666710341e-05, Loss=35185.610431452755
Initial loss: 35367.201555138716
Iteration 10000: T=9.333400000000001, Loss=35189.141193730175
Iteration 20000: T=8.666733333333333, Loss=35193.6976019551
Iteration 30000: T=8.000066666666667, Loss=35196.04950694307
Iteration 40000: T=7.3334, Loss=35193.799267877876
Iteration 50000: T=6.666733333333333, Loss=35202.03030987075
Iteration 60000: T=6.000066666666667, Loss=35191.06851087437
Iteration 70000: T=5.333399999999999, Loss=35190.61118328691
Iteration 80000: T=4.666733333333334, Loss=35191.829584452404
Iteration 90000: T=4.000066666666666, Loss=35196.20592163272
Iteration 100000: T=3.3333999999999997, Loss=35191.22622385861
Iteration 110000: T=2.666733333333333, Loss=35191.87036839633
Iteration 120000: T=2.0000666666666667, Loss=35192.808765620466
Iteration 130000: T=1.3334000000000001, Loss=35192.50211926203
Iteration 140000: T=0.6667333333333336, Loss=35190.4003581582
Iteration 150000: T=6.666666666710341e-05, Loss=35184.05011403152
Initial loss: 40060.980233593684
Iteration 10000: T=9.333400000000001, Loss=35216.30648018238
Iteration 20000: T=8.666733333333333, Loss=35196.216849223245
Iteration 30000: T=8.000066666666667, Loss=35196.91164403926
Iteration 40000: T=7.3334, Loss=35209.823999477405
Iteration 50000: T=6.666733333333333, Loss=35241.69186860567
Iteration 60000: T=6.000066666666667, Loss=35210.62787477526
Iteration 70000: T=5.333399999999999, Loss=35213.49002089467
Iteration 80000: T=4.666733333333334, Loss=35212.427844908234
Iteration 90000: T=4.000066666666666, Loss=35202.865770026285
Iteration 100000: T=3.3333999999999997, Loss=35200.820446203965
Iteration 110000: T=2.666733333333333, Loss=35206.24406228681
Iteration 120000: T=2.0000666666666667, Loss=35199.03505109776
Iteration 130000: T=1.3334000000000001, Loss=35196.06267104693
Iteration 140000: T=0.6667333333333336, Loss=35196.97922958245
Iteration 150000: T=6.666666666710341e-05, Loss=35193.01138411624
Center of mass parameters: [ 1.81033618e+03 -1.51059782e-01  4.00858317e+00  1.82302041e+03
  5.09747251e-01  5.07887637e+00  1.83375666e+03  8.46009136e-01
  4.45845253e+00  1.84281102e+03 -1.23353022e-01  5.99988039e+00
  1.85527701e+03  2.12342957e-01  4.73475377e+00  1.86699209e+03
  1.28325435e+00  5.69304686e+00  1.87784502e+03  8.51432042e-01
  5.16239635e+00  1.88968786e+03 -1.15173711e-01  5.42407764e+00
  1.90213471e+03  3.69767345e-01  4.21301838e+00  1.91208835e+03
  1.06510678e+00  5.06918511e+00]
Final MSE: 35189.9818288141
R² = 0.02
Initial loss: 40194.75626336267
Iteration 10000: T=9.0001, Loss=35201.742130894316
Iteration 20000: T=8.0001, Loss=35228.393841094694
Iteration 30000: T=7.0001, Loss=35204.500906027795
Iteration 40000: T=6.0001, Loss=35198.511888891146
Iteration 50000: T=5.000100000000001, Loss=35194.527413330805
Iteration 60000: T=4.0001, Loss=35189.77179990685
Iteration 70000: T=3.0000999999999998, Loss=35187.33189722474
Iteration 80000: T=2.0001, Loss=35193.99210123599
Iteration 90000: T=1.0001000000000004, Loss=35187.75048784695
Iteration 100000: T=9.99999999995449e-05, Loss=35187.63662006503
Tuning complete. MSE at tuned parameters: 35187.63662006503
Initial loss: 35203.68638309816
Iteration 10000: T=9.333400000000001, Loss=35198.107026560705
Iteration 20000: T=8.666733333333333, Loss=35197.028499714426
Iteration 30000: T=8.000066666666667, Loss=35184.217114425555
Iteration 40000: T=7.3334, Loss=35198.08225024075
Iteration 50000: T=6.666733333333333, Loss=35202.01672504326
Iteration 60000: T=6.000066666666667, Loss=35197.99497124191
Iteration 70000: T=5.333399999999999, Loss=35193.30671747934
Iteration 80000: T=4.666733333333334, Loss=35215.23981035817
Iteration 90000: T=4.000066666666666, Loss=35192.20846538965
Iteration 100000: T=3.3333999999999997, Loss=35193.17883269698
Iteration 110000: T=2.666733333333333, Loss=35201.570695372226
Iteration 120000: T=2.0000666666666667, Loss=35199.60417604316
Iteration 130000: T=1.3334000000000001, Loss=35192.51089001614
Iteration 140000: T=0.6667333333333336, Loss=35190.45476578138
Iteration 150000: T=6.666666666710341e-05, Loss=35185.59447466627
Initial loss: 40484.14275550844
Iteration 10000: T=9.333400000000001, Loss=35219.70313588166
Iteration 20000: T=8.666733333333333, Loss=35190.62661656835
Iteration 30000: T=8.000066666666667, Loss=35187.32330748095
Iteration 40000: T=7.3334, Loss=35195.51475100781
Iteration 50000: T=6.666733333333333, Loss=35193.031158471094
Iteration 60000: T=6.000066666666667, Loss=35201.587626509856
Iteration 70000: T=5.333399999999999, Loss=35184.58333441759
Iteration 80000: T=4.666733333333334, Loss=35184.05149131652
Iteration 90000: T=4.000066666666666, Loss=35191.16711106815
Iteration 100000: T=3.3333999999999997, Loss=35202.94261425011
Iteration 110000: T=2.666733333333333, Loss=35187.9420280823
Iteration 120000: T=2.0000666666666667, Loss=35185.80975023822
Iteration 130000: T=1.3334000000000001, Loss=35185.18637206994
Iteration 140000: T=0.6667333333333336, Loss=35179.535210979484
Iteration 150000: T=6.666666666710341e-05, Loss=35177.78661608383
Initial loss: 39546.7588030107
Iteration 10000: T=9.333400000000001, Loss=35191.675440149265
Iteration 20000: T=8.666733333333333, Loss=35192.28540070338
Iteration 30000: T=8.000066666666667, Loss=35199.98717477868
Iteration 40000: T=7.3334, Loss=35198.16022378509
Iteration 50000: T=6.666733333333333, Loss=35191.47509466247
Iteration 60000: T=6.000066666666667, Loss=35202.51450555567
Iteration 70000: T=5.333399999999999, Loss=35204.6409584525
Iteration 80000: T=4.666733333333334, Loss=35193.87964334744
Iteration 90000: T=4.000066666666666, Loss=35195.873822134854
Iteration 100000: T=3.3333999999999997, Loss=35196.214341002116
Iteration 110000: T=2.666733333333333, Loss=35191.01355030326
Iteration 120000: T=2.0000666666666667, Loss=35195.82726798019
Iteration 130000: T=1.3334000000000001, Loss=35193.158816404895
Iteration 140000: T=0.6667333333333336, Loss=35188.42045859357
Iteration 150000: T=6.666666666710341e-05, Loss=35185.699561850706
Initial loss: 307868.39481546584
Iteration 10000: T=9.333400000000001, Loss=35196.757169791614
Iteration 20000: T=8.666733333333333, Loss=35204.15350347484
Iteration 30000: T=8.000066666666667, Loss=35181.03115498928
Iteration 40000: T=7.3334, Loss=35190.353858674796
Iteration 50000: T=6.666733333333333, Loss=35190.845005136885
Iteration 60000: T=6.000066666666667, Loss=35182.5987324036
Iteration 70000: T=5.333399999999999, Loss=35187.13095523522
Iteration 80000: T=4.666733333333334, Loss=35184.14748703221
Iteration 90000: T=4.000066666666666, Loss=35182.71146925857
Iteration 100000: T=3.3333999999999997, Loss=35183.450597461706
Iteration 110000: T=2.666733333333333, Loss=35179.28113431803
Iteration 120000: T=2.0000666666666667, Loss=35182.28165242348
Iteration 130000: T=1.3334000000000001, Loss=35176.9477099294
Iteration 140000: T=0.6667333333333336, Loss=35175.54246310649
Iteration 150000: T=6.666666666710341e-05, Loss=35169.91440626323
Initial loss: 36110.411712495894
Iteration 10000: T=9.333400000000001, Loss=35230.30211327555
Iteration 20000: T=8.666733333333333, Loss=35194.509931595385
Iteration 30000: T=8.000066666666667, Loss=35190.01526411012
Iteration 40000: T=7.3334, Loss=35196.24768220073
Iteration 50000: T=6.666733333333333, Loss=35190.28918633408
Iteration 60000: T=6.000066666666667, Loss=35191.137206999905
Iteration 70000: T=5.333399999999999, Loss=35188.83747736983
Iteration 80000: T=4.666733333333334, Loss=35194.04542820788
Iteration 90000: T=4.000066666666666, Loss=35193.46121337493
Iteration 100000: T=3.3333999999999997, Loss=35193.042235652734
Iteration 110000: T=2.666733333333333, Loss=35195.794694254335
Iteration 120000: T=2.0000666666666667, Loss=35186.832491664805
Iteration 130000: T=1.3334000000000001, Loss=35184.21732543532
Iteration 140000: T=0.6667333333333336, Loss=35183.25862972006
Iteration 150000: T=6.666666666710341e-05, Loss=35179.19862050304
Center of mass parameters: [ 1.80878424e+03  1.68221529e-01  5.72224077e+00  1.82318313e+03
  3.59774090e-01  5.12142739e+00  1.83325659e+03 -5.33705768e-01
  5.10570154e+00  1.84303787e+03  4.84565397e-01  4.87220590e+00
  1.85526565e+03  2.12934529e-01  4.74688290e+00  1.86768954e+03
  6.04139106e-01  4.18041967e+00  1.87666519e+03 -4.07306804e-01
  5.45499077e+00  1.88965715e+03  3.06991835e-01  3.45620753e+00
  1.90153160e+03 -1.85035027e-02  4.42772933e+00  1.91316735e+03
  1.25557010e+00  4.78151014e+00]
Final MSE: 35183.920045776875
R² = 0.09
Initial loss: 40194.75626336267
Iteration 10000: T=9.0001, Loss=35229.81297859736
Iteration 20000: T=8.0001, Loss=35195.37032641632
Iteration 30000: T=7.0001, Loss=35197.099511598724
Iteration 40000: T=6.0001, Loss=35192.800219986064
Iteration 50000: T=5.000100000000001, Loss=35193.16136224415
Iteration 60000: T=4.0001, Loss=35187.389099250904
Iteration 70000: T=3.0000999999999998, Loss=35195.950636170914
Iteration 80000: T=2.0001, Loss=35176.42646620302
Iteration 90000: T=1.0001000000000004, Loss=35172.588781513376
Iteration 100000: T=9.99999999995449e-05, Loss=35172.443637233206
Tuning complete. MSE at tuned parameters: 35172.443637233206
Initial loss: 41991.027811812644
Iteration 10000: T=9.333400000000001, Loss=35180.707331070706
Iteration 20000: T=8.666733333333333, Loss=35190.36790727369
Iteration 30000: T=8.000066666666667, Loss=35196.43836816013
Iteration 40000: T=7.3334, Loss=35206.394622947206
Iteration 50000: T=6.666733333333333, Loss=35222.721100348106
Iteration 60000: T=6.000066666666667, Loss=35204.15601334712
Iteration 70000: T=5.333399999999999, Loss=35207.765959755794
Iteration 80000: T=4.666733333333334, Loss=35206.91731431491
Iteration 90000: T=4.000066666666666, Loss=35200.521334200486
Iteration 100000: T=3.3333999999999997, Loss=35210.276716826724
Iteration 110000: T=2.666733333333333, Loss=35205.80294733231
Iteration 120000: T=2.0000666666666667, Loss=35201.89161442562
Iteration 130000: T=1.3334000000000001, Loss=35201.3367311208
Iteration 140000: T=0.6667333333333336, Loss=35195.865164571784
Iteration 150000: T=6.666666666710341e-05, Loss=35192.09215447372
Initial loss: 36117.65955094462
Iteration 10000: T=9.333400000000001, Loss=35183.51758858034
Iteration 20000: T=8.666733333333333, Loss=35186.11439042524
Iteration 30000: T=8.000066666666667, Loss=35180.304299241754
Iteration 40000: T=7.3334, Loss=35183.42529042484
Iteration 50000: T=6.666733333333333, Loss=35184.32134292135
Iteration 60000: T=6.000066666666667, Loss=35178.54202862422
Iteration 70000: T=5.333399999999999, Loss=35174.76695102254
Iteration 80000: T=4.666733333333334, Loss=35174.76758993416
Iteration 90000: T=4.000066666666666, Loss=35178.20751522818
Iteration 100000: T=3.3333999999999997, Loss=35174.51316916699
Iteration 110000: T=2.666733333333333, Loss=35180.43642742753
Iteration 120000: T=2.0000666666666667, Loss=35177.537524101775
Iteration 130000: T=1.3334000000000001, Loss=35173.93856911532
Iteration 140000: T=0.6667333333333336, Loss=35170.26107324792
Iteration 150000: T=6.666666666710341e-05, Loss=35167.27372168176
Initial loss: 37416.12728355405
Iteration 10000: T=9.333400000000001, Loss=35170.889279403615
Iteration 20000: T=8.666733333333333, Loss=35175.07464757182
Iteration 30000: T=8.000066666666667, Loss=35188.81085870797
Iteration 40000: T=7.3334, Loss=35172.98962218827
Iteration 50000: T=6.666733333333333, Loss=35167.641007527716
Iteration 60000: T=6.000066666666667, Loss=35172.62090459363
Iteration 70000: T=5.333399999999999, Loss=35166.88474063496
Iteration 80000: T=4.666733333333334, Loss=35166.102892642935
Iteration 90000: T=4.000066666666666, Loss=35167.265064682615
Iteration 100000: T=3.3333999999999997, Loss=35170.11885545322
Iteration 110000: T=2.666733333333333, Loss=35178.25596464521
Iteration 120000: T=2.0000666666666667, Loss=35170.50751103289
Iteration 130000: T=1.3334000000000001, Loss=35168.59644763777
Iteration 140000: T=0.6667333333333336, Loss=35170.024736866304
Iteration 150000: T=6.666666666710341e-05, Loss=35167.74279126132
Initial loss: 35183.305977924865
Iteration 10000: T=9.333400000000001, Loss=35178.01327688936
Iteration 20000: T=8.666733333333333, Loss=35180.69685805331
Iteration 30000: T=8.000066666666667, Loss=35182.922007190056
Iteration 40000: T=7.3334, Loss=35182.86515663029
Iteration 50000: T=6.666733333333333, Loss=35173.1958664062
Iteration 60000: T=6.000066666666667, Loss=35173.54507585427
Iteration 70000: T=5.333399999999999, Loss=35176.86494664138
Iteration 80000: T=4.666733333333334, Loss=35187.900778514275
Iteration 90000: T=4.000066666666666, Loss=35178.23889517608
Iteration 100000: T=3.3333999999999997, Loss=35170.69494753753
Iteration 110000: T=2.666733333333333, Loss=35177.715841230456
Iteration 120000: T=2.0000666666666667, Loss=35177.374238255106
Iteration 130000: T=1.3334000000000001, Loss=35168.57649666678
Iteration 140000: T=0.6667333333333336, Loss=35168.2918702938
Iteration 150000: T=6.666666666710341e-05, Loss=35164.937026796964
Initial loss: 35457.05029151535
Iteration 10000: T=9.333400000000001, Loss=35177.37781635104
Iteration 20000: T=8.666733333333333, Loss=35174.33734594943
Iteration 30000: T=8.000066666666667, Loss=35174.30605848985
Iteration 40000: T=7.3334, Loss=35171.766931749204
Iteration 50000: T=6.666733333333333, Loss=35176.28916020574
Iteration 60000: T=6.000066666666667, Loss=35173.434597037296
Iteration 70000: T=5.333399999999999, Loss=35170.079680729716
Iteration 80000: T=4.666733333333334, Loss=35178.30600870702
Iteration 90000: T=4.000066666666666, Loss=35168.112998313976
Iteration 100000: T=3.3333999999999997, Loss=35170.92735793259
Iteration 110000: T=2.666733333333333, Loss=35171.69127258129
Iteration 120000: T=2.0000666666666667, Loss=35171.57001779499
Iteration 130000: T=1.3334000000000001, Loss=35165.321514012474
Iteration 140000: T=0.6667333333333336, Loss=35162.19581822102
Iteration 150000: T=6.666666666710341e-05, Loss=35160.83122523538
Center of mass parameters: [ 1.81018555e+03  3.67449736e-01  5.06616125e+00  1.82289203e+03
  7.63927307e-01  5.42145953e+00  1.83300854e+03  6.11743858e-01
  5.58331178e+00  1.84218349e+03 -1.07737659e-01  6.06495671e+00
  1.85503265e+03  2.21093032e-01  4.92333992e+00  1.86569924e+03
 -1.48107603e-01  5.96150193e+00  1.87787231e+03 -2.43163092e-01
  4.25868271e+00  1.88933879e+03  1.84820283e-01  4.77516316e+00
  1.90101019e+03  1.42166194e+00  6.29140107e+00  1.91165265e+03
  2.20256790e-01  4.57982635e+00]
Final MSE: 35174.10501305136
R² = 0.19
Initial loss: 40194.75626336267
Iteration 10000: T=9.0001, Loss=35201.67117951737
Iteration 20000: T=8.0001, Loss=35195.42609726595
Iteration 30000: T=7.0001, Loss=35195.7257599763
Iteration 40000: T=6.0001, Loss=35193.39378615854
Iteration 50000: T=5.000100000000001, Loss=35196.73229798529
Iteration 60000: T=4.0001, Loss=35197.468799364404
Iteration 70000: T=3.0000999999999998, Loss=35198.29482735167
Iteration 80000: T=2.0001, Loss=35196.4431074533
Iteration 90000: T=1.0001000000000004, Loss=35195.88081042961
Iteration 100000: T=9.99999999995449e-05, Loss=35188.85906341322
Tuning complete. MSE at tuned parameters: 35188.85906341322
Initial loss: 38403.66540786686
Iteration 10000: T=9.333400000000001, Loss=35186.682540265596
Iteration 20000: T=8.666733333333333, Loss=35186.78340442095
Iteration 30000: T=8.000066666666667, Loss=35182.89512701636
Iteration 40000: T=7.3334, Loss=35185.133560251365
Iteration 50000: T=6.666733333333333, Loss=35180.57969131208
Iteration 60000: T=6.000066666666667, Loss=35180.34790714296
Iteration 70000: T=5.333399999999999, Loss=35188.78226073456
Iteration 80000: T=4.666733333333334, Loss=35178.15336214293
Iteration 90000: T=4.000066666666666, Loss=35177.07008010426
Iteration 100000: T=3.3333999999999997, Loss=35178.72200149442
Iteration 110000: T=2.666733333333333, Loss=35177.42289742946
Iteration 120000: T=2.0000666666666667, Loss=35185.394318324616
Iteration 130000: T=1.3334000000000001, Loss=35175.58990044967
Iteration 140000: T=0.6667333333333336, Loss=35175.67636499444
Iteration 150000: T=6.666666666710341e-05, Loss=35171.769670985486
Initial loss: 492325.40931135236
Iteration 10000: T=9.333400000000001, Loss=35196.1608456683
Iteration 20000: T=8.666733333333333, Loss=35185.65931359652
Iteration 30000: T=8.000066666666667, Loss=35179.291548401336
Iteration 40000: T=7.3334, Loss=35184.82921514161
Iteration 50000: T=6.666733333333333, Loss=35179.09778723509
Iteration 60000: T=6.000066666666667, Loss=35172.30053442642
Iteration 70000: T=5.333399999999999, Loss=35197.28321337193
Iteration 80000: T=4.666733333333334, Loss=35172.06765463831
Iteration 90000: T=4.000066666666666, Loss=35171.46228579393
Iteration 100000: T=3.3333999999999997, Loss=35174.43365917211
Iteration 110000: T=2.666733333333333, Loss=35169.711805742176
Iteration 120000: T=2.0000666666666667, Loss=35169.233274394464
Iteration 130000: T=1.3334000000000001, Loss=35166.35726331729
Iteration 140000: T=0.6667333333333336, Loss=35162.99653478043
Iteration 150000: T=6.666666666710341e-05, Loss=35159.79049192483
Initial loss: 37125.59023888571
Iteration 10000: T=9.333400000000001, Loss=35226.93539319034
Iteration 20000: T=8.666733333333333, Loss=35204.2023001294
Iteration 30000: T=8.000066666666667, Loss=35196.60511723995
Iteration 40000: T=7.3334, Loss=35193.35914721709
Iteration 50000: T=6.666733333333333, Loss=35189.8613223299
Iteration 60000: T=6.000066666666667, Loss=35195.56703499854
Iteration 70000: T=5.333399999999999, Loss=35190.40762027926
Iteration 80000: T=4.666733333333334, Loss=35183.69184326959
Iteration 90000: T=4.000066666666666, Loss=35185.54370187801
Iteration 100000: T=3.3333999999999997, Loss=35190.38458062662
Iteration 110000: T=2.666733333333333, Loss=35183.645418882734
Iteration 120000: T=2.0000666666666667, Loss=35183.94817095749
Iteration 130000: T=1.3334000000000001, Loss=35180.48441092169
Iteration 140000: T=0.6667333333333336, Loss=35177.726496732255
Iteration 150000: T=6.666666666710341e-05, Loss=35172.47904879532
Initial loss: 41938.95314059284
Iteration 10000: T=9.333400000000001, Loss=35187.738272708266
Iteration 20000: T=8.666733333333333, Loss=35193.35049268108
Iteration 30000: T=8.000066666666667, Loss=35244.47948439621
Iteration 40000: T=7.3334, Loss=35207.5351671473
Iteration 50000: T=6.666733333333333, Loss=35210.45816455198
Iteration 60000: T=6.000066666666667, Loss=35205.984825549014
Iteration 70000: T=5.333399999999999, Loss=35216.30124400907
Iteration 80000: T=4.666733333333334, Loss=35205.07453359003
Iteration 90000: T=4.000066666666666, Loss=35200.64965073137
Iteration 100000: T=3.3333999999999997, Loss=35199.79475344145
Iteration 110000: T=2.666733333333333, Loss=35195.850336615644
Iteration 120000: T=2.0000666666666667, Loss=35197.281788952154
Iteration 130000: T=1.3334000000000001, Loss=35199.183431668855
Iteration 140000: T=0.6667333333333336, Loss=35195.48617410441
Iteration 150000: T=6.666666666710341e-05, Loss=35193.80541659056
Initial loss: 38008.10088059707
Iteration 10000: T=9.333400000000001, Loss=35187.47110775631
Iteration 20000: T=8.666733333333333, Loss=35182.34998952663
Iteration 30000: T=8.000066666666667, Loss=35180.06206625658
Iteration 40000: T=7.3334, Loss=35178.39892956236
Iteration 50000: T=6.666733333333333, Loss=35199.30425384256
Iteration 60000: T=6.000066666666667, Loss=35186.46339341686
Iteration 70000: T=5.333399999999999, Loss=35183.8898642117
Iteration 80000: T=4.666733333333334, Loss=35193.737258509966
Iteration 90000: T=4.000066666666666, Loss=35192.635214040885
Iteration 100000: T=3.3333999999999997, Loss=35187.73509464697
Iteration 110000: T=2.666733333333333, Loss=35186.92925354154
Iteration 120000: T=2.0000666666666667, Loss=35183.087419155105
Iteration 130000: T=1.3334000000000001, Loss=35181.48243873085
Iteration 140000: T=0.6667333333333336, Loss=35179.94165406009
Iteration 150000: T=6.666666666710341e-05, Loss=35175.76704563766
Center of mass parameters: [ 1.80941008e+03  4.21951594e-01  4.94240779e+00  1.82253266e+03
  1.82246411e-01  5.56710907e+00  1.83263771e+03  3.96781023e-01
  3.49307895e+00  1.84258331e+03  4.51716080e-01  4.58222633e+00
  1.85507440e+03  2.19942255e-01  4.89574095e+00  1.86739249e+03
  7.73759102e-02  4.53735720e+00  1.87697869e+03  8.40217232e-01
  3.57772198e+00  1.88964768e+03  9.32131556e-02  4.20967970e+00
  1.90118393e+03  9.78255400e-01  3.95536166e+00  1.91295075e+03
 -5.46271528e-02  5.37708634e+00]
Final MSE: 35179.329703888376
R² = 0.39
Initial loss: 40194.75626336267
Iteration 10000: T=9.0001, Loss=35213.73180105279
Iteration 20000: T=8.0001, Loss=35204.843386966946
Iteration 30000: T=7.0001, Loss=35229.63845876504
Iteration 40000: T=6.0001, Loss=35205.16780647886
Iteration 50000: T=5.000100000000001, Loss=35205.734643978205
Iteration 60000: T=4.0001, Loss=35210.55988474304
Iteration 70000: T=3.0000999999999998, Loss=35202.12108630855
Iteration 80000: T=2.0001, Loss=35202.43432840509
Iteration 90000: T=1.0001000000000004, Loss=35199.057914251905
Iteration 100000: T=9.99999999995449e-05, Loss=35195.67077264775
Tuning complete. MSE at tuned parameters: 35195.67077264775
Initial loss: 52835.07138693624
Iteration 10000: T=9.333400000000001, Loss=35206.72691012531
Iteration 20000: T=8.666733333333333, Loss=35203.975842056716
Iteration 30000: T=8.000066666666667, Loss=35206.11563063749
Iteration 40000: T=7.3334, Loss=35208.46290003694
Iteration 50000: T=6.666733333333333, Loss=35205.275742367514
Iteration 60000: T=6.000066666666667, Loss=35202.797426534715
Iteration 70000: T=5.333399999999999, Loss=35206.85528527424
Iteration 80000: T=4.666733333333334, Loss=35202.9875425665
Iteration 90000: T=4.000066666666666, Loss=35203.579441262766
Iteration 100000: T=3.3333999999999997, Loss=35203.20171522515
Iteration 110000: T=2.666733333333333, Loss=35203.02750890549
Iteration 120000: T=2.0000666666666667, Loss=35200.201213606495
Iteration 130000: T=1.3334000000000001, Loss=35199.37573702994
Iteration 140000: T=0.6667333333333336, Loss=35198.54100427559
Iteration 150000: T=6.666666666710341e-05, Loss=35193.48779035273
Initial loss: 35209.603267314225
Iteration 10000: T=9.333400000000001, Loss=35199.23949630612
Iteration 20000: T=8.666733333333333, Loss=35207.78800096426
Iteration 30000: T=8.000066666666667, Loss=35204.3759443949
Iteration 40000: T=7.3334, Loss=35217.781854033725
Iteration 50000: T=6.666733333333333, Loss=35202.015192818486
Iteration 60000: T=6.000066666666667, Loss=35195.837772411025
Iteration 70000: T=5.333399999999999, Loss=35189.891726062175
Iteration 80000: T=4.666733333333334, Loss=35189.75297888829
Iteration 90000: T=4.000066666666666, Loss=35199.46922240072
Iteration 100000: T=3.3333999999999997, Loss=35190.49467365889
Iteration 110000: T=2.666733333333333, Loss=35192.71802221722
Iteration 120000: T=2.0000666666666667, Loss=35196.37211407114
Iteration 130000: T=1.3334000000000001, Loss=35193.09414890697
Iteration 140000: T=0.6667333333333336, Loss=35191.48085111512
Iteration 150000: T=6.666666666710341e-05, Loss=35185.634551335854
Initial loss: 35255.524817640355
Iteration 10000: T=9.333400000000001, Loss=35204.36807970692
Iteration 20000: T=8.666733333333333, Loss=35216.93082263417
Iteration 30000: T=8.000066666666667, Loss=35221.17908405177
Iteration 40000: T=7.3334, Loss=35199.21510592679
Iteration 50000: T=6.666733333333333, Loss=35194.05169147394
Iteration 60000: T=6.000066666666667, Loss=35192.53538382361
Iteration 70000: T=5.333399999999999, Loss=35191.31467348807
Iteration 80000: T=4.666733333333334, Loss=35191.0450227325
Iteration 90000: T=4.000066666666666, Loss=35207.74415353083
Iteration 100000: T=3.3333999999999997, Loss=35195.80154516327
Iteration 110000: T=2.666733333333333, Loss=35193.08830400173
Iteration 120000: T=2.0000666666666667, Loss=35192.04457694539
Iteration 130000: T=1.3334000000000001, Loss=35192.11835684409
Iteration 140000: T=0.6667333333333336, Loss=35189.47918618147
Iteration 150000: T=6.666666666710341e-05, Loss=35184.67674698845
Initial loss: 37218.780592145944
Iteration 10000: T=9.333400000000001, Loss=35210.85970171241
Iteration 20000: T=8.666733333333333, Loss=35240.47172209488
Iteration 30000: T=8.000066666666667, Loss=35213.16458290758
Iteration 40000: T=7.3334, Loss=35208.08036998108
Iteration 50000: T=6.666733333333333, Loss=35213.35034663457
Iteration 60000: T=6.000066666666667, Loss=35214.95816937109
Iteration 70000: T=5.333399999999999, Loss=35222.3579778046
Iteration 80000: T=4.666733333333334, Loss=35213.103034647655
Iteration 90000: T=4.000066666666666, Loss=35216.239823445234
Iteration 100000: T=3.3333999999999997, Loss=35214.42113309066
Iteration 110000: T=2.666733333333333, Loss=35218.15390865355
Iteration 120000: T=2.0000666666666667, Loss=35212.60413899448
Iteration 130000: T=1.3334000000000001, Loss=35212.854324663196
Iteration 140000: T=0.6667333333333336, Loss=35209.573110108024
Iteration 150000: T=6.666666666710341e-05, Loss=35208.01517859206
Initial loss: 36029.38136588502
Iteration 10000: T=9.333400000000001, Loss=35204.17309684163
Iteration 20000: T=8.666733333333333, Loss=35214.93767227092
Iteration 30000: T=8.000066666666667, Loss=35189.12324122504
Iteration 40000: T=7.3334, Loss=35186.957931468474
Iteration 50000: T=6.666733333333333, Loss=35197.280582044004
Iteration 60000: T=6.000066666666667, Loss=35196.51499435772
Iteration 70000: T=5.333399999999999, Loss=35190.46351206732
Iteration 80000: T=4.666733333333334, Loss=35193.247190223
Iteration 90000: T=4.000066666666666, Loss=35192.395801587016
Iteration 100000: T=3.3333999999999997, Loss=35192.56753481339
Iteration 110000: T=2.666733333333333, Loss=35190.616305308766
Iteration 120000: T=2.0000666666666667, Loss=35186.57236500148
Iteration 130000: T=1.3334000000000001, Loss=35192.051722704964
Iteration 140000: T=0.6667333333333336, Loss=35189.95978076198
Iteration 150000: T=6.666666666710341e-05, Loss=35187.95990047213
Center of mass parameters: [ 1.80974772e+03  1.41509207e-01  5.29371429e+00  1.82358066e+03
  3.72977094e-01  5.10008312e+00  1.83354410e+03  1.75244721e+00
  5.16092607e+00  1.84292902e+03  8.06649751e-01  4.30036174e+00
  1.85507847e+03  2.19731958e-01  4.89222060e+00  1.86800484e+03
  5.22605895e-02  6.54338475e+00  1.87764463e+03 -7.13143966e-02
  3.25102304e+00  1.89016638e+03 -2.06801058e-02  5.42869804e+00
  1.90110233e+03  2.20286180e-01  4.74928539e+00  1.91279243e+03
  9.61811106e-01  6.07252704e+00]
Final MSE: 35194.8153670032
R² = 0.02
Initial loss: 40194.75626336267
Iteration 10000: T=9.0001, Loss=35197.73099923732
Iteration 20000: T=8.0001, Loss=35198.357231257345
Iteration 30000: T=7.0001, Loss=35196.16954853181
Iteration 40000: T=6.0001, Loss=35186.165891521
Iteration 50000: T=5.000100000000001, Loss=35190.41162648114
Iteration 60000: T=4.0001, Loss=35186.969207405375
Iteration 70000: T=3.0000999999999998, Loss=35188.54341249109
Iteration 80000: T=2.0001, Loss=35186.0969906965
Iteration 90000: T=1.0001000000000004, Loss=35184.851570254425
Iteration 100000: T=9.99999999995449e-05, Loss=35177.11239650654
Tuning complete. MSE at tuned parameters: 35177.11239650654
Initial loss: 78096.21027704884
Iteration 10000: T=9.333400000000001, Loss=35195.17689924175
Iteration 20000: T=8.666733333333333, Loss=35195.763465278214
Iteration 30000: T=8.000066666666667, Loss=35206.61760660646
Iteration 40000: T=7.3334, Loss=35196.07608520426
Iteration 50000: T=6.666733333333333, Loss=35186.43621818882
Iteration 60000: T=6.000066666666667, Loss=35180.43191780961
Iteration 70000: T=5.333399999999999, Loss=35189.30317481663
Iteration 80000: T=4.666733333333334, Loss=35180.625679630146
Iteration 90000: T=4.000066666666666, Loss=35185.81651126696
Iteration 100000: T=3.3333999999999997, Loss=35179.7299527074
Iteration 110000: T=2.666733333333333, Loss=35183.4127489415
Iteration 120000: T=2.0000666666666667, Loss=35179.40249423961
Iteration 130000: T=1.3334000000000001, Loss=35180.017121079014
Iteration 140000: T=0.6667333333333336, Loss=35175.473013126706
Iteration 150000: T=6.666666666710341e-05, Loss=35171.19706317151
Initial loss: 35294.5784209898
Iteration 10000: T=9.333400000000001, Loss=35176.63301197682
Iteration 20000: T=8.666733333333333, Loss=35182.337243274305
Iteration 30000: T=8.000066666666667, Loss=35188.87392148856
Iteration 40000: T=7.3334, Loss=35185.50875337205
Iteration 50000: T=6.666733333333333, Loss=35184.98100433029
Iteration 60000: T=6.000066666666667, Loss=35198.52174740257
Iteration 70000: T=5.333399999999999, Loss=35192.5246999532
Iteration 80000: T=4.666733333333334, Loss=35186.75428060917
Iteration 90000: T=4.000066666666666, Loss=35186.781335055384
Iteration 100000: T=3.3333999999999997, Loss=35180.811266228804
Iteration 110000: T=2.666733333333333, Loss=35186.134750424775
Iteration 120000: T=2.0000666666666667, Loss=35179.204001431484
Iteration 130000: T=1.3334000000000001, Loss=35174.67070465025
Iteration 140000: T=0.6667333333333336, Loss=35172.809731656635
Iteration 150000: T=6.666666666710341e-05, Loss=35171.8812653731
Initial loss: 39160.46319672064
Iteration 10000: T=9.333400000000001, Loss=35192.23414830597
Iteration 20000: T=8.666733333333333, Loss=35185.26409001508
Iteration 30000: T=8.000066666666667, Loss=35170.87175950667
Iteration 40000: T=7.3334, Loss=35171.549724325305
Iteration 50000: T=6.666733333333333, Loss=35189.20911912197
Iteration 60000: T=6.000066666666667, Loss=35165.19137501959
Iteration 70000: T=5.333399999999999, Loss=35177.69919869242
Iteration 80000: T=4.666733333333334, Loss=35168.37350371157
Iteration 90000: T=4.000066666666666, Loss=35168.59524328749
Iteration 100000: T=3.3333999999999997, Loss=35167.313665689595
Iteration 110000: T=2.666733333333333, Loss=35166.53138208051
Iteration 120000: T=2.0000666666666667, Loss=35164.60963572255
Iteration 130000: T=1.3334000000000001, Loss=35164.09952831275
Iteration 140000: T=0.6667333333333336, Loss=35163.22685989936
Iteration 150000: T=6.666666666710341e-05, Loss=35159.723394894296
Initial loss: 38497.55717184604
Iteration 10000: T=9.333400000000001, Loss=35191.92502674223
Iteration 20000: T=8.666733333333333, Loss=35176.171374511665
Iteration 30000: T=8.000066666666667, Loss=35176.376057967704
Iteration 40000: T=7.3334, Loss=35173.95546240743
Iteration 50000: T=6.666733333333333, Loss=35180.55985520773
Iteration 60000: T=6.000066666666667, Loss=35175.84477935605
Iteration 70000: T=5.333399999999999, Loss=35180.77168010759
Iteration 80000: T=4.666733333333334, Loss=35181.68343108398
Iteration 90000: T=4.000066666666666, Loss=35186.527171039226
Iteration 100000: T=3.3333999999999997, Loss=35184.28284303363
Iteration 110000: T=2.666733333333333, Loss=35177.50139704338
Iteration 120000: T=2.0000666666666667, Loss=35181.83477430434
Iteration 130000: T=1.3334000000000001, Loss=35170.92396610493
Iteration 140000: T=0.6667333333333336, Loss=35166.24520216151
Iteration 150000: T=6.666666666710341e-05, Loss=35160.24843028488
Initial loss: 37524.88328714156
Iteration 10000: T=9.333400000000001, Loss=35182.9237255162
Iteration 20000: T=8.666733333333333, Loss=35187.98125192303
Iteration 30000: T=8.000066666666667, Loss=35189.05845941204
Iteration 40000: T=7.3334, Loss=35179.49643131935
Iteration 50000: T=6.666733333333333, Loss=35180.55282967345
Iteration 60000: T=6.000066666666667, Loss=35182.33544631927
Iteration 70000: T=5.333399999999999, Loss=35178.0947603802
Iteration 80000: T=4.666733333333334, Loss=35172.154653547914
Iteration 90000: T=4.000066666666666, Loss=35202.185518878374
Iteration 100000: T=3.3333999999999997, Loss=35176.8515927183
Iteration 110000: T=2.666733333333333, Loss=35174.132969665916
Iteration 120000: T=2.0000666666666667, Loss=35172.52242835967
Iteration 130000: T=1.3334000000000001, Loss=35171.59265445338
Iteration 140000: T=0.6667333333333336, Loss=35169.08330765561
Iteration 150000: T=6.666666666710341e-05, Loss=35164.86015002002
Center of mass parameters: [1.80960160e+03 8.17055929e-01 4.32154995e+00 1.82154987e+03
 1.11077197e+00 5.09456619e+00 1.83169346e+03 3.13182942e-01
 4.96479293e+00 1.84176315e+03 7.10398580e-01 4.21159544e+00
 1.85501663e+03 2.22017681e-01 4.94264068e+00 1.86691780e+03
 8.83642252e-01 5.52587010e+00 1.87699782e+03 4.09395520e-01
 3.89341090e+00 1.88904416e+03 4.47491147e-01 5.82739531e+00
 1.90139181e+03 5.99635032e-01 4.52150105e+00 1.91353810e+03
 3.25482447e-01 5.50726053e+00]
Final MSE: 35169.74542798677
R² = 0.00
Initial loss: 40194.75626336267
Iteration 10000: T=9.0001, Loss=35212.88121813056
Iteration 20000: T=8.0001, Loss=35210.98542249153
Iteration 30000: T=7.0001, Loss=35196.946873628985
Iteration 40000: T=6.0001, Loss=35199.48786227616
Iteration 50000: T=5.000100000000001, Loss=35195.212998948264
Iteration 60000: T=4.0001, Loss=35191.849687840084
Iteration 70000: T=3.0000999999999998, Loss=35195.183492626464
Iteration 80000: T=2.0001, Loss=35196.64133823525
Iteration 90000: T=1.0001000000000004, Loss=35194.519290516284
Iteration 100000: T=9.99999999995449e-05, Loss=35190.953146579486
Tuning complete. MSE at tuned parameters: 35190.953146579486
Initial loss: 144956.31492907985
Iteration 10000: T=9.333400000000001, Loss=35202.081534263336
Iteration 20000: T=8.666733333333333, Loss=35194.343005540424
Iteration 30000: T=8.000066666666667, Loss=35192.98661567595
Iteration 40000: T=7.3334, Loss=35198.9034374628
Iteration 50000: T=6.666733333333333, Loss=35192.22112897843
Iteration 60000: T=6.000066666666667, Loss=35188.983477986236
Iteration 70000: T=5.333399999999999, Loss=35188.5455961233
Iteration 80000: T=4.666733333333334, Loss=35186.51157574234
Iteration 90000: T=4.000066666666666, Loss=35186.72373888462
Iteration 100000: T=3.3333999999999997, Loss=35195.48706959176
Iteration 110000: T=2.666733333333333, Loss=35185.05955121687
Iteration 120000: T=2.0000666666666667, Loss=35183.75546281521
Iteration 130000: T=1.3334000000000001, Loss=35180.81969578654
Iteration 140000: T=0.6667333333333336, Loss=35181.378247352885
Iteration 150000: T=6.666666666710341e-05, Loss=35177.3056908216
Initial loss: 38128.9851542239
Iteration 10000: T=9.333400000000001, Loss=35220.69224303653
Iteration 20000: T=8.666733333333333, Loss=35198.467001931225
Iteration 30000: T=8.000066666666667, Loss=35215.77950379791
Iteration 40000: T=7.3334, Loss=35196.63233080914
Iteration 50000: T=6.666733333333333, Loss=35193.78992647001
Iteration 60000: T=6.000066666666667, Loss=35184.51574306594
Iteration 70000: T=5.333399999999999, Loss=35185.538664603766
Iteration 80000: T=4.666733333333334, Loss=35184.886079171854
Iteration 90000: T=4.000066666666666, Loss=35179.44198506332
Iteration 100000: T=3.3333999999999997, Loss=35175.8299023492
Iteration 110000: T=2.666733333333333, Loss=35174.45199867623
Iteration 120000: T=2.0000666666666667, Loss=35173.36498211366
Iteration 130000: T=1.3334000000000001, Loss=35174.087981492004
Iteration 140000: T=0.6667333333333336, Loss=35167.346182901805
Iteration 150000: T=6.666666666710341e-05, Loss=35164.560489860494
Initial loss: 46184.96199209755
Iteration 10000: T=9.333400000000001, Loss=35203.63797238246
Iteration 20000: T=8.666733333333333, Loss=35207.10638253833
Iteration 30000: T=8.000066666666667, Loss=35219.71785984193
Iteration 40000: T=7.3334, Loss=35216.70109779743
Iteration 50000: T=6.666733333333333, Loss=35198.718373357966
Iteration 60000: T=6.000066666666667, Loss=35196.33611456646
Iteration 70000: T=5.333399999999999, Loss=35205.246424248835
Iteration 80000: T=4.666733333333334, Loss=35207.702992134786
Iteration 90000: T=4.000066666666666, Loss=35199.38309287233
Iteration 100000: T=3.3333999999999997, Loss=35195.539679432
Iteration 110000: T=2.666733333333333, Loss=35193.60932990992
Iteration 120000: T=2.0000666666666667, Loss=35194.25842743512
Iteration 130000: T=1.3334000000000001, Loss=35192.08575229153
Iteration 140000: T=0.6667333333333336, Loss=35190.4066348871
Iteration 150000: T=6.666666666710341e-05, Loss=35180.48905405396
Initial loss: 58430.93704738018
Iteration 10000: T=9.333400000000001, Loss=35218.749261727564
Iteration 20000: T=8.666733333333333, Loss=35209.78021292056
Iteration 30000: T=8.000066666666667, Loss=35201.991095351994
Iteration 40000: T=7.3334, Loss=35204.682848043325
Iteration 50000: T=6.666733333333333, Loss=35194.86878390235
Iteration 60000: T=6.000066666666667, Loss=35225.10718503002
Iteration 70000: T=5.333399999999999, Loss=35205.140000795436
Iteration 80000: T=4.666733333333334, Loss=35195.0944824359
Iteration 90000: T=4.000066666666666, Loss=35201.21915424762
Iteration 100000: T=3.3333999999999997, Loss=35196.661461586235
Iteration 110000: T=2.666733333333333, Loss=35199.08099420411
Iteration 120000: T=2.0000666666666667, Loss=35190.43660837833
Iteration 130000: T=1.3334000000000001, Loss=35195.273054755875
Iteration 140000: T=0.6667333333333336, Loss=35190.110550182275
Iteration 150000: T=6.666666666710341e-05, Loss=35188.210733705506
Initial loss: 43097.15804087858
Iteration 10000: T=9.333400000000001, Loss=35186.27750560546
Iteration 20000: T=8.666733333333333, Loss=35190.89402245896
Iteration 30000: T=8.000066666666667, Loss=35180.50208203111
Iteration 40000: T=7.3334, Loss=35189.43861670063
Iteration 50000: T=6.666733333333333, Loss=35191.745564942335
Iteration 60000: T=6.000066666666667, Loss=35191.52064117686
Iteration 70000: T=5.333399999999999, Loss=35183.415563228766
Iteration 80000: T=4.666733333333334, Loss=35187.85010350438
Iteration 90000: T=4.000066666666666, Loss=35187.0758679079
Iteration 100000: T=3.3333999999999997, Loss=35186.63308070228
Iteration 110000: T=2.666733333333333, Loss=35190.28871633975
Iteration 120000: T=2.0000666666666667, Loss=35179.66447301807
Iteration 130000: T=1.3334000000000001, Loss=35177.66795382052
Iteration 140000: T=0.6667333333333336, Loss=35176.30041152427
Iteration 150000: T=6.666666666710341e-05, Loss=35171.31344978884
Center of mass parameters: [ 1.81000784e+03  2.51675410e-01  6.24439432e+00  1.82327440e+03
  1.00585509e+00  4.19317256e+00  1.83313051e+03  6.94387974e-01
  4.22442687e+00  1.84223170e+03  9.32624060e-02  3.70507960e+00
  1.85496414e+03  2.23960845e-01  4.98353933e+00  1.86626228e+03
  1.12475407e+00  4.49721301e+00  1.87764306e+03  1.34872667e+00
  5.46424688e+00  1.88853343e+03  1.40208478e-01  5.07712517e+00
  1.90118056e+03  1.53317839e+00  5.35332837e+00  1.91319729e+03
 -9.18913603e-02  4.82091734e+00]
Final MSE: 35181.06714302825
R² = 0.01
