Initial loss: 40194.75626336267
Iteration 10000: T=9.0001, Loss=35199.68660131927
Iteration 20000: T=8.0001, Loss=35198.540831152706
Iteration 30000: T=7.0001, Loss=35194.808348719285
Iteration 40000: T=6.0001, Loss=35192.116806103026
Iteration 50000: T=5.000100000000001, Loss=35191.36759534982
Iteration 60000: T=4.0001, Loss=35194.58826970133
Iteration 70000: T=3.0000999999999998, Loss=35191.3202607114
Iteration 80000: T=2.0001, Loss=35181.926500580994
Iteration 90000: T=1.0001000000000004, Loss=35177.74404097634
Iteration 100000: T=9.99999999995449e-05, Loss=35173.33804646965
Tuning complete. MSE at tuned parameters: 35173.33804646965
Initial loss: 43510.74832812266
Iteration 10000: T=9.333400000000001, Loss=35195.56084870325
Iteration 20000: T=8.666733333333333, Loss=35208.75237431931
Iteration 30000: T=8.000066666666667, Loss=35185.299700747455
Iteration 40000: T=7.3334, Loss=35187.39268746654
Iteration 50000: T=6.666733333333333, Loss=35178.886720385235
Iteration 60000: T=6.000066666666667, Loss=35177.770702230475
Iteration 70000: T=5.333399999999999, Loss=35173.49875630177
Iteration 80000: T=4.666733333333334, Loss=35167.14004433172
Iteration 90000: T=4.000066666666666, Loss=35164.75368292947
Iteration 100000: T=3.3333999999999997, Loss=35160.00987449705
Iteration 110000: T=2.666733333333333, Loss=35159.24459155655
Iteration 120000: T=2.0000666666666667, Loss=35159.230156106685
Iteration 130000: T=1.3334000000000001, Loss=35155.60080516088
Iteration 140000: T=0.6667333333333336, Loss=35153.48224167445
Iteration 150000: T=6.666666666710341e-05, Loss=35149.94655260131
Initial loss: 35335.88825927884
Iteration 10000: T=9.333400000000001, Loss=35171.949016601495
Iteration 20000: T=8.666733333333333, Loss=35178.18385870283
Iteration 30000: T=8.000066666666667, Loss=35168.1961491403
Iteration 40000: T=7.3334, Loss=35174.715287233164
Iteration 50000: T=6.666733333333333, Loss=35170.270095815555
Iteration 60000: T=6.000066666666667, Loss=35168.54530078557
Iteration 70000: T=5.333399999999999, Loss=35169.610139314434
Iteration 80000: T=4.666733333333334, Loss=35166.252974146926
Iteration 90000: T=4.000066666666666, Loss=35162.03169320144
Iteration 100000: T=3.3333999999999997, Loss=35174.53696521986
Iteration 110000: T=2.666733333333333, Loss=35161.04067814227
Iteration 120000: T=2.0000666666666667, Loss=35160.258685634806
Iteration 130000: T=1.3334000000000001, Loss=35162.74231009811
Iteration 140000: T=0.6667333333333336, Loss=35159.93825927246
Iteration 150000: T=6.666666666710341e-05, Loss=35156.24645919556
Initial loss: 36661.76250216178
Iteration 10000: T=9.333400000000001, Loss=35170.63105654414
Iteration 20000: T=8.666733333333333, Loss=35174.4075433995
Iteration 30000: T=8.000066666666667, Loss=35171.84383837212
Iteration 40000: T=7.3334, Loss=35173.44022099312
Iteration 50000: T=6.666733333333333, Loss=35173.277640807086
Iteration 60000: T=6.000066666666667, Loss=35161.414947466685
Iteration 70000: T=5.333399999999999, Loss=35164.64044725899
Iteration 80000: T=4.666733333333334, Loss=35162.94372187703
Iteration 90000: T=4.000066666666666, Loss=35164.21861531262
Iteration 100000: T=3.3333999999999997, Loss=35161.583303962296
Iteration 110000: T=2.666733333333333, Loss=35158.89028724912
Iteration 120000: T=2.0000666666666667, Loss=35162.98204665659
Iteration 130000: T=1.3334000000000001, Loss=35160.2668566088
Iteration 140000: T=0.6667333333333336, Loss=35155.96345054064
Iteration 150000: T=6.666666666710341e-05, Loss=35150.79365025017
Initial loss: 1262739.9379846654
Iteration 10000: T=9.333400000000001, Loss=35171.41909651935
Iteration 20000: T=8.666733333333333, Loss=35167.730040032555
Iteration 30000: T=8.000066666666667, Loss=35165.68632590194
Iteration 40000: T=7.3334, Loss=35181.48915641217
Iteration 50000: T=6.666733333333333, Loss=35185.89303433933
Iteration 60000: T=6.000066666666667, Loss=35168.78528653656
Iteration 70000: T=5.333399999999999, Loss=35170.13615673634
Iteration 80000: T=4.666733333333334, Loss=35165.869731068844
Iteration 90000: T=4.000066666666666, Loss=35167.531253378475
Iteration 100000: T=3.3333999999999997, Loss=35166.03337781482
Iteration 110000: T=2.666733333333333, Loss=35165.42206689298
Iteration 120000: T=2.0000666666666667, Loss=35162.79670040901
Iteration 130000: T=1.3334000000000001, Loss=35158.92209611771
Iteration 140000: T=0.6667333333333336, Loss=35157.46875993363
Iteration 150000: T=6.666666666710341e-05, Loss=35153.226738936435
Initial loss: 35275.111469866155
Iteration 10000: T=9.333400000000001, Loss=35168.55237281595
Iteration 20000: T=8.666733333333333, Loss=35171.58523079477
Iteration 30000: T=8.000066666666667, Loss=35193.65162248978
Iteration 40000: T=7.3334, Loss=35171.485801128074
Iteration 50000: T=6.666733333333333, Loss=35178.49189228793
Iteration 60000: T=6.000066666666667, Loss=35172.441971349646
Iteration 70000: T=5.333399999999999, Loss=35178.83160449882
Iteration 80000: T=4.666733333333334, Loss=35167.937945441176
Iteration 90000: T=4.000066666666666, Loss=35171.77199364708
Iteration 100000: T=3.3333999999999997, Loss=35168.476435269265
Iteration 110000: T=2.666733333333333, Loss=35168.42926895971
Iteration 120000: T=2.0000666666666667, Loss=35168.099450868125
Iteration 130000: T=1.3334000000000001, Loss=35166.666536625664
Iteration 140000: T=0.6667333333333336, Loss=35163.55453426486
Iteration 150000: T=6.666666666710341e-05, Loss=35160.48327413845
Center of mass parameters: [1.80861916e+03 1.17267303e+00 5.96493196e+00 1.82172046e+03
 3.16550035e-01 5.38880591e+00 1.83260462e+03 3.63833636e-01
 5.04899138e+00 1.84236604e+03 3.58131692e-01 4.44522875e+00
 1.85516737e+03 2.16212057e-01 4.81794752e+00 1.86606033e+03
 6.72194516e-01 4.73808494e+00 1.87797027e+03 1.29668915e+00
 4.73573988e+00 1.88892503e+03 8.62478792e-03 6.69383865e+00
 1.90004729e+03 1.85635699e-01 5.23679703e+00 1.91175808e+03
 5.60483210e-01 5.07371096e+00]
Final MSE: 35158.87809158324
R² = 0.04
Initial loss: 40194.75626336267
Iteration 10000: T=9.0001, Loss=35201.038977207914
Iteration 20000: T=8.0001, Loss=35197.695482511706
Iteration 30000: T=7.0001, Loss=35204.48905308632
Iteration 40000: T=6.0001, Loss=35192.03640592651
Iteration 50000: T=5.000100000000001, Loss=35193.07470413019
Iteration 60000: T=4.0001, Loss=35192.330030758894
Iteration 70000: T=3.0000999999999998, Loss=35194.36960173938
Iteration 80000: T=2.0001, Loss=35193.25706214568
Iteration 90000: T=1.0001000000000004, Loss=35189.42573094656
Iteration 100000: T=9.99999999995449e-05, Loss=35188.67158477414
Tuning complete. MSE at tuned parameters: 35188.67158477414
Initial loss: 35258.70289588171
Iteration 10000: T=9.333400000000001, Loss=35193.237569246616
Iteration 20000: T=8.666733333333333, Loss=35196.89007943041
Iteration 30000: T=8.000066666666667, Loss=35200.09601410572
Iteration 40000: T=7.3334, Loss=35211.23560483615
Iteration 50000: T=6.666733333333333, Loss=35199.17482290501
Iteration 60000: T=6.000066666666667, Loss=35196.3938175018
Iteration 70000: T=5.333399999999999, Loss=35191.17522495505
Iteration 80000: T=4.666733333333334, Loss=35197.0397932715
Iteration 90000: T=4.000066666666666, Loss=35203.34083276032
Iteration 100000: T=3.3333999999999997, Loss=35193.78072372316
Iteration 110000: T=2.666733333333333, Loss=35192.86422911657
Iteration 120000: T=2.0000666666666667, Loss=35189.16828120316
Iteration 130000: T=1.3334000000000001, Loss=35187.09732929346
Iteration 140000: T=0.6667333333333336, Loss=35181.52220318385
Iteration 150000: T=6.666666666710341e-05, Loss=35178.69842546725
Initial loss: 97796.38142159572
Iteration 10000: T=9.333400000000001, Loss=35203.24904644465
Iteration 20000: T=8.666733333333333, Loss=35201.97622921397
Iteration 30000: T=8.000066666666667, Loss=35197.03343520405
Iteration 40000: T=7.3334, Loss=35210.12339692067
Iteration 50000: T=6.666733333333333, Loss=35205.67111673356
Iteration 60000: T=6.000066666666667, Loss=35207.1553524519
Iteration 70000: T=5.333399999999999, Loss=35197.88316656461
Iteration 80000: T=4.666733333333334, Loss=35198.89355504988
Iteration 90000: T=4.000066666666666, Loss=35193.95775804764
Iteration 100000: T=3.3333999999999997, Loss=35196.216120545956
Iteration 110000: T=2.666733333333333, Loss=35190.18505245653
Iteration 120000: T=2.0000666666666667, Loss=35194.02152385289
Iteration 130000: T=1.3334000000000001, Loss=35188.040129616755
Iteration 140000: T=0.6667333333333336, Loss=35190.325643101845
Iteration 150000: T=6.666666666710341e-05, Loss=35188.56888211966
Initial loss: 39416.750607727496
Iteration 10000: T=9.333400000000001, Loss=35198.45199432712
Iteration 20000: T=8.666733333333333, Loss=35195.239836049586
Iteration 30000: T=8.000066666666667, Loss=35198.45700127746
Iteration 40000: T=7.3334, Loss=35215.29998318176
Iteration 50000: T=6.666733333333333, Loss=35198.04641921654
Iteration 60000: T=6.000066666666667, Loss=35211.534610031194
Iteration 70000: T=5.333399999999999, Loss=35207.87291665308
Iteration 80000: T=4.666733333333334, Loss=35200.857377833185
Iteration 90000: T=4.000066666666666, Loss=35185.734653787535
Iteration 100000: T=3.3333999999999997, Loss=35190.22995171935
Iteration 110000: T=2.666733333333333, Loss=35189.95048210636
Iteration 120000: T=2.0000666666666667, Loss=35188.943304979955
Iteration 130000: T=1.3334000000000001, Loss=35180.660219854035
Iteration 140000: T=0.6667333333333336, Loss=35181.7810008176
Iteration 150000: T=6.666666666710341e-05, Loss=35180.93466402538
Initial loss: 53269.42024323689
Iteration 10000: T=9.333400000000001, Loss=35184.71502102905
Iteration 20000: T=8.666733333333333, Loss=35196.60777078353
Iteration 30000: T=8.000066666666667, Loss=35202.40565033719
Iteration 40000: T=7.3334, Loss=35213.09138541788
Iteration 50000: T=6.666733333333333, Loss=35179.66846583899
Iteration 60000: T=6.000066666666667, Loss=35198.175364593204
Iteration 70000: T=5.333399999999999, Loss=35182.499742213244
Iteration 80000: T=4.666733333333334, Loss=35182.479435866226
Iteration 90000: T=4.000066666666666, Loss=35182.067382030444
Iteration 100000: T=3.3333999999999997, Loss=35185.52631848091
Iteration 110000: T=2.666733333333333, Loss=35176.70488325277
Iteration 120000: T=2.0000666666666667, Loss=35177.00679667263
Iteration 130000: T=1.3334000000000001, Loss=35175.258313740705
Iteration 140000: T=0.6667333333333336, Loss=35172.79925485227
Iteration 150000: T=6.666666666710341e-05, Loss=35170.24941606625
Initial loss: 35216.30404663765
Iteration 10000: T=9.333400000000001, Loss=35197.08128516983
Iteration 20000: T=8.666733333333333, Loss=35204.71146246695
Iteration 30000: T=8.000066666666667, Loss=35195.00765266269
Iteration 40000: T=7.3334, Loss=35216.71651416604
Iteration 50000: T=6.666733333333333, Loss=35193.839627704016
Iteration 60000: T=6.000066666666667, Loss=35197.14959768023
Iteration 70000: T=5.333399999999999, Loss=35198.71616796822
Iteration 80000: T=4.666733333333334, Loss=35189.72923504503
Iteration 90000: T=4.000066666666666, Loss=35200.91425992188
Iteration 100000: T=3.3333999999999997, Loss=35191.18090532991
Iteration 110000: T=2.666733333333333, Loss=35188.91439602466
Iteration 120000: T=2.0000666666666667, Loss=35189.91303872973
Iteration 130000: T=1.3334000000000001, Loss=35184.465734848134
Iteration 140000: T=0.6667333333333336, Loss=35178.99148414772
Iteration 150000: T=6.666666666710341e-05, Loss=35175.80171113877
Center of mass parameters: [1.81105303e+03 2.92157163e-01 4.13798931e+00 1.82306474e+03
 8.99963922e-02 4.94721458e+00 1.83184607e+03 3.71381930e-01
 4.89362286e+00 1.84271688e+03 6.13596130e-01 5.39631256e+00
 1.85531923e+03 2.10379715e-01 4.69432363e+00 1.86580065e+03
 2.79614978e-01 5.40333191e+00 1.87736525e+03 1.00908620e+00
 3.68876504e+00 1.89013283e+03 6.90368723e-01 4.76053369e+00
 1.90193326e+03 3.72565951e-01 5.07620396e+00 1.91246753e+03
 6.67580300e-01 6.13394362e+00]
Final MSE: 35181.31996857873
R² = 0.03
Initial loss: 40194.75626336267
Iteration 10000: T=9.0001, Loss=35193.68210280814
Iteration 20000: T=8.0001, Loss=35189.666512544994
Iteration 30000: T=7.0001, Loss=35193.31018365298
Iteration 40000: T=6.0001, Loss=35198.76444697989
Iteration 50000: T=5.000100000000001, Loss=35192.008909723234
Iteration 60000: T=4.0001, Loss=35184.95619502256
Iteration 70000: T=3.0000999999999998, Loss=35190.13478395679
Iteration 80000: T=2.0001, Loss=35190.918186614654
Iteration 90000: T=1.0001000000000004, Loss=35187.99474259329
Iteration 100000: T=9.99999999995449e-05, Loss=35183.85910471114
Tuning complete. MSE at tuned parameters: 35183.85910471114
Initial loss: 36055.78905897576
Iteration 10000: T=9.333400000000001, Loss=35191.749935831715
Iteration 20000: T=8.666733333333333, Loss=35195.41381085228
Iteration 30000: T=8.000066666666667, Loss=35189.04266971606
Iteration 40000: T=7.3334, Loss=35203.161640647355
Iteration 50000: T=6.666733333333333, Loss=35194.575776603764
Iteration 60000: T=6.000066666666667, Loss=35197.10347743973
Iteration 70000: T=5.333399999999999, Loss=35198.51087006185
Iteration 80000: T=4.666733333333334, Loss=35195.80319900397
Iteration 90000: T=4.000066666666666, Loss=35196.50475389774
Iteration 100000: T=3.3333999999999997, Loss=35188.73841794925
Iteration 110000: T=2.666733333333333, Loss=35198.256663924374
Iteration 120000: T=2.0000666666666667, Loss=35201.052641228314
Iteration 130000: T=1.3334000000000001, Loss=35193.137655549515
Iteration 140000: T=0.6667333333333336, Loss=35194.722540559735
Iteration 150000: T=6.666666666710341e-05, Loss=35187.92291816678
Initial loss: 39296.23174223576
Iteration 10000: T=9.333400000000001, Loss=35203.59716134796
Iteration 20000: T=8.666733333333333, Loss=35194.56541907958
Iteration 30000: T=8.000066666666667, Loss=35189.21237400099
Iteration 40000: T=7.3334, Loss=35197.588646028096
Iteration 50000: T=6.666733333333333, Loss=35197.42272645097
Iteration 60000: T=6.000066666666667, Loss=35189.74832889529
Iteration 70000: T=5.333399999999999, Loss=35190.76569558258
Iteration 80000: T=4.666733333333334, Loss=35193.9157877634
Iteration 90000: T=4.000066666666666, Loss=35187.88766995128
Iteration 100000: T=3.3333999999999997, Loss=35188.27312164241
Iteration 110000: T=2.666733333333333, Loss=35191.27027243197
Iteration 120000: T=2.0000666666666667, Loss=35190.08570755389
Iteration 130000: T=1.3334000000000001, Loss=35189.106826472394
Iteration 140000: T=0.6667333333333336, Loss=35187.57425580202
Iteration 150000: T=6.666666666710341e-05, Loss=35183.34407634512
Initial loss: 50951.195364325744
Iteration 10000: T=9.333400000000001, Loss=35203.5954549718
Iteration 20000: T=8.666733333333333, Loss=35205.704696447676
Iteration 30000: T=8.000066666666667, Loss=35198.56268599238
Iteration 40000: T=7.3334, Loss=35178.75111303028
Iteration 50000: T=6.666733333333333, Loss=35178.770969399746
Iteration 60000: T=6.000066666666667, Loss=35181.67436065684
Iteration 70000: T=5.333399999999999, Loss=35180.086554899855
Iteration 80000: T=4.666733333333334, Loss=35172.068037251884
Iteration 90000: T=4.000066666666666, Loss=35176.219179681284
Iteration 100000: T=3.3333999999999997, Loss=35168.32548641872
Iteration 110000: T=2.666733333333333, Loss=35174.583886670254
Iteration 120000: T=2.0000666666666667, Loss=35174.29948628562
Iteration 130000: T=1.3334000000000001, Loss=35170.6968346633
Iteration 140000: T=0.6667333333333336, Loss=35169.031065658855
Iteration 150000: T=6.666666666710341e-05, Loss=35163.927007514576
Initial loss: 35289.27331429546
Iteration 10000: T=9.333400000000001, Loss=35225.66851333798
Iteration 20000: T=8.666733333333333, Loss=35187.7277302201
Iteration 30000: T=8.000066666666667, Loss=35183.84859302903
Iteration 40000: T=7.3334, Loss=35193.72246248228
Iteration 50000: T=6.666733333333333, Loss=35168.56000574549
Iteration 60000: T=6.000066666666667, Loss=35177.42829476675
Iteration 70000: T=5.333399999999999, Loss=35171.3234376831
Iteration 80000: T=4.666733333333334, Loss=35181.247967918884
Iteration 90000: T=4.000066666666666, Loss=35175.76453957541
Iteration 100000: T=3.3333999999999997, Loss=35177.30971190245
Iteration 110000: T=2.666733333333333, Loss=35170.40483857322
Iteration 120000: T=2.0000666666666667, Loss=35171.73448876627
Iteration 130000: T=1.3334000000000001, Loss=35168.85042914191
Iteration 140000: T=0.6667333333333336, Loss=35169.367162856644
Iteration 150000: T=6.666666666710341e-05, Loss=35165.81318554103
Initial loss: 35221.06663546581
Iteration 10000: T=9.333400000000001, Loss=35191.19236107341
Iteration 20000: T=8.666733333333333, Loss=35185.03582841345
Iteration 30000: T=8.000066666666667, Loss=35186.010940693675
Iteration 40000: T=7.3334, Loss=35186.91103388173
Iteration 50000: T=6.666733333333333, Loss=35196.08281832494
Iteration 60000: T=6.000066666666667, Loss=35192.687150449776
Iteration 70000: T=5.333399999999999, Loss=35179.963021820586
Iteration 80000: T=4.666733333333334, Loss=35186.38178737713
Iteration 90000: T=4.000066666666666, Loss=35189.694773349736
Iteration 100000: T=3.3333999999999997, Loss=35192.917381599844
Iteration 110000: T=2.666733333333333, Loss=35180.96572304632
Iteration 120000: T=2.0000666666666667, Loss=35173.60275904297
Iteration 130000: T=1.3334000000000001, Loss=35169.41934545681
Iteration 140000: T=0.6667333333333336, Loss=35170.63668734155
Iteration 150000: T=6.666666666710341e-05, Loss=35167.87558378306
Center of mass parameters: [ 1.81006561e+03  1.11123717e+00  4.71528634e+00  1.82346894e+03
 -5.10625420e-03  5.29092475e+00  1.83262810e+03  1.17597248e-01
  5.86052366e+00  1.84280737e+03 -9.94856072e-02  4.55038167e+00
  1.85560510e+03  1.99715407e-01  4.46841669e+00  1.86452307e+03
 -1.21881703e-01  3.66702368e+00  1.87717829e+03  5.16688771e-01
  5.27325898e+00  1.88892741e+03  5.96481458e-02  4.72334738e+00
  1.90210712e+03  1.99348926e+00  4.91556665e+00  1.91331646e+03
  1.03066117e+00  3.48582361e+00]
Final MSE: 35176.66347822301
R² = 0.00
Initial loss: 40194.75626336267
Iteration 10000: T=9.0001, Loss=35194.526169303106
Iteration 20000: T=8.0001, Loss=35203.62431972563
Iteration 30000: T=7.0001, Loss=35190.43373737427
Iteration 40000: T=6.0001, Loss=35191.93079100029
Iteration 50000: T=5.000100000000001, Loss=35213.877915778896
Iteration 60000: T=4.0001, Loss=35196.52622259818
Iteration 70000: T=3.0000999999999998, Loss=35195.669307187396
Iteration 80000: T=2.0001, Loss=35193.92671011112
Iteration 90000: T=1.0001000000000004, Loss=35189.947241192865
Iteration 100000: T=9.99999999995449e-05, Loss=35185.06270126916
Tuning complete. MSE at tuned parameters: 35185.06270126916
Initial loss: 37148.006728347755
Iteration 10000: T=9.333400000000001, Loss=35214.85418302296
Iteration 20000: T=8.666733333333333, Loss=35180.24714369283
Iteration 30000: T=8.000066666666667, Loss=35185.25488472705
Iteration 40000: T=7.3334, Loss=35186.37834490482
Iteration 50000: T=6.666733333333333, Loss=35182.90128021412
Iteration 60000: T=6.000066666666667, Loss=35183.936258689726
Iteration 70000: T=5.333399999999999, Loss=35180.1318542352
Iteration 80000: T=4.666733333333334, Loss=35198.30520560265
Iteration 90000: T=4.000066666666666, Loss=35180.02672688697
Iteration 100000: T=3.3333999999999997, Loss=35177.37523919196
Iteration 110000: T=2.666733333333333, Loss=35179.20442897814
Iteration 120000: T=2.0000666666666667, Loss=35173.039947011035
Iteration 130000: T=1.3334000000000001, Loss=35174.15129972497
Iteration 140000: T=0.6667333333333336, Loss=35174.08150645519
Iteration 150000: T=6.666666666710341e-05, Loss=35169.16888577265
Initial loss: 36170.23562700652
Iteration 10000: T=9.333400000000001, Loss=35192.42798223649
Iteration 20000: T=8.666733333333333, Loss=35195.669307382625
Iteration 30000: T=8.000066666666667, Loss=35202.75714273546
Iteration 40000: T=7.3334, Loss=35186.05733819825
Iteration 50000: T=6.666733333333333, Loss=35186.94919134054
Iteration 60000: T=6.000066666666667, Loss=35198.421391805474
Iteration 70000: T=5.333399999999999, Loss=35192.83988064697
Iteration 80000: T=4.666733333333334, Loss=35194.07770037821
Iteration 90000: T=4.000066666666666, Loss=35189.67707660014
Iteration 100000: T=3.3333999999999997, Loss=35187.02601196264
Iteration 110000: T=2.666733333333333, Loss=35187.65832582426
Iteration 120000: T=2.0000666666666667, Loss=35184.448539153476
Iteration 130000: T=1.3334000000000001, Loss=35183.56394327885
Iteration 140000: T=0.6667333333333336, Loss=35181.09323091401
Iteration 150000: T=6.666666666710341e-05, Loss=35179.12640013573
Initial loss: 35461.73567997745
Iteration 10000: T=9.333400000000001, Loss=35185.155777158485
Iteration 20000: T=8.666733333333333, Loss=35202.122608885235
Iteration 30000: T=8.000066666666667, Loss=35190.38882860861
Iteration 40000: T=7.3334, Loss=35178.61487557591
Iteration 50000: T=6.666733333333333, Loss=35185.757596139876
Iteration 60000: T=6.000066666666667, Loss=35181.57893722234
Iteration 70000: T=5.333399999999999, Loss=35179.94609733678
Iteration 80000: T=4.666733333333334, Loss=35176.55949044054
Iteration 90000: T=4.000066666666666, Loss=35183.74529697113
Iteration 100000: T=3.3333999999999997, Loss=35182.53716651316
Iteration 110000: T=2.666733333333333, Loss=35181.098757063846
Iteration 120000: T=2.0000666666666667, Loss=35176.894985444036
Iteration 130000: T=1.3334000000000001, Loss=35180.011967947496
Iteration 140000: T=0.6667333333333336, Loss=35181.02582969216
Iteration 150000: T=6.666666666710341e-05, Loss=35175.813122982836
Initial loss: 53554.20978202401
Iteration 10000: T=9.333400000000001, Loss=35186.606700918186
Iteration 20000: T=8.666733333333333, Loss=35184.98595495689
Iteration 30000: T=8.000066666666667, Loss=35191.22415593314
Iteration 40000: T=7.3334, Loss=35184.453739209865
Iteration 50000: T=6.666733333333333, Loss=35187.811222383556
Iteration 60000: T=6.000066666666667, Loss=35187.31527521123
Iteration 70000: T=5.333399999999999, Loss=35182.9921203123
Iteration 80000: T=4.666733333333334, Loss=35182.23070309009
Iteration 90000: T=4.000066666666666, Loss=35185.54219762372
Iteration 100000: T=3.3333999999999997, Loss=35188.56151160933
Iteration 110000: T=2.666733333333333, Loss=35188.99475809056
Iteration 120000: T=2.0000666666666667, Loss=35181.553370535104
Iteration 130000: T=1.3334000000000001, Loss=35176.79309711486
Iteration 140000: T=0.6667333333333336, Loss=35173.21588395939
Iteration 150000: T=6.666666666710341e-05, Loss=35172.830121272425
Initial loss: 42992.03678828191
Iteration 10000: T=9.333400000000001, Loss=35216.569895198736
Iteration 20000: T=8.666733333333333, Loss=35194.059562982395
Iteration 30000: T=8.000066666666667, Loss=35198.849595342625
Iteration 40000: T=7.3334, Loss=35194.81905667684
Iteration 50000: T=6.666733333333333, Loss=35193.45349520535
Iteration 60000: T=6.000066666666667, Loss=35211.27756636848
Iteration 70000: T=5.333399999999999, Loss=35192.24395084879
Iteration 80000: T=4.666733333333334, Loss=35182.02170782667
Iteration 90000: T=4.000066666666666, Loss=35178.26876415715
Iteration 100000: T=3.3333999999999997, Loss=35183.16681945578
Iteration 110000: T=2.666733333333333, Loss=35194.35161163939
Iteration 120000: T=2.0000666666666667, Loss=35182.778106345315
Iteration 130000: T=1.3334000000000001, Loss=35180.95430979712
Iteration 140000: T=0.6667333333333336, Loss=35177.5497349421
Iteration 150000: T=6.666666666710341e-05, Loss=35175.42728582229
Center of mass parameters: [ 1.81019802e+03  1.12887065e+00  5.88693511e+00  1.82273902e+03
  4.13075390e-01  5.87884600e+00  1.83274228e+03  5.43341033e-01
  5.17279963e+00  1.84227167e+03  1.27799311e+00  4.80568213e+00
  1.85543176e+03  2.06350062e-01  4.60797690e+00  1.86626043e+03
  1.63292318e+00  5.19385070e+00  1.87738274e+03 -2.70721149e-01
  4.49049372e+00  1.88920510e+03 -2.07186042e-01  4.27145566e+00
  1.90109932e+03 -1.72724460e-01  5.21798866e+00  1.91321163e+03
  5.74349996e-01  4.26031995e+00]
Final MSE: 35176.362779399926
R² = 0.15
Initial loss: 40194.75626336267
Iteration 10000: T=9.0001, Loss=35227.58874411732
Iteration 20000: T=8.0001, Loss=35218.73176757058
Iteration 30000: T=7.0001, Loss=35205.74705402588
Iteration 40000: T=6.0001, Loss=35210.91731836043
Iteration 50000: T=5.000100000000001, Loss=35220.42134408284
Iteration 60000: T=4.0001, Loss=35196.53117997438
Iteration 70000: T=3.0000999999999998, Loss=35198.92139260202
Iteration 80000: T=2.0001, Loss=35192.489412173934
Iteration 90000: T=1.0001000000000004, Loss=35190.68201870726
Iteration 100000: T=9.99999999995449e-05, Loss=35186.277425778215
Tuning complete. MSE at tuned parameters: 35186.277425778215
Initial loss: 36732.60029968326
Iteration 10000: T=9.333400000000001, Loss=35189.3081004102
Iteration 20000: T=8.666733333333333, Loss=35183.33725822679
Iteration 30000: T=8.000066666666667, Loss=35185.96128834589
Iteration 40000: T=7.3334, Loss=35220.25037087753
Iteration 50000: T=6.666733333333333, Loss=35185.14759950402
Iteration 60000: T=6.000066666666667, Loss=35184.28086723546
Iteration 70000: T=5.333399999999999, Loss=35182.61686157462
Iteration 80000: T=4.666733333333334, Loss=35181.51470608169
Iteration 90000: T=4.000066666666666, Loss=35182.82802042672
Iteration 100000: T=3.3333999999999997, Loss=35183.1823328324
Iteration 110000: T=2.666733333333333, Loss=35178.67149615368
Iteration 120000: T=2.0000666666666667, Loss=35177.54447496823
Iteration 130000: T=1.3334000000000001, Loss=35177.32981749762
Iteration 140000: T=0.6667333333333336, Loss=35176.496620435464
Iteration 150000: T=6.666666666710341e-05, Loss=35175.12176647193
Initial loss: 52738.06510066954
Iteration 10000: T=9.333400000000001, Loss=35188.18914800284
Iteration 20000: T=8.666733333333333, Loss=35190.3849391798
Iteration 30000: T=8.000066666666667, Loss=35182.14669231977
Iteration 40000: T=7.3334, Loss=35186.574163096375
Iteration 50000: T=6.666733333333333, Loss=35179.940497502546
Iteration 60000: T=6.000066666666667, Loss=35184.441051579466
Iteration 70000: T=5.333399999999999, Loss=35187.855578724244
Iteration 80000: T=4.666733333333334, Loss=35179.82648735581
Iteration 90000: T=4.000066666666666, Loss=35177.62253892157
Iteration 100000: T=3.3333999999999997, Loss=35176.40336972493
Iteration 110000: T=2.666733333333333, Loss=35166.39662103716
Iteration 120000: T=2.0000666666666667, Loss=35169.237409695255
Iteration 130000: T=1.3334000000000001, Loss=35169.16043883152
Iteration 140000: T=0.6667333333333336, Loss=35166.84775678804
Iteration 150000: T=6.666666666710341e-05, Loss=35163.582254822
Initial loss: 35380.19155811082
Iteration 10000: T=9.333400000000001, Loss=35188.74048850729
Iteration 20000: T=8.666733333333333, Loss=35203.06873492269
Iteration 30000: T=8.000066666666667, Loss=35228.977111035914
Iteration 40000: T=7.3334, Loss=35180.41318931983
Iteration 50000: T=6.666733333333333, Loss=35177.949383587955
Iteration 60000: T=6.000066666666667, Loss=35195.05305483387
Iteration 70000: T=5.333399999999999, Loss=35195.687291134214
Iteration 80000: T=4.666733333333334, Loss=35184.01407568526
Iteration 90000: T=4.000066666666666, Loss=35183.23435350392
Iteration 100000: T=3.3333999999999997, Loss=35182.98511036895
Iteration 110000: T=2.666733333333333, Loss=35179.93576361115
Iteration 120000: T=2.0000666666666667, Loss=35183.222539525916
Iteration 130000: T=1.3334000000000001, Loss=35180.59554827549
Iteration 140000: T=0.6667333333333336, Loss=35178.00323271637
Iteration 150000: T=6.666666666710341e-05, Loss=35173.11969653588
Initial loss: 39149.926914083735
Iteration 10000: T=9.333400000000001, Loss=35191.27471576269
Iteration 20000: T=8.666733333333333, Loss=35195.923882031195
Iteration 30000: T=8.000066666666667, Loss=35187.89608494032
Iteration 40000: T=7.3334, Loss=35180.846854253374
Iteration 50000: T=6.666733333333333, Loss=35187.07672028932
Iteration 60000: T=6.000066666666667, Loss=35178.90021865906
Iteration 70000: T=5.333399999999999, Loss=35184.945815920444
Iteration 80000: T=4.666733333333334, Loss=35180.7660113843
Iteration 90000: T=4.000066666666666, Loss=35178.897275786534
Iteration 100000: T=3.3333999999999997, Loss=35176.973879339865
Iteration 110000: T=2.666733333333333, Loss=35185.41616595312
Iteration 120000: T=2.0000666666666667, Loss=35178.45779540718
Iteration 130000: T=1.3334000000000001, Loss=35179.02292511923
Iteration 140000: T=0.6667333333333336, Loss=35175.993788574815
Iteration 150000: T=6.666666666710341e-05, Loss=35169.96690004134
Initial loss: 37333.7311105082
Iteration 10000: T=9.333400000000001, Loss=35197.90594569461
Iteration 20000: T=8.666733333333333, Loss=35198.7531249232
Iteration 30000: T=8.000066666666667, Loss=35191.726718177626
Iteration 40000: T=7.3334, Loss=35191.32414350346
Iteration 50000: T=6.666733333333333, Loss=35193.8539993911
Iteration 60000: T=6.000066666666667, Loss=35198.6560532819
Iteration 70000: T=5.333399999999999, Loss=35198.51909240881
Iteration 80000: T=4.666733333333334, Loss=35178.78796017745
Iteration 90000: T=4.000066666666666, Loss=35190.88473774855
Iteration 100000: T=3.3333999999999997, Loss=35183.06894318752
Iteration 110000: T=2.666733333333333, Loss=35172.86706675829
Iteration 120000: T=2.0000666666666667, Loss=35179.472843358824
Iteration 130000: T=1.3334000000000001, Loss=35171.89855036363
Iteration 140000: T=0.6667333333333336, Loss=35172.773763366284
Iteration 150000: T=6.666666666710341e-05, Loss=35169.65987825425
Center of mass parameters: [1.81029101e+03 7.83489019e-01 6.46256395e+00 1.82210103e+03
 7.80256648e-01 5.07306487e+00 1.83142874e+03 4.70165570e-01
 5.33770548e+00 1.84234714e+03 9.39696996e-01 4.80000811e+00
 1.85512378e+03 2.17994098e-01 4.85540378e+00 1.86615649e+03
 9.92691061e-01 5.32482386e+00 1.87729593e+03 2.13628075e-01
 4.36161589e+00 1.88972606e+03 9.58270195e-01 4.30466038e+00
 1.90191853e+03 5.16302370e-01 4.66567445e+00 1.91261286e+03
 4.86700326e-01 5.21134211e+00]
Final MSE: 35173.557270720295
R² = 0.04
Initial loss: 40194.75626336267
Iteration 10000: T=9.0001, Loss=35212.67620699337
Iteration 20000: T=8.0001, Loss=35200.47861002737
Iteration 30000: T=7.0001, Loss=35195.14318253578
Iteration 40000: T=6.0001, Loss=35192.40686755685
Iteration 50000: T=5.000100000000001, Loss=35193.02333500392
Iteration 60000: T=4.0001, Loss=35191.63387135379
Iteration 70000: T=3.0000999999999998, Loss=35192.94450143864
Iteration 80000: T=2.0001, Loss=35191.03995174859
Iteration 90000: T=1.0001000000000004, Loss=35190.423353386956
Iteration 100000: T=9.99999999995449e-05, Loss=35187.98780337211
Tuning complete. MSE at tuned parameters: 35187.98780337211
Initial loss: 37259.40375409716
Iteration 10000: T=9.333400000000001, Loss=35194.57395054235
Iteration 20000: T=8.666733333333333, Loss=35183.8475625296
Iteration 30000: T=8.000066666666667, Loss=35192.397468965595
Iteration 40000: T=7.3334, Loss=35180.71579468063
Iteration 50000: T=6.666733333333333, Loss=35181.023751754234
Iteration 60000: T=6.000066666666667, Loss=35189.57216968262
Iteration 70000: T=5.333399999999999, Loss=35182.46822181571
Iteration 80000: T=4.666733333333334, Loss=35184.97162420499
Iteration 90000: T=4.000066666666666, Loss=35182.36039097182
Iteration 100000: T=3.3333999999999997, Loss=35191.50038423235
Iteration 110000: T=2.666733333333333, Loss=35181.859961767834
Iteration 120000: T=2.0000666666666667, Loss=35181.58664678675
Iteration 130000: T=1.3334000000000001, Loss=35180.14875910105
Iteration 140000: T=0.6667333333333336, Loss=35181.4886731461
Iteration 150000: T=6.666666666710341e-05, Loss=35175.20287520466
Initial loss: 35791.38698856881
Iteration 10000: T=9.333400000000001, Loss=35200.08874907804
Iteration 20000: T=8.666733333333333, Loss=35201.86974317917
Iteration 30000: T=8.000066666666667, Loss=35189.50276835228
Iteration 40000: T=7.3334, Loss=35187.31266015448
Iteration 50000: T=6.666733333333333, Loss=35194.68618893935
Iteration 60000: T=6.000066666666667, Loss=35195.11923699611
Iteration 70000: T=5.333399999999999, Loss=35195.27870840015
Iteration 80000: T=4.666733333333334, Loss=35196.263211128025
Iteration 90000: T=4.000066666666666, Loss=35193.34987319358
Iteration 100000: T=3.3333999999999997, Loss=35185.341577397936
Iteration 110000: T=2.666733333333333, Loss=35189.659423291436
Iteration 120000: T=2.0000666666666667, Loss=35187.79623603177
Iteration 130000: T=1.3334000000000001, Loss=35188.683074548775
Iteration 140000: T=0.6667333333333336, Loss=35187.72373535639
Iteration 150000: T=6.666666666710341e-05, Loss=35183.76108983231
Initial loss: 45561.49325719706
Iteration 10000: T=9.333400000000001, Loss=35210.70261826134
Iteration 20000: T=8.666733333333333, Loss=35198.819327496436
Iteration 30000: T=8.000066666666667, Loss=35195.44619915039
Iteration 40000: T=7.3334, Loss=35193.20297182971
Iteration 50000: T=6.666733333333333, Loss=35201.822321518084
Iteration 60000: T=6.000066666666667, Loss=35203.438596927204
Iteration 70000: T=5.333399999999999, Loss=35204.532548907206
Iteration 80000: T=4.666733333333334, Loss=35202.43808664009
Iteration 90000: T=4.000066666666666, Loss=35194.548889219936
Iteration 100000: T=3.3333999999999997, Loss=35204.886122386015
Iteration 110000: T=2.666733333333333, Loss=35189.296781468496
Iteration 120000: T=2.0000666666666667, Loss=35190.23878808432
Iteration 130000: T=1.3334000000000001, Loss=35185.88401419947
Iteration 140000: T=0.6667333333333336, Loss=35183.89095688468
Iteration 150000: T=6.666666666710341e-05, Loss=35180.12230412953
Initial loss: 68151.30858496312
Iteration 10000: T=9.333400000000001, Loss=35201.39123035479
Iteration 20000: T=8.666733333333333, Loss=35201.93510875863
Iteration 30000: T=8.000066666666667, Loss=35210.09718762129
Iteration 40000: T=7.3334, Loss=35236.17053600991
Iteration 50000: T=6.666733333333333, Loss=35207.4245894391
Iteration 60000: T=6.000066666666667, Loss=35207.47084999692
Iteration 70000: T=5.333399999999999, Loss=35219.677658698325
Iteration 80000: T=4.666733333333334, Loss=35211.54195720274
Iteration 90000: T=4.000066666666666, Loss=35217.303776758505
Iteration 100000: T=3.3333999999999997, Loss=35215.24920527715
Iteration 110000: T=2.666733333333333, Loss=35212.545106522375
Iteration 120000: T=2.0000666666666667, Loss=35219.46031261962
Iteration 130000: T=1.3334000000000001, Loss=35210.037804826694
Iteration 140000: T=0.6667333333333336, Loss=35208.25769442219
Iteration 150000: T=6.666666666710341e-05, Loss=35201.93910987931
Initial loss: 35993.056791554714
Iteration 10000: T=9.333400000000001, Loss=35192.70952355272
Iteration 20000: T=8.666733333333333, Loss=35203.21116730404
Iteration 30000: T=8.000066666666667, Loss=35200.61625037595
Iteration 40000: T=7.3334, Loss=35198.32664688347
Iteration 50000: T=6.666733333333333, Loss=35194.4434911081
Iteration 60000: T=6.000066666666667, Loss=35190.695230018144
Iteration 70000: T=5.333399999999999, Loss=35186.85612476469
Iteration 80000: T=4.666733333333334, Loss=35187.47147639075
Iteration 90000: T=4.000066666666666, Loss=35185.87407534093
Iteration 100000: T=3.3333999999999997, Loss=35181.65114327822
Iteration 110000: T=2.666733333333333, Loss=35190.00443037297
Iteration 120000: T=2.0000666666666667, Loss=35188.381749199
Iteration 130000: T=1.3334000000000001, Loss=35180.64935920101
Iteration 140000: T=0.6667333333333336, Loss=35175.47778617303
Iteration 150000: T=6.666666666710341e-05, Loss=35171.520077147514
Center of mass parameters: [ 1.80996073e+03  7.36871937e-01  5.13730788e+00  1.82319924e+03
  1.26833277e+00  5.42475787e+00  1.83306182e+03  1.57408479e+00
  4.24587182e+00  1.84207911e+03  1.53017440e+00  5.73683044e+00
  1.85496772e+03  2.23610972e-01  4.97643088e+00  1.86626220e+03
 -1.19187785e-01  4.98869313e+00  1.87835540e+03  6.56600615e-01
  5.20745777e+00  1.88986267e+03  4.62032047e-01  5.11851430e+00
  1.90282180e+03  5.86313989e-02  5.00282549e+00  1.91140153e+03
  1.27824919e+00  5.02562253e+00]
Final MSE: 35186.81822783374
R² = 0.00
Initial loss: 40194.75626336267
Iteration 10000: T=9.0001, Loss=35207.40169581207
Iteration 20000: T=8.0001, Loss=35207.964271236735
Iteration 30000: T=7.0001, Loss=35196.061034171435
Iteration 40000: T=6.0001, Loss=35203.854127588296
Iteration 50000: T=5.000100000000001, Loss=35211.19462207742
Iteration 60000: T=4.0001, Loss=35197.04723221738
Iteration 70000: T=3.0000999999999998, Loss=35198.62688132733
Iteration 80000: T=2.0001, Loss=35192.87551021177
Iteration 90000: T=1.0001000000000004, Loss=35189.00131133736
Iteration 100000: T=9.99999999995449e-05, Loss=35186.32064085062
Tuning complete. MSE at tuned parameters: 35186.32064085062
Initial loss: 43508.81389863658
Iteration 10000: T=9.333400000000001, Loss=35195.7991526902
Iteration 20000: T=8.666733333333333, Loss=35198.43342333816
Iteration 30000: T=8.000066666666667, Loss=35207.400610485594
Iteration 40000: T=7.3334, Loss=35208.6674330514
Iteration 50000: T=6.666733333333333, Loss=35206.28516847104
Iteration 60000: T=6.000066666666667, Loss=35220.53049750999
Iteration 70000: T=5.333399999999999, Loss=35214.78824189894
Iteration 80000: T=4.666733333333334, Loss=35217.73454261481
Iteration 90000: T=4.000066666666666, Loss=35218.81136360119
Iteration 100000: T=3.3333999999999997, Loss=35219.70733399108
Iteration 110000: T=2.666733333333333, Loss=35210.643513755174
Iteration 120000: T=2.0000666666666667, Loss=35210.582046084295
Iteration 130000: T=1.3334000000000001, Loss=35205.8193648432
Iteration 140000: T=0.6667333333333336, Loss=35201.46748034712
Iteration 150000: T=6.666666666710341e-05, Loss=35197.34989063256
Initial loss: 38171.98815342868
Iteration 10000: T=9.333400000000001, Loss=35205.85203269313
Iteration 20000: T=8.666733333333333, Loss=35235.31259527699
Iteration 30000: T=8.000066666666667, Loss=35205.43276488129
Iteration 40000: T=7.3334, Loss=35196.798211909525
Iteration 50000: T=6.666733333333333, Loss=35199.62931485585
Iteration 60000: T=6.000066666666667, Loss=35189.875456971
Iteration 70000: T=5.333399999999999, Loss=35188.630815534285
Iteration 80000: T=4.666733333333334, Loss=35184.77486433374
Iteration 90000: T=4.000066666666666, Loss=35188.08964189341
Iteration 100000: T=3.3333999999999997, Loss=35196.43666134965
Iteration 110000: T=2.666733333333333, Loss=35188.10070332527
Iteration 120000: T=2.0000666666666667, Loss=35180.42248857195
Iteration 130000: T=1.3334000000000001, Loss=35177.99884274584
Iteration 140000: T=0.6667333333333336, Loss=35177.33993516073
Iteration 150000: T=6.666666666710341e-05, Loss=35175.72669020142
Initial loss: 35997.66366072544
Iteration 10000: T=9.333400000000001, Loss=35187.545215847254
Iteration 20000: T=8.666733333333333, Loss=35183.8135384319
Iteration 30000: T=8.000066666666667, Loss=35184.77026405496
Iteration 40000: T=7.3334, Loss=35190.62498005129
Iteration 50000: T=6.666733333333333, Loss=35197.31313895899
Iteration 60000: T=6.000066666666667, Loss=35183.938526123995
Iteration 70000: T=5.333399999999999, Loss=35184.3616899579
Iteration 80000: T=4.666733333333334, Loss=35185.36130752187
Iteration 90000: T=4.000066666666666, Loss=35190.628346589336
Iteration 100000: T=3.3333999999999997, Loss=35187.50263604669
Iteration 110000: T=2.666733333333333, Loss=35190.47055749612
Iteration 120000: T=2.0000666666666667, Loss=35187.04628679254
Iteration 130000: T=1.3334000000000001, Loss=35185.72855297552
Iteration 140000: T=0.6667333333333336, Loss=35182.03836774477
Iteration 150000: T=6.666666666710341e-05, Loss=35180.159653630275
Initial loss: 58383.77826078734
Iteration 10000: T=9.333400000000001, Loss=35191.19280396715
Iteration 20000: T=8.666733333333333, Loss=35189.68717407073
Iteration 30000: T=8.000066666666667, Loss=35202.62661355758
Iteration 40000: T=7.3334, Loss=35186.04010451005
Iteration 50000: T=6.666733333333333, Loss=35193.17654771679
Iteration 60000: T=6.000066666666667, Loss=35192.46904549199
Iteration 70000: T=5.333399999999999, Loss=35202.88336216533
Iteration 80000: T=4.666733333333334, Loss=35203.757312980975
Iteration 90000: T=4.000066666666666, Loss=35197.985327769326
Iteration 100000: T=3.3333999999999997, Loss=35198.79012361477
Iteration 110000: T=2.666733333333333, Loss=35198.80610019543
Iteration 120000: T=2.0000666666666667, Loss=35193.22656654209
Iteration 130000: T=1.3334000000000001, Loss=35192.33645761153
Iteration 140000: T=0.6667333333333336, Loss=35192.9411526488
Iteration 150000: T=6.666666666710341e-05, Loss=35188.507822293715
Initial loss: 38255.48874324025
Iteration 10000: T=9.333400000000001, Loss=35196.53517296129
Iteration 20000: T=8.666733333333333, Loss=35198.72037837947
Iteration 30000: T=8.000066666666667, Loss=35190.36886485005
Iteration 40000: T=7.3334, Loss=35193.921351767574
Iteration 50000: T=6.666733333333333, Loss=35194.26617680619
Iteration 60000: T=6.000066666666667, Loss=35200.68291080538
Iteration 70000: T=5.333399999999999, Loss=35188.7203361561
Iteration 80000: T=4.666733333333334, Loss=35180.67547072339
Iteration 90000: T=4.000066666666666, Loss=35175.96695308575
Iteration 100000: T=3.3333999999999997, Loss=35173.59629169122
Iteration 110000: T=2.666733333333333, Loss=35177.64590462329
Iteration 120000: T=2.0000666666666667, Loss=35175.797156778004
Iteration 130000: T=1.3334000000000001, Loss=35172.178387358195
Iteration 140000: T=0.6667333333333336, Loss=35168.31527631031
Iteration 150000: T=6.666666666710341e-05, Loss=35167.67338914218
Center of mass parameters: [ 1.81012508e+03  1.71625587e+00  5.53056593e+00  1.82128528e+03
  3.55426332e-01  4.99816344e+00  1.83243537e+03  7.35437270e-01
  4.66864247e+00  1.84321721e+03  3.10540038e-01  4.55316183e+00
  1.85515999e+03  2.16750617e-01  4.82892009e+00  1.86712615e+03
 -9.86799400e-02  5.50667055e+00  1.87801303e+03  1.58707735e-01
  4.87753942e+00  1.88988190e+03  1.43396973e+00  5.36848875e+00
  1.90197913e+03  5.60944457e-01  5.45359526e+00  1.91307500e+03
  1.41243506e+00  5.64575076e+00]
Final MSE: 35185.47389392354
R² = 0.26
Initial loss: 40194.75626336267
Iteration 10000: T=9.0001, Loss=35204.826000609595
Iteration 20000: T=8.0001, Loss=35200.617502247755
Iteration 30000: T=7.0001, Loss=35195.610429211054
Iteration 40000: T=6.0001, Loss=35193.89333061207
Iteration 50000: T=5.000100000000001, Loss=35195.27180963142
Iteration 60000: T=4.0001, Loss=35198.5597069248
Iteration 70000: T=3.0000999999999998, Loss=35192.283725896654
Iteration 80000: T=2.0001, Loss=35187.91960795709
Iteration 90000: T=1.0001000000000004, Loss=35185.29639006657
Iteration 100000: T=9.99999999995449e-05, Loss=35180.77097510628
Tuning complete. MSE at tuned parameters: 35180.77097510628
Initial loss: 43201.216280956956
Iteration 10000: T=9.333400000000001, Loss=35182.99945091134
Iteration 20000: T=8.666733333333333, Loss=35188.60921877442
Iteration 30000: T=8.000066666666667, Loss=35186.188993532865
Iteration 40000: T=7.3334, Loss=35213.44739020008
Iteration 50000: T=6.666733333333333, Loss=35191.25011557603
Iteration 60000: T=6.000066666666667, Loss=35193.416661842835
Iteration 70000: T=5.333399999999999, Loss=35187.38458999508
Iteration 80000: T=4.666733333333334, Loss=35185.09688683377
Iteration 90000: T=4.000066666666666, Loss=35184.13566432069
Iteration 100000: T=3.3333999999999997, Loss=35186.584468903064
Iteration 110000: T=2.666733333333333, Loss=35181.76394328938
Iteration 120000: T=2.0000666666666667, Loss=35180.606608199116
Iteration 130000: T=1.3334000000000001, Loss=35180.5415766308
Iteration 140000: T=0.6667333333333336, Loss=35179.87678429025
Iteration 150000: T=6.666666666710341e-05, Loss=35176.38562661772
Initial loss: 40897.97301814489
Iteration 10000: T=9.333400000000001, Loss=35186.95758332769
Iteration 20000: T=8.666733333333333, Loss=35198.84774860791
Iteration 30000: T=8.000066666666667, Loss=35187.13842710875
Iteration 40000: T=7.3334, Loss=35187.971062265
Iteration 50000: T=6.666733333333333, Loss=35180.00934611481
Iteration 60000: T=6.000066666666667, Loss=35192.937159041954
Iteration 70000: T=5.333399999999999, Loss=35191.27311139494
Iteration 80000: T=4.666733333333334, Loss=35182.888660633915
Iteration 90000: T=4.000066666666666, Loss=35180.79570769277
Iteration 100000: T=3.3333999999999997, Loss=35176.09434031086
Iteration 110000: T=2.666733333333333, Loss=35176.09054199356
Iteration 120000: T=2.0000666666666667, Loss=35173.85412198318
Iteration 130000: T=1.3334000000000001, Loss=35177.32510716397
Iteration 140000: T=0.6667333333333336, Loss=35174.77990523614
Iteration 150000: T=6.666666666710341e-05, Loss=35172.343586906216
Initial loss: 132827.12991211234
Iteration 10000: T=9.333400000000001, Loss=35178.25290977635
Iteration 20000: T=8.666733333333333, Loss=35195.60776878617
Iteration 30000: T=8.000066666666667, Loss=35182.10858236657
Iteration 40000: T=7.3334, Loss=35184.013373922884
Iteration 50000: T=6.666733333333333, Loss=35182.08421080428
Iteration 60000: T=6.000066666666667, Loss=35185.83509400363
Iteration 70000: T=5.333399999999999, Loss=35181.17654951418
Iteration 80000: T=4.666733333333334, Loss=35197.23796533487
Iteration 90000: T=4.000066666666666, Loss=35182.402245496065
Iteration 100000: T=3.3333999999999997, Loss=35182.400539185575
Iteration 110000: T=2.666733333333333, Loss=35182.883640268934
Iteration 120000: T=2.0000666666666667, Loss=35179.63935962117
Iteration 130000: T=1.3334000000000001, Loss=35182.95504267289
Iteration 140000: T=0.6667333333333336, Loss=35181.202630736174
Iteration 150000: T=6.666666666710341e-05, Loss=35174.33375828757
Initial loss: 35336.78922584662
Iteration 10000: T=9.333400000000001, Loss=35192.29432812826
Iteration 20000: T=8.666733333333333, Loss=35186.95375614842
Iteration 30000: T=8.000066666666667, Loss=35182.73488013208
Iteration 40000: T=7.3334, Loss=35188.027793385816
Iteration 50000: T=6.666733333333333, Loss=35184.14505627608
Iteration 60000: T=6.000066666666667, Loss=35179.10709401314
Iteration 70000: T=5.333399999999999, Loss=35184.76987306439
Iteration 80000: T=4.666733333333334, Loss=35193.875441023505
Iteration 90000: T=4.000066666666666, Loss=35180.928877795355
Iteration 100000: T=3.3333999999999997, Loss=35181.78737891223
Iteration 110000: T=2.666733333333333, Loss=35172.49213324753
Iteration 120000: T=2.0000666666666667, Loss=35171.84631114663
Iteration 130000: T=1.3334000000000001, Loss=35170.67831195918
Iteration 140000: T=0.6667333333333336, Loss=35169.4658438263
Iteration 150000: T=6.666666666710341e-05, Loss=35167.71219479804
Initial loss: 44008.92298506357
Iteration 10000: T=9.333400000000001, Loss=35187.06143231821
Iteration 20000: T=8.666733333333333, Loss=35178.26403353142
Iteration 30000: T=8.000066666666667, Loss=35180.68796107276
Iteration 40000: T=7.3334, Loss=35189.561613317994
Iteration 50000: T=6.666733333333333, Loss=35177.883592647595
Iteration 60000: T=6.000066666666667, Loss=35170.90713662844
Iteration 70000: T=5.333399999999999, Loss=35180.66426794892
Iteration 80000: T=4.666733333333334, Loss=35177.99134632583
Iteration 90000: T=4.000066666666666, Loss=35179.0356247239
Iteration 100000: T=3.3333999999999997, Loss=35175.150185976076
Iteration 110000: T=2.666733333333333, Loss=35174.78027748244
Iteration 120000: T=2.0000666666666667, Loss=35171.296909032084
Iteration 130000: T=1.3334000000000001, Loss=35170.95437787492
Iteration 140000: T=0.6667333333333336, Loss=35168.613831265335
Iteration 150000: T=6.666666666710341e-05, Loss=35165.098029197754
Center of mass parameters: [ 1.81024917e+03  1.83120117e-02  6.61381289e+00  1.82273321e+03
  1.72718676e+00  4.22895115e+00  1.83278901e+03 -7.14479607e-02
  6.12730276e+00  1.84257277e+03 -1.03452257e-01  5.11974748e+00
  1.85547145e+03  2.04807816e-01  4.57596345e+00  1.86521149e+03
  1.02689738e+00  5.70052136e+00  1.87768114e+03  1.21192617e-01
  5.56779477e+00  1.88971222e+03  7.70837961e-02  4.88228780e+00
  1.90116661e+03  9.69360402e-01  3.76497857e+00  1.91238209e+03
  6.51953177e-01  4.42833456e+00]
Final MSE: 35174.059077391685
R² = 0.31
Initial loss: 40194.75626336267
Iteration 10000: T=9.0001, Loss=35198.831797767976
Iteration 20000: T=8.0001, Loss=35192.69559857393
Iteration 30000: T=7.0001, Loss=35212.36054719379
Iteration 40000: T=6.0001, Loss=35190.936891260804
Iteration 50000: T=5.000100000000001, Loss=35185.72941083321
Iteration 60000: T=4.0001, Loss=35187.61394989516
Iteration 70000: T=3.0000999999999998, Loss=35186.150495545786
Iteration 80000: T=2.0001, Loss=35182.88441812935
Iteration 90000: T=1.0001000000000004, Loss=35182.80898195512
Iteration 100000: T=9.99999999995449e-05, Loss=35178.67242669002
Tuning complete. MSE at tuned parameters: 35178.67242669002
Initial loss: 38960.797523563124
Iteration 10000: T=9.333400000000001, Loss=35171.69080793551
Iteration 20000: T=8.666733333333333, Loss=35170.08052744783
Iteration 30000: T=8.000066666666667, Loss=35180.2822682675
Iteration 40000: T=7.3334, Loss=35179.83434859592
Iteration 50000: T=6.666733333333333, Loss=35182.632463240894
Iteration 60000: T=6.000066666666667, Loss=35193.24300450573
Iteration 70000: T=5.333399999999999, Loss=35181.90652668938
Iteration 80000: T=4.666733333333334, Loss=35178.968340756015
Iteration 90000: T=4.000066666666666, Loss=35177.6734327444
Iteration 100000: T=3.3333999999999997, Loss=35180.230393731246
Iteration 110000: T=2.666733333333333, Loss=35183.56368682369
Iteration 120000: T=2.0000666666666667, Loss=35186.71089182749
Iteration 130000: T=1.3334000000000001, Loss=35191.292766799386
Iteration 140000: T=0.6667333333333336, Loss=35181.21013531645
Iteration 150000: T=6.666666666710341e-05, Loss=35175.39043971771
Initial loss: 57574.02654255158
Iteration 10000: T=9.333400000000001, Loss=35219.0937549359
Iteration 20000: T=8.666733333333333, Loss=35196.44581401928
Iteration 30000: T=8.000066666666667, Loss=35186.8356943417
Iteration 40000: T=7.3334, Loss=35176.47629467222
Iteration 50000: T=6.666733333333333, Loss=35177.480220236714
Iteration 60000: T=6.000066666666667, Loss=35181.28869273572
Iteration 70000: T=5.333399999999999, Loss=35176.097777670686
Iteration 80000: T=4.666733333333334, Loss=35182.35277034328
Iteration 90000: T=4.000066666666666, Loss=35181.1637560852
Iteration 100000: T=3.3333999999999997, Loss=35176.9767653883
Iteration 110000: T=2.666733333333333, Loss=35179.800421994645
Iteration 120000: T=2.0000666666666667, Loss=35171.5252316416
Iteration 130000: T=1.3334000000000001, Loss=35170.48342294279
Iteration 140000: T=0.6667333333333336, Loss=35169.935780954045
Iteration 150000: T=6.666666666710341e-05, Loss=35165.40021575396
Initial loss: 86065.33543963918
Iteration 10000: T=9.333400000000001, Loss=35182.21787115828
Iteration 20000: T=8.666733333333333, Loss=35180.4913227446
Iteration 30000: T=8.000066666666667, Loss=35188.16079360578
Iteration 40000: T=7.3334, Loss=35186.1498553717
Iteration 50000: T=6.666733333333333, Loss=35175.15518792348
Iteration 60000: T=6.000066666666667, Loss=35175.13629870021
Iteration 70000: T=5.333399999999999, Loss=35172.07021731019
Iteration 80000: T=4.666733333333334, Loss=35171.323534233125
Iteration 90000: T=4.000066666666666, Loss=35170.072789946214
Iteration 100000: T=3.3333999999999997, Loss=35168.52872186228
Iteration 110000: T=2.666733333333333, Loss=35164.983510053054
Iteration 120000: T=2.0000666666666667, Loss=35162.6877093125
Iteration 130000: T=1.3334000000000001, Loss=35161.66628256875
Iteration 140000: T=0.6667333333333336, Loss=35158.7817518877
Iteration 150000: T=6.666666666710341e-05, Loss=35156.12217452233
Initial loss: 37971.7509757761
Iteration 10000: T=9.333400000000001, Loss=35228.64208361411
Iteration 20000: T=8.666733333333333, Loss=35177.75383987361
Iteration 30000: T=8.000066666666667, Loss=35182.256947010115
Iteration 40000: T=7.3334, Loss=35192.224392522214
Iteration 50000: T=6.666733333333333, Loss=35170.511086608225
Iteration 60000: T=6.000066666666667, Loss=35179.15819220851
Iteration 70000: T=5.333399999999999, Loss=35169.55878028843
Iteration 80000: T=4.666733333333334, Loss=35172.384624622435
Iteration 90000: T=4.000066666666666, Loss=35165.84669571401
Iteration 100000: T=3.3333999999999997, Loss=35161.69531869256
Iteration 110000: T=2.666733333333333, Loss=35163.71636551
Iteration 120000: T=2.0000666666666667, Loss=35167.94859052468
Iteration 130000: T=1.3334000000000001, Loss=35161.0712109517
Iteration 140000: T=0.6667333333333336, Loss=35158.688681693086
Iteration 150000: T=6.666666666710341e-05, Loss=35155.12792562345
Initial loss: 35623.581169310775
Iteration 10000: T=9.333400000000001, Loss=35178.85645404533
Iteration 20000: T=8.666733333333333, Loss=35183.9931568831
Iteration 30000: T=8.000066666666667, Loss=35179.283582584394
Iteration 40000: T=7.3334, Loss=35176.14783656128
Iteration 50000: T=6.666733333333333, Loss=35170.53154165921
Iteration 60000: T=6.000066666666667, Loss=35171.57766025359
Iteration 70000: T=5.333399999999999, Loss=35170.8771545224
Iteration 80000: T=4.666733333333334, Loss=35173.26509419644
Iteration 90000: T=4.000066666666666, Loss=35176.13002318679
Iteration 100000: T=3.3333999999999997, Loss=35170.888958645606
Iteration 110000: T=2.666733333333333, Loss=35170.53087189745
Iteration 120000: T=2.0000666666666667, Loss=35165.629892126475
Iteration 130000: T=1.3334000000000001, Loss=35161.53198369597
Iteration 140000: T=0.6667333333333336, Loss=35159.73081356019
Iteration 150000: T=6.666666666710341e-05, Loss=35156.090149341675
Center of mass parameters: [ 1.80928366e+03  3.01445192e-01  5.72073300e+00  1.82232675e+03
 -2.31931624e-01  5.76110360e+00  1.83253571e+03  6.68979071e-01
  3.66799464e+00  1.84327980e+03  1.54897357e-01  5.89335849e+00
  1.85532319e+03  2.10203679e-01  4.69201199e+00  1.86651547e+03
  1.93874455e-01  5.94524267e+00  1.87766549e+03  3.88713638e-01
  4.76881874e+00  1.88818014e+03 -1.04605725e-01  5.02049543e+00
  1.90054458e+03  2.86520653e-01  5.25511308e+00  1.91143627e+03
 -1.80611366e-01  4.34413771e+00]
Final MSE: 35164.025671696836
R² = 0.13
Initial loss: 40194.75626336267
Iteration 10000: T=9.0001, Loss=35205.30569711806
Iteration 20000: T=8.0001, Loss=35196.733749065745
Iteration 30000: T=7.0001, Loss=35212.90626094981
Iteration 40000: T=6.0001, Loss=35191.092655901164
Iteration 50000: T=5.000100000000001, Loss=35190.46074353253
Iteration 60000: T=4.0001, Loss=35187.448537140845
Iteration 70000: T=3.0000999999999998, Loss=35193.39223377977
Iteration 80000: T=2.0001, Loss=35189.3121049305
Iteration 90000: T=1.0001000000000004, Loss=35187.970212015825
Iteration 100000: T=9.99999999995449e-05, Loss=35183.84479514545
Tuning complete. MSE at tuned parameters: 35183.84479514545
Initial loss: 35206.714232837956
Iteration 10000: T=9.333400000000001, Loss=35190.04237271778
Iteration 20000: T=8.666733333333333, Loss=35188.839182986936
Iteration 30000: T=8.000066666666667, Loss=35185.71852262474
Iteration 40000: T=7.3334, Loss=35189.09994420269
Iteration 50000: T=6.666733333333333, Loss=35187.3188640123
Iteration 60000: T=6.000066666666667, Loss=35188.42223852405
Iteration 70000: T=5.333399999999999, Loss=35186.64725602546
Iteration 80000: T=4.666733333333334, Loss=35181.59380976037
Iteration 90000: T=4.000066666666666, Loss=35183.0373431708
Iteration 100000: T=3.3333999999999997, Loss=35181.591317055165
Iteration 110000: T=2.666733333333333, Loss=35184.41411686985
Iteration 120000: T=2.0000666666666667, Loss=35178.43192611705
Iteration 130000: T=1.3334000000000001, Loss=35175.93313352484
Iteration 140000: T=0.6667333333333336, Loss=35173.73993529843
Iteration 150000: T=6.666666666710341e-05, Loss=35170.07306785338
Initial loss: 38431.701373269
Iteration 10000: T=9.333400000000001, Loss=35192.79743674409
Iteration 20000: T=8.666733333333333, Loss=35201.33153392417
Iteration 30000: T=8.000066666666667, Loss=35185.12324149721
Iteration 40000: T=7.3334, Loss=35178.93257352785
Iteration 50000: T=6.666733333333333, Loss=35189.08849144613
Iteration 60000: T=6.000066666666667, Loss=35184.45336733314
Iteration 70000: T=5.333399999999999, Loss=35185.56907381225
Iteration 80000: T=4.666733333333334, Loss=35187.85209987137
Iteration 90000: T=4.000066666666666, Loss=35187.55168752259
Iteration 100000: T=3.3333999999999997, Loss=35184.37136105494
Iteration 110000: T=2.666733333333333, Loss=35182.07121383279
Iteration 120000: T=2.0000666666666667, Loss=35184.47265949278
Iteration 130000: T=1.3334000000000001, Loss=35180.85010408191
Iteration 140000: T=0.6667333333333336, Loss=35173.718415029725
Iteration 150000: T=6.666666666710341e-05, Loss=35169.290585987
Initial loss: 35712.95154514089
Iteration 10000: T=9.333400000000001, Loss=35211.01936521669
Iteration 20000: T=8.666733333333333, Loss=35194.86882317272
Iteration 30000: T=8.000066666666667, Loss=35204.34112457685
Iteration 40000: T=7.3334, Loss=35202.92880798159
Iteration 50000: T=6.666733333333333, Loss=35193.406341751404
Iteration 60000: T=6.000066666666667, Loss=35187.69723674473
Iteration 70000: T=5.333399999999999, Loss=35181.32984033833
Iteration 80000: T=4.666733333333334, Loss=35189.39752682138
Iteration 90000: T=4.000066666666666, Loss=35183.68571085243
Iteration 100000: T=3.3333999999999997, Loss=35181.5997930126
Iteration 110000: T=2.666733333333333, Loss=35191.22161178401
Iteration 120000: T=2.0000666666666667, Loss=35187.1843816437
Iteration 130000: T=1.3334000000000001, Loss=35182.006361666754
Iteration 140000: T=0.6667333333333336, Loss=35176.54742284028
Iteration 150000: T=6.666666666710341e-05, Loss=35174.154585351265
Initial loss: 38136.07523812371
Iteration 10000: T=9.333400000000001, Loss=35192.78844044805
Iteration 20000: T=8.666733333333333, Loss=35187.235387446526
Iteration 30000: T=8.000066666666667, Loss=35193.59504366084
Iteration 40000: T=7.3334, Loss=35196.405022072715
Iteration 50000: T=6.666733333333333, Loss=35188.33552393864
Iteration 60000: T=6.000066666666667, Loss=35189.35760005379
Iteration 70000: T=5.333399999999999, Loss=35192.241068596566
Iteration 80000: T=4.666733333333334, Loss=35189.8713204059
Iteration 90000: T=4.000066666666666, Loss=35190.74620922083
Iteration 100000: T=3.3333999999999997, Loss=35188.35437703638
Iteration 110000: T=2.666733333333333, Loss=35181.06207907185
Iteration 120000: T=2.0000666666666667, Loss=35182.83529516372
Iteration 130000: T=1.3334000000000001, Loss=35181.9845768819
Iteration 140000: T=0.6667333333333336, Loss=35177.51462199351
Iteration 150000: T=6.666666666710341e-05, Loss=35173.83785679081
Initial loss: 40093.79306768644
Iteration 10000: T=9.333400000000001, Loss=35213.83267943707
Iteration 20000: T=8.666733333333333, Loss=35190.15846123725
Iteration 30000: T=8.000066666666667, Loss=35197.03085761063
Iteration 40000: T=7.3334, Loss=35204.30990001509
Iteration 50000: T=6.666733333333333, Loss=35189.52145561274
Iteration 60000: T=6.000066666666667, Loss=35188.57009389443
Iteration 70000: T=5.333399999999999, Loss=35190.902011206745
Iteration 80000: T=4.666733333333334, Loss=35188.17081048393
Iteration 90000: T=4.000066666666666, Loss=35195.97339723251
Iteration 100000: T=3.3333999999999997, Loss=35187.37451437409
Iteration 110000: T=2.666733333333333, Loss=35185.48936086134
Iteration 120000: T=2.0000666666666667, Loss=35184.42726489639
Iteration 130000: T=1.3334000000000001, Loss=35182.81952522618
Iteration 140000: T=0.6667333333333336, Loss=35182.02814970256
Iteration 150000: T=6.666666666710341e-05, Loss=35177.4864705546
Center of mass parameters: [ 1.80947775e+03  6.71045844e-01  4.47935845e+00  1.82247503e+03
 -3.54887999e-02  4.84890089e+00  1.83278943e+03 -4.99114203e-01
  3.71101627e+00  1.84310767e+03  9.85652904e-01  5.85547515e+00
  1.85539914e+03  2.07765172e-01  4.63770595e+00  1.86746849e+03
  5.91027839e-01  4.73914233e+00  1.87714440e+03 -2.88355730e-01
  5.10643429e+00  1.88944020e+03 -2.82111706e-01  4.95011192e+00
  1.90137878e+03  6.11989313e-01  4.89508693e+00  1.91227126e+03
  9.66637767e-01  5.11006993e+00]
Final MSE: 35178.014956562394
R² = 0.29
Initial loss: 40194.75626336267
Iteration 10000: T=9.0001, Loss=35194.74224698061
Iteration 20000: T=8.0001, Loss=35223.51580692923
Iteration 30000: T=7.0001, Loss=35212.16412464814
Iteration 40000: T=6.0001, Loss=35196.49851227572
Iteration 50000: T=5.000100000000001, Loss=35213.68040433441
Iteration 60000: T=4.0001, Loss=35198.02167902623
Iteration 70000: T=3.0000999999999998, Loss=35197.704485718816
Iteration 80000: T=2.0001, Loss=35195.9936046828
Iteration 90000: T=1.0001000000000004, Loss=35197.839538468004
Iteration 100000: T=9.99999999995449e-05, Loss=35192.283752795236
Tuning complete. MSE at tuned parameters: 35192.283752795236
Initial loss: 58148.772320295146
Iteration 10000: T=9.333400000000001, Loss=35191.197157123264
Iteration 20000: T=8.666733333333333, Loss=35208.63426492649
Iteration 30000: T=8.000066666666667, Loss=35193.11364774426
Iteration 40000: T=7.3334, Loss=35194.97534737245
Iteration 50000: T=6.666733333333333, Loss=35204.459836228845
Iteration 60000: T=6.000066666666667, Loss=35194.65447321246
Iteration 70000: T=5.333399999999999, Loss=35188.81977262164
Iteration 80000: T=4.666733333333334, Loss=35183.81013360774
Iteration 90000: T=4.000066666666666, Loss=35198.74935218061
Iteration 100000: T=3.3333999999999997, Loss=35183.08807806568
Iteration 110000: T=2.666733333333333, Loss=35181.53432039904
Iteration 120000: T=2.0000666666666667, Loss=35187.37638079067
Iteration 130000: T=1.3334000000000001, Loss=35180.145149183685
Iteration 140000: T=0.6667333333333336, Loss=35176.81927324871
Iteration 150000: T=6.666666666710341e-05, Loss=35173.546698841645
Initial loss: 35194.22725670428
Iteration 10000: T=9.333400000000001, Loss=35210.538910292256
Iteration 20000: T=8.666733333333333, Loss=35202.9137684038
Iteration 30000: T=8.000066666666667, Loss=35206.43597470526
Iteration 40000: T=7.3334, Loss=35256.966626615285
Iteration 50000: T=6.666733333333333, Loss=35199.69466514427
Iteration 60000: T=6.000066666666667, Loss=35209.070715285794
Iteration 70000: T=5.333399999999999, Loss=35204.72562613382
Iteration 80000: T=4.666733333333334, Loss=35204.91796486501
Iteration 90000: T=4.000066666666666, Loss=35192.92040212497
Iteration 100000: T=3.3333999999999997, Loss=35194.532275732934
Iteration 110000: T=2.666733333333333, Loss=35206.46889204441
Iteration 120000: T=2.0000666666666667, Loss=35195.114213353845
Iteration 130000: T=1.3334000000000001, Loss=35187.459834895926
Iteration 140000: T=0.6667333333333336, Loss=35175.257384351826
Iteration 150000: T=6.666666666710341e-05, Loss=35170.35195817835
Initial loss: 38849.89793114395
Iteration 10000: T=9.333400000000001, Loss=35225.33247332949
Iteration 20000: T=8.666733333333333, Loss=35191.98619764072
Iteration 30000: T=8.000066666666667, Loss=35189.04780617596
Iteration 40000: T=7.3334, Loss=35193.521030673306
Iteration 50000: T=6.666733333333333, Loss=35193.02538829847
Iteration 60000: T=6.000066666666667, Loss=35203.17459611885
Iteration 70000: T=5.333399999999999, Loss=35196.5293150946
Iteration 80000: T=4.666733333333334, Loss=35196.957111618096
Iteration 90000: T=4.000066666666666, Loss=35199.66222906409
Iteration 100000: T=3.3333999999999997, Loss=35191.05635400409
Iteration 110000: T=2.666733333333333, Loss=35194.46866840022
Iteration 120000: T=2.0000666666666667, Loss=35193.195106430874
Iteration 130000: T=1.3334000000000001, Loss=35195.29634162803
Iteration 140000: T=0.6667333333333336, Loss=35191.75857802584
Iteration 150000: T=6.666666666710341e-05, Loss=35182.64751262132
Initial loss: 36314.160055952096
Iteration 10000: T=9.333400000000001, Loss=35204.92438658944
Iteration 20000: T=8.666733333333333, Loss=35204.55851542712
Iteration 30000: T=8.000066666666667, Loss=35180.92321466924
Iteration 40000: T=7.3334, Loss=35213.82554061317
Iteration 50000: T=6.666733333333333, Loss=35186.37584295035
Iteration 60000: T=6.000066666666667, Loss=35194.84845026348
Iteration 70000: T=5.333399999999999, Loss=35196.09709143915
Iteration 80000: T=4.666733333333334, Loss=35184.95559347926
Iteration 90000: T=4.000066666666666, Loss=35188.682158090036
Iteration 100000: T=3.3333999999999997, Loss=35186.26106721874
Iteration 110000: T=2.666733333333333, Loss=35182.60884172122
Iteration 120000: T=2.0000666666666667, Loss=35190.11525414045
Iteration 130000: T=1.3334000000000001, Loss=35184.012511343695
Iteration 140000: T=0.6667333333333336, Loss=35185.060174525046
Iteration 150000: T=6.666666666710341e-05, Loss=35182.697082478975
Initial loss: 43507.78060401179
Iteration 10000: T=9.333400000000001, Loss=35195.37829611664
Iteration 20000: T=8.666733333333333, Loss=35198.73224230986
Iteration 30000: T=8.000066666666667, Loss=35220.177922178074
Iteration 40000: T=7.3334, Loss=35192.79953369284
Iteration 50000: T=6.666733333333333, Loss=35196.2464824314
Iteration 60000: T=6.000066666666667, Loss=35189.044647271425
Iteration 70000: T=5.333399999999999, Loss=35193.05544052875
Iteration 80000: T=4.666733333333334, Loss=35189.078032022975
Iteration 90000: T=4.000066666666666, Loss=35188.553621673884
Iteration 100000: T=3.3333999999999997, Loss=35189.02534261699
Iteration 110000: T=2.666733333333333, Loss=35187.66202843653
Iteration 120000: T=2.0000666666666667, Loss=35183.75297786838
Iteration 130000: T=1.3334000000000001, Loss=35181.368685269525
Iteration 140000: T=0.6667333333333336, Loss=35179.54874296972
Iteration 150000: T=6.666666666710341e-05, Loss=35172.56002318537
Center of mass parameters: [ 1.81006883e+03 -1.50892701e-01  6.46138894e+00  1.82272295e+03
  1.90749596e-01  4.46252340e+00  1.83158923e+03  7.10983138e-01
  4.16528598e+00  1.84184117e+03  8.83371184e-01  6.03068152e+00
  1.85502950e+03  2.21433045e-01  4.93003824e+00  1.86749353e+03
  3.72775050e-01  5.19150905e+00  1.87815606e+03  8.13484805e-01
  5.43999168e+00  1.89007218e+03  5.07476672e-01  4.80762409e+00
  1.90131097e+03  2.09990005e-01  4.91903548e+00  1.91256249e+03
  6.60272963e-01  4.86544619e+00]
Final MSE: 35181.79891823344
R² = 0.03
Initial loss: 40194.75626336267
Iteration 10000: T=9.0001, Loss=35215.67942515323
Iteration 20000: T=8.0001, Loss=35215.382123835145
Iteration 30000: T=7.0001, Loss=35199.545214720456
Iteration 40000: T=6.0001, Loss=35199.29912152307
Iteration 50000: T=5.000100000000001, Loss=35194.49949698686
Iteration 60000: T=4.0001, Loss=35194.21204867293
Iteration 70000: T=3.0000999999999998, Loss=35195.79709120584
Iteration 80000: T=2.0001, Loss=35197.7969287308
Iteration 90000: T=1.0001000000000004, Loss=35197.77413943551
Iteration 100000: T=9.99999999995449e-05, Loss=35194.69370804108
Tuning complete. MSE at tuned parameters: 35194.69370804108
Initial loss: 52494.90427403788
Iteration 10000: T=9.333400000000001, Loss=35222.663573661426
Iteration 20000: T=8.666733333333333, Loss=35206.220446731844
Iteration 30000: T=8.000066666666667, Loss=35204.57642486217
Iteration 40000: T=7.3334, Loss=35203.46655508689
Iteration 50000: T=6.666733333333333, Loss=35205.213359836926
Iteration 60000: T=6.000066666666667, Loss=35210.628117934044
Iteration 70000: T=5.333399999999999, Loss=35210.29023408282
Iteration 80000: T=4.666733333333334, Loss=35216.70322130816
Iteration 90000: T=4.000066666666666, Loss=35208.75035978765
Iteration 100000: T=3.3333999999999997, Loss=35201.4898723548
Iteration 110000: T=2.666733333333333, Loss=35204.80299126839
Iteration 120000: T=2.0000666666666667, Loss=35203.30545048232
Iteration 130000: T=1.3334000000000001, Loss=35205.21611479716
Iteration 140000: T=0.6667333333333336, Loss=35199.716764368
Iteration 150000: T=6.666666666710341e-05, Loss=35198.91037561202
Initial loss: 35227.83914812628
Iteration 10000: T=9.333400000000001, Loss=35202.50256326821
Iteration 20000: T=8.666733333333333, Loss=35218.86970492747
Iteration 30000: T=8.000066666666667, Loss=35195.374364463496
Iteration 40000: T=7.3334, Loss=35204.714751163665
Iteration 50000: T=6.666733333333333, Loss=35198.75076040182
Iteration 60000: T=6.000066666666667, Loss=35197.084258675
Iteration 70000: T=5.333399999999999, Loss=35211.011936004674
Iteration 80000: T=4.666733333333334, Loss=35199.23977002544
Iteration 90000: T=4.000066666666666, Loss=35196.375490428676
Iteration 100000: T=3.3333999999999997, Loss=35192.27846114819
Iteration 110000: T=2.666733333333333, Loss=35190.966172399065
Iteration 120000: T=2.0000666666666667, Loss=35190.204361447766
Iteration 130000: T=1.3334000000000001, Loss=35193.69402408005
Iteration 140000: T=0.6667333333333336, Loss=35188.71942855189
Iteration 150000: T=6.666666666710341e-05, Loss=35185.49848110314
Initial loss: 222596.79982470674
Iteration 10000: T=9.333400000000001, Loss=35206.13162744559
Iteration 20000: T=8.666733333333333, Loss=35194.086756827186
Iteration 30000: T=8.000066666666667, Loss=35194.796955218255
Iteration 40000: T=7.3334, Loss=35189.91329900344
Iteration 50000: T=6.666733333333333, Loss=35205.04089111048
Iteration 60000: T=6.000066666666667, Loss=35189.815801484096
Iteration 70000: T=5.333399999999999, Loss=35198.4619134526
Iteration 80000: T=4.666733333333334, Loss=35189.5738867811
Iteration 90000: T=4.000066666666666, Loss=35190.69408612079
Iteration 100000: T=3.3333999999999997, Loss=35188.28759089996
Iteration 110000: T=2.666733333333333, Loss=35200.31957616592
Iteration 120000: T=2.0000666666666667, Loss=35181.68693325299
Iteration 130000: T=1.3334000000000001, Loss=35189.17529788156
Iteration 140000: T=0.6667333333333336, Loss=35184.07607463216
Iteration 150000: T=6.666666666710341e-05, Loss=35179.84682334481
Initial loss: 38087.142252512014
Iteration 10000: T=9.333400000000001, Loss=35212.28083700455
Iteration 20000: T=8.666733333333333, Loss=35210.64382909903
Iteration 30000: T=8.000066666666667, Loss=35195.43853658295
Iteration 40000: T=7.3334, Loss=35196.96117667662
Iteration 50000: T=6.666733333333333, Loss=35202.655536705526
Iteration 60000: T=6.000066666666667, Loss=35190.26805631779
Iteration 70000: T=5.333399999999999, Loss=35189.9009222369
Iteration 80000: T=4.666733333333334, Loss=35188.40344497606
Iteration 90000: T=4.000066666666666, Loss=35189.94562309374
Iteration 100000: T=3.3333999999999997, Loss=35190.45061641797
Iteration 110000: T=2.666733333333333, Loss=35189.41486214017
Iteration 120000: T=2.0000666666666667, Loss=35191.85284348404
Iteration 130000: T=1.3334000000000001, Loss=35189.54765634647
Iteration 140000: T=0.6667333333333336, Loss=35190.49166917747
Iteration 150000: T=6.666666666710341e-05, Loss=35187.736811241855
Initial loss: 35494.97245058971
Iteration 10000: T=9.333400000000001, Loss=35193.99925625522
Iteration 20000: T=8.666733333333333, Loss=35193.264184923035
Iteration 30000: T=8.000066666666667, Loss=35200.90779235119
Iteration 40000: T=7.3334, Loss=35191.93686605368
Iteration 50000: T=6.666733333333333, Loss=35194.717255836185
Iteration 60000: T=6.000066666666667, Loss=35200.76639923163
Iteration 70000: T=5.333399999999999, Loss=35202.33166540878
Iteration 80000: T=4.666733333333334, Loss=35202.606524862356
Iteration 90000: T=4.000066666666666, Loss=35199.65986958226
Iteration 100000: T=3.3333999999999997, Loss=35196.2817867312
Iteration 110000: T=2.666733333333333, Loss=35200.01336831753
Iteration 120000: T=2.0000666666666667, Loss=35199.48806785436
Iteration 130000: T=1.3334000000000001, Loss=35194.335536505045
Iteration 140000: T=0.6667333333333336, Loss=35196.492238489474
Iteration 150000: T=6.666666666710341e-05, Loss=35192.26123276064
Center of mass parameters: [ 1.81054483e+03  3.00442511e-01  5.16496645e+00  1.82269064e+03
  2.78612727e-01  4.79092370e+00  1.83185261e+03  1.02206276e+00
  5.39758849e+00  1.84456043e+03 -3.31908399e-02  5.09208569e+00
  1.85539930e+03  2.07594237e-01  4.63515018e+00  1.86635699e+03
  1.40114812e+00  4.16708416e+00  1.87876669e+03  6.15300013e-01
  5.10167139e+00  1.88936717e+03  5.29729974e-01  4.35899656e+00
  1.90294438e+03 -1.88266722e-01  4.16624000e+00  1.91174139e+03
 -3.12067702e-01  4.15497932e+00]
Final MSE: 35190.17810629382
R² = 0.04
Initial loss: 40194.75626336267
Iteration 10000: T=9.0001, Loss=35200.337014325276
Iteration 20000: T=8.0001, Loss=35208.094569552915
Iteration 30000: T=7.0001, Loss=35219.64370240843
Iteration 40000: T=6.0001, Loss=35210.24952312419
Iteration 50000: T=5.000100000000001, Loss=35210.55525228516
Iteration 60000: T=4.0001, Loss=35196.50572475023
Iteration 70000: T=3.0000999999999998, Loss=35192.99835489282
Iteration 80000: T=2.0001, Loss=35195.707319466965
Iteration 90000: T=1.0001000000000004, Loss=35191.2718101667
Iteration 100000: T=9.99999999995449e-05, Loss=35189.021776941576
Tuning complete. MSE at tuned parameters: 35189.021776941576
Initial loss: 62761.90023952649
Iteration 10000: T=9.333400000000001, Loss=35220.53559507606
Iteration 20000: T=8.666733333333333, Loss=35190.030125829355
Iteration 30000: T=8.000066666666667, Loss=35196.58145209281
Iteration 40000: T=7.3334, Loss=35197.047035533375
Iteration 50000: T=6.666733333333333, Loss=35196.63633403254
Iteration 60000: T=6.000066666666667, Loss=35214.93652832149
Iteration 70000: T=5.333399999999999, Loss=35190.22854807788
Iteration 80000: T=4.666733333333334, Loss=35201.77191961042
Iteration 90000: T=4.000066666666666, Loss=35198.869106910315
Iteration 100000: T=3.3333999999999997, Loss=35196.22840543207
Iteration 110000: T=2.666733333333333, Loss=35191.95640853182
Iteration 120000: T=2.0000666666666667, Loss=35187.94720666702
Iteration 130000: T=1.3334000000000001, Loss=35184.384727239936
Iteration 140000: T=0.6667333333333336, Loss=35180.19604982711
Iteration 150000: T=6.666666666710341e-05, Loss=35176.82161867254
Initial loss: 37247.56823467516
Iteration 10000: T=9.333400000000001, Loss=35198.45753549932
Iteration 20000: T=8.666733333333333, Loss=35186.77329428899
Iteration 30000: T=8.000066666666667, Loss=35205.41103841819
Iteration 40000: T=7.3334, Loss=35199.89993521734
Iteration 50000: T=6.666733333333333, Loss=35198.27963546683
Iteration 60000: T=6.000066666666667, Loss=35189.033766162436
Iteration 70000: T=5.333399999999999, Loss=35193.33275455703
Iteration 80000: T=4.666733333333334, Loss=35185.81785999735
Iteration 90000: T=4.000066666666666, Loss=35196.86942385757
Iteration 100000: T=3.3333999999999997, Loss=35183.51413258988
Iteration 110000: T=2.666733333333333, Loss=35184.52204199625
Iteration 120000: T=2.0000666666666667, Loss=35189.47464791978
Iteration 130000: T=1.3334000000000001, Loss=35180.96940629421
Iteration 140000: T=0.6667333333333336, Loss=35180.56619762427
Iteration 150000: T=6.666666666710341e-05, Loss=35176.368647534924
Initial loss: 36318.864520458585
Iteration 10000: T=9.333400000000001, Loss=35218.61686586755
Iteration 20000: T=8.666733333333333, Loss=35188.900888241194
Iteration 30000: T=8.000066666666667, Loss=35211.01250690742
Iteration 40000: T=7.3334, Loss=35188.86307221027
Iteration 50000: T=6.666733333333333, Loss=35198.13612347645
Iteration 60000: T=6.000066666666667, Loss=35205.08746321724
Iteration 70000: T=5.333399999999999, Loss=35196.58252545508
Iteration 80000: T=4.666733333333334, Loss=35189.977868343165
Iteration 90000: T=4.000066666666666, Loss=35189.81554099827
Iteration 100000: T=3.3333999999999997, Loss=35192.09114136327
Iteration 110000: T=2.666733333333333, Loss=35190.882910569344
Iteration 120000: T=2.0000666666666667, Loss=35190.238241952866
Iteration 130000: T=1.3334000000000001, Loss=35187.65743384739
Iteration 140000: T=0.6667333333333336, Loss=35184.17911059039
Iteration 150000: T=6.666666666710341e-05, Loss=35182.70358025361
Initial loss: 38297.55596328233
Iteration 10000: T=9.333400000000001, Loss=35224.52827893944
Iteration 20000: T=8.666733333333333, Loss=35223.911734920235
Iteration 30000: T=8.000066666666667, Loss=35190.705045496245
Iteration 40000: T=7.3334, Loss=35198.88185258345
Iteration 50000: T=6.666733333333333, Loss=35195.23444695385
Iteration 60000: T=6.000066666666667, Loss=35188.66685740737
Iteration 70000: T=5.333399999999999, Loss=35188.636040485864
Iteration 80000: T=4.666733333333334, Loss=35186.18864622447
Iteration 90000: T=4.000066666666666, Loss=35183.32978362117
Iteration 100000: T=3.3333999999999997, Loss=35183.70754767268
Iteration 110000: T=2.666733333333333, Loss=35180.3618171987
Iteration 120000: T=2.0000666666666667, Loss=35180.26171362004
Iteration 130000: T=1.3334000000000001, Loss=35187.92805941154
Iteration 140000: T=0.6667333333333336, Loss=35182.34159317106
Iteration 150000: T=6.666666666710341e-05, Loss=35180.26921801949
Initial loss: 37138.1671162799
Iteration 10000: T=9.333400000000001, Loss=35191.2741809466
Iteration 20000: T=8.666733333333333, Loss=35196.5042830837
Iteration 30000: T=8.000066666666667, Loss=35188.87474995093
Iteration 40000: T=7.3334, Loss=35188.82100479125
Iteration 50000: T=6.666733333333333, Loss=35192.19934081644
Iteration 60000: T=6.000066666666667, Loss=35188.140861099426
Iteration 70000: T=5.333399999999999, Loss=35193.593212179956
Iteration 80000: T=4.666733333333334, Loss=35191.12348976259
Iteration 90000: T=4.000066666666666, Loss=35183.297516270715
Iteration 100000: T=3.3333999999999997, Loss=35184.421979832776
Iteration 110000: T=2.666733333333333, Loss=35179.92353719904
Iteration 120000: T=2.0000666666666667, Loss=35177.58001855387
Iteration 130000: T=1.3334000000000001, Loss=35175.60307735824
Iteration 140000: T=0.6667333333333336, Loss=35176.52446247243
Iteration 150000: T=6.666666666710341e-05, Loss=35174.97306319996
Center of mass parameters: [ 1.80953344e+03  7.37816552e-01  5.75454846e+00  1.82261094e+03
  3.82264769e-01  4.80988801e+00  1.83158233e+03  1.71842611e-01
  6.36690625e+00  1.84303378e+03  1.30981619e+00  5.23753866e+00
  1.85532557e+03  2.10508178e-01  4.69578879e+00  1.86718350e+03
 -1.86877671e-01  3.59738232e+00  1.87768141e+03 -9.79620966e-04
  5.73927733e+00  1.88904944e+03  5.37484942e-02  6.11937459e+00
  1.90224211e+03  1.05273068e+00  3.98858824e+00  1.91334809e+03
  1.73063401e-01  4.24856216e+00]
Final MSE: 35181.12501734167
R² = 0.00
