Initial loss: 40194.75626336267
Iteration 10000: T=9.0001, Loss=35192.9308770573
Iteration 20000: T=8.0001, Loss=35194.377102556704
Iteration 30000: T=7.0001, Loss=35192.66225821294
Iteration 40000: T=6.0001, Loss=35189.36308060093
Iteration 50000: T=5.000100000000001, Loss=35186.94169412261
Iteration 60000: T=4.0001, Loss=35188.43211669574
Iteration 70000: T=3.0000999999999998, Loss=35190.76297485466
Iteration 80000: T=2.0001, Loss=35186.159438121074
Iteration 90000: T=1.0001000000000004, Loss=35185.100821714936
Iteration 100000: T=9.99999999995449e-05, Loss=35183.89584545131
Tuning complete. MSE at tuned parameters: 35183.89584545131
Initial loss: 39623.30645967402
Iteration 10000: T=9.333400000000001, Loss=35189.614553466236
Iteration 20000: T=8.666733333333333, Loss=35187.59664144302
Iteration 30000: T=8.000066666666667, Loss=35186.655981314645
Iteration 40000: T=7.3334, Loss=35193.83610997056
Iteration 50000: T=6.666733333333333, Loss=35190.37996579233
Iteration 60000: T=6.000066666666667, Loss=35187.256075287434
Iteration 70000: T=5.333399999999999, Loss=35188.35082001202
Iteration 80000: T=4.666733333333334, Loss=35181.006301883615
Iteration 90000: T=4.000066666666666, Loss=35179.079814897574
Iteration 100000: T=3.3333999999999997, Loss=35186.82507002253
Iteration 110000: T=2.666733333333333, Loss=35176.27419917848
Iteration 120000: T=2.0000666666666667, Loss=35173.374459204344
Iteration 130000: T=1.3334000000000001, Loss=35169.5342638877
Iteration 140000: T=0.6667333333333336, Loss=35168.0706886115
Iteration 150000: T=6.666666666710341e-05, Loss=35165.66355633091
Initial loss: 76408.8418528819
Iteration 10000: T=9.333400000000001, Loss=35188.9340670261
Iteration 20000: T=8.666733333333333, Loss=35190.67781671807
Iteration 30000: T=8.000066666666667, Loss=35192.75135170693
Iteration 40000: T=7.3334, Loss=35190.2151185492
Iteration 50000: T=6.666733333333333, Loss=35188.30017102101
Iteration 60000: T=6.000066666666667, Loss=35185.66419517346
Iteration 70000: T=5.333399999999999, Loss=35185.653396771886
Iteration 80000: T=4.666733333333334, Loss=35188.02077245301
Iteration 90000: T=4.000066666666666, Loss=35186.5375478171
Iteration 100000: T=3.3333999999999997, Loss=35181.4257044253
Iteration 110000: T=2.666733333333333, Loss=35190.094286849904
Iteration 120000: T=2.0000666666666667, Loss=35188.77842055184
Iteration 130000: T=1.3334000000000001, Loss=35186.685557969344
Iteration 140000: T=0.6667333333333336, Loss=35183.551333842486
Iteration 150000: T=6.666666666710341e-05, Loss=35180.937549634975
Initial loss: 37072.59327400263
Iteration 10000: T=9.333400000000001, Loss=35178.72614496192
Iteration 20000: T=8.666733333333333, Loss=35204.02140909402
Iteration 30000: T=8.000066666666667, Loss=35176.73875226729
Iteration 40000: T=7.3334, Loss=35184.7094024853
Iteration 50000: T=6.666733333333333, Loss=35179.22864808691
Iteration 60000: T=6.000066666666667, Loss=35188.78390963513
Iteration 70000: T=5.333399999999999, Loss=35195.34027852168
Iteration 80000: T=4.666733333333334, Loss=35178.53323232265
Iteration 90000: T=4.000066666666666, Loss=35179.1648697263
Iteration 100000: T=3.3333999999999997, Loss=35185.73356393939
Iteration 110000: T=2.666733333333333, Loss=35182.46296096359
Iteration 120000: T=2.0000666666666667, Loss=35172.833919933364
Iteration 130000: T=1.3334000000000001, Loss=35176.33974651638
Iteration 140000: T=0.6667333333333336, Loss=35175.573834035065
Iteration 150000: T=6.666666666710341e-05, Loss=35170.57954967713
Initial loss: 36799.45481417605
Iteration 10000: T=9.333400000000001, Loss=35193.399810733186
Iteration 20000: T=8.666733333333333, Loss=35182.6114214765
Iteration 30000: T=8.000066666666667, Loss=35187.703291517086
Iteration 40000: T=7.3334, Loss=35181.05347341469
Iteration 50000: T=6.666733333333333, Loss=35187.69209260786
Iteration 60000: T=6.000066666666667, Loss=35191.477211872945
Iteration 70000: T=5.333399999999999, Loss=35180.3459324953
Iteration 80000: T=4.666733333333334, Loss=35197.57352489203
Iteration 90000: T=4.000066666666666, Loss=35184.01687693062
Iteration 100000: T=3.3333999999999997, Loss=35177.172312254654
Iteration 110000: T=2.666733333333333, Loss=35180.02645454591
Iteration 120000: T=2.0000666666666667, Loss=35178.68356556527
Iteration 130000: T=1.3334000000000001, Loss=35177.816761619906
Iteration 140000: T=0.6667333333333336, Loss=35174.45985120962
Iteration 150000: T=6.666666666710341e-05, Loss=35172.62478281843
Initial loss: 36018.87336296384
Iteration 10000: T=9.333400000000001, Loss=35193.03072509224
Iteration 20000: T=8.666733333333333, Loss=35196.09741808149
Iteration 30000: T=8.000066666666667, Loss=35201.512797340954
Iteration 40000: T=7.3334, Loss=35197.34876609715
Iteration 50000: T=6.666733333333333, Loss=35197.495905136726
Iteration 60000: T=6.000066666666667, Loss=35190.70537137175
Iteration 70000: T=5.333399999999999, Loss=35183.66701755188
Iteration 80000: T=4.666733333333334, Loss=35187.363468168136
Iteration 90000: T=4.000066666666666, Loss=35180.57284148303
Iteration 100000: T=3.3333999999999997, Loss=35180.383792949426
Iteration 110000: T=2.666733333333333, Loss=35182.46987207484
Iteration 120000: T=2.0000666666666667, Loss=35182.86537599159
Iteration 130000: T=1.3334000000000001, Loss=35176.10906411726
Iteration 140000: T=0.6667333333333336, Loss=35175.04370126438
Iteration 150000: T=6.666666666710341e-05, Loss=35171.15416585036
Center of mass parameters: [ 1.80975374e+03  3.27092931e-01  5.06237015e+00  1.82201300e+03
  5.56076882e-01  5.33257013e+00  1.83303540e+03  7.14710278e-01
  4.68626753e+00  1.84227084e+03 -5.73372886e-01  4.74335808e+00
  1.85544338e+03  2.06016031e-01  4.60006032e+00  1.86621050e+03
  3.77464955e-01  6.27574791e+00  1.87852154e+03  9.80980320e-01
  5.15711588e+00  1.89018375e+03  9.50631049e-01  4.88816413e+00
  1.90062390e+03  1.11838038e+00  5.34793137e+00  1.91236329e+03
  7.97090493e-01  5.49309700e+00]
Final MSE: 35175.92841252082
R² = 0.05
Initial loss: 40194.75626336267
Iteration 10000: T=9.0001, Loss=35202.84318644623
Iteration 20000: T=8.0001, Loss=35204.83418386062
Iteration 30000: T=7.0001, Loss=35195.36237445829
Iteration 40000: T=6.0001, Loss=35197.25405508021
Iteration 50000: T=5.000100000000001, Loss=35187.1802641051
Iteration 60000: T=4.0001, Loss=35186.30058734005
Iteration 70000: T=3.0000999999999998, Loss=35194.25708584619
Iteration 80000: T=2.0001, Loss=35183.47441590603
Iteration 90000: T=1.0001000000000004, Loss=35178.7790674612
Iteration 100000: T=9.99999999995449e-05, Loss=35175.8630342662
Tuning complete. MSE at tuned parameters: 35175.8630342662
Initial loss: 38109.24395106981
Iteration 10000: T=9.333400000000001, Loss=35183.00923705745
Iteration 20000: T=8.666733333333333, Loss=35181.012725169574
Iteration 30000: T=8.000066666666667, Loss=35182.24917089319
Iteration 40000: T=7.3334, Loss=35181.76541793747
Iteration 50000: T=6.666733333333333, Loss=35182.537429163865
Iteration 60000: T=6.000066666666667, Loss=35186.60355694737
Iteration 70000: T=5.333399999999999, Loss=35182.12938011974
Iteration 80000: T=4.666733333333334, Loss=35180.253622909695
Iteration 90000: T=4.000066666666666, Loss=35175.388476628854
Iteration 100000: T=3.3333999999999997, Loss=35177.25356521212
Iteration 110000: T=2.666733333333333, Loss=35182.132904932965
Iteration 120000: T=2.0000666666666667, Loss=35181.16186405938
Iteration 130000: T=1.3334000000000001, Loss=35179.63287151373
Iteration 140000: T=0.6667333333333336, Loss=35175.45313477428
Iteration 150000: T=6.666666666710341e-05, Loss=35170.57830070508
Initial loss: 39633.29180128445
Iteration 10000: T=9.333400000000001, Loss=35188.57280285835
Iteration 20000: T=8.666733333333333, Loss=35180.21584272479
Iteration 30000: T=8.000066666666667, Loss=35184.39231152294
Iteration 40000: T=7.3334, Loss=35186.534184925375
Iteration 50000: T=6.666733333333333, Loss=35188.57756772552
Iteration 60000: T=6.000066666666667, Loss=35179.21446662997
Iteration 70000: T=5.333399999999999, Loss=35176.406794293864
Iteration 80000: T=4.666733333333334, Loss=35179.18516352791
Iteration 90000: T=4.000066666666666, Loss=35196.142027829745
Iteration 100000: T=3.3333999999999997, Loss=35183.53857697629
Iteration 110000: T=2.666733333333333, Loss=35185.0495821724
Iteration 120000: T=2.0000666666666667, Loss=35176.334898741276
Iteration 130000: T=1.3334000000000001, Loss=35172.65378438903
Iteration 140000: T=0.6667333333333336, Loss=35171.132043641046
Iteration 150000: T=6.666666666710341e-05, Loss=35169.63134898882
Initial loss: 77283.26516328235
Iteration 10000: T=9.333400000000001, Loss=35188.47153180707
Iteration 20000: T=8.666733333333333, Loss=35182.42793854247
Iteration 30000: T=8.000066666666667, Loss=35198.4130914911
Iteration 40000: T=7.3334, Loss=35180.276989447855
Iteration 50000: T=6.666733333333333, Loss=35180.427351094535
Iteration 60000: T=6.000066666666667, Loss=35184.46397377728
Iteration 70000: T=5.333399999999999, Loss=35180.721361346106
Iteration 80000: T=4.666733333333334, Loss=35199.98484944119
Iteration 90000: T=4.000066666666666, Loss=35179.17078595774
Iteration 100000: T=3.3333999999999997, Loss=35176.69106866845
Iteration 110000: T=2.666733333333333, Loss=35179.20128548882
Iteration 120000: T=2.0000666666666667, Loss=35185.33576158994
Iteration 130000: T=1.3334000000000001, Loss=35173.30441690419
Iteration 140000: T=0.6667333333333336, Loss=35171.82912420568
Iteration 150000: T=6.666666666710341e-05, Loss=35169.87165276377
Initial loss: 43940.15874382244
Iteration 10000: T=9.333400000000001, Loss=35184.977140515824
Iteration 20000: T=8.666733333333333, Loss=35183.23471164598
Iteration 30000: T=8.000066666666667, Loss=35174.924887262816
Iteration 40000: T=7.3334, Loss=35184.830273088985
Iteration 50000: T=6.666733333333333, Loss=35172.07929446409
Iteration 60000: T=6.000066666666667, Loss=35170.009859141304
Iteration 70000: T=5.333399999999999, Loss=35170.767045842906
Iteration 80000: T=4.666733333333334, Loss=35189.85752897702
Iteration 90000: T=4.000066666666666, Loss=35180.08164724749
Iteration 100000: T=3.3333999999999997, Loss=35171.65047534659
Iteration 110000: T=2.666733333333333, Loss=35175.15186740177
Iteration 120000: T=2.0000666666666667, Loss=35173.500954900584
Iteration 130000: T=1.3334000000000001, Loss=35172.59994284083
Iteration 140000: T=0.6667333333333336, Loss=35170.753209283714
Iteration 150000: T=6.666666666710341e-05, Loss=35169.26495121444
Initial loss: 39077.68005038015
Iteration 10000: T=9.333400000000001, Loss=35186.07112687075
Iteration 20000: T=8.666733333333333, Loss=35202.29793879921
Iteration 30000: T=8.000066666666667, Loss=35185.36143603224
Iteration 40000: T=7.3334, Loss=35179.35879666709
Iteration 50000: T=6.666733333333333, Loss=35175.951044724505
Iteration 60000: T=6.000066666666667, Loss=35180.900584505296
Iteration 70000: T=5.333399999999999, Loss=35172.65875042226
Iteration 80000: T=4.666733333333334, Loss=35171.62490509711
Iteration 90000: T=4.000066666666666, Loss=35177.07514902534
Iteration 100000: T=3.3333999999999997, Loss=35171.03067159722
Iteration 110000: T=2.666733333333333, Loss=35173.091125024446
Iteration 120000: T=2.0000666666666667, Loss=35173.79380777085
Iteration 130000: T=1.3334000000000001, Loss=35168.85713646879
Iteration 140000: T=0.6667333333333336, Loss=35166.1699783138
Iteration 150000: T=6.666666666710341e-05, Loss=35164.865068623105
Center of mass parameters: [ 1.80960289e+03  1.82162223e+00  4.85690754e+00  1.82350616e+03
 -8.19675542e-02  4.90341729e+00  1.83315894e+03  8.95129403e-01
  5.76893377e+00  1.84260425e+03 -7.03178500e-03  4.15699885e+00
  1.85544099e+03  2.06040267e-01  4.60123405e+00  1.86698363e+03
  1.10322045e+00  3.68506731e+00  1.87739309e+03  5.25871459e-01
  5.11820931e+00  1.88812958e+03 -1.15473199e-01  3.98140392e+00
  1.90011623e+03  1.97883826e+00  4.74614696e+00  1.91256160e+03
  1.41580635e-01  5.99094057e+00]
Final MSE: 35172.192943197224
R² = 0.00
Initial loss: 40194.75626336267
Iteration 10000: T=9.0001, Loss=35215.89931820171
Iteration 20000: T=8.0001, Loss=35200.02970513458
Iteration 30000: T=7.0001, Loss=35210.33194385669
Iteration 40000: T=6.0001, Loss=35197.67198196302
Iteration 50000: T=5.000100000000001, Loss=35200.20139944491
Iteration 60000: T=4.0001, Loss=35194.46350162436
Iteration 70000: T=3.0000999999999998, Loss=35205.21909102086
Iteration 80000: T=2.0001, Loss=35193.543933813184
Iteration 90000: T=1.0001000000000004, Loss=35195.10717451351
Iteration 100000: T=9.99999999995449e-05, Loss=35189.032692379296
Tuning complete. MSE at tuned parameters: 35189.032692379296
Initial loss: 38350.09338050182
Iteration 10000: T=9.333400000000001, Loss=35212.751264121005
Iteration 20000: T=8.666733333333333, Loss=35196.88195514091
Iteration 30000: T=8.000066666666667, Loss=35193.906629469304
Iteration 40000: T=7.3334, Loss=35194.95521528952
Iteration 50000: T=6.666733333333333, Loss=35187.179086909964
Iteration 60000: T=6.000066666666667, Loss=35196.37241907243
Iteration 70000: T=5.333399999999999, Loss=35185.19430968901
Iteration 80000: T=4.666733333333334, Loss=35184.09842511857
Iteration 90000: T=4.000066666666666, Loss=35183.937040296034
Iteration 100000: T=3.3333999999999997, Loss=35190.09489310872
Iteration 110000: T=2.666733333333333, Loss=35189.09074036173
Iteration 120000: T=2.0000666666666667, Loss=35182.931271604255
Iteration 130000: T=1.3334000000000001, Loss=35184.748190109334
Iteration 140000: T=0.6667333333333336, Loss=35184.805829997276
Iteration 150000: T=6.666666666710341e-05, Loss=35180.137721016814
Initial loss: 35722.90525642686
Iteration 10000: T=9.333400000000001, Loss=35191.81256306052
Iteration 20000: T=8.666733333333333, Loss=35191.01705152716
Iteration 30000: T=8.000066666666667, Loss=35189.820228198856
Iteration 40000: T=7.3334, Loss=35195.41383974521
Iteration 50000: T=6.666733333333333, Loss=35196.95566549083
Iteration 60000: T=6.000066666666667, Loss=35198.33326712542
Iteration 70000: T=5.333399999999999, Loss=35203.816575950084
Iteration 80000: T=4.666733333333334, Loss=35188.64290628278
Iteration 90000: T=4.000066666666666, Loss=35191.812789643394
Iteration 100000: T=3.3333999999999997, Loss=35193.43374084613
Iteration 110000: T=2.666733333333333, Loss=35191.01530479709
Iteration 120000: T=2.0000666666666667, Loss=35186.8153409038
Iteration 130000: T=1.3334000000000001, Loss=35189.04571779732
Iteration 140000: T=0.6667333333333336, Loss=35185.36588522542
Iteration 150000: T=6.666666666710341e-05, Loss=35181.497620228474
Initial loss: 35659.27004214424
Iteration 10000: T=9.333400000000001, Loss=35204.19751645266
Iteration 20000: T=8.666733333333333, Loss=35190.86853310087
Iteration 30000: T=8.000066666666667, Loss=35196.27515895783
Iteration 40000: T=7.3334, Loss=35186.96540677451
Iteration 50000: T=6.666733333333333, Loss=35218.61501985047
Iteration 60000: T=6.000066666666667, Loss=35190.3563551785
Iteration 70000: T=5.333399999999999, Loss=35193.351931449564
Iteration 80000: T=4.666733333333334, Loss=35189.272845160514
Iteration 90000: T=4.000066666666666, Loss=35184.366268990896
Iteration 100000: T=3.3333999999999997, Loss=35186.170897362485
Iteration 110000: T=2.666733333333333, Loss=35189.72418845406
Iteration 120000: T=2.0000666666666667, Loss=35185.74299287229
Iteration 130000: T=1.3334000000000001, Loss=35182.87749160694
Iteration 140000: T=0.6667333333333336, Loss=35181.13858100803
Iteration 150000: T=6.666666666710341e-05, Loss=35176.67827128678
Initial loss: 35324.59444216975
Iteration 10000: T=9.333400000000001, Loss=35198.4661537943
Iteration 20000: T=8.666733333333333, Loss=35202.11888652965
Iteration 30000: T=8.000066666666667, Loss=35232.08234337677
Iteration 40000: T=7.3334, Loss=35191.45653103198
Iteration 50000: T=6.666733333333333, Loss=35211.40935745605
Iteration 60000: T=6.000066666666667, Loss=35187.104651001086
Iteration 70000: T=5.333399999999999, Loss=35181.03351331724
Iteration 80000: T=4.666733333333334, Loss=35181.851329443096
Iteration 90000: T=4.000066666666666, Loss=35185.694670366705
Iteration 100000: T=3.3333999999999997, Loss=35189.522670401144
Iteration 110000: T=2.666733333333333, Loss=35190.1474993187
Iteration 120000: T=2.0000666666666667, Loss=35184.64556908416
Iteration 130000: T=1.3334000000000001, Loss=35183.78813902419
Iteration 140000: T=0.6667333333333336, Loss=35178.11207849128
Iteration 150000: T=6.666666666710341e-05, Loss=35175.45179274453
Initial loss: 35547.915385866814
Iteration 10000: T=9.333400000000001, Loss=35186.53039666407
Iteration 20000: T=8.666733333333333, Loss=35183.87987571433
Iteration 30000: T=8.000066666666667, Loss=35182.45525905397
Iteration 40000: T=7.3334, Loss=35179.58139285873
Iteration 50000: T=6.666733333333333, Loss=35176.081338807075
Iteration 60000: T=6.000066666666667, Loss=35178.7338742727
Iteration 70000: T=5.333399999999999, Loss=35174.98990637185
Iteration 80000: T=4.666733333333334, Loss=35172.98880309782
Iteration 90000: T=4.000066666666666, Loss=35170.998597887134
Iteration 100000: T=3.3333999999999997, Loss=35168.92685403643
Iteration 110000: T=2.666733333333333, Loss=35177.42589778226
Iteration 120000: T=2.0000666666666667, Loss=35175.88162385866
Iteration 130000: T=1.3334000000000001, Loss=35170.71942846819
Iteration 140000: T=0.6667333333333336, Loss=35168.402115707235
Iteration 150000: T=6.666666666710341e-05, Loss=35165.679948502984
Center of mass parameters: [ 1.81054397e+03 -1.12655714e-01  4.55009100e+00  1.82301547e+03
  6.86219556e-02  5.95379078e+00  1.83315478e+03  1.04434492e+00
  4.56483408e+00  1.84312709e+03  3.49931043e-02  4.07093631e+00
  1.85492160e+03  2.25343568e-01  5.01328837e+00  1.86523177e+03
  9.84837098e-01  4.51471629e+00  1.87805561e+03  9.62586331e-01
  5.75892534e+00  1.88915238e+03 -1.27574839e-01  4.67019214e+00
  1.90125243e+03 -4.20238243e-01  4.20535648e+00  1.91165139e+03
  9.21685517e-01  3.58518499e+00]
Final MSE: 35180.359681592054
R² = 0.00
Initial loss: 40194.75626336267
Iteration 10000: T=9.0001, Loss=35231.71526513307
Iteration 20000: T=8.0001, Loss=35197.14496940335
Iteration 30000: T=7.0001, Loss=35203.29688329235
Iteration 40000: T=6.0001, Loss=35196.226631384954
Iteration 50000: T=5.000100000000001, Loss=35201.681432714475
Iteration 60000: T=4.0001, Loss=35191.54767928143
Iteration 70000: T=3.0000999999999998, Loss=35187.53230041849
Iteration 80000: T=2.0001, Loss=35185.27510913854
Iteration 90000: T=1.0001000000000004, Loss=35186.36652898274
Iteration 100000: T=9.99999999995449e-05, Loss=35182.6517598236
Tuning complete. MSE at tuned parameters: 35182.6517598236
Initial loss: 36429.75047858608
Iteration 10000: T=9.333400000000001, Loss=35193.38225195097
Iteration 20000: T=8.666733333333333, Loss=35182.856181939824
Iteration 30000: T=8.000066666666667, Loss=35200.847207100036
Iteration 40000: T=7.3334, Loss=35180.96791662348
Iteration 50000: T=6.666733333333333, Loss=35183.69312761224
Iteration 60000: T=6.000066666666667, Loss=35187.87078015779
Iteration 70000: T=5.333399999999999, Loss=35185.1638881673
Iteration 80000: T=4.666733333333334, Loss=35187.41525473474
Iteration 90000: T=4.000066666666666, Loss=35188.59234401923
Iteration 100000: T=3.3333999999999997, Loss=35184.591771836254
Iteration 110000: T=2.666733333333333, Loss=35183.22809655094
Iteration 120000: T=2.0000666666666667, Loss=35179.74702504525
Iteration 130000: T=1.3334000000000001, Loss=35175.44135529306
Iteration 140000: T=0.6667333333333336, Loss=35175.000666258224
Iteration 150000: T=6.666666666710341e-05, Loss=35171.08797554167
Initial loss: 47283.36450501662
Iteration 10000: T=9.333400000000001, Loss=35201.708173384584
Iteration 20000: T=8.666733333333333, Loss=35193.148257885354
Iteration 30000: T=8.000066666666667, Loss=35181.163426121006
Iteration 40000: T=7.3334, Loss=35185.723195498445
Iteration 50000: T=6.666733333333333, Loss=35198.646137100615
Iteration 60000: T=6.000066666666667, Loss=35204.0901743495
Iteration 70000: T=5.333399999999999, Loss=35184.187615497685
Iteration 80000: T=4.666733333333334, Loss=35184.02353394251
Iteration 90000: T=4.000066666666666, Loss=35187.229022806
Iteration 100000: T=3.3333999999999997, Loss=35186.07109241671
Iteration 110000: T=2.666733333333333, Loss=35185.878824864674
Iteration 120000: T=2.0000666666666667, Loss=35185.764663459166
Iteration 130000: T=1.3334000000000001, Loss=35180.339538131
Iteration 140000: T=0.6667333333333336, Loss=35176.06678451116
Iteration 150000: T=6.666666666710341e-05, Loss=35172.484902281365
Initial loss: 35696.80176924955
Iteration 10000: T=9.333400000000001, Loss=35194.40479049982
Iteration 20000: T=8.666733333333333, Loss=35179.55240700201
Iteration 30000: T=8.000066666666667, Loss=35210.743992851436
Iteration 40000: T=7.3334, Loss=35186.88370808764
Iteration 50000: T=6.666733333333333, Loss=35201.876353752
Iteration 60000: T=6.000066666666667, Loss=35175.16617727882
Iteration 70000: T=5.333399999999999, Loss=35177.85559235441
Iteration 80000: T=4.666733333333334, Loss=35178.55609486669
Iteration 90000: T=4.000066666666666, Loss=35171.79597713734
Iteration 100000: T=3.3333999999999997, Loss=35164.79724085465
Iteration 110000: T=2.666733333333333, Loss=35161.57437220663
Iteration 120000: T=2.0000666666666667, Loss=35164.43623907964
Iteration 130000: T=1.3334000000000001, Loss=35164.51404378456
Iteration 140000: T=0.6667333333333336, Loss=35164.89410084691
Iteration 150000: T=6.666666666710341e-05, Loss=35162.89968868848
Initial loss: 110932.8663614505
Iteration 10000: T=9.333400000000001, Loss=35199.530253129866
Iteration 20000: T=8.666733333333333, Loss=35180.22009761403
Iteration 30000: T=8.000066666666667, Loss=35180.643636321794
Iteration 40000: T=7.3334, Loss=35178.15824018342
Iteration 50000: T=6.666733333333333, Loss=35182.43991565632
Iteration 60000: T=6.000066666666667, Loss=35177.66297683933
Iteration 70000: T=5.333399999999999, Loss=35177.07567274043
Iteration 80000: T=4.666733333333334, Loss=35175.85338600973
Iteration 90000: T=4.000066666666666, Loss=35181.88532558311
Iteration 100000: T=3.3333999999999997, Loss=35177.75081859854
Iteration 110000: T=2.666733333333333, Loss=35174.457814498724
Iteration 120000: T=2.0000666666666667, Loss=35171.656367682066
Iteration 130000: T=1.3334000000000001, Loss=35170.59051045505
Iteration 140000: T=0.6667333333333336, Loss=35171.23706116908
Iteration 150000: T=6.666666666710341e-05, Loss=35168.08534355466
Initial loss: 37306.16961315978
Iteration 10000: T=9.333400000000001, Loss=35184.42430481085
Iteration 20000: T=8.666733333333333, Loss=35188.13893709294
Iteration 30000: T=8.000066666666667, Loss=35188.160941507704
Iteration 40000: T=7.3334, Loss=35190.797880881604
Iteration 50000: T=6.666733333333333, Loss=35194.05875199376
Iteration 60000: T=6.000066666666667, Loss=35190.528878324636
Iteration 70000: T=5.333399999999999, Loss=35188.677497378114
Iteration 80000: T=4.666733333333334, Loss=35195.39857953497
Iteration 90000: T=4.000066666666666, Loss=35184.27717575638
Iteration 100000: T=3.3333999999999997, Loss=35187.5263703696
Iteration 110000: T=2.666733333333333, Loss=35181.35855991998
Iteration 120000: T=2.0000666666666667, Loss=35181.950385678516
Iteration 130000: T=1.3334000000000001, Loss=35180.83356669466
Iteration 140000: T=0.6667333333333336, Loss=35175.03825143125
Iteration 150000: T=6.666666666710341e-05, Loss=35170.492077878655
Center of mass parameters: [ 1.80909524e+03  8.87622980e-01  5.19726033e+00  1.82296063e+03
  1.38594869e+00  5.21738014e+00  1.83331537e+03  7.49266213e-01
  4.90668857e+00  1.84124277e+03  6.47311974e-01  4.72403326e+00
  1.85496806e+03  2.23841433e-01  4.98027908e+00  1.86529705e+03
  2.46310067e-01  4.52611019e+00  1.87718919e+03  3.79310283e-01
  4.72535335e+00  1.88961688e+03  2.80541443e-01  3.99715076e+00
  1.90205904e+03  1.30733262e+00  5.13486812e+00  1.91270401e+03
 -1.78230647e-01  4.67194151e+00]
Final MSE: 35173.826423002574
R² = 0.43
Initial loss: 40194.75626336267
Iteration 10000: T=9.0001, Loss=35195.39348969499
Iteration 20000: T=8.0001, Loss=35199.17020841084
Iteration 30000: T=7.0001, Loss=35193.58346448882
Iteration 40000: T=6.0001, Loss=35195.694992095414
Iteration 50000: T=5.000100000000001, Loss=35193.08184596809
Iteration 60000: T=4.0001, Loss=35195.027085674614
Iteration 70000: T=3.0000999999999998, Loss=35189.20509350902
Iteration 80000: T=2.0001, Loss=35185.66426758528
Iteration 90000: T=1.0001000000000004, Loss=35189.71434928745
Iteration 100000: T=9.99999999995449e-05, Loss=35186.24403065469
Tuning complete. MSE at tuned parameters: 35186.24403065469
Initial loss: 35332.91582045708
Iteration 10000: T=9.333400000000001, Loss=35190.22072393801
Iteration 20000: T=8.666733333333333, Loss=35187.6506816313
Iteration 30000: T=8.000066666666667, Loss=35192.934527160935
Iteration 40000: T=7.3334, Loss=35190.44579651311
Iteration 50000: T=6.666733333333333, Loss=35184.28216029614
Iteration 60000: T=6.000066666666667, Loss=35198.8601625288
Iteration 70000: T=5.333399999999999, Loss=35184.34955987681
Iteration 80000: T=4.666733333333334, Loss=35195.8057554663
Iteration 90000: T=4.000066666666666, Loss=35183.933922674645
Iteration 100000: T=3.3333999999999997, Loss=35175.8086427491
Iteration 110000: T=2.666733333333333, Loss=35178.426729234125
Iteration 120000: T=2.0000666666666667, Loss=35177.2678281452
Iteration 130000: T=1.3334000000000001, Loss=35175.330058325504
Iteration 140000: T=0.6667333333333336, Loss=35174.61764880617
Iteration 150000: T=6.666666666710341e-05, Loss=35169.81553189555
Initial loss: 35915.59462236998
Iteration 10000: T=9.333400000000001, Loss=35218.98766584447
Iteration 20000: T=8.666733333333333, Loss=35197.27185635093
Iteration 30000: T=8.000066666666667, Loss=35192.112897639025
Iteration 40000: T=7.3334, Loss=35193.91538720212
Iteration 50000: T=6.666733333333333, Loss=35201.07099467737
Iteration 60000: T=6.000066666666667, Loss=35189.5017818209
Iteration 70000: T=5.333399999999999, Loss=35190.639836469956
Iteration 80000: T=4.666733333333334, Loss=35187.81844593167
Iteration 90000: T=4.000066666666666, Loss=35191.49668300626
Iteration 100000: T=3.3333999999999997, Loss=35201.62328181145
Iteration 110000: T=2.666733333333333, Loss=35195.82416515484
Iteration 120000: T=2.0000666666666667, Loss=35188.34310272551
Iteration 130000: T=1.3334000000000001, Loss=35188.28046046748
Iteration 140000: T=0.6667333333333336, Loss=35186.62132092161
Iteration 150000: T=6.666666666710341e-05, Loss=35184.210475718064
Initial loss: 35771.43832628804
Iteration 10000: T=9.333400000000001, Loss=35192.2729591334
Iteration 20000: T=8.666733333333333, Loss=35183.83668836076
Iteration 30000: T=8.000066666666667, Loss=35186.571989826225
Iteration 40000: T=7.3334, Loss=35194.401112709726
Iteration 50000: T=6.666733333333333, Loss=35184.50837323989
Iteration 60000: T=6.000066666666667, Loss=35177.12420387881
Iteration 70000: T=5.333399999999999, Loss=35180.05051865523
Iteration 80000: T=4.666733333333334, Loss=35197.06099197578
Iteration 90000: T=4.000066666666666, Loss=35187.881256214176
Iteration 100000: T=3.3333999999999997, Loss=35178.11555557514
Iteration 110000: T=2.666733333333333, Loss=35175.525509232175
Iteration 120000: T=2.0000666666666667, Loss=35175.1732610026
Iteration 130000: T=1.3334000000000001, Loss=35172.19478203435
Iteration 140000: T=0.6667333333333336, Loss=35172.97836586098
Iteration 150000: T=6.666666666710341e-05, Loss=35168.67072750316
Initial loss: 41607.056411688245
Iteration 10000: T=9.333400000000001, Loss=35190.39731503183
Iteration 20000: T=8.666733333333333, Loss=35195.44491355757
Iteration 30000: T=8.000066666666667, Loss=35198.48881627187
Iteration 40000: T=7.3334, Loss=35207.59031286918
Iteration 50000: T=6.666733333333333, Loss=35200.83713736657
Iteration 60000: T=6.000066666666667, Loss=35207.878565797226
Iteration 70000: T=5.333399999999999, Loss=35195.71724583181
Iteration 80000: T=4.666733333333334, Loss=35201.67122943676
Iteration 90000: T=4.000066666666666, Loss=35191.785898451475
Iteration 100000: T=3.3333999999999997, Loss=35205.831717057
Iteration 110000: T=2.666733333333333, Loss=35199.230657526175
Iteration 120000: T=2.0000666666666667, Loss=35195.839677526186
Iteration 130000: T=1.3334000000000001, Loss=35193.80950885013
Iteration 140000: T=0.6667333333333336, Loss=35189.23918551613
Iteration 150000: T=6.666666666710341e-05, Loss=35185.191747924386
Initial loss: 36594.56400044813
Iteration 10000: T=9.333400000000001, Loss=35204.64842850156
Iteration 20000: T=8.666733333333333, Loss=35197.75168963152
Iteration 30000: T=8.000066666666667, Loss=35191.57129409965
Iteration 40000: T=7.3334, Loss=35187.40822334118
Iteration 50000: T=6.666733333333333, Loss=35182.97037256674
Iteration 60000: T=6.000066666666667, Loss=35186.578870654754
Iteration 70000: T=5.333399999999999, Loss=35190.253839230325
Iteration 80000: T=4.666733333333334, Loss=35182.08917032603
Iteration 90000: T=4.000066666666666, Loss=35187.606766994264
Iteration 100000: T=3.3333999999999997, Loss=35182.72474938082
Iteration 110000: T=2.666733333333333, Loss=35176.3294630527
Iteration 120000: T=2.0000666666666667, Loss=35177.25180488605
Iteration 130000: T=1.3334000000000001, Loss=35174.92024263889
Iteration 140000: T=0.6667333333333336, Loss=35170.40370577373
Iteration 150000: T=6.666666666710341e-05, Loss=35168.58386393637
Center of mass parameters: [1.80919796e+03 2.25317244e-01 4.22187667e+00 1.82217758e+03
 2.18643329e-01 3.99107871e+00 1.83319668e+03 1.26345984e-01
 6.16298481e+00 1.84165843e+03 9.51648208e-01 5.01680770e+00
 1.85532698e+03 2.10375782e-01 4.69448597e+00 1.86740301e+03
 2.49577760e-01 5.87531883e+00 1.87754272e+03 1.06281228e+00
 5.04590487e+00 1.89054461e+03 2.04805874e-01 4.85231806e+00
 1.90145964e+03 5.97392495e-01 4.16002932e+00 1.91239586e+03
 1.39783206e-01 4.52555023e+00]
Final MSE: 35178.494514896156
R² = 0.00
Initial loss: 40194.75626336267
Iteration 10000: T=9.0001, Loss=35206.18420663614
Iteration 20000: T=8.0001, Loss=35195.37784923137
Iteration 30000: T=7.0001, Loss=35187.09335897187
Iteration 40000: T=6.0001, Loss=35197.91708162481
Iteration 50000: T=5.000100000000001, Loss=35210.17214450395
Iteration 60000: T=4.0001, Loss=35187.49188059348
Iteration 70000: T=3.0000999999999998, Loss=35187.39525226991
Iteration 80000: T=2.0001, Loss=35181.55915375518
Iteration 90000: T=1.0001000000000004, Loss=35179.1413212851
Iteration 100000: T=9.99999999995449e-05, Loss=35174.8371774242
Tuning complete. MSE at tuned parameters: 35174.8371774242
Initial loss: 42647.06898447771
Iteration 10000: T=9.333400000000001, Loss=35173.47309047963
Iteration 20000: T=8.666733333333333, Loss=35185.92412765111
Iteration 30000: T=8.000066666666667, Loss=35192.86025699837
Iteration 40000: T=7.3334, Loss=35182.42937040766
Iteration 50000: T=6.666733333333333, Loss=35183.17963422016
Iteration 60000: T=6.000066666666667, Loss=35180.83067149577
Iteration 70000: T=5.333399999999999, Loss=35184.7556847306
Iteration 80000: T=4.666733333333334, Loss=35187.82063374899
Iteration 90000: T=4.000066666666666, Loss=35179.2862137475
Iteration 100000: T=3.3333999999999997, Loss=35184.882364654695
Iteration 110000: T=2.666733333333333, Loss=35183.745342773116
Iteration 120000: T=2.0000666666666667, Loss=35187.91104308611
Iteration 130000: T=1.3334000000000001, Loss=35184.93366975946
Iteration 140000: T=0.6667333333333336, Loss=35181.062993193795
Iteration 150000: T=6.666666666710341e-05, Loss=35174.46019620424
Initial loss: 35603.89974305799
Iteration 10000: T=9.333400000000001, Loss=35179.4034146905
Iteration 20000: T=8.666733333333333, Loss=35194.562500018554
Iteration 30000: T=8.000066666666667, Loss=35199.96282400136
Iteration 40000: T=7.3334, Loss=35186.84437207144
Iteration 50000: T=6.666733333333333, Loss=35196.87633461576
Iteration 60000: T=6.000066666666667, Loss=35191.389573395376
Iteration 70000: T=5.333399999999999, Loss=35185.2653393218
Iteration 80000: T=4.666733333333334, Loss=35191.57582270902
Iteration 90000: T=4.000066666666666, Loss=35202.23353337829
Iteration 100000: T=3.3333999999999997, Loss=35203.186230544656
Iteration 110000: T=2.666733333333333, Loss=35195.517888920345
Iteration 120000: T=2.0000666666666667, Loss=35185.65936924689
Iteration 130000: T=1.3334000000000001, Loss=35191.551628447945
Iteration 140000: T=0.6667333333333336, Loss=35182.802923657844
Iteration 150000: T=6.666666666710341e-05, Loss=35177.28567239013
Initial loss: 36956.93965752175
Iteration 10000: T=9.333400000000001, Loss=35171.064454295796
Iteration 20000: T=8.666733333333333, Loss=35168.0950658941
Iteration 30000: T=8.000066666666667, Loss=35173.164773778764
Iteration 40000: T=7.3334, Loss=35174.69874698232
Iteration 50000: T=6.666733333333333, Loss=35185.853960409404
Iteration 60000: T=6.000066666666667, Loss=35167.79635469172
Iteration 70000: T=5.333399999999999, Loss=35175.863204974135
Iteration 80000: T=4.666733333333334, Loss=35169.03892509729
Iteration 90000: T=4.000066666666666, Loss=35166.65562201233
Iteration 100000: T=3.3333999999999997, Loss=35167.94819198586
Iteration 110000: T=2.666733333333333, Loss=35167.10191945776
Iteration 120000: T=2.0000666666666667, Loss=35169.56017739823
Iteration 130000: T=1.3334000000000001, Loss=35166.201927155234
Iteration 140000: T=0.6667333333333336, Loss=35167.789805898
Iteration 150000: T=6.666666666710341e-05, Loss=35163.49425579767
Initial loss: 37033.76317478192
Iteration 10000: T=9.333400000000001, Loss=35171.97211671516
Iteration 20000: T=8.666733333333333, Loss=35176.885386654634
Iteration 30000: T=8.000066666666667, Loss=35201.135041666814
Iteration 40000: T=7.3334, Loss=35167.63494265558
Iteration 50000: T=6.666733333333333, Loss=35166.8393303851
Iteration 60000: T=6.000066666666667, Loss=35160.04591682848
Iteration 70000: T=5.333399999999999, Loss=35194.98732599878
Iteration 80000: T=4.666733333333334, Loss=35205.577709414676
Iteration 90000: T=4.000066666666666, Loss=35168.180960829806
Iteration 100000: T=3.3333999999999997, Loss=35166.767390961286
Iteration 110000: T=2.666733333333333, Loss=35162.580788809304
Iteration 120000: T=2.0000666666666667, Loss=35164.527675905585
Iteration 130000: T=1.3334000000000001, Loss=35161.48006996302
Iteration 140000: T=0.6667333333333336, Loss=35160.32539803853
Iteration 150000: T=6.666666666710341e-05, Loss=35156.7135223939
Initial loss: 53172.282217552674
Iteration 10000: T=9.333400000000001, Loss=35184.7360750945
Iteration 20000: T=8.666733333333333, Loss=35171.508836690315
Iteration 30000: T=8.000066666666667, Loss=35171.720991486276
Iteration 40000: T=7.3334, Loss=35166.622492588605
Iteration 50000: T=6.666733333333333, Loss=35174.16798633632
Iteration 60000: T=6.000066666666667, Loss=35161.22417002745
Iteration 70000: T=5.333399999999999, Loss=35158.78895284182
Iteration 80000: T=4.666733333333334, Loss=35156.257856217366
Iteration 90000: T=4.000066666666666, Loss=35156.08693084701
Iteration 100000: T=3.3333999999999997, Loss=35148.109075322864
Iteration 110000: T=2.666733333333333, Loss=35150.775964443514
Iteration 120000: T=2.0000666666666667, Loss=35153.47188474933
Iteration 130000: T=1.3334000000000001, Loss=35147.60721729819
Iteration 140000: T=0.6667333333333336, Loss=35146.67756428467
Iteration 150000: T=6.666666666710341e-05, Loss=35143.6005920671
Center of mass parameters: [ 1.80778209e+03  5.05871323e-01  5.19843771e+00  1.82244213e+03
 -1.45122926e-01  5.23319256e+00  1.83237818e+03 -7.41901522e-02
  4.77301383e+00  1.84246551e+03 -3.39616614e-02  5.39867216e+00
  1.85540412e+03  2.07103973e-01  4.62589663e+00  1.86548368e+03
  3.17750123e-01  5.49497411e+00  1.87729699e+03  4.89284184e-01
  4.90174126e+00  1.88932380e+03  7.43453175e-01  6.56182750e+00
  1.90126848e+03  7.37042474e-01  4.13287557e+00  1.91313169e+03
 -2.17042735e-01  5.24889299e+00]
Final MSE: 35163.56687680605
R² = 0.01
Initial loss: 40194.75626336267
Iteration 10000: T=9.0001, Loss=35186.03120314289
Iteration 20000: T=8.0001, Loss=35186.963100471825
Iteration 30000: T=7.0001, Loss=35183.58376166907
Iteration 40000: T=6.0001, Loss=35186.05417924086
Iteration 50000: T=5.000100000000001, Loss=35187.97019225257
Iteration 60000: T=4.0001, Loss=35189.23702728607
Iteration 70000: T=3.0000999999999998, Loss=35188.41788301525
Iteration 80000: T=2.0001, Loss=35191.9818237428
Iteration 90000: T=1.0001000000000004, Loss=35188.09180329804
Iteration 100000: T=9.99999999995449e-05, Loss=35183.881894784034
Tuning complete. MSE at tuned parameters: 35183.881894784034
Initial loss: 37274.87890926342
Iteration 10000: T=9.333400000000001, Loss=35180.0786846479
Iteration 20000: T=8.666733333333333, Loss=35184.62893893843
Iteration 30000: T=8.000066666666667, Loss=35194.812521260326
Iteration 40000: T=7.3334, Loss=35187.103779617246
Iteration 50000: T=6.666733333333333, Loss=35183.61179562599
Iteration 60000: T=6.000066666666667, Loss=35205.3987149558
Iteration 70000: T=5.333399999999999, Loss=35192.51109402349
Iteration 80000: T=4.666733333333334, Loss=35197.51976307118
Iteration 90000: T=4.000066666666666, Loss=35183.44457773174
Iteration 100000: T=3.3333999999999997, Loss=35192.5441776771
Iteration 110000: T=2.666733333333333, Loss=35187.51502592769
Iteration 120000: T=2.0000666666666667, Loss=35181.66043563372
Iteration 130000: T=1.3334000000000001, Loss=35182.30334904667
Iteration 140000: T=0.6667333333333336, Loss=35180.24047865632
Iteration 150000: T=6.666666666710341e-05, Loss=35178.045452731036
Initial loss: 35850.00883726265
Iteration 10000: T=9.333400000000001, Loss=35192.39075276539
Iteration 20000: T=8.666733333333333, Loss=35184.2542244719
Iteration 30000: T=8.000066666666667, Loss=35186.56289130944
Iteration 40000: T=7.3334, Loss=35181.32117818844
Iteration 50000: T=6.666733333333333, Loss=35182.93905685474
Iteration 60000: T=6.000066666666667, Loss=35182.957799918084
Iteration 70000: T=5.333399999999999, Loss=35176.914440121975
Iteration 80000: T=4.666733333333334, Loss=35173.23022134904
Iteration 90000: T=4.000066666666666, Loss=35173.09541288381
Iteration 100000: T=3.3333999999999997, Loss=35182.052493714815
Iteration 110000: T=2.666733333333333, Loss=35189.29532427555
Iteration 120000: T=2.0000666666666667, Loss=35176.11086195371
Iteration 130000: T=1.3334000000000001, Loss=35183.810955997695
Iteration 140000: T=0.6667333333333336, Loss=35176.044001460956
Iteration 150000: T=6.666666666710341e-05, Loss=35173.985171967804
Initial loss: 36342.841198476024
Iteration 10000: T=9.333400000000001, Loss=35185.36663457305
Iteration 20000: T=8.666733333333333, Loss=35185.09307441671
Iteration 30000: T=8.000066666666667, Loss=35182.61720927761
Iteration 40000: T=7.3334, Loss=35181.66198762848
Iteration 50000: T=6.666733333333333, Loss=35181.98103795988
Iteration 60000: T=6.000066666666667, Loss=35173.41158292208
Iteration 70000: T=5.333399999999999, Loss=35178.31833224469
Iteration 80000: T=4.666733333333334, Loss=35173.38695951236
Iteration 90000: T=4.000066666666666, Loss=35169.3243158199
Iteration 100000: T=3.3333999999999997, Loss=35170.11398701293
Iteration 110000: T=2.666733333333333, Loss=35170.3874644751
Iteration 120000: T=2.0000666666666667, Loss=35167.98180767372
Iteration 130000: T=1.3334000000000001, Loss=35166.75671010889
Iteration 140000: T=0.6667333333333336, Loss=35161.04704614801
Iteration 150000: T=6.666666666710341e-05, Loss=35156.398165887826
Initial loss: 39495.86684639335
Iteration 10000: T=9.333400000000001, Loss=35214.75791067526
Iteration 20000: T=8.666733333333333, Loss=35176.02849350835
Iteration 30000: T=8.000066666666667, Loss=35177.08632204842
Iteration 40000: T=7.3334, Loss=35175.47948937542
Iteration 50000: T=6.666733333333333, Loss=35171.36937845069
Iteration 60000: T=6.000066666666667, Loss=35175.589035610916
Iteration 70000: T=5.333399999999999, Loss=35167.29644850225
Iteration 80000: T=4.666733333333334, Loss=35169.393726584334
Iteration 90000: T=4.000066666666666, Loss=35173.37968059534
Iteration 100000: T=3.3333999999999997, Loss=35169.67723792682
Iteration 110000: T=2.666733333333333, Loss=35176.92669876276
Iteration 120000: T=2.0000666666666667, Loss=35180.336211177426
Iteration 130000: T=1.3334000000000001, Loss=35169.1954203142
Iteration 140000: T=0.6667333333333336, Loss=35168.669464005165
Iteration 150000: T=6.666666666710341e-05, Loss=35165.427139412466
Initial loss: 35197.165026232375
Iteration 10000: T=9.333400000000001, Loss=35208.06640617456
Iteration 20000: T=8.666733333333333, Loss=35182.78717354404
Iteration 30000: T=8.000066666666667, Loss=35176.39991228816
Iteration 40000: T=7.3334, Loss=35189.80102440024
Iteration 50000: T=6.666733333333333, Loss=35181.97404775256
Iteration 60000: T=6.000066666666667, Loss=35179.44517789531
Iteration 70000: T=5.333399999999999, Loss=35177.10091601766
Iteration 80000: T=4.666733333333334, Loss=35182.55990322168
Iteration 90000: T=4.000066666666666, Loss=35187.69967572124
Iteration 100000: T=3.3333999999999997, Loss=35184.7943226848
Iteration 110000: T=2.666733333333333, Loss=35190.69700944326
Iteration 120000: T=2.0000666666666667, Loss=35179.50995046188
Iteration 130000: T=1.3334000000000001, Loss=35176.3187276018
Iteration 140000: T=0.6667333333333336, Loss=35177.48970108529
Iteration 150000: T=6.666666666710341e-05, Loss=35174.1569399045
Center of mass parameters: [1.80900979e+03 3.73700762e-01 5.96678356e+00 1.82138820e+03
 6.80496112e-01 4.61491461e+00 1.83198443e+03 5.64040010e-01
 4.82984797e+00 1.84247992e+03 3.16036410e-01 5.65884169e+00
 1.85519716e+03 2.15353129e-01 4.79862013e+00 1.86679700e+03
 7.41858584e-01 3.81547234e+00 1.87743057e+03 3.54992983e-01
 4.85811925e+00 1.88947297e+03 1.34683324e-01 6.36352133e+00
 1.90137071e+03 4.20770472e-01 6.35047290e+00 1.91387743e+03
 4.82095578e-01 5.85555968e+00]
Final MSE: 35172.933649689796
R² = 0.40
Initial loss: 40194.75626336267
Iteration 10000: T=9.0001, Loss=35206.302148700066
Iteration 20000: T=8.0001, Loss=35201.40770280829
Iteration 30000: T=7.0001, Loss=35205.49622768007
Iteration 40000: T=6.0001, Loss=35215.44729457698
Iteration 50000: T=5.000100000000001, Loss=35221.66290601796
Iteration 60000: T=4.0001, Loss=35206.13617168304
Iteration 70000: T=3.0000999999999998, Loss=35199.475228186166
Iteration 80000: T=2.0001, Loss=35200.81358853259
Iteration 90000: T=1.0001000000000004, Loss=35191.15006012083
Iteration 100000: T=9.99999999995449e-05, Loss=35188.1930935524
Tuning complete. MSE at tuned parameters: 35188.1930935524
Initial loss: 36339.4765649629
Iteration 10000: T=9.333400000000001, Loss=35200.87846304084
Iteration 20000: T=8.666733333333333, Loss=35203.005242909414
Iteration 30000: T=8.000066666666667, Loss=35204.46412933831
Iteration 40000: T=7.3334, Loss=35203.67330582902
Iteration 50000: T=6.666733333333333, Loss=35203.478376409155
Iteration 60000: T=6.000066666666667, Loss=35202.93068810837
Iteration 70000: T=5.333399999999999, Loss=35202.2814041925
Iteration 80000: T=4.666733333333334, Loss=35207.83868991249
Iteration 90000: T=4.000066666666666, Loss=35197.46312468017
Iteration 100000: T=3.3333999999999997, Loss=35197.69516548035
Iteration 110000: T=2.666733333333333, Loss=35190.70291277609
Iteration 120000: T=2.0000666666666667, Loss=35192.97780101817
Iteration 130000: T=1.3334000000000001, Loss=35189.82656749718
Iteration 140000: T=0.6667333333333336, Loss=35190.8005952073
Iteration 150000: T=6.666666666710341e-05, Loss=35184.65223989628
Initial loss: 67293.95471261474
Iteration 10000: T=9.333400000000001, Loss=35194.59393389783
Iteration 20000: T=8.666733333333333, Loss=35191.110616376114
Iteration 30000: T=8.000066666666667, Loss=35201.53203401469
Iteration 40000: T=7.3334, Loss=35192.689161580645
Iteration 50000: T=6.666733333333333, Loss=35203.4609506428
Iteration 60000: T=6.000066666666667, Loss=35193.05045230396
Iteration 70000: T=5.333399999999999, Loss=35193.92531804767
Iteration 80000: T=4.666733333333334, Loss=35202.10170091028
Iteration 90000: T=4.000066666666666, Loss=35192.16864600536
Iteration 100000: T=3.3333999999999997, Loss=35189.239706642446
Iteration 110000: T=2.666733333333333, Loss=35190.52651116966
Iteration 120000: T=2.0000666666666667, Loss=35186.91135958666
Iteration 130000: T=1.3334000000000001, Loss=35187.54892873265
Iteration 140000: T=0.6667333333333336, Loss=35185.99517603365
Iteration 150000: T=6.666666666710341e-05, Loss=35183.45630086823
Initial loss: 76032.21853759995
Iteration 10000: T=9.333400000000001, Loss=35197.20749247782
Iteration 20000: T=8.666733333333333, Loss=35217.921174025854
Iteration 30000: T=8.000066666666667, Loss=35199.69114666678
Iteration 40000: T=7.3334, Loss=35213.14599875201
Iteration 50000: T=6.666733333333333, Loss=35198.30879000832
Iteration 60000: T=6.000066666666667, Loss=35194.562774636644
Iteration 70000: T=5.333399999999999, Loss=35193.27302135987
Iteration 80000: T=4.666733333333334, Loss=35186.99313637806
Iteration 90000: T=4.000066666666666, Loss=35191.66227056255
Iteration 100000: T=3.3333999999999997, Loss=35195.148076139776
Iteration 110000: T=2.666733333333333, Loss=35189.2827694769
Iteration 120000: T=2.0000666666666667, Loss=35189.77154022473
Iteration 130000: T=1.3334000000000001, Loss=35184.48804102969
Iteration 140000: T=0.6667333333333336, Loss=35185.92547315565
Iteration 150000: T=6.666666666710341e-05, Loss=35180.39733583571
Initial loss: 39305.88334744937
Iteration 10000: T=9.333400000000001, Loss=35190.43335928178
Iteration 20000: T=8.666733333333333, Loss=35202.56684344402
Iteration 30000: T=8.000066666666667, Loss=35203.23354361829
Iteration 40000: T=7.3334, Loss=35206.374191419825
Iteration 50000: T=6.666733333333333, Loss=35192.677363713534
Iteration 60000: T=6.000066666666667, Loss=35195.787054279666
Iteration 70000: T=5.333399999999999, Loss=35194.59729005001
Iteration 80000: T=4.666733333333334, Loss=35199.61251394898
Iteration 90000: T=4.000066666666666, Loss=35191.31001572624
Iteration 100000: T=3.3333999999999997, Loss=35187.96666907487
Iteration 110000: T=2.666733333333333, Loss=35187.95257673619
Iteration 120000: T=2.0000666666666667, Loss=35191.87549654672
Iteration 130000: T=1.3334000000000001, Loss=35193.81120643025
Iteration 140000: T=0.6667333333333336, Loss=35194.272528693306
Iteration 150000: T=6.666666666710341e-05, Loss=35192.282885615234
Initial loss: 224284.30441898044
Iteration 10000: T=9.333400000000001, Loss=35186.01557858131
Iteration 20000: T=8.666733333333333, Loss=35186.29163116148
Iteration 30000: T=8.000066666666667, Loss=35201.909852090386
Iteration 40000: T=7.3334, Loss=35192.620626761964
Iteration 50000: T=6.666733333333333, Loss=35201.62934472784
Iteration 60000: T=6.000066666666667, Loss=35190.17942581595
Iteration 70000: T=5.333399999999999, Loss=35196.60705470532
Iteration 80000: T=4.666733333333334, Loss=35185.25330280358
Iteration 90000: T=4.000066666666666, Loss=35183.92691592682
Iteration 100000: T=3.3333999999999997, Loss=35180.91136607607
Iteration 110000: T=2.666733333333333, Loss=35184.81428705519
Iteration 120000: T=2.0000666666666667, Loss=35184.83810078281
Iteration 130000: T=1.3334000000000001, Loss=35181.2021877491
Iteration 140000: T=0.6667333333333336, Loss=35182.30349585359
Iteration 150000: T=6.666666666710341e-05, Loss=35178.460140521944
Center of mass parameters: [1.80853163e+03 1.94113908e+00 5.38145669e+00 1.82334136e+03
 2.37394255e-01 5.85004528e+00 1.83351308e+03 6.98294572e-01
 4.97558768e+00 1.84304994e+03 6.99766879e-01 5.84874633e+00
 1.85546393e+03 2.05210676e-01 4.58352701e+00 1.86664748e+03
 4.22524097e-01 4.97095513e+00 1.87770882e+03 7.19575300e-01
 6.05184162e+00 1.89122823e+03 1.54867585e+00 6.43267942e+00
 1.90130365e+03 9.38799000e-02 5.50048377e+00 1.91237433e+03
 4.71143902e-02 5.67510035e+00]
Final MSE: 35186.182248006975
R² = 0.10
Initial loss: 40194.75626336267
Iteration 10000: T=9.0001, Loss=35196.906984244306
Iteration 20000: T=8.0001, Loss=35197.99094603651
Iteration 30000: T=7.0001, Loss=35190.85819044591
Iteration 40000: T=6.0001, Loss=35184.05583521432
Iteration 50000: T=5.000100000000001, Loss=35190.129668333706
Iteration 60000: T=4.0001, Loss=35186.89602160588
Iteration 70000: T=3.0000999999999998, Loss=35190.125200198185
Iteration 80000: T=2.0001, Loss=35188.5773949001
Iteration 90000: T=1.0001000000000004, Loss=35189.23604275918
Iteration 100000: T=9.99999999995449e-05, Loss=35186.40886333692
Tuning complete. MSE at tuned parameters: 35186.40886333692
Initial loss: 41528.39595252957
Iteration 10000: T=9.333400000000001, Loss=35190.76996256774
Iteration 20000: T=8.666733333333333, Loss=35198.44196821166
Iteration 30000: T=8.000066666666667, Loss=35206.31040321322
Iteration 40000: T=7.3334, Loss=35211.72723724167
Iteration 50000: T=6.666733333333333, Loss=35197.68669484583
Iteration 60000: T=6.000066666666667, Loss=35196.07165076809
Iteration 70000: T=5.333399999999999, Loss=35193.65766648539
Iteration 80000: T=4.666733333333334, Loss=35191.298964323316
Iteration 90000: T=4.000066666666666, Loss=35198.590912229694
Iteration 100000: T=3.3333999999999997, Loss=35197.83845790948
Iteration 110000: T=2.666733333333333, Loss=35198.635693905264
Iteration 120000: T=2.0000666666666667, Loss=35200.91252687236
Iteration 130000: T=1.3334000000000001, Loss=35193.05396431247
Iteration 140000: T=0.6667333333333336, Loss=35191.031151449555
Iteration 150000: T=6.666666666710341e-05, Loss=35187.33602688833
Initial loss: 46012.93976930798
Iteration 10000: T=9.333400000000001, Loss=35192.73840858329
Iteration 20000: T=8.666733333333333, Loss=35184.55208343456
Iteration 30000: T=8.000066666666667, Loss=35188.104829619006
Iteration 40000: T=7.3334, Loss=35185.62860090888
Iteration 50000: T=6.666733333333333, Loss=35199.06398898672
Iteration 60000: T=6.000066666666667, Loss=35187.24968666086
Iteration 70000: T=5.333399999999999, Loss=35185.831746695825
Iteration 80000: T=4.666733333333334, Loss=35202.28909478204
Iteration 90000: T=4.000066666666666, Loss=35187.42306026287
Iteration 100000: T=3.3333999999999997, Loss=35185.33544740091
Iteration 110000: T=2.666733333333333, Loss=35183.58899492794
Iteration 120000: T=2.0000666666666667, Loss=35186.779118096376
Iteration 130000: T=1.3334000000000001, Loss=35178.69927189596
Iteration 140000: T=0.6667333333333336, Loss=35177.57256848507
Iteration 150000: T=6.666666666710341e-05, Loss=35176.84207820121
Initial loss: 37566.0619097421
Iteration 10000: T=9.333400000000001, Loss=35215.313499528005
Iteration 20000: T=8.666733333333333, Loss=35202.41959478687
Iteration 30000: T=8.000066666666667, Loss=35208.50024637202
Iteration 40000: T=7.3334, Loss=35203.304392983446
Iteration 50000: T=6.666733333333333, Loss=35198.21696716937
Iteration 60000: T=6.000066666666667, Loss=35216.006389273134
Iteration 70000: T=5.333399999999999, Loss=35200.56992576333
Iteration 80000: T=4.666733333333334, Loss=35198.869649953966
Iteration 90000: T=4.000066666666666, Loss=35195.21996146666
Iteration 100000: T=3.3333999999999997, Loss=35194.816426563564
Iteration 110000: T=2.666733333333333, Loss=35194.70999020968
Iteration 120000: T=2.0000666666666667, Loss=35197.81986176064
Iteration 130000: T=1.3334000000000001, Loss=35198.91842241278
Iteration 140000: T=0.6667333333333336, Loss=35199.711599797796
Iteration 150000: T=6.666666666710341e-05, Loss=35195.33857557435
Initial loss: 40147.72901049835
Iteration 10000: T=9.333400000000001, Loss=35205.568789068384
Iteration 20000: T=8.666733333333333, Loss=35190.6027728421
Iteration 30000: T=8.000066666666667, Loss=35194.74611196478
Iteration 40000: T=7.3334, Loss=35188.942560757016
Iteration 50000: T=6.666733333333333, Loss=35201.01684455088
Iteration 60000: T=6.000066666666667, Loss=35189.44572828023
Iteration 70000: T=5.333399999999999, Loss=35184.19424863431
Iteration 80000: T=4.666733333333334, Loss=35184.07585413992
Iteration 90000: T=4.000066666666666, Loss=35190.29806318132
Iteration 100000: T=3.3333999999999997, Loss=35185.96406574417
Iteration 110000: T=2.666733333333333, Loss=35183.40340137378
Iteration 120000: T=2.0000666666666667, Loss=35183.177160560896
Iteration 130000: T=1.3334000000000001, Loss=35184.281161326595
Iteration 140000: T=0.6667333333333336, Loss=35180.562518467195
Iteration 150000: T=6.666666666710341e-05, Loss=35178.71406430938
Initial loss: 61662.53958860268
Iteration 10000: T=9.333400000000001, Loss=35212.961885439385
Iteration 20000: T=8.666733333333333, Loss=35196.93559643645
Iteration 30000: T=8.000066666666667, Loss=35191.94896907902
Iteration 40000: T=7.3334, Loss=35180.25489422231
Iteration 50000: T=6.666733333333333, Loss=35176.093662849984
Iteration 60000: T=6.000066666666667, Loss=35183.495482325336
Iteration 70000: T=5.333399999999999, Loss=35180.113296295
Iteration 80000: T=4.666733333333334, Loss=35178.298488934524
Iteration 90000: T=4.000066666666666, Loss=35182.12390811954
Iteration 100000: T=3.3333999999999997, Loss=35174.31488344164
Iteration 110000: T=2.666733333333333, Loss=35172.7048461765
Iteration 120000: T=2.0000666666666667, Loss=35172.84293952839
Iteration 130000: T=1.3334000000000001, Loss=35172.43803928622
Iteration 140000: T=0.6667333333333336, Loss=35173.28859467335
Iteration 150000: T=6.666666666710341e-05, Loss=35166.7347480372
Center of mass parameters: [ 1.81011321e+03  7.39485466e-02  5.07000417e+00  1.82238869e+03
  5.72161341e-01  5.66024334e+00  1.83282290e+03  8.62198060e-02
  4.79541606e+00  1.84306695e+03  9.11069878e-01  3.93738261e+00
  1.85529623e+03  2.11557200e-01  4.71837140e+00  1.86612464e+03
  5.74677968e-01  5.19247460e+00  1.87704994e+03  1.65434362e-01
  4.25997501e+00  1.89003533e+03  1.12843697e+00  5.23280302e+00
  1.90256914e+03  1.25295442e+00  5.14719244e+00  1.91268285e+03
 -9.80323584e-03  4.25779564e+00]
Final MSE: 35183.28710001241
R² = 0.08
Initial loss: 40194.75626336267
Iteration 10000: T=9.0001, Loss=35217.49746038756
Iteration 20000: T=8.0001, Loss=35194.739785888145
Iteration 30000: T=7.0001, Loss=35193.141686008
Iteration 40000: T=6.0001, Loss=35206.4145334658
Iteration 50000: T=5.000100000000001, Loss=35206.861183657995
Iteration 60000: T=4.0001, Loss=35186.46823587712
Iteration 70000: T=3.0000999999999998, Loss=35187.59270229632
Iteration 80000: T=2.0001, Loss=35184.9855240816
Iteration 90000: T=1.0001000000000004, Loss=35181.024653752596
Iteration 100000: T=9.99999999995449e-05, Loss=35175.98063285724
Tuning complete. MSE at tuned parameters: 35175.98063285724
Initial loss: 38422.43662120717
Iteration 10000: T=9.333400000000001, Loss=35205.14220148208
Iteration 20000: T=8.666733333333333, Loss=35179.24420801105
Iteration 30000: T=8.000066666666667, Loss=35177.150663963854
Iteration 40000: T=7.3334, Loss=35170.2264906436
Iteration 50000: T=6.666733333333333, Loss=35171.14721770312
Iteration 60000: T=6.000066666666667, Loss=35203.193692185574
Iteration 70000: T=5.333399999999999, Loss=35178.89990474018
Iteration 80000: T=4.666733333333334, Loss=35178.31198839094
Iteration 90000: T=4.000066666666666, Loss=35183.796078288105
Iteration 100000: T=3.3333999999999997, Loss=35183.66262946914
Iteration 110000: T=2.666733333333333, Loss=35181.21982882152
Iteration 120000: T=2.0000666666666667, Loss=35181.156442057174
Iteration 130000: T=1.3334000000000001, Loss=35180.91251262953
Iteration 140000: T=0.6667333333333336, Loss=35178.028483749
Iteration 150000: T=6.666666666710341e-05, Loss=35176.14960630147
Initial loss: 39239.834559377116
Iteration 10000: T=9.333400000000001, Loss=35181.740086258695
Iteration 20000: T=8.666733333333333, Loss=35185.93278977099
Iteration 30000: T=8.000066666666667, Loss=35211.567138415965
Iteration 40000: T=7.3334, Loss=35185.90588457274
Iteration 50000: T=6.666733333333333, Loss=35180.70193155706
Iteration 60000: T=6.000066666666667, Loss=35196.483414682865
Iteration 70000: T=5.333399999999999, Loss=35192.784315160956
Iteration 80000: T=4.666733333333334, Loss=35182.06304411588
Iteration 90000: T=4.000066666666666, Loss=35181.42339028209
Iteration 100000: T=3.3333999999999997, Loss=35185.99923315348
Iteration 110000: T=2.666733333333333, Loss=35181.91098559153
Iteration 120000: T=2.0000666666666667, Loss=35179.82079032786
Iteration 130000: T=1.3334000000000001, Loss=35177.09185981929
Iteration 140000: T=0.6667333333333336, Loss=35177.163695822375
Iteration 150000: T=6.666666666710341e-05, Loss=35171.029543821576
Initial loss: 39193.0447585001
Iteration 10000: T=9.333400000000001, Loss=35185.61601580783
Iteration 20000: T=8.666733333333333, Loss=35198.91223785142
Iteration 30000: T=8.000066666666667, Loss=35195.25001467374
Iteration 40000: T=7.3334, Loss=35190.49636784188
Iteration 50000: T=6.666733333333333, Loss=35185.511193634506
Iteration 60000: T=6.000066666666667, Loss=35186.10006436515
Iteration 70000: T=5.333399999999999, Loss=35187.3091291584
Iteration 80000: T=4.666733333333334, Loss=35184.57866069092
Iteration 90000: T=4.000066666666666, Loss=35185.25635705524
Iteration 100000: T=3.3333999999999997, Loss=35185.75788852229
Iteration 110000: T=2.666733333333333, Loss=35185.96537344043
Iteration 120000: T=2.0000666666666667, Loss=35187.199102298626
Iteration 130000: T=1.3334000000000001, Loss=35185.23150639095
Iteration 140000: T=0.6667333333333336, Loss=35183.087684085345
Iteration 150000: T=6.666666666710341e-05, Loss=35181.203654942175
Initial loss: 45529.01344380995
Iteration 10000: T=9.333400000000001, Loss=35172.452439726934
Iteration 20000: T=8.666733333333333, Loss=35173.41480730782
Iteration 30000: T=8.000066666666667, Loss=35170.85968223434
Iteration 40000: T=7.3334, Loss=35181.97931981926
Iteration 50000: T=6.666733333333333, Loss=35177.843863081536
Iteration 60000: T=6.000066666666667, Loss=35171.34917780083
Iteration 70000: T=5.333399999999999, Loss=35185.924210957666
Iteration 80000: T=4.666733333333334, Loss=35165.34070242939
Iteration 90000: T=4.000066666666666, Loss=35162.70511435262
Iteration 100000: T=3.3333999999999997, Loss=35164.65507404203
Iteration 110000: T=2.666733333333333, Loss=35157.56600603275
Iteration 120000: T=2.0000666666666667, Loss=35161.09456556231
Iteration 130000: T=1.3334000000000001, Loss=35157.35152795914
Iteration 140000: T=0.6667333333333336, Loss=35153.086006050275
Iteration 150000: T=6.666666666710341e-05, Loss=35149.675737343474
Initial loss: 43057.58888513731
Iteration 10000: T=9.333400000000001, Loss=35190.0185968015
Iteration 20000: T=8.666733333333333, Loss=35192.9891000217
Iteration 30000: T=8.000066666666667, Loss=35190.65137873879
Iteration 40000: T=7.3334, Loss=35192.16719698173
Iteration 50000: T=6.666733333333333, Loss=35179.40991914467
Iteration 60000: T=6.000066666666667, Loss=35183.379886614486
Iteration 70000: T=5.333399999999999, Loss=35181.97045894556
Iteration 80000: T=4.666733333333334, Loss=35185.038936970355
Iteration 90000: T=4.000066666666666, Loss=35191.46499922554
Iteration 100000: T=3.3333999999999997, Loss=35185.80615230967
Iteration 110000: T=2.666733333333333, Loss=35184.851350896824
Iteration 120000: T=2.0000666666666667, Loss=35186.243014077554
Iteration 130000: T=1.3334000000000001, Loss=35188.72783816136
Iteration 140000: T=0.6667333333333336, Loss=35184.78425849176
Iteration 150000: T=6.666666666710341e-05, Loss=35179.73433835352
Center of mass parameters: [1.81006840e+03 6.40246941e-01 4.04228615e+00 1.82234645e+03
 4.01378333e-01 5.09582410e+00 1.83354421e+03 7.69452743e-01
 6.22682917e+00 1.84275470e+03 1.35358530e+00 4.77621753e+00
 1.85547908e+03 2.04768516e-01 4.57359183e+00 1.86534697e+03
 1.01648942e+00 5.47350195e+00 1.87752917e+03 4.47168809e-01
 4.42304599e+00 1.88937622e+03 8.35978102e-02 4.07502310e+00
 1.90123716e+03 3.27190716e-01 5.13948483e+00 1.91238221e+03
 6.02099493e-01 6.34539234e+00]
Final MSE: 35174.35242303274
R² = 0.10
Initial loss: 40194.75626336267
Iteration 10000: T=9.0001, Loss=35199.56598104078
Iteration 20000: T=8.0001, Loss=35197.79082366153
Iteration 30000: T=7.0001, Loss=35233.42073183676
Iteration 40000: T=6.0001, Loss=35194.248668860826
Iteration 50000: T=5.000100000000001, Loss=35192.5284243284
Iteration 60000: T=4.0001, Loss=35194.71519114407
Iteration 70000: T=3.0000999999999998, Loss=35190.78548379951
Iteration 80000: T=2.0001, Loss=35191.144728125626
Iteration 90000: T=1.0001000000000004, Loss=35189.72827301626
Iteration 100000: T=9.99999999995449e-05, Loss=35187.40394569947
Tuning complete. MSE at tuned parameters: 35187.40394569947
Initial loss: 37446.14616812043
Iteration 10000: T=9.333400000000001, Loss=35197.0540062215
Iteration 20000: T=8.666733333333333, Loss=35193.52214380545
Iteration 30000: T=8.000066666666667, Loss=35201.1402877698
Iteration 40000: T=7.3334, Loss=35186.83507185846
Iteration 50000: T=6.666733333333333, Loss=35184.6618031456
Iteration 60000: T=6.000066666666667, Loss=35184.66967997719
Iteration 70000: T=5.333399999999999, Loss=35191.983481320705
Iteration 80000: T=4.666733333333334, Loss=35184.13570278023
Iteration 90000: T=4.000066666666666, Loss=35183.68939468383
Iteration 100000: T=3.3333999999999997, Loss=35184.43440157785
Iteration 110000: T=2.666733333333333, Loss=35190.479447826605
Iteration 120000: T=2.0000666666666667, Loss=35181.737746696475
Iteration 130000: T=1.3334000000000001, Loss=35179.49768580877
Iteration 140000: T=0.6667333333333336, Loss=35181.393672610924
Iteration 150000: T=6.666666666710341e-05, Loss=35176.65438357968
Initial loss: 102120.25117398959
Iteration 10000: T=9.333400000000001, Loss=35195.511189570396
Iteration 20000: T=8.666733333333333, Loss=35193.037478544284
Iteration 30000: T=8.000066666666667, Loss=35205.023158789496
Iteration 40000: T=7.3334, Loss=35195.71941767832
Iteration 50000: T=6.666733333333333, Loss=35184.33644968403
Iteration 60000: T=6.000066666666667, Loss=35185.12358365544
Iteration 70000: T=5.333399999999999, Loss=35183.04051741277
Iteration 80000: T=4.666733333333334, Loss=35177.05816359169
Iteration 90000: T=4.000066666666666, Loss=35179.915738209784
Iteration 100000: T=3.3333999999999997, Loss=35180.01807262338
Iteration 110000: T=2.666733333333333, Loss=35176.098120277646
Iteration 120000: T=2.0000666666666667, Loss=35175.625814020445
Iteration 130000: T=1.3334000000000001, Loss=35175.677629051024
Iteration 140000: T=0.6667333333333336, Loss=35174.41014667414
Iteration 150000: T=6.666666666710341e-05, Loss=35174.34197668467
Initial loss: 227939.1839388448
Iteration 10000: T=9.333400000000001, Loss=35193.81360155613
Iteration 20000: T=8.666733333333333, Loss=35206.08536866897
Iteration 30000: T=8.000066666666667, Loss=35206.37254045884
Iteration 40000: T=7.3334, Loss=35196.228340126094
Iteration 50000: T=6.666733333333333, Loss=35191.4298399758
Iteration 60000: T=6.000066666666667, Loss=35198.20298096669
Iteration 70000: T=5.333399999999999, Loss=35191.89140623173
Iteration 80000: T=4.666733333333334, Loss=35200.32395166515
Iteration 90000: T=4.000066666666666, Loss=35189.939802396795
Iteration 100000: T=3.3333999999999997, Loss=35190.844819546495
Iteration 110000: T=2.666733333333333, Loss=35186.359676080625
Iteration 120000: T=2.0000666666666667, Loss=35184.906424559755
Iteration 130000: T=1.3334000000000001, Loss=35184.46513033745
Iteration 140000: T=0.6667333333333336, Loss=35184.11366073573
Iteration 150000: T=6.666666666710341e-05, Loss=35179.531987174734
Initial loss: 38637.170157126726
Iteration 10000: T=9.333400000000001, Loss=35189.67026320467
Iteration 20000: T=8.666733333333333, Loss=35182.75498784799
Iteration 30000: T=8.000066666666667, Loss=35184.4179847734
Iteration 40000: T=7.3334, Loss=35176.45763561112
Iteration 50000: T=6.666733333333333, Loss=35181.202431734884
Iteration 60000: T=6.000066666666667, Loss=35201.43901200072
Iteration 70000: T=5.333399999999999, Loss=35189.20076534489
Iteration 80000: T=4.666733333333334, Loss=35183.56781181905
Iteration 90000: T=4.000066666666666, Loss=35184.69930792123
Iteration 100000: T=3.3333999999999997, Loss=35184.006291440804
Iteration 110000: T=2.666733333333333, Loss=35186.62344339188
Iteration 120000: T=2.0000666666666667, Loss=35179.17233177971
Iteration 130000: T=1.3334000000000001, Loss=35178.692053023435
Iteration 140000: T=0.6667333333333336, Loss=35173.94966255089
Iteration 150000: T=6.666666666710341e-05, Loss=35167.242140976916
Initial loss: 35354.00850458446
Iteration 10000: T=9.333400000000001, Loss=35191.14503060323
Iteration 20000: T=8.666733333333333, Loss=35195.087351297414
Iteration 30000: T=8.000066666666667, Loss=35193.16276911991
Iteration 40000: T=7.3334, Loss=35195.74720591957
Iteration 50000: T=6.666733333333333, Loss=35193.750088683395
Iteration 60000: T=6.000066666666667, Loss=35194.58806234692
Iteration 70000: T=5.333399999999999, Loss=35203.06345239658
Iteration 80000: T=4.666733333333334, Loss=35190.73998314775
Iteration 90000: T=4.000066666666666, Loss=35194.426981888464
Iteration 100000: T=3.3333999999999997, Loss=35186.60458032084
Iteration 110000: T=2.666733333333333, Loss=35185.59066168087
Iteration 120000: T=2.0000666666666667, Loss=35184.51615941849
Iteration 130000: T=1.3334000000000001, Loss=35186.46831337923
Iteration 140000: T=0.6667333333333336, Loss=35185.27939964105
Iteration 150000: T=6.666666666710341e-05, Loss=35183.46575162178
Center of mass parameters: [ 1.81042872e+03  3.44913756e-01  5.92120056e+00  1.82345652e+03
  8.44143146e-01  5.00235057e+00  1.83146959e+03  3.15390386e-01
  5.10927085e+00  1.84245851e+03  6.62302280e-02  5.71313922e+00
  1.85511402e+03  2.18143695e-01  4.86016153e+00  1.86680488e+03
  2.71855778e-01  5.02975727e+00  1.87747942e+03 -1.68639270e-01
  5.26443998e+00  1.88933272e+03  5.04381368e-01  5.74946846e+00
  1.90119751e+03 -8.61687490e-03  3.98935145e+00  1.91263094e+03
  9.73168207e-01  5.43343258e+00]
Final MSE: 35178.61786498372
R² = 0.06
Initial loss: 40194.75626336267
Iteration 10000: T=9.0001, Loss=35195.49142516092
Iteration 20000: T=8.0001, Loss=35193.25779085831
Iteration 30000: T=7.0001, Loss=35195.908227250155
Iteration 40000: T=6.0001, Loss=35184.603122098095
Iteration 50000: T=5.000100000000001, Loss=35184.38841840674
Iteration 60000: T=4.0001, Loss=35188.69609085284
Iteration 70000: T=3.0000999999999998, Loss=35191.31394758934
Iteration 80000: T=2.0001, Loss=35185.090466216265
Iteration 90000: T=1.0001000000000004, Loss=35184.780154673295
Iteration 100000: T=9.99999999995449e-05, Loss=35181.82301097889
Tuning complete. MSE at tuned parameters: 35181.82301097889
Initial loss: 35506.84090660535
Iteration 10000: T=9.333400000000001, Loss=35232.05714133627
Iteration 20000: T=8.666733333333333, Loss=35216.52237318669
Iteration 30000: T=8.000066666666667, Loss=35199.499655528736
Iteration 40000: T=7.3334, Loss=35207.81423637086
Iteration 50000: T=6.666733333333333, Loss=35196.78952558539
Iteration 60000: T=6.000066666666667, Loss=35197.183317237126
Iteration 70000: T=5.333399999999999, Loss=35200.85574003216
Iteration 80000: T=4.666733333333334, Loss=35201.37410392284
Iteration 90000: T=4.000066666666666, Loss=35195.48445274019
Iteration 100000: T=3.3333999999999997, Loss=35194.40748726011
Iteration 110000: T=2.666733333333333, Loss=35200.129844358264
Iteration 120000: T=2.0000666666666667, Loss=35197.16744923103
Iteration 130000: T=1.3334000000000001, Loss=35192.09285605694
Iteration 140000: T=0.6667333333333336, Loss=35188.39139614302
Iteration 150000: T=6.666666666710341e-05, Loss=35182.81244677179
Initial loss: 87920.43857659955
Iteration 10000: T=9.333400000000001, Loss=35197.26450628348
Iteration 20000: T=8.666733333333333, Loss=35182.82143953954
Iteration 30000: T=8.000066666666667, Loss=35206.37873752508
Iteration 40000: T=7.3334, Loss=35191.00659203134
Iteration 50000: T=6.666733333333333, Loss=35188.770027038445
Iteration 60000: T=6.000066666666667, Loss=35179.096753930986
Iteration 70000: T=5.333399999999999, Loss=35177.46021197325
Iteration 80000: T=4.666733333333334, Loss=35170.80942947326
Iteration 90000: T=4.000066666666666, Loss=35180.56590890757
Iteration 100000: T=3.3333999999999997, Loss=35169.91594493264
Iteration 110000: T=2.666733333333333, Loss=35164.75294412689
Iteration 120000: T=2.0000666666666667, Loss=35165.603659694665
Iteration 130000: T=1.3334000000000001, Loss=35170.78687519293
Iteration 140000: T=0.6667333333333336, Loss=35164.482479714425
Iteration 150000: T=6.666666666710341e-05, Loss=35159.683554738745
Initial loss: 43045.18267592015
Iteration 10000: T=9.333400000000001, Loss=35212.95576421369
Iteration 20000: T=8.666733333333333, Loss=35180.89226673805
Iteration 30000: T=8.000066666666667, Loss=35189.856259995686
Iteration 40000: T=7.3334, Loss=35173.41834646815
Iteration 50000: T=6.666733333333333, Loss=35174.786684752966
Iteration 60000: T=6.000066666666667, Loss=35170.93432830629
Iteration 70000: T=5.333399999999999, Loss=35176.21882090785
Iteration 80000: T=4.666733333333334, Loss=35189.31115767009
Iteration 90000: T=4.000066666666666, Loss=35183.12001149039
Iteration 100000: T=3.3333999999999997, Loss=35178.41576738446
Iteration 110000: T=2.666733333333333, Loss=35175.69988687238
Iteration 120000: T=2.0000666666666667, Loss=35172.674561119165
Iteration 130000: T=1.3334000000000001, Loss=35174.63209560794
Iteration 140000: T=0.6667333333333336, Loss=35172.879360721665
Iteration 150000: T=6.666666666710341e-05, Loss=35171.29363707671
Initial loss: 36290.50054035773
Iteration 10000: T=9.333400000000001, Loss=35206.717167090734
Iteration 20000: T=8.666733333333333, Loss=35194.41702073531
Iteration 30000: T=8.000066666666667, Loss=35196.88576358276
Iteration 40000: T=7.3334, Loss=35183.80099835225
Iteration 50000: T=6.666733333333333, Loss=35194.25374823561
Iteration 60000: T=6.000066666666667, Loss=35194.04963849638
Iteration 70000: T=5.333399999999999, Loss=35181.29139336546
Iteration 80000: T=4.666733333333334, Loss=35182.82408339814
Iteration 90000: T=4.000066666666666, Loss=35176.89676616074
Iteration 100000: T=3.3333999999999997, Loss=35181.5122421
Iteration 110000: T=2.666733333333333, Loss=35181.61238588806
Iteration 120000: T=2.0000666666666667, Loss=35176.0569921947
Iteration 130000: T=1.3334000000000001, Loss=35174.41528458147
Iteration 140000: T=0.6667333333333336, Loss=35172.03627579014
Iteration 150000: T=6.666666666710341e-05, Loss=35168.781969394826
Initial loss: 42241.168190810815
Iteration 10000: T=9.333400000000001, Loss=35189.30029762628
Iteration 20000: T=8.666733333333333, Loss=35181.164644357406
Iteration 30000: T=8.000066666666667, Loss=35188.822627014255
Iteration 40000: T=7.3334, Loss=35190.93056070898
Iteration 50000: T=6.666733333333333, Loss=35190.4501434906
Iteration 60000: T=6.000066666666667, Loss=35184.21407940291
Iteration 70000: T=5.333399999999999, Loss=35208.81818800572
Iteration 80000: T=4.666733333333334, Loss=35192.126327167745
Iteration 90000: T=4.000066666666666, Loss=35189.02341992158
Iteration 100000: T=3.3333999999999997, Loss=35197.632280505975
Iteration 110000: T=2.666733333333333, Loss=35191.30107838666
Iteration 120000: T=2.0000666666666667, Loss=35187.69231343667
Iteration 130000: T=1.3334000000000001, Loss=35188.07865229127
Iteration 140000: T=0.6667333333333336, Loss=35185.787076872526
Iteration 150000: T=6.666666666710341e-05, Loss=35182.3212397378
Center of mass parameters: [ 1.80973856e+03  1.06990409e+00  4.79808066e+00  1.82284764e+03
  3.12951185e-01  4.97530036e+00  1.83263259e+03  9.32977856e-03
  4.29918088e+00  1.84242230e+03  1.15143603e+00  5.23948387e+00
  1.85536905e+03  2.08713422e-01  4.65903585e+00  1.86700995e+03
 -1.51878714e-01  5.81164028e+00  1.87787035e+03  1.08083215e+00
  5.18379676e+00  1.88810216e+03  8.21403085e-01  4.98620806e+00
  1.90193821e+03  1.05651957e+00  5.20061869e+00  1.91241515e+03
  3.67052281e-01  5.22885552e+00]
Final MSE: 35175.94150559558
R² = 0.00
