Initial loss: 40194.75626336267
Iteration 10000: T=9.0001, Loss=35201.07566468693
Iteration 20000: T=8.0001, Loss=35200.9388206541
Iteration 30000: T=7.0001, Loss=35217.61343505635
Iteration 40000: T=6.0001, Loss=35210.3321729458
Iteration 50000: T=5.000100000000001, Loss=35230.16273498532
Iteration 60000: T=4.0001, Loss=35208.7399285037
Iteration 70000: T=3.0000999999999998, Loss=35207.93586995377
Iteration 80000: T=2.0001, Loss=35198.113822483356
Iteration 90000: T=1.0001000000000004, Loss=35199.41567267947
Iteration 100000: T=9.99999999995449e-05, Loss=35197.013196834436
Tuning complete. MSE at tuned parameters: 35197.013196834436
Initial loss: 36111.509180732435
Iteration 10000: T=9.333400000000001, Loss=35194.883072173754
Iteration 20000: T=8.666733333333333, Loss=35198.88776773377
Iteration 30000: T=8.000066666666667, Loss=35195.512521510274
Iteration 40000: T=7.3334, Loss=35199.26902323626
Iteration 50000: T=6.666733333333333, Loss=35194.003804459506
Iteration 60000: T=6.000066666666667, Loss=35189.782362229336
Iteration 70000: T=5.333399999999999, Loss=35197.25748130333
Iteration 80000: T=4.666733333333334, Loss=35187.2046184887
Iteration 90000: T=4.000066666666666, Loss=35187.44108693159
Iteration 100000: T=3.3333999999999997, Loss=35182.60443917836
Iteration 110000: T=2.666733333333333, Loss=35179.69916200809
Iteration 120000: T=2.0000666666666667, Loss=35180.7166711201
Iteration 130000: T=1.3334000000000001, Loss=35175.41884754225
Iteration 140000: T=0.6667333333333336, Loss=35173.95447945637
Iteration 150000: T=6.666666666710341e-05, Loss=35170.44096559995
Initial loss: 35344.12824833837
Iteration 10000: T=9.333400000000001, Loss=35202.41224088915
Iteration 20000: T=8.666733333333333, Loss=35198.92183220808
Iteration 30000: T=8.000066666666667, Loss=35199.64278864716
Iteration 40000: T=7.3334, Loss=35196.52147752938
Iteration 50000: T=6.666733333333333, Loss=35192.769529854995
Iteration 60000: T=6.000066666666667, Loss=35188.58716280049
Iteration 70000: T=5.333399999999999, Loss=35196.77931760678
Iteration 80000: T=4.666733333333334, Loss=35189.971730250276
Iteration 90000: T=4.000066666666666, Loss=35187.57585079991
Iteration 100000: T=3.3333999999999997, Loss=35190.55427379956
Iteration 110000: T=2.666733333333333, Loss=35189.29763556892
Iteration 120000: T=2.0000666666666667, Loss=35191.56654936266
Iteration 130000: T=1.3334000000000001, Loss=35189.01023886157
Iteration 140000: T=0.6667333333333336, Loss=35185.33916897495
Iteration 150000: T=6.666666666710341e-05, Loss=35181.58969213393
Initial loss: 43876.198394439634
Iteration 10000: T=9.333400000000001, Loss=35193.74662019545
Iteration 20000: T=8.666733333333333, Loss=35198.263381306635
Iteration 30000: T=8.000066666666667, Loss=35204.47779452067
Iteration 40000: T=7.3334, Loss=35197.77839025747
Iteration 50000: T=6.666733333333333, Loss=35195.77757067805
Iteration 60000: T=6.000066666666667, Loss=35183.44604192727
Iteration 70000: T=5.333399999999999, Loss=35179.39837988297
Iteration 80000: T=4.666733333333334, Loss=35186.88620106519
Iteration 90000: T=4.000066666666666, Loss=35179.46656956188
Iteration 100000: T=3.3333999999999997, Loss=35186.46279500418
Iteration 110000: T=2.666733333333333, Loss=35176.265168159356
Iteration 120000: T=2.0000666666666667, Loss=35176.87116290734
Iteration 130000: T=1.3334000000000001, Loss=35173.91640766674
Iteration 140000: T=0.6667333333333336, Loss=35168.35293189047
Iteration 150000: T=6.666666666710341e-05, Loss=35165.605020021336
Initial loss: 38869.16711186039
Iteration 10000: T=9.333400000000001, Loss=35209.92858023171
Iteration 20000: T=8.666733333333333, Loss=35199.94188904812
Iteration 30000: T=8.000066666666667, Loss=35204.94322389253
Iteration 40000: T=7.3334, Loss=35200.97284456084
Iteration 50000: T=6.666733333333333, Loss=35208.22965749632
Iteration 60000: T=6.000066666666667, Loss=35199.22750766333
Iteration 70000: T=5.333399999999999, Loss=35203.77459864024
Iteration 80000: T=4.666733333333334, Loss=35210.75187391283
Iteration 90000: T=4.000066666666666, Loss=35207.12687570248
Iteration 100000: T=3.3333999999999997, Loss=35202.0654011676
Iteration 110000: T=2.666733333333333, Loss=35194.094984236675
Iteration 120000: T=2.0000666666666667, Loss=35191.570358837285
Iteration 130000: T=1.3334000000000001, Loss=35194.68866630048
Iteration 140000: T=0.6667333333333336, Loss=35191.65363264713
Iteration 150000: T=6.666666666710341e-05, Loss=35188.90001017759
Initial loss: 37272.77986916856
Iteration 10000: T=9.333400000000001, Loss=35207.65909152959
Iteration 20000: T=8.666733333333333, Loss=35198.723208807634
Iteration 30000: T=8.000066666666667, Loss=35198.140775568165
Iteration 40000: T=7.3334, Loss=35199.35450425866
Iteration 50000: T=6.666733333333333, Loss=35195.22819775841
Iteration 60000: T=6.000066666666667, Loss=35196.86237431106
Iteration 70000: T=5.333399999999999, Loss=35203.92976382721
Iteration 80000: T=4.666733333333334, Loss=35196.61243268914
Iteration 90000: T=4.000066666666666, Loss=35199.06856788438
Iteration 100000: T=3.3333999999999997, Loss=35200.5097849215
Iteration 110000: T=2.666733333333333, Loss=35196.573434053666
Iteration 120000: T=2.0000666666666667, Loss=35207.78528048229
Iteration 130000: T=1.3334000000000001, Loss=35200.266353753934
Iteration 140000: T=0.6667333333333336, Loss=35200.18262223166
Iteration 150000: T=6.666666666710341e-05, Loss=35193.12740325216
Center of mass parameters: [1.80971914e+03 5.93564990e-01 4.23358845e+00 1.82266701e+03
 3.00015493e-01 4.72309814e+00 1.83286888e+03 3.97201213e-01
 4.71217177e+00 1.84338498e+03 8.11677460e-01 5.10907613e+00
 1.85520007e+03 2.15167879e-01 4.79472596e+00 1.86572989e+03
 1.02941544e+00 3.71413078e+00 1.87885020e+03 2.66895203e-01
 4.69335834e+00 1.89112836e+03 3.20222787e-01 4.96264734e+00
 1.90199259e+03 5.88763797e-01 6.22474274e+00 1.91077428e+03
 1.09709577e+00 4.90194297e+00]
Final MSE: 35184.761181402
R² = 0.03
Initial loss: 40194.75626336267
Iteration 10000: T=9.0001, Loss=35219.71100603419
Iteration 20000: T=8.0001, Loss=35205.80107611623
Iteration 30000: T=7.0001, Loss=35202.79291373377
Iteration 40000: T=6.0001, Loss=35203.11839397675
Iteration 50000: T=5.000100000000001, Loss=35199.55882270744
Iteration 60000: T=4.0001, Loss=35197.56206786003
Iteration 70000: T=3.0000999999999998, Loss=35199.91838714977
Iteration 80000: T=2.0001, Loss=35200.60017230477
Iteration 90000: T=1.0001000000000004, Loss=35194.905815417056
Iteration 100000: T=9.99999999995449e-05, Loss=35191.95013429313
Tuning complete. MSE at tuned parameters: 35191.95013429313
Initial loss: 35601.55141493027
Iteration 10000: T=9.333400000000001, Loss=35199.923750578644
Iteration 20000: T=8.666733333333333, Loss=35189.732553580776
Iteration 30000: T=8.000066666666667, Loss=35232.688778734926
Iteration 40000: T=7.3334, Loss=35190.22038173056
Iteration 50000: T=6.666733333333333, Loss=35185.1694408116
Iteration 60000: T=6.000066666666667, Loss=35181.942844937024
Iteration 70000: T=5.333399999999999, Loss=35182.55416408825
Iteration 80000: T=4.666733333333334, Loss=35186.02918319723
Iteration 90000: T=4.000066666666666, Loss=35180.973311462956
Iteration 100000: T=3.3333999999999997, Loss=35181.41447725868
Iteration 110000: T=2.666733333333333, Loss=35179.52474616379
Iteration 120000: T=2.0000666666666667, Loss=35181.00286015123
Iteration 130000: T=1.3334000000000001, Loss=35182.062832278905
Iteration 140000: T=0.6667333333333336, Loss=35178.51696062551
Iteration 150000: T=6.666666666710341e-05, Loss=35173.22294636781
Initial loss: 37498.295339488126
Iteration 10000: T=9.333400000000001, Loss=35199.99885758321
Iteration 20000: T=8.666733333333333, Loss=35196.59706557844
Iteration 30000: T=8.000066666666667, Loss=35186.02952103477
Iteration 40000: T=7.3334, Loss=35188.94923561057
Iteration 50000: T=6.666733333333333, Loss=35189.27894804964
Iteration 60000: T=6.000066666666667, Loss=35190.40876279016
Iteration 70000: T=5.333399999999999, Loss=35189.67045128145
Iteration 80000: T=4.666733333333334, Loss=35194.247363656
Iteration 90000: T=4.000066666666666, Loss=35186.32660775545
Iteration 100000: T=3.3333999999999997, Loss=35183.889954230435
Iteration 110000: T=2.666733333333333, Loss=35180.43793843103
Iteration 120000: T=2.0000666666666667, Loss=35177.544274537686
Iteration 130000: T=1.3334000000000001, Loss=35175.49353705852
Iteration 140000: T=0.6667333333333336, Loss=35175.74405895949
Iteration 150000: T=6.666666666710341e-05, Loss=35171.77075515239
Initial loss: 39107.12327187335
Iteration 10000: T=9.333400000000001, Loss=35200.043275098804
Iteration 20000: T=8.666733333333333, Loss=35195.13892429255
Iteration 30000: T=8.000066666666667, Loss=35213.08072234511
Iteration 40000: T=7.3334, Loss=35186.4843393707
Iteration 50000: T=6.666733333333333, Loss=35180.62019808821
Iteration 60000: T=6.000066666666667, Loss=35184.56712577985
Iteration 70000: T=5.333399999999999, Loss=35188.608338052945
Iteration 80000: T=4.666733333333334, Loss=35191.29329247644
Iteration 90000: T=4.000066666666666, Loss=35189.88015453926
Iteration 100000: T=3.3333999999999997, Loss=35185.08337093755
Iteration 110000: T=2.666733333333333, Loss=35188.78167583078
Iteration 120000: T=2.0000666666666667, Loss=35187.83564660412
Iteration 130000: T=1.3334000000000001, Loss=35184.857110692
Iteration 140000: T=0.6667333333333336, Loss=35183.83070702116
Iteration 150000: T=6.666666666710341e-05, Loss=35181.83720327285
Initial loss: 36432.90431969884
Iteration 10000: T=9.333400000000001, Loss=35188.75460778675
Iteration 20000: T=8.666733333333333, Loss=35197.71152534102
Iteration 30000: T=8.000066666666667, Loss=35192.29359885283
Iteration 40000: T=7.3334, Loss=35192.70358398748
Iteration 50000: T=6.666733333333333, Loss=35197.17750003516
Iteration 60000: T=6.000066666666667, Loss=35202.21401133244
Iteration 70000: T=5.333399999999999, Loss=35200.17126773684
Iteration 80000: T=4.666733333333334, Loss=35199.0347972134
Iteration 90000: T=4.000066666666666, Loss=35196.42086914515
Iteration 100000: T=3.3333999999999997, Loss=35198.582944676906
Iteration 110000: T=2.666733333333333, Loss=35194.31129012961
Iteration 120000: T=2.0000666666666667, Loss=35195.09260713167
Iteration 130000: T=1.3334000000000001, Loss=35192.06190717716
Iteration 140000: T=0.6667333333333336, Loss=35188.89608523918
Iteration 150000: T=6.666666666710341e-05, Loss=35185.44693638155
Initial loss: 47559.30689197339
Iteration 10000: T=9.333400000000001, Loss=35200.26987074295
Iteration 20000: T=8.666733333333333, Loss=35232.455957215956
Iteration 30000: T=8.000066666666667, Loss=35195.9075224758
Iteration 40000: T=7.3334, Loss=35192.62920085583
Iteration 50000: T=6.666733333333333, Loss=35195.092588691165
Iteration 60000: T=6.000066666666667, Loss=35195.03262517304
Iteration 70000: T=5.333399999999999, Loss=35190.82803262026
Iteration 80000: T=4.666733333333334, Loss=35182.91275621196
Iteration 90000: T=4.000066666666666, Loss=35179.93419880482
Iteration 100000: T=3.3333999999999997, Loss=35182.402131628456
Iteration 110000: T=2.666733333333333, Loss=35176.55677864994
Iteration 120000: T=2.0000666666666667, Loss=35182.23452099819
Iteration 130000: T=1.3334000000000001, Loss=35179.361120112844
Iteration 140000: T=0.6667333333333336, Loss=35175.34472173992
Iteration 150000: T=6.666666666710341e-05, Loss=35170.37250288632
Center of mass parameters: [ 1.80910658e+03  2.19072221e+00  3.57560805e+00  1.82317910e+03
  5.64749967e-01  5.81494452e+00  1.83244091e+03  9.77314864e-01
  5.18175235e+00  1.84383907e+03  7.31827069e-01  4.70374077e+00
  1.85562012e+03  1.99377749e-01  4.46028960e+00  1.86664070e+03
  1.98563654e-01  5.43796214e+00  1.87734692e+03 -7.80245307e-01
  3.30022236e+00  1.88980693e+03  8.24070118e-01  5.02472320e+00
  1.90149123e+03  2.31307385e-01  4.75516421e+00  1.91221922e+03
  2.12008022e-01  4.48019655e+00]
Final MSE: 35180.66172477935
R² = 0.00
Initial loss: 40194.75626336267
Iteration 10000: T=9.0001, Loss=35199.96570657708
Iteration 20000: T=8.0001, Loss=35206.97617612863
Iteration 30000: T=7.0001, Loss=35197.72530295409
Iteration 40000: T=6.0001, Loss=35199.13975390416
Iteration 50000: T=5.000100000000001, Loss=35196.76328627951
Iteration 60000: T=4.0001, Loss=35190.51621196747
Iteration 70000: T=3.0000999999999998, Loss=35194.42825551808
Iteration 80000: T=2.0001, Loss=35192.97901884304
Iteration 90000: T=1.0001000000000004, Loss=35190.4994024721
Iteration 100000: T=9.99999999995449e-05, Loss=35186.81603645296
Tuning complete. MSE at tuned parameters: 35186.81603645296
Initial loss: 36207.403736691296
Iteration 10000: T=9.333400000000001, Loss=35195.42916814283
Iteration 20000: T=8.666733333333333, Loss=35192.006576930464
Iteration 30000: T=8.000066666666667, Loss=35189.834297031455
Iteration 40000: T=7.3334, Loss=35183.497069907455
Iteration 50000: T=6.666733333333333, Loss=35182.373345113774
Iteration 60000: T=6.000066666666667, Loss=35183.88938433356
Iteration 70000: T=5.333399999999999, Loss=35189.79877533746
Iteration 80000: T=4.666733333333334, Loss=35189.54111750527
Iteration 90000: T=4.000066666666666, Loss=35186.32573731652
Iteration 100000: T=3.3333999999999997, Loss=35183.19685046335
Iteration 110000: T=2.666733333333333, Loss=35182.8501835441
Iteration 120000: T=2.0000666666666667, Loss=35184.71336300702
Iteration 130000: T=1.3334000000000001, Loss=35188.32779869966
Iteration 140000: T=0.6667333333333336, Loss=35181.20043792691
Iteration 150000: T=6.666666666710341e-05, Loss=35176.12137486454
Initial loss: 52627.4886026834
Iteration 10000: T=9.333400000000001, Loss=35207.99995415364
Iteration 20000: T=8.666733333333333, Loss=35200.123909073176
Iteration 30000: T=8.000066666666667, Loss=35191.3150273167
Iteration 40000: T=7.3334, Loss=35205.209904333205
Iteration 50000: T=6.666733333333333, Loss=35202.35004498793
Iteration 60000: T=6.000066666666667, Loss=35194.94663120858
Iteration 70000: T=5.333399999999999, Loss=35191.55339107091
Iteration 80000: T=4.666733333333334, Loss=35191.55990593453
Iteration 90000: T=4.000066666666666, Loss=35192.177028425
Iteration 100000: T=3.3333999999999997, Loss=35190.896814600615
Iteration 110000: T=2.666733333333333, Loss=35187.670115299596
Iteration 120000: T=2.0000666666666667, Loss=35192.275889062876
Iteration 130000: T=1.3334000000000001, Loss=35189.65738123873
Iteration 140000: T=0.6667333333333336, Loss=35188.88461678352
Iteration 150000: T=6.666666666710341e-05, Loss=35186.009776068015
Initial loss: 42680.47448144227
Iteration 10000: T=9.333400000000001, Loss=35197.889068875236
Iteration 20000: T=8.666733333333333, Loss=35186.4039308694
Iteration 30000: T=8.000066666666667, Loss=35197.93492875504
Iteration 40000: T=7.3334, Loss=35204.99116935058
Iteration 50000: T=6.666733333333333, Loss=35190.058711644204
Iteration 60000: T=6.000066666666667, Loss=35204.601598476285
Iteration 70000: T=5.333399999999999, Loss=35189.76442816587
Iteration 80000: T=4.666733333333334, Loss=35193.6790222365
Iteration 90000: T=4.000066666666666, Loss=35198.62657270266
Iteration 100000: T=3.3333999999999997, Loss=35192.511694650166
Iteration 110000: T=2.666733333333333, Loss=35194.39999859204
Iteration 120000: T=2.0000666666666667, Loss=35194.25495796562
Iteration 130000: T=1.3334000000000001, Loss=35190.9449678815
Iteration 140000: T=0.6667333333333336, Loss=35185.52031534253
Iteration 150000: T=6.666666666710341e-05, Loss=35181.89139619798
Initial loss: 90544.2021033104
Iteration 10000: T=9.333400000000001, Loss=35194.200633281405
Iteration 20000: T=8.666733333333333, Loss=35193.34956083476
Iteration 30000: T=8.000066666666667, Loss=35213.7070327913
Iteration 40000: T=7.3334, Loss=35187.51876032035
Iteration 50000: T=6.666733333333333, Loss=35188.63400560805
Iteration 60000: T=6.000066666666667, Loss=35188.82833393124
Iteration 70000: T=5.333399999999999, Loss=35185.73144159201
Iteration 80000: T=4.666733333333334, Loss=35183.187138886744
Iteration 90000: T=4.000066666666666, Loss=35179.39471335634
Iteration 100000: T=3.3333999999999997, Loss=35175.24232364101
Iteration 110000: T=2.666733333333333, Loss=35171.5545492298
Iteration 120000: T=2.0000666666666667, Loss=35166.56098463908
Iteration 130000: T=1.3334000000000001, Loss=35164.706635195944
Iteration 140000: T=0.6667333333333336, Loss=35159.496984119505
Iteration 150000: T=6.666666666710341e-05, Loss=35155.85496758398
Initial loss: 39390.03265297746
Iteration 10000: T=9.333400000000001, Loss=35184.10626549152
Iteration 20000: T=8.666733333333333, Loss=35182.69441342659
Iteration 30000: T=8.000066666666667, Loss=35187.66075082819
Iteration 40000: T=7.3334, Loss=35175.13659745345
Iteration 50000: T=6.666733333333333, Loss=35176.47433364568
Iteration 60000: T=6.000066666666667, Loss=35179.59020549351
Iteration 70000: T=5.333399999999999, Loss=35184.3843686004
Iteration 80000: T=4.666733333333334, Loss=35178.98119645875
Iteration 90000: T=4.000066666666666, Loss=35169.152386952774
Iteration 100000: T=3.3333999999999997, Loss=35174.33832092576
Iteration 110000: T=2.666733333333333, Loss=35170.94018242207
Iteration 120000: T=2.0000666666666667, Loss=35165.61581548301
Iteration 130000: T=1.3334000000000001, Loss=35165.86464262312
Iteration 140000: T=0.6667333333333336, Loss=35163.50826752316
Iteration 150000: T=6.666666666710341e-05, Loss=35161.70786158163
Center of mass parameters: [1.80906128e+03 7.68399302e-01 3.54230331e+00 1.82106849e+03
 1.38734249e+00 4.28450299e+00 1.83184717e+03 1.41170006e+00
 3.91188734e+00 1.84427134e+03 8.03543968e-01 5.44756120e+00
 1.85523298e+03 2.13833008e-01 4.76731963e+00 1.86702895e+03
 5.57244696e-03 4.66182286e+00 1.87779926e+03 1.65829996e-01
 5.67577852e+00 1.88921879e+03 4.26147371e-01 5.45052131e+00
 1.90232018e+03 2.01959696e-01 5.37123213e+00 1.91210406e+03
 1.30549974e+00 4.81538370e+00]
Final MSE: 35175.85481591229
R² = 0.27
Initial loss: 40194.75626336267
Iteration 10000: T=9.0001, Loss=35191.34691000866
Iteration 20000: T=8.0001, Loss=35190.79012888512
Iteration 30000: T=7.0001, Loss=35194.49327123312
Iteration 40000: T=6.0001, Loss=35193.011648016705
Iteration 50000: T=5.000100000000001, Loss=35191.83001764378
Iteration 60000: T=4.0001, Loss=35197.40865420974
Iteration 70000: T=3.0000999999999998, Loss=35203.53564946895
Iteration 80000: T=2.0001, Loss=35197.128610712316
Iteration 90000: T=1.0001000000000004, Loss=35198.26841519398
Iteration 100000: T=9.99999999995449e-05, Loss=35190.47638239312
Tuning complete. MSE at tuned parameters: 35190.47638239312
Initial loss: 35200.50893977671
Iteration 10000: T=9.333400000000001, Loss=35200.24439546717
Iteration 20000: T=8.666733333333333, Loss=35187.35025154552
Iteration 30000: T=8.000066666666667, Loss=35183.09946594639
Iteration 40000: T=7.3334, Loss=35210.85130545683
Iteration 50000: T=6.666733333333333, Loss=35197.379050352225
Iteration 60000: T=6.000066666666667, Loss=35187.94888646984
Iteration 70000: T=5.333399999999999, Loss=35197.410316671994
Iteration 80000: T=4.666733333333334, Loss=35181.920214689715
Iteration 90000: T=4.000066666666666, Loss=35187.36839349388
Iteration 100000: T=3.3333999999999997, Loss=35188.10241932163
Iteration 110000: T=2.666733333333333, Loss=35183.90119410296
Iteration 120000: T=2.0000666666666667, Loss=35179.34224167292
Iteration 130000: T=1.3334000000000001, Loss=35180.15474029781
Iteration 140000: T=0.6667333333333336, Loss=35182.55432227761
Iteration 150000: T=6.666666666710341e-05, Loss=35176.399121835726
Initial loss: 49223.57289513765
Iteration 10000: T=9.333400000000001, Loss=35213.86916146478
Iteration 20000: T=8.666733333333333, Loss=35210.998052215815
Iteration 30000: T=8.000066666666667, Loss=35199.44406328193
Iteration 40000: T=7.3334, Loss=35226.04419660451
Iteration 50000: T=6.666733333333333, Loss=35200.448563834696
Iteration 60000: T=6.000066666666667, Loss=35187.244353082795
Iteration 70000: T=5.333399999999999, Loss=35198.61084088923
Iteration 80000: T=4.666733333333334, Loss=35197.75522310479
Iteration 90000: T=4.000066666666666, Loss=35194.139913944586
Iteration 100000: T=3.3333999999999997, Loss=35182.872742094485
Iteration 110000: T=2.666733333333333, Loss=35189.18215469292
Iteration 120000: T=2.0000666666666667, Loss=35180.851715535784
Iteration 130000: T=1.3334000000000001, Loss=35179.15851724592
Iteration 140000: T=0.6667333333333336, Loss=35177.4675604511
Iteration 150000: T=6.666666666710341e-05, Loss=35170.500191426545
Initial loss: 37453.521068288705
Iteration 10000: T=9.333400000000001, Loss=35190.85428456021
Iteration 20000: T=8.666733333333333, Loss=35198.808531099174
Iteration 30000: T=8.000066666666667, Loss=35193.14990921997
Iteration 40000: T=7.3334, Loss=35196.91144916711
Iteration 50000: T=6.666733333333333, Loss=35193.45007800843
Iteration 60000: T=6.000066666666667, Loss=35185.283952470374
Iteration 70000: T=5.333399999999999, Loss=35189.24968594154
Iteration 80000: T=4.666733333333334, Loss=35175.78082058695
Iteration 90000: T=4.000066666666666, Loss=35175.84560218678
Iteration 100000: T=3.3333999999999997, Loss=35165.15932067847
Iteration 110000: T=2.666733333333333, Loss=35168.71265526946
Iteration 120000: T=2.0000666666666667, Loss=35166.12086796015
Iteration 130000: T=1.3334000000000001, Loss=35161.65900559614
Iteration 140000: T=0.6667333333333336, Loss=35158.17712947021
Iteration 150000: T=6.666666666710341e-05, Loss=35152.84155680891
Initial loss: 45717.247965852395
Iteration 10000: T=9.333400000000001, Loss=35203.359377058565
Iteration 20000: T=8.666733333333333, Loss=35191.94751774804
Iteration 30000: T=8.000066666666667, Loss=35198.4784887007
Iteration 40000: T=7.3334, Loss=35193.13099566665
Iteration 50000: T=6.666733333333333, Loss=35192.66176538324
Iteration 60000: T=6.000066666666667, Loss=35190.10847180399
Iteration 70000: T=5.333399999999999, Loss=35189.73518564283
Iteration 80000: T=4.666733333333334, Loss=35196.13433213415
Iteration 90000: T=4.000066666666666, Loss=35192.72810186103
Iteration 100000: T=3.3333999999999997, Loss=35191.88409502446
Iteration 110000: T=2.666733333333333, Loss=35188.67257496009
Iteration 120000: T=2.0000666666666667, Loss=35188.33333939364
Iteration 130000: T=1.3334000000000001, Loss=35189.06584773672
Iteration 140000: T=0.6667333333333336, Loss=35189.08898743764
Iteration 150000: T=6.666666666710341e-05, Loss=35184.376584066165
Initial loss: 42281.06704970198
Iteration 10000: T=9.333400000000001, Loss=35189.35477978339
Iteration 20000: T=8.666733333333333, Loss=35194.916458697604
Iteration 30000: T=8.000066666666667, Loss=35196.02277906657
Iteration 40000: T=7.3334, Loss=35207.18222396955
Iteration 50000: T=6.666733333333333, Loss=35191.418484553535
Iteration 60000: T=6.000066666666667, Loss=35192.368558794034
Iteration 70000: T=5.333399999999999, Loss=35191.079093777844
Iteration 80000: T=4.666733333333334, Loss=35187.06613001488
Iteration 90000: T=4.000066666666666, Loss=35186.553494815154
Iteration 100000: T=3.3333999999999997, Loss=35190.259331374655
Iteration 110000: T=2.666733333333333, Loss=35192.47143475644
Iteration 120000: T=2.0000666666666667, Loss=35189.259656974325
Iteration 130000: T=1.3334000000000001, Loss=35191.242684809135
Iteration 140000: T=0.6667333333333336, Loss=35188.21174293199
Iteration 150000: T=6.666666666710341e-05, Loss=35186.95657275158
Center of mass parameters: [ 1.80892507e+03  4.30300949e-01  2.99606386e+00  1.82204012e+03
  1.31300362e+00  3.83084838e+00  1.83261272e+03 -1.74901898e-01
  3.49794391e+00  1.84167428e+03  1.30385534e-01  4.85026036e+00
  1.85496410e+03  2.23610914e-01  4.97648888e+00  1.86583127e+03
  3.95174865e-01  3.91256939e+00  1.87767556e+03 -2.08108801e-01
  4.76477473e+00  1.89052145e+03  6.85909297e-01  4.99964911e+00
  1.90220743e+03  1.38710034e+00  5.95078196e+00  1.91330842e+03
 -4.01733530e-01  5.01227807e+00]
Final MSE: 35178.97507571486
R² = 0.02
Initial loss: 40194.75626336267
Iteration 10000: T=9.0001, Loss=35201.16940640108
Iteration 20000: T=8.0001, Loss=35207.02892372213
Iteration 30000: T=7.0001, Loss=35210.45844271425
Iteration 40000: T=6.0001, Loss=35219.65696036742
Iteration 50000: T=5.000100000000001, Loss=35206.4229654065
Iteration 60000: T=4.0001, Loss=35212.09948618702
Iteration 70000: T=3.0000999999999998, Loss=35201.66577913216
Iteration 80000: T=2.0001, Loss=35196.6732281669
Iteration 90000: T=1.0001000000000004, Loss=35193.007388260994
Iteration 100000: T=9.99999999995449e-05, Loss=35187.39795310996
Tuning complete. MSE at tuned parameters: 35187.39795310996
Initial loss: 41337.71134459069
Iteration 10000: T=9.333400000000001, Loss=35223.11240531707
Iteration 20000: T=8.666733333333333, Loss=35191.72892369135
Iteration 30000: T=8.000066666666667, Loss=35203.623730575855
Iteration 40000: T=7.3334, Loss=35204.4796319254
Iteration 50000: T=6.666733333333333, Loss=35196.349640354914
Iteration 60000: T=6.000066666666667, Loss=35186.7854437162
Iteration 70000: T=5.333399999999999, Loss=35187.55310705878
Iteration 80000: T=4.666733333333334, Loss=35185.54078341081
Iteration 90000: T=4.000066666666666, Loss=35180.74109803617
Iteration 100000: T=3.3333999999999997, Loss=35191.62310530122
Iteration 110000: T=2.666733333333333, Loss=35179.40431705718
Iteration 120000: T=2.0000666666666667, Loss=35185.887437859994
Iteration 130000: T=1.3334000000000001, Loss=35175.127539745874
Iteration 140000: T=0.6667333333333336, Loss=35176.47390316411
Iteration 150000: T=6.666666666710341e-05, Loss=35173.97252660737
Initial loss: 37606.75540246154
Iteration 10000: T=9.333400000000001, Loss=35196.9692585701
Iteration 20000: T=8.666733333333333, Loss=35202.33714018296
Iteration 30000: T=8.000066666666667, Loss=35204.837381610014
Iteration 40000: T=7.3334, Loss=35207.66922439111
Iteration 50000: T=6.666733333333333, Loss=35195.195633406685
Iteration 60000: T=6.000066666666667, Loss=35205.56208666103
Iteration 70000: T=5.333399999999999, Loss=35207.51833490259
Iteration 80000: T=4.666733333333334, Loss=35193.639306700374
Iteration 90000: T=4.000066666666666, Loss=35194.413293233054
Iteration 100000: T=3.3333999999999997, Loss=35194.6293229199
Iteration 110000: T=2.666733333333333, Loss=35203.11283745935
Iteration 120000: T=2.0000666666666667, Loss=35194.6343947401
Iteration 130000: T=1.3334000000000001, Loss=35190.04171561507
Iteration 140000: T=0.6667333333333336, Loss=35193.64161824091
Iteration 150000: T=6.666666666710341e-05, Loss=35185.3134250826
Initial loss: 40219.551127286024
Iteration 10000: T=9.333400000000001, Loss=35214.27000599304
Iteration 20000: T=8.666733333333333, Loss=35183.85431293673
Iteration 30000: T=8.000066666666667, Loss=35190.98518048098
Iteration 40000: T=7.3334, Loss=35186.645959516325
Iteration 50000: T=6.666733333333333, Loss=35191.821193377735
Iteration 60000: T=6.000066666666667, Loss=35193.7832975194
Iteration 70000: T=5.333399999999999, Loss=35195.64222539156
Iteration 80000: T=4.666733333333334, Loss=35190.9933641371
Iteration 90000: T=4.000066666666666, Loss=35188.60083540004
Iteration 100000: T=3.3333999999999997, Loss=35185.804311490174
Iteration 110000: T=2.666733333333333, Loss=35184.54938474119
Iteration 120000: T=2.0000666666666667, Loss=35182.17766324492
Iteration 130000: T=1.3334000000000001, Loss=35182.29471926993
Iteration 140000: T=0.6667333333333336, Loss=35184.56822214486
Iteration 150000: T=6.666666666710341e-05, Loss=35180.20686687453
Initial loss: 41903.886400628646
Iteration 10000: T=9.333400000000001, Loss=35202.14947717374
Iteration 20000: T=8.666733333333333, Loss=35210.72996635135
Iteration 30000: T=8.000066666666667, Loss=35195.64477688176
Iteration 40000: T=7.3334, Loss=35190.39223344821
Iteration 50000: T=6.666733333333333, Loss=35194.969902877136
Iteration 60000: T=6.000066666666667, Loss=35194.55937970257
Iteration 70000: T=5.333399999999999, Loss=35199.98468099811
Iteration 80000: T=4.666733333333334, Loss=35201.59495132851
Iteration 90000: T=4.000066666666666, Loss=35200.156599860944
Iteration 100000: T=3.3333999999999997, Loss=35198.19135756936
Iteration 110000: T=2.666733333333333, Loss=35197.56462986489
Iteration 120000: T=2.0000666666666667, Loss=35192.24595001566
Iteration 130000: T=1.3334000000000001, Loss=35195.34849938565
Iteration 140000: T=0.6667333333333336, Loss=35190.6478677103
Iteration 150000: T=6.666666666710341e-05, Loss=35186.79844830792
Initial loss: 37438.62470509024
Iteration 10000: T=9.333400000000001, Loss=35192.49755620227
Iteration 20000: T=8.666733333333333, Loss=35200.05948929188
Iteration 30000: T=8.000066666666667, Loss=35192.66919029821
Iteration 40000: T=7.3334, Loss=35215.79266588635
Iteration 50000: T=6.666733333333333, Loss=35201.406153458025
Iteration 60000: T=6.000066666666667, Loss=35192.76081790737
Iteration 70000: T=5.333399999999999, Loss=35192.389933242936
Iteration 80000: T=4.666733333333334, Loss=35188.10424886579
Iteration 90000: T=4.000066666666666, Loss=35194.72843805057
Iteration 100000: T=3.3333999999999997, Loss=35180.10648531057
Iteration 110000: T=2.666733333333333, Loss=35176.510915027226
Iteration 120000: T=2.0000666666666667, Loss=35176.30916497482
Iteration 130000: T=1.3334000000000001, Loss=35174.37072082961
Iteration 140000: T=0.6667333333333336, Loss=35174.04861318645
Iteration 150000: T=6.666666666710341e-05, Loss=35169.63756437682
Center of mass parameters: [ 1.81061098e+03  9.45086298e-01  4.77573337e+00  1.82158734e+03
  1.46478887e-01  5.81281987e+00  1.83244116e+03  7.53510749e-01
  5.53483158e+00  1.84155355e+03  4.14686886e-01  5.87639609e+00
  1.85470571e+03  2.33090036e-01  5.18043191e+00  1.86702481e+03
  9.65813236e-01  6.44769708e+00  1.87745560e+03  1.74759333e-01
  5.88479789e+00  1.89047008e+03  9.35762022e-01  5.32506914e+00
  1.90036754e+03  1.41093754e-02  5.08604852e+00  1.91341754e+03
 -5.94253241e-02  5.49011155e+00]
Final MSE: 35183.103547004015
R² = 0.00
Initial loss: 40194.75626336267
Iteration 10000: T=9.0001, Loss=35195.07718356125
Iteration 20000: T=8.0001, Loss=35188.73125059623
Iteration 30000: T=7.0001, Loss=35195.34274208163
Iteration 40000: T=6.0001, Loss=35189.9997448553
Iteration 50000: T=5.000100000000001, Loss=35191.66791495103
Iteration 60000: T=4.0001, Loss=35195.00104084558
Iteration 70000: T=3.0000999999999998, Loss=35191.92746652945
Iteration 80000: T=2.0001, Loss=35186.77935395629
Iteration 90000: T=1.0001000000000004, Loss=35186.289019409734
Iteration 100000: T=9.99999999995449e-05, Loss=35183.21828919673
Tuning complete. MSE at tuned parameters: 35183.21828919673
Initial loss: 35943.53827783631
Iteration 10000: T=9.333400000000001, Loss=35187.13125728353
Iteration 20000: T=8.666733333333333, Loss=35225.39413436753
Iteration 30000: T=8.000066666666667, Loss=35190.79481847111
Iteration 40000: T=7.3334, Loss=35194.79626649553
Iteration 50000: T=6.666733333333333, Loss=35185.37590393903
Iteration 60000: T=6.000066666666667, Loss=35183.4075089665
Iteration 70000: T=5.333399999999999, Loss=35189.919138580546
Iteration 80000: T=4.666733333333334, Loss=35191.16072932325
Iteration 90000: T=4.000066666666666, Loss=35191.14726263766
Iteration 100000: T=3.3333999999999997, Loss=35192.15040665462
Iteration 110000: T=2.666733333333333, Loss=35184.84757713014
Iteration 120000: T=2.0000666666666667, Loss=35184.83467476736
Iteration 130000: T=1.3334000000000001, Loss=35179.366893648155
Iteration 140000: T=0.6667333333333336, Loss=35180.960297044985
Iteration 150000: T=6.666666666710341e-05, Loss=35176.98369447093
Initial loss: 38754.12631212764
Iteration 10000: T=9.333400000000001, Loss=35191.705496155344
Iteration 20000: T=8.666733333333333, Loss=35198.52244141506
Iteration 30000: T=8.000066666666667, Loss=35198.543627832754
Iteration 40000: T=7.3334, Loss=35196.62233485516
Iteration 50000: T=6.666733333333333, Loss=35194.60136291095
Iteration 60000: T=6.000066666666667, Loss=35190.160718783045
Iteration 70000: T=5.333399999999999, Loss=35190.75434915302
Iteration 80000: T=4.666733333333334, Loss=35182.57759579096
Iteration 90000: T=4.000066666666666, Loss=35182.091468704304
Iteration 100000: T=3.3333999999999997, Loss=35186.435226395
Iteration 110000: T=2.666733333333333, Loss=35179.187252297015
Iteration 120000: T=2.0000666666666667, Loss=35177.552231577654
Iteration 130000: T=1.3334000000000001, Loss=35176.95395657128
Iteration 140000: T=0.6667333333333336, Loss=35174.7016447964
Iteration 150000: T=6.666666666710341e-05, Loss=35169.90812828445
Initial loss: 41737.67933181286
Iteration 10000: T=9.333400000000001, Loss=35182.15266854746
Iteration 20000: T=8.666733333333333, Loss=35185.5930369574
Iteration 30000: T=8.000066666666667, Loss=35197.95105782336
Iteration 40000: T=7.3334, Loss=35184.89388475681
Iteration 50000: T=6.666733333333333, Loss=35183.6071245868
Iteration 60000: T=6.000066666666667, Loss=35181.29268833706
Iteration 70000: T=5.333399999999999, Loss=35180.99603822395
Iteration 80000: T=4.666733333333334, Loss=35180.42072397807
Iteration 90000: T=4.000066666666666, Loss=35183.84482730493
Iteration 100000: T=3.3333999999999997, Loss=35176.99925656666
Iteration 110000: T=2.666733333333333, Loss=35178.828799425406
Iteration 120000: T=2.0000666666666667, Loss=35175.44735635347
Iteration 130000: T=1.3334000000000001, Loss=35173.18654939684
Iteration 140000: T=0.6667333333333336, Loss=35171.47704968019
Iteration 150000: T=6.666666666710341e-05, Loss=35169.29433704164
Initial loss: 35581.96872329647
Iteration 10000: T=9.333400000000001, Loss=35192.79238418906
Iteration 20000: T=8.666733333333333, Loss=35186.00188297819
Iteration 30000: T=8.000066666666667, Loss=35192.760409965376
Iteration 40000: T=7.3334, Loss=35187.27701051122
Iteration 50000: T=6.666733333333333, Loss=35185.23235939887
Iteration 60000: T=6.000066666666667, Loss=35199.009883876606
Iteration 70000: T=5.333399999999999, Loss=35188.27200507025
Iteration 80000: T=4.666733333333334, Loss=35190.127152056375
Iteration 90000: T=4.000066666666666, Loss=35184.632733536004
Iteration 100000: T=3.3333999999999997, Loss=35192.13321168205
Iteration 110000: T=2.666733333333333, Loss=35181.13853323208
Iteration 120000: T=2.0000666666666667, Loss=35179.79216398737
Iteration 130000: T=1.3334000000000001, Loss=35177.71036238197
Iteration 140000: T=0.6667333333333336, Loss=35175.440602025745
Iteration 150000: T=6.666666666710341e-05, Loss=35173.6047715238
Initial loss: 36601.91021628056
Iteration 10000: T=9.333400000000001, Loss=35188.2558480389
Iteration 20000: T=8.666733333333333, Loss=35185.396340011226
Iteration 30000: T=8.000066666666667, Loss=35189.11072718792
Iteration 40000: T=7.3334, Loss=35188.46127016044
Iteration 50000: T=6.666733333333333, Loss=35188.4938760358
Iteration 60000: T=6.000066666666667, Loss=35198.70334309795
Iteration 70000: T=5.333399999999999, Loss=35193.9172554461
Iteration 80000: T=4.666733333333334, Loss=35208.20396409107
Iteration 90000: T=4.000066666666666, Loss=35190.978407065995
Iteration 100000: T=3.3333999999999997, Loss=35182.398196570655
Iteration 110000: T=2.666733333333333, Loss=35181.69897952624
Iteration 120000: T=2.0000666666666667, Loss=35180.96708379262
Iteration 130000: T=1.3334000000000001, Loss=35178.852994973284
Iteration 140000: T=0.6667333333333336, Loss=35175.08046556861
Iteration 150000: T=6.666666666710341e-05, Loss=35172.0636425133
Center of mass parameters: [ 1.80913859e+03  5.48247588e-01  4.91348269e+00  1.82217537e+03
  1.94002530e-01  5.01520281e+00  1.83204689e+03  3.72296484e-01
  3.11672686e+00  1.84213857e+03  1.49442856e+00  6.53617142e+00
  1.85511582e+03  2.18276488e-01  4.86169228e+00  1.86661610e+03
  4.29970358e-01  5.80284543e+00  1.87787944e+03 -6.02817217e-01
  5.70600826e+00  1.88933521e+03  3.30542615e-01  5.38032878e+00
  1.90239011e+03 -1.07105424e-01  5.45798547e+00  1.91284303e+03
  3.69388352e-01  4.94111809e+00]
Final MSE: 35176.352397957344
R² = 0.05
Initial loss: 40194.75626336267
Iteration 10000: T=9.0001, Loss=35209.815817136834
Iteration 20000: T=8.0001, Loss=35204.06918275831
Iteration 30000: T=7.0001, Loss=35213.6172106242
Iteration 40000: T=6.0001, Loss=35193.54583101407
Iteration 50000: T=5.000100000000001, Loss=35201.592161353205
Iteration 60000: T=4.0001, Loss=35193.317404954214
Iteration 70000: T=3.0000999999999998, Loss=35190.57469529552
Iteration 80000: T=2.0001, Loss=35191.418202064844
Iteration 90000: T=1.0001000000000004, Loss=35188.55801681949
Iteration 100000: T=9.99999999995449e-05, Loss=35184.7024428731
Tuning complete. MSE at tuned parameters: 35184.7024428731
Initial loss: 40692.72374338059
Iteration 10000: T=9.333400000000001, Loss=35194.392228882214
Iteration 20000: T=8.666733333333333, Loss=35199.418435715575
Iteration 30000: T=8.000066666666667, Loss=35190.41381902085
Iteration 40000: T=7.3334, Loss=35199.006940984626
Iteration 50000: T=6.666733333333333, Loss=35193.78276964707
Iteration 60000: T=6.000066666666667, Loss=35202.20664662227
Iteration 70000: T=5.333399999999999, Loss=35190.895251617374
Iteration 80000: T=4.666733333333334, Loss=35215.88134196488
Iteration 90000: T=4.000066666666666, Loss=35200.513759912355
Iteration 100000: T=3.3333999999999997, Loss=35193.55740424401
Iteration 110000: T=2.666733333333333, Loss=35193.0640480056
Iteration 120000: T=2.0000666666666667, Loss=35190.88359809326
Iteration 130000: T=1.3334000000000001, Loss=35191.339288953764
Iteration 140000: T=0.6667333333333336, Loss=35188.89524797407
Iteration 150000: T=6.666666666710341e-05, Loss=35183.45855269133
Initial loss: 51670.840972717226
Iteration 10000: T=9.333400000000001, Loss=35200.35179536482
Iteration 20000: T=8.666733333333333, Loss=35189.25447673946
Iteration 30000: T=8.000066666666667, Loss=35189.26035480846
Iteration 40000: T=7.3334, Loss=35181.41836023762
Iteration 50000: T=6.666733333333333, Loss=35180.937644571066
Iteration 60000: T=6.000066666666667, Loss=35189.919882045826
Iteration 70000: T=5.333399999999999, Loss=35180.93535568673
Iteration 80000: T=4.666733333333334, Loss=35178.539937747526
Iteration 90000: T=4.000066666666666, Loss=35189.264294314424
Iteration 100000: T=3.3333999999999997, Loss=35173.66009620516
Iteration 110000: T=2.666733333333333, Loss=35174.807189174215
Iteration 120000: T=2.0000666666666667, Loss=35170.73045877888
Iteration 130000: T=1.3334000000000001, Loss=35170.84370849252
Iteration 140000: T=0.6667333333333336, Loss=35167.13764032757
Iteration 150000: T=6.666666666710341e-05, Loss=35164.80190771609
Initial loss: 38985.879603020294
Iteration 10000: T=9.333400000000001, Loss=35194.511207269665
Iteration 20000: T=8.666733333333333, Loss=35209.24018801644
Iteration 30000: T=8.000066666666667, Loss=35199.928019337356
Iteration 40000: T=7.3334, Loss=35196.376348481936
Iteration 50000: T=6.666733333333333, Loss=35195.29651748291
Iteration 60000: T=6.000066666666667, Loss=35200.81799765669
Iteration 70000: T=5.333399999999999, Loss=35197.50763686022
Iteration 80000: T=4.666733333333334, Loss=35191.28027624062
Iteration 90000: T=4.000066666666666, Loss=35192.34648413395
Iteration 100000: T=3.3333999999999997, Loss=35188.43161415459
Iteration 110000: T=2.666733333333333, Loss=35180.328537553025
Iteration 120000: T=2.0000666666666667, Loss=35177.08436621989
Iteration 130000: T=1.3334000000000001, Loss=35173.40584404348
Iteration 140000: T=0.6667333333333336, Loss=35173.86550418703
Iteration 150000: T=6.666666666710341e-05, Loss=35169.164943247306
Initial loss: 42307.61575214172
Iteration 10000: T=9.333400000000001, Loss=35189.938021743736
Iteration 20000: T=8.666733333333333, Loss=35192.53099610294
Iteration 30000: T=8.000066666666667, Loss=35205.62052647502
Iteration 40000: T=7.3334, Loss=35187.09713624339
Iteration 50000: T=6.666733333333333, Loss=35188.32025820748
Iteration 60000: T=6.000066666666667, Loss=35185.26454936251
Iteration 70000: T=5.333399999999999, Loss=35189.48701923309
Iteration 80000: T=4.666733333333334, Loss=35188.66115803707
Iteration 90000: T=4.000066666666666, Loss=35190.86762482567
Iteration 100000: T=3.3333999999999997, Loss=35195.024511148586
Iteration 110000: T=2.666733333333333, Loss=35191.24475311249
Iteration 120000: T=2.0000666666666667, Loss=35186.98797714214
Iteration 130000: T=1.3334000000000001, Loss=35185.14889106596
Iteration 140000: T=0.6667333333333336, Loss=35186.97008717958
Iteration 150000: T=6.666666666710341e-05, Loss=35183.94137476418
Initial loss: 35658.04578395857
Iteration 10000: T=9.333400000000001, Loss=35192.108206489036
Iteration 20000: T=8.666733333333333, Loss=35182.18819090211
Iteration 30000: T=8.000066666666667, Loss=35182.74302056557
Iteration 40000: T=7.3334, Loss=35193.993244038626
Iteration 50000: T=6.666733333333333, Loss=35191.235997491254
Iteration 60000: T=6.000066666666667, Loss=35188.55133800732
Iteration 70000: T=5.333399999999999, Loss=35190.58333552446
Iteration 80000: T=4.666733333333334, Loss=35183.72871767003
Iteration 90000: T=4.000066666666666, Loss=35177.471912849905
Iteration 100000: T=3.3333999999999997, Loss=35176.54212377613
Iteration 110000: T=2.666733333333333, Loss=35173.5807232333
Iteration 120000: T=2.0000666666666667, Loss=35174.5389779454
Iteration 130000: T=1.3334000000000001, Loss=35175.80609667721
Iteration 140000: T=0.6667333333333336, Loss=35171.849587079356
Iteration 150000: T=6.666666666710341e-05, Loss=35167.13400411259
Center of mass parameters: [ 1.81024969e+03  4.64065804e-01  4.97321645e+00  1.82235544e+03
  1.24369627e+00  4.66038883e+00  1.83169580e+03  7.99633636e-01
  3.60251162e+00  1.84246183e+03  3.98644232e-01  5.46913234e+00
  1.85525583e+03  2.12944009e-01  4.74812891e+00  1.86626289e+03
  7.14244640e-01  4.01109478e+00  1.87766311e+03 -4.51227133e-02
  5.11123883e+00  1.88933114e+03  1.40740893e+00  4.98970382e+00
  1.90199547e+03  1.04493379e+00  4.36239304e+00  1.91321365e+03
  3.73881227e-01  4.78746851e+00]
Final MSE: 35177.51938715104
R² = 0.10
Initial loss: 40194.75626336267
Iteration 10000: T=9.0001, Loss=35193.58202192713
Iteration 20000: T=8.0001, Loss=35199.046248342354
Iteration 30000: T=7.0001, Loss=35194.559793370194
Iteration 40000: T=6.0001, Loss=35194.3591403328
Iteration 50000: T=5.000100000000001, Loss=35189.02156830074
Iteration 60000: T=4.0001, Loss=35193.802896785666
Iteration 70000: T=3.0000999999999998, Loss=35190.38194443259
Iteration 80000: T=2.0001, Loss=35191.79502536503
Iteration 90000: T=1.0001000000000004, Loss=35189.29502245634
Iteration 100000: T=9.99999999995449e-05, Loss=35186.04752591661
Tuning complete. MSE at tuned parameters: 35186.04752591661
Initial loss: 36756.555438164476
Iteration 10000: T=9.333400000000001, Loss=35222.47498407295
Iteration 20000: T=8.666733333333333, Loss=35198.48747971034
Iteration 30000: T=8.000066666666667, Loss=35190.89241930586
Iteration 40000: T=7.3334, Loss=35185.32020189846
Iteration 50000: T=6.666733333333333, Loss=35183.587691183006
Iteration 60000: T=6.000066666666667, Loss=35179.73853590799
Iteration 70000: T=5.333399999999999, Loss=35178.369993476015
Iteration 80000: T=4.666733333333334, Loss=35181.58970770663
Iteration 90000: T=4.000066666666666, Loss=35179.235592989375
Iteration 100000: T=3.3333999999999997, Loss=35183.87076163928
Iteration 110000: T=2.666733333333333, Loss=35181.27665977423
Iteration 120000: T=2.0000666666666667, Loss=35181.27280407848
Iteration 130000: T=1.3334000000000001, Loss=35173.14265557528
Iteration 140000: T=0.6667333333333336, Loss=35171.68682976459
Iteration 150000: T=6.666666666710341e-05, Loss=35168.82315176854
Initial loss: 249725.67588901342
Iteration 10000: T=9.333400000000001, Loss=35201.186700243976
Iteration 20000: T=8.666733333333333, Loss=35202.664890530104
Iteration 30000: T=8.000066666666667, Loss=35188.79627541167
Iteration 40000: T=7.3334, Loss=35188.04014827029
Iteration 50000: T=6.666733333333333, Loss=35196.01841363568
Iteration 60000: T=6.000066666666667, Loss=35190.74702972126
Iteration 70000: T=5.333399999999999, Loss=35182.92248644869
Iteration 80000: T=4.666733333333334, Loss=35192.25413299387
Iteration 90000: T=4.000066666666666, Loss=35188.04303979457
Iteration 100000: T=3.3333999999999997, Loss=35195.22483212866
Iteration 110000: T=2.666733333333333, Loss=35185.99263244436
Iteration 120000: T=2.0000666666666667, Loss=35184.86050608743
Iteration 130000: T=1.3334000000000001, Loss=35185.323010286804
Iteration 140000: T=0.6667333333333336, Loss=35181.96837290173
Iteration 150000: T=6.666666666710341e-05, Loss=35179.91686998283
Initial loss: 35503.83534853922
Iteration 10000: T=9.333400000000001, Loss=35188.050670670935
Iteration 20000: T=8.666733333333333, Loss=35188.03326099941
Iteration 30000: T=8.000066666666667, Loss=35185.931818476085
Iteration 40000: T=7.3334, Loss=35186.3375060126
Iteration 50000: T=6.666733333333333, Loss=35207.43105560655
Iteration 60000: T=6.000066666666667, Loss=35185.6377862674
Iteration 70000: T=5.333399999999999, Loss=35187.621252953766
Iteration 80000: T=4.666733333333334, Loss=35193.74064612608
Iteration 90000: T=4.000066666666666, Loss=35199.66039128331
Iteration 100000: T=3.3333999999999997, Loss=35195.155762185444
Iteration 110000: T=2.666733333333333, Loss=35190.2369461675
Iteration 120000: T=2.0000666666666667, Loss=35187.34283107635
Iteration 130000: T=1.3334000000000001, Loss=35186.09109704816
Iteration 140000: T=0.6667333333333336, Loss=35184.39217102984
Iteration 150000: T=6.666666666710341e-05, Loss=35181.57319766376
Initial loss: 469679.6055391529
Iteration 10000: T=9.333400000000001, Loss=35191.80157337329
Iteration 20000: T=8.666733333333333, Loss=35190.63125764315
Iteration 30000: T=8.000066666666667, Loss=35203.6064042361
Iteration 40000: T=7.3334, Loss=35179.94125834446
Iteration 50000: T=6.666733333333333, Loss=35178.60483150808
Iteration 60000: T=6.000066666666667, Loss=35188.43404543151
Iteration 70000: T=5.333399999999999, Loss=35183.71911798131
Iteration 80000: T=4.666733333333334, Loss=35182.80851175893
Iteration 90000: T=4.000066666666666, Loss=35180.123614842654
Iteration 100000: T=3.3333999999999997, Loss=35193.04841060726
Iteration 110000: T=2.666733333333333, Loss=35183.28089770742
Iteration 120000: T=2.0000666666666667, Loss=35186.22414774306
Iteration 130000: T=1.3334000000000001, Loss=35184.709372722755
Iteration 140000: T=0.6667333333333336, Loss=35182.90848650481
Iteration 150000: T=6.666666666710341e-05, Loss=35178.85843242319
Initial loss: 35927.173090809316
Iteration 10000: T=9.333400000000001, Loss=35191.39418858279
Iteration 20000: T=8.666733333333333, Loss=35192.85248204454
Iteration 30000: T=8.000066666666667, Loss=35188.75220876746
Iteration 40000: T=7.3334, Loss=35191.06419259241
Iteration 50000: T=6.666733333333333, Loss=35181.28403036375
Iteration 60000: T=6.000066666666667, Loss=35192.52337423435
Iteration 70000: T=5.333399999999999, Loss=35192.53299985134
Iteration 80000: T=4.666733333333334, Loss=35183.46696780547
Iteration 90000: T=4.000066666666666, Loss=35179.50396696129
Iteration 100000: T=3.3333999999999997, Loss=35176.06374192519
Iteration 110000: T=2.666733333333333, Loss=35177.394595845944
Iteration 120000: T=2.0000666666666667, Loss=35174.63993207473
Iteration 130000: T=1.3334000000000001, Loss=35175.581834311335
Iteration 140000: T=0.6667333333333336, Loss=35174.85775227276
Iteration 150000: T=6.666666666710341e-05, Loss=35171.74898602006
Center of mass parameters: [ 1.80969720e+03  5.38562149e-01  5.20593728e+00  1.82235510e+03
 -5.98048003e-02  3.94393987e+00  1.83224617e+03 -5.94510882e-01
  5.84162725e+00  1.84222908e+03  1.21406953e-01  4.30374065e+00
  1.85530887e+03  2.10939628e-01  4.70551444e+00  1.86581243e+03
  7.05630582e-01  4.57030182e+00  1.87800569e+03  6.86180155e-01
  5.93439085e+00  1.89011524e+03  6.29697747e-01  5.71581428e+00
  1.90205435e+03 -1.20481212e-01  5.10742567e+00  1.91312322e+03
  3.31311248e-01  4.34620238e+00]
Final MSE: 35178.868283971875
R² = 0.00
Initial loss: 40194.75626336267
Iteration 10000: T=9.0001, Loss=35203.05373320543
Iteration 20000: T=8.0001, Loss=35197.2125823708
Iteration 30000: T=7.0001, Loss=35201.40975254153
Iteration 40000: T=6.0001, Loss=35227.743677632585
Iteration 50000: T=5.000100000000001, Loss=35194.348904735736
Iteration 60000: T=4.0001, Loss=35196.729259921034
Iteration 70000: T=3.0000999999999998, Loss=35196.966793190986
Iteration 80000: T=2.0001, Loss=35192.23683791115
Iteration 90000: T=1.0001000000000004, Loss=35186.576945555724
Iteration 100000: T=9.99999999995449e-05, Loss=35184.5658416307
Tuning complete. MSE at tuned parameters: 35184.5658416307
Initial loss: 38334.2280950297
Iteration 10000: T=9.333400000000001, Loss=35209.753622746284
Iteration 20000: T=8.666733333333333, Loss=35194.31575721904
Iteration 30000: T=8.000066666666667, Loss=35178.07686081433
Iteration 40000: T=7.3334, Loss=35174.921846420664
Iteration 50000: T=6.666733333333333, Loss=35185.38138077925
Iteration 60000: T=6.000066666666667, Loss=35179.86008356031
Iteration 70000: T=5.333399999999999, Loss=35181.62375037661
Iteration 80000: T=4.666733333333334, Loss=35177.27062050027
Iteration 90000: T=4.000066666666666, Loss=35179.59438917338
Iteration 100000: T=3.3333999999999997, Loss=35174.09440733952
Iteration 110000: T=2.666733333333333, Loss=35173.72283915337
Iteration 120000: T=2.0000666666666667, Loss=35173.241420045815
Iteration 130000: T=1.3334000000000001, Loss=35168.45968036834
Iteration 140000: T=0.6667333333333336, Loss=35166.82888865423
Iteration 150000: T=6.666666666710341e-05, Loss=35163.278413595035
Initial loss: 35513.40484731445
Iteration 10000: T=9.333400000000001, Loss=35194.869866307
Iteration 20000: T=8.666733333333333, Loss=35195.11495229714
Iteration 30000: T=8.000066666666667, Loss=35200.14092216778
Iteration 40000: T=7.3334, Loss=35185.81259432292
Iteration 50000: T=6.666733333333333, Loss=35190.23603108353
Iteration 60000: T=6.000066666666667, Loss=35198.06045048893
Iteration 70000: T=5.333399999999999, Loss=35184.05648074827
Iteration 80000: T=4.666733333333334, Loss=35192.301655202136
Iteration 90000: T=4.000066666666666, Loss=35189.96889691755
Iteration 100000: T=3.3333999999999997, Loss=35193.52228981629
Iteration 110000: T=2.666733333333333, Loss=35186.67088096856
Iteration 120000: T=2.0000666666666667, Loss=35190.133408539
Iteration 130000: T=1.3334000000000001, Loss=35184.37676877963
Iteration 140000: T=0.6667333333333336, Loss=35178.02005677308
Iteration 150000: T=6.666666666710341e-05, Loss=35175.726050118064
Initial loss: 36439.62870976226
Iteration 10000: T=9.333400000000001, Loss=35188.27288424458
Iteration 20000: T=8.666733333333333, Loss=35190.63535513561
Iteration 30000: T=8.000066666666667, Loss=35195.75453403358
Iteration 40000: T=7.3334, Loss=35190.3867186368
Iteration 50000: T=6.666733333333333, Loss=35203.880286659536
Iteration 60000: T=6.000066666666667, Loss=35192.04799597341
Iteration 70000: T=5.333399999999999, Loss=35187.421507017425
Iteration 80000: T=4.666733333333334, Loss=35192.40680675297
Iteration 90000: T=4.000066666666666, Loss=35185.26139942019
Iteration 100000: T=3.3333999999999997, Loss=35179.242305309665
Iteration 110000: T=2.666733333333333, Loss=35176.953843963915
Iteration 120000: T=2.0000666666666667, Loss=35174.9561758102
Iteration 130000: T=1.3334000000000001, Loss=35177.25099839054
Iteration 140000: T=0.6667333333333336, Loss=35176.30743175603
Iteration 150000: T=6.666666666710341e-05, Loss=35174.29799025739
Initial loss: 157550.54852298053
Iteration 10000: T=9.333400000000001, Loss=35222.66910275966
Iteration 20000: T=8.666733333333333, Loss=35203.656764090985
Iteration 30000: T=8.000066666666667, Loss=35190.04019964628
Iteration 40000: T=7.3334, Loss=35190.12514324241
Iteration 50000: T=6.666733333333333, Loss=35192.19853118156
Iteration 60000: T=6.000066666666667, Loss=35199.46665971928
Iteration 70000: T=5.333399999999999, Loss=35188.7824266456
Iteration 80000: T=4.666733333333334, Loss=35191.27830933728
Iteration 90000: T=4.000066666666666, Loss=35187.11202553139
Iteration 100000: T=3.3333999999999997, Loss=35187.79286554141
Iteration 110000: T=2.666733333333333, Loss=35187.86061065894
Iteration 120000: T=2.0000666666666667, Loss=35188.55758645526
Iteration 130000: T=1.3334000000000001, Loss=35188.35465214908
Iteration 140000: T=0.6667333333333336, Loss=35186.32283215043
Iteration 150000: T=6.666666666710341e-05, Loss=35183.23209394768
Initial loss: 35691.09482845477
Iteration 10000: T=9.333400000000001, Loss=35218.319819571036
Iteration 20000: T=8.666733333333333, Loss=35193.5460436414
Iteration 30000: T=8.000066666666667, Loss=35194.44650127195
Iteration 40000: T=7.3334, Loss=35186.73244731279
Iteration 50000: T=6.666733333333333, Loss=35190.16770413887
Iteration 60000: T=6.000066666666667, Loss=35186.44103635694
Iteration 70000: T=5.333399999999999, Loss=35184.440503407495
Iteration 80000: T=4.666733333333334, Loss=35199.749909644524
Iteration 90000: T=4.000066666666666, Loss=35199.22572390815
Iteration 100000: T=3.3333999999999997, Loss=35201.33176763972
Iteration 110000: T=2.666733333333333, Loss=35198.51352857966
Iteration 120000: T=2.0000666666666667, Loss=35186.21488110399
Iteration 130000: T=1.3334000000000001, Loss=35185.55057625117
Iteration 140000: T=0.6667333333333336, Loss=35182.715846909494
Iteration 150000: T=6.666666666710341e-05, Loss=35181.074573420556
Center of mass parameters: [1.80873760e+03 8.05978831e-01 6.47427255e+00 1.82224284e+03
 8.04847963e-01 5.84289096e+00 1.83269786e+03 4.41871147e-01
 5.33434627e+00 1.84222315e+03 7.53070221e-01 4.52611171e+00
 1.85531843e+03 2.10686656e-01 4.69990099e+00 1.86685105e+03
 8.79681949e-01 4.04289014e+00 1.87838745e+03 6.00021035e-01
 5.09059644e+00 1.89001225e+03 1.11063724e+00 4.66586512e+00
 1.90148279e+03 1.24959192e+00 4.62349432e+00 1.91305026e+03
 1.45546675e-01 5.80263883e+00]
Final MSE: 35179.05937114591
R² = 0.08
Initial loss: 40194.75626336267
Iteration 10000: T=9.0001, Loss=35196.702399801434
Iteration 20000: T=8.0001, Loss=35191.652217981115
Iteration 30000: T=7.0001, Loss=35196.58131686714
Iteration 40000: T=6.0001, Loss=35206.59057977084
Iteration 50000: T=5.000100000000001, Loss=35201.56008980873
Iteration 60000: T=4.0001, Loss=35195.260801150456
Iteration 70000: T=3.0000999999999998, Loss=35189.29897334736
Iteration 80000: T=2.0001, Loss=35188.08160281562
Iteration 90000: T=1.0001000000000004, Loss=35190.361255857766
Iteration 100000: T=9.99999999995449e-05, Loss=35185.75438545206
Tuning complete. MSE at tuned parameters: 35185.75438545206
Initial loss: 35343.442550750566
Iteration 10000: T=9.333400000000001, Loss=35207.42649477604
Iteration 20000: T=8.666733333333333, Loss=35200.172683793746
Iteration 30000: T=8.000066666666667, Loss=35190.80256269608
Iteration 40000: T=7.3334, Loss=35199.74770108638
Iteration 50000: T=6.666733333333333, Loss=35209.37420564358
Iteration 60000: T=6.000066666666667, Loss=35196.943474935055
Iteration 70000: T=5.333399999999999, Loss=35196.49337148562
Iteration 80000: T=4.666733333333334, Loss=35192.66531441664
Iteration 90000: T=4.000066666666666, Loss=35189.89373840622
Iteration 100000: T=3.3333999999999997, Loss=35187.85270109483
Iteration 110000: T=2.666733333333333, Loss=35186.441787578595
Iteration 120000: T=2.0000666666666667, Loss=35189.05742313101
Iteration 130000: T=1.3334000000000001, Loss=35185.524623486825
Iteration 140000: T=0.6667333333333336, Loss=35183.18207940864
Iteration 150000: T=6.666666666710341e-05, Loss=35181.42696905609
Initial loss: 35292.55121201539
Iteration 10000: T=9.333400000000001, Loss=35192.88713058212
Iteration 20000: T=8.666733333333333, Loss=35193.34687238616
Iteration 30000: T=8.000066666666667, Loss=35193.23656273186
Iteration 40000: T=7.3334, Loss=35189.12234826315
Iteration 50000: T=6.666733333333333, Loss=35191.82609653224
Iteration 60000: T=6.000066666666667, Loss=35181.952756260354
Iteration 70000: T=5.333399999999999, Loss=35178.44591631725
Iteration 80000: T=4.666733333333334, Loss=35182.29054115138
Iteration 90000: T=4.000066666666666, Loss=35186.066131201944
Iteration 100000: T=3.3333999999999997, Loss=35190.637492693364
Iteration 110000: T=2.666733333333333, Loss=35196.056767626185
Iteration 120000: T=2.0000666666666667, Loss=35189.82087860627
Iteration 130000: T=1.3334000000000001, Loss=35189.46833752432
Iteration 140000: T=0.6667333333333336, Loss=35188.69869636945
Iteration 150000: T=6.666666666710341e-05, Loss=35185.69346603921
Initial loss: 37364.29835662887
Iteration 10000: T=9.333400000000001, Loss=35202.10160468748
Iteration 20000: T=8.666733333333333, Loss=35195.73308987239
Iteration 30000: T=8.000066666666667, Loss=35188.914207114096
Iteration 40000: T=7.3334, Loss=35186.92683665152
Iteration 50000: T=6.666733333333333, Loss=35203.033771192524
Iteration 60000: T=6.000066666666667, Loss=35192.94117281613
Iteration 70000: T=5.333399999999999, Loss=35195.13181274394
Iteration 80000: T=4.666733333333334, Loss=35189.41010929244
Iteration 90000: T=4.000066666666666, Loss=35192.1585307877
Iteration 100000: T=3.3333999999999997, Loss=35194.10798244114
Iteration 110000: T=2.666733333333333, Loss=35190.84596671484
Iteration 120000: T=2.0000666666666667, Loss=35191.67499753762
Iteration 130000: T=1.3334000000000001, Loss=35192.21989520709
Iteration 140000: T=0.6667333333333336, Loss=35189.10350725958
Iteration 150000: T=6.666666666710341e-05, Loss=35186.84131231682
Initial loss: 105760.53997769632
Iteration 10000: T=9.333400000000001, Loss=35184.6582729375
Iteration 20000: T=8.666733333333333, Loss=35192.48893123549
Iteration 30000: T=8.000066666666667, Loss=35197.1065130687
Iteration 40000: T=7.3334, Loss=35196.31521549605
Iteration 50000: T=6.666733333333333, Loss=35185.779913273414
Iteration 60000: T=6.000066666666667, Loss=35197.31609003455
Iteration 70000: T=5.333399999999999, Loss=35193.38003870357
Iteration 80000: T=4.666733333333334, Loss=35199.35908810949
Iteration 90000: T=4.000066666666666, Loss=35203.743136890116
Iteration 100000: T=3.3333999999999997, Loss=35192.15190878329
Iteration 110000: T=2.666733333333333, Loss=35199.056115894375
Iteration 120000: T=2.0000666666666667, Loss=35194.68352674629
Iteration 130000: T=1.3334000000000001, Loss=35193.040226318946
Iteration 140000: T=0.6667333333333336, Loss=35188.82749767746
Iteration 150000: T=6.666666666710341e-05, Loss=35187.89276131737
Initial loss: 35514.02051754698
Iteration 10000: T=9.333400000000001, Loss=35186.16749528854
Iteration 20000: T=8.666733333333333, Loss=35205.07234982453
Iteration 30000: T=8.000066666666667, Loss=35186.99501348938
Iteration 40000: T=7.3334, Loss=35187.325026746796
Iteration 50000: T=6.666733333333333, Loss=35196.80308305124
Iteration 60000: T=6.000066666666667, Loss=35185.40787578994
Iteration 70000: T=5.333399999999999, Loss=35181.94046033172
Iteration 80000: T=4.666733333333334, Loss=35190.644138401585
Iteration 90000: T=4.000066666666666, Loss=35176.52478314512
Iteration 100000: T=3.3333999999999997, Loss=35172.32042794818
Iteration 110000: T=2.666733333333333, Loss=35172.493046161115
Iteration 120000: T=2.0000666666666667, Loss=35178.241460877565
Iteration 130000: T=1.3334000000000001, Loss=35171.45202293374
Iteration 140000: T=0.6667333333333336, Loss=35169.817655424486
Iteration 150000: T=6.666666666710341e-05, Loss=35164.93963895812
Center of mass parameters: [ 1.80919675e+03  8.57352568e-01  5.39236046e+00  1.82275122e+03
  6.49566810e-01  4.28954584e+00  1.83199234e+03 -2.64334145e-01
  4.63828489e+00  1.84274304e+03  3.60169240e-01  4.15411759e+00
  1.85536785e+03  2.08945734e-01  4.66315960e+00  1.86807315e+03
  5.09215776e-01  4.63842974e+00  1.87745070e+03  2.07122457e-01
  4.47824047e+00  1.88991042e+03  6.34383514e-01  5.42219170e+00
  1.90150672e+03  8.76819120e-01  4.97922581e+00  1.91337534e+03
 -4.26167620e-02  6.03124637e+00]
Final MSE: 35183.7079423178
R² = 0.00
Initial loss: 40194.75626336267
Iteration 10000: T=9.0001, Loss=35214.267643986655
Iteration 20000: T=8.0001, Loss=35196.512631235644
Iteration 30000: T=7.0001, Loss=35213.840359660404
Iteration 40000: T=6.0001, Loss=35206.386613792434
Iteration 50000: T=5.000100000000001, Loss=35201.261234822676
Iteration 60000: T=4.0001, Loss=35196.6369052247
Iteration 70000: T=3.0000999999999998, Loss=35198.932487539816
Iteration 80000: T=2.0001, Loss=35194.2449691273
Iteration 90000: T=1.0001000000000004, Loss=35192.00473840647
Iteration 100000: T=9.99999999995449e-05, Loss=35191.262015104556
Tuning complete. MSE at tuned parameters: 35191.262015104556
Initial loss: 35393.849755107374
Iteration 10000: T=9.333400000000001, Loss=35208.815729587135
Iteration 20000: T=8.666733333333333, Loss=35221.11730407105
Iteration 30000: T=8.000066666666667, Loss=35192.84100321125
Iteration 40000: T=7.3334, Loss=35208.91980169397
Iteration 50000: T=6.666733333333333, Loss=35199.11279445878
Iteration 60000: T=6.000066666666667, Loss=35196.26274439189
Iteration 70000: T=5.333399999999999, Loss=35204.098932394685
Iteration 80000: T=4.666733333333334, Loss=35200.49084938905
Iteration 90000: T=4.000066666666666, Loss=35195.0647403811
Iteration 100000: T=3.3333999999999997, Loss=35198.33590901783
Iteration 110000: T=2.666733333333333, Loss=35192.818678221025
Iteration 120000: T=2.0000666666666667, Loss=35188.294529951665
Iteration 130000: T=1.3334000000000001, Loss=35186.205417475874
Iteration 140000: T=0.6667333333333336, Loss=35181.89256324169
Iteration 150000: T=6.666666666710341e-05, Loss=35176.13502097897
Initial loss: 35226.262201017606
Iteration 10000: T=9.333400000000001, Loss=35201.32497598105
Iteration 20000: T=8.666733333333333, Loss=35196.49692559371
Iteration 30000: T=8.000066666666667, Loss=35216.56002457063
Iteration 40000: T=7.3334, Loss=35200.57089738669
Iteration 50000: T=6.666733333333333, Loss=35194.41494529202
Iteration 60000: T=6.000066666666667, Loss=35192.75292373949
Iteration 70000: T=5.333399999999999, Loss=35204.28174223847
Iteration 80000: T=4.666733333333334, Loss=35190.906380540444
Iteration 90000: T=4.000066666666666, Loss=35191.65451433683
Iteration 100000: T=3.3333999999999997, Loss=35185.339900478386
Iteration 110000: T=2.666733333333333, Loss=35181.890947222506
Iteration 120000: T=2.0000666666666667, Loss=35179.43438264519
Iteration 130000: T=1.3334000000000001, Loss=35180.819428082905
Iteration 140000: T=0.6667333333333336, Loss=35179.49581285876
Iteration 150000: T=6.666666666710341e-05, Loss=35175.8768247692
Initial loss: 339272.1676089731
Iteration 10000: T=9.333400000000001, Loss=35196.987787009195
Iteration 20000: T=8.666733333333333, Loss=35220.54932115155
Iteration 30000: T=8.000066666666667, Loss=35200.58191944038
Iteration 40000: T=7.3334, Loss=35201.244451816005
Iteration 50000: T=6.666733333333333, Loss=35197.22077035967
Iteration 60000: T=6.000066666666667, Loss=35194.99837936245
Iteration 70000: T=5.333399999999999, Loss=35188.16699743596
Iteration 80000: T=4.666733333333334, Loss=35180.16933192972
Iteration 90000: T=4.000066666666666, Loss=35181.55521128243
Iteration 100000: T=3.3333999999999997, Loss=35180.540935652796
Iteration 110000: T=2.666733333333333, Loss=35186.38752380286
Iteration 120000: T=2.0000666666666667, Loss=35180.0728104821
Iteration 130000: T=1.3334000000000001, Loss=35173.17460719073
Iteration 140000: T=0.6667333333333336, Loss=35170.185078399125
Iteration 150000: T=6.666666666710341e-05, Loss=35168.65032222052
Initial loss: 35334.574750357584
Iteration 10000: T=9.333400000000001, Loss=35195.2892389659
Iteration 20000: T=8.666733333333333, Loss=35194.42704596386
Iteration 30000: T=8.000066666666667, Loss=35203.11057910815
Iteration 40000: T=7.3334, Loss=35195.92410879414
Iteration 50000: T=6.666733333333333, Loss=35196.32203170913
Iteration 60000: T=6.000066666666667, Loss=35208.752528393365
Iteration 70000: T=5.333399999999999, Loss=35196.08428866373
Iteration 80000: T=4.666733333333334, Loss=35195.65124158346
Iteration 90000: T=4.000066666666666, Loss=35198.098142871975
Iteration 100000: T=3.3333999999999997, Loss=35198.90096816506
Iteration 110000: T=2.666733333333333, Loss=35197.81259875613
Iteration 120000: T=2.0000666666666667, Loss=35188.68721497373
Iteration 130000: T=1.3334000000000001, Loss=35191.3063177054
Iteration 140000: T=0.6667333333333336, Loss=35188.338323667755
Iteration 150000: T=6.666666666710341e-05, Loss=35186.083540996515
Initial loss: 35825.55932284598
Iteration 10000: T=9.333400000000001, Loss=35203.37825670271
Iteration 20000: T=8.666733333333333, Loss=35199.51249588168
Iteration 30000: T=8.000066666666667, Loss=35219.51902896576
Iteration 40000: T=7.3334, Loss=35206.03702470438
Iteration 50000: T=6.666733333333333, Loss=35203.21831539233
Iteration 60000: T=6.000066666666667, Loss=35197.83110472426
Iteration 70000: T=5.333399999999999, Loss=35208.47371439233
Iteration 80000: T=4.666733333333334, Loss=35211.10261010852
Iteration 90000: T=4.000066666666666, Loss=35203.7871456352
Iteration 100000: T=3.3333999999999997, Loss=35207.31864511631
Iteration 110000: T=2.666733333333333, Loss=35205.772222790736
Iteration 120000: T=2.0000666666666667, Loss=35200.012276390975
Iteration 130000: T=1.3334000000000001, Loss=35198.08200773549
Iteration 140000: T=0.6667333333333336, Loss=35198.33254526424
Iteration 150000: T=6.666666666710341e-05, Loss=35196.13992448699
Center of mass parameters: [1.80932695e+03 1.71077724e+00 6.40534811e+00 1.82231261e+03
 6.41714198e-01 5.03830018e+00 1.83292079e+03 3.41668064e-01
 4.87365085e+00 1.84310918e+03 9.26600602e-01 3.94735385e+00
 1.85509432e+03 2.19195072e-01 4.88068522e+00 1.86705322e+03
 7.25704011e-01 5.07152791e+00 1.87771142e+03 1.23329412e+00
 5.07766694e+00 1.88910451e+03 1.07498606e+00 5.07747839e+00
 1.90216323e+03 1.24311912e+00 5.56670276e+00 1.91301030e+03
 1.88762944e+00 4.72718771e+00]
Final MSE: 35184.44422947907
R² = 0.14
Initial loss: 40194.75626336267
Iteration 10000: T=9.0001, Loss=35222.079538050195
Iteration 20000: T=8.0001, Loss=35203.1085471922
Iteration 30000: T=7.0001, Loss=35213.84954978245
Iteration 40000: T=6.0001, Loss=35209.08387025315
Iteration 50000: T=5.000100000000001, Loss=35201.286208463265
Iteration 60000: T=4.0001, Loss=35198.27238389295
Iteration 70000: T=3.0000999999999998, Loss=35199.07297425807
Iteration 80000: T=2.0001, Loss=35191.16937285651
Iteration 90000: T=1.0001000000000004, Loss=35191.50991397773
Iteration 100000: T=9.99999999995449e-05, Loss=35188.18073031568
Tuning complete. MSE at tuned parameters: 35188.18073031568
Initial loss: 42077.894544027076
Iteration 10000: T=9.333400000000001, Loss=35199.08822737647
Iteration 20000: T=8.666733333333333, Loss=35201.367861950894
Iteration 30000: T=8.000066666666667, Loss=35183.16862541202
Iteration 40000: T=7.3334, Loss=35197.39586294439
Iteration 50000: T=6.666733333333333, Loss=35198.651865572756
Iteration 60000: T=6.000066666666667, Loss=35200.44312377769
Iteration 70000: T=5.333399999999999, Loss=35214.030786072966
Iteration 80000: T=4.666733333333334, Loss=35204.50353239107
Iteration 90000: T=4.000066666666666, Loss=35208.39632408063
Iteration 100000: T=3.3333999999999997, Loss=35208.73938604561
Iteration 110000: T=2.666733333333333, Loss=35199.37547370979
Iteration 120000: T=2.0000666666666667, Loss=35192.39297783416
Iteration 130000: T=1.3334000000000001, Loss=35188.242031179325
Iteration 140000: T=0.6667333333333336, Loss=35187.027756104486
Iteration 150000: T=6.666666666710341e-05, Loss=35183.923238578915
Initial loss: 38586.40122813098
Iteration 10000: T=9.333400000000001, Loss=35189.63223967169
Iteration 20000: T=8.666733333333333, Loss=35197.56160209944
Iteration 30000: T=8.000066666666667, Loss=35187.84566001595
Iteration 40000: T=7.3334, Loss=35186.271521878436
Iteration 50000: T=6.666733333333333, Loss=35184.78821672175
Iteration 60000: T=6.000066666666667, Loss=35182.71836692289
Iteration 70000: T=5.333399999999999, Loss=35181.88173555434
Iteration 80000: T=4.666733333333334, Loss=35184.413041571344
Iteration 90000: T=4.000066666666666, Loss=35185.972339627326
Iteration 100000: T=3.3333999999999997, Loss=35184.32554853797
Iteration 110000: T=2.666733333333333, Loss=35186.107781445855
Iteration 120000: T=2.0000666666666667, Loss=35185.71844174727
Iteration 130000: T=1.3334000000000001, Loss=35183.694142433116
Iteration 140000: T=0.6667333333333336, Loss=35176.9408397108
Iteration 150000: T=6.666666666710341e-05, Loss=35175.63261605377
Initial loss: 35502.19177100735
Iteration 10000: T=9.333400000000001, Loss=35206.41353995878
Iteration 20000: T=8.666733333333333, Loss=35213.747691374214
Iteration 30000: T=8.000066666666667, Loss=35211.32718432971
Iteration 40000: T=7.3334, Loss=35206.247733749915
Iteration 50000: T=6.666733333333333, Loss=35221.533668924734
Iteration 60000: T=6.000066666666667, Loss=35216.50884997756
Iteration 70000: T=5.333399999999999, Loss=35202.83514694079
Iteration 80000: T=4.666733333333334, Loss=35206.97691788333
Iteration 90000: T=4.000066666666666, Loss=35205.86490352378
Iteration 100000: T=3.3333999999999997, Loss=35205.332357918654
Iteration 110000: T=2.666733333333333, Loss=35207.12610008486
Iteration 120000: T=2.0000666666666667, Loss=35199.67634837625
Iteration 130000: T=1.3334000000000001, Loss=35196.74970429248
Iteration 140000: T=0.6667333333333336, Loss=35192.61713490707
Iteration 150000: T=6.666666666710341e-05, Loss=35184.64866028616
Initial loss: 35901.32500994102
Iteration 10000: T=9.333400000000001, Loss=35192.51388006677
Iteration 20000: T=8.666733333333333, Loss=35207.28802460237
Iteration 30000: T=8.000066666666667, Loss=35206.29333689143
Iteration 40000: T=7.3334, Loss=35192.01493748406
Iteration 50000: T=6.666733333333333, Loss=35187.34319468859
Iteration 60000: T=6.000066666666667, Loss=35193.346206399525
Iteration 70000: T=5.333399999999999, Loss=35191.60785641286
Iteration 80000: T=4.666733333333334, Loss=35193.62497119793
Iteration 90000: T=4.000066666666666, Loss=35198.15003643478
Iteration 100000: T=3.3333999999999997, Loss=35197.152181274745
Iteration 110000: T=2.666733333333333, Loss=35189.02799696252
Iteration 120000: T=2.0000666666666667, Loss=35185.62256303615
Iteration 130000: T=1.3334000000000001, Loss=35187.994302641746
Iteration 140000: T=0.6667333333333336, Loss=35189.29193075382
Iteration 150000: T=6.666666666710341e-05, Loss=35187.89096049863
Initial loss: 47129.012759572506
Iteration 10000: T=9.333400000000001, Loss=35202.59942331797
Iteration 20000: T=8.666733333333333, Loss=35197.999794666925
Iteration 30000: T=8.000066666666667, Loss=35193.04436855188
Iteration 40000: T=7.3334, Loss=35199.88597871384
Iteration 50000: T=6.666733333333333, Loss=35191.28159933366
Iteration 60000: T=6.000066666666667, Loss=35189.87432588037
Iteration 70000: T=5.333399999999999, Loss=35199.63274521508
Iteration 80000: T=4.666733333333334, Loss=35194.44849911314
Iteration 90000: T=4.000066666666666, Loss=35195.93472785878
Iteration 100000: T=3.3333999999999997, Loss=35186.50805760045
Iteration 110000: T=2.666733333333333, Loss=35185.13219525543
Iteration 120000: T=2.0000666666666667, Loss=35181.08872950411
Iteration 130000: T=1.3334000000000001, Loss=35177.61103876562
Iteration 140000: T=0.6667333333333336, Loss=35175.937307917826
Iteration 150000: T=6.666666666710341e-05, Loss=35172.92106406101
Center of mass parameters: [ 1.80977580e+03  6.98941018e-01  3.60644559e+00  1.82348327e+03
  1.96313917e+00  4.58784152e+00  1.83238474e+03  1.53649122e-01
  5.08458213e+00  1.84207080e+03  1.54796669e-01  4.85931139e+00
  1.85519457e+03  2.15182339e-01  4.79690271e+00  1.86723305e+03
  3.03975835e-01  5.48054493e+00  1.87693073e+03 -1.11567572e-01
  5.37705540e+00  1.88988877e+03 -4.37362552e-01  4.25100384e+00
  1.90285407e+03  1.27167681e+00  5.27163421e+00  1.91233619e+03
  1.51965288e-01  4.22311387e+00]
Final MSE: 35184.33483656927
R² = 0.00
Initial loss: 40194.75626336267
Iteration 10000: T=9.0001, Loss=35195.69098018472
Iteration 20000: T=8.0001, Loss=35192.977965751576
Iteration 30000: T=7.0001, Loss=35191.43967172587
Iteration 40000: T=6.0001, Loss=35199.98916225351
Iteration 50000: T=5.000100000000001, Loss=35203.41829173924
Iteration 60000: T=4.0001, Loss=35190.22406507308
Iteration 70000: T=3.0000999999999998, Loss=35187.58341371757
Iteration 80000: T=2.0001, Loss=35189.40970286484
Iteration 90000: T=1.0001000000000004, Loss=35188.27035327706
Iteration 100000: T=9.99999999995449e-05, Loss=35184.016832298046
Tuning complete. MSE at tuned parameters: 35184.016832298046
Initial loss: 35636.662907011654
Iteration 10000: T=9.333400000000001, Loss=35178.11903055589
Iteration 20000: T=8.666733333333333, Loss=35171.25130406088
Iteration 30000: T=8.000066666666667, Loss=35183.58123196615
Iteration 40000: T=7.3334, Loss=35169.33425133511
Iteration 50000: T=6.666733333333333, Loss=35185.17598152495
Iteration 60000: T=6.000066666666667, Loss=35182.538136145435
Iteration 70000: T=5.333399999999999, Loss=35174.17347250442
Iteration 80000: T=4.666733333333334, Loss=35173.2452790898
Iteration 90000: T=4.000066666666666, Loss=35176.068918095545
Iteration 100000: T=3.3333999999999997, Loss=35169.8649472396
Iteration 110000: T=2.666733333333333, Loss=35169.48894358651
Iteration 120000: T=2.0000666666666667, Loss=35170.12770679522
Iteration 130000: T=1.3334000000000001, Loss=35170.000804678035
Iteration 140000: T=0.6667333333333336, Loss=35171.29587823522
Iteration 150000: T=6.666666666710341e-05, Loss=35169.99718691543
Initial loss: 35384.74022254045
Iteration 10000: T=9.333400000000001, Loss=35190.64498623622
Iteration 20000: T=8.666733333333333, Loss=35182.02164091467
Iteration 30000: T=8.000066666666667, Loss=35185.48757964916
Iteration 40000: T=7.3334, Loss=35192.6866852476
Iteration 50000: T=6.666733333333333, Loss=35184.58568326828
Iteration 60000: T=6.000066666666667, Loss=35184.434659534876
Iteration 70000: T=5.333399999999999, Loss=35189.32217888054
Iteration 80000: T=4.666733333333334, Loss=35181.89430597948
Iteration 90000: T=4.000066666666666, Loss=35186.69635356881
Iteration 100000: T=3.3333999999999997, Loss=35183.35285612933
Iteration 110000: T=2.666733333333333, Loss=35178.1238682947
Iteration 120000: T=2.0000666666666667, Loss=35176.5937803279
Iteration 130000: T=1.3334000000000001, Loss=35175.552844939186
Iteration 140000: T=0.6667333333333336, Loss=35174.34226353478
Iteration 150000: T=6.666666666710341e-05, Loss=35169.779448132416
Initial loss: 40063.92739598663
Iteration 10000: T=9.333400000000001, Loss=35192.166938023795
Iteration 20000: T=8.666733333333333, Loss=35196.93851623052
Iteration 30000: T=8.000066666666667, Loss=35188.2363312081
Iteration 40000: T=7.3334, Loss=35197.39018781744
Iteration 50000: T=6.666733333333333, Loss=35184.09775339732
Iteration 60000: T=6.000066666666667, Loss=35184.801720144555
Iteration 70000: T=5.333399999999999, Loss=35185.878325393984
Iteration 80000: T=4.666733333333334, Loss=35183.96694529178
Iteration 90000: T=4.000066666666666, Loss=35180.42470464309
Iteration 100000: T=3.3333999999999997, Loss=35176.2889520508
Iteration 110000: T=2.666733333333333, Loss=35173.04440180978
Iteration 120000: T=2.0000666666666667, Loss=35166.076294886814
Iteration 130000: T=1.3334000000000001, Loss=35165.47189894809
Iteration 140000: T=0.6667333333333336, Loss=35160.55081411459
Iteration 150000: T=6.666666666710341e-05, Loss=35157.44385618704
Initial loss: 50619.4009117331
Iteration 10000: T=9.333400000000001, Loss=35192.229071974514
Iteration 20000: T=8.666733333333333, Loss=35230.04928826168
Iteration 30000: T=8.000066666666667, Loss=35186.46321987179
Iteration 40000: T=7.3334, Loss=35195.82998379297
Iteration 50000: T=6.666733333333333, Loss=35193.03945882723
Iteration 60000: T=6.000066666666667, Loss=35198.134933658046
Iteration 70000: T=5.333399999999999, Loss=35193.805523270166
Iteration 80000: T=4.666733333333334, Loss=35192.588464753455
Iteration 90000: T=4.000066666666666, Loss=35184.537914976754
Iteration 100000: T=3.3333999999999997, Loss=35184.68195740309
Iteration 110000: T=2.666733333333333, Loss=35182.73558323203
Iteration 120000: T=2.0000666666666667, Loss=35179.72292281846
Iteration 130000: T=1.3334000000000001, Loss=35177.1078940166
Iteration 140000: T=0.6667333333333336, Loss=35171.05469388558
Iteration 150000: T=6.666666666710341e-05, Loss=35166.138270161675
Initial loss: 41604.62547611929
Iteration 10000: T=9.333400000000001, Loss=35194.039277970944
Iteration 20000: T=8.666733333333333, Loss=35195.69349026076
Iteration 30000: T=8.000066666666667, Loss=35187.162228536945
Iteration 40000: T=7.3334, Loss=35180.88968147054
Iteration 50000: T=6.666733333333333, Loss=35176.9776824644
Iteration 60000: T=6.000066666666667, Loss=35178.156504019134
Iteration 70000: T=5.333399999999999, Loss=35184.34066276093
Iteration 80000: T=4.666733333333334, Loss=35177.16016857076
Iteration 90000: T=4.000066666666666, Loss=35171.61971575732
Iteration 100000: T=3.3333999999999997, Loss=35177.91903751977
Iteration 110000: T=2.666733333333333, Loss=35176.541924587036
Iteration 120000: T=2.0000666666666667, Loss=35169.46731815453
Iteration 130000: T=1.3334000000000001, Loss=35167.72209806395
Iteration 140000: T=0.6667333333333336, Loss=35167.89190081959
Iteration 150000: T=6.666666666710341e-05, Loss=35163.55301868483
Center of mass parameters: [1.80890403e+03 9.18516453e-01 3.70509203e+00 1.82242164e+03
 3.88329246e-01 5.35718342e+00 1.83095682e+03 3.99236189e-01
 4.03702610e+00 1.84256496e+03 6.67119360e-01 3.97783291e+00
 1.85510613e+03 2.18395299e-01 4.86567004e+00 1.86688777e+03
 9.73842142e-01 4.95750024e+00 1.87692050e+03 4.79859219e-01
 5.92103976e+00 1.89031891e+03 4.73886877e-01 4.48593922e+00
 1.90158357e+03 8.18726823e-01 5.60767444e+00 1.91229152e+03
 1.51622425e+00 5.38879277e+00]
Final MSE: 35169.996162129595
R² = 0.01
