Initial loss: 40194.75626336267
Iteration 10000: T=9.0001, Loss=35221.55232236386
Iteration 20000: T=8.0001, Loss=35187.78127020265
Iteration 30000: T=7.0001, Loss=35184.87516429334
Iteration 40000: T=6.0001, Loss=35195.03018361092
Iteration 50000: T=5.000100000000001, Loss=35186.077791082105
Iteration 60000: T=4.0001, Loss=35183.226862169744
Iteration 70000: T=3.0000999999999998, Loss=35183.646183365825
Iteration 80000: T=2.0001, Loss=35179.58624634792
Iteration 90000: T=1.0001000000000004, Loss=35175.34917937118
Iteration 100000: T=9.99999999995449e-05, Loss=35171.32297324159
Tuning complete. MSE at tuned parameters: 35171.32297324159
Initial loss: 75159.20856896898
Iteration 10000: T=9.333400000000001, Loss=35181.018700922854
Iteration 20000: T=8.666733333333333, Loss=35179.34762100219
Iteration 30000: T=8.000066666666667, Loss=35204.97739147906
Iteration 40000: T=7.3334, Loss=35178.81055665815
Iteration 50000: T=6.666733333333333, Loss=35176.429276491435
Iteration 60000: T=6.000066666666667, Loss=35171.40529493908
Iteration 70000: T=5.333399999999999, Loss=35167.92305934427
Iteration 80000: T=4.666733333333334, Loss=35163.650809075305
Iteration 90000: T=4.000066666666666, Loss=35161.15446471083
Iteration 100000: T=3.3333999999999997, Loss=35160.17075712496
Iteration 110000: T=2.666733333333333, Loss=35159.14960592324
Iteration 120000: T=2.0000666666666667, Loss=35155.71266324033
Iteration 130000: T=1.3334000000000001, Loss=35154.33519924516
Iteration 140000: T=0.6667333333333336, Loss=35151.32248516226
Iteration 150000: T=6.666666666710341e-05, Loss=35147.38776035397
Initial loss: 35651.140336073804
Iteration 10000: T=9.333400000000001, Loss=35175.09921106617
Iteration 20000: T=8.666733333333333, Loss=35180.02293770438
Iteration 30000: T=8.000066666666667, Loss=35174.89313577631
Iteration 40000: T=7.3334, Loss=35177.263685050944
Iteration 50000: T=6.666733333333333, Loss=35173.436838236245
Iteration 60000: T=6.000066666666667, Loss=35172.79250374351
Iteration 70000: T=5.333399999999999, Loss=35172.64220950563
Iteration 80000: T=4.666733333333334, Loss=35190.6431509367
Iteration 90000: T=4.000066666666666, Loss=35171.962773424166
Iteration 100000: T=3.3333999999999997, Loss=35174.99860730445
Iteration 110000: T=2.666733333333333, Loss=35171.48555319133
Iteration 120000: T=2.0000666666666667, Loss=35171.37312170945
Iteration 130000: T=1.3334000000000001, Loss=35171.56880832157
Iteration 140000: T=0.6667333333333336, Loss=35169.89570212836
Iteration 150000: T=6.666666666710341e-05, Loss=35164.33449838201
Initial loss: 36664.49774110174
Iteration 10000: T=9.333400000000001, Loss=35201.44260731206
Iteration 20000: T=8.666733333333333, Loss=35177.57621294167
Iteration 30000: T=8.000066666666667, Loss=35174.1095424155
Iteration 40000: T=7.3334, Loss=35179.0931493678
Iteration 50000: T=6.666733333333333, Loss=35173.1702793075
Iteration 60000: T=6.000066666666667, Loss=35176.80431342245
Iteration 70000: T=5.333399999999999, Loss=35191.31815364589
Iteration 80000: T=4.666733333333334, Loss=35174.404624658215
Iteration 90000: T=4.000066666666666, Loss=35179.815100031425
Iteration 100000: T=3.3333999999999997, Loss=35170.58033352123
Iteration 110000: T=2.666733333333333, Loss=35172.21820414048
Iteration 120000: T=2.0000666666666667, Loss=35169.327889002336
Iteration 130000: T=1.3334000000000001, Loss=35173.94130314762
Iteration 140000: T=0.6667333333333336, Loss=35171.2284844003
Iteration 150000: T=6.666666666710341e-05, Loss=35167.633578617046
Initial loss: 188481.78942681517
Iteration 10000: T=9.333400000000001, Loss=35193.0761823351
Iteration 20000: T=8.666733333333333, Loss=35195.83067046285
Iteration 30000: T=8.000066666666667, Loss=35176.76500815012
Iteration 40000: T=7.3334, Loss=35180.39324241413
Iteration 50000: T=6.666733333333333, Loss=35175.94517571851
Iteration 60000: T=6.000066666666667, Loss=35179.64088439728
Iteration 70000: T=5.333399999999999, Loss=35184.23124889895
Iteration 80000: T=4.666733333333334, Loss=35175.12695047639
Iteration 90000: T=4.000066666666666, Loss=35180.16898538581
Iteration 100000: T=3.3333999999999997, Loss=35177.75611340823
Iteration 110000: T=2.666733333333333, Loss=35172.6598838015
Iteration 120000: T=2.0000666666666667, Loss=35178.842390720136
Iteration 130000: T=1.3334000000000001, Loss=35172.499338430825
Iteration 140000: T=0.6667333333333336, Loss=35166.585993818684
Iteration 150000: T=6.666666666710341e-05, Loss=35160.02893305011
Initial loss: 37743.10942864576
Iteration 10000: T=9.333400000000001, Loss=35196.24014302754
Iteration 20000: T=8.666733333333333, Loss=35179.77780638936
Iteration 30000: T=8.000066666666667, Loss=35174.994083317535
Iteration 40000: T=7.3334, Loss=35179.75039686097
Iteration 50000: T=6.666733333333333, Loss=35176.144595298116
Iteration 60000: T=6.000066666666667, Loss=35180.519495279004
Iteration 70000: T=5.333399999999999, Loss=35165.37645540439
Iteration 80000: T=4.666733333333334, Loss=35173.33507232133
Iteration 90000: T=4.000066666666666, Loss=35165.82302899635
Iteration 100000: T=3.3333999999999997, Loss=35165.74787448339
Iteration 110000: T=2.666733333333333, Loss=35178.69733107692
Iteration 120000: T=2.0000666666666667, Loss=35165.569228890636
Iteration 130000: T=1.3334000000000001, Loss=35166.05099539158
Iteration 140000: T=0.6667333333333336, Loss=35160.69898348833
Iteration 150000: T=6.666666666710341e-05, Loss=35157.59756801752
Center of mass parameters: [1.80944736e+03 4.13525914e-01 4.75127099e+00 1.82286061e+03
 3.63663947e-01 6.15509151e+00 1.83225129e+03 5.76091024e-01
 5.32209999e+00 1.84146170e+03 1.13646637e-04 4.29926904e+00
 1.85541468e+03 2.07281211e-01 4.62704915e+00 1.86561743e+03
 4.13846942e-01 4.48013586e+00 1.87806578e+03 4.53298571e-01
 4.57015467e+00 1.88867629e+03 7.61543316e-01 4.86011001e+00
 1.90166639e+03 8.87389955e-01 4.74436954e+00 1.91157036e+03
 3.93096265e-01 4.08088848e+00]
Final MSE: 35163.333971617336
R² = 0.04
Initial loss: 40194.75626336267
Iteration 10000: T=9.0001, Loss=35196.63383025783
Iteration 20000: T=8.0001, Loss=35207.00878516574
Iteration 30000: T=7.0001, Loss=35191.82959271914
Iteration 40000: T=6.0001, Loss=35226.594616165574
Iteration 50000: T=5.000100000000001, Loss=35193.42068973182
Iteration 60000: T=4.0001, Loss=35189.3716032014
Iteration 70000: T=3.0000999999999998, Loss=35189.59945658231
Iteration 80000: T=2.0001, Loss=35192.03246126
Iteration 90000: T=1.0001000000000004, Loss=35182.35268543203
Iteration 100000: T=9.99999999995449e-05, Loss=35179.80662267517
Tuning complete. MSE at tuned parameters: 35179.80662267517
Initial loss: 37357.02058184201
Iteration 10000: T=9.333400000000001, Loss=35179.10356886985
Iteration 20000: T=8.666733333333333, Loss=35179.17702386622
Iteration 30000: T=8.000066666666667, Loss=35180.978026444
Iteration 40000: T=7.3334, Loss=35191.22819078067
Iteration 50000: T=6.666733333333333, Loss=35188.099429037225
Iteration 60000: T=6.000066666666667, Loss=35187.191084881175
Iteration 70000: T=5.333399999999999, Loss=35198.71087363244
Iteration 80000: T=4.666733333333334, Loss=35189.06980838249
Iteration 90000: T=4.000066666666666, Loss=35185.34107783549
Iteration 100000: T=3.3333999999999997, Loss=35189.929688575605
Iteration 110000: T=2.666733333333333, Loss=35182.85208107272
Iteration 120000: T=2.0000666666666667, Loss=35185.859929709724
Iteration 130000: T=1.3334000000000001, Loss=35180.18726191278
Iteration 140000: T=0.6667333333333336, Loss=35180.49028303834
Iteration 150000: T=6.666666666710341e-05, Loss=35177.66080150001
Initial loss: 39798.38169359782
Iteration 10000: T=9.333400000000001, Loss=35201.55702252851
Iteration 20000: T=8.666733333333333, Loss=35202.63844257592
Iteration 30000: T=8.000066666666667, Loss=35193.86004028758
Iteration 40000: T=7.3334, Loss=35181.829479571825
Iteration 50000: T=6.666733333333333, Loss=35192.758498762705
Iteration 60000: T=6.000066666666667, Loss=35186.25317666292
Iteration 70000: T=5.333399999999999, Loss=35182.76577590243
Iteration 80000: T=4.666733333333334, Loss=35173.97750395138
Iteration 90000: T=4.000066666666666, Loss=35170.26438140014
Iteration 100000: T=3.3333999999999997, Loss=35172.877248059165
Iteration 110000: T=2.666733333333333, Loss=35171.15647944057
Iteration 120000: T=2.0000666666666667, Loss=35171.349121299616
Iteration 130000: T=1.3334000000000001, Loss=35168.93509779013
Iteration 140000: T=0.6667333333333336, Loss=35167.234038507246
Iteration 150000: T=6.666666666710341e-05, Loss=35164.10030433219
Initial loss: 43647.088656845604
Iteration 10000: T=9.333400000000001, Loss=35179.993349156284
Iteration 20000: T=8.666733333333333, Loss=35172.21308514732
Iteration 30000: T=8.000066666666667, Loss=35173.863872911315
Iteration 40000: T=7.3334, Loss=35170.91151649981
Iteration 50000: T=6.666733333333333, Loss=35173.16095726639
Iteration 60000: T=6.000066666666667, Loss=35194.772641308366
Iteration 70000: T=5.333399999999999, Loss=35168.71352778099
Iteration 80000: T=4.666733333333334, Loss=35172.46778834811
Iteration 90000: T=4.000066666666666, Loss=35177.75273598092
Iteration 100000: T=3.3333999999999997, Loss=35181.24181652163
Iteration 110000: T=2.666733333333333, Loss=35182.95000597763
Iteration 120000: T=2.0000666666666667, Loss=35178.75695456099
Iteration 130000: T=1.3334000000000001, Loss=35173.07464705612
Iteration 140000: T=0.6667333333333336, Loss=35168.27222538432
Iteration 150000: T=6.666666666710341e-05, Loss=35164.45417730663
Initial loss: 41467.958713557106
Iteration 10000: T=9.333400000000001, Loss=35181.19031268186
Iteration 20000: T=8.666733333333333, Loss=35182.65032369734
Iteration 30000: T=8.000066666666667, Loss=35183.01556821512
Iteration 40000: T=7.3334, Loss=35183.87032914055
Iteration 50000: T=6.666733333333333, Loss=35186.85576553092
Iteration 60000: T=6.000066666666667, Loss=35181.95199874789
Iteration 70000: T=5.333399999999999, Loss=35178.57681766129
Iteration 80000: T=4.666733333333334, Loss=35175.614209727195
Iteration 90000: T=4.000066666666666, Loss=35188.57856744131
Iteration 100000: T=3.3333999999999997, Loss=35181.02283394101
Iteration 110000: T=2.666733333333333, Loss=35176.95956765997
Iteration 120000: T=2.0000666666666667, Loss=35173.931098520174
Iteration 130000: T=1.3334000000000001, Loss=35171.414179008156
Iteration 140000: T=0.6667333333333336, Loss=35171.04557942733
Iteration 150000: T=6.666666666710341e-05, Loss=35168.55821013841
Initial loss: 70099.2061041062
Iteration 10000: T=9.333400000000001, Loss=35203.67864439199
Iteration 20000: T=8.666733333333333, Loss=35180.42614342995
Iteration 30000: T=8.000066666666667, Loss=35172.26264660221
Iteration 40000: T=7.3334, Loss=35181.754349235205
Iteration 50000: T=6.666733333333333, Loss=35202.55336018464
Iteration 60000: T=6.000066666666667, Loss=35184.38543931642
Iteration 70000: T=5.333399999999999, Loss=35179.9746018957
Iteration 80000: T=4.666733333333334, Loss=35176.60520468103
Iteration 90000: T=4.000066666666666, Loss=35175.586685005364
Iteration 100000: T=3.3333999999999997, Loss=35176.57654488511
Iteration 110000: T=2.666733333333333, Loss=35171.1273600978
Iteration 120000: T=2.0000666666666667, Loss=35172.43318951069
Iteration 130000: T=1.3334000000000001, Loss=35168.409878724895
Iteration 140000: T=0.6667333333333336, Loss=35166.995029458456
Iteration 150000: T=6.666666666710341e-05, Loss=35163.62117735246
Center of mass parameters: [ 1.80870610e+03  3.90927787e-01  4.71907871e+00  1.82218926e+03
 -4.13381311e-01  5.70570403e+00  1.83322774e+03  1.28416725e-01
  4.89217456e+00  1.84271615e+03  1.20180673e+00  5.51054962e+00
  1.85551721e+03  2.03348280e-01  4.54352351e+00  1.86638505e+03
  2.17460639e-01  4.86529769e+00  1.87853474e+03  1.06980863e+00
  6.11011864e+00  1.88896021e+03  6.09480187e-01  3.65310125e+00
  1.90143537e+03  1.22682025e+00  3.71375417e+00  1.91151851e+03
 -8.37218633e-02  4.14403398e+00]
Final MSE: 35171.154437419296
R² = 0.00
