Initial loss: 40194.75626336267
Iteration 10000: T=9.0001, Loss=35206.401163056915
Iteration 20000: T=8.0001, Loss=35232.79642985497
Iteration 30000: T=7.0001, Loss=35196.5402985502
Iteration 40000: T=6.0001, Loss=35202.33766996723
Iteration 50000: T=5.000100000000001, Loss=35192.904282376585
Iteration 60000: T=4.0001, Loss=35194.20694289673
Iteration 70000: T=3.0000999999999998, Loss=35192.904514223526
Iteration 80000: T=2.0001, Loss=35194.91248110423
Iteration 90000: T=1.0001000000000004, Loss=35190.74323419031
Iteration 100000: T=9.99999999995449e-05, Loss=35188.07980900249
Tuning complete. MSE at tuned parameters: 35188.07980900249
Initial loss: 36439.024011927286
Iteration 10000: T=9.333400000000001, Loss=35195.029081354114
Iteration 20000: T=8.666733333333333, Loss=35217.06862055226
Iteration 30000: T=8.000066666666667, Loss=35193.44247638459
Iteration 40000: T=7.3334, Loss=35218.62017705504
Iteration 50000: T=6.666733333333333, Loss=35192.79940464373
Iteration 60000: T=6.000066666666667, Loss=35188.0339400776
Iteration 70000: T=5.333399999999999, Loss=35182.15112565697
Iteration 80000: T=4.666733333333334, Loss=35183.08956362365
Iteration 90000: T=4.000066666666666, Loss=35184.58216670894
Iteration 100000: T=3.3333999999999997, Loss=35182.348359389274
Iteration 110000: T=2.666733333333333, Loss=35182.92174321416
Iteration 120000: T=2.0000666666666667, Loss=35190.288559598375
Iteration 130000: T=1.3334000000000001, Loss=35187.58668464936
Iteration 140000: T=0.6667333333333336, Loss=35185.26350986506
Iteration 150000: T=6.666666666710341e-05, Loss=35182.15341229076
Initial loss: 38605.117853947944
Iteration 10000: T=9.333400000000001, Loss=35196.04736879622
Iteration 20000: T=8.666733333333333, Loss=35189.3541378363
Iteration 30000: T=8.000066666666667, Loss=35200.7154241871
Iteration 40000: T=7.3334, Loss=35203.58943431788
Iteration 50000: T=6.666733333333333, Loss=35207.21073099538
Iteration 60000: T=6.000066666666667, Loss=35217.250731496926
Iteration 70000: T=5.333399999999999, Loss=35211.071471249394
Iteration 80000: T=4.666733333333334, Loss=35212.11927667985
Iteration 90000: T=4.000066666666666, Loss=35206.1822053642
Iteration 100000: T=3.3333999999999997, Loss=35193.55565578756
Iteration 110000: T=2.666733333333333, Loss=35192.399687411766
Iteration 120000: T=2.0000666666666667, Loss=35190.99392834784
Iteration 130000: T=1.3334000000000001, Loss=35190.71231723398
Iteration 140000: T=0.6667333333333336, Loss=35193.26056364178
Iteration 150000: T=6.666666666710341e-05, Loss=35190.061807338265
Initial loss: 39058.67375807337
Iteration 10000: T=9.333400000000001, Loss=35227.034230164805
Iteration 20000: T=8.666733333333333, Loss=35192.85184702688
Iteration 30000: T=8.000066666666667, Loss=35201.15713400107
Iteration 40000: T=7.3334, Loss=35200.13520682836
Iteration 50000: T=6.666733333333333, Loss=35193.852328729205
Iteration 60000: T=6.000066666666667, Loss=35187.289072707346
Iteration 70000: T=5.333399999999999, Loss=35190.61069204386
Iteration 80000: T=4.666733333333334, Loss=35202.06329390604
Iteration 90000: T=4.000066666666666, Loss=35188.719352164444
Iteration 100000: T=3.3333999999999997, Loss=35185.558496686266
Iteration 110000: T=2.666733333333333, Loss=35180.14940532706
Iteration 120000: T=2.0000666666666667, Loss=35179.63387874813
Iteration 130000: T=1.3334000000000001, Loss=35175.00396253908
Iteration 140000: T=0.6667333333333336, Loss=35174.993404063935
Iteration 150000: T=6.666666666710341e-05, Loss=35172.384465466515
Initial loss: 36665.166259068676
Iteration 10000: T=9.333400000000001, Loss=35202.47580556269
Iteration 20000: T=8.666733333333333, Loss=35188.956191061
Iteration 30000: T=8.000066666666667, Loss=35190.226430865594
Iteration 40000: T=7.3334, Loss=35192.70082341479
Iteration 50000: T=6.666733333333333, Loss=35192.22249636438
Iteration 60000: T=6.000066666666667, Loss=35200.51945665524
Iteration 70000: T=5.333399999999999, Loss=35191.52808730612
Iteration 80000: T=4.666733333333334, Loss=35196.91624550263
Iteration 90000: T=4.000066666666666, Loss=35192.27939077016
Iteration 100000: T=3.3333999999999997, Loss=35192.85825301371
Iteration 110000: T=2.666733333333333, Loss=35193.55533432647
Iteration 120000: T=2.0000666666666667, Loss=35192.62745074996
Iteration 130000: T=1.3334000000000001, Loss=35190.28916144898
Iteration 140000: T=0.6667333333333336, Loss=35188.201761666234
Iteration 150000: T=6.666666666710341e-05, Loss=35184.81182248999
Initial loss: 35808.17891843321
Iteration 10000: T=9.333400000000001, Loss=35204.16639185021
Iteration 20000: T=8.666733333333333, Loss=35192.66085391296
Iteration 30000: T=8.000066666666667, Loss=35196.51528811073
Iteration 40000: T=7.3334, Loss=35192.902634803584
Iteration 50000: T=6.666733333333333, Loss=35212.95180391073
Iteration 60000: T=6.000066666666667, Loss=35199.67689691692
Iteration 70000: T=5.333399999999999, Loss=35197.533404602094
Iteration 80000: T=4.666733333333334, Loss=35196.016479026664
Iteration 90000: T=4.000066666666666, Loss=35196.20227841788
Iteration 100000: T=3.3333999999999997, Loss=35193.39365502056
Iteration 110000: T=2.666733333333333, Loss=35195.40158506529
Iteration 120000: T=2.0000666666666667, Loss=35192.278792441924
Iteration 130000: T=1.3334000000000001, Loss=35190.03594405611
Iteration 140000: T=0.6667333333333336, Loss=35190.75494361339
Iteration 150000: T=6.666666666710341e-05, Loss=35189.6564456871
Center of mass parameters: [1.80962148e+03 1.18934331e+00 5.33779559e+00 1.82271556e+03
 5.72849537e-01 3.96115119e+00 1.83295077e+03 4.39384176e-02
 5.03452623e+00 1.84435936e+03 3.71136427e-01 4.50382040e+00
 1.85542745e+03 2.06650188e-01 4.61381853e+00 1.86603100e+03
 7.30836008e-01 4.14036277e+00 1.87784202e+03 5.77118604e-01
 5.10290152e+00 1.88881600e+03 1.01502761e+00 4.32015287e+00
 1.90205536e+03 2.75501514e-01 5.48981296e+00 1.91330432e+03
 3.02392339e-01 5.46023167e+00]
Final MSE: 35186.00957301503
R² = 0.04
Initial loss: 40194.75626336267
Iteration 10000: T=9.0001, Loss=35215.81532755115
Iteration 20000: T=8.0001, Loss=35203.10233605747
Iteration 30000: T=7.0001, Loss=35195.46457217614
Iteration 40000: T=6.0001, Loss=35211.662430045195
Iteration 50000: T=5.000100000000001, Loss=35196.54358392523
Iteration 60000: T=4.0001, Loss=35199.68881145623
Iteration 70000: T=3.0000999999999998, Loss=35198.6119045844
Iteration 80000: T=2.0001, Loss=35196.20270832859
Iteration 90000: T=1.0001000000000004, Loss=35190.3387103567
Iteration 100000: T=9.99999999995449e-05, Loss=35189.64958385723
Tuning complete. MSE at tuned parameters: 35189.64958385723
Initial loss: 43542.25743964174
Iteration 10000: T=9.333400000000001, Loss=35200.248201898336
Iteration 20000: T=8.666733333333333, Loss=35204.67266285688
Iteration 30000: T=8.000066666666667, Loss=35187.745338179746
Iteration 40000: T=7.3334, Loss=35185.29026271965
Iteration 50000: T=6.666733333333333, Loss=35187.74531955023
Iteration 60000: T=6.000066666666667, Loss=35195.07114672115
Iteration 70000: T=5.333399999999999, Loss=35197.4256397882
Iteration 80000: T=4.666733333333334, Loss=35186.6049443064
Iteration 90000: T=4.000066666666666, Loss=35190.79934841897
Iteration 100000: T=3.3333999999999997, Loss=35185.58063940127
Iteration 110000: T=2.666733333333333, Loss=35192.63684492449
Iteration 120000: T=2.0000666666666667, Loss=35189.93553706873
Iteration 130000: T=1.3334000000000001, Loss=35188.77297263613
Iteration 140000: T=0.6667333333333336, Loss=35187.13904319212
Iteration 150000: T=6.666666666710341e-05, Loss=35180.5262760584
Initial loss: 45093.34556047967
Iteration 10000: T=9.333400000000001, Loss=35190.05388991794
Iteration 20000: T=8.666733333333333, Loss=35196.552317683556
Iteration 30000: T=8.000066666666667, Loss=35200.581994582986
Iteration 40000: T=7.3334, Loss=35207.564018596226
Iteration 50000: T=6.666733333333333, Loss=35189.07489416134
Iteration 60000: T=6.000066666666667, Loss=35191.983502802854
Iteration 70000: T=5.333399999999999, Loss=35191.57100984438
Iteration 80000: T=4.666733333333334, Loss=35199.386503887974
Iteration 90000: T=4.000066666666666, Loss=35196.63480967617
Iteration 100000: T=3.3333999999999997, Loss=35197.28524440669
Iteration 110000: T=2.666733333333333, Loss=35203.06169789885
Iteration 120000: T=2.0000666666666667, Loss=35197.17546052997
Iteration 130000: T=1.3334000000000001, Loss=35200.8265739527
Iteration 140000: T=0.6667333333333336, Loss=35195.629708620305
Iteration 150000: T=6.666666666710341e-05, Loss=35193.02862109015
Initial loss: 38391.5669655035
Iteration 10000: T=9.333400000000001, Loss=35191.96367166579
Iteration 20000: T=8.666733333333333, Loss=35189.50600776728
Iteration 30000: T=8.000066666666667, Loss=35196.9402681301
Iteration 40000: T=7.3334, Loss=35208.90161001715
Iteration 50000: T=6.666733333333333, Loss=35191.46759450088
Iteration 60000: T=6.000066666666667, Loss=35194.43223973888
Iteration 70000: T=5.333399999999999, Loss=35186.41226315069
Iteration 80000: T=4.666733333333334, Loss=35188.46087636615
Iteration 90000: T=4.000066666666666, Loss=35186.234178091465
Iteration 100000: T=3.3333999999999997, Loss=35185.508165843006
Iteration 110000: T=2.666733333333333, Loss=35182.81313919495
Iteration 120000: T=2.0000666666666667, Loss=35187.01352833781
Iteration 130000: T=1.3334000000000001, Loss=35185.76463199044
Iteration 140000: T=0.6667333333333336, Loss=35183.776483095986
Iteration 150000: T=6.666666666710341e-05, Loss=35182.22714672248
Initial loss: 39324.51766328435
Iteration 10000: T=9.333400000000001, Loss=35189.3679590343
Iteration 20000: T=8.666733333333333, Loss=35192.19929343365
Iteration 30000: T=8.000066666666667, Loss=35222.477311727394
Iteration 40000: T=7.3334, Loss=35197.79986149806
Iteration 50000: T=6.666733333333333, Loss=35204.95123102596
Iteration 60000: T=6.000066666666667, Loss=35194.83247528336
Iteration 70000: T=5.333399999999999, Loss=35196.35850816683
Iteration 80000: T=4.666733333333334, Loss=35192.52949701983
Iteration 90000: T=4.000066666666666, Loss=35207.10892583313
Iteration 100000: T=3.3333999999999997, Loss=35195.29810616987
Iteration 110000: T=2.666733333333333, Loss=35187.317327685516
Iteration 120000: T=2.0000666666666667, Loss=35188.487747637984
Iteration 130000: T=1.3334000000000001, Loss=35189.886241464104
Iteration 140000: T=0.6667333333333336, Loss=35188.92069110926
Iteration 150000: T=6.666666666710341e-05, Loss=35183.531601223534
Initial loss: 65080.569296814676
Iteration 10000: T=9.333400000000001, Loss=35189.48512262959
Iteration 20000: T=8.666733333333333, Loss=35202.40643857468
Iteration 30000: T=8.000066666666667, Loss=35197.7938689766
Iteration 40000: T=7.3334, Loss=35198.34915243676
Iteration 50000: T=6.666733333333333, Loss=35207.20787692831
Iteration 60000: T=6.000066666666667, Loss=35196.33799768616
Iteration 70000: T=5.333399999999999, Loss=35189.31903556646
Iteration 80000: T=4.666733333333334, Loss=35196.65814433378
Iteration 90000: T=4.000066666666666, Loss=35191.3407206681
Iteration 100000: T=3.3333999999999997, Loss=35198.35354214854
Iteration 110000: T=2.666733333333333, Loss=35187.79276555893
Iteration 120000: T=2.0000666666666667, Loss=35190.00817070993
Iteration 130000: T=1.3334000000000001, Loss=35188.575362928794
Iteration 140000: T=0.6667333333333336, Loss=35188.04416166155
Iteration 150000: T=6.666666666710341e-05, Loss=35186.43853592888
Center of mass parameters: [ 1.80923241e+03 -2.29935957e-01  4.78075707e+00  1.82273813e+03
  7.37874024e-01  4.40185378e+00  1.83281656e+03  3.20057149e-01
  4.67573630e+00  1.84313461e+03  8.92834650e-01  5.44375899e+00
  1.85550496e+03  2.03610965e-01  4.55003009e+00  1.86758353e+03
 -6.37990267e-02  5.17662659e+00  1.87814667e+03  3.64083412e-01
  5.03288207e+00  1.88946805e+03  6.83579118e-01  4.98085481e+00
  1.90144343e+03  5.77778900e-01  3.21135015e+00  1.91347305e+03
  9.08323045e-01  4.79147504e+00]
Final MSE: 35187.497494337236
R² = 0.00
Initial loss: 40194.75626336267
Iteration 10000: T=9.0001, Loss=35206.888965983584
Iteration 20000: T=8.0001, Loss=35207.395159912376
Iteration 30000: T=7.0001, Loss=35216.76389739246
Iteration 40000: T=6.0001, Loss=35206.02328117308
Iteration 50000: T=5.000100000000001, Loss=35189.92725615597
Iteration 60000: T=4.0001, Loss=35187.430968049004
Iteration 70000: T=3.0000999999999998, Loss=35186.929449222094
Iteration 80000: T=2.0001, Loss=35187.80883137182
Iteration 90000: T=1.0001000000000004, Loss=35191.106862420405
Iteration 100000: T=9.99999999995449e-05, Loss=35188.20771757867
Tuning complete. MSE at tuned parameters: 35188.20771757867
Initial loss: 42643.48130887466
Iteration 10000: T=9.333400000000001, Loss=35198.585711340886
Iteration 20000: T=8.666733333333333, Loss=35189.41713446947
Iteration 30000: T=8.000066666666667, Loss=35194.61461317221
Iteration 40000: T=7.3334, Loss=35196.10002311978
Iteration 50000: T=6.666733333333333, Loss=35190.03298382963
Iteration 60000: T=6.000066666666667, Loss=35197.79771140264
Iteration 70000: T=5.333399999999999, Loss=35183.41582290516
Iteration 80000: T=4.666733333333334, Loss=35187.245488724206
Iteration 90000: T=4.000066666666666, Loss=35190.42446740781
Iteration 100000: T=3.3333999999999997, Loss=35192.18235779409
Iteration 110000: T=2.666733333333333, Loss=35191.379904773145
Iteration 120000: T=2.0000666666666667, Loss=35186.3766216724
Iteration 130000: T=1.3334000000000001, Loss=35181.71637263471
Iteration 140000: T=0.6667333333333336, Loss=35183.96181169087
Iteration 150000: T=6.666666666710341e-05, Loss=35176.572225031225
Initial loss: 37140.09172137494
Iteration 10000: T=9.333400000000001, Loss=35205.581458025845
Iteration 20000: T=8.666733333333333, Loss=35199.542519418595
Iteration 30000: T=8.000066666666667, Loss=35207.58825249144
Iteration 40000: T=7.3334, Loss=35198.309623981826
Iteration 50000: T=6.666733333333333, Loss=35193.27807557369
Iteration 60000: T=6.000066666666667, Loss=35198.28907232634
Iteration 70000: T=5.333399999999999, Loss=35193.798612406106
Iteration 80000: T=4.666733333333334, Loss=35196.5246547344
Iteration 90000: T=4.000066666666666, Loss=35212.86285172524
Iteration 100000: T=3.3333999999999997, Loss=35195.882549456575
Iteration 110000: T=2.666733333333333, Loss=35194.03031680543
Iteration 120000: T=2.0000666666666667, Loss=35194.078837251014
Iteration 130000: T=1.3334000000000001, Loss=35192.05835781512
Iteration 140000: T=0.6667333333333336, Loss=35191.33353579961
Iteration 150000: T=6.666666666710341e-05, Loss=35188.01188556836
Initial loss: 38769.854468416714
Iteration 10000: T=9.333400000000001, Loss=35188.847296888285
Iteration 20000: T=8.666733333333333, Loss=35188.539868390486
Iteration 30000: T=8.000066666666667, Loss=35199.72631496007
Iteration 40000: T=7.3334, Loss=35188.54568994313
Iteration 50000: T=6.666733333333333, Loss=35185.46362249103
Iteration 60000: T=6.000066666666667, Loss=35188.63844625127
Iteration 70000: T=5.333399999999999, Loss=35183.95702239091
Iteration 80000: T=4.666733333333334, Loss=35179.282232415084
Iteration 90000: T=4.000066666666666, Loss=35181.35632244658
Iteration 100000: T=3.3333999999999997, Loss=35179.36952945086
Iteration 110000: T=2.666733333333333, Loss=35172.3580418705
Iteration 120000: T=2.0000666666666667, Loss=35169.6812858692
Iteration 130000: T=1.3334000000000001, Loss=35166.28958242736
Iteration 140000: T=0.6667333333333336, Loss=35165.61295101487
Iteration 150000: T=6.666666666710341e-05, Loss=35163.428938065044
Initial loss: 47117.139733320284
Iteration 10000: T=9.333400000000001, Loss=35186.95905499515
Iteration 20000: T=8.666733333333333, Loss=35192.91515661089
Iteration 30000: T=8.000066666666667, Loss=35196.42562154703
Iteration 40000: T=7.3334, Loss=35209.62816617694
Iteration 50000: T=6.666733333333333, Loss=35189.22979722519
Iteration 60000: T=6.000066666666667, Loss=35191.22256996222
Iteration 70000: T=5.333399999999999, Loss=35189.74482526695
Iteration 80000: T=4.666733333333334, Loss=35187.32711448304
Iteration 90000: T=4.000066666666666, Loss=35187.18826417313
Iteration 100000: T=3.3333999999999997, Loss=35187.19455162821
Iteration 110000: T=2.666733333333333, Loss=35188.2243022754
Iteration 120000: T=2.0000666666666667, Loss=35189.410496965786
Iteration 130000: T=1.3334000000000001, Loss=35188.704011768365
Iteration 140000: T=0.6667333333333336, Loss=35186.64037777939
Iteration 150000: T=6.666666666710341e-05, Loss=35183.86532840263
Initial loss: 40853.21991523185
Iteration 10000: T=9.333400000000001, Loss=35187.94472355815
Iteration 20000: T=8.666733333333333, Loss=35190.37013609278
Iteration 30000: T=8.000066666666667, Loss=35193.39293321707
Iteration 40000: T=7.3334, Loss=35200.893231355854
Iteration 50000: T=6.666733333333333, Loss=35196.18086736049
Iteration 60000: T=6.000066666666667, Loss=35195.58894357433
Iteration 70000: T=5.333399999999999, Loss=35193.85881729762
Iteration 80000: T=4.666733333333334, Loss=35192.06341807783
Iteration 90000: T=4.000066666666666, Loss=35191.73884302107
Iteration 100000: T=3.3333999999999997, Loss=35190.6165262185
Iteration 110000: T=2.666733333333333, Loss=35191.62853702608
Iteration 120000: T=2.0000666666666667, Loss=35192.679198998754
Iteration 130000: T=1.3334000000000001, Loss=35190.62403369294
Iteration 140000: T=0.6667333333333336, Loss=35191.73846534582
Iteration 150000: T=6.666666666710341e-05, Loss=35189.84367200939
Center of mass parameters: [1.81132856e+03 8.58178908e-01 5.11084612e+00 1.82374712e+03
 8.47684572e-02 5.42950749e+00 1.83222201e+03 1.58995588e-01
 4.06553852e+00 1.84240600e+03 1.08554174e+00 6.08353557e+00
 1.85565049e+03 1.98053743e-01 4.43306673e+00 1.86638491e+03
 6.25427169e-01 4.48743040e+00 1.87734753e+03 1.11844089e-01
 5.76351480e+00 1.88933888e+03 5.91972502e-02 3.98101787e+00
 1.90031773e+03 1.17438350e+00 4.38238718e+00 1.91361122e+03
 7.49355811e-01 4.31234594e+00]
Final MSE: 35183.155546133785
R² = 0.03
Initial loss: 40194.75626336267
Iteration 10000: T=9.0001, Loss=35204.25799768422
Iteration 20000: T=8.0001, Loss=35199.901621359946
Iteration 30000: T=7.0001, Loss=35193.067954661805
Iteration 40000: T=6.0001, Loss=35188.41111318513
Iteration 50000: T=5.000100000000001, Loss=35186.630205064845
Iteration 60000: T=4.0001, Loss=35177.25785002788
Iteration 70000: T=3.0000999999999998, Loss=35177.922745411764
Iteration 80000: T=2.0001, Loss=35178.00210444274
Iteration 90000: T=1.0001000000000004, Loss=35174.67606085078
Iteration 100000: T=9.99999999995449e-05, Loss=35174.61072945137
Tuning complete. MSE at tuned parameters: 35174.61072945137
Initial loss: 35318.555138184136
Iteration 10000: T=9.333400000000001, Loss=35179.39560990107
Iteration 20000: T=8.666733333333333, Loss=35181.9596318401
Iteration 30000: T=8.000066666666667, Loss=35182.67208467664
Iteration 40000: T=7.3334, Loss=35207.74899095393
Iteration 50000: T=6.666733333333333, Loss=35189.7315162907
Iteration 60000: T=6.000066666666667, Loss=35189.99399717046
Iteration 70000: T=5.333399999999999, Loss=35189.893771802475
Iteration 80000: T=4.666733333333334, Loss=35192.377805850454
Iteration 90000: T=4.000066666666666, Loss=35188.75199128552
Iteration 100000: T=3.3333999999999997, Loss=35188.004598545616
Iteration 110000: T=2.666733333333333, Loss=35187.00175641036
Iteration 120000: T=2.0000666666666667, Loss=35185.55555163066
Iteration 130000: T=1.3334000000000001, Loss=35188.37012187519
Iteration 140000: T=0.6667333333333336, Loss=35185.66393896535
Iteration 150000: T=6.666666666710341e-05, Loss=35182.0437545621
Initial loss: 36086.5244445595
Iteration 10000: T=9.333400000000001, Loss=35173.79978346429
Iteration 20000: T=8.666733333333333, Loss=35172.359833426766
Iteration 30000: T=8.000066666666667, Loss=35204.710549639574
Iteration 40000: T=7.3334, Loss=35167.56574318405
Iteration 50000: T=6.666733333333333, Loss=35169.551454963716
Iteration 60000: T=6.000066666666667, Loss=35181.95426969854
Iteration 70000: T=5.333399999999999, Loss=35166.74906141692
Iteration 80000: T=4.666733333333334, Loss=35159.83390815101
Iteration 90000: T=4.000066666666666, Loss=35161.04284319566
Iteration 100000: T=3.3333999999999997, Loss=35161.67537292615
Iteration 110000: T=2.666733333333333, Loss=35165.21034063118
Iteration 120000: T=2.0000666666666667, Loss=35156.40838660237
Iteration 130000: T=1.3334000000000001, Loss=35151.95145011628
Iteration 140000: T=0.6667333333333336, Loss=35155.2366383689
Iteration 150000: T=6.666666666710341e-05, Loss=35150.91042899022
Initial loss: 46558.53014281948
Iteration 10000: T=9.333400000000001, Loss=35174.88157254058
Iteration 20000: T=8.666733333333333, Loss=35176.826865625626
Iteration 30000: T=8.000066666666667, Loss=35176.64725310736
Iteration 40000: T=7.3334, Loss=35173.92500672047
Iteration 50000: T=6.666733333333333, Loss=35180.155879982
Iteration 60000: T=6.000066666666667, Loss=35171.23387354536
Iteration 70000: T=5.333399999999999, Loss=35176.5636326224
Iteration 80000: T=4.666733333333334, Loss=35171.39794671211
Iteration 90000: T=4.000066666666666, Loss=35168.62245481319
Iteration 100000: T=3.3333999999999997, Loss=35172.04241987533
Iteration 110000: T=2.666733333333333, Loss=35166.677299539944
Iteration 120000: T=2.0000666666666667, Loss=35164.38864615005
Iteration 130000: T=1.3334000000000001, Loss=35162.83363004345
Iteration 140000: T=0.6667333333333336, Loss=35157.77753962001
Iteration 150000: T=6.666666666710341e-05, Loss=35153.57287867516
Initial loss: 35396.8287900491
Iteration 10000: T=9.333400000000001, Loss=35224.066334434014
Iteration 20000: T=8.666733333333333, Loss=35186.432068905255
Iteration 30000: T=8.000066666666667, Loss=35179.84494723367
Iteration 40000: T=7.3334, Loss=35180.988267708046
Iteration 50000: T=6.666733333333333, Loss=35192.42020137034
Iteration 60000: T=6.000066666666667, Loss=35178.01797174911
Iteration 70000: T=5.333399999999999, Loss=35183.5766921985
Iteration 80000: T=4.666733333333334, Loss=35190.677446851616
Iteration 90000: T=4.000066666666666, Loss=35187.083273002114
Iteration 100000: T=3.3333999999999997, Loss=35190.48020952336
Iteration 110000: T=2.666733333333333, Loss=35192.56200932339
Iteration 120000: T=2.0000666666666667, Loss=35194.923502207035
Iteration 130000: T=1.3334000000000001, Loss=35196.22647347216
Iteration 140000: T=0.6667333333333336, Loss=35193.43025352141
Iteration 150000: T=6.666666666710341e-05, Loss=35188.0026173903
Initial loss: 428405.3000217904
Iteration 10000: T=9.333400000000001, Loss=35197.10939365808
Iteration 20000: T=8.666733333333333, Loss=35186.170613429866
Iteration 30000: T=8.000066666666667, Loss=35202.59062859177
Iteration 40000: T=7.3334, Loss=35189.70848587938
Iteration 50000: T=6.666733333333333, Loss=35183.39578360716
Iteration 60000: T=6.000066666666667, Loss=35180.77080837895
Iteration 70000: T=5.333399999999999, Loss=35181.978162055726
Iteration 80000: T=4.666733333333334, Loss=35181.930584392336
Iteration 90000: T=4.000066666666666, Loss=35181.79615398127
Iteration 100000: T=3.3333999999999997, Loss=35175.25074573986
Iteration 110000: T=2.666733333333333, Loss=35177.52066855102
Iteration 120000: T=2.0000666666666667, Loss=35171.695187769474
Iteration 130000: T=1.3334000000000001, Loss=35174.846628455685
Iteration 140000: T=0.6667333333333336, Loss=35170.76454166565
Iteration 150000: T=6.666666666710341e-05, Loss=35168.95473241818
Center of mass parameters: [ 1.80925874e+03  3.27820851e-01  5.65714468e+00  1.82187715e+03
  8.31124297e-01  4.75491162e+00  1.83253898e+03  1.00986071e+00
  5.17879902e+00  1.84173442e+03  5.77142788e-01  5.39639839e+00
  1.85521372e+03  2.14540523e-01  4.78218689e+00  1.86527945e+03
  1.16087934e+00  4.02022539e+00  1.87799258e+03 -3.74412770e-02
  5.10306363e+00  1.89057597e+03  1.95900852e-01  5.04627036e+00
  1.90218246e+03  2.02648719e-01  4.39017388e+00  1.91226131e+03
  4.71797644e-01  4.84692962e+00]
Final MSE: 35172.24491040255
R² = 0.11
Initial loss: 40194.75626336267
Iteration 10000: T=9.0001, Loss=35192.13130372805
Iteration 20000: T=8.0001, Loss=35192.49281011071
Iteration 30000: T=7.0001, Loss=35186.82589180524
Iteration 40000: T=6.0001, Loss=35184.67645661877
Iteration 50000: T=5.000100000000001, Loss=35199.66645772186
Iteration 60000: T=4.0001, Loss=35187.89047454267
Iteration 70000: T=3.0000999999999998, Loss=35178.58198595054
Iteration 80000: T=2.0001, Loss=35173.81064755964
Iteration 90000: T=1.0001000000000004, Loss=35171.61937311269
Iteration 100000: T=9.99999999995449e-05, Loss=35168.81564886881
Tuning complete. MSE at tuned parameters: 35168.81564886881
Initial loss: 38355.85801404368
Iteration 10000: T=9.333400000000001, Loss=35179.23943816139
Iteration 20000: T=8.666733333333333, Loss=35182.25622527458
Iteration 30000: T=8.000066666666667, Loss=35172.296872850566
Iteration 40000: T=7.3334, Loss=35179.67391729127
Iteration 50000: T=6.666733333333333, Loss=35174.36982144491
Iteration 60000: T=6.000066666666667, Loss=35181.97038826104
Iteration 70000: T=5.333399999999999, Loss=35180.88613148327
Iteration 80000: T=4.666733333333334, Loss=35185.92958001206
Iteration 90000: T=4.000066666666666, Loss=35178.913974613955
Iteration 100000: T=3.3333999999999997, Loss=35181.078427685374
Iteration 110000: T=2.666733333333333, Loss=35180.706991326326
Iteration 120000: T=2.0000666666666667, Loss=35179.47277927001
Iteration 130000: T=1.3334000000000001, Loss=35184.842362622316
Iteration 140000: T=0.6667333333333336, Loss=35175.89459061668
Iteration 150000: T=6.666666666710341e-05, Loss=35173.79015918364
Initial loss: 36631.8137420642
Iteration 10000: T=9.333400000000001, Loss=35161.880380753915
Iteration 20000: T=8.666733333333333, Loss=35170.712395708535
Iteration 30000: T=8.000066666666667, Loss=35177.10707837453
Iteration 40000: T=7.3334, Loss=35181.50929723612
Iteration 50000: T=6.666733333333333, Loss=35181.00888745759
Iteration 60000: T=6.000066666666667, Loss=35169.26458096737
Iteration 70000: T=5.333399999999999, Loss=35172.42553031057
Iteration 80000: T=4.666733333333334, Loss=35183.75600022619
Iteration 90000: T=4.000066666666666, Loss=35169.5833601292
Iteration 100000: T=3.3333999999999997, Loss=35171.675297696274
Iteration 110000: T=2.666733333333333, Loss=35169.02136100075
Iteration 120000: T=2.0000666666666667, Loss=35168.55667617131
Iteration 130000: T=1.3334000000000001, Loss=35168.43706682123
Iteration 140000: T=0.6667333333333336, Loss=35165.53027716839
Iteration 150000: T=6.666666666710341e-05, Loss=35158.215731567965
Initial loss: 35894.41696132535
Iteration 10000: T=9.333400000000001, Loss=35185.95190789576
Iteration 20000: T=8.666733333333333, Loss=35189.485588327305
Iteration 30000: T=8.000066666666667, Loss=35178.26191226475
Iteration 40000: T=7.3334, Loss=35174.89191235224
Iteration 50000: T=6.666733333333333, Loss=35177.0211962678
Iteration 60000: T=6.000066666666667, Loss=35175.63679928673
Iteration 70000: T=5.333399999999999, Loss=35168.80986324593
Iteration 80000: T=4.666733333333334, Loss=35186.21793181718
Iteration 90000: T=4.000066666666666, Loss=35174.890533258644
Iteration 100000: T=3.3333999999999997, Loss=35174.99468202971
Iteration 110000: T=2.666733333333333, Loss=35177.66684669643
Iteration 120000: T=2.0000666666666667, Loss=35176.59821061848
Iteration 130000: T=1.3334000000000001, Loss=35169.59982035159
Iteration 140000: T=0.6667333333333336, Loss=35168.46753353056
Iteration 150000: T=6.666666666710341e-05, Loss=35166.505207242095
Initial loss: 39020.19563764557
Iteration 10000: T=9.333400000000001, Loss=35169.101609525285
Iteration 20000: T=8.666733333333333, Loss=35175.404146424175
Iteration 30000: T=8.000066666666667, Loss=35164.714078033896
Iteration 40000: T=7.3334, Loss=35164.392451070344
Iteration 50000: T=6.666733333333333, Loss=35190.41809643792
Iteration 60000: T=6.000066666666667, Loss=35166.74248911015
Iteration 70000: T=5.333399999999999, Loss=35169.339327847774
Iteration 80000: T=4.666733333333334, Loss=35183.033061250586
Iteration 90000: T=4.000066666666666, Loss=35168.3571639418
Iteration 100000: T=3.3333999999999997, Loss=35163.21759774601
Iteration 110000: T=2.666733333333333, Loss=35170.84602728955
Iteration 120000: T=2.0000666666666667, Loss=35166.27304435076
Iteration 130000: T=1.3334000000000001, Loss=35169.17805817131
Iteration 140000: T=0.6667333333333336, Loss=35162.98961954816
Iteration 150000: T=6.666666666710341e-05, Loss=35158.55185206288
Initial loss: 39198.34816588412
Iteration 10000: T=9.333400000000001, Loss=35186.39516632401
Iteration 20000: T=8.666733333333333, Loss=35175.272010766654
Iteration 30000: T=8.000066666666667, Loss=35176.29840637488
Iteration 40000: T=7.3334, Loss=35185.88825806464
Iteration 50000: T=6.666733333333333, Loss=35176.601101212706
Iteration 60000: T=6.000066666666667, Loss=35183.07110242839
Iteration 70000: T=5.333399999999999, Loss=35180.285330816194
Iteration 80000: T=4.666733333333334, Loss=35180.81737833994
Iteration 90000: T=4.000066666666666, Loss=35184.50420176792
Iteration 100000: T=3.3333999999999997, Loss=35194.9355572891
Iteration 110000: T=2.666733333333333, Loss=35206.057984321735
Iteration 120000: T=2.0000666666666667, Loss=35189.22738771953
Iteration 130000: T=1.3334000000000001, Loss=35189.87248732433
Iteration 140000: T=0.6667333333333336, Loss=35184.39099739697
Iteration 150000: T=6.666666666710341e-05, Loss=35181.89058332275
Center of mass parameters: [ 1.80900217e+03  3.08786706e-01  4.09288369e+00  1.82291936e+03
 -2.73321573e-01  5.68783079e+00  1.83173525e+03  1.01332507e+00
  5.00837908e+00  1.84150872e+03  1.18724586e+00  5.28742030e+00
  1.85516178e+03  2.16614564e-01  4.82658626e+00  1.86633247e+03
  2.12368914e-01  4.80340362e+00  1.87801673e+03  5.11646559e-01
  6.14453247e+00  1.89005090e+03  7.81600695e-01  4.15329025e+00
  1.90161696e+03 -7.83373634e-03  4.64069875e+00  1.91219029e+03
  3.48130414e-01  4.54987026e+00]
Final MSE: 35171.38860542399
R² = 0.00
Initial loss: 40194.75626336267
Iteration 10000: T=9.0001, Loss=35220.89670546661
Iteration 20000: T=8.0001, Loss=35199.70638888625
Iteration 30000: T=7.0001, Loss=35194.60624172123
Iteration 40000: T=6.0001, Loss=35197.436114272605
Iteration 50000: T=5.000100000000001, Loss=35208.7247874201
Iteration 60000: T=4.0001, Loss=35207.15216032245
Iteration 70000: T=3.0000999999999998, Loss=35208.03115792981
Iteration 80000: T=2.0001, Loss=35198.711309203805
Iteration 90000: T=1.0001000000000004, Loss=35203.923164533786
Iteration 100000: T=9.99999999995449e-05, Loss=35194.18043781216
Tuning complete. MSE at tuned parameters: 35194.18043781216
Initial loss: 35373.61661692966
Iteration 10000: T=9.333400000000001, Loss=35207.49944916385
Iteration 20000: T=8.666733333333333, Loss=35195.444969940065
Iteration 30000: T=8.000066666666667, Loss=35192.92468298908
Iteration 40000: T=7.3334, Loss=35186.51204484966
Iteration 50000: T=6.666733333333333, Loss=35191.29275368933
Iteration 60000: T=6.000066666666667, Loss=35189.17210420168
Iteration 70000: T=5.333399999999999, Loss=35192.179321914504
Iteration 80000: T=4.666733333333334, Loss=35180.51012267467
Iteration 90000: T=4.000066666666666, Loss=35194.9589994331
Iteration 100000: T=3.3333999999999997, Loss=35178.83465425683
Iteration 110000: T=2.666733333333333, Loss=35179.62266011878
Iteration 120000: T=2.0000666666666667, Loss=35182.60895680437
Iteration 130000: T=1.3334000000000001, Loss=35175.68595834962
Iteration 140000: T=0.6667333333333336, Loss=35174.46216056514
Iteration 150000: T=6.666666666710341e-05, Loss=35167.45744451146
Initial loss: 36604.847817176706
Iteration 10000: T=9.333400000000001, Loss=35193.7213943723
Iteration 20000: T=8.666733333333333, Loss=35200.58724095639
Iteration 30000: T=8.000066666666667, Loss=35194.17389131672
Iteration 40000: T=7.3334, Loss=35218.49218324517
Iteration 50000: T=6.666733333333333, Loss=35199.27263391369
Iteration 60000: T=6.000066666666667, Loss=35192.59142845105
Iteration 70000: T=5.333399999999999, Loss=35200.17781118207
Iteration 80000: T=4.666733333333334, Loss=35196.32707397465
Iteration 90000: T=4.000066666666666, Loss=35194.31380765741
Iteration 100000: T=3.3333999999999997, Loss=35191.686302017384
Iteration 110000: T=2.666733333333333, Loss=35191.32213152578
Iteration 120000: T=2.0000666666666667, Loss=35186.73004138449
Iteration 130000: T=1.3334000000000001, Loss=35186.18847056815
Iteration 140000: T=0.6667333333333336, Loss=35185.13091684466
Iteration 150000: T=6.666666666710341e-05, Loss=35182.34384634654
Initial loss: 35962.0327830861
Iteration 10000: T=9.333400000000001, Loss=35204.7240913492
Iteration 20000: T=8.666733333333333, Loss=35207.89396513114
Iteration 30000: T=8.000066666666667, Loss=35214.99987637793
Iteration 40000: T=7.3334, Loss=35206.174189849786
Iteration 50000: T=6.666733333333333, Loss=35197.72875300018
Iteration 60000: T=6.000066666666667, Loss=35195.737588842676
Iteration 70000: T=5.333399999999999, Loss=35190.68702325331
Iteration 80000: T=4.666733333333334, Loss=35197.972329884324
Iteration 90000: T=4.000066666666666, Loss=35197.769421317134
Iteration 100000: T=3.3333999999999997, Loss=35198.48738726356
Iteration 110000: T=2.666733333333333, Loss=35191.70711245966
Iteration 120000: T=2.0000666666666667, Loss=35188.16278805957
Iteration 130000: T=1.3334000000000001, Loss=35185.78075008842
Iteration 140000: T=0.6667333333333336, Loss=35181.30070589396
Iteration 150000: T=6.666666666710341e-05, Loss=35179.28784368239
Initial loss: 41078.89042875887
Iteration 10000: T=9.333400000000001, Loss=35191.46419441699
Iteration 20000: T=8.666733333333333, Loss=35215.488287441585
Iteration 30000: T=8.000066666666667, Loss=35204.828252080755
Iteration 40000: T=7.3334, Loss=35205.13395458328
Iteration 50000: T=6.666733333333333, Loss=35203.059302279136
Iteration 60000: T=6.000066666666667, Loss=35199.08279513211
Iteration 70000: T=5.333399999999999, Loss=35201.784192548475
Iteration 80000: T=4.666733333333334, Loss=35204.57503558786
Iteration 90000: T=4.000066666666666, Loss=35190.29673959732
Iteration 100000: T=3.3333999999999997, Loss=35187.97142490526
Iteration 110000: T=2.666733333333333, Loss=35183.7240954889
Iteration 120000: T=2.0000666666666667, Loss=35183.10058621929
Iteration 130000: T=1.3334000000000001, Loss=35186.27036767457
Iteration 140000: T=0.6667333333333336, Loss=35181.214404477825
Iteration 150000: T=6.666666666710341e-05, Loss=35178.05385339276
Initial loss: 37110.116594889536
Iteration 10000: T=9.333400000000001, Loss=35212.772688340396
Iteration 20000: T=8.666733333333333, Loss=35193.611869474465
Iteration 30000: T=8.000066666666667, Loss=35193.21769603429
Iteration 40000: T=7.3334, Loss=35192.751842367834
Iteration 50000: T=6.666733333333333, Loss=35197.68102532167
Iteration 60000: T=6.000066666666667, Loss=35211.44462078496
Iteration 70000: T=5.333399999999999, Loss=35211.11222272436
Iteration 80000: T=4.666733333333334, Loss=35209.825415020896
Iteration 90000: T=4.000066666666666, Loss=35202.57448395611
Iteration 100000: T=3.3333999999999997, Loss=35201.90055407789
Iteration 110000: T=2.666733333333333, Loss=35194.007221731066
Iteration 120000: T=2.0000666666666667, Loss=35191.193869897725
Iteration 130000: T=1.3334000000000001, Loss=35192.145222903695
Iteration 140000: T=0.6667333333333336, Loss=35188.5874503826
Iteration 150000: T=6.666666666710341e-05, Loss=35182.07509211172
Center of mass parameters: [ 1.81006366e+03  8.05246239e-01  5.11211703e+00  1.82196563e+03
  2.09831849e-02  3.98276915e+00  1.83229315e+03  7.68836263e-01
  5.25242030e+00  1.84339645e+03  3.77831646e-01  5.68515365e+00
  1.85482131e+03  2.28728435e-01  5.08732381e+00  1.86695973e+03
  1.56338292e-01  5.75146266e+00  1.87737868e+03  6.04650891e-01
  5.42824564e+00  1.88909495e+03  6.41643184e-02  5.34543273e+00
  1.90213170e+03  9.36046866e-02  4.79574706e+00  1.91202453e+03
 -1.40252504e-01  4.01056372e+00]
Final MSE: 35182.53799985059
R² = 0.26
Initial loss: 40194.75626336267
Iteration 10000: T=9.0001, Loss=35194.12322252188
Iteration 20000: T=8.0001, Loss=35193.62147485969
Iteration 30000: T=7.0001, Loss=35198.08508933467
Iteration 40000: T=6.0001, Loss=35216.431916080124
Iteration 50000: T=5.000100000000001, Loss=35194.018818005105
Iteration 60000: T=4.0001, Loss=35191.86428514905
Iteration 70000: T=3.0000999999999998, Loss=35200.580014111445
Iteration 80000: T=2.0001, Loss=35191.85618154296
Iteration 90000: T=1.0001000000000004, Loss=35191.70421036497
Iteration 100000: T=9.99999999995449e-05, Loss=35185.038096302196
Tuning complete. MSE at tuned parameters: 35185.038096302196
Initial loss: 37306.9786101672
Iteration 10000: T=9.333400000000001, Loss=35180.91189149682
Iteration 20000: T=8.666733333333333, Loss=35192.05039496709
Iteration 30000: T=8.000066666666667, Loss=35185.641873176
Iteration 40000: T=7.3334, Loss=35180.13847096728
Iteration 50000: T=6.666733333333333, Loss=35187.356846213916
Iteration 60000: T=6.000066666666667, Loss=35191.78444292902
Iteration 70000: T=5.333399999999999, Loss=35187.72532466362
Iteration 80000: T=4.666733333333334, Loss=35203.29241788007
Iteration 90000: T=4.000066666666666, Loss=35207.11664358279
Iteration 100000: T=3.3333999999999997, Loss=35205.45790194477
Iteration 110000: T=2.666733333333333, Loss=35198.16558208246
Iteration 120000: T=2.0000666666666667, Loss=35198.84115166548
Iteration 130000: T=1.3334000000000001, Loss=35191.90579773095
Iteration 140000: T=0.6667333333333336, Loss=35182.87053296228
Iteration 150000: T=6.666666666710341e-05, Loss=35179.178186154066
Initial loss: 36071.20881161253
Iteration 10000: T=9.333400000000001, Loss=35203.591608426505
Iteration 20000: T=8.666733333333333, Loss=35200.730995588645
Iteration 30000: T=8.000066666666667, Loss=35191.162316712056
Iteration 40000: T=7.3334, Loss=35189.985657626785
Iteration 50000: T=6.666733333333333, Loss=35184.97572829881
Iteration 60000: T=6.000066666666667, Loss=35179.68709137752
Iteration 70000: T=5.333399999999999, Loss=35189.422176564825
Iteration 80000: T=4.666733333333334, Loss=35209.43187583168
Iteration 90000: T=4.000066666666666, Loss=35176.84277023355
Iteration 100000: T=3.3333999999999997, Loss=35179.73153163779
Iteration 110000: T=2.666733333333333, Loss=35179.24437694634
Iteration 120000: T=2.0000666666666667, Loss=35173.94075464329
Iteration 130000: T=1.3334000000000001, Loss=35174.130391860825
Iteration 140000: T=0.6667333333333336, Loss=35170.24893908987
Iteration 150000: T=6.666666666710341e-05, Loss=35168.70523965129
Initial loss: 128755.53855226838
Iteration 10000: T=9.333400000000001, Loss=35210.63788016164
Iteration 20000: T=8.666733333333333, Loss=35184.74006938765
Iteration 30000: T=8.000066666666667, Loss=35188.87479343653
Iteration 40000: T=7.3334, Loss=35189.963716781196
Iteration 50000: T=6.666733333333333, Loss=35216.72494905813
Iteration 60000: T=6.000066666666667, Loss=35206.49696718466
Iteration 70000: T=5.333399999999999, Loss=35208.29067049956
Iteration 80000: T=4.666733333333334, Loss=35194.07061435652
Iteration 90000: T=4.000066666666666, Loss=35205.71220470556
Iteration 100000: T=3.3333999999999997, Loss=35202.485029650124
Iteration 110000: T=2.666733333333333, Loss=35190.61642607418
Iteration 120000: T=2.0000666666666667, Loss=35187.7070985661
Iteration 130000: T=1.3334000000000001, Loss=35188.903804367845
Iteration 140000: T=0.6667333333333336, Loss=35185.0587974676
Iteration 150000: T=6.666666666710341e-05, Loss=35179.5030224085
Initial loss: 36338.266928071
Iteration 10000: T=9.333400000000001, Loss=35198.76836934464
Iteration 20000: T=8.666733333333333, Loss=35186.08339995517
Iteration 30000: T=8.000066666666667, Loss=35183.04115231285
Iteration 40000: T=7.3334, Loss=35186.78034757058
Iteration 50000: T=6.666733333333333, Loss=35185.336811894966
Iteration 60000: T=6.000066666666667, Loss=35186.21554689306
Iteration 70000: T=5.333399999999999, Loss=35187.76173537597
Iteration 80000: T=4.666733333333334, Loss=35190.33921637804
Iteration 90000: T=4.000066666666666, Loss=35182.355916968394
Iteration 100000: T=3.3333999999999997, Loss=35175.923236075185
Iteration 110000: T=2.666733333333333, Loss=35171.61542187064
Iteration 120000: T=2.0000666666666667, Loss=35171.54877884412
Iteration 130000: T=1.3334000000000001, Loss=35168.29384678851
Iteration 140000: T=0.6667333333333336, Loss=35167.48536502738
Iteration 150000: T=6.666666666710341e-05, Loss=35164.525677350764
Initial loss: 37462.029775958355
Iteration 10000: T=9.333400000000001, Loss=35212.87730188582
Iteration 20000: T=8.666733333333333, Loss=35240.555807093086
Iteration 30000: T=8.000066666666667, Loss=35200.34801337833
Iteration 40000: T=7.3334, Loss=35194.66014715638
Iteration 50000: T=6.666733333333333, Loss=35192.38175248929
Iteration 60000: T=6.000066666666667, Loss=35203.25667460595
Iteration 70000: T=5.333399999999999, Loss=35193.10864118402
Iteration 80000: T=4.666733333333334, Loss=35191.691274826146
Iteration 90000: T=4.000066666666666, Loss=35196.50230010508
Iteration 100000: T=3.3333999999999997, Loss=35189.17506523933
Iteration 110000: T=2.666733333333333, Loss=35191.494192684746
Iteration 120000: T=2.0000666666666667, Loss=35187.51105181695
Iteration 130000: T=1.3334000000000001, Loss=35188.01899513155
Iteration 140000: T=0.6667333333333336, Loss=35187.49537341362
Iteration 150000: T=6.666666666710341e-05, Loss=35181.90724742138
Center of mass parameters: [ 1.80997088e+03  3.51121783e-01  4.92937037e+00  1.82276914e+03
  2.17494569e-01  4.66222495e+00  1.83257757e+03  6.53545754e-01
  4.28614432e+00  1.84358455e+03 -1.18828446e-01  5.15004332e+00
  1.85555734e+03  2.01618072e-01  4.50884327e+00  1.86722330e+03
  3.59781612e-02  5.44001932e+00  1.87831453e+03  7.11922602e-01
  4.43933534e+00  1.88922594e+03  2.94779844e-01  4.07423740e+00
  1.90085730e+03  5.53683842e-01  5.28290956e+00  1.91107794e+03
  1.20403355e+00  4.70675567e+00]
Final MSE: 35178.27069017976
R² = 0.11
Initial loss: 40194.75626336267
Iteration 10000: T=9.0001, Loss=35201.02310899247
Iteration 20000: T=8.0001, Loss=35198.65507068949
Iteration 30000: T=7.0001, Loss=35199.243918383785
Iteration 40000: T=6.0001, Loss=35194.747102317924
Iteration 50000: T=5.000100000000001, Loss=35190.3023062659
Iteration 60000: T=4.0001, Loss=35193.15816148582
Iteration 70000: T=3.0000999999999998, Loss=35194.48392170278
Iteration 80000: T=2.0001, Loss=35195.61938660488
Iteration 90000: T=1.0001000000000004, Loss=35194.05291368589
Iteration 100000: T=9.99999999995449e-05, Loss=35189.723276375385
Tuning complete. MSE at tuned parameters: 35189.723276375385
Initial loss: 115782.26557077702
Iteration 10000: T=9.333400000000001, Loss=35206.47696308964
Iteration 20000: T=8.666733333333333, Loss=35197.332012109895
Iteration 30000: T=8.000066666666667, Loss=35198.18239326633
Iteration 40000: T=7.3334, Loss=35193.85728515914
Iteration 50000: T=6.666733333333333, Loss=35192.67317677177
Iteration 60000: T=6.000066666666667, Loss=35195.27355071744
Iteration 70000: T=5.333399999999999, Loss=35192.52041881464
Iteration 80000: T=4.666733333333334, Loss=35195.41984669171
Iteration 90000: T=4.000066666666666, Loss=35191.02077468317
Iteration 100000: T=3.3333999999999997, Loss=35192.52546630887
Iteration 110000: T=2.666733333333333, Loss=35192.840014133966
Iteration 120000: T=2.0000666666666667, Loss=35186.6981241917
Iteration 130000: T=1.3334000000000001, Loss=35184.78542549923
Iteration 140000: T=0.6667333333333336, Loss=35183.05330308061
Iteration 150000: T=6.666666666710341e-05, Loss=35179.48031819419
Initial loss: 64409.696647682125
Iteration 10000: T=9.333400000000001, Loss=35220.53976880957
Iteration 20000: T=8.666733333333333, Loss=35204.13105518332
Iteration 30000: T=8.000066666666667, Loss=35209.53698904874
Iteration 40000: T=7.3334, Loss=35200.85165590077
Iteration 50000: T=6.666733333333333, Loss=35201.137545143254
Iteration 60000: T=6.000066666666667, Loss=35212.03906135084
Iteration 70000: T=5.333399999999999, Loss=35200.242029799665
Iteration 80000: T=4.666733333333334, Loss=35196.85261331471
Iteration 90000: T=4.000066666666666, Loss=35193.739818097674
Iteration 100000: T=3.3333999999999997, Loss=35196.277583194766
Iteration 110000: T=2.666733333333333, Loss=35199.98319785673
Iteration 120000: T=2.0000666666666667, Loss=35200.067399950356
Iteration 130000: T=1.3334000000000001, Loss=35193.335816144536
Iteration 140000: T=0.6667333333333336, Loss=35190.50778506174
Iteration 150000: T=6.666666666710341e-05, Loss=35188.200479431325
Initial loss: 45688.466715935065
Iteration 10000: T=9.333400000000001, Loss=35197.03386400677
Iteration 20000: T=8.666733333333333, Loss=35203.579898090204
Iteration 30000: T=8.000066666666667, Loss=35203.110865207775
Iteration 40000: T=7.3334, Loss=35199.42758355337
Iteration 50000: T=6.666733333333333, Loss=35207.298539180156
Iteration 60000: T=6.000066666666667, Loss=35202.95091288568
Iteration 70000: T=5.333399999999999, Loss=35209.797282336556
Iteration 80000: T=4.666733333333334, Loss=35208.792135595
Iteration 90000: T=4.000066666666666, Loss=35199.964799558475
Iteration 100000: T=3.3333999999999997, Loss=35206.55405440014
Iteration 110000: T=2.666733333333333, Loss=35202.80672490464
Iteration 120000: T=2.0000666666666667, Loss=35203.463957927
Iteration 130000: T=1.3334000000000001, Loss=35200.976777678625
Iteration 140000: T=0.6667333333333336, Loss=35199.852747061486
Iteration 150000: T=6.666666666710341e-05, Loss=35196.613537621066
Initial loss: 36435.34246135859
Iteration 10000: T=9.333400000000001, Loss=35218.619183987415
Iteration 20000: T=8.666733333333333, Loss=35199.80344017753
Iteration 30000: T=8.000066666666667, Loss=35201.980211426715
Iteration 40000: T=7.3334, Loss=35190.80851433903
Iteration 50000: T=6.666733333333333, Loss=35186.78646297511
Iteration 60000: T=6.000066666666667, Loss=35193.99732793987
Iteration 70000: T=5.333399999999999, Loss=35187.30687726919
Iteration 80000: T=4.666733333333334, Loss=35188.762272597334
Iteration 90000: T=4.000066666666666, Loss=35184.726287690464
Iteration 100000: T=3.3333999999999997, Loss=35183.94558756835
Iteration 110000: T=2.666733333333333, Loss=35185.88011211317
Iteration 120000: T=2.0000666666666667, Loss=35187.88318522301
Iteration 130000: T=1.3334000000000001, Loss=35183.533431396194
Iteration 140000: T=0.6667333333333336, Loss=35179.38795838751
Iteration 150000: T=6.666666666710341e-05, Loss=35177.28540892975
Initial loss: 208890.0221688107
Iteration 10000: T=9.333400000000001, Loss=35194.63531302458
Iteration 20000: T=8.666733333333333, Loss=35202.69984152324
Iteration 30000: T=8.000066666666667, Loss=35194.11772070304
Iteration 40000: T=7.3334, Loss=35192.568473054336
Iteration 50000: T=6.666733333333333, Loss=35196.23907772233
Iteration 60000: T=6.000066666666667, Loss=35190.261554040655
Iteration 70000: T=5.333399999999999, Loss=35204.076044377136
Iteration 80000: T=4.666733333333334, Loss=35183.24516618074
Iteration 90000: T=4.000066666666666, Loss=35190.98514583942
Iteration 100000: T=3.3333999999999997, Loss=35181.9170753808
Iteration 110000: T=2.666733333333333, Loss=35177.049385684455
Iteration 120000: T=2.0000666666666667, Loss=35179.7176168585
Iteration 130000: T=1.3334000000000001, Loss=35181.33913066978
Iteration 140000: T=0.6667333333333336, Loss=35175.34443852927
Iteration 150000: T=6.666666666710341e-05, Loss=35172.27119385366
Center of mass parameters: [1.81023734e+03 6.01565978e-01 6.35796317e+00 1.82254719e+03
 2.65039571e-01 4.82593203e+00 1.83304182e+03 1.70598196e+00
 5.93597370e+00 1.84372613e+03 1.19508773e-01 5.07587070e+00
 1.85545437e+03 2.05846429e-01 4.59629346e+00 1.86713891e+03
 3.15851497e-01 6.03489612e+00 1.87673537e+03 1.52185985e+00
 4.47822963e+00 1.88955997e+03 2.14597162e+00 5.78915036e+00
 1.90106203e+03 8.34230351e-01 5.97276865e+00 1.91380270e+03
 8.24767465e-01 5.16182848e+00]
Final MSE: 35186.632985941455
R² = 0.04
Initial loss: 40194.75626336267
Iteration 10000: T=9.0001, Loss=35211.03131960194
Iteration 20000: T=8.0001, Loss=35205.79954692988
Iteration 30000: T=7.0001, Loss=35202.64870982187
Iteration 40000: T=6.0001, Loss=35203.57170755338
Iteration 50000: T=5.000100000000001, Loss=35200.80894686727
Iteration 60000: T=4.0001, Loss=35209.85422954724
Iteration 70000: T=3.0000999999999998, Loss=35203.173342896516
Iteration 80000: T=2.0001, Loss=35199.94581415031
Iteration 90000: T=1.0001000000000004, Loss=35195.97829388605
Iteration 100000: T=9.99999999995449e-05, Loss=35191.10161959394
Tuning complete. MSE at tuned parameters: 35191.10161959394
Initial loss: 42501.73459313704
Iteration 10000: T=9.333400000000001, Loss=35194.0639587619
Iteration 20000: T=8.666733333333333, Loss=35191.481656650336
Iteration 30000: T=8.000066666666667, Loss=35204.36234873355
Iteration 40000: T=7.3334, Loss=35193.81891996594
Iteration 50000: T=6.666733333333333, Loss=35191.834876893154
Iteration 60000: T=6.000066666666667, Loss=35193.04364188234
Iteration 70000: T=5.333399999999999, Loss=35187.737396419885
Iteration 80000: T=4.666733333333334, Loss=35180.60655926339
Iteration 90000: T=4.000066666666666, Loss=35176.612455182774
Iteration 100000: T=3.3333999999999997, Loss=35178.18720270039
Iteration 110000: T=2.666733333333333, Loss=35177.43663391614
Iteration 120000: T=2.0000666666666667, Loss=35174.77123686907
Iteration 130000: T=1.3334000000000001, Loss=35177.969058678675
Iteration 140000: T=0.6667333333333336, Loss=35178.81119394197
Iteration 150000: T=6.666666666710341e-05, Loss=35174.84630788098
Initial loss: 36483.23298506592
Iteration 10000: T=9.333400000000001, Loss=35195.20208802871
Iteration 20000: T=8.666733333333333, Loss=35193.298429989656
Iteration 30000: T=8.000066666666667, Loss=35202.82246848902
Iteration 40000: T=7.3334, Loss=35185.114181893
Iteration 50000: T=6.666733333333333, Loss=35188.12165355179
Iteration 60000: T=6.000066666666667, Loss=35181.29417911464
Iteration 70000: T=5.333399999999999, Loss=35179.66733924142
Iteration 80000: T=4.666733333333334, Loss=35194.79218705018
Iteration 90000: T=4.000066666666666, Loss=35187.75880888209
Iteration 100000: T=3.3333999999999997, Loss=35177.05964667621
Iteration 110000: T=2.666733333333333, Loss=35174.81289294483
Iteration 120000: T=2.0000666666666667, Loss=35170.1962557384
Iteration 130000: T=1.3334000000000001, Loss=35174.64466873425
Iteration 140000: T=0.6667333333333336, Loss=35169.4558689592
Iteration 150000: T=6.666666666710341e-05, Loss=35168.04607865408
Initial loss: 44917.84762163059
Iteration 10000: T=9.333400000000001, Loss=35202.11170401835
Iteration 20000: T=8.666733333333333, Loss=35205.64918597255
Iteration 30000: T=8.000066666666667, Loss=35204.56791335515
Iteration 40000: T=7.3334, Loss=35211.5064766856
Iteration 50000: T=6.666733333333333, Loss=35196.98232806416
Iteration 60000: T=6.000066666666667, Loss=35186.517088827655
Iteration 70000: T=5.333399999999999, Loss=35186.636475846884
Iteration 80000: T=4.666733333333334, Loss=35188.73923748375
Iteration 90000: T=4.000066666666666, Loss=35181.59121588898
Iteration 100000: T=3.3333999999999997, Loss=35180.05580055523
Iteration 110000: T=2.666733333333333, Loss=35179.11191553816
Iteration 120000: T=2.0000666666666667, Loss=35176.439875150994
Iteration 130000: T=1.3334000000000001, Loss=35181.87508398861
Iteration 140000: T=0.6667333333333336, Loss=35172.57959887502
Iteration 150000: T=6.666666666710341e-05, Loss=35166.579557222016
Initial loss: 36413.993193548995
Iteration 10000: T=9.333400000000001, Loss=35194.80927384842
Iteration 20000: T=8.666733333333333, Loss=35186.18793090331
Iteration 30000: T=8.000066666666667, Loss=35209.930216067376
Iteration 40000: T=7.3334, Loss=35189.429657759305
Iteration 50000: T=6.666733333333333, Loss=35192.92156716482
Iteration 60000: T=6.000066666666667, Loss=35204.019717549636
Iteration 70000: T=5.333399999999999, Loss=35185.086048761805
Iteration 80000: T=4.666733333333334, Loss=35186.479429428895
Iteration 90000: T=4.000066666666666, Loss=35177.10734585584
Iteration 100000: T=3.3333999999999997, Loss=35176.69353783598
Iteration 110000: T=2.666733333333333, Loss=35179.606024184344
Iteration 120000: T=2.0000666666666667, Loss=35170.48154527131
Iteration 130000: T=1.3334000000000001, Loss=35168.30800705591
Iteration 140000: T=0.6667333333333336, Loss=35162.0731624007
Iteration 150000: T=6.666666666710341e-05, Loss=35158.604936999756
Initial loss: 57056.049667134495
Iteration 10000: T=9.333400000000001, Loss=35196.915946796355
Iteration 20000: T=8.666733333333333, Loss=35197.97145415214
Iteration 30000: T=8.000066666666667, Loss=35191.12033707912
Iteration 40000: T=7.3334, Loss=35195.24697183198
Iteration 50000: T=6.666733333333333, Loss=35185.54284865713
Iteration 60000: T=6.000066666666667, Loss=35188.853948257936
Iteration 70000: T=5.333399999999999, Loss=35188.249565007514
Iteration 80000: T=4.666733333333334, Loss=35179.28814795607
Iteration 90000: T=4.000066666666666, Loss=35177.148286096555
Iteration 100000: T=3.3333999999999997, Loss=35175.60621044384
Iteration 110000: T=2.666733333333333, Loss=35177.80061733129
Iteration 120000: T=2.0000666666666667, Loss=35176.55560132062
Iteration 130000: T=1.3334000000000001, Loss=35174.70605961812
Iteration 140000: T=0.6667333333333336, Loss=35172.97868428996
Iteration 150000: T=6.666666666710341e-05, Loss=35170.45343063074
Center of mass parameters: [ 1.81024355e+03  6.06115024e-01  3.98346450e+00  1.82252476e+03
  1.44190464e+00  5.47481304e+00  1.83266068e+03 -4.29271006e-01
  6.75591926e+00  1.84195383e+03  6.19362271e-01  5.36932279e+00
  1.85509827e+03  2.19210913e-01  4.88003803e+00  1.86669591e+03
  6.94652114e-02  4.72824982e+00  1.87674492e+03  9.53859678e-01
  5.25860879e+00  1.88829402e+03  1.33453986e-01  5.69324676e+00
  1.90153108e+03  1.16994674e+00  3.87741048e+00  1.91274262e+03
  7.00824261e-01  5.10467273e+00]
Final MSE: 35171.85705291833
R² = 0.23
Initial loss: 40194.75626336267
Iteration 10000: T=9.0001, Loss=35211.686341193854
Iteration 20000: T=8.0001, Loss=35210.16217434445
Iteration 30000: T=7.0001, Loss=35204.35909022224
Iteration 40000: T=6.0001, Loss=35201.81054682255
Iteration 50000: T=5.000100000000001, Loss=35197.62265874169
Iteration 60000: T=4.0001, Loss=35200.679030084124
Iteration 70000: T=3.0000999999999998, Loss=35194.58576572525
Iteration 80000: T=2.0001, Loss=35194.23766083084
Iteration 90000: T=1.0001000000000004, Loss=35191.57073545514
Iteration 100000: T=9.99999999995449e-05, Loss=35189.46474646691
Tuning complete. MSE at tuned parameters: 35189.46474646691
Initial loss: 35756.02900259876
Iteration 10000: T=9.333400000000001, Loss=35201.226418437625
Iteration 20000: T=8.666733333333333, Loss=35193.06271604242
Iteration 30000: T=8.000066666666667, Loss=35192.79895614178
Iteration 40000: T=7.3334, Loss=35193.73837901865
Iteration 50000: T=6.666733333333333, Loss=35204.45990894211
Iteration 60000: T=6.000066666666667, Loss=35194.68852538844
Iteration 70000: T=5.333399999999999, Loss=35195.11179165962
Iteration 80000: T=4.666733333333334, Loss=35217.54878399406
Iteration 90000: T=4.000066666666666, Loss=35196.122424023415
Iteration 100000: T=3.3333999999999997, Loss=35196.14726148405
Iteration 110000: T=2.666733333333333, Loss=35190.49906976705
Iteration 120000: T=2.0000666666666667, Loss=35188.42641361895
Iteration 130000: T=1.3334000000000001, Loss=35185.60944106593
Iteration 140000: T=0.6667333333333336, Loss=35185.21215456501
Iteration 150000: T=6.666666666710341e-05, Loss=35182.62221483393
Initial loss: 35535.40525131698
Iteration 10000: T=9.333400000000001, Loss=35218.577263886844
Iteration 20000: T=8.666733333333333, Loss=35232.391936485896
Iteration 30000: T=8.000066666666667, Loss=35202.13348992769
Iteration 40000: T=7.3334, Loss=35205.12522606698
Iteration 50000: T=6.666733333333333, Loss=35194.46126002211
Iteration 60000: T=6.000066666666667, Loss=35189.01115634619
Iteration 70000: T=5.333399999999999, Loss=35200.05856716148
Iteration 80000: T=4.666733333333334, Loss=35199.73362151693
Iteration 90000: T=4.000066666666666, Loss=35194.38860111807
Iteration 100000: T=3.3333999999999997, Loss=35188.56375185032
Iteration 110000: T=2.666733333333333, Loss=35190.49735175667
Iteration 120000: T=2.0000666666666667, Loss=35194.14109916359
Iteration 130000: T=1.3334000000000001, Loss=35185.40703656567
Iteration 140000: T=0.6667333333333336, Loss=35184.62658481567
Iteration 150000: T=6.666666666710341e-05, Loss=35181.26591230917
Initial loss: 37167.532427640755
Iteration 10000: T=9.333400000000001, Loss=35191.98517447477
Iteration 20000: T=8.666733333333333, Loss=35198.46383931928
Iteration 30000: T=8.000066666666667, Loss=35197.23376558347
Iteration 40000: T=7.3334, Loss=35209.78439674457
Iteration 50000: T=6.666733333333333, Loss=35213.167478821284
Iteration 60000: T=6.000066666666667, Loss=35197.159230611105
Iteration 70000: T=5.333399999999999, Loss=35198.15569232063
Iteration 80000: T=4.666733333333334, Loss=35197.83261121187
Iteration 90000: T=4.000066666666666, Loss=35199.71313871323
Iteration 100000: T=3.3333999999999997, Loss=35193.934065892034
Iteration 110000: T=2.666733333333333, Loss=35199.21802858634
Iteration 120000: T=2.0000666666666667, Loss=35193.654917905784
Iteration 130000: T=1.3334000000000001, Loss=35191.912173784156
Iteration 140000: T=0.6667333333333336, Loss=35192.60437353182
Iteration 150000: T=6.666666666710341e-05, Loss=35187.82558574031
Initial loss: 36667.91233125351
Iteration 10000: T=9.333400000000001, Loss=35196.19467038409
Iteration 20000: T=8.666733333333333, Loss=35200.32575213649
Iteration 30000: T=8.000066666666667, Loss=35198.82132551416
Iteration 40000: T=7.3334, Loss=35204.15084176437
Iteration 50000: T=6.666733333333333, Loss=35208.476378960855
Iteration 60000: T=6.000066666666667, Loss=35204.19185789488
Iteration 70000: T=5.333399999999999, Loss=35209.76192389474
Iteration 80000: T=4.666733333333334, Loss=35223.479447056336
Iteration 90000: T=4.000066666666666, Loss=35213.20516785654
Iteration 100000: T=3.3333999999999997, Loss=35204.24592953312
Iteration 110000: T=2.666733333333333, Loss=35204.2971566615
Iteration 120000: T=2.0000666666666667, Loss=35190.72721333924
Iteration 130000: T=1.3334000000000001, Loss=35188.38857881464
Iteration 140000: T=0.6667333333333336, Loss=35186.78132490902
Iteration 150000: T=6.666666666710341e-05, Loss=35181.456702449526
Initial loss: 38066.7442965045
Iteration 10000: T=9.333400000000001, Loss=35206.97355873761
Iteration 20000: T=8.666733333333333, Loss=35206.25092363812
Iteration 30000: T=8.000066666666667, Loss=35202.11095081927
Iteration 40000: T=7.3334, Loss=35202.17514234435
Iteration 50000: T=6.666733333333333, Loss=35193.081084535545
Iteration 60000: T=6.000066666666667, Loss=35193.47725698977
Iteration 70000: T=5.333399999999999, Loss=35193.60306027303
Iteration 80000: T=4.666733333333334, Loss=35195.205854956046
Iteration 90000: T=4.000066666666666, Loss=35199.109672462044
Iteration 100000: T=3.3333999999999997, Loss=35201.10648853366
Iteration 110000: T=2.666733333333333, Loss=35197.76482704666
Iteration 120000: T=2.0000666666666667, Loss=35193.32670943065
Iteration 130000: T=1.3334000000000001, Loss=35194.424596188015
Iteration 140000: T=0.6667333333333336, Loss=35190.105199613776
Iteration 150000: T=6.666666666710341e-05, Loss=35187.459922098016
Center of mass parameters: [ 1.81075891e+03  9.86306858e-03  5.68681746e+00  1.82339270e+03
  5.27369409e-01  4.77960926e+00  1.83390298e+03  1.46371064e+00
  5.29432877e+00  1.84362224e+03  1.67823814e-01  5.73719633e+00
  1.85527566e+03  2.12289909e-01  4.73485148e+00  1.86673684e+03
 -1.54667240e-02  5.45543837e+00  1.87762472e+03  1.79515765e-01
  5.30567033e+00  1.88921059e+03 -1.28203540e-01  5.51252309e+00
  1.90195431e+03  3.70650660e-01  4.75409961e+00  1.91088852e+03
 -2.34817919e-02  5.16932230e+00]
Final MSE: 35187.57492154815
R² = 0.06
Initial loss: 40194.75626336267
Iteration 10000: T=9.0001, Loss=35198.17030679019
Iteration 20000: T=8.0001, Loss=35193.19560834596
Iteration 30000: T=7.0001, Loss=35190.474921545785
Iteration 40000: T=6.0001, Loss=35193.10394926242
Iteration 50000: T=5.000100000000001, Loss=35191.65450880688
Iteration 60000: T=4.0001, Loss=35200.18337033393
Iteration 70000: T=3.0000999999999998, Loss=35192.87960865065
Iteration 80000: T=2.0001, Loss=35199.118269741324
Iteration 90000: T=1.0001000000000004, Loss=35190.875005581096
Iteration 100000: T=9.99999999995449e-05, Loss=35190.20454640152
Tuning complete. MSE at tuned parameters: 35190.20454640152
Initial loss: 79413.34808792616
Iteration 10000: T=9.333400000000001, Loss=35200.78675552051
Iteration 20000: T=8.666733333333333, Loss=35199.472012807986
Iteration 30000: T=8.000066666666667, Loss=35198.9644814924
Iteration 40000: T=7.3334, Loss=35192.64563330694
Iteration 50000: T=6.666733333333333, Loss=35222.87297494405
Iteration 60000: T=6.000066666666667, Loss=35196.55380164569
Iteration 70000: T=5.333399999999999, Loss=35203.203991588445
Iteration 80000: T=4.666733333333334, Loss=35203.0379683973
Iteration 90000: T=4.000066666666666, Loss=35197.94097159904
Iteration 100000: T=3.3333999999999997, Loss=35209.866382727225
Iteration 110000: T=2.666733333333333, Loss=35199.31799503662
Iteration 120000: T=2.0000666666666667, Loss=35201.136617439406
Iteration 130000: T=1.3334000000000001, Loss=35197.70947890059
Iteration 140000: T=0.6667333333333336, Loss=35189.80956829915
Iteration 150000: T=6.666666666710341e-05, Loss=35187.05500971979
Initial loss: 41209.569740813036
Iteration 10000: T=9.333400000000001, Loss=35208.3813973858
Iteration 20000: T=8.666733333333333, Loss=35219.480030519786
Iteration 30000: T=8.000066666666667, Loss=35189.199950115
Iteration 40000: T=7.3334, Loss=35212.72537504749
Iteration 50000: T=6.666733333333333, Loss=35213.4247582669
Iteration 60000: T=6.000066666666667, Loss=35192.85079290401
Iteration 70000: T=5.333399999999999, Loss=35193.99338901944
Iteration 80000: T=4.666733333333334, Loss=35191.24046415531
Iteration 90000: T=4.000066666666666, Loss=35198.642688111664
Iteration 100000: T=3.3333999999999997, Loss=35182.344327765575
Iteration 110000: T=2.666733333333333, Loss=35188.50191337396
Iteration 120000: T=2.0000666666666667, Loss=35186.406452730465
Iteration 130000: T=1.3334000000000001, Loss=35184.4669322549
Iteration 140000: T=0.6667333333333336, Loss=35185.10483926196
Iteration 150000: T=6.666666666710341e-05, Loss=35180.06536904869
Initial loss: 42711.23352798073
Iteration 10000: T=9.333400000000001, Loss=35181.82727670575
Iteration 20000: T=8.666733333333333, Loss=35188.87584262604
Iteration 30000: T=8.000066666666667, Loss=35180.284777198474
Iteration 40000: T=7.3334, Loss=35181.97616317866
Iteration 50000: T=6.666733333333333, Loss=35176.95028072549
Iteration 60000: T=6.000066666666667, Loss=35183.86799258289
Iteration 70000: T=5.333399999999999, Loss=35193.40578319279
Iteration 80000: T=4.666733333333334, Loss=35171.2163439192
Iteration 90000: T=4.000066666666666, Loss=35172.62709192267
Iteration 100000: T=3.3333999999999997, Loss=35172.11677538205
Iteration 110000: T=2.666733333333333, Loss=35189.439503636546
Iteration 120000: T=2.0000666666666667, Loss=35169.98852327356
Iteration 130000: T=1.3334000000000001, Loss=35164.18186264142
Iteration 140000: T=0.6667333333333336, Loss=35166.53583679204
Iteration 150000: T=6.666666666710341e-05, Loss=35164.60278749342
Initial loss: 37810.09666202839
Iteration 10000: T=9.333400000000001, Loss=35194.499099218505
Iteration 20000: T=8.666733333333333, Loss=35207.86274456946
Iteration 30000: T=8.000066666666667, Loss=35199.50240514063
Iteration 40000: T=7.3334, Loss=35197.34401880023
Iteration 50000: T=6.666733333333333, Loss=35203.97042375675
Iteration 60000: T=6.000066666666667, Loss=35192.60662121852
Iteration 70000: T=5.333399999999999, Loss=35199.8907395521
Iteration 80000: T=4.666733333333334, Loss=35191.4335554796
Iteration 90000: T=4.000066666666666, Loss=35192.09570319884
Iteration 100000: T=3.3333999999999997, Loss=35197.76228571193
Iteration 110000: T=2.666733333333333, Loss=35191.038703667175
Iteration 120000: T=2.0000666666666667, Loss=35191.336142406624
Iteration 130000: T=1.3334000000000001, Loss=35188.28697595478
Iteration 140000: T=0.6667333333333336, Loss=35188.080726881606
Iteration 150000: T=6.666666666710341e-05, Loss=35186.82370436964
Initial loss: 35526.3540239168
Iteration 10000: T=9.333400000000001, Loss=35198.135820739655
Iteration 20000: T=8.666733333333333, Loss=35188.47878175531
Iteration 30000: T=8.000066666666667, Loss=35192.936300413145
Iteration 40000: T=7.3334, Loss=35185.427696823135
Iteration 50000: T=6.666733333333333, Loss=35189.02354054121
Iteration 60000: T=6.000066666666667, Loss=35191.5683156283
Iteration 70000: T=5.333399999999999, Loss=35188.06338768474
Iteration 80000: T=4.666733333333334, Loss=35189.141584633115
Iteration 90000: T=4.000066666666666, Loss=35186.156622274626
Iteration 100000: T=3.3333999999999997, Loss=35190.89836947023
Iteration 110000: T=2.666733333333333, Loss=35197.567660968256
Iteration 120000: T=2.0000666666666667, Loss=35187.66992809927
Iteration 130000: T=1.3334000000000001, Loss=35193.63826112369
Iteration 140000: T=0.6667333333333336, Loss=35190.49687079813
Iteration 150000: T=6.666666666710341e-05, Loss=35180.79321182817
Center of mass parameters: [ 1.80875689e+03  8.78562964e-02  5.36177632e+00  1.82231758e+03
  1.68665710e+00  5.33740498e+00  1.83433149e+03  3.60849761e-01
  5.46136732e+00  1.84341019e+03 -7.07423972e-02  4.78105377e+00
  1.85523772e+03  2.13538340e-01  4.76324019e+00  1.86585210e+03
  7.92212106e-01  5.01938808e+00  1.87832312e+03  1.10818154e+00
  4.77998602e+00  1.89044113e+03  5.91985501e-01  5.62127106e+00
  1.90127550e+03  5.82185589e-01  3.75328760e+00  1.91132949e+03
  1.84666457e-01  5.52280616e+00]
Final MSE: 35180.52058191862
R² = 0.00
Initial loss: 40194.75626336267
Iteration 10000: T=9.0001, Loss=35199.04934945801
Iteration 20000: T=8.0001, Loss=35200.3727996888
Iteration 30000: T=7.0001, Loss=35206.508591178484
Iteration 40000: T=6.0001, Loss=35204.50820254612
Iteration 50000: T=5.000100000000001, Loss=35201.32699880175
Iteration 60000: T=4.0001, Loss=35213.34634466146
Iteration 70000: T=3.0000999999999998, Loss=35202.326010228026
Iteration 80000: T=2.0001, Loss=35197.83880862395
Iteration 90000: T=1.0001000000000004, Loss=35195.49735220165
Iteration 100000: T=9.99999999995449e-05, Loss=35193.82733290757
Tuning complete. MSE at tuned parameters: 35193.82733290757
Initial loss: 190361.0402882465
Iteration 10000: T=9.333400000000001, Loss=35201.65015574726
Iteration 20000: T=8.666733333333333, Loss=35195.09309418146
Iteration 30000: T=8.000066666666667, Loss=35208.7488125138
Iteration 40000: T=7.3334, Loss=35196.006822335476
Iteration 50000: T=6.666733333333333, Loss=35198.139414010686
Iteration 60000: T=6.000066666666667, Loss=35188.17723816529
Iteration 70000: T=5.333399999999999, Loss=35192.109455119346
Iteration 80000: T=4.666733333333334, Loss=35193.105928384895
Iteration 90000: T=4.000066666666666, Loss=35190.6277677628
Iteration 100000: T=3.3333999999999997, Loss=35190.02889542623
Iteration 110000: T=2.666733333333333, Loss=35188.48957441919
Iteration 120000: T=2.0000666666666667, Loss=35186.726772620525
Iteration 130000: T=1.3334000000000001, Loss=35185.1839288216
Iteration 140000: T=0.6667333333333336, Loss=35184.079787439754
Iteration 150000: T=6.666666666710341e-05, Loss=35181.27279735773
Initial loss: 40162.752205163066
Iteration 10000: T=9.333400000000001, Loss=35198.971912665365
Iteration 20000: T=8.666733333333333, Loss=35215.33306367975
Iteration 30000: T=8.000066666666667, Loss=35228.30840211189
Iteration 40000: T=7.3334, Loss=35207.076555917476
Iteration 50000: T=6.666733333333333, Loss=35213.4835857673
Iteration 60000: T=6.000066666666667, Loss=35198.27722101251
Iteration 70000: T=5.333399999999999, Loss=35207.69440948465
Iteration 80000: T=4.666733333333334, Loss=35197.57441070231
Iteration 90000: T=4.000066666666666, Loss=35201.422111823354
Iteration 100000: T=3.3333999999999997, Loss=35210.47759276339
Iteration 110000: T=2.666733333333333, Loss=35199.033055186956
Iteration 120000: T=2.0000666666666667, Loss=35192.525540156385
Iteration 130000: T=1.3334000000000001, Loss=35189.85904664339
Iteration 140000: T=0.6667333333333336, Loss=35185.71038275922
Iteration 150000: T=6.666666666710341e-05, Loss=35182.54646239541
Initial loss: 2103599.446016753
Iteration 10000: T=9.333400000000001, Loss=35198.61236713459
Iteration 20000: T=8.666733333333333, Loss=35194.1057632169
Iteration 30000: T=8.000066666666667, Loss=35195.51021183538
Iteration 40000: T=7.3334, Loss=35189.5859452938
Iteration 50000: T=6.666733333333333, Loss=35181.33136563385
Iteration 60000: T=6.000066666666667, Loss=35177.76491042845
Iteration 70000: T=5.333399999999999, Loss=35176.40412654851
Iteration 80000: T=4.666733333333334, Loss=35174.60094260794
Iteration 90000: T=4.000066666666666, Loss=35181.31028474484
Iteration 100000: T=3.3333999999999997, Loss=35183.141454356446
Iteration 110000: T=2.666733333333333, Loss=35182.41756933558
Iteration 120000: T=2.0000666666666667, Loss=35174.4288750858
Iteration 130000: T=1.3334000000000001, Loss=35172.153827260954
Iteration 140000: T=0.6667333333333336, Loss=35170.142053491145
Iteration 150000: T=6.666666666710341e-05, Loss=35165.554636925604
Initial loss: 64669.843933547665
Iteration 10000: T=9.333400000000001, Loss=35208.308625964506
Iteration 20000: T=8.666733333333333, Loss=35207.91248870016
Iteration 30000: T=8.000066666666667, Loss=35203.22831790931
Iteration 40000: T=7.3334, Loss=35201.320762868156
Iteration 50000: T=6.666733333333333, Loss=35204.57761302794
Iteration 60000: T=6.000066666666667, Loss=35203.258009544144
Iteration 70000: T=5.333399999999999, Loss=35197.98411861629
Iteration 80000: T=4.666733333333334, Loss=35194.54285508387
Iteration 90000: T=4.000066666666666, Loss=35189.81080020459
Iteration 100000: T=3.3333999999999997, Loss=35186.024464887516
Iteration 110000: T=2.666733333333333, Loss=35184.59739314894
Iteration 120000: T=2.0000666666666667, Loss=35183.007160286565
Iteration 130000: T=1.3334000000000001, Loss=35182.56592888443
Iteration 140000: T=0.6667333333333336, Loss=35182.83525105217
Iteration 150000: T=6.666666666710341e-05, Loss=35178.86445794749
Initial loss: 38179.05242033541
Iteration 10000: T=9.333400000000001, Loss=35203.22238761605
Iteration 20000: T=8.666733333333333, Loss=35200.600522875
Iteration 30000: T=8.000066666666667, Loss=35201.2437300208
Iteration 40000: T=7.3334, Loss=35217.87835417988
Iteration 50000: T=6.666733333333333, Loss=35206.098865554704
Iteration 60000: T=6.000066666666667, Loss=35195.58778377663
Iteration 70000: T=5.333399999999999, Loss=35198.007030146655
Iteration 80000: T=4.666733333333334, Loss=35193.32879523963
Iteration 90000: T=4.000066666666666, Loss=35196.58249568858
Iteration 100000: T=3.3333999999999997, Loss=35196.75455852137
Iteration 110000: T=2.666733333333333, Loss=35195.8667372932
Iteration 120000: T=2.0000666666666667, Loss=35186.018130767225
Iteration 130000: T=1.3334000000000001, Loss=35188.52547817323
Iteration 140000: T=0.6667333333333336, Loss=35188.12331254795
Iteration 150000: T=6.666666666710341e-05, Loss=35186.61176347011
Center of mass parameters: [ 1.80976239e+03  1.31056940e+00  5.55171881e+00  1.82170712e+03
  1.00881921e+00  4.41017084e+00  1.83213664e+03  1.26649672e+00
  4.86074238e+00  1.84351363e+03 -1.00046044e-03  4.63105545e+00
  1.85531430e+03  2.10883889e-01  4.70432211e+00  1.86681918e+03
  1.05488137e+00  5.70376950e+00  1.87862530e+03  1.20648695e+00
  4.79007541e+00  1.88991687e+03  1.18187557e+00  4.46812703e+00
  1.90144164e+03  2.80828244e-01  4.79040980e+00  1.91267078e+03
 -4.95950817e-01  4.61019591e+00]
Final MSE: 35182.31412016924
R² = 0.13
Initial loss: 40194.75626336267
Iteration 10000: T=9.0001, Loss=35196.80231413184
Iteration 20000: T=8.0001, Loss=35211.628170209
Iteration 30000: T=7.0001, Loss=35213.61855666548
Iteration 40000: T=6.0001, Loss=35204.376600449956
Iteration 50000: T=5.000100000000001, Loss=35196.51625563611
Iteration 60000: T=4.0001, Loss=35190.35625406502
Iteration 70000: T=3.0000999999999998, Loss=35191.628128499135
Iteration 80000: T=2.0001, Loss=35188.448116583
Iteration 90000: T=1.0001000000000004, Loss=35187.65248644317
Iteration 100000: T=9.99999999995449e-05, Loss=35182.383799229
Tuning complete. MSE at tuned parameters: 35182.383799229
Initial loss: 49787.16402543521
Iteration 10000: T=9.333400000000001, Loss=35195.37730621872
Iteration 20000: T=8.666733333333333, Loss=35189.563212776855
Iteration 30000: T=8.000066666666667, Loss=35202.19559455122
Iteration 40000: T=7.3334, Loss=35180.19960262487
Iteration 50000: T=6.666733333333333, Loss=35181.22305403176
Iteration 60000: T=6.000066666666667, Loss=35191.42105248576
Iteration 70000: T=5.333399999999999, Loss=35179.32009524741
Iteration 80000: T=4.666733333333334, Loss=35187.220394944765
Iteration 90000: T=4.000066666666666, Loss=35184.35011423001
Iteration 100000: T=3.3333999999999997, Loss=35185.00659484245
Iteration 110000: T=2.666733333333333, Loss=35178.9853808331
Iteration 120000: T=2.0000666666666667, Loss=35180.27478033121
Iteration 130000: T=1.3334000000000001, Loss=35177.89680082494
Iteration 140000: T=0.6667333333333336, Loss=35175.991550411665
Iteration 150000: T=6.666666666710341e-05, Loss=35169.87646506497
Initial loss: 36942.445695666065
Iteration 10000: T=9.333400000000001, Loss=35186.888376343566
Iteration 20000: T=8.666733333333333, Loss=35180.91641178221
Iteration 30000: T=8.000066666666667, Loss=35181.24665577274
Iteration 40000: T=7.3334, Loss=35176.15186227691
Iteration 50000: T=6.666733333333333, Loss=35180.42806019458
Iteration 60000: T=6.000066666666667, Loss=35179.85294667584
Iteration 70000: T=5.333399999999999, Loss=35201.53128011896
Iteration 80000: T=4.666733333333334, Loss=35175.45927118187
Iteration 90000: T=4.000066666666666, Loss=35174.10507040526
Iteration 100000: T=3.3333999999999997, Loss=35166.78202986189
Iteration 110000: T=2.666733333333333, Loss=35172.16732310677
Iteration 120000: T=2.0000666666666667, Loss=35160.768259786266
Iteration 130000: T=1.3334000000000001, Loss=35164.10746295005
Iteration 140000: T=0.6667333333333336, Loss=35157.090479178776
Iteration 150000: T=6.666666666710341e-05, Loss=35155.31794371523
Initial loss: 41822.32637009084
Iteration 10000: T=9.333400000000001, Loss=35194.408561075186
Iteration 20000: T=8.666733333333333, Loss=35184.665537045854
Iteration 30000: T=8.000066666666667, Loss=35186.93363906062
Iteration 40000: T=7.3334, Loss=35178.60444876889
Iteration 50000: T=6.666733333333333, Loss=35174.02611443492
Iteration 60000: T=6.000066666666667, Loss=35172.43913480321
Iteration 70000: T=5.333399999999999, Loss=35181.39466872507
Iteration 80000: T=4.666733333333334, Loss=35175.45977770801
Iteration 90000: T=4.000066666666666, Loss=35174.727914334435
Iteration 100000: T=3.3333999999999997, Loss=35169.67001819873
Iteration 110000: T=2.666733333333333, Loss=35163.730400514556
Iteration 120000: T=2.0000666666666667, Loss=35161.18528924813
Iteration 130000: T=1.3334000000000001, Loss=35161.06964168479
Iteration 140000: T=0.6667333333333336, Loss=35159.711222861384
Iteration 150000: T=6.666666666710341e-05, Loss=35157.751042550684
Initial loss: 35833.1484443812
Iteration 10000: T=9.333400000000001, Loss=35175.77849140647
Iteration 20000: T=8.666733333333333, Loss=35178.71938612106
Iteration 30000: T=8.000066666666667, Loss=35181.89127985008
Iteration 40000: T=7.3334, Loss=35183.1423291266
Iteration 50000: T=6.666733333333333, Loss=35184.29916468106
Iteration 60000: T=6.000066666666667, Loss=35182.554786649365
Iteration 70000: T=5.333399999999999, Loss=35182.863760056396
Iteration 80000: T=4.666733333333334, Loss=35182.48683179851
Iteration 90000: T=4.000066666666666, Loss=35188.99945509962
Iteration 100000: T=3.3333999999999997, Loss=35184.29951488662
Iteration 110000: T=2.666733333333333, Loss=35170.316810891236
Iteration 120000: T=2.0000666666666667, Loss=35168.251885951715
Iteration 130000: T=1.3334000000000001, Loss=35169.09825061809
Iteration 140000: T=0.6667333333333336, Loss=35164.693141738775
Iteration 150000: T=6.666666666710341e-05, Loss=35161.044030077144
Initial loss: 35373.97993194234
Iteration 10000: T=9.333400000000001, Loss=35200.229664818784
Iteration 20000: T=8.666733333333333, Loss=35195.11216637545
Iteration 30000: T=8.000066666666667, Loss=35196.77275873049
Iteration 40000: T=7.3334, Loss=35183.50075400881
Iteration 50000: T=6.666733333333333, Loss=35188.60496967609
Iteration 60000: T=6.000066666666667, Loss=35184.32309092431
Iteration 70000: T=5.333399999999999, Loss=35181.83976529421
Iteration 80000: T=4.666733333333334, Loss=35185.660288512285
Iteration 90000: T=4.000066666666666, Loss=35182.9822697139
Iteration 100000: T=3.3333999999999997, Loss=35182.44383773962
Iteration 110000: T=2.666733333333333, Loss=35182.46956472265
Iteration 120000: T=2.0000666666666667, Loss=35190.33211013295
Iteration 130000: T=1.3334000000000001, Loss=35181.524974894535
Iteration 140000: T=0.6667333333333336, Loss=35178.24875958771
Iteration 150000: T=6.666666666710341e-05, Loss=35173.50053927487
Center of mass parameters: [1.80872168e+03 1.39366578e+00 4.77124855e+00 1.82174136e+03
 6.03616760e-01 4.76343954e+00 1.83282398e+03 1.20369090e+00
 5.66096987e+00 1.84250555e+03 7.00665538e-01 4.93029956e+00
 1.85526072e+03 2.12599683e-01 4.74167274e+00 1.86526844e+03
 1.15256574e+00 4.88559304e+00 1.87717944e+03 1.52195348e+00
 5.29997681e+00 1.88973427e+03 7.78799641e-01 5.83497602e+00
 1.90138319e+03 5.72018907e-01 5.11636382e+00 1.91304368e+03
 9.08487503e-01 4.73565726e+00]
Final MSE: 35167.09197721114
R² = 0.06
