Initial loss: 40194.75626336267
Iteration 10000: T=9.0001, Loss=35197.501684205505
Iteration 20000: T=8.0001, Loss=35205.13251052869
Iteration 30000: T=7.0001, Loss=35198.57040189808
Iteration 40000: T=6.0001, Loss=35198.00554177844
Iteration 50000: T=5.000100000000001, Loss=35202.852446656594
Iteration 60000: T=4.0001, Loss=35194.67579517313
Iteration 70000: T=3.0000999999999998, Loss=35197.93640696365
Iteration 80000: T=2.0001, Loss=35195.94032951465
Iteration 90000: T=1.0001000000000004, Loss=35191.57177857759
Iteration 100000: T=9.99999999995449e-05, Loss=35187.51892737387
Tuning complete. MSE at tuned parameters: 35187.51892737387
Initial loss: 39860.717201768784
Iteration 10000: T=9.333400000000001, Loss=35203.98809169774
Iteration 20000: T=8.666733333333333, Loss=35196.87835479939
Iteration 30000: T=8.000066666666667, Loss=35188.599649482974
Iteration 40000: T=7.3334, Loss=35182.076601700115
Iteration 50000: T=6.666733333333333, Loss=35181.44749175511
Iteration 60000: T=6.000066666666667, Loss=35187.101371623954
Iteration 70000: T=5.333399999999999, Loss=35176.834694902536
Iteration 80000: T=4.666733333333334, Loss=35173.75743526008
Iteration 90000: T=4.000066666666666, Loss=35172.109795927725
Iteration 100000: T=3.3333999999999997, Loss=35168.70648478992
Iteration 110000: T=2.666733333333333, Loss=35171.050221486395
Iteration 120000: T=2.0000666666666667, Loss=35173.8799004593
Iteration 130000: T=1.3334000000000001, Loss=35164.972721018086
Iteration 140000: T=0.6667333333333336, Loss=35162.93970836372
Iteration 150000: T=6.666666666710341e-05, Loss=35160.104688270716
Initial loss: 35455.751568831256
Iteration 10000: T=9.333400000000001, Loss=35184.50961497579
Iteration 20000: T=8.666733333333333, Loss=35178.90794158752
Iteration 30000: T=8.000066666666667, Loss=35181.99581354022
Iteration 40000: T=7.3334, Loss=35188.97068907468
Iteration 50000: T=6.666733333333333, Loss=35185.335211413105
Iteration 60000: T=6.000066666666667, Loss=35182.46496291781
Iteration 70000: T=5.333399999999999, Loss=35177.22757368049
Iteration 80000: T=4.666733333333334, Loss=35182.5045798399
Iteration 90000: T=4.000066666666666, Loss=35169.98467496595
Iteration 100000: T=3.3333999999999997, Loss=35176.878215858655
Iteration 110000: T=2.666733333333333, Loss=35173.1586529632
Iteration 120000: T=2.0000666666666667, Loss=35172.039776157675
Iteration 130000: T=1.3334000000000001, Loss=35167.02235498571
Iteration 140000: T=0.6667333333333336, Loss=35170.077305323066
Iteration 150000: T=6.666666666710341e-05, Loss=35166.1470770975
Initial loss: 37637.14432847483
Iteration 10000: T=9.333400000000001, Loss=35191.291513426906
Iteration 20000: T=8.666733333333333, Loss=35193.6162418937
Iteration 30000: T=8.000066666666667, Loss=35199.634401339914
Iteration 40000: T=7.3334, Loss=35201.19797177063
Iteration 50000: T=6.666733333333333, Loss=35200.54220927342
Iteration 60000: T=6.000066666666667, Loss=35190.91797067355
Iteration 70000: T=5.333399999999999, Loss=35187.37920707097
Iteration 80000: T=4.666733333333334, Loss=35189.74020126575
Iteration 90000: T=4.000066666666666, Loss=35192.69599337989
Iteration 100000: T=3.3333999999999997, Loss=35183.88595458274
Iteration 110000: T=2.666733333333333, Loss=35183.071160425214
Iteration 120000: T=2.0000666666666667, Loss=35179.2014707772
Iteration 130000: T=1.3334000000000001, Loss=35175.99913747219
Iteration 140000: T=0.6667333333333336, Loss=35176.8239135081
Iteration 150000: T=6.666666666710341e-05, Loss=35175.83032520292
Initial loss: 35618.863312443835
Iteration 10000: T=9.333400000000001, Loss=35194.22102864172
Iteration 20000: T=8.666733333333333, Loss=35197.46645304528
Iteration 30000: T=8.000066666666667, Loss=35187.969007875
Iteration 40000: T=7.3334, Loss=35194.68119146018
Iteration 50000: T=6.666733333333333, Loss=35182.59823659858
Iteration 60000: T=6.000066666666667, Loss=35189.056591930625
Iteration 70000: T=5.333399999999999, Loss=35181.88106627642
Iteration 80000: T=4.666733333333334, Loss=35180.178847517
Iteration 90000: T=4.000066666666666, Loss=35179.5817471832
Iteration 100000: T=3.3333999999999997, Loss=35185.31962228808
Iteration 110000: T=2.666733333333333, Loss=35179.34148345051
Iteration 120000: T=2.0000666666666667, Loss=35180.48998669542
Iteration 130000: T=1.3334000000000001, Loss=35180.75960702721
Iteration 140000: T=0.6667333333333336, Loss=35176.23881552346
Iteration 150000: T=6.666666666710341e-05, Loss=35174.20633189366
Initial loss: 35389.05501832809
Iteration 10000: T=9.333400000000001, Loss=35199.68084392334
Iteration 20000: T=8.666733333333333, Loss=35194.60318391692
Iteration 30000: T=8.000066666666667, Loss=35190.27780576318
Iteration 40000: T=7.3334, Loss=35199.46250822079
Iteration 50000: T=6.666733333333333, Loss=35187.45481390353
Iteration 60000: T=6.000066666666667, Loss=35189.969022735764
Iteration 70000: T=5.333399999999999, Loss=35194.67680666433
Iteration 80000: T=4.666733333333334, Loss=35190.484353406646
Iteration 90000: T=4.000066666666666, Loss=35203.16748495912
Iteration 100000: T=3.3333999999999997, Loss=35190.1688305125
Iteration 110000: T=2.666733333333333, Loss=35188.53249987976
Iteration 120000: T=2.0000666666666667, Loss=35188.844230075956
Iteration 130000: T=1.3334000000000001, Loss=35186.7740661127
Iteration 140000: T=0.6667333333333336, Loss=35186.44926152837
Iteration 150000: T=6.666666666710341e-05, Loss=35176.99452734593
Center of mass parameters: [1.80901923e+03 2.66749932e-02 5.43489261e+00 1.82248624e+03
 5.59422885e-01 4.68408117e+00 1.83286488e+03 6.55433800e-01
 6.15822287e+00 1.84267860e+03 5.78867294e-01 4.26503620e+00
 1.85512936e+03 2.17727775e-01 4.84948734e+00 1.86610768e+03
 1.24844534e+00 5.99121119e+00 1.87755354e+03 4.53035018e-01
 5.88277725e+00 1.88983412e+03 4.92533057e-01 4.84490279e+00
 1.90077013e+03 5.22050327e-01 5.02810805e+00 1.91268028e+03
 1.21622865e+00 4.35382637e+00]
Final MSE: 35173.880057462986
R² = 0.00
Initial loss: 40194.75626336267
Iteration 10000: T=9.0001, Loss=35199.672871918345
Iteration 20000: T=8.0001, Loss=35196.61724905186
Iteration 30000: T=7.0001, Loss=35200.18819436696
Iteration 40000: T=6.0001, Loss=35203.80350659068
Iteration 50000: T=5.000100000000001, Loss=35229.51520107749
Iteration 60000: T=4.0001, Loss=35193.31238946292
Iteration 70000: T=3.0000999999999998, Loss=35206.30047733244
Iteration 80000: T=2.0001, Loss=35200.03579761981
Iteration 90000: T=1.0001000000000004, Loss=35193.064050239205
Iteration 100000: T=9.99999999995449e-05, Loss=35188.27284277797
Tuning complete. MSE at tuned parameters: 35188.27284277797
Initial loss: 57428.18701013949
Iteration 10000: T=9.333400000000001, Loss=35205.0103296057
Iteration 20000: T=8.666733333333333, Loss=35194.71536328914
Iteration 30000: T=8.000066666666667, Loss=35186.774998564455
Iteration 40000: T=7.3334, Loss=35195.87323322715
Iteration 50000: T=6.666733333333333, Loss=35195.88883882341
Iteration 60000: T=6.000066666666667, Loss=35191.470462848265
Iteration 70000: T=5.333399999999999, Loss=35199.92485729331
Iteration 80000: T=4.666733333333334, Loss=35201.360033055425
Iteration 90000: T=4.000066666666666, Loss=35201.729182960014
Iteration 100000: T=3.3333999999999997, Loss=35191.300986802904
Iteration 110000: T=2.666733333333333, Loss=35192.630991868224
Iteration 120000: T=2.0000666666666667, Loss=35194.2667980599
Iteration 130000: T=1.3334000000000001, Loss=35194.861917972885
Iteration 140000: T=0.6667333333333336, Loss=35190.06993060625
Iteration 150000: T=6.666666666710341e-05, Loss=35187.01772968973
Initial loss: 41049.26878138479
Iteration 10000: T=9.333400000000001, Loss=35184.49594834838
Iteration 20000: T=8.666733333333333, Loss=35183.71409089512
Iteration 30000: T=8.000066666666667, Loss=35181.54695330695
Iteration 40000: T=7.3334, Loss=35175.316385596205
Iteration 50000: T=6.666733333333333, Loss=35192.565480547666
Iteration 60000: T=6.000066666666667, Loss=35180.66378304078
Iteration 70000: T=5.333399999999999, Loss=35177.43870195386
Iteration 80000: T=4.666733333333334, Loss=35191.86918876091
Iteration 90000: T=4.000066666666666, Loss=35185.90297659475
Iteration 100000: T=3.3333999999999997, Loss=35179.81977152095
Iteration 110000: T=2.666733333333333, Loss=35179.88941315846
Iteration 120000: T=2.0000666666666667, Loss=35180.67580975907
Iteration 130000: T=1.3334000000000001, Loss=35183.87075814318
Iteration 140000: T=0.6667333333333336, Loss=35184.64703579659
Iteration 150000: T=6.666666666710341e-05, Loss=35178.42498524507
Initial loss: 44976.2140257156
Iteration 10000: T=9.333400000000001, Loss=35199.125662479564
Iteration 20000: T=8.666733333333333, Loss=35199.759170418
Iteration 30000: T=8.000066666666667, Loss=35207.475628701584
Iteration 40000: T=7.3334, Loss=35196.528668479135
Iteration 50000: T=6.666733333333333, Loss=35205.45129667744
Iteration 60000: T=6.000066666666667, Loss=35195.836473247604
Iteration 70000: T=5.333399999999999, Loss=35191.75073625365
Iteration 80000: T=4.666733333333334, Loss=35188.20112666856
Iteration 90000: T=4.000066666666666, Loss=35189.02246774464
Iteration 100000: T=3.3333999999999997, Loss=35178.794241606774
Iteration 110000: T=2.666733333333333, Loss=35175.67094115433
Iteration 120000: T=2.0000666666666667, Loss=35173.70857914785
Iteration 130000: T=1.3334000000000001, Loss=35176.34336342413
Iteration 140000: T=0.6667333333333336, Loss=35170.841190169434
Iteration 150000: T=6.666666666710341e-05, Loss=35167.67177286634
Initial loss: 39890.91070530436
Iteration 10000: T=9.333400000000001, Loss=35196.66308304296
Iteration 20000: T=8.666733333333333, Loss=35199.1361735333
Iteration 30000: T=8.000066666666667, Loss=35203.937947281396
Iteration 40000: T=7.3334, Loss=35206.020674536136
Iteration 50000: T=6.666733333333333, Loss=35197.9630643023
Iteration 60000: T=6.000066666666667, Loss=35192.98953855046
Iteration 70000: T=5.333399999999999, Loss=35190.76429830773
Iteration 80000: T=4.666733333333334, Loss=35190.49253678007
Iteration 90000: T=4.000066666666666, Loss=35204.986552821756
Iteration 100000: T=3.3333999999999997, Loss=35191.02584136112
Iteration 110000: T=2.666733333333333, Loss=35186.42540444523
Iteration 120000: T=2.0000666666666667, Loss=35181.273820202056
Iteration 130000: T=1.3334000000000001, Loss=35179.49086845931
Iteration 140000: T=0.6667333333333336, Loss=35180.248076229145
Iteration 150000: T=6.666666666710341e-05, Loss=35177.55325411604
Initial loss: 43004.260905840085
Iteration 10000: T=9.333400000000001, Loss=35192.35861091759
Iteration 20000: T=8.666733333333333, Loss=35193.16180331548
Iteration 30000: T=8.000066666666667, Loss=35188.76135714216
Iteration 40000: T=7.3334, Loss=35205.106992835514
Iteration 50000: T=6.666733333333333, Loss=35197.69170384817
Iteration 60000: T=6.000066666666667, Loss=35193.050140247564
Iteration 70000: T=5.333399999999999, Loss=35190.853175076554
Iteration 80000: T=4.666733333333334, Loss=35189.544326854375
Iteration 90000: T=4.000066666666666, Loss=35191.06884068334
Iteration 100000: T=3.3333999999999997, Loss=35188.17914175611
Iteration 110000: T=2.666733333333333, Loss=35189.61480931127
Iteration 120000: T=2.0000666666666667, Loss=35188.100239714266
Iteration 130000: T=1.3334000000000001, Loss=35185.69441201058
Iteration 140000: T=0.6667333333333336, Loss=35186.39039280466
Iteration 150000: T=6.666666666710341e-05, Loss=35182.94719944217
Center of mass parameters: [1.80959757e+03 7.98921488e-01 5.32625042e+00 1.82246087e+03
 6.84970024e-01 5.19920785e+00 1.83281133e+03 1.68204904e+00
 5.37037339e+00 1.84274610e+03 8.70206988e-01 5.91133664e+00
 1.85514621e+03 2.17485609e-01 4.84309750e+00 1.86697746e+03
 6.64680136e-01 4.54251060e+00 1.87837973e+03 7.48283592e-01
 4.43729636e+00 1.88875447e+03 5.57471166e-01 3.78786392e+00
 1.90241731e+03 4.03924515e-01 4.48321481e+00 1.91191544e+03
 4.06931103e-01 4.24197647e+00]
Final MSE: 35181.40801821037
R² = 0.26
Initial loss: 40194.75626336267
Iteration 10000: T=9.0001, Loss=35204.09015692361
Iteration 20000: T=8.0001, Loss=35190.406520188146
Iteration 30000: T=7.0001, Loss=35188.7695567474
Iteration 40000: T=6.0001, Loss=35195.04338543856
Iteration 50000: T=5.000100000000001, Loss=35190.61074403036
Iteration 60000: T=4.0001, Loss=35194.181819490055
Iteration 70000: T=3.0000999999999998, Loss=35193.52593007572
Iteration 80000: T=2.0001, Loss=35188.52008065293
Iteration 90000: T=1.0001000000000004, Loss=35186.47243482614
Iteration 100000: T=9.99999999995449e-05, Loss=35184.83330348533
Tuning complete. MSE at tuned parameters: 35184.83330348533
Initial loss: 36324.96877116425
Iteration 10000: T=9.333400000000001, Loss=35204.029697820624
Iteration 20000: T=8.666733333333333, Loss=35252.728205236745
Iteration 30000: T=8.000066666666667, Loss=35195.01250732108
Iteration 40000: T=7.3334, Loss=35187.54928680378
Iteration 50000: T=6.666733333333333, Loss=35208.45879450362
Iteration 60000: T=6.000066666666667, Loss=35189.26622766086
Iteration 70000: T=5.333399999999999, Loss=35187.075029124724
Iteration 80000: T=4.666733333333334, Loss=35194.44047554586
Iteration 90000: T=4.000066666666666, Loss=35175.02015394078
Iteration 100000: T=3.3333999999999997, Loss=35174.92962109846
Iteration 110000: T=2.666733333333333, Loss=35171.3678648374
Iteration 120000: T=2.0000666666666667, Loss=35167.012516236195
Iteration 130000: T=1.3334000000000001, Loss=35162.38774605641
Iteration 140000: T=0.6667333333333336, Loss=35160.879002379996
Iteration 150000: T=6.666666666710341e-05, Loss=35154.349600918074
Initial loss: 69114.98330607591
Iteration 10000: T=9.333400000000001, Loss=35189.28966011399
Iteration 20000: T=8.666733333333333, Loss=35185.0860423257
Iteration 30000: T=8.000066666666667, Loss=35186.19140169221
Iteration 40000: T=7.3334, Loss=35197.52161821736
Iteration 50000: T=6.666733333333333, Loss=35191.85376951562
Iteration 60000: T=6.000066666666667, Loss=35183.51594188931
Iteration 70000: T=5.333399999999999, Loss=35187.521457107214
Iteration 80000: T=4.666733333333334, Loss=35180.85557968102
Iteration 90000: T=4.000066666666666, Loss=35183.078635681115
Iteration 100000: T=3.3333999999999997, Loss=35186.048485173626
Iteration 110000: T=2.666733333333333, Loss=35187.92407963787
Iteration 120000: T=2.0000666666666667, Loss=35196.39830956336
Iteration 130000: T=1.3334000000000001, Loss=35188.173360609355
Iteration 140000: T=0.6667333333333336, Loss=35182.2119448947
Iteration 150000: T=6.666666666710341e-05, Loss=35178.23353941116
Initial loss: 35424.12300128091
Iteration 10000: T=9.333400000000001, Loss=35186.91859602848
Iteration 20000: T=8.666733333333333, Loss=35194.25151774058
Iteration 30000: T=8.000066666666667, Loss=35181.60940695426
Iteration 40000: T=7.3334, Loss=35188.17103360728
Iteration 50000: T=6.666733333333333, Loss=35206.46777725271
Iteration 60000: T=6.000066666666667, Loss=35188.71780243629
Iteration 70000: T=5.333399999999999, Loss=35183.16218553449
Iteration 80000: T=4.666733333333334, Loss=35183.18321683039
Iteration 90000: T=4.000066666666666, Loss=35189.46767534922
Iteration 100000: T=3.3333999999999997, Loss=35181.08382858152
Iteration 110000: T=2.666733333333333, Loss=35178.02868006576
Iteration 120000: T=2.0000666666666667, Loss=35179.103283146105
Iteration 130000: T=1.3334000000000001, Loss=35178.04116863491
Iteration 140000: T=0.6667333333333336, Loss=35176.56205078502
Iteration 150000: T=6.666666666710341e-05, Loss=35174.25516571028
Initial loss: 40968.4348022588
Iteration 10000: T=9.333400000000001, Loss=35190.98342474455
Iteration 20000: T=8.666733333333333, Loss=35184.408885277604
Iteration 30000: T=8.000066666666667, Loss=35194.56696138438
Iteration 40000: T=7.3334, Loss=35187.69254013218
Iteration 50000: T=6.666733333333333, Loss=35179.63973606043
Iteration 60000: T=6.000066666666667, Loss=35181.54497020932
Iteration 70000: T=5.333399999999999, Loss=35198.9742618677
Iteration 80000: T=4.666733333333334, Loss=35188.750285935625
Iteration 90000: T=4.000066666666666, Loss=35179.51236992269
Iteration 100000: T=3.3333999999999997, Loss=35181.610267557204
Iteration 110000: T=2.666733333333333, Loss=35176.363684480464
Iteration 120000: T=2.0000666666666667, Loss=35175.37124344396
Iteration 130000: T=1.3334000000000001, Loss=35175.27073841921
Iteration 140000: T=0.6667333333333336, Loss=35175.42403392012
Iteration 150000: T=6.666666666710341e-05, Loss=35174.12179542821
Initial loss: 38881.12053094731
Iteration 10000: T=9.333400000000001, Loss=35189.89493714323
Iteration 20000: T=8.666733333333333, Loss=35190.217926789766
Iteration 30000: T=8.000066666666667, Loss=35188.59806742721
Iteration 40000: T=7.3334, Loss=35189.148267265235
Iteration 50000: T=6.666733333333333, Loss=35194.87706006483
Iteration 60000: T=6.000066666666667, Loss=35190.85329610436
Iteration 70000: T=5.333399999999999, Loss=35187.968541246926
Iteration 80000: T=4.666733333333334, Loss=35195.65555269564
Iteration 90000: T=4.000066666666666, Loss=35185.536247756776
Iteration 100000: T=3.3333999999999997, Loss=35191.12837014337
Iteration 110000: T=2.666733333333333, Loss=35183.79406094594
Iteration 120000: T=2.0000666666666667, Loss=35182.024656822265
Iteration 130000: T=1.3334000000000001, Loss=35174.41570173161
Iteration 140000: T=0.6667333333333336, Loss=35172.876778084625
Iteration 150000: T=6.666666666710341e-05, Loss=35168.8617334894
Center of mass parameters: [ 1.80990299e+03  2.20490836e-01  4.17555992e+00  1.82156490e+03
  5.17309335e-01  5.87045953e+00  1.83305796e+03  4.61227842e-01
  4.03109075e+00  1.84175805e+03  1.49266872e+00  4.86768724e+00
  1.85510073e+03  2.18865594e-01  4.87420232e+00  1.86606734e+03
  1.21514206e+00  3.87360121e+00  1.87616928e+03  4.27614309e-02
  4.79168389e+00  1.89037931e+03  4.19724786e-01  5.60334332e+00
  1.90204105e+03 -1.91946464e-01  4.23970293e+00  1.91315278e+03
  7.38332168e-01  5.44831881e+00]
Final MSE: 35174.64754558045
R² = 0.00
Initial loss: 40194.75626336267
Iteration 10000: T=9.0001, Loss=35213.890350930276
Iteration 20000: T=8.0001, Loss=35204.063660765954
Iteration 30000: T=7.0001, Loss=35202.0949242255
Iteration 40000: T=6.0001, Loss=35206.95516403142
Iteration 50000: T=5.000100000000001, Loss=35207.86579897101
Iteration 60000: T=4.0001, Loss=35210.09437310756
Iteration 70000: T=3.0000999999999998, Loss=35207.435589043285
Iteration 80000: T=2.0001, Loss=35204.3420381465
Iteration 90000: T=1.0001000000000004, Loss=35205.840825367064
Iteration 100000: T=9.99999999995449e-05, Loss=35205.42821793007
Tuning complete. MSE at tuned parameters: 35205.42821793007
Initial loss: 114305.46028799954
Iteration 10000: T=9.333400000000001, Loss=35232.83649776648
Iteration 20000: T=8.666733333333333, Loss=35211.75227121447
Iteration 30000: T=8.000066666666667, Loss=35217.40688827026
Iteration 40000: T=7.3334, Loss=35215.98178066957
Iteration 50000: T=6.666733333333333, Loss=35231.29928738689
Iteration 60000: T=6.000066666666667, Loss=35212.82711107415
Iteration 70000: T=5.333399999999999, Loss=35215.05433635104
Iteration 80000: T=4.666733333333334, Loss=35215.52915089015
Iteration 90000: T=4.000066666666666, Loss=35221.32522741579
Iteration 100000: T=3.3333999999999997, Loss=35231.66760220705
Iteration 110000: T=2.666733333333333, Loss=35222.71827470115
Iteration 120000: T=2.0000666666666667, Loss=35219.50606622785
Iteration 130000: T=1.3334000000000001, Loss=35218.75349283423
Iteration 140000: T=0.6667333333333336, Loss=35214.19478798583
Iteration 150000: T=6.666666666710341e-05, Loss=35210.94934780681
Initial loss: 94072.89891630092
Iteration 10000: T=9.333400000000001, Loss=35220.02766740723
Iteration 20000: T=8.666733333333333, Loss=35215.85055780458
Iteration 30000: T=8.000066666666667, Loss=35216.047882282444
Iteration 40000: T=7.3334, Loss=35227.240818470236
Iteration 50000: T=6.666733333333333, Loss=35212.52774824603
Iteration 60000: T=6.000066666666667, Loss=35209.008567095756
Iteration 70000: T=5.333399999999999, Loss=35210.562912078196
Iteration 80000: T=4.666733333333334, Loss=35231.59266793682
Iteration 90000: T=4.000066666666666, Loss=35208.661877907725
Iteration 100000: T=3.3333999999999997, Loss=35207.71346129638
Iteration 110000: T=2.666733333333333, Loss=35201.83134945591
Iteration 120000: T=2.0000666666666667, Loss=35197.320470846134
Iteration 130000: T=1.3334000000000001, Loss=35196.19195856094
Iteration 140000: T=0.6667333333333336, Loss=35194.99760296943
Iteration 150000: T=6.666666666710341e-05, Loss=35194.84470102978
Initial loss: 144518.6543152616
Iteration 10000: T=9.333400000000001, Loss=35216.8957373864
Iteration 20000: T=8.666733333333333, Loss=35226.46318283646
Iteration 30000: T=8.000066666666667, Loss=35202.67818397594
Iteration 40000: T=7.3334, Loss=35205.223094774505
Iteration 50000: T=6.666733333333333, Loss=35207.94542734156
Iteration 60000: T=6.000066666666667, Loss=35204.335256577826
Iteration 70000: T=5.333399999999999, Loss=35212.88198508147
Iteration 80000: T=4.666733333333334, Loss=35203.41072769001
Iteration 90000: T=4.000066666666666, Loss=35206.75692667346
Iteration 100000: T=3.3333999999999997, Loss=35203.085813500045
Iteration 110000: T=2.666733333333333, Loss=35201.76295571592
Iteration 120000: T=2.0000666666666667, Loss=35202.26273144094
Iteration 130000: T=1.3334000000000001, Loss=35197.23790109332
Iteration 140000: T=0.6667333333333336, Loss=35196.0633170198
Iteration 150000: T=6.666666666710341e-05, Loss=35192.131960684
Initial loss: 35493.270825161686
Iteration 10000: T=9.333400000000001, Loss=35223.358257141226
Iteration 20000: T=8.666733333333333, Loss=35217.912304756515
Iteration 30000: T=8.000066666666667, Loss=35225.73779590703
Iteration 40000: T=7.3334, Loss=35210.02521542336
Iteration 50000: T=6.666733333333333, Loss=35212.815371012286
Iteration 60000: T=6.000066666666667, Loss=35212.18909437502
Iteration 70000: T=5.333399999999999, Loss=35216.48690377235
Iteration 80000: T=4.666733333333334, Loss=35217.66907207831
Iteration 90000: T=4.000066666666666, Loss=35226.20989947918
Iteration 100000: T=3.3333999999999997, Loss=35225.52737831781
Iteration 110000: T=2.666733333333333, Loss=35222.80727034705
Iteration 120000: T=2.0000666666666667, Loss=35222.595633248646
Iteration 130000: T=1.3334000000000001, Loss=35215.203815201734
Iteration 140000: T=0.6667333333333336, Loss=35208.11283890632
Iteration 150000: T=6.666666666710341e-05, Loss=35199.829473311285
Initial loss: 36877.69518751407
Iteration 10000: T=9.333400000000001, Loss=35208.27463213862
Iteration 20000: T=8.666733333333333, Loss=35212.05437958431
Iteration 30000: T=8.000066666666667, Loss=35212.15380600425
Iteration 40000: T=7.3334, Loss=35206.236004327046
Iteration 50000: T=6.666733333333333, Loss=35212.93292361935
Iteration 60000: T=6.000066666666667, Loss=35210.11873108609
Iteration 70000: T=5.333399999999999, Loss=35217.931034542824
Iteration 80000: T=4.666733333333334, Loss=35218.193127379236
Iteration 90000: T=4.000066666666666, Loss=35224.39708907623
Iteration 100000: T=3.3333999999999997, Loss=35225.07362809879
Iteration 110000: T=2.666733333333333, Loss=35218.52074592917
Iteration 120000: T=2.0000666666666667, Loss=35224.52179877274
Iteration 130000: T=1.3334000000000001, Loss=35224.406537653704
Iteration 140000: T=0.6667333333333336, Loss=35218.69416019964
Iteration 150000: T=6.666666666710341e-05, Loss=35215.29406419893
Center of mass parameters: [ 1.81077752e+03  6.73965503e-01  4.14428087e+00  1.82351707e+03
  7.39195612e-01  4.98435042e+00  1.83324960e+03  5.86068873e-01
  4.71916320e+00  1.84310203e+03  4.26251683e-01  3.42962869e+00
  1.85452700e+03  2.39257216e-01  5.31521021e+00  1.86764423e+03
  1.26666071e+00  5.15383842e+00  1.87760215e+03  1.60729426e+00
  5.20897496e+00  1.89051493e+03  4.93914904e-01  4.98100251e+00
  1.90285522e+03 -1.14504123e-01  3.53090742e+00  1.91171001e+03
  6.27667577e-02  5.04678068e+00]
Final MSE: 35208.30967946048
R² = 0.19
Initial loss: 40194.75626336267
Iteration 10000: T=9.0001, Loss=35196.65217360927
Iteration 20000: T=8.0001, Loss=35216.21299338462
Iteration 30000: T=7.0001, Loss=35206.6928866473
Iteration 40000: T=6.0001, Loss=35213.54873620225
Iteration 50000: T=5.000100000000001, Loss=35200.552380286295
Iteration 60000: T=4.0001, Loss=35197.34741119057
Iteration 70000: T=3.0000999999999998, Loss=35199.5132117564
Iteration 80000: T=2.0001, Loss=35197.42190232848
Iteration 90000: T=1.0001000000000004, Loss=35198.82204604276
Iteration 100000: T=9.99999999995449e-05, Loss=35195.283898144524
Tuning complete. MSE at tuned parameters: 35195.283898144524
Initial loss: 43871.776690968276
Iteration 10000: T=9.333400000000001, Loss=35207.43194915383
Iteration 20000: T=8.666733333333333, Loss=35205.44539876986
Iteration 30000: T=8.000066666666667, Loss=35208.06361940749
Iteration 40000: T=7.3334, Loss=35206.312326217725
Iteration 50000: T=6.666733333333333, Loss=35201.65309039249
Iteration 60000: T=6.000066666666667, Loss=35199.843165109734
Iteration 70000: T=5.333399999999999, Loss=35207.85197745015
Iteration 80000: T=4.666733333333334, Loss=35217.1674099761
Iteration 90000: T=4.000066666666666, Loss=35207.53175415098
Iteration 100000: T=3.3333999999999997, Loss=35205.123360489146
Iteration 110000: T=2.666733333333333, Loss=35202.09843792975
Iteration 120000: T=2.0000666666666667, Loss=35203.26357486881
Iteration 130000: T=1.3334000000000001, Loss=35207.24146606399
Iteration 140000: T=0.6667333333333336, Loss=35204.7714938786
Iteration 150000: T=6.666666666710341e-05, Loss=35200.887906942815
Initial loss: 41354.611091841194
Iteration 10000: T=9.333400000000001, Loss=35202.33631034553
Iteration 20000: T=8.666733333333333, Loss=35194.03011323468
Iteration 30000: T=8.000066666666667, Loss=35196.614216217655
Iteration 40000: T=7.3334, Loss=35207.03633167434
Iteration 50000: T=6.666733333333333, Loss=35206.52977752394
Iteration 60000: T=6.000066666666667, Loss=35191.990986794845
Iteration 70000: T=5.333399999999999, Loss=35196.151544006025
Iteration 80000: T=4.666733333333334, Loss=35188.03455346602
Iteration 90000: T=4.000066666666666, Loss=35191.644595929196
Iteration 100000: T=3.3333999999999997, Loss=35190.53914868922
Iteration 110000: T=2.666733333333333, Loss=35186.79712893102
Iteration 120000: T=2.0000666666666667, Loss=35185.28348415234
Iteration 130000: T=1.3334000000000001, Loss=35184.90744670808
Iteration 140000: T=0.6667333333333336, Loss=35185.29328134374
Iteration 150000: T=6.666666666710341e-05, Loss=35182.09757386661
Initial loss: 40136.795882571976
Iteration 10000: T=9.333400000000001, Loss=35208.856912101444
Iteration 20000: T=8.666733333333333, Loss=35198.10137222347
Iteration 30000: T=8.000066666666667, Loss=35218.893218006124
Iteration 40000: T=7.3334, Loss=35204.11492558367
Iteration 50000: T=6.666733333333333, Loss=35208.43808110743
Iteration 60000: T=6.000066666666667, Loss=35200.167984109314
Iteration 70000: T=5.333399999999999, Loss=35203.816501193454
Iteration 80000: T=4.666733333333334, Loss=35203.04536175451
Iteration 90000: T=4.000066666666666, Loss=35199.753259100966
Iteration 100000: T=3.3333999999999997, Loss=35216.90198931011
Iteration 110000: T=2.666733333333333, Loss=35199.580393194876
Iteration 120000: T=2.0000666666666667, Loss=35195.770703291884
Iteration 130000: T=1.3334000000000001, Loss=35191.79359387285
Iteration 140000: T=0.6667333333333336, Loss=35191.146557126594
Iteration 150000: T=6.666666666710341e-05, Loss=35189.28050581714
Initial loss: 39254.26944161244
Iteration 10000: T=9.333400000000001, Loss=35209.15306945741
Iteration 20000: T=8.666733333333333, Loss=35209.71041877902
Iteration 30000: T=8.000066666666667, Loss=35205.538202998716
Iteration 40000: T=7.3334, Loss=35204.71508891301
Iteration 50000: T=6.666733333333333, Loss=35195.46803257621
Iteration 60000: T=6.000066666666667, Loss=35200.18635251704
Iteration 70000: T=5.333399999999999, Loss=35196.38913238777
Iteration 80000: T=4.666733333333334, Loss=35193.939795919156
Iteration 90000: T=4.000066666666666, Loss=35190.69236954701
Iteration 100000: T=3.3333999999999997, Loss=35198.73133758152
Iteration 110000: T=2.666733333333333, Loss=35199.54357599751
Iteration 120000: T=2.0000666666666667, Loss=35196.45254337412
Iteration 130000: T=1.3334000000000001, Loss=35197.02242041248
Iteration 140000: T=0.6667333333333336, Loss=35196.6380777048
Iteration 150000: T=6.666666666710341e-05, Loss=35194.71529345194
Initial loss: 35994.67756686021
Iteration 10000: T=9.333400000000001, Loss=35211.36646352165
Iteration 20000: T=8.666733333333333, Loss=35224.691974353394
Iteration 30000: T=8.000066666666667, Loss=35195.94900506971
Iteration 40000: T=7.3334, Loss=35215.673189418565
Iteration 50000: T=6.666733333333333, Loss=35199.652851867046
Iteration 60000: T=6.000066666666667, Loss=35209.969676710425
Iteration 70000: T=5.333399999999999, Loss=35203.32660678422
Iteration 80000: T=4.666733333333334, Loss=35205.262221505516
Iteration 90000: T=4.000066666666666, Loss=35203.168068368046
Iteration 100000: T=3.3333999999999997, Loss=35200.27012590544
Iteration 110000: T=2.666733333333333, Loss=35195.93963964451
Iteration 120000: T=2.0000666666666667, Loss=35192.51517097393
Iteration 130000: T=1.3334000000000001, Loss=35187.62242840042
Iteration 140000: T=0.6667333333333336, Loss=35185.64793912267
Iteration 150000: T=6.666666666710341e-05, Loss=35181.31305128261
Center of mass parameters: [1.80962996e+03 2.93631252e-01 4.88205976e+00 1.82248850e+03
 7.16822059e-01 4.29527453e+00 1.83321395e+03 1.84750479e-01
 4.09821743e+00 1.84254446e+03 8.78896585e-01 4.73672239e+00
 1.85536741e+03 2.08847391e-01 4.66139038e+00 1.86719634e+03
 1.22165804e+00 4.45900574e+00 1.87812995e+03 8.62508031e-01
 6.08335508e+00 1.89129594e+03 1.14823034e+00 4.45890998e+00
 1.90201719e+03 3.70770428e-01 4.58194325e+00 1.91284414e+03
 1.05045421e+00 5.71241155e+00]
Final MSE: 35192.48171459798
R² = 0.08
Initial loss: 40194.75626336267
Iteration 10000: T=9.0001, Loss=35210.29125798189
Iteration 20000: T=8.0001, Loss=35207.6733684066
Iteration 30000: T=7.0001, Loss=35192.02946759023
Iteration 40000: T=6.0001, Loss=35192.20327232806
Iteration 50000: T=5.000100000000001, Loss=35194.399181021734
Iteration 60000: T=4.0001, Loss=35188.881725317544
Iteration 70000: T=3.0000999999999998, Loss=35190.563798270996
Iteration 80000: T=2.0001, Loss=35191.88561566169
Iteration 90000: T=1.0001000000000004, Loss=35184.72180328161
Iteration 100000: T=9.99999999995449e-05, Loss=35182.33695276941
Tuning complete. MSE at tuned parameters: 35182.33695276941
Initial loss: 89818.67031244622
Iteration 10000: T=9.333400000000001, Loss=35192.0124927077
Iteration 20000: T=8.666733333333333, Loss=35189.215407218646
Iteration 30000: T=8.000066666666667, Loss=35193.435029359185
Iteration 40000: T=7.3334, Loss=35207.10104059218
Iteration 50000: T=6.666733333333333, Loss=35189.0922035385
Iteration 60000: T=6.000066666666667, Loss=35189.453080060564
Iteration 70000: T=5.333399999999999, Loss=35179.88556762948
Iteration 80000: T=4.666733333333334, Loss=35177.50967558531
Iteration 90000: T=4.000066666666666, Loss=35175.494243609486
Iteration 100000: T=3.3333999999999997, Loss=35173.08709556513
Iteration 110000: T=2.666733333333333, Loss=35181.07731115262
Iteration 120000: T=2.0000666666666667, Loss=35182.11477542544
Iteration 130000: T=1.3334000000000001, Loss=35178.57233836842
Iteration 140000: T=0.6667333333333336, Loss=35174.52592226798
Iteration 150000: T=6.666666666710341e-05, Loss=35172.308126609256
Initial loss: 39490.26929708193
Iteration 10000: T=9.333400000000001, Loss=35191.47731409764
Iteration 20000: T=8.666733333333333, Loss=35190.0649919209
Iteration 30000: T=8.000066666666667, Loss=35189.41515958103
Iteration 40000: T=7.3334, Loss=35191.27399269408
Iteration 50000: T=6.666733333333333, Loss=35198.31722874144
Iteration 60000: T=6.000066666666667, Loss=35210.419751942536
Iteration 70000: T=5.333399999999999, Loss=35196.18830835235
Iteration 80000: T=4.666733333333334, Loss=35195.60494379702
Iteration 90000: T=4.000066666666666, Loss=35192.92436612086
Iteration 100000: T=3.3333999999999997, Loss=35194.53783149976
Iteration 110000: T=2.666733333333333, Loss=35196.65464329134
Iteration 120000: T=2.0000666666666667, Loss=35190.36327731332
Iteration 130000: T=1.3334000000000001, Loss=35185.650741864076
Iteration 140000: T=0.6667333333333336, Loss=35183.57897329301
Iteration 150000: T=6.666666666710341e-05, Loss=35181.054040498835
Initial loss: 44640.418621682475
Iteration 10000: T=9.333400000000001, Loss=35183.73353842388
Iteration 20000: T=8.666733333333333, Loss=35187.08748053024
Iteration 30000: T=8.000066666666667, Loss=35182.47601768829
Iteration 40000: T=7.3334, Loss=35179.823407298696
Iteration 50000: T=6.666733333333333, Loss=35177.96067589685
Iteration 60000: T=6.000066666666667, Loss=35179.821913966196
Iteration 70000: T=5.333399999999999, Loss=35179.6634324645
Iteration 80000: T=4.666733333333334, Loss=35173.49279817127
Iteration 90000: T=4.000066666666666, Loss=35176.62317850469
Iteration 100000: T=3.3333999999999997, Loss=35174.18505829397
Iteration 110000: T=2.666733333333333, Loss=35175.490230430325
Iteration 120000: T=2.0000666666666667, Loss=35172.49613692947
Iteration 130000: T=1.3334000000000001, Loss=35175.931995674
Iteration 140000: T=0.6667333333333336, Loss=35174.53846877195
Iteration 150000: T=6.666666666710341e-05, Loss=35169.607137269304
Initial loss: 35980.49527655516
Iteration 10000: T=9.333400000000001, Loss=35212.86708376341
Iteration 20000: T=8.666733333333333, Loss=35187.983729937005
Iteration 30000: T=8.000066666666667, Loss=35190.29582247194
Iteration 40000: T=7.3334, Loss=35184.30448672398
Iteration 50000: T=6.666733333333333, Loss=35189.34494372181
Iteration 60000: T=6.000066666666667, Loss=35179.88173364641
Iteration 70000: T=5.333399999999999, Loss=35180.14816873987
Iteration 80000: T=4.666733333333334, Loss=35185.52791848211
Iteration 90000: T=4.000066666666666, Loss=35201.97129383171
Iteration 100000: T=3.3333999999999997, Loss=35190.17781522054
Iteration 110000: T=2.666733333333333, Loss=35188.41715286704
Iteration 120000: T=2.0000666666666667, Loss=35191.409537550746
Iteration 130000: T=1.3334000000000001, Loss=35186.20817557821
Iteration 140000: T=0.6667333333333336, Loss=35184.94608931328
Iteration 150000: T=6.666666666710341e-05, Loss=35182.10564423998
Initial loss: 35350.161098667675
Iteration 10000: T=9.333400000000001, Loss=35194.27037601443
Iteration 20000: T=8.666733333333333, Loss=35185.84646519115
Iteration 30000: T=8.000066666666667, Loss=35181.23645857853
Iteration 40000: T=7.3334, Loss=35194.93813449297
Iteration 50000: T=6.666733333333333, Loss=35184.38000340525
Iteration 60000: T=6.000066666666667, Loss=35194.07039366645
Iteration 70000: T=5.333399999999999, Loss=35182.710803206326
Iteration 80000: T=4.666733333333334, Loss=35187.32764995287
Iteration 90000: T=4.000066666666666, Loss=35200.13136122978
Iteration 100000: T=3.3333999999999997, Loss=35200.79425198917
Iteration 110000: T=2.666733333333333, Loss=35193.738839435406
Iteration 120000: T=2.0000666666666667, Loss=35202.56382859104
Iteration 130000: T=1.3334000000000001, Loss=35192.1028856404
Iteration 140000: T=0.6667333333333336, Loss=35192.44288661707
Iteration 150000: T=6.666666666710341e-05, Loss=35186.348692992935
Center of mass parameters: [ 1.80949506e+03  7.69184382e-01  4.87638659e+00  1.82255279e+03
 -6.55405061e-02  5.20965566e+00  1.83248304e+03  2.17058200e-01
  4.87868868e+00  1.84440164e+03  3.85206850e-01  6.42522609e+00
  1.85561375e+03  1.99609197e-01  4.46460029e+00  1.86618534e+03
  2.74717957e-01  5.69878716e+00  1.87680400e+03  7.94821227e-01
  4.09859875e+00  1.88910042e+03  8.54160622e-01  3.90147524e+00
  1.90177108e+03  7.88552841e-01  5.14107594e+00  1.91356009e+03
  3.45096303e-01  4.68251222e+00]
Final MSE: 35181.7707294214
R² = 0.16
Initial loss: 40194.75626336267
Iteration 10000: T=9.0001, Loss=35202.80401965832
Iteration 20000: T=8.0001, Loss=35235.09587104703
Iteration 30000: T=7.0001, Loss=35204.64667214397
Iteration 40000: T=6.0001, Loss=35194.97742508742
Iteration 50000: T=5.000100000000001, Loss=35193.72105221673
Iteration 60000: T=4.0001, Loss=35194.98081663978
Iteration 70000: T=3.0000999999999998, Loss=35191.54777648319
Iteration 80000: T=2.0001, Loss=35188.24106264901
Iteration 90000: T=1.0001000000000004, Loss=35187.63361566364
Iteration 100000: T=9.99999999995449e-05, Loss=35186.01501501689
Tuning complete. MSE at tuned parameters: 35186.01501501689
Initial loss: 35667.899522422595
Iteration 10000: T=9.333400000000001, Loss=35198.50619000641
Iteration 20000: T=8.666733333333333, Loss=35191.54163602474
Iteration 30000: T=8.000066666666667, Loss=35184.64031101607
Iteration 40000: T=7.3334, Loss=35189.31545773627
Iteration 50000: T=6.666733333333333, Loss=35181.20143509031
Iteration 60000: T=6.000066666666667, Loss=35176.73878718921
Iteration 70000: T=5.333399999999999, Loss=35180.64738186369
Iteration 80000: T=4.666733333333334, Loss=35176.61587251687
Iteration 90000: T=4.000066666666666, Loss=35171.23955017233
Iteration 100000: T=3.3333999999999997, Loss=35170.420317036405
Iteration 110000: T=2.666733333333333, Loss=35175.369495894374
Iteration 120000: T=2.0000666666666667, Loss=35173.855456526304
Iteration 130000: T=1.3334000000000001, Loss=35171.007924108584
Iteration 140000: T=0.6667333333333336, Loss=35169.243213703674
Iteration 150000: T=6.666666666710341e-05, Loss=35164.02174594352
Initial loss: 35484.50193956841
Iteration 10000: T=9.333400000000001, Loss=35185.87706104923
Iteration 20000: T=8.666733333333333, Loss=35189.55617733906
Iteration 30000: T=8.000066666666667, Loss=35194.24016244526
Iteration 40000: T=7.3334, Loss=35184.824177886956
Iteration 50000: T=6.666733333333333, Loss=35184.955452961454
Iteration 60000: T=6.000066666666667, Loss=35182.0673622755
Iteration 70000: T=5.333399999999999, Loss=35180.2869293437
Iteration 80000: T=4.666733333333334, Loss=35173.57867076491
Iteration 90000: T=4.000066666666666, Loss=35171.36142976272
Iteration 100000: T=3.3333999999999997, Loss=35169.05369312914
Iteration 110000: T=2.666733333333333, Loss=35166.00244118599
Iteration 120000: T=2.0000666666666667, Loss=35167.5064678741
Iteration 130000: T=1.3334000000000001, Loss=35169.28948432304
Iteration 140000: T=0.6667333333333336, Loss=35163.33202248232
Iteration 150000: T=6.666666666710341e-05, Loss=35160.33171584826
Initial loss: 40789.25967672056
Iteration 10000: T=9.333400000000001, Loss=35186.09335111671
Iteration 20000: T=8.666733333333333, Loss=35190.82621224764
Iteration 30000: T=8.000066666666667, Loss=35203.091112823626
Iteration 40000: T=7.3334, Loss=35210.589403055725
Iteration 50000: T=6.666733333333333, Loss=35209.770956953485
Iteration 60000: T=6.000066666666667, Loss=35202.69331543517
Iteration 70000: T=5.333399999999999, Loss=35196.69313497759
Iteration 80000: T=4.666733333333334, Loss=35213.05565478866
Iteration 90000: T=4.000066666666666, Loss=35196.12622821207
Iteration 100000: T=3.3333999999999997, Loss=35186.205607340766
Iteration 110000: T=2.666733333333333, Loss=35180.203002318216
Iteration 120000: T=2.0000666666666667, Loss=35176.79086562216
Iteration 130000: T=1.3334000000000001, Loss=35174.21467775805
Iteration 140000: T=0.6667333333333336, Loss=35170.8590900083
Iteration 150000: T=6.666666666710341e-05, Loss=35168.934473503316
Initial loss: 39117.75694222835
Iteration 10000: T=9.333400000000001, Loss=35188.51957119698
Iteration 20000: T=8.666733333333333, Loss=35192.521061099054
Iteration 30000: T=8.000066666666667, Loss=35188.925667732925
Iteration 40000: T=7.3334, Loss=35191.37100738938
Iteration 50000: T=6.666733333333333, Loss=35197.45021910119
Iteration 60000: T=6.000066666666667, Loss=35197.48218576116
Iteration 70000: T=5.333399999999999, Loss=35193.382658087496
Iteration 80000: T=4.666733333333334, Loss=35197.149024158345
Iteration 90000: T=4.000066666666666, Loss=35193.308983904724
Iteration 100000: T=3.3333999999999997, Loss=35188.40016217844
Iteration 110000: T=2.666733333333333, Loss=35189.45263652978
Iteration 120000: T=2.0000666666666667, Loss=35186.62964053473
Iteration 130000: T=1.3334000000000001, Loss=35186.06733671826
Iteration 140000: T=0.6667333333333336, Loss=35185.26974280259
Iteration 150000: T=6.666666666710341e-05, Loss=35177.39820136547
Initial loss: 299017.3086276923
Iteration 10000: T=9.333400000000001, Loss=35209.229375156094
Iteration 20000: T=8.666733333333333, Loss=35182.13722609851
Iteration 30000: T=8.000066666666667, Loss=35211.90427597657
Iteration 40000: T=7.3334, Loss=35189.44124263988
Iteration 50000: T=6.666733333333333, Loss=35179.035382935734
Iteration 60000: T=6.000066666666667, Loss=35185.489235923924
Iteration 70000: T=5.333399999999999, Loss=35178.62471543968
Iteration 80000: T=4.666733333333334, Loss=35184.83094374188
Iteration 90000: T=4.000066666666666, Loss=35188.73378923049
Iteration 100000: T=3.3333999999999997, Loss=35186.66619136216
Iteration 110000: T=2.666733333333333, Loss=35181.114070301184
Iteration 120000: T=2.0000666666666667, Loss=35187.6841848653
Iteration 130000: T=1.3334000000000001, Loss=35182.65124956459
Iteration 140000: T=0.6667333333333336, Loss=35178.496471292114
Iteration 150000: T=6.666666666710341e-05, Loss=35177.088047834906
Center of mass parameters: [ 1.80981107e+03 -1.51981990e-01  3.51085797e+00  1.82068871e+03
  3.95922988e-01  4.37405245e+00  1.83215772e+03  2.64007016e-01
  5.44800811e+00  1.84232344e+03  1.34138043e+00  4.32099567e+00
  1.85528137e+03  2.11981759e-01  4.72696774e+00  1.86762122e+03
  1.31320664e-01  6.19800078e+00  1.87822482e+03  6.39417270e-01
  5.40797251e+00  1.88935903e+03  6.67610285e-01  4.40558566e+00
  1.90279064e+03  1.20412669e-01  4.53802740e+00  1.91110819e+03
  9.64191200e-02  4.20067335e+00]
Final MSE: 35173.16610431894
R² = 0.00
Initial loss: 40194.75626336267
Iteration 10000: T=9.0001, Loss=35202.954903876845
Iteration 20000: T=8.0001, Loss=35202.7839400122
Iteration 30000: T=7.0001, Loss=35198.80746043859
Iteration 40000: T=6.0001, Loss=35195.58704065538
Iteration 50000: T=5.000100000000001, Loss=35192.636708208025
Iteration 60000: T=4.0001, Loss=35189.98917779516
Iteration 70000: T=3.0000999999999998, Loss=35191.92422301559
Iteration 80000: T=2.0001, Loss=35191.11811945949
Iteration 90000: T=1.0001000000000004, Loss=35189.53721425534
Iteration 100000: T=9.99999999995449e-05, Loss=35186.36447130923
Tuning complete. MSE at tuned parameters: 35186.36447130923
Initial loss: 35221.13855287931
Iteration 10000: T=9.333400000000001, Loss=35196.272578288044
Iteration 20000: T=8.666733333333333, Loss=35188.61054969666
Iteration 30000: T=8.000066666666667, Loss=35198.25157372784
Iteration 40000: T=7.3334, Loss=35219.387222924626
Iteration 50000: T=6.666733333333333, Loss=35201.37880750712
Iteration 60000: T=6.000066666666667, Loss=35201.5615399912
Iteration 70000: T=5.333399999999999, Loss=35198.282699865136
Iteration 80000: T=4.666733333333334, Loss=35199.863005891886
Iteration 90000: T=4.000066666666666, Loss=35199.028232113844
Iteration 100000: T=3.3333999999999997, Loss=35187.09875107687
Iteration 110000: T=2.666733333333333, Loss=35186.756221016076
Iteration 120000: T=2.0000666666666667, Loss=35188.173721489184
Iteration 130000: T=1.3334000000000001, Loss=35187.6520235252
Iteration 140000: T=0.6667333333333336, Loss=35183.577607783285
Iteration 150000: T=6.666666666710341e-05, Loss=35181.87316770409
Initial loss: 35981.91376762649
Iteration 10000: T=9.333400000000001, Loss=35213.69722457668
Iteration 20000: T=8.666733333333333, Loss=35207.32369897836
Iteration 30000: T=8.000066666666667, Loss=35199.34098187537
Iteration 40000: T=7.3334, Loss=35204.239577102766
Iteration 50000: T=6.666733333333333, Loss=35213.18463870146
Iteration 60000: T=6.000066666666667, Loss=35209.21645528765
Iteration 70000: T=5.333399999999999, Loss=35205.29324311556
Iteration 80000: T=4.666733333333334, Loss=35204.70576791361
Iteration 90000: T=4.000066666666666, Loss=35209.51024292428
Iteration 100000: T=3.3333999999999997, Loss=35201.86613011694
Iteration 110000: T=2.666733333333333, Loss=35205.329478206804
Iteration 120000: T=2.0000666666666667, Loss=35206.94570873908
Iteration 130000: T=1.3334000000000001, Loss=35205.459519041906
Iteration 140000: T=0.6667333333333336, Loss=35203.01989148269
Iteration 150000: T=6.666666666710341e-05, Loss=35199.34086212436
Initial loss: 43126.38278090291
Iteration 10000: T=9.333400000000001, Loss=35197.56733286092
Iteration 20000: T=8.666733333333333, Loss=35213.80561035611
Iteration 30000: T=8.000066666666667, Loss=35192.684851140315
Iteration 40000: T=7.3334, Loss=35198.559391938645
Iteration 50000: T=6.666733333333333, Loss=35195.839962218626
Iteration 60000: T=6.000066666666667, Loss=35191.14496120729
Iteration 70000: T=5.333399999999999, Loss=35189.65938968318
Iteration 80000: T=4.666733333333334, Loss=35189.47570747977
Iteration 90000: T=4.000066666666666, Loss=35187.28334342668
Iteration 100000: T=3.3333999999999997, Loss=35184.146174225876
Iteration 110000: T=2.666733333333333, Loss=35182.13903813421
Iteration 120000: T=2.0000666666666667, Loss=35181.01647520642
Iteration 130000: T=1.3334000000000001, Loss=35183.86065062434
Iteration 140000: T=0.6667333333333336, Loss=35178.64427186345
Iteration 150000: T=6.666666666710341e-05, Loss=35174.75265907845
Initial loss: 36442.850792404744
Iteration 10000: T=9.333400000000001, Loss=35212.663822060655
Iteration 20000: T=8.666733333333333, Loss=35207.04948685702
Iteration 30000: T=8.000066666666667, Loss=35203.56565919983
Iteration 40000: T=7.3334, Loss=35192.44739381225
Iteration 50000: T=6.666733333333333, Loss=35194.731949824716
Iteration 60000: T=6.000066666666667, Loss=35194.872380282046
Iteration 70000: T=5.333399999999999, Loss=35201.17205039945
Iteration 80000: T=4.666733333333334, Loss=35191.95788141172
Iteration 90000: T=4.000066666666666, Loss=35190.074503233394
Iteration 100000: T=3.3333999999999997, Loss=35184.95916091
Iteration 110000: T=2.666733333333333, Loss=35184.49366175846
Iteration 120000: T=2.0000666666666667, Loss=35186.22299672584
Iteration 130000: T=1.3334000000000001, Loss=35183.092546938635
Iteration 140000: T=0.6667333333333336, Loss=35180.52374905148
Iteration 150000: T=6.666666666710341e-05, Loss=35176.27647815145
Initial loss: 37425.468137983094
Iteration 10000: T=9.333400000000001, Loss=35200.90071582237
Iteration 20000: T=8.666733333333333, Loss=35195.291495932004
Iteration 30000: T=8.000066666666667, Loss=35199.65798986164
Iteration 40000: T=7.3334, Loss=35248.530168191
Iteration 50000: T=6.666733333333333, Loss=35193.44791625423
Iteration 60000: T=6.000066666666667, Loss=35202.42158016082
Iteration 70000: T=5.333399999999999, Loss=35197.42443863552
Iteration 80000: T=4.666733333333334, Loss=35202.13282145803
Iteration 90000: T=4.000066666666666, Loss=35187.66070268422
Iteration 100000: T=3.3333999999999997, Loss=35187.873580747604
Iteration 110000: T=2.666733333333333, Loss=35191.60996979363
Iteration 120000: T=2.0000666666666667, Loss=35192.856195164255
Iteration 130000: T=1.3334000000000001, Loss=35193.44761153159
Iteration 140000: T=0.6667333333333336, Loss=35189.41723551015
Iteration 150000: T=6.666666666710341e-05, Loss=35185.96140107711
Center of mass parameters: [ 1.81040437e+03  1.06200444e+00  5.84685495e+00  1.82234896e+03
  1.29913180e+00  5.27214676e+00  1.83229602e+03 -1.56698357e-01
  5.04675603e+00  1.84344530e+03 -2.70741935e-02  5.21729729e+00
  1.85526045e+03  2.12815795e-01  4.74571285e+00  1.86606834e+03
  4.29722113e-01  3.95162959e+00  1.87768697e+03  2.02363431e-01
  4.88662053e+00  1.88951628e+03  5.81893980e-01  5.05774598e+00
  1.90191382e+03 -3.83478600e-02  4.77741187e+00  1.91398375e+03
 -1.24205936e-01  6.81416340e+00]
Final MSE: 35186.59894618824
R² = 0.00
Initial loss: 40194.75626336267
Iteration 10000: T=9.0001, Loss=35202.39820745178
Iteration 20000: T=8.0001, Loss=35198.704713056366
Iteration 30000: T=7.0001, Loss=35196.85029786073
Iteration 40000: T=6.0001, Loss=35196.46261226376
Iteration 50000: T=5.000100000000001, Loss=35202.228967001596
Iteration 60000: T=4.0001, Loss=35197.92970521779
Iteration 70000: T=3.0000999999999998, Loss=35202.66217508905
Iteration 80000: T=2.0001, Loss=35201.85489830146
Iteration 90000: T=1.0001000000000004, Loss=35197.3863119502
Iteration 100000: T=9.99999999995449e-05, Loss=35193.34802406631
Tuning complete. MSE at tuned parameters: 35193.34802406631
Initial loss: 72449.46338926723
Iteration 10000: T=9.333400000000001, Loss=35204.4177561207
Iteration 20000: T=8.666733333333333, Loss=35197.67208748469
Iteration 30000: T=8.000066666666667, Loss=35199.9473262213
Iteration 40000: T=7.3334, Loss=35201.21936040011
Iteration 50000: T=6.666733333333333, Loss=35219.482037469425
Iteration 60000: T=6.000066666666667, Loss=35210.03382992748
Iteration 70000: T=5.333399999999999, Loss=35215.653742832896
Iteration 80000: T=4.666733333333334, Loss=35223.81203237457
Iteration 90000: T=4.000066666666666, Loss=35208.95248621423
Iteration 100000: T=3.3333999999999997, Loss=35205.94739988909
Iteration 110000: T=2.666733333333333, Loss=35206.41831521392
Iteration 120000: T=2.0000666666666667, Loss=35202.68956398518
Iteration 130000: T=1.3334000000000001, Loss=35198.88796681658
Iteration 140000: T=0.6667333333333336, Loss=35201.8003251695
Iteration 150000: T=6.666666666710341e-05, Loss=35197.72783298033
Initial loss: 35880.6173865539
Iteration 10000: T=9.333400000000001, Loss=35211.04267108221
Iteration 20000: T=8.666733333333333, Loss=35202.87490238375
Iteration 30000: T=8.000066666666667, Loss=35195.849237194816
Iteration 40000: T=7.3334, Loss=35210.800996895545
Iteration 50000: T=6.666733333333333, Loss=35200.24156644102
Iteration 60000: T=6.000066666666667, Loss=35197.0359371226
Iteration 70000: T=5.333399999999999, Loss=35197.795968023194
Iteration 80000: T=4.666733333333334, Loss=35193.36013109997
Iteration 90000: T=4.000066666666666, Loss=35205.08806710433
Iteration 100000: T=3.3333999999999997, Loss=35197.64155848211
Iteration 110000: T=2.666733333333333, Loss=35195.407074020186
Iteration 120000: T=2.0000666666666667, Loss=35192.84268154193
Iteration 130000: T=1.3334000000000001, Loss=35192.3556449811
Iteration 140000: T=0.6667333333333336, Loss=35190.964177961745
Iteration 150000: T=6.666666666710341e-05, Loss=35187.68491416964
Initial loss: 38279.235486838865
Iteration 10000: T=9.333400000000001, Loss=35201.25550857295
Iteration 20000: T=8.666733333333333, Loss=35219.78509359767
Iteration 30000: T=8.000066666666667, Loss=35200.918233347395
Iteration 40000: T=7.3334, Loss=35214.943189363985
Iteration 50000: T=6.666733333333333, Loss=35209.39850342886
Iteration 60000: T=6.000066666666667, Loss=35212.01510761122
Iteration 70000: T=5.333399999999999, Loss=35207.017392633876
Iteration 80000: T=4.666733333333334, Loss=35202.86885532021
Iteration 90000: T=4.000066666666666, Loss=35200.82182125315
Iteration 100000: T=3.3333999999999997, Loss=35197.81507568634
Iteration 110000: T=2.666733333333333, Loss=35202.850514492304
Iteration 120000: T=2.0000666666666667, Loss=35206.67605285938
Iteration 130000: T=1.3334000000000001, Loss=35198.9679782611
Iteration 140000: T=0.6667333333333336, Loss=35191.93799481428
Iteration 150000: T=6.666666666710341e-05, Loss=35188.725911811416
Initial loss: 83161.81474853861
Iteration 10000: T=9.333400000000001, Loss=35206.529545845035
Iteration 20000: T=8.666733333333333, Loss=35206.5872290923
Iteration 30000: T=8.000066666666667, Loss=35196.30053123185
Iteration 40000: T=7.3334, Loss=35205.816174988235
Iteration 50000: T=6.666733333333333, Loss=35193.77451669313
Iteration 60000: T=6.000066666666667, Loss=35222.525699399856
Iteration 70000: T=5.333399999999999, Loss=35197.53941294911
Iteration 80000: T=4.666733333333334, Loss=35189.033419857835
Iteration 90000: T=4.000066666666666, Loss=35203.38523451787
Iteration 100000: T=3.3333999999999997, Loss=35220.8469492789
Iteration 110000: T=2.666733333333333, Loss=35207.72121070954
Iteration 120000: T=2.0000666666666667, Loss=35200.87913060686
Iteration 130000: T=1.3334000000000001, Loss=35192.948619774965
Iteration 140000: T=0.6667333333333336, Loss=35189.34390268911
Iteration 150000: T=6.666666666710341e-05, Loss=35184.0282671871
Initial loss: 35480.33656661299
Iteration 10000: T=9.333400000000001, Loss=35211.843637574355
Iteration 20000: T=8.666733333333333, Loss=35200.62580092756
Iteration 30000: T=8.000066666666667, Loss=35196.03952163346
Iteration 40000: T=7.3334, Loss=35211.48924465693
Iteration 50000: T=6.666733333333333, Loss=35216.934794281115
Iteration 60000: T=6.000066666666667, Loss=35200.82577520963
Iteration 70000: T=5.333399999999999, Loss=35191.57082498828
Iteration 80000: T=4.666733333333334, Loss=35191.32627629726
Iteration 90000: T=4.000066666666666, Loss=35187.809774459645
Iteration 100000: T=3.3333999999999997, Loss=35189.14397164077
Iteration 110000: T=2.666733333333333, Loss=35189.53867262768
Iteration 120000: T=2.0000666666666667, Loss=35192.56951662414
Iteration 130000: T=1.3334000000000001, Loss=35192.495349138604
Iteration 140000: T=0.6667333333333336, Loss=35190.5822830981
Iteration 150000: T=6.666666666710341e-05, Loss=35187.38376147727
Center of mass parameters: [ 1.80948451e+03  6.74419100e-01  4.90902347e+00  1.82400858e+03
  1.27223785e+00  4.75762371e+00  1.83372232e+03  4.68759015e-01
  5.30247325e+00  1.84340087e+03  6.58051494e-01  6.06480503e+00
  1.85514714e+03  2.17182989e-01  4.83984364e+00  1.86699630e+03
  9.27875010e-02  6.11551282e+00  1.87660931e+03  1.06470159e+00
  4.35912526e+00  1.89144225e+03  7.13445770e-01  5.47544048e+00
  1.90068070e+03 -3.57370462e-02  3.96539661e+00  1.91217970e+03
  5.10729156e-01  5.56713258e+00]
Final MSE: 35190.41599288851
R² = 0.01
Initial loss: 40194.75626336267
Iteration 10000: T=9.0001, Loss=35200.97065016998
Iteration 20000: T=8.0001, Loss=35207.66142383409
Iteration 30000: T=7.0001, Loss=35202.31301171217
Iteration 40000: T=6.0001, Loss=35195.46585445411
Iteration 50000: T=5.000100000000001, Loss=35213.34853539476
Iteration 60000: T=4.0001, Loss=35211.38186698062
Iteration 70000: T=3.0000999999999998, Loss=35195.471105214885
Iteration 80000: T=2.0001, Loss=35185.84834700995
Iteration 90000: T=1.0001000000000004, Loss=35195.64666337134
Iteration 100000: T=9.99999999995449e-05, Loss=35188.71436819577
Tuning complete. MSE at tuned parameters: 35188.71436819577
Initial loss: 43172.524633292625
Iteration 10000: T=9.333400000000001, Loss=35198.87082037802
Iteration 20000: T=8.666733333333333, Loss=35200.84398835954
Iteration 30000: T=8.000066666666667, Loss=35212.45687207574
Iteration 40000: T=7.3334, Loss=35205.78870780176
Iteration 50000: T=6.666733333333333, Loss=35221.90509672379
Iteration 60000: T=6.000066666666667, Loss=35222.64669534152
Iteration 70000: T=5.333399999999999, Loss=35212.03316757236
Iteration 80000: T=4.666733333333334, Loss=35209.10947190759
Iteration 90000: T=4.000066666666666, Loss=35210.179737330196
Iteration 100000: T=3.3333999999999997, Loss=35216.13069242207
Iteration 110000: T=2.666733333333333, Loss=35205.820321555155
Iteration 120000: T=2.0000666666666667, Loss=35203.04310253772
Iteration 130000: T=1.3334000000000001, Loss=35193.23383222586
Iteration 140000: T=0.6667333333333336, Loss=35190.55156671862
Iteration 150000: T=6.666666666710341e-05, Loss=35188.33262915085
Initial loss: 38109.439513020996
Iteration 10000: T=9.333400000000001, Loss=35232.0526404111
Iteration 20000: T=8.666733333333333, Loss=35215.09064731334
Iteration 30000: T=8.000066666666667, Loss=35190.47831046569
Iteration 40000: T=7.3334, Loss=35181.02575403674
Iteration 50000: T=6.666733333333333, Loss=35184.91744416537
Iteration 60000: T=6.000066666666667, Loss=35187.48816929864
Iteration 70000: T=5.333399999999999, Loss=35187.245584222765
Iteration 80000: T=4.666733333333334, Loss=35188.58227485328
Iteration 90000: T=4.000066666666666, Loss=35185.4803545212
Iteration 100000: T=3.3333999999999997, Loss=35185.156754751224
Iteration 110000: T=2.666733333333333, Loss=35185.677041193754
Iteration 120000: T=2.0000666666666667, Loss=35174.72412740681
Iteration 130000: T=1.3334000000000001, Loss=35175.61679476007
Iteration 140000: T=0.6667333333333336, Loss=35174.31339248903
Iteration 150000: T=6.666666666710341e-05, Loss=35168.542774929556
Initial loss: 85183.83207964273
Iteration 10000: T=9.333400000000001, Loss=35202.4665748422
Iteration 20000: T=8.666733333333333, Loss=35198.59775164163
Iteration 30000: T=8.000066666666667, Loss=35194.60678206169
Iteration 40000: T=7.3334, Loss=35187.641937752174
Iteration 50000: T=6.666733333333333, Loss=35208.67316914064
Iteration 60000: T=6.000066666666667, Loss=35193.87399786834
Iteration 70000: T=5.333399999999999, Loss=35186.24545887557
Iteration 80000: T=4.666733333333334, Loss=35190.25953318593
Iteration 90000: T=4.000066666666666, Loss=35180.92635452473
Iteration 100000: T=3.3333999999999997, Loss=35178.97411030811
Iteration 110000: T=2.666733333333333, Loss=35175.28149683688
Iteration 120000: T=2.0000666666666667, Loss=35171.93855175354
Iteration 130000: T=1.3334000000000001, Loss=35171.296587271245
Iteration 140000: T=0.6667333333333336, Loss=35169.55377603396
Iteration 150000: T=6.666666666710341e-05, Loss=35166.228310225895
Initial loss: 46988.97846852754
Iteration 10000: T=9.333400000000001, Loss=35200.19201441756
Iteration 20000: T=8.666733333333333, Loss=35196.60963300263
Iteration 30000: T=8.000066666666667, Loss=35209.22512814081
Iteration 40000: T=7.3334, Loss=35205.97121249722
Iteration 50000: T=6.666733333333333, Loss=35226.88355126782
Iteration 60000: T=6.000066666666667, Loss=35211.97557088037
Iteration 70000: T=5.333399999999999, Loss=35210.90034820216
Iteration 80000: T=4.666733333333334, Loss=35204.05129813363
Iteration 90000: T=4.000066666666666, Loss=35199.960395256814
Iteration 100000: T=3.3333999999999997, Loss=35194.31065238599
Iteration 110000: T=2.666733333333333, Loss=35193.50774896561
Iteration 120000: T=2.0000666666666667, Loss=35194.65562775047
Iteration 130000: T=1.3334000000000001, Loss=35193.60670161655
Iteration 140000: T=0.6667333333333336, Loss=35191.229191554354
Iteration 150000: T=6.666666666710341e-05, Loss=35183.026653817076
Initial loss: 35356.09104189432
Iteration 10000: T=9.333400000000001, Loss=35204.677664586394
Iteration 20000: T=8.666733333333333, Loss=35187.974400271174
Iteration 30000: T=8.000066666666667, Loss=35191.5488077502
Iteration 40000: T=7.3334, Loss=35187.87046494104
Iteration 50000: T=6.666733333333333, Loss=35199.840269910754
Iteration 60000: T=6.000066666666667, Loss=35185.61481253261
Iteration 70000: T=5.333399999999999, Loss=35192.00534355691
Iteration 80000: T=4.666733333333334, Loss=35188.87426395052
Iteration 90000: T=4.000066666666666, Loss=35189.87016203831
Iteration 100000: T=3.3333999999999997, Loss=35190.83770654418
Iteration 110000: T=2.666733333333333, Loss=35193.23905144197
Iteration 120000: T=2.0000666666666667, Loss=35185.610364924694
Iteration 130000: T=1.3334000000000001, Loss=35188.849269402366
Iteration 140000: T=0.6667333333333336, Loss=35185.290690564514
Iteration 150000: T=6.666666666710341e-05, Loss=35180.22138315522
Center of mass parameters: [1.80945885e+03 1.36582389e+00 4.53931534e+00 1.82335242e+03
 4.55398532e-01 5.16104129e+00 1.83272878e+03 3.64916976e-01
 5.86376577e+00 1.84182600e+03 4.07358449e-01 4.88140498e+00
 1.85505818e+03 2.19944054e-01 4.90090069e+00 1.86648445e+03
 4.74571979e-01 4.34576150e+00 1.87762330e+03 1.24507952e-01
 5.26080592e+00 1.89012016e+03 1.71538764e-01 6.03283978e+00
 1.90128788e+03 1.33451769e-01 5.61507186e+00 1.91287748e+03
 3.99667601e-01 6.42308048e+00]
Final MSE: 35181.24989352858
R² = 0.21
Initial loss: 40194.75626336267
Iteration 10000: T=9.0001, Loss=35213.1796105276
Iteration 20000: T=8.0001, Loss=35203.106916640194
Iteration 30000: T=7.0001, Loss=35212.80611593246
Iteration 40000: T=6.0001, Loss=35206.900626986826
Iteration 50000: T=5.000100000000001, Loss=35200.18340692843
Iteration 60000: T=4.0001, Loss=35216.207886370816
Iteration 70000: T=3.0000999999999998, Loss=35204.219627059385
Iteration 80000: T=2.0001, Loss=35203.43269094895
Iteration 90000: T=1.0001000000000004, Loss=35196.91817999226
Iteration 100000: T=9.99999999995449e-05, Loss=35194.83034977038
Tuning complete. MSE at tuned parameters: 35194.83034977038
Initial loss: 35799.86566858963
Iteration 10000: T=9.333400000000001, Loss=35193.33498842537
Iteration 20000: T=8.666733333333333, Loss=35197.58607079439
Iteration 30000: T=8.000066666666667, Loss=35202.14562256376
Iteration 40000: T=7.3334, Loss=35230.45127263239
Iteration 50000: T=6.666733333333333, Loss=35203.18468856167
Iteration 60000: T=6.000066666666667, Loss=35198.45988645865
Iteration 70000: T=5.333399999999999, Loss=35205.45782165749
Iteration 80000: T=4.666733333333334, Loss=35197.09689750132
Iteration 90000: T=4.000066666666666, Loss=35191.87780964259
Iteration 100000: T=3.3333999999999997, Loss=35193.4157921543
Iteration 110000: T=2.666733333333333, Loss=35192.608359773
Iteration 120000: T=2.0000666666666667, Loss=35187.6468252132
Iteration 130000: T=1.3334000000000001, Loss=35189.92738836587
Iteration 140000: T=0.6667333333333336, Loss=35188.47258644656
Iteration 150000: T=6.666666666710341e-05, Loss=35184.30584191017
Initial loss: 37646.33661262493
Iteration 10000: T=9.333400000000001, Loss=35205.46605898203
Iteration 20000: T=8.666733333333333, Loss=35198.49642000219
Iteration 30000: T=8.000066666666667, Loss=35199.44630116634
Iteration 40000: T=7.3334, Loss=35207.994941945115
Iteration 50000: T=6.666733333333333, Loss=35215.38381196063
Iteration 60000: T=6.000066666666667, Loss=35201.99586221142
Iteration 70000: T=5.333399999999999, Loss=35204.11342513974
Iteration 80000: T=4.666733333333334, Loss=35206.987902931585
Iteration 90000: T=4.000066666666666, Loss=35201.829914788235
Iteration 100000: T=3.3333999999999997, Loss=35211.97541390113
Iteration 110000: T=2.666733333333333, Loss=35200.449473242494
Iteration 120000: T=2.0000666666666667, Loss=35203.212254472
Iteration 130000: T=1.3334000000000001, Loss=35204.63415239727
Iteration 140000: T=0.6667333333333336, Loss=35205.43203732243
Iteration 150000: T=6.666666666710341e-05, Loss=35199.675366724856
Initial loss: 37507.719166014314
Iteration 10000: T=9.333400000000001, Loss=35204.00304305685
Iteration 20000: T=8.666733333333333, Loss=35213.881793141656
Iteration 30000: T=8.000066666666667, Loss=35203.94695908352
Iteration 40000: T=7.3334, Loss=35198.28775278097
Iteration 50000: T=6.666733333333333, Loss=35197.9560573194
Iteration 60000: T=6.000066666666667, Loss=35204.872361165835
Iteration 70000: T=5.333399999999999, Loss=35205.36794170065
Iteration 80000: T=4.666733333333334, Loss=35200.9001904832
Iteration 90000: T=4.000066666666666, Loss=35209.576649095376
Iteration 100000: T=3.3333999999999997, Loss=35204.4890842367
Iteration 110000: T=2.666733333333333, Loss=35208.150998775134
Iteration 120000: T=2.0000666666666667, Loss=35203.468428516295
Iteration 130000: T=1.3334000000000001, Loss=35201.7591018377
Iteration 140000: T=0.6667333333333336, Loss=35197.56606096786
Iteration 150000: T=6.666666666710341e-05, Loss=35193.017550378056
Initial loss: 35622.07631213172
Iteration 10000: T=9.333400000000001, Loss=35197.2570979593
Iteration 20000: T=8.666733333333333, Loss=35197.3938014132
Iteration 30000: T=8.000066666666667, Loss=35202.52566766634
Iteration 40000: T=7.3334, Loss=35214.36408618801
Iteration 50000: T=6.666733333333333, Loss=35210.934558586494
Iteration 60000: T=6.000066666666667, Loss=35216.22802546053
Iteration 70000: T=5.333399999999999, Loss=35194.90413450989
Iteration 80000: T=4.666733333333334, Loss=35198.57710898861
Iteration 90000: T=4.000066666666666, Loss=35192.75757917018
Iteration 100000: T=3.3333999999999997, Loss=35195.932803343676
Iteration 110000: T=2.666733333333333, Loss=35196.656814913345
Iteration 120000: T=2.0000666666666667, Loss=35193.66035865731
Iteration 130000: T=1.3334000000000001, Loss=35192.072771766834
Iteration 140000: T=0.6667333333333336, Loss=35190.72290450068
Iteration 150000: T=6.666666666710341e-05, Loss=35186.38424085298
Initial loss: 49848.13669210499
Iteration 10000: T=9.333400000000001, Loss=35203.75883375561
Iteration 20000: T=8.666733333333333, Loss=35195.573207350106
Iteration 30000: T=8.000066666666667, Loss=35199.19530865091
Iteration 40000: T=7.3334, Loss=35192.05686852561
Iteration 50000: T=6.666733333333333, Loss=35196.309876627434
Iteration 60000: T=6.000066666666667, Loss=35195.768378558736
Iteration 70000: T=5.333399999999999, Loss=35192.09535724408
Iteration 80000: T=4.666733333333334, Loss=35187.08640791619
Iteration 90000: T=4.000066666666666, Loss=35188.27164768967
Iteration 100000: T=3.3333999999999997, Loss=35192.79868597084
Iteration 110000: T=2.666733333333333, Loss=35184.39483344181
Iteration 120000: T=2.0000666666666667, Loss=35183.75531417084
Iteration 130000: T=1.3334000000000001, Loss=35182.01252389463
Iteration 140000: T=0.6667333333333336, Loss=35175.605564299374
Iteration 150000: T=6.666666666710341e-05, Loss=35170.702037759474
Center of mass parameters: [1.80966587e+03 4.64665362e-01 5.06163459e+00 1.82309716e+03
 2.62114083e-01 4.65094949e+00 1.83329998e+03 5.48953293e-01
 4.33131045e+00 1.84274822e+03 3.40302249e-01 5.17336960e+00
 1.85534061e+03 2.09962970e-01 4.68398615e+00 1.86746694e+03
 1.17052876e+00 5.95464853e+00 1.87785135e+03 1.94628366e-01
 5.77316701e+00 1.88943965e+03 1.16799034e-01 4.24881290e+00
 1.90204314e+03 1.18017387e+00 5.96963455e+00 1.91319732e+03
 2.46722845e-01 4.76444629e+00]
Final MSE: 35190.39614115934
R² = 0.46
Initial loss: 40194.75626336267
Iteration 10000: T=9.0001, Loss=35211.093956531186
Iteration 20000: T=8.0001, Loss=35201.88258023864
Iteration 30000: T=7.0001, Loss=35214.12519326337
Iteration 40000: T=6.0001, Loss=35194.5007294721
Iteration 50000: T=5.000100000000001, Loss=35189.07593787151
Iteration 60000: T=4.0001, Loss=35190.56028213212
Iteration 70000: T=3.0000999999999998, Loss=35183.756339860236
Iteration 80000: T=2.0001, Loss=35183.783269498024
Iteration 90000: T=1.0001000000000004, Loss=35182.01791617486
Iteration 100000: T=9.99999999995449e-05, Loss=35178.07890367566
Tuning complete. MSE at tuned parameters: 35178.07890367566
Initial loss: 37030.89180189464
Iteration 10000: T=9.333400000000001, Loss=35194.260338066466
Iteration 20000: T=8.666733333333333, Loss=35189.49887752028
Iteration 30000: T=8.000066666666667, Loss=35212.3923008441
Iteration 40000: T=7.3334, Loss=35185.812113097745
Iteration 50000: T=6.666733333333333, Loss=35190.94867274102
Iteration 60000: T=6.000066666666667, Loss=35181.36968359717
Iteration 70000: T=5.333399999999999, Loss=35187.338910052626
Iteration 80000: T=4.666733333333334, Loss=35179.01023796908
Iteration 90000: T=4.000066666666666, Loss=35171.617875235024
Iteration 100000: T=3.3333999999999997, Loss=35170.28302127883
Iteration 110000: T=2.666733333333333, Loss=35168.99689507325
Iteration 120000: T=2.0000666666666667, Loss=35168.59439571351
Iteration 130000: T=1.3334000000000001, Loss=35164.4829553073
Iteration 140000: T=0.6667333333333336, Loss=35161.476465269894
Iteration 150000: T=6.666666666710341e-05, Loss=35158.38434846512
Initial loss: 35595.12782157494
Iteration 10000: T=9.333400000000001, Loss=35190.95117560523
Iteration 20000: T=8.666733333333333, Loss=35188.37782713436
Iteration 30000: T=8.000066666666667, Loss=35200.53742891182
Iteration 40000: T=7.3334, Loss=35189.490469670185
Iteration 50000: T=6.666733333333333, Loss=35190.78900561657
Iteration 60000: T=6.000066666666667, Loss=35188.15972447705
Iteration 70000: T=5.333399999999999, Loss=35187.670068577405
Iteration 80000: T=4.666733333333334, Loss=35182.263521596666
Iteration 90000: T=4.000066666666666, Loss=35180.29580131295
Iteration 100000: T=3.3333999999999997, Loss=35181.44803674913
Iteration 110000: T=2.666733333333333, Loss=35183.471017383956
Iteration 120000: T=2.0000666666666667, Loss=35173.863215147685
Iteration 130000: T=1.3334000000000001, Loss=35175.963547879546
Iteration 140000: T=0.6667333333333336, Loss=35174.093322731125
Iteration 150000: T=6.666666666710341e-05, Loss=35172.39828938826
Initial loss: 39655.37632031452
Iteration 10000: T=9.333400000000001, Loss=35181.12998544704
Iteration 20000: T=8.666733333333333, Loss=35187.97511200649
Iteration 30000: T=8.000066666666667, Loss=35181.66860291431
Iteration 40000: T=7.3334, Loss=35202.53792331796
Iteration 50000: T=6.666733333333333, Loss=35182.59795734995
Iteration 60000: T=6.000066666666667, Loss=35178.88816594626
Iteration 70000: T=5.333399999999999, Loss=35182.71866237432
Iteration 80000: T=4.666733333333334, Loss=35173.028295504984
Iteration 90000: T=4.000066666666666, Loss=35178.726005001445
Iteration 100000: T=3.3333999999999997, Loss=35180.003846909014
Iteration 110000: T=2.666733333333333, Loss=35180.660876103866
Iteration 120000: T=2.0000666666666667, Loss=35180.704178252265
Iteration 130000: T=1.3334000000000001, Loss=35179.21396339271
Iteration 140000: T=0.6667333333333336, Loss=35175.47254949896
Iteration 150000: T=6.666666666710341e-05, Loss=35169.60267850683
Initial loss: 36894.30165703702
Iteration 10000: T=9.333400000000001, Loss=35195.64981765835
Iteration 20000: T=8.666733333333333, Loss=35187.22465845322
Iteration 30000: T=8.000066666666667, Loss=35168.9727359562
Iteration 40000: T=7.3334, Loss=35167.98450556194
Iteration 50000: T=6.666733333333333, Loss=35170.54651465087
Iteration 60000: T=6.000066666666667, Loss=35164.94936420217
Iteration 70000: T=5.333399999999999, Loss=35171.079169927725
Iteration 80000: T=4.666733333333334, Loss=35167.1392366947
Iteration 90000: T=4.000066666666666, Loss=35158.52730830234
Iteration 100000: T=3.3333999999999997, Loss=35159.30490612871
Iteration 110000: T=2.666733333333333, Loss=35166.97220157066
Iteration 120000: T=2.0000666666666667, Loss=35168.190175478885
Iteration 130000: T=1.3334000000000001, Loss=35163.15701852428
Iteration 140000: T=0.6667333333333336, Loss=35158.96829241682
Iteration 150000: T=6.666666666710341e-05, Loss=35159.00610014522
Initial loss: 42850.01059159361
Iteration 10000: T=9.333400000000001, Loss=35178.29329633057
Iteration 20000: T=8.666733333333333, Loss=35177.23785117003
Iteration 30000: T=8.000066666666667, Loss=35178.48952092123
Iteration 40000: T=7.3334, Loss=35179.18803464869
Iteration 50000: T=6.666733333333333, Loss=35183.24648650448
Iteration 60000: T=6.000066666666667, Loss=35184.30808664172
Iteration 70000: T=5.333399999999999, Loss=35184.90603561273
Iteration 80000: T=4.666733333333334, Loss=35176.92755037334
Iteration 90000: T=4.000066666666666, Loss=35173.13161140082
Iteration 100000: T=3.3333999999999997, Loss=35175.55719950622
Iteration 110000: T=2.666733333333333, Loss=35169.48014522191
Iteration 120000: T=2.0000666666666667, Loss=35171.00391795628
Iteration 130000: T=1.3334000000000001, Loss=35171.067338333276
Iteration 140000: T=0.6667333333333336, Loss=35168.11336866827
Iteration 150000: T=6.666666666710341e-05, Loss=35166.98579416834
Center of mass parameters: [1.81008731e+03 1.19907378e+00 5.06507368e+00 1.82245050e+03
 6.32305497e-01 4.69955788e+00 1.83248288e+03 9.07409589e-02
 4.96351605e+00 1.84261081e+03 2.25381895e-01 5.90531925e+00
 1.85519212e+03 2.15446744e-01 4.80117150e+00 1.86609771e+03
 2.80462565e-01 4.59966198e+00 1.87675725e+03 4.80268875e-01
 5.33786992e+00 1.88900308e+03 1.54140954e+00 4.81517250e+00
 1.90179519e+03 1.38031396e+00 4.37176288e+00 1.91156269e+03
 1.20450301e+00 4.49818736e+00]
Final MSE: 35168.85275092408
R² = 0.19
Initial loss: 40194.75626336267
Iteration 10000: T=9.0001, Loss=35193.59160918189
Iteration 20000: T=8.0001, Loss=35186.906232046196
Iteration 30000: T=7.0001, Loss=35187.862324654045
Iteration 40000: T=6.0001, Loss=35186.72641794892
Iteration 50000: T=5.000100000000001, Loss=35195.11408811112
Iteration 60000: T=4.0001, Loss=35185.08829051513
Iteration 70000: T=3.0000999999999998, Loss=35191.692463865
Iteration 80000: T=2.0001, Loss=35184.04737390517
Iteration 90000: T=1.0001000000000004, Loss=35180.56773141506
Iteration 100000: T=9.99999999995449e-05, Loss=35176.34785222011
Tuning complete. MSE at tuned parameters: 35176.34785222011
Initial loss: 36371.16200535528
Iteration 10000: T=9.333400000000001, Loss=35189.5172098498
Iteration 20000: T=8.666733333333333, Loss=35182.813264796896
Iteration 30000: T=8.000066666666667, Loss=35180.306690189325
Iteration 40000: T=7.3334, Loss=35194.38739034824
Iteration 50000: T=6.666733333333333, Loss=35178.55756891659
Iteration 60000: T=6.000066666666667, Loss=35176.93711381377
Iteration 70000: T=5.333399999999999, Loss=35183.72656207107
Iteration 80000: T=4.666733333333334, Loss=35177.105820676785
Iteration 90000: T=4.000066666666666, Loss=35189.575959593785
Iteration 100000: T=3.3333999999999997, Loss=35174.9418075057
Iteration 110000: T=2.666733333333333, Loss=35174.075552683855
Iteration 120000: T=2.0000666666666667, Loss=35173.83866617126
Iteration 130000: T=1.3334000000000001, Loss=35172.958019620026
Iteration 140000: T=0.6667333333333336, Loss=35171.02170118816
Iteration 150000: T=6.666666666710341e-05, Loss=35166.76580292974
Initial loss: 39307.29321964584
Iteration 10000: T=9.333400000000001, Loss=35195.46395914286
Iteration 20000: T=8.666733333333333, Loss=35194.241865379205
Iteration 30000: T=8.000066666666667, Loss=35193.29433469745
Iteration 40000: T=7.3334, Loss=35179.79868945552
Iteration 50000: T=6.666733333333333, Loss=35182.555332308744
Iteration 60000: T=6.000066666666667, Loss=35186.517658297584
Iteration 70000: T=5.333399999999999, Loss=35201.3903619732
Iteration 80000: T=4.666733333333334, Loss=35184.848438537854
Iteration 90000: T=4.000066666666666, Loss=35181.072605388195
Iteration 100000: T=3.3333999999999997, Loss=35177.46053331179
Iteration 110000: T=2.666733333333333, Loss=35179.282987077735
Iteration 120000: T=2.0000666666666667, Loss=35182.14861781712
Iteration 130000: T=1.3334000000000001, Loss=35178.73932455236
Iteration 140000: T=0.6667333333333336, Loss=35178.17569259036
Iteration 150000: T=6.666666666710341e-05, Loss=35175.082245794736
Initial loss: 35367.07167521378
Iteration 10000: T=9.333400000000001, Loss=35178.71191163501
Iteration 20000: T=8.666733333333333, Loss=35188.93699412813
Iteration 30000: T=8.000066666666667, Loss=35174.434777014096
Iteration 40000: T=7.3334, Loss=35179.9578253838
Iteration 50000: T=6.666733333333333, Loss=35183.11294748643
Iteration 60000: T=6.000066666666667, Loss=35183.486521133185
Iteration 70000: T=5.333399999999999, Loss=35176.53598340897
Iteration 80000: T=4.666733333333334, Loss=35175.74251418751
Iteration 90000: T=4.000066666666666, Loss=35170.226905876436
Iteration 100000: T=3.3333999999999997, Loss=35172.566828842435
Iteration 110000: T=2.666733333333333, Loss=35171.39682081425
Iteration 120000: T=2.0000666666666667, Loss=35171.60802254859
Iteration 130000: T=1.3334000000000001, Loss=35169.87008129962
Iteration 140000: T=0.6667333333333336, Loss=35170.18000680124
Iteration 150000: T=6.666666666710341e-05, Loss=35167.66585626512
Initial loss: 37098.370137269885
Iteration 10000: T=9.333400000000001, Loss=35181.64210374019
Iteration 20000: T=8.666733333333333, Loss=35183.1232489404
Iteration 30000: T=8.000066666666667, Loss=35185.602662341524
Iteration 40000: T=7.3334, Loss=35191.188434747935
Iteration 50000: T=6.666733333333333, Loss=35179.272620479824
Iteration 60000: T=6.000066666666667, Loss=35182.80558930759
Iteration 70000: T=5.333399999999999, Loss=35185.13985583075
Iteration 80000: T=4.666733333333334, Loss=35191.32221477375
Iteration 90000: T=4.000066666666666, Loss=35177.99198799481
Iteration 100000: T=3.3333999999999997, Loss=35173.63902192432
Iteration 110000: T=2.666733333333333, Loss=35172.59708663949
Iteration 120000: T=2.0000666666666667, Loss=35170.339544859096
Iteration 130000: T=1.3334000000000001, Loss=35175.46633742433
Iteration 140000: T=0.6667333333333336, Loss=35173.881363375236
Iteration 150000: T=6.666666666710341e-05, Loss=35169.607924944845
Initial loss: 38259.58194032449
Iteration 10000: T=9.333400000000001, Loss=35183.741692126845
Iteration 20000: T=8.666733333333333, Loss=35182.62312375433
Iteration 30000: T=8.000066666666667, Loss=35185.664565653904
Iteration 40000: T=7.3334, Loss=35189.45814643654
Iteration 50000: T=6.666733333333333, Loss=35186.23962058471
Iteration 60000: T=6.000066666666667, Loss=35184.48298515325
Iteration 70000: T=5.333399999999999, Loss=35168.058771834156
Iteration 80000: T=4.666733333333334, Loss=35168.71251908365
Iteration 90000: T=4.000066666666666, Loss=35165.211645539326
Iteration 100000: T=3.3333999999999997, Loss=35163.188847581776
Iteration 110000: T=2.666733333333333, Loss=35177.26310995905
Iteration 120000: T=2.0000666666666667, Loss=35165.84961748774
Iteration 130000: T=1.3334000000000001, Loss=35161.97815244406
Iteration 140000: T=0.6667333333333336, Loss=35162.56501986615
Iteration 150000: T=6.666666666710341e-05, Loss=35159.81847271489
Center of mass parameters: [ 1.80879645e+03  8.60549927e-01  4.34275746e+00  1.82252008e+03
  1.10484948e+00  6.01392656e+00  1.83240177e+03  1.87655074e-01
  5.68991535e+00  1.84269341e+03 -1.62145978e-01  6.09769842e+00
  1.85542288e+03  2.06845304e-01  4.61841838e+00  1.86487268e+03
  1.77965020e-01  5.06793183e+00  1.87779167e+03  1.22713647e+00
  4.14413042e+00  1.88994349e+03  7.69256849e-01  4.46955326e+00
  1.90087630e+03  1.43719530e-01  4.91295425e+00  1.91327409e+03
  8.47545686e-01  5.01122346e+00]
Final MSE: 35169.336016133486
R² = 0.17
