Initial loss: 40194.75626336267
Iteration 10000: T=9.0001, Loss=35194.21211789862
Iteration 20000: T=8.0001, Loss=35190.88997960117
Iteration 30000: T=7.0001, Loss=35190.90445053462
Iteration 40000: T=6.0001, Loss=35199.833672011126
Iteration 50000: T=5.000100000000001, Loss=35204.29936930669
Iteration 60000: T=4.0001, Loss=35186.84890159014
Iteration 70000: T=3.0000999999999998, Loss=35183.84621910266
Iteration 80000: T=2.0001, Loss=35183.56300464052
Iteration 90000: T=1.0001000000000004, Loss=35188.47327246544
Iteration 100000: T=9.99999999995449e-05, Loss=35179.3211495383
Tuning complete. MSE at tuned parameters: 35179.3211495383
Initial loss: 35260.002410595065
Iteration 10000: T=9.333400000000001, Loss=35181.935483294226
Iteration 20000: T=8.666733333333333, Loss=35184.226125656736
Iteration 30000: T=8.000066666666667, Loss=35188.35823812463
Iteration 40000: T=7.3334, Loss=35194.870040153415
Iteration 50000: T=6.666733333333333, Loss=35213.691553031524
Iteration 60000: T=6.000066666666667, Loss=35202.589151714805
Iteration 70000: T=5.333399999999999, Loss=35219.311372095464
Iteration 80000: T=4.666733333333334, Loss=35200.56820949225
Iteration 90000: T=4.000066666666666, Loss=35192.32899355409
Iteration 100000: T=3.3333999999999997, Loss=35185.564713189335
Iteration 110000: T=2.666733333333333, Loss=35185.38766928519
Iteration 120000: T=2.0000666666666667, Loss=35181.468612066456
Iteration 130000: T=1.3334000000000001, Loss=35182.613134125226
Iteration 140000: T=0.6667333333333336, Loss=35181.01516247034
Iteration 150000: T=6.666666666710341e-05, Loss=35175.93803537837
Initial loss: 52444.29192067495
Iteration 10000: T=9.333400000000001, Loss=35205.36464591302
Iteration 20000: T=8.666733333333333, Loss=35188.95078603368
Iteration 30000: T=8.000066666666667, Loss=35187.58781968395
Iteration 40000: T=7.3334, Loss=35200.49801488769
Iteration 50000: T=6.666733333333333, Loss=35181.14599897379
Iteration 60000: T=6.000066666666667, Loss=35174.37240973347
Iteration 70000: T=5.333399999999999, Loss=35184.821620054456
Iteration 80000: T=4.666733333333334, Loss=35173.90098535534
Iteration 90000: T=4.000066666666666, Loss=35175.544919758475
Iteration 100000: T=3.3333999999999997, Loss=35173.059870470235
Iteration 110000: T=2.666733333333333, Loss=35169.57589291847
Iteration 120000: T=2.0000666666666667, Loss=35169.7825972587
Iteration 130000: T=1.3334000000000001, Loss=35171.01651553682
Iteration 140000: T=0.6667333333333336, Loss=35170.4448491344
Iteration 150000: T=6.666666666710341e-05, Loss=35165.39161561302
Initial loss: 35493.351969445095
Iteration 10000: T=9.333400000000001, Loss=35186.753790029354
Iteration 20000: T=8.666733333333333, Loss=35177.71699753795
Iteration 30000: T=8.000066666666667, Loss=35183.36104146046
Iteration 40000: T=7.3334, Loss=35193.62220397932
Iteration 50000: T=6.666733333333333, Loss=35181.0723633147
Iteration 60000: T=6.000066666666667, Loss=35175.866751020534
Iteration 70000: T=5.333399999999999, Loss=35175.14542067771
Iteration 80000: T=4.666733333333334, Loss=35181.19012061283
Iteration 90000: T=4.000066666666666, Loss=35172.79210074702
Iteration 100000: T=3.3333999999999997, Loss=35168.04588058776
Iteration 110000: T=2.666733333333333, Loss=35168.2510545178
Iteration 120000: T=2.0000666666666667, Loss=35173.93043024097
Iteration 130000: T=1.3334000000000001, Loss=35170.61612921841
Iteration 140000: T=0.6667333333333336, Loss=35168.0178513327
Iteration 150000: T=6.666666666710341e-05, Loss=35167.20590123764
Initial loss: 38668.007496664075
Iteration 10000: T=9.333400000000001, Loss=35193.78702235682
Iteration 20000: T=8.666733333333333, Loss=35193.36833219126
Iteration 30000: T=8.000066666666667, Loss=35184.49044541575
Iteration 40000: T=7.3334, Loss=35187.37050566976
Iteration 50000: T=6.666733333333333, Loss=35184.502665116444
Iteration 60000: T=6.000066666666667, Loss=35177.89002503901
Iteration 70000: T=5.333399999999999, Loss=35179.50118420694
Iteration 80000: T=4.666733333333334, Loss=35175.60769774548
Iteration 90000: T=4.000066666666666, Loss=35187.91610310475
Iteration 100000: T=3.3333999999999997, Loss=35182.53046061808
Iteration 110000: T=2.666733333333333, Loss=35179.89530491604
Iteration 120000: T=2.0000666666666667, Loss=35181.14091246221
Iteration 130000: T=1.3334000000000001, Loss=35181.59236659467
Iteration 140000: T=0.6667333333333336, Loss=35178.44826242726
Iteration 150000: T=6.666666666710341e-05, Loss=35174.46472617974
Initial loss: 69575.57069912777
Iteration 10000: T=9.333400000000001, Loss=35188.791871786925
Iteration 20000: T=8.666733333333333, Loss=35194.63329196942
Iteration 30000: T=8.000066666666667, Loss=35192.797872667514
Iteration 40000: T=7.3334, Loss=35195.98240033299
Iteration 50000: T=6.666733333333333, Loss=35208.751092724044
Iteration 60000: T=6.000066666666667, Loss=35193.53375414668
Iteration 70000: T=5.333399999999999, Loss=35182.00730447188
Iteration 80000: T=4.666733333333334, Loss=35178.82776654213
Iteration 90000: T=4.000066666666666, Loss=35181.55110863311
Iteration 100000: T=3.3333999999999997, Loss=35182.993479858924
Iteration 110000: T=2.666733333333333, Loss=35181.457297448644
Iteration 120000: T=2.0000666666666667, Loss=35176.526616841234
Iteration 130000: T=1.3334000000000001, Loss=35177.03063833137
Iteration 140000: T=0.6667333333333336, Loss=35179.615845341556
Iteration 150000: T=6.666666666710341e-05, Loss=35174.091634606
Center of mass parameters: [ 1.80915912e+03 -1.35414880e-01  4.72340510e+00  1.82232184e+03
  5.85928789e-01  4.50629451e+00  1.83316151e+03  4.48202548e-01
  5.02522214e+00  1.84248548e+03  4.57702777e-01  4.99553779e+00
  1.85550695e+03  2.03533261e-01  4.54884003e+00  1.86610250e+03
  6.03587820e-01  4.67650621e+00  1.87754838e+03  1.00458234e+00
  5.37979239e+00  1.89003625e+03  3.06917240e-01  4.50944454e+00
  1.90092816e+03  6.52454948e-01  5.32574152e+00  1.91260019e+03
  5.53726461e-01  4.45900545e+00]
Final MSE: 35173.67171171496
R² = 0.26
Initial loss: 40194.75626336267
Iteration 10000: T=9.0001, Loss=35212.41919494121
Iteration 20000: T=8.0001, Loss=35200.582458556775
Iteration 30000: T=7.0001, Loss=35198.10398748834
Iteration 40000: T=6.0001, Loss=35199.75642827789
Iteration 50000: T=5.000100000000001, Loss=35198.65763258434
Iteration 60000: T=4.0001, Loss=35201.07165534715
Iteration 70000: T=3.0000999999999998, Loss=35199.66905576862
Iteration 80000: T=2.0001, Loss=35198.4835215443
Iteration 90000: T=1.0001000000000004, Loss=35192.87893268201
Iteration 100000: T=9.99999999995449e-05, Loss=35188.48562885777
Tuning complete. MSE at tuned parameters: 35188.48562885777
Initial loss: 35753.78425350092
Iteration 10000: T=9.333400000000001, Loss=35200.93634330551
Iteration 20000: T=8.666733333333333, Loss=35216.01354615456
Iteration 30000: T=8.000066666666667, Loss=35199.87351381505
Iteration 40000: T=7.3334, Loss=35223.49001301181
Iteration 50000: T=6.666733333333333, Loss=35201.75103581104
Iteration 60000: T=6.000066666666667, Loss=35202.158125099144
Iteration 70000: T=5.333399999999999, Loss=35201.77269433685
Iteration 80000: T=4.666733333333334, Loss=35204.83462968553
Iteration 90000: T=4.000066666666666, Loss=35204.34118180741
Iteration 100000: T=3.3333999999999997, Loss=35204.68010672254
Iteration 110000: T=2.666733333333333, Loss=35205.00245945134
Iteration 120000: T=2.0000666666666667, Loss=35202.19076335158
Iteration 130000: T=1.3334000000000001, Loss=35205.55869001883
Iteration 140000: T=0.6667333333333336, Loss=35201.6001161326
Iteration 150000: T=6.666666666710341e-05, Loss=35195.14584871082
Initial loss: 39070.21169534553
Iteration 10000: T=9.333400000000001, Loss=35195.42810223586
Iteration 20000: T=8.666733333333333, Loss=35199.91254212768
Iteration 30000: T=8.000066666666667, Loss=35203.04608662072
Iteration 40000: T=7.3334, Loss=35209.79326001146
Iteration 50000: T=6.666733333333333, Loss=35214.230705920956
Iteration 60000: T=6.000066666666667, Loss=35205.922758823566
Iteration 70000: T=5.333399999999999, Loss=35199.851057998414
Iteration 80000: T=4.666733333333334, Loss=35194.46556594988
Iteration 90000: T=4.000066666666666, Loss=35189.89619866845
Iteration 100000: T=3.3333999999999997, Loss=35192.24537189766
Iteration 110000: T=2.666733333333333, Loss=35197.389554290865
Iteration 120000: T=2.0000666666666667, Loss=35194.500270093624
Iteration 130000: T=1.3334000000000001, Loss=35196.03568165466
Iteration 140000: T=0.6667333333333336, Loss=35192.27107471885
Iteration 150000: T=6.666666666710341e-05, Loss=35186.09920246858
Initial loss: 43513.6556916441
Iteration 10000: T=9.333400000000001, Loss=35178.95832808048
Iteration 20000: T=8.666733333333333, Loss=35178.68875783984
Iteration 30000: T=8.000066666666667, Loss=35188.249344911026
Iteration 40000: T=7.3334, Loss=35181.58997007531
Iteration 50000: T=6.666733333333333, Loss=35183.273792034954
Iteration 60000: T=6.000066666666667, Loss=35183.99912603611
Iteration 70000: T=5.333399999999999, Loss=35177.18585750371
Iteration 80000: T=4.666733333333334, Loss=35180.21685363563
Iteration 90000: T=4.000066666666666, Loss=35181.35114483339
Iteration 100000: T=3.3333999999999997, Loss=35178.275849633734
Iteration 110000: T=2.666733333333333, Loss=35182.612740719866
Iteration 120000: T=2.0000666666666667, Loss=35185.74862656537
Iteration 130000: T=1.3334000000000001, Loss=35182.294389874914
Iteration 140000: T=0.6667333333333336, Loss=35179.06384095105
Iteration 150000: T=6.666666666710341e-05, Loss=35175.59227811871
Initial loss: 35654.12642807381
Iteration 10000: T=9.333400000000001, Loss=35191.08795237337
Iteration 20000: T=8.666733333333333, Loss=35189.830452236085
Iteration 30000: T=8.000066666666667, Loss=35190.613576476964
Iteration 40000: T=7.3334, Loss=35186.771745803344
Iteration 50000: T=6.666733333333333, Loss=35185.51202788578
Iteration 60000: T=6.000066666666667, Loss=35190.13673943978
Iteration 70000: T=5.333399999999999, Loss=35186.551927703964
Iteration 80000: T=4.666733333333334, Loss=35188.91773634698
Iteration 90000: T=4.000066666666666, Loss=35196.609361296665
Iteration 100000: T=3.3333999999999997, Loss=35185.79761380888
Iteration 110000: T=2.666733333333333, Loss=35197.20044016127
Iteration 120000: T=2.0000666666666667, Loss=35193.40344316928
Iteration 130000: T=1.3334000000000001, Loss=35185.347430302776
Iteration 140000: T=0.6667333333333336, Loss=35184.97596667959
Iteration 150000: T=6.666666666710341e-05, Loss=35183.12836131736
Initial loss: 35847.57979413998
Iteration 10000: T=9.333400000000001, Loss=35202.52499646577
Iteration 20000: T=8.666733333333333, Loss=35185.87921167648
Iteration 30000: T=8.000066666666667, Loss=35194.57374638517
Iteration 40000: T=7.3334, Loss=35199.66957887642
Iteration 50000: T=6.666733333333333, Loss=35190.12947495265
Iteration 60000: T=6.000066666666667, Loss=35187.32596571456
Iteration 70000: T=5.333399999999999, Loss=35192.16944602698
Iteration 80000: T=4.666733333333334, Loss=35184.93431865544
Iteration 90000: T=4.000066666666666, Loss=35184.94085623559
Iteration 100000: T=3.3333999999999997, Loss=35181.41237678634
Iteration 110000: T=2.666733333333333, Loss=35178.73200282906
Iteration 120000: T=2.0000666666666667, Loss=35175.914734723476
Iteration 130000: T=1.3334000000000001, Loss=35173.40503536157
Iteration 140000: T=0.6667333333333336, Loss=35168.52040797119
Iteration 150000: T=6.666666666710341e-05, Loss=35166.70736479467
Center of mass parameters: [1.80950413e+03 5.59762148e-01 4.75600882e+00 1.82254255e+03
 1.89560089e+00 5.16861058e+00 1.83233329e+03 4.60789459e-01
 5.72475646e+00 1.84282469e+03 1.58409557e+00 5.62930121e+00
 1.85481926e+03 2.28985773e-01 5.09208557e+00 1.86556807e+03
 1.07685193e+00 4.97401771e+00 1.87871319e+03 6.08162241e-01
 4.35072979e+00 1.88853944e+03 5.95141518e-01 5.29646007e+00
 1.90218587e+03 1.15706770e+00 5.41688628e+00 1.91369809e+03
 3.54500247e-01 5.25112779e+00]
Final MSE: 35185.03880381001
R² = 0.05
Initial loss: 40194.75626336267
Iteration 10000: T=9.0001, Loss=35201.30610124356
Iteration 20000: T=8.0001, Loss=35208.16309164205
Iteration 30000: T=7.0001, Loss=35202.86631352589
Iteration 40000: T=6.0001, Loss=35208.1834301425
Iteration 50000: T=5.000100000000001, Loss=35190.889886471916
Iteration 60000: T=4.0001, Loss=35187.360776959875
Iteration 70000: T=3.0000999999999998, Loss=35183.122691778786
Iteration 80000: T=2.0001, Loss=35180.48383419342
Iteration 90000: T=1.0001000000000004, Loss=35178.75938978663
Iteration 100000: T=9.99999999995449e-05, Loss=35175.18282818381
Tuning complete. MSE at tuned parameters: 35175.18282818381
Initial loss: 35255.07756088088
Iteration 10000: T=9.333400000000001, Loss=35195.050707368144
Iteration 20000: T=8.666733333333333, Loss=35181.295443783456
Iteration 30000: T=8.000066666666667, Loss=35187.50955231296
Iteration 40000: T=7.3334, Loss=35203.559636549726
Iteration 50000: T=6.666733333333333, Loss=35181.78998242877
Iteration 60000: T=6.000066666666667, Loss=35177.411449976054
Iteration 70000: T=5.333399999999999, Loss=35183.513125374804
Iteration 80000: T=4.666733333333334, Loss=35182.99449265706
Iteration 90000: T=4.000066666666666, Loss=35189.08156562178
Iteration 100000: T=3.3333999999999997, Loss=35191.136069151435
Iteration 110000: T=2.666733333333333, Loss=35184.68500810384
Iteration 120000: T=2.0000666666666667, Loss=35188.06463540616
Iteration 130000: T=1.3334000000000001, Loss=35181.34986110075
Iteration 140000: T=0.6667333333333336, Loss=35179.0866563758
Iteration 150000: T=6.666666666710341e-05, Loss=35176.86317477139
Initial loss: 35240.865048208616
Iteration 10000: T=9.333400000000001, Loss=35184.06774579734
Iteration 20000: T=8.666733333333333, Loss=35178.369003848056
Iteration 30000: T=8.000066666666667, Loss=35178.50739875038
Iteration 40000: T=7.3334, Loss=35169.563131767354
Iteration 50000: T=6.666733333333333, Loss=35171.302636155306
Iteration 60000: T=6.000066666666667, Loss=35168.50268539492
Iteration 70000: T=5.333399999999999, Loss=35168.474883867915
Iteration 80000: T=4.666733333333334, Loss=35185.98005181673
Iteration 90000: T=4.000066666666666, Loss=35171.01377240121
Iteration 100000: T=3.3333999999999997, Loss=35173.040942042804
Iteration 110000: T=2.666733333333333, Loss=35175.203830632825
Iteration 120000: T=2.0000666666666667, Loss=35169.953141430764
Iteration 130000: T=1.3334000000000001, Loss=35169.848332226306
Iteration 140000: T=0.6667333333333336, Loss=35169.43973422161
Iteration 150000: T=6.666666666710341e-05, Loss=35161.743776154646
Initial loss: 35312.33434241782
Iteration 10000: T=9.333400000000001, Loss=35202.50014737066
Iteration 20000: T=8.666733333333333, Loss=35180.89928888615
Iteration 30000: T=8.000066666666667, Loss=35179.60713391873
Iteration 40000: T=7.3334, Loss=35202.95963024894
Iteration 50000: T=6.666733333333333, Loss=35174.129410474015
Iteration 60000: T=6.000066666666667, Loss=35179.47372393466
Iteration 70000: T=5.333399999999999, Loss=35189.541832179086
Iteration 80000: T=4.666733333333334, Loss=35182.018364066964
Iteration 90000: T=4.000066666666666, Loss=35180.47917391923
Iteration 100000: T=3.3333999999999997, Loss=35175.38994980188
Iteration 110000: T=2.666733333333333, Loss=35172.064403554614
Iteration 120000: T=2.0000666666666667, Loss=35171.13904544558
Iteration 130000: T=1.3334000000000001, Loss=35166.216293184094
Iteration 140000: T=0.6667333333333336, Loss=35162.590309841515
Iteration 150000: T=6.666666666710341e-05, Loss=35158.23744874953
Initial loss: 39367.43759720532
Iteration 10000: T=9.333400000000001, Loss=35196.91313394863
Iteration 20000: T=8.666733333333333, Loss=35180.18941859538
Iteration 30000: T=8.000066666666667, Loss=35179.49850980064
Iteration 40000: T=7.3334, Loss=35171.60847802527
Iteration 50000: T=6.666733333333333, Loss=35173.667507622806
Iteration 60000: T=6.000066666666667, Loss=35183.48505996716
Iteration 70000: T=5.333399999999999, Loss=35169.944993824276
Iteration 80000: T=4.666733333333334, Loss=35164.98606449855
Iteration 90000: T=4.000066666666666, Loss=35166.28236791443
Iteration 100000: T=3.3333999999999997, Loss=35166.234723025686
Iteration 110000: T=2.666733333333333, Loss=35164.256967513575
Iteration 120000: T=2.0000666666666667, Loss=35162.65614978374
Iteration 130000: T=1.3334000000000001, Loss=35162.79324350186
Iteration 140000: T=0.6667333333333336, Loss=35158.743819575815
Iteration 150000: T=6.666666666710341e-05, Loss=35154.9075369148
Initial loss: 46905.483441961085
Iteration 10000: T=9.333400000000001, Loss=35180.602965005266
Iteration 20000: T=8.666733333333333, Loss=35182.53633562651
Iteration 30000: T=8.000066666666667, Loss=35241.03638790739
Iteration 40000: T=7.3334, Loss=35175.87591899769
Iteration 50000: T=6.666733333333333, Loss=35184.03116641298
Iteration 60000: T=6.000066666666667, Loss=35181.73645747291
Iteration 70000: T=5.333399999999999, Loss=35177.75182969552
Iteration 80000: T=4.666733333333334, Loss=35177.47958833494
Iteration 90000: T=4.000066666666666, Loss=35180.761113038716
Iteration 100000: T=3.3333999999999997, Loss=35178.09078402169
Iteration 110000: T=2.666733333333333, Loss=35179.19297955364
Iteration 120000: T=2.0000666666666667, Loss=35174.9365639583
Iteration 130000: T=1.3334000000000001, Loss=35176.225047643915
Iteration 140000: T=0.6667333333333336, Loss=35172.28000933547
Iteration 150000: T=6.666666666710341e-05, Loss=35169.65923015722
Center of mass parameters: [ 1.80815258e+03  4.45953717e-01  5.11161178e+00  1.82224461e+03
  2.94403327e-01  5.46437442e+00  1.83192054e+03  1.12346078e+00
  6.16648189e+00  1.84214905e+03 -8.14917180e-02  5.02687069e+00
  1.85516405e+03  2.16358912e-01  4.82097593e+00  1.86766135e+03
  3.56897402e-01  3.74182046e+00  1.87727933e+03  8.66359358e-01
  4.46949274e+00  1.88809847e+03 -3.28822989e-02  5.12050339e+00
  1.90225218e+03  1.45517275e+00  4.44681232e+00  1.91279508e+03
  2.99556045e-01  5.09877351e+00]
Final MSE: 35168.40599617953
R² = 0.00
Initial loss: 40194.75626336267
Iteration 10000: T=9.0001, Loss=35219.90777096721
Iteration 20000: T=8.0001, Loss=35205.5700218801
Iteration 30000: T=7.0001, Loss=35195.501775439196
Iteration 40000: T=6.0001, Loss=35194.43051202186
Iteration 50000: T=5.000100000000001, Loss=35190.395434001126
Iteration 60000: T=4.0001, Loss=35190.74726458974
Iteration 70000: T=3.0000999999999998, Loss=35192.40147670585
Iteration 80000: T=2.0001, Loss=35187.584673353194
Iteration 90000: T=1.0001000000000004, Loss=35179.139908502955
Iteration 100000: T=9.99999999995449e-05, Loss=35175.409246687545
Tuning complete. MSE at tuned parameters: 35175.409246687545
Initial loss: 42839.25159307145
Iteration 10000: T=9.333400000000001, Loss=35189.143133559446
Iteration 20000: T=8.666733333333333, Loss=35187.88874320579
Iteration 30000: T=8.000066666666667, Loss=35185.373707489525
Iteration 40000: T=7.3334, Loss=35187.95662569651
Iteration 50000: T=6.666733333333333, Loss=35187.7179104926
Iteration 60000: T=6.000066666666667, Loss=35184.599441514954
Iteration 70000: T=5.333399999999999, Loss=35175.98021427379
Iteration 80000: T=4.666733333333334, Loss=35184.51123991612
Iteration 90000: T=4.000066666666666, Loss=35180.2912057619
Iteration 100000: T=3.3333999999999997, Loss=35179.35625752197
Iteration 110000: T=2.666733333333333, Loss=35179.08472452637
Iteration 120000: T=2.0000666666666667, Loss=35171.167509389736
Iteration 130000: T=1.3334000000000001, Loss=35167.934871945996
Iteration 140000: T=0.6667333333333336, Loss=35166.06542038865
Iteration 150000: T=6.666666666710341e-05, Loss=35161.488795133584
Initial loss: 37274.44654192706
Iteration 10000: T=9.333400000000001, Loss=35181.386125340454
Iteration 20000: T=8.666733333333333, Loss=35175.60731554996
Iteration 30000: T=8.000066666666667, Loss=35178.61005268101
Iteration 40000: T=7.3334, Loss=35174.427261430836
Iteration 50000: T=6.666733333333333, Loss=35167.51580787217
Iteration 60000: T=6.000066666666667, Loss=35181.49633384157
Iteration 70000: T=5.333399999999999, Loss=35175.94093241877
Iteration 80000: T=4.666733333333334, Loss=35169.815536250455
Iteration 90000: T=4.000066666666666, Loss=35174.16530374094
Iteration 100000: T=3.3333999999999997, Loss=35173.8734816479
Iteration 110000: T=2.666733333333333, Loss=35168.449903022905
Iteration 120000: T=2.0000666666666667, Loss=35171.16874445144
Iteration 130000: T=1.3334000000000001, Loss=35172.26612185241
Iteration 140000: T=0.6667333333333336, Loss=35172.296435514225
Iteration 150000: T=6.666666666710341e-05, Loss=35165.001683420465
Initial loss: 39386.90222752584
Iteration 10000: T=9.333400000000001, Loss=35173.34548837563
Iteration 20000: T=8.666733333333333, Loss=35170.579397127796
Iteration 30000: T=8.000066666666667, Loss=35169.34360528006
Iteration 40000: T=7.3334, Loss=35164.71669943413
Iteration 50000: T=6.666733333333333, Loss=35162.00857714856
Iteration 60000: T=6.000066666666667, Loss=35169.9191860097
Iteration 70000: T=5.333399999999999, Loss=35162.95376002159
Iteration 80000: T=4.666733333333334, Loss=35166.56562360873
Iteration 90000: T=4.000066666666666, Loss=35161.806594127214
Iteration 100000: T=3.3333999999999997, Loss=35167.25547176074
Iteration 110000: T=2.666733333333333, Loss=35163.13209618192
Iteration 120000: T=2.0000666666666667, Loss=35161.95856452794
Iteration 130000: T=1.3334000000000001, Loss=35157.82766783972
Iteration 140000: T=0.6667333333333336, Loss=35150.39848400307
Iteration 150000: T=6.666666666710341e-05, Loss=35149.08956972933
Initial loss: 35962.13020048715
Iteration 10000: T=9.333400000000001, Loss=35197.70505060396
Iteration 20000: T=8.666733333333333, Loss=35196.37069258672
Iteration 30000: T=8.000066666666667, Loss=35205.968681961145
Iteration 40000: T=7.3334, Loss=35192.0563308143
Iteration 50000: T=6.666733333333333, Loss=35216.18332933925
Iteration 60000: T=6.000066666666667, Loss=35184.6465365736
Iteration 70000: T=5.333399999999999, Loss=35185.73510377205
Iteration 80000: T=4.666733333333334, Loss=35184.03049085387
Iteration 90000: T=4.000066666666666, Loss=35190.66121965125
Iteration 100000: T=3.3333999999999997, Loss=35184.049469111975
Iteration 110000: T=2.666733333333333, Loss=35186.094083562115
Iteration 120000: T=2.0000666666666667, Loss=35184.6320965687
Iteration 130000: T=1.3334000000000001, Loss=35180.92466702417
Iteration 140000: T=0.6667333333333336, Loss=35180.03323835301
Iteration 150000: T=6.666666666710341e-05, Loss=35174.576131060094
Initial loss: 37878.54759052314
Iteration 10000: T=9.333400000000001, Loss=35167.985487062695
Iteration 20000: T=8.666733333333333, Loss=35171.377250726335
Iteration 30000: T=8.000066666666667, Loss=35178.22587733541
Iteration 40000: T=7.3334, Loss=35172.73770869947
Iteration 50000: T=6.666733333333333, Loss=35180.72868224256
Iteration 60000: T=6.000066666666667, Loss=35160.26667684448
Iteration 70000: T=5.333399999999999, Loss=35159.4646237065
Iteration 80000: T=4.666733333333334, Loss=35165.64449612845
Iteration 90000: T=4.000066666666666, Loss=35156.979972487374
Iteration 100000: T=3.3333999999999997, Loss=35159.07859225354
Iteration 110000: T=2.666733333333333, Loss=35156.22046662708
Iteration 120000: T=2.0000666666666667, Loss=35155.280885228654
Iteration 130000: T=1.3334000000000001, Loss=35153.03646180864
Iteration 140000: T=0.6667333333333336, Loss=35149.08964396617
Iteration 150000: T=6.666666666710341e-05, Loss=35144.87654281508
Center of mass parameters: [ 1.80921151e+03  7.32394843e-01  4.43339416e+00  1.82180109e+03
 -2.33276960e-01  5.21820723e+00  1.83194012e+03  1.80454366e+00
  5.48905369e+00  1.84219801e+03 -3.47837451e-02  5.89799774e+00
  1.85493800e+03  2.24390848e-01  4.99378733e+00  1.86785480e+03
  4.53676068e-01  5.13571622e+00  1.87678816e+03 -3.39321558e-01
  4.56988659e+00  1.88796911e+03  9.11665839e-01  4.34336911e+00
  1.90090078e+03  6.21423307e-01  4.34968974e+00  1.91203158e+03
  9.44877688e-01  4.94146883e+00]
Final MSE: 35163.72133946641
R² = 0.00
Initial loss: 40194.75626336267
Iteration 10000: T=9.0001, Loss=35201.47763826364
Iteration 20000: T=8.0001, Loss=35198.39642700871
Iteration 30000: T=7.0001, Loss=35203.66742000994
Iteration 40000: T=6.0001, Loss=35193.71512694343
Iteration 50000: T=5.000100000000001, Loss=35195.27895102715
Iteration 60000: T=4.0001, Loss=35206.50813746601
Iteration 70000: T=3.0000999999999998, Loss=35191.37260305626
Iteration 80000: T=2.0001, Loss=35191.420544728586
Iteration 90000: T=1.0001000000000004, Loss=35188.74367481053
Iteration 100000: T=9.99999999995449e-05, Loss=35184.19440934667
Tuning complete. MSE at tuned parameters: 35184.19440934667
Initial loss: 38881.82367441534
Iteration 10000: T=9.333400000000001, Loss=35202.809278420114
Iteration 20000: T=8.666733333333333, Loss=35201.580964553614
Iteration 30000: T=8.000066666666667, Loss=35218.19236158249
Iteration 40000: T=7.3334, Loss=35188.68824930824
Iteration 50000: T=6.666733333333333, Loss=35195.03890697217
Iteration 60000: T=6.000066666666667, Loss=35190.68562573796
Iteration 70000: T=5.333399999999999, Loss=35186.791913134984
Iteration 80000: T=4.666733333333334, Loss=35184.07584404268
Iteration 90000: T=4.000066666666666, Loss=35182.91764829153
Iteration 100000: T=3.3333999999999997, Loss=35182.583779754284
Iteration 110000: T=2.666733333333333, Loss=35180.58094074023
Iteration 120000: T=2.0000666666666667, Loss=35183.03084411218
Iteration 130000: T=1.3334000000000001, Loss=35178.68036042969
Iteration 140000: T=0.6667333333333336, Loss=35175.33265437364
Iteration 150000: T=6.666666666710341e-05, Loss=35172.66320010605
Initial loss: 35575.08623235176
Iteration 10000: T=9.333400000000001, Loss=35203.16890519015
Iteration 20000: T=8.666733333333333, Loss=35193.25890407092
Iteration 30000: T=8.000066666666667, Loss=35184.53343816483
Iteration 40000: T=7.3334, Loss=35190.74807864195
Iteration 50000: T=6.666733333333333, Loss=35192.44404366112
Iteration 60000: T=6.000066666666667, Loss=35189.41703917982
Iteration 70000: T=5.333399999999999, Loss=35183.888636210206
Iteration 80000: T=4.666733333333334, Loss=35185.75410959194
Iteration 90000: T=4.000066666666666, Loss=35184.00991607598
Iteration 100000: T=3.3333999999999997, Loss=35183.114186551444
Iteration 110000: T=2.666733333333333, Loss=35176.73551770955
Iteration 120000: T=2.0000666666666667, Loss=35178.29950765934
Iteration 130000: T=1.3334000000000001, Loss=35181.50405801816
Iteration 140000: T=0.6667333333333336, Loss=35178.91616510802
Iteration 150000: T=6.666666666710341e-05, Loss=35177.1578598887
Initial loss: 44217.08287902817
Iteration 10000: T=9.333400000000001, Loss=35203.608098862045
Iteration 20000: T=8.666733333333333, Loss=35197.8279783871
Iteration 30000: T=8.000066666666667, Loss=35191.69386177598
Iteration 40000: T=7.3334, Loss=35177.20467114299
Iteration 50000: T=6.666733333333333, Loss=35175.82784741406
Iteration 60000: T=6.000066666666667, Loss=35184.54580519157
Iteration 70000: T=5.333399999999999, Loss=35172.9226858565
Iteration 80000: T=4.666733333333334, Loss=35180.5701113379
Iteration 90000: T=4.000066666666666, Loss=35177.53500849201
Iteration 100000: T=3.3333999999999997, Loss=35171.15501852851
Iteration 110000: T=2.666733333333333, Loss=35170.39539892109
Iteration 120000: T=2.0000666666666667, Loss=35166.17398832769
Iteration 130000: T=1.3334000000000001, Loss=35166.777280254886
Iteration 140000: T=0.6667333333333336, Loss=35164.238886145
Iteration 150000: T=6.666666666710341e-05, Loss=35162.72585211029
Initial loss: 41243.97793791417
Iteration 10000: T=9.333400000000001, Loss=35195.574685009975
Iteration 20000: T=8.666733333333333, Loss=35183.97800521216
Iteration 30000: T=8.000066666666667, Loss=35188.749695604994
Iteration 40000: T=7.3334, Loss=35181.060717022214
Iteration 50000: T=6.666733333333333, Loss=35175.15301763284
Iteration 60000: T=6.000066666666667, Loss=35188.969115844135
Iteration 70000: T=5.333399999999999, Loss=35177.59177212442
Iteration 80000: T=4.666733333333334, Loss=35189.14252000805
Iteration 90000: T=4.000066666666666, Loss=35184.47000827114
Iteration 100000: T=3.3333999999999997, Loss=35189.68822450252
Iteration 110000: T=2.666733333333333, Loss=35181.57520654788
Iteration 120000: T=2.0000666666666667, Loss=35180.05847519842
Iteration 130000: T=1.3334000000000001, Loss=35175.721099921764
Iteration 140000: T=0.6667333333333336, Loss=35174.850821322405
Iteration 150000: T=6.666666666710341e-05, Loss=35170.70027354636
Initial loss: 40989.15092968536
Iteration 10000: T=9.333400000000001, Loss=35225.07254183658
Iteration 20000: T=8.666733333333333, Loss=35180.70820753164
Iteration 30000: T=8.000066666666667, Loss=35178.44364131488
Iteration 40000: T=7.3334, Loss=35184.668121415954
Iteration 50000: T=6.666733333333333, Loss=35179.159137834795
Iteration 60000: T=6.000066666666667, Loss=35175.30007631958
Iteration 70000: T=5.333399999999999, Loss=35193.03486840822
Iteration 80000: T=4.666733333333334, Loss=35172.09690088373
Iteration 90000: T=4.000066666666666, Loss=35178.1727661165
Iteration 100000: T=3.3333999999999997, Loss=35174.77726735054
Iteration 110000: T=2.666733333333333, Loss=35177.824664155094
Iteration 120000: T=2.0000666666666667, Loss=35175.965113910206
Iteration 130000: T=1.3334000000000001, Loss=35173.26912807298
Iteration 140000: T=0.6667333333333336, Loss=35169.19927524611
Iteration 150000: T=6.666666666710341e-05, Loss=35166.98252691583
Center of mass parameters: [1.80999560e+03 8.19448301e-01 4.81567998e+00 1.82233889e+03
 8.60893897e-01 4.05131436e+00 1.83307090e+03 1.06001773e+00
 4.82383461e+00 1.84206929e+03 1.11520459e-01 3.62173373e+00
 1.85527832e+03 2.12230647e-01 4.73232331e+00 1.86635440e+03
 2.46655079e-01 5.14388698e+00 1.87744875e+03 1.19422687e+00
 6.27216890e+00 1.88905304e+03 2.82568034e-01 4.21321334e+00
 1.90158445e+03 1.69177205e-01 6.29254684e+00 1.91238573e+03
 3.29303214e-01 5.57530138e+00]
Final MSE: 35173.78315108649
R² = 0.04
Initial loss: 40194.75626336267
Iteration 10000: T=9.0001, Loss=35199.41664842046
Iteration 20000: T=8.0001, Loss=35194.90162333672
Iteration 30000: T=7.0001, Loss=35217.96890559752
Iteration 40000: T=6.0001, Loss=35187.82170219556
Iteration 50000: T=5.000100000000001, Loss=35194.53929862759
Iteration 60000: T=4.0001, Loss=35202.4520266595
Iteration 70000: T=3.0000999999999998, Loss=35191.02943596228
Iteration 80000: T=2.0001, Loss=35192.236525080865
Iteration 90000: T=1.0001000000000004, Loss=35189.529895338776
Iteration 100000: T=9.99999999995449e-05, Loss=35184.70538357736
Tuning complete. MSE at tuned parameters: 35184.70538357736
Initial loss: 40601.70661185734
Iteration 10000: T=9.333400000000001, Loss=35182.21085842083
Iteration 20000: T=8.666733333333333, Loss=35186.35812383771
Iteration 30000: T=8.000066666666667, Loss=35188.05159343759
Iteration 40000: T=7.3334, Loss=35184.30255827561
Iteration 50000: T=6.666733333333333, Loss=35178.5655632357
Iteration 60000: T=6.000066666666667, Loss=35184.281683057
Iteration 70000: T=5.333399999999999, Loss=35187.77181102265
Iteration 80000: T=4.666733333333334, Loss=35179.01910552068
Iteration 90000: T=4.000066666666666, Loss=35180.40210728047
Iteration 100000: T=3.3333999999999997, Loss=35176.58665803166
Iteration 110000: T=2.666733333333333, Loss=35173.426646346255
Iteration 120000: T=2.0000666666666667, Loss=35172.00150432465
Iteration 130000: T=1.3334000000000001, Loss=35169.913799864364
Iteration 140000: T=0.6667333333333336, Loss=35169.591058453516
Iteration 150000: T=6.666666666710341e-05, Loss=35168.227414051304
Initial loss: 38967.240549554794
Iteration 10000: T=9.333400000000001, Loss=35186.79833826887
Iteration 20000: T=8.666733333333333, Loss=35206.5095213256
Iteration 30000: T=8.000066666666667, Loss=35199.573612382796
Iteration 40000: T=7.3334, Loss=35198.39455999057
Iteration 50000: T=6.666733333333333, Loss=35191.68604929799
Iteration 60000: T=6.000066666666667, Loss=35178.4877970132
Iteration 70000: T=5.333399999999999, Loss=35176.51531228021
Iteration 80000: T=4.666733333333334, Loss=35175.22785290135
Iteration 90000: T=4.000066666666666, Loss=35177.775552697545
Iteration 100000: T=3.3333999999999997, Loss=35173.72534159815
Iteration 110000: T=2.666733333333333, Loss=35175.27747363203
Iteration 120000: T=2.0000666666666667, Loss=35170.98524299004
Iteration 130000: T=1.3334000000000001, Loss=35167.62438386468
Iteration 140000: T=0.6667333333333336, Loss=35163.71084671654
Iteration 150000: T=6.666666666710341e-05, Loss=35160.388747576
Initial loss: 37953.51114097553
Iteration 10000: T=9.333400000000001, Loss=35185.16058366198
Iteration 20000: T=8.666733333333333, Loss=35193.84532538398
Iteration 30000: T=8.000066666666667, Loss=35183.07797717144
Iteration 40000: T=7.3334, Loss=35200.62093810263
Iteration 50000: T=6.666733333333333, Loss=35192.74045258667
Iteration 60000: T=6.000066666666667, Loss=35183.71432728184
Iteration 70000: T=5.333399999999999, Loss=35184.4955912308
Iteration 80000: T=4.666733333333334, Loss=35191.19164929532
Iteration 90000: T=4.000066666666666, Loss=35178.29658909382
Iteration 100000: T=3.3333999999999997, Loss=35178.26924744347
Iteration 110000: T=2.666733333333333, Loss=35175.218128154906
Iteration 120000: T=2.0000666666666667, Loss=35171.9081311996
Iteration 130000: T=1.3334000000000001, Loss=35173.82322147394
Iteration 140000: T=0.6667333333333336, Loss=35174.1107835968
Iteration 150000: T=6.666666666710341e-05, Loss=35168.650374789024
Initial loss: 71229.18550893351
Iteration 10000: T=9.333400000000001, Loss=35188.49296160322
Iteration 20000: T=8.666733333333333, Loss=35180.828939192215
Iteration 30000: T=8.000066666666667, Loss=35186.493264296885
Iteration 40000: T=7.3334, Loss=35200.742571482006
Iteration 50000: T=6.666733333333333, Loss=35189.548001994845
Iteration 60000: T=6.000066666666667, Loss=35187.20741639491
Iteration 70000: T=5.333399999999999, Loss=35198.08089712022
Iteration 80000: T=4.666733333333334, Loss=35177.93563791831
Iteration 90000: T=4.000066666666666, Loss=35183.57941412613
Iteration 100000: T=3.3333999999999997, Loss=35175.70607537149
Iteration 110000: T=2.666733333333333, Loss=35173.37072293517
Iteration 120000: T=2.0000666666666667, Loss=35170.79383588091
Iteration 130000: T=1.3334000000000001, Loss=35170.12569570293
Iteration 140000: T=0.6667333333333336, Loss=35165.589622149404
Iteration 150000: T=6.666666666710341e-05, Loss=35161.95733478437
Initial loss: 36379.014037549496
Iteration 10000: T=9.333400000000001, Loss=35188.1575991539
Iteration 20000: T=8.666733333333333, Loss=35217.98108336481
Iteration 30000: T=8.000066666666667, Loss=35182.59470358209
Iteration 40000: T=7.3334, Loss=35187.919430320515
Iteration 50000: T=6.666733333333333, Loss=35185.33117314696
Iteration 60000: T=6.000066666666667, Loss=35179.4309722682
Iteration 70000: T=5.333399999999999, Loss=35183.60662619209
Iteration 80000: T=4.666733333333334, Loss=35180.45496357375
Iteration 90000: T=4.000066666666666, Loss=35183.28690731392
Iteration 100000: T=3.3333999999999997, Loss=35182.891404585556
Iteration 110000: T=2.666733333333333, Loss=35178.121182570794
Iteration 120000: T=2.0000666666666667, Loss=35175.57381533457
Iteration 130000: T=1.3334000000000001, Loss=35174.89926093831
Iteration 140000: T=0.6667333333333336, Loss=35174.666707545766
Iteration 150000: T=6.666666666710341e-05, Loss=35168.7214609803
Center of mass parameters: [ 1.80939261e+03 -2.87000197e-01  6.80527947e+00  1.82278944e+03
  1.23415763e+00  4.61685988e+00  1.83155941e+03  8.45994258e-02
  4.13241943e+00  1.84179306e+03  7.90816908e-01  5.09353309e+00
  1.85515067e+03  2.17041688e-01  4.83469471e+00  1.86645185e+03
  5.17942506e-02  4.75461942e+00  1.87763850e+03  1.99911087e-01
  5.19127207e+00  1.88866231e+03  3.50120061e-01  4.67326803e+00
  1.90185594e+03 -4.23778890e-02  4.92310506e+00  1.91263490e+03
  9.73631810e-01  4.71644206e+00]
Final MSE: 35169.211410625125
R² = 0.18
Initial loss: 40194.75626336267
Iteration 10000: T=9.0001, Loss=35196.4309687393
Iteration 20000: T=8.0001, Loss=35203.05906194958
Iteration 30000: T=7.0001, Loss=35204.88748700701
Iteration 40000: T=6.0001, Loss=35197.53951215566
Iteration 50000: T=5.000100000000001, Loss=35201.43321781506
Iteration 60000: T=4.0001, Loss=35202.37541572567
Iteration 70000: T=3.0000999999999998, Loss=35198.6727841766
Iteration 80000: T=2.0001, Loss=35204.181035985304
Iteration 90000: T=1.0001000000000004, Loss=35200.57070474214
Iteration 100000: T=9.99999999995449e-05, Loss=35194.98692801738
Tuning complete. MSE at tuned parameters: 35194.98692801738
Initial loss: 38294.593051091426
Iteration 10000: T=9.333400000000001, Loss=35200.2521188134
Iteration 20000: T=8.666733333333333, Loss=35230.24994219387
Iteration 30000: T=8.000066666666667, Loss=35201.24537254275
Iteration 40000: T=7.3334, Loss=35203.41802419583
Iteration 50000: T=6.666733333333333, Loss=35205.955135673634
Iteration 60000: T=6.000066666666667, Loss=35197.07804263649
Iteration 70000: T=5.333399999999999, Loss=35199.61988090243
Iteration 80000: T=4.666733333333334, Loss=35201.98296904757
Iteration 90000: T=4.000066666666666, Loss=35198.05311864298
Iteration 100000: T=3.3333999999999997, Loss=35199.4834156828
Iteration 110000: T=2.666733333333333, Loss=35193.29140199501
Iteration 120000: T=2.0000666666666667, Loss=35193.61912526704
Iteration 130000: T=1.3334000000000001, Loss=35195.25048913966
Iteration 140000: T=0.6667333333333336, Loss=35195.870059662244
Iteration 150000: T=6.666666666710341e-05, Loss=35190.93139921969
Initial loss: 35513.327631237284
Iteration 10000: T=9.333400000000001, Loss=35212.88265710393
Iteration 20000: T=8.666733333333333, Loss=35202.158675433406
Iteration 30000: T=8.000066666666667, Loss=35211.153433982065
Iteration 40000: T=7.3334, Loss=35199.83307020842
Iteration 50000: T=6.666733333333333, Loss=35194.83000561649
Iteration 60000: T=6.000066666666667, Loss=35199.65219526358
Iteration 70000: T=5.333399999999999, Loss=35203.460209643286
Iteration 80000: T=4.666733333333334, Loss=35193.69642714352
Iteration 90000: T=4.000066666666666, Loss=35197.539806522276
Iteration 100000: T=3.3333999999999997, Loss=35191.09952174786
Iteration 110000: T=2.666733333333333, Loss=35198.994996799214
Iteration 120000: T=2.0000666666666667, Loss=35191.503756763486
Iteration 130000: T=1.3334000000000001, Loss=35189.88665323673
Iteration 140000: T=0.6667333333333336, Loss=35188.61897930511
Iteration 150000: T=6.666666666710341e-05, Loss=35182.32115993833
Initial loss: 38447.95585035162
Iteration 10000: T=9.333400000000001, Loss=35205.94774375398
Iteration 20000: T=8.666733333333333, Loss=35204.4181952721
Iteration 30000: T=8.000066666666667, Loss=35214.05828125724
Iteration 40000: T=7.3334, Loss=35189.73174676458
Iteration 50000: T=6.666733333333333, Loss=35186.83287704289
Iteration 60000: T=6.000066666666667, Loss=35192.650805645564
Iteration 70000: T=5.333399999999999, Loss=35185.11429696935
Iteration 80000: T=4.666733333333334, Loss=35187.1019144334
Iteration 90000: T=4.000066666666666, Loss=35180.21877218337
Iteration 100000: T=3.3333999999999997, Loss=35183.99208148514
Iteration 110000: T=2.666733333333333, Loss=35179.118576284614
Iteration 120000: T=2.0000666666666667, Loss=35181.009774229344
Iteration 130000: T=1.3334000000000001, Loss=35176.0655844476
Iteration 140000: T=0.6667333333333336, Loss=35176.18890927832
Iteration 150000: T=6.666666666710341e-05, Loss=35171.682986689455
Initial loss: 40524.52688419813
Iteration 10000: T=9.333400000000001, Loss=35194.81339771745
Iteration 20000: T=8.666733333333333, Loss=35192.241679540355
Iteration 30000: T=8.000066666666667, Loss=35219.24468122282
Iteration 40000: T=7.3334, Loss=35195.50614377076
Iteration 50000: T=6.666733333333333, Loss=35200.06334922102
Iteration 60000: T=6.000066666666667, Loss=35201.35573708124
Iteration 70000: T=5.333399999999999, Loss=35203.12878530804
Iteration 80000: T=4.666733333333334, Loss=35205.57981859777
Iteration 90000: T=4.000066666666666, Loss=35199.71436829603
Iteration 100000: T=3.3333999999999997, Loss=35212.294236037545
Iteration 110000: T=2.666733333333333, Loss=35201.87849670248
Iteration 120000: T=2.0000666666666667, Loss=35191.08076362026
Iteration 130000: T=1.3334000000000001, Loss=35194.92685572604
Iteration 140000: T=0.6667333333333336, Loss=35189.97886228621
Iteration 150000: T=6.666666666710341e-05, Loss=35187.40597832297
Initial loss: 194529.14476560944
Iteration 10000: T=9.333400000000001, Loss=35199.263653671675
Iteration 20000: T=8.666733333333333, Loss=35202.09675446493
Iteration 30000: T=8.000066666666667, Loss=35194.92792097954
Iteration 40000: T=7.3334, Loss=35191.54156872075
Iteration 50000: T=6.666733333333333, Loss=35191.745514232076
Iteration 60000: T=6.000066666666667, Loss=35197.18480323685
Iteration 70000: T=5.333399999999999, Loss=35198.682878131105
Iteration 80000: T=4.666733333333334, Loss=35190.80698528195
Iteration 90000: T=4.000066666666666, Loss=35186.998623210784
Iteration 100000: T=3.3333999999999997, Loss=35192.45539139582
Iteration 110000: T=2.666733333333333, Loss=35184.34464367361
Iteration 120000: T=2.0000666666666667, Loss=35183.52372235854
Iteration 130000: T=1.3334000000000001, Loss=35178.99827456702
Iteration 140000: T=0.6667333333333336, Loss=35179.33643605743
Iteration 150000: T=6.666666666710341e-05, Loss=35177.20687143716
Center of mass parameters: [ 1.80965341e+03  8.74851617e-01  5.70357382e+00  1.82216127e+03
  3.25557076e-01  3.82338726e+00  1.83315760e+03 -1.43131167e-01
  5.03141375e+00  1.84120525e+03  7.66713069e-01  5.56231138e+00
  1.85516436e+03  2.16297947e-01  4.82023949e+00  1.86786172e+03
  1.07149045e+00  5.78271798e+00  1.87844200e+03 -1.39012990e-01
  4.70287287e+00  1.88979991e+03  2.25599420e-01  5.64493527e+00
  1.90135885e+03  8.40797862e-01  4.25401705e+00  1.91323842e+03
  3.21171401e-01  5.71569563e+00]
Final MSE: 35184.44610465933
R² = 0.09
Initial loss: 40194.75626336267
Iteration 10000: T=9.0001, Loss=35208.39413169227
Iteration 20000: T=8.0001, Loss=35193.68697336909
Iteration 30000: T=7.0001, Loss=35217.79049362644
Iteration 40000: T=6.0001, Loss=35190.797838283084
Iteration 50000: T=5.000100000000001, Loss=35190.422570046016
Iteration 60000: T=4.0001, Loss=35186.15369785921
Iteration 70000: T=3.0000999999999998, Loss=35184.97366405496
Iteration 80000: T=2.0001, Loss=35180.00837666883
Iteration 90000: T=1.0001000000000004, Loss=35174.117168143006
Iteration 100000: T=9.99999999995449e-05, Loss=35172.131751545014
Tuning complete. MSE at tuned parameters: 35172.131751545014
Initial loss: 38276.76070964746
Iteration 10000: T=9.333400000000001, Loss=35198.162369232625
Iteration 20000: T=8.666733333333333, Loss=35180.367663055724
Iteration 30000: T=8.000066666666667, Loss=35183.68588088894
Iteration 40000: T=7.3334, Loss=35188.47706295346
Iteration 50000: T=6.666733333333333, Loss=35186.057526732184
Iteration 60000: T=6.000066666666667, Loss=35189.792781274686
Iteration 70000: T=5.333399999999999, Loss=35199.87970376159
Iteration 80000: T=4.666733333333334, Loss=35190.66060349285
Iteration 90000: T=4.000066666666666, Loss=35188.29837577548
Iteration 100000: T=3.3333999999999997, Loss=35186.390057905875
Iteration 110000: T=2.666733333333333, Loss=35191.012091566
Iteration 120000: T=2.0000666666666667, Loss=35185.38646850029
Iteration 130000: T=1.3334000000000001, Loss=35183.68539942145
Iteration 140000: T=0.6667333333333336, Loss=35183.63848620806
Iteration 150000: T=6.666666666710341e-05, Loss=35179.49345168888
Initial loss: 40872.77776671234
Iteration 10000: T=9.333400000000001, Loss=35194.60733630998
Iteration 20000: T=8.666733333333333, Loss=35187.197730073145
Iteration 30000: T=8.000066666666667, Loss=35176.642767730016
Iteration 40000: T=7.3334, Loss=35193.3947946333
Iteration 50000: T=6.666733333333333, Loss=35174.591359346625
Iteration 60000: T=6.000066666666667, Loss=35175.59937587075
Iteration 70000: T=5.333399999999999, Loss=35174.34654933249
Iteration 80000: T=4.666733333333334, Loss=35174.04031468385
Iteration 90000: T=4.000066666666666, Loss=35175.53978512226
Iteration 100000: T=3.3333999999999997, Loss=35177.1534491526
Iteration 110000: T=2.666733333333333, Loss=35173.786704580976
Iteration 120000: T=2.0000666666666667, Loss=35175.6117268434
Iteration 130000: T=1.3334000000000001, Loss=35168.81721088469
Iteration 140000: T=0.6667333333333336, Loss=35170.126395351544
Iteration 150000: T=6.666666666710341e-05, Loss=35166.74803664406
Initial loss: 38435.44057374129
Iteration 10000: T=9.333400000000001, Loss=35170.917241943374
Iteration 20000: T=8.666733333333333, Loss=35232.205093354656
Iteration 30000: T=8.000066666666667, Loss=35190.689109262414
Iteration 40000: T=7.3334, Loss=35194.123013935576
Iteration 50000: T=6.666733333333333, Loss=35177.80671667805
Iteration 60000: T=6.000066666666667, Loss=35193.09992076559
Iteration 70000: T=5.333399999999999, Loss=35188.41299310784
Iteration 80000: T=4.666733333333334, Loss=35176.320610048526
Iteration 90000: T=4.000066666666666, Loss=35186.833691634136
Iteration 100000: T=3.3333999999999997, Loss=35177.12741816308
Iteration 110000: T=2.666733333333333, Loss=35174.81180117716
Iteration 120000: T=2.0000666666666667, Loss=35170.33968243757
Iteration 130000: T=1.3334000000000001, Loss=35167.424534891776
Iteration 140000: T=0.6667333333333336, Loss=35167.681134800805
Iteration 150000: T=6.666666666710341e-05, Loss=35166.21414859619
Initial loss: 35532.797186299
Iteration 10000: T=9.333400000000001, Loss=35175.17840001856
Iteration 20000: T=8.666733333333333, Loss=35185.79022494443
Iteration 30000: T=8.000066666666667, Loss=35186.072306739145
Iteration 40000: T=7.3334, Loss=35179.287739415464
Iteration 50000: T=6.666733333333333, Loss=35194.025050677235
Iteration 60000: T=6.000066666666667, Loss=35188.13808843099
Iteration 70000: T=5.333399999999999, Loss=35183.942486207816
Iteration 80000: T=4.666733333333334, Loss=35181.067568055376
Iteration 90000: T=4.000066666666666, Loss=35177.04574806742
Iteration 100000: T=3.3333999999999997, Loss=35175.38300669933
Iteration 110000: T=2.666733333333333, Loss=35171.648434236115
Iteration 120000: T=2.0000666666666667, Loss=35170.07356085594
Iteration 130000: T=1.3334000000000001, Loss=35172.62590719903
Iteration 140000: T=0.6667333333333336, Loss=35168.778319840545
Iteration 150000: T=6.666666666710341e-05, Loss=35163.58127481719
Initial loss: 37586.135910965684
Iteration 10000: T=9.333400000000001, Loss=35186.087732301465
Iteration 20000: T=8.666733333333333, Loss=35180.617352370595
Iteration 30000: T=8.000066666666667, Loss=35177.361728548014
Iteration 40000: T=7.3334, Loss=35187.26132611185
Iteration 50000: T=6.666733333333333, Loss=35187.26076596905
Iteration 60000: T=6.000066666666667, Loss=35169.74247502557
Iteration 70000: T=5.333399999999999, Loss=35173.908023471675
Iteration 80000: T=4.666733333333334, Loss=35168.37775640597
Iteration 90000: T=4.000066666666666, Loss=35175.747737987265
Iteration 100000: T=3.3333999999999997, Loss=35172.60232264713
Iteration 110000: T=2.666733333333333, Loss=35171.00431442615
Iteration 120000: T=2.0000666666666667, Loss=35168.54994408175
Iteration 130000: T=1.3334000000000001, Loss=35168.10714085763
Iteration 140000: T=0.6667333333333336, Loss=35167.19274950703
Iteration 150000: T=6.666666666710341e-05, Loss=35165.194451317
Center of mass parameters: [ 1.81053418e+03  1.43307165e+00  4.43623136e+00  1.82242360e+03
  2.31173487e-01  4.92145157e+00  1.83223621e+03  2.22132681e-01
  5.50673942e+00  1.84257823e+03  4.83053012e-01  5.32331713e+00
  1.85527099e+03  2.12370047e-01  4.73620167e+00  1.86662136e+03
  8.53187892e-03  4.96422939e+00  1.87769333e+03  1.02147921e+00
  4.84736149e+00  1.88899823e+03  2.83319248e-01  5.10215860e+00
  1.90104190e+03 -9.57805999e-02  4.53714078e+00  1.91150649e+03
  3.14103563e-01  5.82744162e+00]
Final MSE: 35171.18514484262
R² = 0.08
Initial loss: 40194.75626336267
Iteration 10000: T=9.0001, Loss=35197.1094377767
Iteration 20000: T=8.0001, Loss=35193.334612900704
Iteration 30000: T=7.0001, Loss=35205.261112714084
Iteration 40000: T=6.0001, Loss=35197.904676438375
Iteration 50000: T=5.000100000000001, Loss=35196.7384323979
Iteration 60000: T=4.0001, Loss=35208.18172840517
Iteration 70000: T=3.0000999999999998, Loss=35193.20188070789
Iteration 80000: T=2.0001, Loss=35196.55312074351
Iteration 90000: T=1.0001000000000004, Loss=35195.4258687175
Iteration 100000: T=9.99999999995449e-05, Loss=35189.98096537236
Tuning complete. MSE at tuned parameters: 35189.98096537236
Initial loss: 35257.49155648461
Iteration 10000: T=9.333400000000001, Loss=35222.51902150511
Iteration 20000: T=8.666733333333333, Loss=35195.70829051299
Iteration 30000: T=8.000066666666667, Loss=35197.70661900111
Iteration 40000: T=7.3334, Loss=35189.29945361466
Iteration 50000: T=6.666733333333333, Loss=35191.59243144054
Iteration 60000: T=6.000066666666667, Loss=35189.37006988259
Iteration 70000: T=5.333399999999999, Loss=35189.56049842393
Iteration 80000: T=4.666733333333334, Loss=35192.50210267126
Iteration 90000: T=4.000066666666666, Loss=35191.52675810643
Iteration 100000: T=3.3333999999999997, Loss=35184.83040856791
Iteration 110000: T=2.666733333333333, Loss=35189.682410831396
Iteration 120000: T=2.0000666666666667, Loss=35186.47807224737
Iteration 130000: T=1.3334000000000001, Loss=35179.00107516659
Iteration 140000: T=0.6667333333333336, Loss=35176.507495865946
Iteration 150000: T=6.666666666710341e-05, Loss=35174.97001940688
Initial loss: 35191.11672342599
Iteration 10000: T=9.333400000000001, Loss=35193.000625478715
Iteration 20000: T=8.666733333333333, Loss=35193.70558957562
Iteration 30000: T=8.000066666666667, Loss=35219.42555505384
Iteration 40000: T=7.3334, Loss=35189.62945685132
Iteration 50000: T=6.666733333333333, Loss=35188.71185717341
Iteration 60000: T=6.000066666666667, Loss=35194.23082984022
Iteration 70000: T=5.333399999999999, Loss=35180.40931963588
Iteration 80000: T=4.666733333333334, Loss=35184.704414486514
Iteration 90000: T=4.000066666666666, Loss=35186.92965213727
Iteration 100000: T=3.3333999999999997, Loss=35185.98598289907
Iteration 110000: T=2.666733333333333, Loss=35185.06342551512
Iteration 120000: T=2.0000666666666667, Loss=35182.800197625504
Iteration 130000: T=1.3334000000000001, Loss=35180.83923584061
Iteration 140000: T=0.6667333333333336, Loss=35175.91452896852
Iteration 150000: T=6.666666666710341e-05, Loss=35172.716235001106
Initial loss: 35708.71679531544
Iteration 10000: T=9.333400000000001, Loss=35212.20498521315
Iteration 20000: T=8.666733333333333, Loss=35220.2301907596
Iteration 30000: T=8.000066666666667, Loss=35201.93435302792
Iteration 40000: T=7.3334, Loss=35206.604967250474
Iteration 50000: T=6.666733333333333, Loss=35203.98788197815
Iteration 60000: T=6.000066666666667, Loss=35199.20537429019
Iteration 70000: T=5.333399999999999, Loss=35190.14899559394
Iteration 80000: T=4.666733333333334, Loss=35189.652980312516
Iteration 90000: T=4.000066666666666, Loss=35189.88765594252
Iteration 100000: T=3.3333999999999997, Loss=35188.84481154899
Iteration 110000: T=2.666733333333333, Loss=35189.39936660037
Iteration 120000: T=2.0000666666666667, Loss=35192.05377299352
Iteration 130000: T=1.3334000000000001, Loss=35188.837838074935
Iteration 140000: T=0.6667333333333336, Loss=35184.4394019785
Iteration 150000: T=6.666666666710341e-05, Loss=35183.30154647885
Initial loss: 37479.70517749055
Iteration 10000: T=9.333400000000001, Loss=35185.46094625962
Iteration 20000: T=8.666733333333333, Loss=35189.277816752816
Iteration 30000: T=8.000066666666667, Loss=35195.749217956705
Iteration 40000: T=7.3334, Loss=35187.146649360766
Iteration 50000: T=6.666733333333333, Loss=35184.972594281426
Iteration 60000: T=6.000066666666667, Loss=35179.2726117646
Iteration 70000: T=5.333399999999999, Loss=35197.44656189318
Iteration 80000: T=4.666733333333334, Loss=35183.02937388624
Iteration 90000: T=4.000066666666666, Loss=35176.67703145395
Iteration 100000: T=3.3333999999999997, Loss=35170.940981783824
Iteration 110000: T=2.666733333333333, Loss=35167.22026620772
Iteration 120000: T=2.0000666666666667, Loss=35167.882965633115
Iteration 130000: T=1.3334000000000001, Loss=35169.96982205748
Iteration 140000: T=0.6667333333333336, Loss=35168.6430442583
Iteration 150000: T=6.666666666710341e-05, Loss=35164.82799631942
Initial loss: 37988.9670270053
Iteration 10000: T=9.333400000000001, Loss=35202.779266286496
Iteration 20000: T=8.666733333333333, Loss=35191.4167922428
Iteration 30000: T=8.000066666666667, Loss=35198.225893466966
Iteration 40000: T=7.3334, Loss=35191.233605879344
Iteration 50000: T=6.666733333333333, Loss=35199.81684852185
Iteration 60000: T=6.000066666666667, Loss=35196.20278796383
Iteration 70000: T=5.333399999999999, Loss=35190.06780737966
Iteration 80000: T=4.666733333333334, Loss=35191.314966737016
Iteration 90000: T=4.000066666666666, Loss=35184.74615721152
Iteration 100000: T=3.3333999999999997, Loss=35184.581160917856
Iteration 110000: T=2.666733333333333, Loss=35181.731785494885
Iteration 120000: T=2.0000666666666667, Loss=35188.365463924885
Iteration 130000: T=1.3334000000000001, Loss=35179.9083735583
Iteration 140000: T=0.6667333333333336, Loss=35179.52002306997
Iteration 150000: T=6.666666666710341e-05, Loss=35177.35589032072
Center of mass parameters: [1.80866177e+03 2.05830827e+00 3.97425002e+00 1.82307324e+03
 9.67579665e-01 5.39311068e+00 1.83351470e+03 9.52004559e-01
 5.60631761e+00 1.84266084e+03 2.09502537e-01 4.99912674e+00
 1.85518111e+03 2.15939052e-01 4.81099746e+00 1.86680412e+03
 9.45761556e-01 5.94161795e+00 1.87675310e+03 5.29790854e-01
 4.17736881e+00 1.89011793e+03 6.25679188e-01 6.65226322e+00
 1.90108726e+03 9.50045305e-01 5.52776135e+00 1.91258344e+03
 9.94708193e-01 4.72114176e+00]
Final MSE: 35178.10401047967
R² = 0.07
Initial loss: 40194.75626336267
Iteration 10000: T=9.0001, Loss=35207.48654042142
Iteration 20000: T=8.0001, Loss=35206.359425188515
Iteration 30000: T=7.0001, Loss=35196.08833188974
Iteration 40000: T=6.0001, Loss=35194.6357353725
Iteration 50000: T=5.000100000000001, Loss=35187.36481505229
Iteration 60000: T=4.0001, Loss=35189.43503752359
Iteration 70000: T=3.0000999999999998, Loss=35189.532545870185
Iteration 80000: T=2.0001, Loss=35190.11863914106
Iteration 90000: T=1.0001000000000004, Loss=35189.33993945441
Iteration 100000: T=9.99999999995449e-05, Loss=35187.435669843406
Tuning complete. MSE at tuned parameters: 35187.435669843406
Initial loss: 38534.016283647
Iteration 10000: T=9.333400000000001, Loss=35195.865225892616
Iteration 20000: T=8.666733333333333, Loss=35191.58668450967
Iteration 30000: T=8.000066666666667, Loss=35203.36308172617
Iteration 40000: T=7.3334, Loss=35191.38399018602
Iteration 50000: T=6.666733333333333, Loss=35201.329466159536
Iteration 60000: T=6.000066666666667, Loss=35202.67749543143
Iteration 70000: T=5.333399999999999, Loss=35198.99622153377
Iteration 80000: T=4.666733333333334, Loss=35195.21430467746
Iteration 90000: T=4.000066666666666, Loss=35201.07161207223
Iteration 100000: T=3.3333999999999997, Loss=35199.87646674607
Iteration 110000: T=2.666733333333333, Loss=35200.478718731894
Iteration 120000: T=2.0000666666666667, Loss=35194.499944649666
Iteration 130000: T=1.3334000000000001, Loss=35192.71397864513
Iteration 140000: T=0.6667333333333336, Loss=35194.990603125865
Iteration 150000: T=6.666666666710341e-05, Loss=35190.54242444207
Initial loss: 35263.293731240745
Iteration 10000: T=9.333400000000001, Loss=35195.04626764107
Iteration 20000: T=8.666733333333333, Loss=35203.81094471917
Iteration 30000: T=8.000066666666667, Loss=35198.98381286346
Iteration 40000: T=7.3334, Loss=35195.355174099335
Iteration 50000: T=6.666733333333333, Loss=35206.912223712425
Iteration 60000: T=6.000066666666667, Loss=35202.826292883685
Iteration 70000: T=5.333399999999999, Loss=35208.425048174235
Iteration 80000: T=4.666733333333334, Loss=35221.63179254517
Iteration 90000: T=4.000066666666666, Loss=35216.70429912653
Iteration 100000: T=3.3333999999999997, Loss=35220.69210985769
Iteration 110000: T=2.666733333333333, Loss=35211.94006854542
Iteration 120000: T=2.0000666666666667, Loss=35199.80625167359
Iteration 130000: T=1.3334000000000001, Loss=35202.26263298523
Iteration 140000: T=0.6667333333333336, Loss=35197.65740339782
Iteration 150000: T=6.666666666710341e-05, Loss=35192.6305106651
Initial loss: 44829.495321495706
Iteration 10000: T=9.333400000000001, Loss=35187.84094700477
Iteration 20000: T=8.666733333333333, Loss=35184.13786949903
Iteration 30000: T=8.000066666666667, Loss=35195.320888356466
Iteration 40000: T=7.3334, Loss=35197.387381508895
Iteration 50000: T=6.666733333333333, Loss=35184.3294847294
Iteration 60000: T=6.000066666666667, Loss=35179.319679583095
Iteration 70000: T=5.333399999999999, Loss=35188.07135099764
Iteration 80000: T=4.666733333333334, Loss=35184.40165308082
Iteration 90000: T=4.000066666666666, Loss=35183.57963904164
Iteration 100000: T=3.3333999999999997, Loss=35176.677616175744
Iteration 110000: T=2.666733333333333, Loss=35175.94516051675
Iteration 120000: T=2.0000666666666667, Loss=35178.54172524843
Iteration 130000: T=1.3334000000000001, Loss=35173.620442233674
Iteration 140000: T=0.6667333333333336, Loss=35170.62942310144
Iteration 150000: T=6.666666666710341e-05, Loss=35169.76515274331
Initial loss: 149151.32379880207
Iteration 10000: T=9.333400000000001, Loss=35189.751730254946
Iteration 20000: T=8.666733333333333, Loss=35195.050971494136
Iteration 30000: T=8.000066666666667, Loss=35197.25409969985
Iteration 40000: T=7.3334, Loss=35188.967052756365
Iteration 50000: T=6.666733333333333, Loss=35204.679731788354
Iteration 60000: T=6.000066666666667, Loss=35193.5478546108
Iteration 70000: T=5.333399999999999, Loss=35191.0664039281
Iteration 80000: T=4.666733333333334, Loss=35186.816045063955
Iteration 90000: T=4.000066666666666, Loss=35184.00944479701
Iteration 100000: T=3.3333999999999997, Loss=35186.372913336694
Iteration 110000: T=2.666733333333333, Loss=35191.01326155782
Iteration 120000: T=2.0000666666666667, Loss=35183.454787422386
Iteration 130000: T=1.3334000000000001, Loss=35182.65408556885
Iteration 140000: T=0.6667333333333336, Loss=35183.409298303326
Iteration 150000: T=6.666666666710341e-05, Loss=35180.70669313648
Initial loss: 35196.76586996234
Iteration 10000: T=9.333400000000001, Loss=35194.537794287426
Iteration 20000: T=8.666733333333333, Loss=35199.558634780944
Iteration 30000: T=8.000066666666667, Loss=35193.07048344995
Iteration 40000: T=7.3334, Loss=35195.6422191552
Iteration 50000: T=6.666733333333333, Loss=35201.541435828665
Iteration 60000: T=6.000066666666667, Loss=35192.86132725531
Iteration 70000: T=5.333399999999999, Loss=35189.23571925331
Iteration 80000: T=4.666733333333334, Loss=35189.97631701491
Iteration 90000: T=4.000066666666666, Loss=35185.084071035686
Iteration 100000: T=3.3333999999999997, Loss=35182.02311883989
Iteration 110000: T=2.666733333333333, Loss=35181.666420457055
Iteration 120000: T=2.0000666666666667, Loss=35184.35170332907
Iteration 130000: T=1.3334000000000001, Loss=35182.03968189318
Iteration 140000: T=0.6667333333333336, Loss=35176.84377321666
Iteration 150000: T=6.666666666710341e-05, Loss=35171.87198574793
Center of mass parameters: [1.80960582e+03 5.38858865e-01 5.13417709e+00 1.82247915e+03
 1.37169864e-01 4.77092404e+00 1.83294167e+03 4.71307133e-01
 5.55877812e+00 1.84401603e+03 7.78006796e-01 4.83087965e+00
 1.85538692e+03 2.08027575e-01 4.64458004e+00 1.86612602e+03
 5.37836120e-01 5.62517983e+00 1.87794070e+03 6.62092073e-01
 5.25052336e+00 1.88951930e+03 1.00079715e+00 4.40631556e+00
 1.90164377e+03 5.04016661e-01 4.74502208e+00 1.91295784e+03
 2.41759139e-01 5.89447227e+00]
Final MSE: 35184.365278061865
R² = 0.09
Initial loss: 40194.75626336267
Iteration 10000: T=9.0001, Loss=35189.262934948536
Iteration 20000: T=8.0001, Loss=35200.0359077026
Iteration 30000: T=7.0001, Loss=35187.139190670394
Iteration 40000: T=6.0001, Loss=35193.505414188316
Iteration 50000: T=5.000100000000001, Loss=35197.91103934291
Iteration 60000: T=4.0001, Loss=35185.073729222044
Iteration 70000: T=3.0000999999999998, Loss=35184.3854877903
Iteration 80000: T=2.0001, Loss=35185.25471917907
Iteration 90000: T=1.0001000000000004, Loss=35180.02590887058
Iteration 100000: T=9.99999999995449e-05, Loss=35178.568999328796
Tuning complete. MSE at tuned parameters: 35178.568999328796
Initial loss: 35632.41303711948
Iteration 10000: T=9.333400000000001, Loss=35209.43751165338
Iteration 20000: T=8.666733333333333, Loss=35189.234401344664
Iteration 30000: T=8.000066666666667, Loss=35191.145334291825
Iteration 40000: T=7.3334, Loss=35189.006791235835
Iteration 50000: T=6.666733333333333, Loss=35186.819214382995
Iteration 60000: T=6.000066666666667, Loss=35182.60854754021
Iteration 70000: T=5.333399999999999, Loss=35201.39239192545
Iteration 80000: T=4.666733333333334, Loss=35191.335989101724
Iteration 90000: T=4.000066666666666, Loss=35186.76913003148
Iteration 100000: T=3.3333999999999997, Loss=35187.52019194318
Iteration 110000: T=2.666733333333333, Loss=35193.61151547701
Iteration 120000: T=2.0000666666666667, Loss=35198.73409749062
Iteration 130000: T=1.3334000000000001, Loss=35199.92893948883
Iteration 140000: T=0.6667333333333336, Loss=35196.302475587356
Iteration 150000: T=6.666666666710341e-05, Loss=35189.746949659406
Initial loss: 35393.62089113485
Iteration 10000: T=9.333400000000001, Loss=35185.8073657321
Iteration 20000: T=8.666733333333333, Loss=35184.92966480592
Iteration 30000: T=8.000066666666667, Loss=35188.13959843601
Iteration 40000: T=7.3334, Loss=35188.298992223354
Iteration 50000: T=6.666733333333333, Loss=35192.81219258344
Iteration 60000: T=6.000066666666667, Loss=35183.95501647571
Iteration 70000: T=5.333399999999999, Loss=35185.85273475018
Iteration 80000: T=4.666733333333334, Loss=35199.99971738239
Iteration 90000: T=4.000066666666666, Loss=35197.48245659064
Iteration 100000: T=3.3333999999999997, Loss=35194.432753362984
Iteration 110000: T=2.666733333333333, Loss=35192.45693159792
Iteration 120000: T=2.0000666666666667, Loss=35189.67146871693
Iteration 130000: T=1.3334000000000001, Loss=35191.417370248775
Iteration 140000: T=0.6667333333333336, Loss=35193.11250394047
Iteration 150000: T=6.666666666710341e-05, Loss=35187.7636405494
Initial loss: 39349.85997881825
Iteration 10000: T=9.333400000000001, Loss=35178.36691286605
Iteration 20000: T=8.666733333333333, Loss=35177.21115969598
Iteration 30000: T=8.000066666666667, Loss=35178.30680862713
Iteration 40000: T=7.3334, Loss=35190.88093322082
Iteration 50000: T=6.666733333333333, Loss=35178.80075347079
Iteration 60000: T=6.000066666666667, Loss=35183.52949555295
Iteration 70000: T=5.333399999999999, Loss=35190.9665898246
Iteration 80000: T=4.666733333333334, Loss=35183.82411397468
Iteration 90000: T=4.000066666666666, Loss=35189.70330529614
Iteration 100000: T=3.3333999999999997, Loss=35189.746537164814
Iteration 110000: T=2.666733333333333, Loss=35186.34663093792
Iteration 120000: T=2.0000666666666667, Loss=35184.18224018444
Iteration 130000: T=1.3334000000000001, Loss=35183.70008506344
Iteration 140000: T=0.6667333333333336, Loss=35179.64477944
Iteration 150000: T=6.666666666710341e-05, Loss=35174.52636309474
Initial loss: 38672.85829799376
Iteration 10000: T=9.333400000000001, Loss=35203.163050195704
Iteration 20000: T=8.666733333333333, Loss=35186.82095263007
Iteration 30000: T=8.000066666666667, Loss=35187.19634593985
Iteration 40000: T=7.3334, Loss=35185.82011484006
Iteration 50000: T=6.666733333333333, Loss=35188.20313863417
Iteration 60000: T=6.000066666666667, Loss=35191.98958966464
Iteration 70000: T=5.333399999999999, Loss=35187.393828495304
Iteration 80000: T=4.666733333333334, Loss=35188.39260054292
Iteration 90000: T=4.000066666666666, Loss=35194.39412936242
Iteration 100000: T=3.3333999999999997, Loss=35189.555773541695
Iteration 110000: T=2.666733333333333, Loss=35185.29011459264
Iteration 120000: T=2.0000666666666667, Loss=35177.210684930666
Iteration 130000: T=1.3334000000000001, Loss=35176.37020410137
Iteration 140000: T=0.6667333333333336, Loss=35173.58452211646
Iteration 150000: T=6.666666666710341e-05, Loss=35169.12909323821
Initial loss: 36355.12992805694
Iteration 10000: T=9.333400000000001, Loss=35186.2655579545
Iteration 20000: T=8.666733333333333, Loss=35178.31945915082
Iteration 30000: T=8.000066666666667, Loss=35184.763064489125
Iteration 40000: T=7.3334, Loss=35180.81445112309
Iteration 50000: T=6.666733333333333, Loss=35181.01814010589
Iteration 60000: T=6.000066666666667, Loss=35180.213188813876
Iteration 70000: T=5.333399999999999, Loss=35197.047810108765
Iteration 80000: T=4.666733333333334, Loss=35184.03851899182
Iteration 90000: T=4.000066666666666, Loss=35177.45077613054
Iteration 100000: T=3.3333999999999997, Loss=35171.2564004331
Iteration 110000: T=2.666733333333333, Loss=35180.83898313109
Iteration 120000: T=2.0000666666666667, Loss=35176.92184838972
Iteration 130000: T=1.3334000000000001, Loss=35171.09588376816
Iteration 140000: T=0.6667333333333336, Loss=35170.53345306633
Iteration 150000: T=6.666666666710341e-05, Loss=35166.99455835501
Center of mass parameters: [ 1.80898260e+03  2.57081153e-01  3.95512948e+00  1.82305102e+03
  2.09938170e-01  3.20997588e+00  1.83174936e+03  1.17149819e+00
  5.54756574e+00  1.84287425e+03  6.45717168e-01  6.14961038e+00
  1.85476998e+03  2.30883540e-01  5.13159609e+00  1.86650234e+03
  5.50054201e-01  4.58733294e+00  1.87756347e+03 -1.12378561e-01
  4.58080932e+00  1.89045164e+03  5.12483149e-01  4.19194439e+00
  1.90148060e+03  7.91728334e-01  5.19855742e+00  1.91239048e+03
  6.76716058e-01  5.31224531e+00]
Final MSE: 35182.47081489464
R² = 0.33
Initial loss: 40194.75626336267
Iteration 10000: T=9.0001, Loss=35202.9803390071
Iteration 20000: T=8.0001, Loss=35198.1903742896
Iteration 30000: T=7.0001, Loss=35199.9438797509
Iteration 40000: T=6.0001, Loss=35192.136292742274
Iteration 50000: T=5.000100000000001, Loss=35199.35824014756
Iteration 60000: T=4.0001, Loss=35190.47586438172
Iteration 70000: T=3.0000999999999998, Loss=35185.36815911274
Iteration 80000: T=2.0001, Loss=35182.77405595707
Iteration 90000: T=1.0001000000000004, Loss=35184.757829299066
Iteration 100000: T=9.99999999995449e-05, Loss=35180.91009338759
Tuning complete. MSE at tuned parameters: 35180.91009338759
Initial loss: 42652.12631995827
Iteration 10000: T=9.333400000000001, Loss=35188.307793992404
Iteration 20000: T=8.666733333333333, Loss=35184.19056598305
Iteration 30000: T=8.000066666666667, Loss=35189.085258188476
Iteration 40000: T=7.3334, Loss=35189.35042752643
Iteration 50000: T=6.666733333333333, Loss=35195.857515510485
Iteration 60000: T=6.000066666666667, Loss=35191.728363669026
Iteration 70000: T=5.333399999999999, Loss=35198.190483513936
Iteration 80000: T=4.666733333333334, Loss=35187.25982905691
Iteration 90000: T=4.000066666666666, Loss=35186.78023829534
Iteration 100000: T=3.3333999999999997, Loss=35184.52854520133
Iteration 110000: T=2.666733333333333, Loss=35190.842776171914
Iteration 120000: T=2.0000666666666667, Loss=35185.31520085759
Iteration 130000: T=1.3334000000000001, Loss=35186.67122821763
Iteration 140000: T=0.6667333333333336, Loss=35180.68821543839
Iteration 150000: T=6.666666666710341e-05, Loss=35179.37068547994
Initial loss: 38099.026370439606
Iteration 10000: T=9.333400000000001, Loss=35186.0017986975
Iteration 20000: T=8.666733333333333, Loss=35194.69115514378
Iteration 30000: T=8.000066666666667, Loss=35184.636741153525
Iteration 40000: T=7.3334, Loss=35196.680529319776
Iteration 50000: T=6.666733333333333, Loss=35184.735796319146
Iteration 60000: T=6.000066666666667, Loss=35172.1687044889
Iteration 70000: T=5.333399999999999, Loss=35177.75172977127
Iteration 80000: T=4.666733333333334, Loss=35186.466338046106
Iteration 90000: T=4.000066666666666, Loss=35171.71232489389
Iteration 100000: T=3.3333999999999997, Loss=35173.481416362825
Iteration 110000: T=2.666733333333333, Loss=35168.25172492818
Iteration 120000: T=2.0000666666666667, Loss=35166.99317656319
Iteration 130000: T=1.3334000000000001, Loss=35168.441994064546
Iteration 140000: T=0.6667333333333336, Loss=35165.31722641076
Iteration 150000: T=6.666666666710341e-05, Loss=35163.1330255286
Initial loss: 42014.12481640276
Iteration 10000: T=9.333400000000001, Loss=35190.347829544306
Iteration 20000: T=8.666733333333333, Loss=35185.96010267036
Iteration 30000: T=8.000066666666667, Loss=35184.26011414934
Iteration 40000: T=7.3334, Loss=35195.513852344084
Iteration 50000: T=6.666733333333333, Loss=35189.54334402125
Iteration 60000: T=6.000066666666667, Loss=35204.22853947737
Iteration 70000: T=5.333399999999999, Loss=35192.341816544314
Iteration 80000: T=4.666733333333334, Loss=35189.32385078614
Iteration 90000: T=4.000066666666666, Loss=35186.74506676998
Iteration 100000: T=3.3333999999999997, Loss=35181.21759988081
Iteration 110000: T=2.666733333333333, Loss=35181.2687174457
Iteration 120000: T=2.0000666666666667, Loss=35175.4559404112
Iteration 130000: T=1.3334000000000001, Loss=35176.00836096415
Iteration 140000: T=0.6667333333333336, Loss=35175.18258877189
Iteration 150000: T=6.666666666710341e-05, Loss=35173.447269740114
Initial loss: 63416.697737749
Iteration 10000: T=9.333400000000001, Loss=35187.403381671305
Iteration 20000: T=8.666733333333333, Loss=35181.306297409756
Iteration 30000: T=8.000066666666667, Loss=35183.9160020228
Iteration 40000: T=7.3334, Loss=35177.69632784617
Iteration 50000: T=6.666733333333333, Loss=35190.272950211554
Iteration 60000: T=6.000066666666667, Loss=35196.96009698047
Iteration 70000: T=5.333399999999999, Loss=35190.898804560704
Iteration 80000: T=4.666733333333334, Loss=35187.66601470617
Iteration 90000: T=4.000066666666666, Loss=35179.51068156645
Iteration 100000: T=3.3333999999999997, Loss=35175.53102057075
Iteration 110000: T=2.666733333333333, Loss=35170.51258919763
Iteration 120000: T=2.0000666666666667, Loss=35170.16408861144
Iteration 130000: T=1.3334000000000001, Loss=35171.0700388693
Iteration 140000: T=0.6667333333333336, Loss=35169.4284044059
Iteration 150000: T=6.666666666710341e-05, Loss=35166.13494594837
Initial loss: 37057.67351248995
Iteration 10000: T=9.333400000000001, Loss=35183.47292276582
Iteration 20000: T=8.666733333333333, Loss=35183.867357462936
Iteration 30000: T=8.000066666666667, Loss=35188.43303486083
Iteration 40000: T=7.3334, Loss=35203.84578984478
Iteration 50000: T=6.666733333333333, Loss=35205.623656292526
Iteration 60000: T=6.000066666666667, Loss=35189.896182975644
Iteration 70000: T=5.333399999999999, Loss=35189.6390186422
Iteration 80000: T=4.666733333333334, Loss=35194.044093473654
Iteration 90000: T=4.000066666666666, Loss=35172.82298710387
Iteration 100000: T=3.3333999999999997, Loss=35167.92834247257
Iteration 110000: T=2.666733333333333, Loss=35164.39712340177
Iteration 120000: T=2.0000666666666667, Loss=35161.986313067326
Iteration 130000: T=1.3334000000000001, Loss=35159.29832777434
Iteration 140000: T=0.6667333333333336, Loss=35158.56435480287
Iteration 150000: T=6.666666666710341e-05, Loss=35154.74257419778
Center of mass parameters: [ 1.80883173e+03  2.83442256e-01  4.94384882e+00  1.82316719e+03
 -7.24985882e-02  4.92005500e+00  1.83305324e+03  1.65396580e-01
  4.97350212e+00  1.84147739e+03  4.08250889e-01  5.66527747e+00
  1.85535756e+03  2.09259011e-01  4.66938641e+00  1.86589533e+03
  4.06241298e-01  4.38079500e+00  1.87667342e+03  3.60713237e-01
  4.97641513e+00  1.88957414e+03  8.01890792e-01  4.25162619e+00
  1.90076845e+03  8.32060626e-01  5.24859294e+00  1.91402466e+03
  2.30478347e-02  6.15402825e+00]
Final MSE: 35170.52142447469
R² = 0.11
Initial loss: 40194.75626336267
Iteration 10000: T=9.0001, Loss=35205.14267612059
Iteration 20000: T=8.0001, Loss=35206.95773494875
Iteration 30000: T=7.0001, Loss=35207.11363834717
Iteration 40000: T=6.0001, Loss=35198.24736161752
Iteration 50000: T=5.000100000000001, Loss=35200.15260696436
Iteration 60000: T=4.0001, Loss=35198.23980086668
Iteration 70000: T=3.0000999999999998, Loss=35191.791015166535
Iteration 80000: T=2.0001, Loss=35196.82339211947
Iteration 90000: T=1.0001000000000004, Loss=35187.92467952074
Iteration 100000: T=9.99999999995449e-05, Loss=35183.80014247269
Tuning complete. MSE at tuned parameters: 35183.80014247269
Initial loss: 36047.39165747639
Iteration 10000: T=9.333400000000001, Loss=35212.214193171865
Iteration 20000: T=8.666733333333333, Loss=35188.90127751754
Iteration 30000: T=8.000066666666667, Loss=35203.478735329496
Iteration 40000: T=7.3334, Loss=35197.4832170076
Iteration 50000: T=6.666733333333333, Loss=35200.98010613167
Iteration 60000: T=6.000066666666667, Loss=35213.198258575525
Iteration 70000: T=5.333399999999999, Loss=35201.08334857207
Iteration 80000: T=4.666733333333334, Loss=35193.02606926687
Iteration 90000: T=4.000066666666666, Loss=35192.925669318334
Iteration 100000: T=3.3333999999999997, Loss=35190.61314741868
Iteration 110000: T=2.666733333333333, Loss=35188.474746356434
Iteration 120000: T=2.0000666666666667, Loss=35188.120400766515
Iteration 130000: T=1.3334000000000001, Loss=35184.832282604264
Iteration 140000: T=0.6667333333333336, Loss=35186.76252376642
Iteration 150000: T=6.666666666710341e-05, Loss=35183.34869882301
Initial loss: 35507.445054754135
Iteration 10000: T=9.333400000000001, Loss=35184.68335444867
Iteration 20000: T=8.666733333333333, Loss=35189.87485154595
Iteration 30000: T=8.000066666666667, Loss=35199.62369845036
Iteration 40000: T=7.3334, Loss=35194.41870976588
Iteration 50000: T=6.666733333333333, Loss=35183.52308085502
Iteration 60000: T=6.000066666666667, Loss=35193.06957577021
Iteration 70000: T=5.333399999999999, Loss=35188.58680598548
Iteration 80000: T=4.666733333333334, Loss=35189.87525447601
Iteration 90000: T=4.000066666666666, Loss=35197.02771136922
Iteration 100000: T=3.3333999999999997, Loss=35184.52870529835
Iteration 110000: T=2.666733333333333, Loss=35184.44439966193
Iteration 120000: T=2.0000666666666667, Loss=35183.490886066545
Iteration 130000: T=1.3334000000000001, Loss=35182.80954832245
Iteration 140000: T=0.6667333333333336, Loss=35180.69464027797
Iteration 150000: T=6.666666666710341e-05, Loss=35175.55428790861
Initial loss: 42103.36863038244
Iteration 10000: T=9.333400000000001, Loss=35191.80341688712
Iteration 20000: T=8.666733333333333, Loss=35203.04679590341
Iteration 30000: T=8.000066666666667, Loss=35196.66762262973
Iteration 40000: T=7.3334, Loss=35188.29323880501
Iteration 50000: T=6.666733333333333, Loss=35185.93064957817
Iteration 60000: T=6.000066666666667, Loss=35194.18998840789
Iteration 70000: T=5.333399999999999, Loss=35187.49395107939
Iteration 80000: T=4.666733333333334, Loss=35185.1706565915
Iteration 90000: T=4.000066666666666, Loss=35191.02549562509
Iteration 100000: T=3.3333999999999997, Loss=35191.222705303306
Iteration 110000: T=2.666733333333333, Loss=35200.76012109909
Iteration 120000: T=2.0000666666666667, Loss=35197.79789930207
Iteration 130000: T=1.3334000000000001, Loss=35192.34630414841
Iteration 140000: T=0.6667333333333336, Loss=35191.25850510238
Iteration 150000: T=6.666666666710341e-05, Loss=35188.35187604025
Initial loss: 87930.74485342015
Iteration 10000: T=9.333400000000001, Loss=35200.25017087484
Iteration 20000: T=8.666733333333333, Loss=35198.41854454248
Iteration 30000: T=8.000066666666667, Loss=35183.66729722558
Iteration 40000: T=7.3334, Loss=35188.248734314286
Iteration 50000: T=6.666733333333333, Loss=35183.3020508229
Iteration 60000: T=6.000066666666667, Loss=35182.82560696161
Iteration 70000: T=5.333399999999999, Loss=35183.764032301035
Iteration 80000: T=4.666733333333334, Loss=35183.76592914591
Iteration 90000: T=4.000066666666666, Loss=35182.51145644973
Iteration 100000: T=3.3333999999999997, Loss=35179.61813730519
Iteration 110000: T=2.666733333333333, Loss=35187.79480603842
Iteration 120000: T=2.0000666666666667, Loss=35176.58595188784
Iteration 130000: T=1.3334000000000001, Loss=35172.25007473313
Iteration 140000: T=0.6667333333333336, Loss=35173.83776067572
Iteration 150000: T=6.666666666710341e-05, Loss=35170.518581809614
Initial loss: 35374.90074469825
Iteration 10000: T=9.333400000000001, Loss=35206.68962046914
Iteration 20000: T=8.666733333333333, Loss=35196.51509772591
Iteration 30000: T=8.000066666666667, Loss=35180.3193233529
Iteration 40000: T=7.3334, Loss=35183.15349468409
Iteration 50000: T=6.666733333333333, Loss=35191.88644593056
Iteration 60000: T=6.000066666666667, Loss=35196.71317420408
Iteration 70000: T=5.333399999999999, Loss=35194.06431909319
Iteration 80000: T=4.666733333333334, Loss=35184.635459520876
Iteration 90000: T=4.000066666666666, Loss=35182.97214773527
Iteration 100000: T=3.3333999999999997, Loss=35178.47228278263
Iteration 110000: T=2.666733333333333, Loss=35179.252638926344
Iteration 120000: T=2.0000666666666667, Loss=35184.61359025349
Iteration 130000: T=1.3334000000000001, Loss=35182.47676109656
Iteration 140000: T=0.6667333333333336, Loss=35179.36111807868
Iteration 150000: T=6.666666666710341e-05, Loss=35173.06002860856
Center of mass parameters: [1.80960041e+03 5.19367795e-01 6.22947976e+00 1.82217943e+03
 4.35583424e-01 5.29069283e+00 1.83194704e+03 7.05071590e-01
 4.86302425e+00 1.84303229e+03 9.06641416e-02 5.10501422e+00
 1.85519440e+03 2.15179411e-01 4.79657348e+00 1.86699046e+03
 4.04995012e-01 5.24008427e+00 1.87755579e+03 5.55121936e-01
 4.44905266e+00 1.89000832e+03 1.00733688e+00 4.06699238e+00
 1.90213299e+03 2.21237632e-01 5.87164090e+00 1.91264922e+03
 1.22973142e+00 4.28622258e+00]
Final MSE: 35181.25552962905
R² = 0.35
