Initial loss: 10979.733099756771
Iteration 100: Loss = 10791.798040395237
Iteration 200: Loss = 10757.233672943123
Iteration 300: Loss = 10735.506084940482
Iteration 400: Loss = 10700.142378865077
Iteration 500: Loss = 10665.068755030414
Iteration 600: Loss = 10633.273703419962
Iteration 700: Loss = 10610.15016916087
Iteration 800: Loss = 10572.63635341166
Iteration 900: Loss = 10537.698811759015
Iteration 1000: Loss = 10483.024715714248
Best loss: 10483.024715714248 | Parameters: [1.91056417e+03 7.13601338e-01 1.17684783e+01]
Initial loss: 10979.733099756771
Iteration 100: Loss = 10759.855328592525
Iteration 200: Loss = 10733.491827835878
Iteration 300: Loss = 10728.300099150447
Iteration 400: Loss = 10728.168586829306
Iteration 500: Loss = 10728.168586829306
Iteration 600: Loss = 10728.168586829306
Iteration 700: Loss = 10728.168586829306
Iteration 800: Loss = 10727.012141171936
Iteration 900: Loss = 10727.012141171936
Iteration 1000: Loss = 10716.93024861047
Best loss: 10716.93024861047 | Parameters: [1.91140158e+03 4.09415578e-01 7.23333089e+00]
Initial loss: 10979.733099756771
Iteration 100: Loss = 10784.664825622416
Iteration 200: Loss = 10753.120380373797
Iteration 300: Loss = 10699.187725192083
Iteration 400: Loss = 10620.215016873794
Iteration 500: Loss = 10505.30465033318
Iteration 600: Loss = 10378.049175965687
Iteration 700: Loss = 10179.569854999405
Iteration 800: Loss = 9747.609102560771
Iteration 900: Loss = 9433.083575310688
Iteration 1000: Loss = 8712.340771428644
Best loss: 8712.340771428644 | Parameters: [1.91428414e+03 1.19501241e+00 2.16797160e+01]
Initial loss: 10979.733099756771
Iteration 100: Loss = 10702.016358584886
Iteration 200: Loss = 10689.688921391657
Iteration 300: Loss = 10620.168005011721
Iteration 400: Loss = 10580.228247256186
Iteration 500: Loss = 10477.708216913561
Iteration 600: Loss = 10417.771434865981
Iteration 700: Loss = 10259.188985695086
Iteration 800: Loss = 9706.189421648896
Iteration 900: Loss = 8689.176840479264
Iteration 1000: Loss = 8412.001233976667
Best loss: 8412.001233976667 | Parameters: [1.91115727e+03 1.29285820e+00 2.44607401e+01]
Initial loss: 10979.733099756771
Iteration 100: Loss = 10755.23568845099
Iteration 200: Loss = 10716.039749661028
Iteration 300: Loss = 10641.955867790897
Iteration 400: Loss = 10562.25455960428
Iteration 500: Loss = 10445.33861903293
Iteration 600: Loss = 10283.055338405706
Iteration 700: Loss = 9720.109842658077
Iteration 800: Loss = 9086.410837734371
Iteration 900: Loss = 8669.439814659203
Iteration 1000: Loss = 8199.92920788533
Best loss: 8199.92920788533 | Parameters: [1.91263684e+03 1.30496093e+00 2.51438157e+01]
Initial loss: 10979.733099756771
Iteration 100: Loss = 10821.57772083761
Iteration 200: Loss = 10723.577037539804
Iteration 300: Loss = 10716.994100651005
Iteration 400: Loss = 10710.555676366723
Iteration 500: Loss = 10582.291012207783
Iteration 600: Loss = 10570.098888679715
Iteration 700: Loss = 10469.725071571984
Iteration 800: Loss = 10199.934438054228
Iteration 900: Loss = 9776.730867699382
Iteration 1000: Loss = 9416.795332680382
Best loss: 9416.795332680382 | Parameters: [1.91150193e+03 1.03523205e+00 1.93422545e+01]
Initial loss: 10979.733099756771
Iteration 100: Loss = 10719.7929520374
Iteration 200: Loss = 10693.604710005528
Iteration 300: Loss = 10519.730513644416
Iteration 400: Loss = 10379.089913490072
Iteration 500: Loss = 10215.647200616164
Iteration 600: Loss = 9687.63147159389
Iteration 700: Loss = 9290.512804335729
Iteration 800: Loss = 8415.97812399427
Iteration 900: Loss = 7970.514107223115
Iteration 1000: Loss = 7628.774491885823
Best loss: 7628.774491885823 | Parameters: [ 1.91599265e+03 -1.55555423e+00  2.95809182e+01]
Initial loss: 10979.733099756771
Iteration 100: Loss = 10728.613089614337
Iteration 200: Loss = 10727.417941644106
Iteration 300: Loss = 10709.93966741826
Iteration 400: Loss = 10635.56528413217
Iteration 500: Loss = 10574.772171548557
Iteration 600: Loss = 10367.769428002919
Iteration 700: Loss = 10090.882528465048
Iteration 800: Loss = 9363.545167933898
Iteration 900: Loss = 8654.53651620908
Iteration 1000: Loss = 7917.2542332491485
Best loss: 7917.2542332491485 | Parameters: [ 1.91603129e+03 -1.31227181e+00  2.59760206e+01]
Initial loss: 10979.733099756771
Iteration 100: Loss = 10789.153676491469
Iteration 200: Loss = 10637.269979367205
Iteration 300: Loss = 10538.322597438519
Iteration 400: Loss = 10431.573920970444
Iteration 500: Loss = 10124.348804968047
Iteration 600: Loss = 9673.705960115258
Iteration 700: Loss = 8936.455164489289
Iteration 800: Loss = 8479.322795409302
Iteration 900: Loss = 8110.339508674932
Iteration 1000: Loss = 7804.0906353817945
Best loss: 7804.0906353817945 | Parameters: [1.91888944e+03 1.31915756e+00 2.60035995e+01]
Initial loss: 10979.733099756771
Iteration 100: Loss = 10694.58525605398
Iteration 200: Loss = 10636.528698776003
Iteration 300: Loss = 10374.972785351483
Iteration 400: Loss = 9983.221921465965
Iteration 500: Loss = 9254.223219001091
Iteration 600: Loss = 8447.90575981082
Iteration 700: Loss = 7977.836696724883
Iteration 800: Loss = 7520.111673809898
Iteration 900: Loss = 7496.885359250344
Iteration 1000: Loss = 7427.145735452796
Best loss: 7427.145735452796 | Parameters: [1.91149212e+03 1.88946008e+00 3.49893111e+01]
Initial loss: 10979.733099756771
Iteration 100: Loss = 10723.253442912133
Iteration 200: Loss = 10723.253442912133
Iteration 300: Loss = 10700.108105000947
Iteration 400: Loss = 10538.696258500779
Iteration 500: Loss = 10234.778681009786
Iteration 600: Loss = 9833.670615203047
Iteration 700: Loss = 8736.97204447082
Iteration 800: Loss = 8136.747373141078
Iteration 900: Loss = 7824.651040863047
Iteration 1000: Loss = 7642.17437560041
Best loss: 7642.17437560041 | Parameters: [1.91596855e+03 1.54782883e+00 2.92578749e+01]
Initial loss: 10979.733099756771
Iteration 100: Loss = 10636.99191510092
Iteration 200: Loss = 10464.631998683675
Iteration 300: Loss = 9867.575415861564
Iteration 400: Loss = 9419.059765281763
Iteration 500: Loss = 8269.285236726331
Iteration 600: Loss = 7650.799428457755
Iteration 700: Loss = 7595.541347243007
Iteration 800: Loss = 7555.826819109642
Iteration 900: Loss = 7517.830188986601
Iteration 1000: Loss = 7511.103376761339
Best loss: 7511.103376761339 | Parameters: [ 1.91428546e+03 -1.77245744e+00  3.34405417e+01]
Initial loss: 10979.733099756771
Iteration 100: Loss = 10729.196614110835
Iteration 200: Loss = 10729.196614110835
Iteration 300: Loss = 10729.196614110835
Iteration 400: Loss = 10728.284154612656
Iteration 500: Loss = 10726.610939361302
Iteration 600: Loss = 10726.610939361302
Iteration 700: Loss = 10726.610939361302
Iteration 800: Loss = 10726.610939361302
Iteration 900: Loss = 10724.023589350943
Iteration 1000: Loss = 10720.541623464305
Best loss: 10720.541623464305 | Parameters: [ 1.91336808e+03 -2.16349363e-01  4.40781110e+00]
Initial loss: 10979.733099756771
Iteration 100: Loss = 10721.062190871216
Iteration 200: Loss = 10694.902634705219
Iteration 300: Loss = 10690.946605198505
Iteration 400: Loss = 10611.506519677778
Iteration 500: Loss = 10575.988098882826
Iteration 600: Loss = 10552.188343079306
Iteration 700: Loss = 10104.8152591372
Iteration 800: Loss = 9463.214068932988
Iteration 900: Loss = 8404.844359885781
Iteration 1000: Loss = 8031.665264353432
Best loss: 8031.665264353432 | Parameters: [ 1.91817666e+03 -1.19563372e+00  2.43300952e+01]
Initial loss: 10979.733099756771
Iteration 100: Loss = 10746.466413334801
Iteration 200: Loss = 10731.608117594391
Iteration 300: Loss = 10412.938983140075
Iteration 400: Loss = 10146.018307756607
Iteration 500: Loss = 9550.53537589768
Iteration 600: Loss = 8758.789448052177
Iteration 700: Loss = 8062.778406939656
Iteration 800: Loss = 7764.242830280618
Iteration 900: Loss = 7576.20074673441
Iteration 1000: Loss = 7484.196394053644
Best loss: 7484.196394053644 | Parameters: [1.91186972e+03 1.78692338e+00 3.29652157e+01]
Initial loss: 10979.733099756771
Iteration 100: Loss = 10606.463397052237
Iteration 200: Loss = 9347.35926574655
Iteration 300: Loss = 8639.66533984215
Iteration 400: Loss = 8406.633795216256
Iteration 500: Loss = 7988.578885928097
Iteration 600: Loss = 7740.785266624192
Iteration 700: Loss = 7711.694675456142
Iteration 800: Loss = 7661.609259463476
Iteration 900: Loss = 7606.12959089291
Iteration 1000: Loss = 7572.346286642552
Best loss: 7572.346286642552 | Parameters: [ 1.91550827e+03 -1.69353332e+00  3.13507098e+01]
Initial loss: 10979.733099756771
Iteration 100: Loss = 10729.50229061126
Iteration 200: Loss = 10729.50229061126
Iteration 300: Loss = 10724.654223425254
Iteration 400: Loss = 10687.472301628595
Iteration 500: Loss = 10378.170331858155
Iteration 600: Loss = 9579.702682120085
Iteration 700: Loss = 8882.639026648176
Iteration 800: Loss = 8469.430027999717
Iteration 900: Loss = 8178.97304090417
Iteration 1000: Loss = 7691.992863586968
Best loss: 7691.992863586968 | Parameters: [1.91175966e+03 1.64357272e+00 2.96516065e+01]
Initial loss: 10979.733099756771
Iteration 100: Loss = 10728.70714568264
Iteration 200: Loss = 10724.8167738388
Iteration 300: Loss = 10724.8167738388
Iteration 400: Loss = 10724.8167738388
Iteration 500: Loss = 10724.8167738388
Iteration 600: Loss = 10724.8167738388
Iteration 700: Loss = 10722.322308887049
Iteration 800: Loss = 10722.322308887049
Iteration 900: Loss = 10722.322308887049
Iteration 1000: Loss = 10722.322308887049
Best loss: 10722.322308887049 | Parameters: [ 1.91287288e+03 -2.62949833e-01  4.99561862e+00]
Initial loss: 10979.733099756771
Iteration 100: Loss = 10700.197029546716
Iteration 200: Loss = 10563.412740382788
Iteration 300: Loss = 9844.85729620834
Iteration 400: Loss = 9360.045973505232
Iteration 500: Loss = 7985.371355585677
Iteration 600: Loss = 7765.190142216253
Iteration 700: Loss = 7564.471056853006
Iteration 800: Loss = 7491.581514113462
Iteration 900: Loss = 7434.7484104368605
Iteration 1000: Loss = 7427.675624780503
Best loss: 7427.675624780503 | Parameters: [ 1.91097469e+03 -1.84405425e+00  3.49785069e+01]
Initial loss: 10979.733099756771
Iteration 100: Loss = 10764.388267137749
Iteration 200: Loss = 10737.981048737694
Iteration 300: Loss = 10730.427977318774
Iteration 400: Loss = 10730.427977318774
Iteration 500: Loss = 10725.528140303784
Iteration 600: Loss = 10725.528140303784
Iteration 700: Loss = 10719.319445340527
Iteration 800: Loss = 10719.319445340527
Iteration 900: Loss = 10719.319445340527
Iteration 1000: Loss = 10719.319445340527
Best loss: 10719.319445340527 | Parameters: [1.91344747e+03 2.11838305e-01 4.24568494e+00]
Initial loss: 10979.733099756771
Iteration 100: Loss = 10686.266138557905
Iteration 200: Loss = 10542.052814726283
Iteration 300: Loss = 10162.140786908634
Iteration 400: Loss = 9407.540211873915
Iteration 500: Loss = 7831.147368399611
Iteration 600: Loss = 7583.820931632242
Iteration 700: Loss = 7511.149731578086
Iteration 800: Loss = 7455.8015724150655
Iteration 900: Loss = 7355.748306981205
Iteration 1000: Loss = 7280.502773750149
Best loss: 7280.502773750149 | Parameters: [1906.86821292    2.16139014   39.81318919]
Initial loss: 10979.733099756771
Iteration 100: Loss = 10445.767258093694
Iteration 200: Loss = 10165.386387324876
Iteration 300: Loss = 9999.923509322927
Iteration 400: Loss = 9702.483155422442
Iteration 500: Loss = 8197.899364908233
Iteration 600: Loss = 7786.609502616899
Iteration 700: Loss = 7639.43600286821
Iteration 800: Loss = 7569.3023059852585
Iteration 900: Loss = 7499.729406171791
Iteration 1000: Loss = 7469.737760621987
Best loss: 7469.737760621987 | Parameters: [ 1.91286712e+03 -1.82010347e+00  3.40538014e+01]
Initial loss: 10979.733099756771
Iteration 100: Loss = 10421.443655957923
Iteration 200: Loss = 9880.689018652392
Iteration 300: Loss = 8160.906802105517
Iteration 400: Loss = 7374.425857489724
Iteration 500: Loss = 7341.732058078506
Iteration 600: Loss = 7288.2729385378425
Iteration 700: Loss = 7278.54690154717
Iteration 800: Loss = 7232.105816501302
Iteration 900: Loss = 7129.656202990564
Iteration 1000: Loss = 7100.867670214179
Best loss: 7100.867670214179 | Parameters: [1899.68817031   -2.51530753   45.38334775]
Initial loss: 10979.733099756771
Iteration 100: Loss = 10730.160968314807
Iteration 200: Loss = 10688.526603850089
Iteration 300: Loss = 10502.273081340583
Iteration 400: Loss = 9780.56899977667
Iteration 500: Loss = 8055.532924016674
Iteration 600: Loss = 7640.846651864002
Iteration 700: Loss = 7638.381256304508
Iteration 800: Loss = 7596.054725901491
Iteration 900: Loss = 7566.829442716016
Iteration 1000: Loss = 7520.924070655529
Best loss: 7520.924070655529 | Parameters: [1.91440553e+03 1.75400656e+00 3.36101143e+01]
Initial loss: 10979.733099756771
Iteration 100: Loss = 10577.076375097286
Iteration 200: Loss = 10272.308460429265
Iteration 300: Loss = 9911.395270314986
Iteration 400: Loss = 8924.264673927639
Iteration 500: Loss = 8122.353186795856
Iteration 600: Loss = 7697.135483359413
Iteration 700: Loss = 7483.433428820867
Iteration 800: Loss = 7432.488832061626
Iteration 900: Loss = 7397.565578145296
Iteration 1000: Loss = 7330.836678667853
Best loss: 7330.836678667853 | Parameters: [1907.78960723   -2.06337429   37.43152957]
Initial loss: 10979.733099756771
Iteration 100: Loss = 9760.345241886509
Iteration 200: Loss = 9128.12212126317
Iteration 300: Loss = 8198.250854503473
Iteration 400: Loss = 7741.343253110644
Iteration 500: Loss = 7728.037042677413
Iteration 600: Loss = 7688.620484877813
Iteration 700: Loss = 7674.437835209706
Iteration 800: Loss = 7667.793938825162
Iteration 900: Loss = 7647.5476209287635
Iteration 1000: Loss = 7605.673270165454
Best loss: 7605.673270165454 | Parameters: [ 1.91715790e+03 -1.70950060e+00  3.15424456e+01]
Initial loss: 10979.733099756771
Iteration 100: Loss = 10711.970067069733
Iteration 200: Loss = 10118.875856026387
Iteration 300: Loss = 9343.11127168626
Iteration 400: Loss = 8291.297383022076
Iteration 500: Loss = 7805.873177744281
Iteration 600: Loss = 7577.77928408792
Iteration 700: Loss = 7577.1443781588905
Iteration 800: Loss = 7552.667344709185
Iteration 900: Loss = 7432.2532594723225
Iteration 1000: Loss = 7379.341471762235
Best loss: 7379.341471762235 | Parameters: [1909.98975738    1.98275416   36.33505469]
Initial loss: 10979.733099756771
Iteration 100: Loss = 10489.154887873443
Iteration 200: Loss = 9556.810512556167
Iteration 300: Loss = 8252.807996039905
Iteration 400: Loss = 7992.21714808714
Iteration 500: Loss = 7818.70449172692
Iteration 600: Loss = 7766.658820143799
Iteration 700: Loss = 7766.658820143799
Iteration 800: Loss = 7598.725032471612
Iteration 900: Loss = 7573.305115102779
Iteration 1000: Loss = 7532.830281062383
Best loss: 7532.830281062383 | Parameters: [1.91388164e+03 1.78248314e+00 3.23985608e+01]
Initial loss: 10979.733099756771
Iteration 100: Loss = 10728.269420245086
Iteration 200: Loss = 10728.269420245086
Iteration 300: Loss = 10713.95400107746
Iteration 400: Loss = 10605.385223156843
Iteration 500: Loss = 10208.032624311963
Iteration 600: Loss = 9077.751259297784
Iteration 700: Loss = 8198.267868043366
Iteration 800: Loss = 7664.413070156113
Iteration 900: Loss = 7640.904950662164
Iteration 1000: Loss = 7535.728092686034
Best loss: 7535.728092686034 | Parameters: [ 1.91362612e+03 -1.67684385e+00  3.19372794e+01]
Initial loss: 10979.733099756771
Iteration 100: Loss = 10734.65661413037
Iteration 200: Loss = 10734.65661413037
Iteration 300: Loss = 10732.714301035003
Iteration 400: Loss = 10732.714301035003
Iteration 500: Loss = 10732.714301035003
Iteration 600: Loss = 10728.499851302771
Iteration 700: Loss = 10728.499851302771
Iteration 800: Loss = 10728.499851302771
Iteration 900: Loss = 10724.136400752208
Iteration 1000: Loss = 10724.136400752208
Best loss: 10724.136400752208 | Parameters: [ 1.91298158e+03 -2.41446170e-01  4.83333389e+00]
Initial loss: 10942.857366243443
Iteration 100: Loss = 10789.405957862466
Iteration 200: Loss = 10744.83535658563
Iteration 300: Loss = 10706.860020954973
Iteration 400: Loss = 10644.09888978642
Iteration 500: Loss = 10566.735965705764
Iteration 600: Loss = 10501.057913030787
Iteration 700: Loss = 10325.238912902309
Iteration 800: Loss = 10170.308617920087
Iteration 900: Loss = 10019.001321798534
Iteration 1000: Loss = 9797.918801906771
Best loss: 9797.918801906771 | Parameters: [1.91395663e+03 9.28938240e-01 1.65408287e+01]
Initial loss: 10942.857366243443
Iteration 100: Loss = 10774.846321973313
Iteration 200: Loss = 10742.223399608027
Iteration 300: Loss = 10725.769406340141
Iteration 400: Loss = 10713.847521972248
Iteration 500: Loss = 10698.779475387617
Iteration 600: Loss = 10674.770300819
Iteration 700: Loss = 10614.735866710698
Iteration 800: Loss = 10580.55353371051
Iteration 900: Loss = 10463.896114263956
Iteration 1000: Loss = 10313.455051752511
Best loss: 10313.455051752511 | Parameters: [1.91068761e+03 8.22541016e-01 1.36051172e+01]
Initial loss: 10942.857366243443
Iteration 100: Loss = 10740.731672226093
Iteration 200: Loss = 10704.255035705519
Iteration 300: Loss = 10652.270296765128
Iteration 400: Loss = 10620.870910139774
Iteration 500: Loss = 10548.5171316359
Iteration 600: Loss = 10322.479029820543
Iteration 700: Loss = 10133.474395515863
Iteration 800: Loss = 9778.205357386176
Iteration 900: Loss = 9458.10961118632
Iteration 1000: Loss = 9174.03461123308
Best loss: 9174.03461123308 | Parameters: [1.91409106e+03 1.09419949e+00 1.95576472e+01]
Initial loss: 10942.857366243443
Iteration 100: Loss = 10720.469368912163
Iteration 200: Loss = 10662.446927119945
Iteration 300: Loss = 10646.5829314277
Iteration 400: Loss = 10504.310797192544
Iteration 500: Loss = 10426.17816092331
Iteration 600: Loss = 10024.119303655392
Iteration 700: Loss = 9395.542382815875
Iteration 800: Loss = 8547.406060472094
Iteration 900: Loss = 8162.080143286779
Iteration 1000: Loss = 7853.638563385311
Best loss: 7853.638563385311 | Parameters: [1.91354654e+03 1.45188337e+00 2.72248305e+01]
Initial loss: 10942.857366243443
Iteration 100: Loss = 10726.166976676224
Iteration 200: Loss = 10718.016692625773
Iteration 300: Loss = 10685.107129184782
Iteration 400: Loss = 10679.517703399606
Iteration 500: Loss = 10657.37762718581
Iteration 600: Loss = 10613.99320612424
Iteration 700: Loss = 10524.338273995765
Iteration 800: Loss = 10480.910209319447
Iteration 900: Loss = 10240.005426499874
Iteration 1000: Loss = 9859.713494878837
Best loss: 9859.713494878837 | Parameters: [1.90945802e+03 1.02122824e+00 1.73233880e+01]
Initial loss: 10942.857366243443
Iteration 100: Loss = 10639.346272002304
Iteration 200: Loss = 10536.115508832108
Iteration 300: Loss = 10094.62761653403
Iteration 400: Loss = 9853.996960209905
Iteration 500: Loss = 9325.94137918452
Iteration 600: Loss = 8322.99595053364
Iteration 700: Loss = 7854.796864593453
Iteration 800: Loss = 7734.563571070485
Iteration 900: Loss = 7680.179181628641
Iteration 1000: Loss = 7655.976790319916
Best loss: 7655.976790319916 | Parameters: [1.91831493e+03 1.52316731e+00 2.91056000e+01]
Initial loss: 10942.857366243443
Iteration 100: Loss = 10661.481754552044
Iteration 200: Loss = 10620.496368644106
Iteration 300: Loss = 10574.535773912266
Iteration 400: Loss = 10415.362697483568
Iteration 500: Loss = 10239.600606564476
Iteration 600: Loss = 9580.54909317796
Iteration 700: Loss = 9009.167814314756
Iteration 800: Loss = 8093.206980721015
Iteration 900: Loss = 7746.165985509382
Iteration 1000: Loss = 7614.301138444563
Best loss: 7614.301138444563 | Parameters: [1.91508605e+03 1.56813776e+00 3.00062164e+01]
Initial loss: 10942.857366243443
Iteration 100: Loss = 10750.471963990554
Iteration 200: Loss = 10351.749972678746
Iteration 300: Loss = 10132.64611970745
Iteration 400: Loss = 9083.831784811087
Iteration 500: Loss = 8249.6003238733
Iteration 600: Loss = 7910.363357435762
Iteration 700: Loss = 7832.945542670235
Iteration 800: Loss = 7754.968901451958
Iteration 900: Loss = 7745.37613727933
Iteration 1000: Loss = 7714.257850957298
Best loss: 7714.257850957298 | Parameters: [1.92063273e+03 1.47285572e+00 2.81436352e+01]
Initial loss: 10942.857366243443
Iteration 100: Loss = 10653.16877019163
Iteration 200: Loss = 10346.762585504819
Iteration 300: Loss = 9759.51011630637
Iteration 400: Loss = 8781.515966940326
Iteration 500: Loss = 8088.113069593142
Iteration 600: Loss = 7705.786877246872
Iteration 700: Loss = 7670.242214961495
Iteration 800: Loss = 7664.061609704184
Iteration 900: Loss = 7628.484389615756
Iteration 1000: Loss = 7618.8438424214655
Best loss: 7618.8438424214655 | Parameters: [1.91747051e+03 1.59365510e+00 3.04388149e+01]
Initial loss: 10942.857366243443
Iteration 100: Loss = 10718.541206673659
Iteration 200: Loss = 10709.230989605074
Iteration 300: Loss = 10709.230989605074
Iteration 400: Loss = 10622.150348670299
Iteration 500: Loss = 10610.00718475515
Iteration 600: Loss = 10298.097398358594
Iteration 700: Loss = 9329.362883268886
Iteration 800: Loss = 8189.222270577598
Iteration 900: Loss = 7849.072983677214
Iteration 1000: Loss = 7592.02037152163
Best loss: 7592.02037152163 | Parameters: [1.91442342e+03 1.65749339e+00 3.05440886e+01]
Initial loss: 10942.857366243443
Iteration 100: Loss = 10704.81175339535
Iteration 200: Loss = 10638.96025732297
Iteration 300: Loss = 10588.318963416265
Iteration 400: Loss = 10520.057635817495
Iteration 500: Loss = 10460.379866335617
Iteration 600: Loss = 10097.912709172273
Iteration 700: Loss = 9424.056849787343
Iteration 800: Loss = 8573.75111108492
Iteration 900: Loss = 7909.044189279191
Iteration 1000: Loss = 7600.640904854088
Best loss: 7600.640904854088 | Parameters: [ 1.91455627e+03 -1.61642748e+00  3.02367445e+01]
Initial loss: 10942.857366243443
Iteration 100: Loss = 10502.482864171012
Iteration 200: Loss = 10291.178892550251
Iteration 300: Loss = 9726.420553876778
Iteration 400: Loss = 8834.452357377406
Iteration 500: Loss = 8307.280630651547
Iteration 600: Loss = 7851.06302258644
Iteration 700: Loss = 7653.335126290917
Iteration 800: Loss = 7594.785943913563
Iteration 900: Loss = 7527.647184559458
Iteration 1000: Loss = 7527.647184559458
Best loss: 7527.647184559458 | Parameters: [ 1.91472094e+03 -1.74192140e+00  3.29443797e+01]
Initial loss: 10942.857366243443
Iteration 100: Loss = 10660.218937669384
Iteration 200: Loss = 10584.025312656358
Iteration 300: Loss = 10208.372687658057
Iteration 400: Loss = 9083.355685733723
Iteration 500: Loss = 8063.614529371575
Iteration 600: Loss = 7817.501424483299
Iteration 700: Loss = 7730.899569714124
Iteration 800: Loss = 7635.517277739845
Iteration 900: Loss = 7526.555421733482
Iteration 1000: Loss = 7507.574784574129
Best loss: 7507.574784574129 | Parameters: [1.91377977e+03 1.83589881e+00 3.34444368e+01]
Initial loss: 10942.857366243443
Iteration 100: Loss = 10729.70398028633
Iteration 200: Loss = 10729.70398028633
Iteration 300: Loss = 10714.320642555473
Iteration 400: Loss = 10574.100198407417
Iteration 500: Loss = 10435.375447333225
Iteration 600: Loss = 9801.70580851
Iteration 700: Loss = 9050.310097044137
Iteration 800: Loss = 8442.564773736938
Iteration 900: Loss = 7792.320282603092
Iteration 1000: Loss = 7682.956956304056
Best loss: 7682.956956304056 | Parameters: [1.91761696e+03 1.57654734e+00 2.87656128e+01]
Initial loss: 10942.857366243443
Iteration 100: Loss = 10689.4921389695
Iteration 200: Loss = 10617.710411333035
Iteration 300: Loss = 10541.401443333727
Iteration 400: Loss = 10374.797387491388
Iteration 500: Loss = 10151.01235294632
Iteration 600: Loss = 9337.79987155049
Iteration 700: Loss = 8414.763900206972
Iteration 800: Loss = 7717.224731026317
Iteration 900: Loss = 7661.181946036588
Iteration 1000: Loss = 7591.236068327441
Best loss: 7591.236068327441 | Parameters: [1.91526645e+03 1.59751785e+00 3.10005513e+01]
Initial loss: 10942.857366243443
Iteration 100: Loss = 10600.82273815851
Iteration 200: Loss = 10249.295278598054
Iteration 300: Loss = 9634.892669038012
Iteration 400: Loss = 8371.427262581776
Iteration 500: Loss = 7767.765288419371
Iteration 600: Loss = 7672.5408109577575
Iteration 700: Loss = 7613.402030008858
Iteration 800: Loss = 7568.255434745449
Iteration 900: Loss = 7484.369343794347
Iteration 1000: Loss = 7468.30558617305
Best loss: 7468.30558617305 | Parameters: [ 1.91292823e+03 -1.82482744e+00  3.44721860e+01]
Initial loss: 10942.857366243443
Iteration 100: Loss = 10695.294797712606
Iteration 200: Loss = 10567.994036590371
Iteration 300: Loss = 9923.327322328176
Iteration 400: Loss = 8825.414464864545
Iteration 500: Loss = 7845.405818284086
Iteration 600: Loss = 7737.111873642791
Iteration 700: Loss = 7734.749951734762
Iteration 800: Loss = 7657.419575036834
Iteration 900: Loss = 7602.120086545761
Iteration 1000: Loss = 7602.120086545761
Best loss: 7602.120086545761 | Parameters: [1.91722860e+03 1.73878394e+00 3.22263879e+01]
Initial loss: 10942.857366243443
Iteration 100: Loss = 10676.01471748904
Iteration 200: Loss = 10617.704360265601
Iteration 300: Loss = 10388.576843211595
Iteration 400: Loss = 9809.601343696673
Iteration 500: Loss = 9415.421522617728
Iteration 600: Loss = 8098.296801519474
Iteration 700: Loss = 7746.4012468130495
Iteration 800: Loss = 7646.717892470437
Iteration 900: Loss = 7537.416892433825
Iteration 1000: Loss = 7444.560260098144
Best loss: 7444.560260098144 | Parameters: [ 1.91117698e+03 -1.86384915e+00  3.41219386e+01]
Initial loss: 10942.857366243443
Iteration 100: Loss = 10563.91048881474
Iteration 200: Loss = 10264.603279565323
Iteration 300: Loss = 9811.96043571744
Iteration 400: Loss = 9055.029084473987
Iteration 500: Loss = 8304.560310321502
Iteration 600: Loss = 7912.107014783193
Iteration 700: Loss = 7448.210348385184
Iteration 800: Loss = 7358.6815205224275
Iteration 900: Loss = 7354.1615204404225
Iteration 1000: Loss = 7352.151339612573
Best loss: 7352.151339612573 | Parameters: [1909.66950392   -2.07222554   38.44843216]
Initial loss: 10942.857366243443
Iteration 100: Loss = 10717.879905173353
Iteration 200: Loss = 10193.857612734519
Iteration 300: Loss = 9742.883176925923
Iteration 400: Loss = 8501.969021355671
Iteration 500: Loss = 7711.724859591223
Iteration 600: Loss = 7482.32713029931
Iteration 700: Loss = 7451.229951865982
Iteration 800: Loss = 7390.220528842912
Iteration 900: Loss = 7310.14317360854
Iteration 1000: Loss = 7279.68930798839
Best loss: 7279.68930798839 | Parameters: [1906.52868544   -2.14004159   39.41802462]
Initial loss: 10942.857366243443
Iteration 100: Loss = 10733.384902492593
Iteration 200: Loss = 10731.251752907066
Iteration 300: Loss = 10729.349876544617
Iteration 400: Loss = 10709.893794515261
Iteration 500: Loss = 10205.599187066278
Iteration 600: Loss = 9608.122249991653
Iteration 700: Loss = 8338.23636373697
Iteration 800: Loss = 7763.203243142548
Iteration 900: Loss = 7597.055862725529
Iteration 1000: Loss = 7595.261365566483
Best loss: 7595.261365566483 | Parameters: [1.91542730e+03 1.66899165e+00 3.06586939e+01]
Initial loss: 10942.857366243443
Iteration 100: Loss = 10709.749596245207
Iteration 200: Loss = 10527.787615729234
Iteration 300: Loss = 9964.184736180514
Iteration 400: Loss = 9540.540988298231
Iteration 500: Loss = 8448.134792352683
Iteration 600: Loss = 7601.408293507907
Iteration 700: Loss = 7557.752043863967
Iteration 800: Loss = 7515.132194518451
Iteration 900: Loss = 7332.588802903786
Iteration 1000: Loss = 7306.235796319933
Best loss: 7306.235796319933 | Parameters: [1907.40589774   -2.07831271   38.60404837]
Initial loss: 10942.857366243443
Iteration 100: Loss = 10602.82269128012
Iteration 200: Loss = 10518.9383966095
Iteration 300: Loss = 10243.632064991172
Iteration 400: Loss = 9965.433129281466
Iteration 500: Loss = 8838.525823290285
Iteration 600: Loss = 7856.423989928067
Iteration 700: Loss = 7553.755340086641
Iteration 800: Loss = 7469.005074773405
Iteration 900: Loss = 7416.672666328312
Iteration 1000: Loss = 7377.189444122835
Best loss: 7377.189444122835 | Parameters: [1910.15323906    1.97050957   36.76878409]
Initial loss: 10942.857366243443
Iteration 100: Loss = 10467.472103387354
Iteration 200: Loss = 9864.391642553672
Iteration 300: Loss = 9029.304213184
Iteration 400: Loss = 8733.256661144982
Iteration 500: Loss = 7854.908288245833
Iteration 600: Loss = 7589.280241654783
Iteration 700: Loss = 7510.064511522986
Iteration 800: Loss = 7449.824198519999
Iteration 900: Loss = 7423.200548287081
Iteration 1000: Loss = 7376.10706522832
Best loss: 7376.10706522832 | Parameters: [1909.63369454    2.01347375   36.46011037]
Initial loss: 10942.857366243443
Iteration 100: Loss = 10753.344702123952
Iteration 200: Loss = 10753.344702123952
Iteration 300: Loss = 10749.830340853883
Iteration 400: Loss = 10749.830340853883
Iteration 500: Loss = 10749.830340853883
Iteration 600: Loss = 10749.830340853883
Iteration 700: Loss = 10749.830340853883
Iteration 800: Loss = 10724.422842384101
Iteration 900: Loss = 10724.422842384101
Iteration 1000: Loss = 10724.422842384101
Best loss: 10724.422842384101 | Parameters: [ 1.91395728e+03 -1.97561375e-01  4.03124860e+00]
Initial loss: 10942.857366243443
Iteration 100: Loss = 10675.004722265983
Iteration 200: Loss = 9868.984242318467
Iteration 300: Loss = 8400.439161710474
Iteration 400: Loss = 7723.2804181195725
Iteration 500: Loss = 7541.890386567259
Iteration 600: Loss = 7476.704376162702
Iteration 700: Loss = 7447.542253246428
Iteration 800: Loss = 7438.1553464737635
Iteration 900: Loss = 7423.288997889086
Iteration 1000: Loss = 7378.561964321952
Best loss: 7378.561964321952 | Parameters: [1909.41144257    2.00545333   36.22601669]
Initial loss: 10942.857366243443
Iteration 100: Loss = 10768.241344163975
Iteration 200: Loss = 10740.451823055848
Iteration 300: Loss = 10731.029776938327
Iteration 400: Loss = 10731.029776938327
Iteration 500: Loss = 10729.918311109106
Iteration 600: Loss = 10626.792159560184
Iteration 700: Loss = 10458.094765719876
Iteration 800: Loss = 9436.768179927289
Iteration 900: Loss = 8110.590911250613
Iteration 1000: Loss = 7809.6608609810555
Best loss: 7809.6608609810555 | Parameters: [ 1.92124854e+03 -1.39764292e+00  2.57987082e+01]
Initial loss: 10942.857366243443
Iteration 100: Loss = 10794.33800552048
Iteration 200: Loss = 10742.612009455715
Iteration 300: Loss = 10724.224836157915
Iteration 400: Loss = 10724.224836157915
Iteration 500: Loss = 10724.224836157915
Iteration 600: Loss = 10724.224836157915
Iteration 700: Loss = 10724.224836157915
Iteration 800: Loss = 10723.154263650324
Iteration 900: Loss = 10722.6779835363
Iteration 1000: Loss = 10721.345385498707
Best loss: 10721.345385498707 | Parameters: [1.91345417e+03 2.08118089e-01 4.16591609e+00]
Initial loss: 10942.857366243443
Iteration 100: Loss = 10654.854346194697
Iteration 200: Loss = 10464.382255365474
Iteration 300: Loss = 9837.542540803204
Iteration 400: Loss = 9221.959710245397
Iteration 500: Loss = 8654.39438124982
Iteration 600: Loss = 7987.1128141587615
Iteration 700: Loss = 7699.827714996474
Iteration 800: Loss = 7581.771928679218
Iteration 900: Loss = 7555.426716950848
Iteration 1000: Loss = 7522.328616645931
Best loss: 7522.328616645931 | Parameters: [1.91428644e+03 1.72766022e+00 3.28231492e+01]
Initial loss: 10942.857366243443
Iteration 100: Loss = 10211.28180281086
Iteration 200: Loss = 8376.877581409919
Iteration 300: Loss = 7898.102013008884
Iteration 400: Loss = 7754.080990974911
Iteration 500: Loss = 7736.0365472775575
Iteration 600: Loss = 7689.457554125606
Iteration 700: Loss = 7658.708776112082
Iteration 800: Loss = 7586.905580751825
Iteration 900: Loss = 7555.697452244289
Iteration 1000: Loss = 7467.634845046709
Best loss: 7467.634845046709 | Parameters: [ 1.91295600e+03 -1.85457890e+00  3.43518436e+01]
Initial loss: 10905.187337109182
Iteration 100: Loss = 10746.253710784795
Iteration 200: Loss = 10724.681634627259
Iteration 300: Loss = 10704.683141523477
Iteration 400: Loss = 10695.90701582154
Iteration 500: Loss = 10681.972504048756
Iteration 600: Loss = 10674.443267521616
Iteration 700: Loss = 10654.770969309066
Iteration 800: Loss = 10636.764322385983
Iteration 900: Loss = 10602.907758530191
Iteration 1000: Loss = 10570.065596541519
Best loss: 10570.065596541519 | Parameters: [1.91086052e+03 6.53787200e-01 1.05980216e+01]
Initial loss: 10905.187337109182
Iteration 100: Loss = 10759.584511369498
Iteration 200: Loss = 10716.001387921648
Iteration 300: Loss = 10701.020772521053
Iteration 400: Loss = 10662.469242526704
Iteration 500: Loss = 10643.175422623122
Iteration 600: Loss = 10567.479062347738
Iteration 700: Loss = 10382.383839489346
Iteration 800: Loss = 10217.724776857745
Iteration 900: Loss = 9870.615338166255
Iteration 1000: Loss = 9279.05487492604
Best loss: 9279.05487492604 | Parameters: [1.91307266e+03 1.08877855e+00 1.94007021e+01]
Initial loss: 10905.187337109182
Iteration 100: Loss = 10692.03342758652
Iteration 200: Loss = 10637.628409248466
Iteration 300: Loss = 10565.635735413689
Iteration 400: Loss = 10322.783832353129
Iteration 500: Loss = 10118.753951581566
Iteration 600: Loss = 9799.312941076763
Iteration 700: Loss = 8808.117653230061
Iteration 800: Loss = 8395.804373976976
Iteration 900: Loss = 7852.668460952246
Iteration 1000: Loss = 7739.356235380909
Best loss: 7739.356235380909 | Parameters: [1.91852245e+03 1.41977758e+00 2.69501692e+01]
Initial loss: 10905.187337109182
Iteration 100: Loss = 10690.492244340878
Iteration 200: Loss = 10509.736374819302
Iteration 300: Loss = 10400.855318677444
Iteration 400: Loss = 9781.458279405444
Iteration 500: Loss = 9106.07625555284
Iteration 600: Loss = 8671.255972333289
Iteration 700: Loss = 8376.60876330298
Iteration 800: Loss = 8018.113977090516
Iteration 900: Loss = 7737.242858202104
Iteration 1000: Loss = 7639.288706237884
Best loss: 7639.288706237884 | Parameters: [1.91471191e+03 1.55276503e+00 2.94807256e+01]
Initial loss: 10905.187337109182
Iteration 100: Loss = 10805.640886059951
Iteration 200: Loss = 10664.470349996855
Iteration 300: Loss = 10600.538644999691
Iteration 400: Loss = 10353.461273561581
Iteration 500: Loss = 9947.097236255833
Iteration 600: Loss = 9111.267302247594
Iteration 700: Loss = 8358.770438094196
Iteration 800: Loss = 7959.992496321312
Iteration 900: Loss = 7789.28861146483
Iteration 1000: Loss = 7658.552363920014
Best loss: 7658.552363920014 | Parameters: [ 1.91825221e+03 -1.55741728e+00  2.91112697e+01]
Initial loss: 10905.187337109182
Iteration 100: Loss = 10619.580248267512
Iteration 200: Loss = 10054.158991107986
Iteration 300: Loss = 9202.340971364949
Iteration 400: Loss = 8239.354689657517
Iteration 500: Loss = 7864.443162001685
Iteration 600: Loss = 7674.764301450607
Iteration 700: Loss = 7548.565284863298
Iteration 800: Loss = 7502.849878423479
Iteration 900: Loss = 7474.4841504210335
Iteration 1000: Loss = 7436.1874970761
Best loss: 7436.1874970761 | Parameters: [1.91190777e+03 1.88213331e+00 3.49282111e+01]
Initial loss: 10905.187337109182
Iteration 100: Loss = 10663.003719429693
Iteration 200: Loss = 10596.049699921714
Iteration 300: Loss = 10114.261752149016
Iteration 400: Loss = 9724.312559382146
Iteration 500: Loss = 8864.774323543357
Iteration 600: Loss = 8086.174352407449
Iteration 700: Loss = 7781.520701563188
Iteration 800: Loss = 7724.373450907279
Iteration 900: Loss = 7623.744905154888
Iteration 1000: Loss = 7574.709876450015
Best loss: 7574.709876450015 | Parameters: [1.91576852e+03 1.66120734e+00 3.12506592e+01]
Initial loss: 10905.187337109182
Iteration 100: Loss = 10695.883647767003
Iteration 200: Loss = 10635.348650702741
Iteration 300: Loss = 10555.384859395941
Iteration 400: Loss = 10425.542969660593
Iteration 500: Loss = 9718.318657414095
Iteration 600: Loss = 9098.686787472012
Iteration 700: Loss = 8641.723905860055
Iteration 800: Loss = 8053.258119982634
Iteration 900: Loss = 7803.001612935002
Iteration 1000: Loss = 7684.666114338773
Best loss: 7684.666114338773 | Parameters: [ 1.91869839e+03 -1.46303687e+00  2.82653498e+01]
Initial loss: 10905.187337109182
Iteration 100: Loss = 10738.169509294083
Iteration 200: Loss = 10687.701599393344
Iteration 300: Loss = 10683.522882718378
Iteration 400: Loss = 10395.453180608285
Iteration 500: Loss = 10147.438251553078
Iteration 600: Loss = 9752.561591773865
Iteration 700: Loss = 8869.661063196674
Iteration 800: Loss = 8170.692079873843
Iteration 900: Loss = 7705.896029343094
Iteration 1000: Loss = 7566.095550171875
Best loss: 7566.095550171875 | Parameters: [1.91400177e+03 1.62700952e+00 3.15317556e+01]
Initial loss: 10905.187337109182
Iteration 100: Loss = 10705.965835276222
Iteration 200: Loss = 10573.590281176745
Iteration 300: Loss = 10517.460924807652
Iteration 400: Loss = 10213.253238365462
Iteration 500: Loss = 9930.627244481084
Iteration 600: Loss = 9158.526996594685
Iteration 700: Loss = 8687.444331648385
Iteration 800: Loss = 7836.96734939408
Iteration 900: Loss = 7626.315430434193
Iteration 1000: Loss = 7578.076840327149
Best loss: 7578.076840327149 | Parameters: [1.91519934e+03 1.69481042e+00 3.11346525e+01]
Initial loss: 10905.187337109182
Iteration 100: Loss = 10597.536330936095
Iteration 200: Loss = 10296.334388013533
Iteration 300: Loss = 9870.339612663305
Iteration 400: Loss = 8514.665695093
Iteration 500: Loss = 7958.319459973561
Iteration 600: Loss = 7752.083326383902
Iteration 700: Loss = 7696.707407606711
Iteration 800: Loss = 7660.209961395612
Iteration 900: Loss = 7606.846929796833
Iteration 1000: Loss = 7583.838059006941
Best loss: 7583.838059006941 | Parameters: [ 1.91579250e+03 -1.62405189e+00  3.10002392e+01]
Initial loss: 10905.187337109182
Iteration 100: Loss = 10685.432722512594
Iteration 200: Loss = 10587.941208195794
Iteration 300: Loss = 10386.835595142657
Iteration 400: Loss = 10021.156073555992
Iteration 500: Loss = 8746.776762416148
Iteration 600: Loss = 8097.714170736384
Iteration 700: Loss = 7701.163631322913
Iteration 800: Loss = 7665.901043391526
Iteration 900: Loss = 7644.870287186395
Iteration 1000: Loss = 7604.985878397409
Best loss: 7604.985878397409 | Parameters: [1.91737193e+03 1.65703700e+00 3.15256304e+01]
Initial loss: 10905.187337109182
Iteration 100: Loss = 10715.544641395378
Iteration 200: Loss = 10417.50932829567
Iteration 300: Loss = 9861.90129828169
Iteration 400: Loss = 8606.855186059638
Iteration 500: Loss = 7898.444662266183
Iteration 600: Loss = 7591.128955147382
Iteration 700: Loss = 7581.804078937805
Iteration 800: Loss = 7527.078907039346
Iteration 900: Loss = 7505.417015316751
Iteration 1000: Loss = 7495.659859414302
Best loss: 7495.659859414302 | Parameters: [1.91327914e+03 1.76823912e+00 3.40297592e+01]
Initial loss: 10905.187337109182
Iteration 100: Loss = 10485.233020068172
Iteration 200: Loss = 10136.065127509228
Iteration 300: Loss = 8835.302522704278
Iteration 400: Loss = 8321.569315896737
Iteration 500: Loss = 8014.860139788247
Iteration 600: Loss = 7735.268043940275
Iteration 700: Loss = 7611.094271269541
Iteration 800: Loss = 7579.712967975845
Iteration 900: Loss = 7541.438794209882
Iteration 1000: Loss = 7515.7432772068605
Best loss: 7515.7432772068605 | Parameters: [1.91461677e+03 1.90348510e+00 3.51214348e+01]
Initial loss: 10905.187337109182
Iteration 100: Loss = 10585.070095836276
Iteration 200: Loss = 10357.392295998407
Iteration 300: Loss = 9639.599067227085
Iteration 400: Loss = 8446.48718379205
Iteration 500: Loss = 8069.745923317421
Iteration 600: Loss = 7833.956777273157
Iteration 700: Loss = 7714.418093023963
Iteration 800: Loss = 7652.034255645756
Iteration 900: Loss = 7588.329759546186
Iteration 1000: Loss = 7533.034768136885
Best loss: 7533.034768136885 | Parameters: [ 1.91486258e+03 -1.74037475e+00  3.32713881e+01]
Initial loss: 10905.187337109182
Iteration 100: Loss = 10546.39728821662
Iteration 200: Loss = 9688.918162169008
Iteration 300: Loss = 9345.377435918004
Iteration 400: Loss = 8357.911932743616
Iteration 500: Loss = 7810.941488390193
Iteration 600: Loss = 7629.3405511473975
Iteration 700: Loss = 7619.489294009116
Iteration 800: Loss = 7554.566334123704
Iteration 900: Loss = 7554.566334123704
Iteration 1000: Loss = 7522.151776126431
Best loss: 7522.151776126431 | Parameters: [ 1.91451014e+03 -1.79979912e+00  3.31626943e+01]
Initial loss: 10905.187337109182
Iteration 100: Loss = 10629.69339754724
Iteration 200: Loss = 10556.224575044536
Iteration 300: Loss = 10239.945887163518
Iteration 400: Loss = 9080.167980526277
Iteration 500: Loss = 7756.803180049635
Iteration 600: Loss = 7584.212109309951
Iteration 700: Loss = 7518.29210154193
Iteration 800: Loss = 7475.45264211082
Iteration 900: Loss = 7394.944570862951
Iteration 1000: Loss = 7363.782240613642
Best loss: 7363.782240613642 | Parameters: [1910.1049746    -2.09980894   38.61932211]
Initial loss: 10905.187337109182
Iteration 100: Loss = 10619.527339598131
Iteration 200: Loss = 10275.738526774561
Iteration 300: Loss = 10016.929560481287
Iteration 400: Loss = 9822.476096426324
Iteration 500: Loss = 8503.094397256702
Iteration 600: Loss = 7941.348740398179
Iteration 700: Loss = 7707.737955974095
Iteration 800: Loss = 7603.760838016438
Iteration 900: Loss = 7510.63446285435
Iteration 1000: Loss = 7444.778334154342
Best loss: 7444.778334154342 | Parameters: [1.91219142e+03 1.85677773e+00 3.48730477e+01]
Initial loss: 10905.187337109182
Iteration 100: Loss = 10730.588777407438
Iteration 200: Loss = 10401.187965599931
Iteration 300: Loss = 10116.24789967525
Iteration 400: Loss = 8693.209978154115
Iteration 500: Loss = 7732.686241520152
Iteration 600: Loss = 7621.774641664446
Iteration 700: Loss = 7578.115077570906
Iteration 800: Loss = 7504.26968218157
Iteration 900: Loss = 7449.132578874932
Iteration 1000: Loss = 7336.291894723208
Best loss: 7336.291894723208 | Parameters: [1908.39811877    2.05294031   37.46213717]
Initial loss: 10905.187337109182
Iteration 100: Loss = 10688.764342751643
Iteration 200: Loss = 10683.692371941426
Iteration 300: Loss = 10542.23132599128
Iteration 400: Loss = 9892.843547461962
Iteration 500: Loss = 9216.620897001987
Iteration 600: Loss = 8834.053105588297
Iteration 700: Loss = 7966.785835940863
Iteration 800: Loss = 7733.177080259746
Iteration 900: Loss = 7590.653411764412
Iteration 1000: Loss = 7530.285676012191
Best loss: 7530.285676012191 | Parameters: [ 1.91474095e+03 -1.75903983e+00  3.27244977e+01]
Initial loss: 10905.187337109182
Iteration 100: Loss = 10734.631897984307
Iteration 200: Loss = 10731.633798504354
Iteration 300: Loss = 10731.633798504354
Iteration 400: Loss = 10731.633798504354
Iteration 500: Loss = 10730.501356125857
Iteration 600: Loss = 10730.501356125857
Iteration 700: Loss = 10730.501356125857
Iteration 800: Loss = 10729.416717372604
Iteration 900: Loss = 10729.416717372604
Iteration 1000: Loss = 10729.416717372604
Best loss: 10729.416717372604 | Parameters: [1.91241889e+03 3.18465844e-01 5.76588810e+00]
Initial loss: 10905.187337109182
Iteration 100: Loss = 10741.772999093642
Iteration 200: Loss = 10731.403880087293
Iteration 300: Loss = 10637.830561683922
Iteration 400: Loss = 10525.738907428286
Iteration 500: Loss = 10346.26397133838
Iteration 600: Loss = 8472.55106639299
Iteration 700: Loss = 8056.198772550375
Iteration 800: Loss = 7818.561840621214
Iteration 900: Loss = 7764.896076673284
Iteration 1000: Loss = 7667.643675320436
Best loss: 7667.643675320436 | Parameters: [ 1.91932648e+03 -1.54451850e+00  2.95821398e+01]
Initial loss: 10905.187337109182
Iteration 100: Loss = 10626.210676796574
Iteration 200: Loss = 10027.943269202593
Iteration 300: Loss = 8780.585658063845
Iteration 400: Loss = 7835.64992864665
Iteration 500: Loss = 7797.325592885985
Iteration 600: Loss = 7782.215837992141
Iteration 700: Loss = 7774.082496395696
Iteration 800: Loss = 7704.335019423057
Iteration 900: Loss = 7487.168949587113
Iteration 1000: Loss = 7451.881033606426
Best loss: 7451.881033606426 | Parameters: [1912.77253367    1.92016669   35.59467456]
Initial loss: 10905.187337109182
Iteration 100: Loss = 10722.335327403138
Iteration 200: Loss = 10523.430746299193
Iteration 300: Loss = 10270.35759382176
Iteration 400: Loss = 9999.910449501003
Iteration 500: Loss = 9465.119268895682
Iteration 600: Loss = 8476.615769934122
Iteration 700: Loss = 7897.440247169036
Iteration 800: Loss = 7617.557899226147
Iteration 900: Loss = 7505.473709239677
Iteration 1000: Loss = 7465.161910572511
Best loss: 7465.161910572511 | Parameters: [1.91286089e+03 1.84514568e+00 3.43371064e+01]
Initial loss: 10905.187337109182
Iteration 100: Loss = 10650.548444476903
Iteration 200: Loss = 10522.920694928112
Iteration 300: Loss = 9554.239094445731
Iteration 400: Loss = 8920.187627178182
Iteration 500: Loss = 8004.1375493444775
Iteration 600: Loss = 7733.30276945084
Iteration 700: Loss = 7687.156943979123
Iteration 800: Loss = 7648.353460985939
Iteration 900: Loss = 7633.399736903817
Iteration 1000: Loss = 7633.399736903817
Best loss: 7633.399736903817 | Parameters: [ 1.91822689e+03 -1.59938938e+00  3.06339090e+01]
Initial loss: 10905.187337109182
Iteration 100: Loss = 10711.705229076331
Iteration 200: Loss = 10598.535866131007
Iteration 300: Loss = 10280.004561276137
Iteration 400: Loss = 9867.40328872112
Iteration 500: Loss = 8925.607418999936
Iteration 600: Loss = 8696.083137594826
Iteration 700: Loss = 7831.496653279296
Iteration 800: Loss = 7627.275704253019
Iteration 900: Loss = 7624.337684438935
Iteration 1000: Loss = 7552.501967806946
Best loss: 7552.501967806946 | Parameters: [1.91491395e+03 1.68612658e+00 3.16860399e+01]
Initial loss: 10905.187337109182
Iteration 100: Loss = 10713.903665597365
Iteration 200: Loss = 10572.10665407385
Iteration 300: Loss = 10419.661048981656
Iteration 400: Loss = 9450.00317530446
Iteration 500: Loss = 8020.8087173013255
Iteration 600: Loss = 7566.851879313106
Iteration 700: Loss = 7514.216423350236
Iteration 800: Loss = 7493.1985591143275
Iteration 900: Loss = 7445.694459197902
Iteration 1000: Loss = 7382.368602868053
Best loss: 7382.368602868053 | Parameters: [1910.0345954    -1.95840956   36.13472559]
Initial loss: 10905.187337109182
Iteration 100: Loss = 9854.027184135588
Iteration 200: Loss = 9756.533123053754
Iteration 300: Loss = 8364.53716390124
Iteration 400: Loss = 8088.541161421809
Iteration 500: Loss = 7928.898130243279
Iteration 600: Loss = 7897.94735468645
Iteration 700: Loss = 7786.027086772265
Iteration 800: Loss = 7751.224316223869
Iteration 900: Loss = 7717.108615313061
Iteration 1000: Loss = 7674.898052288588
Best loss: 7674.898052288588 | Parameters: [ 1.91929232e+03 -1.50462169e+00  2.90443288e+01]
Initial loss: 10905.187337109182
Iteration 100: Loss = 10118.078922129445
Iteration 200: Loss = 9477.67899762311
Iteration 300: Loss = 8608.814914018563
Iteration 400: Loss = 7730.926206456166
Iteration 500: Loss = 7657.408897910432
Iteration 600: Loss = 7569.469250683374
Iteration 700: Loss = 7546.923711390831
Iteration 800: Loss = 7532.183334977152
Iteration 900: Loss = 7393.494831182353
Iteration 1000: Loss = 7345.316719625062
Best loss: 7345.316719625062 | Parameters: [1908.72333869   -2.00219605   37.59685578]
Initial loss: 10905.187337109182
Iteration 100: Loss = 10314.905237643738
Iteration 200: Loss = 8912.607877420436
Iteration 300: Loss = 8206.651175220322
Iteration 400: Loss = 7802.530200261885
Iteration 500: Loss = 7751.306913248163
Iteration 600: Loss = 7738.370659185031
Iteration 700: Loss = 7643.4835907106235
Iteration 800: Loss = 7598.534998971716
Iteration 900: Loss = 7551.676179633874
Iteration 1000: Loss = 7551.676179633874
Best loss: 7551.676179633874 | Parameters: [1.91574786e+03 1.80830824e+00 3.41341463e+01]
Initial loss: 10867.295436058617
Iteration 100: Loss = 10733.234069160613
Iteration 200: Loss = 10677.637188893395
Iteration 300: Loss = 10629.178937262368
Iteration 400: Loss = 10571.331067749537
Iteration 500: Loss = 10488.296003333959
Iteration 600: Loss = 10410.936001919987
Iteration 700: Loss = 10300.349409568651
Iteration 800: Loss = 10064.160656805136
Iteration 900: Loss = 9871.307665595838
Iteration 1000: Loss = 9620.086497293745
Best loss: 9620.086497293745 | Parameters: [1.91134459e+03 1.02005310e+00 1.82113641e+01]
Initial loss: 10867.295436058617
Iteration 100: Loss = 10705.28286077615
Iteration 200: Loss = 10555.882679932507
Iteration 300: Loss = 10456.48752773613
Iteration 400: Loss = 10317.886534577738
Iteration 500: Loss = 10001.51220560881
Iteration 600: Loss = 9558.836291748617
Iteration 700: Loss = 9137.07580880153
Iteration 800: Loss = 8794.563049015936
Iteration 900: Loss = 8531.309701054583
Iteration 1000: Loss = 8064.598769200371
Best loss: 8064.598769200371 | Parameters: [1.91679541e+03 1.30068757e+00 2.42815837e+01]
Initial loss: 10867.295436058617
Iteration 100: Loss = 10677.312517839053
Iteration 200: Loss = 10601.248032240508
Iteration 300: Loss = 10450.552851967317
Iteration 400: Loss = 10250.331928654394
Iteration 500: Loss = 9955.48090705054
Iteration 600: Loss = 9459.701108460895
Iteration 700: Loss = 9139.173860055364
Iteration 800: Loss = 8401.375498276848
Iteration 900: Loss = 7894.569715038299
Iteration 1000: Loss = 7744.555366408603
Best loss: 7744.555366408603 | Parameters: [1.91609836e+03 1.46377032e+00 2.75434879e+01]
Initial loss: 10867.295436058617
Iteration 100: Loss = 10701.6681761249
Iteration 200: Loss = 10528.920240696301
Iteration 300: Loss = 10385.735721503395
Iteration 400: Loss = 10144.0535595994
Iteration 500: Loss = 9634.76452189209
Iteration 600: Loss = 9117.398862765993
Iteration 700: Loss = 8464.249082653527
Iteration 800: Loss = 7947.7840790265345
Iteration 900: Loss = 7686.2022827936025
Iteration 1000: Loss = 7583.294190449873
Best loss: 7583.294190449873 | Parameters: [1.91463944e+03 1.70244558e+00 3.10032839e+01]
Initial loss: 10867.295436058617
Iteration 100: Loss = 10603.932630934414
Iteration 200: Loss = 10298.841932661413
Iteration 300: Loss = 9797.104545404625
Iteration 400: Loss = 9382.324313826697
Iteration 500: Loss = 8745.172963836498
Iteration 600: Loss = 8192.726453256155
Iteration 700: Loss = 7913.441227220573
Iteration 800: Loss = 7848.910048981016
Iteration 900: Loss = 7763.26857388063
Iteration 1000: Loss = 7751.557284038929
Best loss: 7751.557284038929 | Parameters: [1.92071154e+03 1.38740431e+00 2.65605630e+01]
Initial loss: 10867.295436058617
Iteration 100: Loss = 10686.955167617334
Iteration 200: Loss = 10660.468691693733
Iteration 300: Loss = 10522.652325944533
Iteration 400: Loss = 10318.860321035343
Iteration 500: Loss = 9776.0196537885
Iteration 600: Loss = 8914.32669574634
Iteration 700: Loss = 8306.458832489083
Iteration 800: Loss = 8097.239894601647
Iteration 900: Loss = 7755.31190119353
Iteration 1000: Loss = 7559.980795058148
Best loss: 7559.980795058148 | Parameters: [1.91400888e+03 1.72030016e+00 3.14317783e+01]
Initial loss: 10867.295436058617
Iteration 100: Loss = 10692.247437854578
Iteration 200: Loss = 10684.412876033024
Iteration 300: Loss = 10509.915487834356
Iteration 400: Loss = 10248.88028679814
Iteration 500: Loss = 9498.585507386118
Iteration 600: Loss = 8756.627925713958
Iteration 700: Loss = 7959.223159551922
Iteration 800: Loss = 7790.684732310863
Iteration 900: Loss = 7641.376306791804
Iteration 1000: Loss = 7621.834308315451
Best loss: 7621.834308315451 | Parameters: [ 1.91687191e+03 -1.60645159e+00  2.99651759e+01]
Initial loss: 10867.295436058617
Iteration 100: Loss = 10715.050396924775
Iteration 200: Loss = 10661.31957991012
Iteration 300: Loss = 10540.702385602814
Iteration 400: Loss = 9828.846238275011
Iteration 500: Loss = 8762.95693344598
Iteration 600: Loss = 8222.933031560837
Iteration 700: Loss = 7893.343353497793
Iteration 800: Loss = 7819.35130720607
Iteration 900: Loss = 7724.591051781915
Iteration 1000: Loss = 7682.691589058294
Best loss: 7682.691589058294 | Parameters: [1.91947533e+03 1.54080010e+00 2.88651384e+01]
Initial loss: 10867.295436058617
Iteration 100: Loss = 10570.50885088539
Iteration 200: Loss = 10322.671253387427
Iteration 300: Loss = 9897.538917925542
Iteration 400: Loss = 9179.80434854004
Iteration 500: Loss = 8424.567530078779
Iteration 600: Loss = 7769.712635923921
Iteration 700: Loss = 7608.838499485468
Iteration 800: Loss = 7573.494503123544
Iteration 900: Loss = 7515.028931769948
Iteration 1000: Loss = 7487.389852143716
Best loss: 7487.389852143716 | Parameters: [ 1.91326454e+03 -1.77859987e+00  3.37507626e+01]
Initial loss: 10867.295436058617
Iteration 100: Loss = 10672.450624282972
Iteration 200: Loss = 10560.36658971041
Iteration 300: Loss = 10160.896116381686
Iteration 400: Loss = 9574.766530539602
Iteration 500: Loss = 8646.151651254337
Iteration 600: Loss = 8119.053308551812
Iteration 700: Loss = 7736.213096553336
Iteration 800: Loss = 7712.612834889121
Iteration 900: Loss = 7675.777606241796
Iteration 1000: Loss = 7659.545770813487
Best loss: 7659.545770813487 | Parameters: [ 1.91884867e+03 -1.54558463e+00  2.93163258e+01]
Initial loss: 10867.295436058617
Iteration 100: Loss = 10738.32829264384
Iteration 200: Loss = 10685.851120020083
Iteration 300: Loss = 10629.267522132443
Iteration 400: Loss = 10058.47929110967
Iteration 500: Loss = 8515.836882689775
Iteration 600: Loss = 7930.243950423824
Iteration 700: Loss = 7573.374408539179
Iteration 800: Loss = 7504.084391291121
Iteration 900: Loss = 7444.154512802375
Iteration 1000: Loss = 7437.33916973923
Best loss: 7437.33916973923 | Parameters: [ 1.91096494e+03 -1.82454953e+00  3.43244386e+01]
Initial loss: 10867.295436058617
Iteration 100: Loss = 10576.432527680427
Iteration 200: Loss = 10459.683107018356
Iteration 300: Loss = 9562.92720700761
Iteration 400: Loss = 8692.874922763449
Iteration 500: Loss = 8595.746774040297
Iteration 600: Loss = 8048.513941526579
Iteration 700: Loss = 7755.599269459158
Iteration 800: Loss = 7664.685762453761
Iteration 900: Loss = 7651.341756269682
Iteration 1000: Loss = 7632.501937369592
Best loss: 7632.501937369592 | Parameters: [1.91799021e+03 1.58347436e+00 3.00601275e+01]
Initial loss: 10867.295436058617
Iteration 100: Loss = 10363.339704958882
Iteration 200: Loss = 8863.192937561254
Iteration 300: Loss = 8003.550853658926
Iteration 400: Loss = 7845.488228945822
Iteration 500: Loss = 7688.524968685761
Iteration 600: Loss = 7651.33643092434
Iteration 700: Loss = 7589.412916239582
Iteration 800: Loss = 7575.045787462396
Iteration 900: Loss = 7553.441839832452
Iteration 1000: Loss = 7523.2669917645635
Best loss: 7523.2669917645635 | Parameters: [1.91330100e+03 1.70427732e+00 3.21061063e+01]
Initial loss: 10867.295436058617
Iteration 100: Loss = 10576.281544418303
Iteration 200: Loss = 10158.127505778255
Iteration 300: Loss = 9441.147074163739
Iteration 400: Loss = 9136.84949315957
Iteration 500: Loss = 8227.049800956827
Iteration 600: Loss = 7684.730663969881
Iteration 700: Loss = 7653.250306541928
Iteration 800: Loss = 7618.94261375232
Iteration 900: Loss = 7542.5013854282415
Iteration 1000: Loss = 7505.853568306789
Best loss: 7505.853568306789 | Parameters: [1.91396779e+03 1.78201631e+00 3.32122358e+01]
Initial loss: 10867.295436058617
Iteration 100: Loss = 10640.557678894507
Iteration 200: Loss = 10374.37960044929
Iteration 300: Loss = 9996.175953185419
Iteration 400: Loss = 9588.287750592559
Iteration 500: Loss = 8908.91186902123
Iteration 600: Loss = 8026.326792546391
Iteration 700: Loss = 7875.8525046086925
Iteration 800: Loss = 7626.0658864993775
Iteration 900: Loss = 7611.766219994339
Iteration 1000: Loss = 7547.357268122576
Best loss: 7547.357268122576 | Parameters: [1.91498303e+03 1.73614604e+00 3.21169759e+01]
Initial loss: 10867.295436058617
Iteration 100: Loss = 10310.228877573176
Iteration 200: Loss = 9536.239837047451
Iteration 300: Loss = 8005.886845673411
Iteration 400: Loss = 7736.005707405936
Iteration 500: Loss = 7654.726918579851
Iteration 600: Loss = 7627.329274562583
Iteration 700: Loss = 7553.200901718553
Iteration 800: Loss = 7553.200901718553
Iteration 900: Loss = 7457.120751345339
Iteration 1000: Loss = 7370.746227567943
Best loss: 7370.746227567943 | Parameters: [1910.08538161    2.01990107   37.12395687]
Initial loss: 10867.295436058617
Iteration 100: Loss = 10611.446071388209
Iteration 200: Loss = 10272.2609477498
Iteration 300: Loss = 9675.693310744304
Iteration 400: Loss = 9466.163316540411
Iteration 500: Loss = 8368.24009168743
Iteration 600: Loss = 7547.303879909142
Iteration 700: Loss = 7461.150504955106
Iteration 800: Loss = 7450.153511819068
Iteration 900: Loss = 7292.682583464832
Iteration 1000: Loss = 7233.741062477641
Best loss: 7233.741062477641 | Parameters: [1904.4295285     2.32922411   41.25720102]
Initial loss: 10867.295436058617
Iteration 100: Loss = 10730.695015983072
Iteration 200: Loss = 10542.090083640558
Iteration 300: Loss = 9972.735232822606
Iteration 400: Loss = 9082.677337835958
Iteration 500: Loss = 8508.114240169807
Iteration 600: Loss = 7812.87437117044
Iteration 700: Loss = 7727.110870856788
Iteration 800: Loss = 7672.09875243496
Iteration 900: Loss = 7630.497471427495
Iteration 1000: Loss = 7598.528252126117
Best loss: 7598.528252126117 | Parameters: [1.91664097e+03 1.62361155e+00 3.07401315e+01]
Initial loss: 10867.295436058617
Iteration 100: Loss = 10747.345843817568
Iteration 200: Loss = 10599.362067910692
Iteration 300: Loss = 10549.26718196863
Iteration 400: Loss = 9809.002822351105
Iteration 500: Loss = 8818.081954169033
Iteration 600: Loss = 8118.31832955754
Iteration 700: Loss = 7773.030457758855
Iteration 800: Loss = 7747.185174723554
Iteration 900: Loss = 7724.108626273209
Iteration 1000: Loss = 7724.108626273209
Best loss: 7724.108626273209 | Parameters: [1.91954149e+03 1.43256692e+00 2.71771806e+01]
Initial loss: 10867.295436058617
Iteration 100: Loss = 10677.785570627564
Iteration 200: Loss = 10311.722595149093
Iteration 300: Loss = 9036.441366100005
Iteration 400: Loss = 7934.929003780076
Iteration 500: Loss = 7838.7721810831645
Iteration 600: Loss = 7591.955522153616
Iteration 700: Loss = 7531.729255484494
Iteration 800: Loss = 7531.729255484494
Iteration 900: Loss = 7499.461019351508
Iteration 1000: Loss = 7475.709777542855
Best loss: 7475.709777542855 | Parameters: [1.91338638e+03 1.84681218e+00 3.47335094e+01]
Initial loss: 10867.295436058617
Iteration 100: Loss = 10672.603274224797
Iteration 200: Loss = 10192.447410365949
Iteration 300: Loss = 9786.701501998981
Iteration 400: Loss = 8536.765954589158
Iteration 500: Loss = 7858.828060864224
Iteration 600: Loss = 7589.357632884637
Iteration 700: Loss = 7587.102824148681
Iteration 800: Loss = 7587.102824148681
Iteration 900: Loss = 7587.102824148681
Iteration 1000: Loss = 7581.782936947077
Best loss: 7581.782936947077 | Parameters: [ 1.91536161e+03 -1.68051329e+00  3.09911508e+01]
Initial loss: 10867.295436058617
Iteration 100: Loss = 10634.262324618072
Iteration 200: Loss = 10242.420864444059
Iteration 300: Loss = 9248.048870436485
Iteration 400: Loss = 8228.405389058145
Iteration 500: Loss = 7924.478960238762
Iteration 600: Loss = 7631.541591868642
Iteration 700: Loss = 7627.462678623517
Iteration 800: Loss = 7549.802302827297
Iteration 900: Loss = 7549.802302827297
Iteration 1000: Loss = 7431.783191384369
Best loss: 7431.783191384369 | Parameters: [1.91096912e+03 1.83793645e+00 3.45119769e+01]
Initial loss: 10867.295436058617
Iteration 100: Loss = 10627.483119315079
Iteration 200: Loss = 9837.731248851442
Iteration 300: Loss = 8424.613639062127
Iteration 400: Loss = 7891.617489325406
Iteration 500: Loss = 7802.293753770564
Iteration 600: Loss = 7723.877846777919
Iteration 700: Loss = 7642.767698690619
Iteration 800: Loss = 7635.387356255185
Iteration 900: Loss = 7519.391153200744
Iteration 1000: Loss = 7396.489570715278
Best loss: 7396.489570715278 | Parameters: [1910.39404979   -1.93740648   35.67691908]
Initial loss: 10867.295436058617
Iteration 100: Loss = 10686.758413745174
Iteration 200: Loss = 10685.783119603644
Iteration 300: Loss = 10514.363003234252
Iteration 400: Loss = 10307.456922523217
Iteration 500: Loss = 9214.323621376388
Iteration 600: Loss = 8459.3715165567
Iteration 700: Loss = 7776.826972566777
Iteration 800: Loss = 7557.0317796038225
Iteration 900: Loss = 7496.847340484315
Iteration 1000: Loss = 7446.761342540021
Best loss: 7446.761342540021 | Parameters: [ 1.90988540e+03 -1.83851159e+00  3.38184713e+01]
Initial loss: 10867.295436058617
Iteration 100: Loss = 10643.604864387487
Iteration 200: Loss = 10564.40611305106
Iteration 300: Loss = 10053.728154267335
Iteration 400: Loss = 8945.535052325316
Iteration 500: Loss = 8027.522964591786
Iteration 600: Loss = 7650.21590960841
Iteration 700: Loss = 7607.416127171626
Iteration 800: Loss = 7607.416127171626
Iteration 900: Loss = 7586.4012447738805
Iteration 1000: Loss = 7547.024233620768
Best loss: 7547.024233620768 | Parameters: [ 1.91544105e+03 -1.72879054e+00  3.27052531e+01]
Initial loss: 10867.295436058617
Iteration 100: Loss = 10700.113888516718
Iteration 200: Loss = 10564.276149938736
Iteration 300: Loss = 10398.525215029178
Iteration 400: Loss = 9889.473284603086
Iteration 500: Loss = 8784.247900763483
Iteration 600: Loss = 8207.128304459271
Iteration 700: Loss = 7721.13068278204
Iteration 800: Loss = 7556.984561116636
Iteration 900: Loss = 7482.86955819777
Iteration 1000: Loss = 7416.992391387899
Best loss: 7416.992391387899 | Parameters: [1.91121287e+03 1.90526820e+00 3.62569267e+01]
Initial loss: 10867.295436058617
Iteration 100: Loss = 10547.826322931116
Iteration 200: Loss = 9615.878051609016
Iteration 300: Loss = 8941.174011894884
Iteration 400: Loss = 8358.058660186134
Iteration 500: Loss = 8065.042443162604
Iteration 600: Loss = 7742.361971252534
Iteration 700: Loss = 7685.4823703172
Iteration 800: Loss = 7635.7511952778195
Iteration 900: Loss = 7594.58675961752
Iteration 1000: Loss = 7594.58675961752
Best loss: 7594.58675961752 | Parameters: [ 1.91690762e+03 -1.67063550e+00  3.13481799e+01]
Initial loss: 10867.295436058617
Iteration 100: Loss = 10585.396515632627
Iteration 200: Loss = 10555.213415158863
Iteration 300: Loss = 9589.919735647723
Iteration 400: Loss = 7902.887532760522
Iteration 500: Loss = 7828.722336177189
Iteration 600: Loss = 7550.5131318288695
Iteration 700: Loss = 7527.826696131611
Iteration 800: Loss = 7511.798872685739
Iteration 900: Loss = 7440.389040099882
Iteration 1000: Loss = 7391.378502777526
Best loss: 7391.378502777526 | Parameters: [1910.77889271    2.01820142   36.88019123]
Initial loss: 10867.295436058617
Iteration 100: Loss = 9945.92641194692
Iteration 200: Loss = 8716.973130400827
Iteration 300: Loss = 7967.197909887151
Iteration 400: Loss = 7967.197909887151
Iteration 500: Loss = 7913.468190076731
Iteration 600: Loss = 7771.229053285957
Iteration 700: Loss = 7698.9151305640235
Iteration 800: Loss = 7692.489180366904
Iteration 900: Loss = 7692.489180366904
Iteration 1000: Loss = 7692.489180366904
Best loss: 7692.489180366904 | Parameters: [ 1.92009668e+03 -1.51318881e+00  2.89232696e+01]
Initial loss: 10867.295436058617
Iteration 100: Loss = 10594.480712066948
Iteration 200: Loss = 9743.128543293793
Iteration 300: Loss = 7994.807855978053
Iteration 400: Loss = 7678.912265424667
Iteration 500: Loss = 7514.434466044236
Iteration 600: Loss = 7452.042886375694
Iteration 700: Loss = 7423.976944809548
Iteration 800: Loss = 7339.332848018923
Iteration 900: Loss = 7279.090755126707
Iteration 1000: Loss = 7256.852185868178
Best loss: 7256.852185868178 | Parameters: [1904.1620898    -2.20540421   39.5218347 ]
Initial loss: 10829.86818191466
Iteration 100: Loss = 10740.664187418986
Iteration 200: Loss = 10651.212758833823
Iteration 300: Loss = 10584.309601504996
Iteration 400: Loss = 10524.877306945256
Iteration 500: Loss = 10433.474985206936
Iteration 600: Loss = 10318.768012841983
Iteration 700: Loss = 10131.824741394435
Iteration 800: Loss = 9914.286221892806
Iteration 900: Loss = 9624.932064529983
Iteration 1000: Loss = 9235.709160511522
Best loss: 9235.709160511522 | Parameters: [1.91339502e+03 1.04199418e+00 1.95672335e+01]
Initial loss: 10829.86818191466
Iteration 100: Loss = 10722.092446063547
Iteration 200: Loss = 10648.74574649788
Iteration 300: Loss = 10612.78165168503
Iteration 400: Loss = 10564.000490584203
Iteration 500: Loss = 10485.769532020908
Iteration 600: Loss = 10374.22412134369
Iteration 700: Loss = 10169.262370906175
Iteration 800: Loss = 9873.018026674585
Iteration 900: Loss = 9420.811810846872
Iteration 1000: Loss = 8949.676208155426
Best loss: 8949.676208155426 | Parameters: [1.91281394e+03 1.13037722e+00 2.10878875e+01]
Initial loss: 10829.86818191466
Iteration 100: Loss = 10744.696411795163
Iteration 200: Loss = 10693.28235873278
Iteration 300: Loss = 10546.754801918922
Iteration 400: Loss = 10382.879296162726
Iteration 500: Loss = 10163.321733693361
Iteration 600: Loss = 9392.909998348016
Iteration 700: Loss = 8885.546860978497
Iteration 800: Loss = 8436.614072322533
Iteration 900: Loss = 8120.237372390693
Iteration 1000: Loss = 7849.944326162908
Best loss: 7849.944326162908 | Parameters: [1.91925953e+03 1.27496544e+00 2.53461816e+01]
Initial loss: 10829.86818191466
Iteration 100: Loss = 10723.02784382432
Iteration 200: Loss = 10673.646200926922
Iteration 300: Loss = 10617.804781987756
Iteration 400: Loss = 10564.583209683562
Iteration 500: Loss = 10449.123281201673
Iteration 600: Loss = 10085.76348534473
Iteration 700: Loss = 9405.908725690007
Iteration 800: Loss = 8884.33149812894
Iteration 900: Loss = 8450.200448189127
Iteration 1000: Loss = 7852.959145284708
Best loss: 7852.959145284708 | Parameters: [1.91314698e+03 1.48869094e+00 2.74184245e+01]
Initial loss: 10829.86818191466
Iteration 100: Loss = 10656.601596672277
Iteration 200: Loss = 10529.530966764469
Iteration 300: Loss = 10326.092126695266
Iteration 400: Loss = 9776.59068986434
Iteration 500: Loss = 8997.063336018058
Iteration 600: Loss = 8398.833999815348
Iteration 700: Loss = 8084.044430351985
Iteration 800: Loss = 7777.016768928499
Iteration 900: Loss = 7688.984987209846
Iteration 1000: Loss = 7653.986496623104
Best loss: 7653.986496623104 | Parameters: [1.91662150e+03 1.51414456e+00 2.89975387e+01]
Initial loss: 10829.86818191466
Iteration 100: Loss = 10590.903525674963
Iteration 200: Loss = 10344.741556365072
Iteration 300: Loss = 9966.121419246701
Iteration 400: Loss = 9310.196139565242
Iteration 500: Loss = 8432.9019211094
Iteration 600: Loss = 7748.843214383405
Iteration 700: Loss = 7646.835902998853
Iteration 800: Loss = 7596.577272269717
Iteration 900: Loss = 7529.09924586638
Iteration 1000: Loss = 7483.314517223524
Best loss: 7483.314517223524 | Parameters: [ 1.91294950e+03 -1.81572709e+00  3.34810961e+01]
Initial loss: 10829.86818191466
Iteration 100: Loss = 10513.469013605072
Iteration 200: Loss = 10156.238309363569
Iteration 300: Loss = 9758.595741386227
Iteration 400: Loss = 9218.560085143747
Iteration 500: Loss = 8321.154001808352
Iteration 600: Loss = 7954.703961006843
Iteration 700: Loss = 7665.468112777867
Iteration 800: Loss = 7570.37883256437
Iteration 900: Loss = 7528.021569338199
Iteration 1000: Loss = 7495.867579849022
Best loss: 7495.867579849022 | Parameters: [1.91385430e+03 1.83844687e+00 3.39321399e+01]
Initial loss: 10829.86818191466
Iteration 100: Loss = 10558.019827809241
Iteration 200: Loss = 10406.438183684904
Iteration 300: Loss = 9962.265438976647
Iteration 400: Loss = 9330.08562156951
Iteration 500: Loss = 8523.178599283023
Iteration 600: Loss = 8125.521468181626
Iteration 700: Loss = 7902.859754419662
Iteration 800: Loss = 7752.850579885851
Iteration 900: Loss = 7696.722730662932
Iteration 1000: Loss = 7677.436346405935
Best loss: 7677.436346405935 | Parameters: [1.91933888e+03 1.51854004e+00 2.87854465e+01]
Initial loss: 10829.86818191466
Iteration 100: Loss = 10624.829762878215
Iteration 200: Loss = 10409.843462473367
Iteration 300: Loss = 10178.625437723289
Iteration 400: Loss = 9524.723352120027
Iteration 500: Loss = 8269.850826470376
Iteration 600: Loss = 7869.28025365308
Iteration 700: Loss = 7742.623333784471
Iteration 800: Loss = 7690.397205895951
Iteration 900: Loss = 7622.675560367878
Iteration 1000: Loss = 7617.555607923904
Best loss: 7617.555607923904 | Parameters: [1.91742928e+03 1.59825359e+00 3.04184932e+01]
Initial loss: 10829.86818191466
Iteration 100: Loss = 10497.211847479706
Iteration 200: Loss = 10129.610200202398
Iteration 300: Loss = 9327.282084910454
Iteration 400: Loss = 8492.552532106074
Iteration 500: Loss = 7855.428006800563
Iteration 600: Loss = 7702.024537945706
Iteration 700: Loss = 7600.859144239435
Iteration 800: Loss = 7569.882285361745
Iteration 900: Loss = 7518.97468554886
Iteration 1000: Loss = 7494.002216505365
Best loss: 7494.002216505365 | Parameters: [1.91317917e+03 1.77958923e+00 3.30844654e+01]
Initial loss: 10829.86818191466
Iteration 100: Loss = 10642.333849543154
Iteration 200: Loss = 10396.113981739323
Iteration 300: Loss = 10117.73750187833
Iteration 400: Loss = 9560.692154639015
Iteration 500: Loss = 8593.207897609233
Iteration 600: Loss = 8148.7044024719935
Iteration 700: Loss = 7976.771345790757
Iteration 800: Loss = 7822.913030902702
Iteration 900: Loss = 7726.669181337073
Iteration 1000: Loss = 7655.568886523528
Best loss: 7655.568886523528 | Parameters: [ 1.91763091e+03 -1.50418903e+00  2.93318858e+01]
Initial loss: 10829.86818191466
Iteration 100: Loss = 10410.165182608765
Iteration 200: Loss = 9941.842644432601
Iteration 300: Loss = 8801.134351123455
Iteration 400: Loss = 8272.349836087253
Iteration 500: Loss = 7753.835039409309
Iteration 600: Loss = 7690.37802433007
Iteration 700: Loss = 7603.751857301929
Iteration 800: Loss = 7556.196119243093
Iteration 900: Loss = 7510.527557621202
Iteration 1000: Loss = 7454.425211876714
Best loss: 7454.425211876714 | Parameters: [1912.857039      1.93904063   35.79992191]
Initial loss: 10829.86818191466
Iteration 100: Loss = 10803.043178854561
Iteration 200: Loss = 10579.989411127774
Iteration 300: Loss = 10300.353157467043
Iteration 400: Loss = 9939.041768823041
Iteration 500: Loss = 8798.54188789286
Iteration 600: Loss = 7913.771771846265
Iteration 700: Loss = 7600.231813808517
Iteration 800: Loss = 7479.412286598212
Iteration 900: Loss = 7468.722887904083
Iteration 1000: Loss = 7452.026628289767
Best loss: 7452.026628289767 | Parameters: [ 1.91195677e+03 -1.81900096e+00  3.42105312e+01]
Initial loss: 10829.86818191466
Iteration 100: Loss = 10594.360381488414
Iteration 200: Loss = 10164.18505236862
Iteration 300: Loss = 9152.041011575588
Iteration 400: Loss = 7986.925561564672
Iteration 500: Loss = 7777.147392985593
Iteration 600: Loss = 7732.76477205572
Iteration 700: Loss = 7725.013105758958
Iteration 800: Loss = 7667.8687677619
Iteration 900: Loss = 7637.285809565457
Iteration 1000: Loss = 7586.477031260962
Best loss: 7586.477031260962 | Parameters: [1.91656943e+03 1.66600079e+00 3.13888386e+01]
Initial loss: 10829.86818191466
Iteration 100: Loss = 10744.234550970801
Iteration 200: Loss = 10677.43468305804
Iteration 300: Loss = 10495.339765283978
Iteration 400: Loss = 10286.598082849354
Iteration 500: Loss = 9988.218001211122
Iteration 600: Loss = 9145.686083273435
Iteration 700: Loss = 8116.224603825326
Iteration 800: Loss = 7735.249101359249
Iteration 900: Loss = 7639.292111056021
Iteration 1000: Loss = 7567.9199236553395
Best loss: 7567.9199236553395 | Parameters: [ 1.91587960e+03 -1.78032490e+00  3.25902573e+01]
Initial loss: 10829.86818191466
Iteration 100: Loss = 10711.476405479838
Iteration 200: Loss = 10703.267580644277
Iteration 300: Loss = 10423.819229958204
Iteration 400: Loss = 9891.22812298976
Iteration 500: Loss = 9073.384486424971
Iteration 600: Loss = 8414.150797391636
Iteration 700: Loss = 7873.206974475865
Iteration 800: Loss = 7573.339544512877
Iteration 900: Loss = 7538.620134953823
Iteration 1000: Loss = 7421.810413685386
Best loss: 7421.810413685386 | Parameters: [1.91122179e+03 1.87617254e+00 3.56108837e+01]
Initial loss: 10829.86818191466
Iteration 100: Loss = 10709.1215849384
Iteration 200: Loss = 10665.140496037717
Iteration 300: Loss = 10492.614422752848
Iteration 400: Loss = 10097.022595155282
Iteration 500: Loss = 9800.591465700321
Iteration 600: Loss = 8431.89026297509
Iteration 700: Loss = 7899.31273695757
Iteration 800: Loss = 7623.6375927500385
Iteration 900: Loss = 7571.1616674226225
Iteration 1000: Loss = 7527.2165373896805
Best loss: 7527.2165373896805 | Parameters: [1.91291922e+03 1.69826012e+00 3.19156466e+01]
Initial loss: 10829.86818191466
Iteration 100: Loss = 10549.693289900037
Iteration 200: Loss = 10307.596341606552
Iteration 300: Loss = 10243.710616623372
Iteration 400: Loss = 9544.688384451885
Iteration 500: Loss = 8135.943856699656
Iteration 600: Loss = 7861.972027669247
Iteration 700: Loss = 7598.826296844838
Iteration 800: Loss = 7546.820779364901
Iteration 900: Loss = 7507.921074958679
Iteration 1000: Loss = 7395.917304854839
Best loss: 7395.917304854839 | Parameters: [1910.70494429   -1.98743793   36.27518497]
Initial loss: 10829.86818191466
Iteration 100: Loss = 10508.564615878908
Iteration 200: Loss = 10291.476149521563
Iteration 300: Loss = 9212.978195629637
Iteration 400: Loss = 8078.359358295879
Iteration 500: Loss = 7726.315680657928
Iteration 600: Loss = 7626.2358322019245
Iteration 700: Loss = 7535.297497600276
Iteration 800: Loss = 7468.101054206172
Iteration 900: Loss = 7446.363206509548
Iteration 1000: Loss = 7332.055519787763
Best loss: 7332.055519787763 | Parameters: [1908.42845063    2.09582324   37.95739178]
Initial loss: 10829.86818191466
Iteration 100: Loss = 10249.628055552701
Iteration 200: Loss = 10074.743771165971
Iteration 300: Loss = 9598.345980801398
Iteration 400: Loss = 8658.037209341233
Iteration 500: Loss = 8161.948644162939
Iteration 600: Loss = 7776.037764415848
Iteration 700: Loss = 7726.193497388279
Iteration 800: Loss = 7665.063044488913
Iteration 900: Loss = 7657.867206874501
Iteration 1000: Loss = 7607.142999986156
Best loss: 7607.142999986156 | Parameters: [ 1.91718131e+03 -1.63240786e+00  3.07711710e+01]
Initial loss: 10829.86818191466
Iteration 100: Loss = 10712.306282233802
Iteration 200: Loss = 10644.329502216046
Iteration 300: Loss = 10644.329502216046
Iteration 400: Loss = 9791.36648153173
Iteration 500: Loss = 8788.261094479363
Iteration 600: Loss = 8332.023901352342
Iteration 700: Loss = 7728.563177516438
Iteration 800: Loss = 7678.039338103445
Iteration 900: Loss = 7624.503045175693
Iteration 1000: Loss = 7624.503045175693
Best loss: 7624.503045175693 | Parameters: [1.91714334e+03 1.59434045e+00 2.99057469e+01]
Initial loss: 10829.86818191466
Iteration 100: Loss = 10493.046044190576
Iteration 200: Loss = 9432.888144422179
Iteration 300: Loss = 9062.1289082108
Iteration 400: Loss = 8307.679031952539
Iteration 500: Loss = 7957.032684933641
Iteration 600: Loss = 7873.17730203497
Iteration 700: Loss = 7588.961136240733
Iteration 800: Loss = 7550.992321078847
Iteration 900: Loss = 7523.363387076929
Iteration 1000: Loss = 7471.918714001321
Best loss: 7471.918714001321 | Parameters: [1.91175045e+03 1.85699026e+00 3.36260191e+01]
Initial loss: 10829.86818191466
Iteration 100: Loss = 10603.227600048562
Iteration 200: Loss = 10248.436100885378
Iteration 300: Loss = 9517.194847826098
Iteration 400: Loss = 8281.565277755193
Iteration 500: Loss = 8003.815083913873
Iteration 600: Loss = 7652.439160397737
Iteration 700: Loss = 7483.595697874743
Iteration 800: Loss = 7404.142303164195
Iteration 900: Loss = 7352.179371564951
Iteration 1000: Loss = 7296.077537009095
Best loss: 7296.077537009095 | Parameters: [1907.17385772    2.18023418   39.24826182]
Initial loss: 10829.86818191466
Iteration 100: Loss = 10735.239776341861
Iteration 200: Loss = 10670.274837985558
Iteration 300: Loss = 10299.876911819014
Iteration 400: Loss = 9592.540591559096
Iteration 500: Loss = 9201.492644782727
Iteration 600: Loss = 8603.390619558511
Iteration 700: Loss = 7783.470372206861
Iteration 800: Loss = 7582.285202832548
Iteration 900: Loss = 7573.657289348488
Iteration 1000: Loss = 7519.586435285622
Best loss: 7519.586435285622 | Parameters: [ 1.91471834e+03 -1.82573392e+00  3.38286225e+01]
Initial loss: 10829.86818191466
Iteration 100: Loss = 9629.22531616469
Iteration 200: Loss = 8120.975288150316
Iteration 300: Loss = 7876.0567087552545
Iteration 400: Loss = 7732.818665865901
Iteration 500: Loss = 7715.130977804188
Iteration 600: Loss = 7680.069982747111
Iteration 700: Loss = 7652.2329157131135
Iteration 800: Loss = 7575.832470147615
Iteration 900: Loss = 7462.6162791493725
Iteration 1000: Loss = 7331.919944560648
Best loss: 7331.919944560648 | Parameters: [1908.77712928   -2.07170098   38.25243743]
Initial loss: 10829.86818191466
Iteration 100: Loss = 10229.818052034654
Iteration 200: Loss = 9398.567160423145
Iteration 300: Loss = 8277.573834052893
Iteration 400: Loss = 7777.809006521336
Iteration 500: Loss = 7755.00389763387
Iteration 600: Loss = 7733.379553959246
Iteration 700: Loss = 7675.280976483672
Iteration 800: Loss = 7670.260065148678
Iteration 900: Loss = 7551.39657066254
Iteration 1000: Loss = 7503.323713936108
Best loss: 7503.323713936108 | Parameters: [1.91399543e+03 1.77763614e+00 3.35123588e+01]
Initial loss: 10829.86818191466
Iteration 100: Loss = 10642.64449678292
Iteration 200: Loss = 10401.834938415013
Iteration 300: Loss = 8886.602535783873
Iteration 400: Loss = 7941.708776927151
Iteration 500: Loss = 7837.625177254006
Iteration 600: Loss = 7785.333345945171
Iteration 700: Loss = 7696.495179693205
Iteration 800: Loss = 7608.332683301373
Iteration 900: Loss = 7546.76628560005
Iteration 1000: Loss = 7510.3341702096
Best loss: 7510.3341702096 | Parameters: [1.91425653e+03 1.79488601e+00 3.33784437e+01]
Initial loss: 10829.86818191466
Iteration 100: Loss = 10717.027738455794
Iteration 200: Loss = 10717.027738455794
Iteration 300: Loss = 10717.027738455794
Iteration 400: Loss = 10708.670698724314
Iteration 500: Loss = 10651.631267869338
Iteration 600: Loss = 10580.181879168553
Iteration 700: Loss = 9922.250020792782
Iteration 800: Loss = 9153.776953139644
Iteration 900: Loss = 8010.594431218154
Iteration 1000: Loss = 7744.527237659862
Best loss: 7744.527237659862 | Parameters: [1.92067039e+03 1.37700959e+00 2.71228348e+01]
Initial loss: 10829.86818191466
Iteration 100: Loss = 10633.216324679051
Iteration 200: Loss = 9886.957887879824
Iteration 300: Loss = 9288.869942522639
Iteration 400: Loss = 8233.48328291939
Iteration 500: Loss = 7979.815021070934
Iteration 600: Loss = 7722.142188994299
Iteration 700: Loss = 7698.585928596206
Iteration 800: Loss = 7604.684491680258
Iteration 900: Loss = 7442.118709433004
Iteration 1000: Loss = 7395.829383980411
Best loss: 7395.829383980411 | Parameters: [1910.35124541    1.91036549   35.89900812]
Initial loss: 10829.86818191466
Iteration 100: Loss = 10226.751351539908
Iteration 200: Loss = 9538.902287903415
Iteration 300: Loss = 8492.326677165025
Iteration 400: Loss = 7815.555214481359
Iteration 500: Loss = 7649.55101851758
Iteration 600: Loss = 7619.735209515597
Iteration 700: Loss = 7573.124635208241
Iteration 800: Loss = 7558.827642453816
Iteration 900: Loss = 7421.489962723011
Iteration 1000: Loss = 7407.013217400521
Best loss: 7407.013217400521 | Parameters: [1911.00145034    1.93262111   35.6813144 ]
Initial loss: 10793.670078982352
Iteration 100: Loss = 10687.26126505697
Iteration 200: Loss = 10623.550847720866
Iteration 300: Loss = 10578.257620660566
Iteration 400: Loss = 10520.228558811936
Iteration 500: Loss = 10422.90138493117
Iteration 600: Loss = 10293.668929377478
Iteration 700: Loss = 10106.439266952868
Iteration 800: Loss = 9783.558451306357
Iteration 900: Loss = 9482.52585234903
Iteration 1000: Loss = 9148.997654503593
Best loss: 9148.997654503593 | Parameters: [1.91355524e+03 1.10326824e+00 1.98556776e+01]
Initial loss: 10793.670078982352
Iteration 100: Loss = 10654.336462726655
Iteration 200: Loss = 10562.557389912532
Iteration 300: Loss = 10398.55482940534
Iteration 400: Loss = 10277.284748808897
Iteration 500: Loss = 10000.434893077365
Iteration 600: Loss = 9602.783806237043
Iteration 700: Loss = 9149.876327966744
Iteration 800: Loss = 8790.224760246256
Iteration 900: Loss = 8612.8512030841
Iteration 1000: Loss = 8152.846495370188
Best loss: 8152.846495370188 | Parameters: [1.91662051e+03 1.27123068e+00 2.37453939e+01]
Initial loss: 10793.670078982352
Iteration 100: Loss = 10680.11066061371
Iteration 200: Loss = 10583.686167973958
Iteration 300: Loss = 10405.476901055794
Iteration 400: Loss = 9940.854437399303
Iteration 500: Loss = 9471.293767234305
Iteration 600: Loss = 8489.00546175763
Iteration 700: Loss = 8200.143653069916
Iteration 800: Loss = 7895.971466368716
Iteration 900: Loss = 7777.680020312767
Iteration 1000: Loss = 7701.967629717196
Best loss: 7701.967629717196 | Parameters: [1.91842804e+03 1.43204642e+00 2.78711858e+01]
Initial loss: 10793.670078982352
Iteration 100: Loss = 10662.973429813019
Iteration 200: Loss = 10464.709672293973
Iteration 300: Loss = 10235.574777419482
Iteration 400: Loss = 9895.629460124976
Iteration 500: Loss = 9231.717079886654
Iteration 600: Loss = 8483.127280045168
Iteration 700: Loss = 7925.741885036304
Iteration 800: Loss = 7771.61578688706
Iteration 900: Loss = 7655.6129474257095
Iteration 1000: Loss = 7598.36869137573
Best loss: 7598.36869137573 | Parameters: [1.91527735e+03 1.67594524e+00 3.06371756e+01]
Initial loss: 10793.670078982352
Iteration 100: Loss = 10691.620222568641
Iteration 200: Loss = 10460.761749644986
Iteration 300: Loss = 10340.261903856923
Iteration 400: Loss = 10251.40073475396
Iteration 500: Loss = 9753.01390730399
Iteration 600: Loss = 9450.644496313047
Iteration 700: Loss = 8539.826954509123
Iteration 800: Loss = 8050.6828560489475
Iteration 900: Loss = 7818.766432577378
Iteration 1000: Loss = 7525.7687248108805
Best loss: 7525.7687248108805 | Parameters: [1.91106335e+03 1.73714280e+00 3.20278804e+01]
Initial loss: 10793.670078982352
Iteration 100: Loss = 10520.449128423686
Iteration 200: Loss = 10373.96988738078
Iteration 300: Loss = 9938.036885890291
Iteration 400: Loss = 9072.173365341196
Iteration 500: Loss = 8493.113007155069
Iteration 600: Loss = 7923.968125970132
Iteration 700: Loss = 7751.516311775267
Iteration 800: Loss = 7698.451187896032
Iteration 900: Loss = 7690.72119492728
Iteration 1000: Loss = 7680.850952596906
Best loss: 7680.850952596906 | Parameters: [1.91882233e+03 1.47950329e+00 2.83363863e+01]
Initial loss: 10793.670078982352
Iteration 100: Loss = 10662.344035029015
Iteration 200: Loss = 10640.836974981925
Iteration 300: Loss = 10618.878391043268
Iteration 400: Loss = 10479.41556270042
Iteration 500: Loss = 10384.511137616786
Iteration 600: Loss = 10140.631388116606
Iteration 700: Loss = 9151.338218011893
Iteration 800: Loss = 8243.722630766957
Iteration 900: Loss = 7840.049936542153
Iteration 1000: Loss = 7680.027408025933
Best loss: 7680.027408025933 | Parameters: [1.91693246e+03 1.48188923e+00 2.83934799e+01]
Initial loss: 10793.670078982352
Iteration 100: Loss = 10793.670078982352
Iteration 200: Loss = 10453.097701205344
Iteration 300: Loss = 9932.028846248968
Iteration 400: Loss = 9203.934442200252
Iteration 500: Loss = 8531.42097826649
Iteration 600: Loss = 8047.831939839218
Iteration 700: Loss = 7762.270894779835
Iteration 800: Loss = 7629.964555467418
Iteration 900: Loss = 7533.77576365952
Iteration 1000: Loss = 7465.4762178109395
Best loss: 7465.4762178109395 | Parameters: [1.91286963e+03 1.84208933e+00 3.43281000e+01]
Initial loss: 10793.670078982352
Iteration 100: Loss = 10604.60311082058
Iteration 200: Loss = 9761.554342178044
Iteration 300: Loss = 8366.817677357834
Iteration 400: Loss = 8119.264943165682
Iteration 500: Loss = 7653.534832705186
Iteration 600: Loss = 7607.238775374077
Iteration 700: Loss = 7542.009553710408
Iteration 800: Loss = 7494.532200654484
Iteration 900: Loss = 7468.977967631033
Iteration 1000: Loss = 7443.368197989406
Best loss: 7443.368197989406 | Parameters: [1.91239137e+03 1.89301919e+00 3.52758290e+01]
Initial loss: 10793.670078982352
Iteration 100: Loss = 10592.019685108993
Iteration 200: Loss = 10029.89993711559
Iteration 300: Loss = 9327.265421675655
Iteration 400: Loss = 8737.568108960797
Iteration 500: Loss = 7862.749638120596
Iteration 600: Loss = 7624.641980044871
Iteration 700: Loss = 7560.677424547031
Iteration 800: Loss = 7560.067167362522
Iteration 900: Loss = 7464.001243263367
Iteration 1000: Loss = 7411.717387497007
Best loss: 7411.717387497007 | Parameters: [1911.4094976     1.94063478   36.02790371]
Initial loss: 10793.670078982352
Iteration 100: Loss = 10522.63322338067
Iteration 200: Loss = 10185.59729673147
Iteration 300: Loss = 9754.884362979523
Iteration 400: Loss = 8987.798226151772
Iteration 500: Loss = 8313.830472011603
Iteration 600: Loss = 8170.154108611916
Iteration 700: Loss = 7770.10790371938
Iteration 800: Loss = 7723.925807984095
Iteration 900: Loss = 7618.1509620701045
Iteration 1000: Loss = 7563.9466162286535
Best loss: 7563.9466162286535 | Parameters: [ 1.91563669e+03 -1.68177925e+00  3.16942662e+01]
Initial loss: 10793.670078982352
Iteration 100: Loss = 10628.716254087409
Iteration 200: Loss = 10562.339253362838
Iteration 300: Loss = 10246.341793317177
Iteration 400: Loss = 9544.138578088538
Iteration 500: Loss = 8671.826260166372
Iteration 600: Loss = 8401.53111597334
Iteration 700: Loss = 7837.893755935204
Iteration 800: Loss = 7763.804294439724
Iteration 900: Loss = 7678.971328091993
Iteration 1000: Loss = 7669.537199548918
Best loss: 7669.537199548918 | Parameters: [1.91789583e+03 1.60264829e+00 2.92417600e+01]
Initial loss: 10793.670078982352
Iteration 100: Loss = 9706.525198572344
Iteration 200: Loss = 8742.855464730996
Iteration 300: Loss = 8114.057001955318
Iteration 400: Loss = 7894.312252454876
Iteration 500: Loss = 7841.146462014713
Iteration 600: Loss = 7772.580829731121
Iteration 700: Loss = 7635.61763340114
Iteration 800: Loss = 7624.143458372213
Iteration 900: Loss = 7555.886124066208
Iteration 1000: Loss = 7470.56716530211
Best loss: 7470.56716530211 | Parameters: [1.91321955e+03 1.87297733e+00 3.47028398e+01]
Initial loss: 10793.670078982352
Iteration 100: Loss = 10354.756997389486
Iteration 200: Loss = 10114.111621157404
Iteration 300: Loss = 9823.113253209214
Iteration 400: Loss = 8166.105259760571
Iteration 500: Loss = 7820.128857049182
Iteration 600: Loss = 7754.6890788115425
Iteration 700: Loss = 7660.795898101964
Iteration 800: Loss = 7558.972918168454
Iteration 900: Loss = 7503.764741881183
Iteration 1000: Loss = 7417.166266797119
Best loss: 7417.166266797119 | Parameters: [1.91111587e+03 1.88461871e+00 3.52480944e+01]
Initial loss: 10793.670078982352
Iteration 100: Loss = 10355.122112826117
Iteration 200: Loss = 9821.81391163528
Iteration 300: Loss = 8761.566136907899
Iteration 400: Loss = 7800.232326524355
Iteration 500: Loss = 7713.353321331868
Iteration 600: Loss = 7679.637282278469
Iteration 700: Loss = 7579.413143770854
Iteration 800: Loss = 7497.90039604123
Iteration 900: Loss = 7481.356912008835
Iteration 1000: Loss = 7381.174026513428
Best loss: 7381.174026513428 | Parameters: [1910.1774339     1.96125889   36.38619684]
Initial loss: 10793.670078982352
Iteration 100: Loss = 10608.152642892042
Iteration 200: Loss = 10166.842104417474
Iteration 300: Loss = 9993.620089550657
Iteration 400: Loss = 8956.521546770344
Iteration 500: Loss = 8108.428688233132
Iteration 600: Loss = 7708.990091178174
Iteration 700: Loss = 7563.46543439328
Iteration 800: Loss = 7529.202856732149
Iteration 900: Loss = 7475.144785198404
Iteration 1000: Loss = 7424.439858307602
Best loss: 7424.439858307602 | Parameters: [1.91117342e+03 1.87605734e+00 3.48444262e+01]
Initial loss: 10793.670078982352
Iteration 100: Loss = 10294.972180018936
Iteration 200: Loss = 9679.0238644461
Iteration 300: Loss = 8589.94608019194
Iteration 400: Loss = 7941.193135352815
Iteration 500: Loss = 7788.989962922318
Iteration 600: Loss = 7722.825308795748
Iteration 700: Loss = 7705.086508168898
Iteration 800: Loss = 7657.3512278937
Iteration 900: Loss = 7600.024153573347
Iteration 1000: Loss = 7559.652604450305
Best loss: 7559.652604450305 | Parameters: [ 1.91581040e+03 -1.70983606e+00  3.25724060e+01]
Initial loss: 10793.670078982352
Iteration 100: Loss = 10513.875358662417
Iteration 200: Loss = 9571.47135501194
Iteration 300: Loss = 8833.960819966753
Iteration 400: Loss = 8086.416015884746
Iteration 500: Loss = 7857.645747038412
Iteration 600: Loss = 7762.1328681833975
Iteration 700: Loss = 7734.892856325253
Iteration 800: Loss = 7702.217100624051
Iteration 900: Loss = 7660.495008036132
Iteration 1000: Loss = 7630.048323587746
Best loss: 7630.048323587746 | Parameters: [1.91772224e+03 1.57271913e+00 2.99679808e+01]
Initial loss: 10793.670078982352
Iteration 100: Loss = 10623.144714569935
Iteration 200: Loss = 9961.968679383894
Iteration 300: Loss = 8532.20296950368
Iteration 400: Loss = 8165.1036617642585
Iteration 500: Loss = 7782.572743638151
Iteration 600: Loss = 7678.2711398356105
Iteration 700: Loss = 7673.567432442947
Iteration 800: Loss = 7612.435241319475
Iteration 900: Loss = 7578.903459587386
Iteration 1000: Loss = 7578.903459587386
Best loss: 7578.903459587386 | Parameters: [1.91644978e+03 1.68608089e+00 3.21634166e+01]
Initial loss: 10793.670078982352
Iteration 100: Loss = 10634.84764878731
Iteration 200: Loss = 10134.665766019365
Iteration 300: Loss = 8911.747882835869
Iteration 400: Loss = 8058.665079712354
Iteration 500: Loss = 7832.623121560366
Iteration 600: Loss = 7663.519014603808
Iteration 700: Loss = 7502.104502068169
Iteration 800: Loss = 7481.252603450388
Iteration 900: Loss = 7393.3586332059685
Iteration 1000: Loss = 7376.257293690026
Best loss: 7376.257293690026 | Parameters: [1908.9833437     1.97017591   35.91686199]
Initial loss: 10793.670078982352
Iteration 100: Loss = 10262.538702393771
Iteration 200: Loss = 9308.716938835081
Iteration 300: Loss = 8878.062703402256
Iteration 400: Loss = 7792.3202034091555
Iteration 500: Loss = 7713.240448933412
Iteration 600: Loss = 7678.316452138956
Iteration 700: Loss = 7659.4491086330445
Iteration 800: Loss = 7600.943653392917
Iteration 900: Loss = 7587.184516372108
Iteration 1000: Loss = 7551.733614595873
Best loss: 7551.733614595873 | Parameters: [ 1.91521437e+03 -1.71087580e+00  3.19645836e+01]
Initial loss: 10793.670078982352
Iteration 100: Loss = 9955.388500585226
Iteration 200: Loss = 9118.592514020078
Iteration 300: Loss = 8102.378944049656
Iteration 400: Loss = 7928.203620057509
Iteration 500: Loss = 7772.222180562398
Iteration 600: Loss = 7722.693066019117
Iteration 700: Loss = 7642.5678088098575
Iteration 800: Loss = 7567.369795571045
Iteration 900: Loss = 7513.913318363496
Iteration 1000: Loss = 7473.953690549513
Best loss: 7473.953690549513 | Parameters: [ 1.91285390e+03 -1.85340646e+00  3.39922674e+01]
Initial loss: 10793.670078982352
Iteration 100: Loss = 10648.85745295175
Iteration 200: Loss = 10592.011928788339
Iteration 300: Loss = 10315.93273645949
Iteration 400: Loss = 10070.63641770121
Iteration 500: Loss = 8585.504430687062
Iteration 600: Loss = 7961.854374476457
Iteration 700: Loss = 7666.976951662291
Iteration 800: Loss = 7636.650965680081
Iteration 900: Loss = 7598.8651915611
Iteration 1000: Loss = 7560.223528113781
Best loss: 7560.223528113781 | Parameters: [1.91536189e+03 1.68047079e+00 3.16442820e+01]
Initial loss: 10793.670078982352
Iteration 100: Loss = 10194.133281157501
Iteration 200: Loss = 9394.979897511674
Iteration 300: Loss = 8586.253886919989
Iteration 400: Loss = 8175.727770972058
Iteration 500: Loss = 7661.570136886336
Iteration 600: Loss = 7450.7077628288625
Iteration 700: Loss = 7384.294031780809
Iteration 800: Loss = 7351.5305483876255
Iteration 900: Loss = 7318.674548170126
Iteration 1000: Loss = 7260.907868205261
Best loss: 7260.907868205261 | Parameters: [1905.78977158    2.24550838   40.28159319]
Initial loss: 10793.670078982352
Iteration 100: Loss = 10200.508630522649
Iteration 200: Loss = 9378.84232823818
Iteration 300: Loss = 8277.155368354626
Iteration 400: Loss = 7706.265433392822
Iteration 500: Loss = 7607.688766251637
Iteration 600: Loss = 7569.659306823187
Iteration 700: Loss = 7543.182830372407
Iteration 800: Loss = 7440.950803705957
Iteration 900: Loss = 7402.158707108859
Iteration 1000: Loss = 7365.029901572034
Best loss: 7365.029901572034 | Parameters: [1909.39067174    1.96937213   36.63247554]
Initial loss: 10793.670078982352
Iteration 100: Loss = 10621.24329809557
Iteration 200: Loss = 10489.644808393727
Iteration 300: Loss = 9890.354472118612
Iteration 400: Loss = 8570.760111494741
Iteration 500: Loss = 7823.373327937954
Iteration 600: Loss = 7426.175304476883
Iteration 700: Loss = 7414.206163694526
Iteration 800: Loss = 7362.849972584674
Iteration 900: Loss = 7237.6533244662705
Iteration 1000: Loss = 7200.542379510819
Best loss: 7200.542379510819 | Parameters: [1903.64187953    2.35537023   42.24714794]
Initial loss: 10793.670078982352
Iteration 100: Loss = 10369.062984641338
Iteration 200: Loss = 8525.10752675381
Iteration 300: Loss = 7768.57321555783
Iteration 400: Loss = 7720.555223292433
Iteration 500: Loss = 7625.60298601137
Iteration 600: Loss = 7548.170606955359
Iteration 700: Loss = 7538.4196890463145
Iteration 800: Loss = 7490.984163184362
Iteration 900: Loss = 7487.811737844974
Iteration 1000: Loss = 7340.7295867844
Best loss: 7340.7295867844 | Parameters: [1908.47423886    2.00554101   37.39954147]
Initial loss: 10793.670078982352
Iteration 100: Loss = 10656.026549852444
Iteration 200: Loss = 10585.268781874916
Iteration 300: Loss = 10139.997950452094
Iteration 400: Loss = 9852.227815795972
Iteration 500: Loss = 7997.679907888928
Iteration 600: Loss = 7708.549535756666
Iteration 700: Loss = 7609.310535357979
Iteration 800: Loss = 7482.337820807473
Iteration 900: Loss = 7464.825334059767
Iteration 1000: Loss = 7457.671915804103
Best loss: 7457.671915804103 | Parameters: [1912.76897819    1.94554749   35.50696294]
Initial loss: 10793.670078982352
Iteration 100: Loss = 10212.846196830646
Iteration 200: Loss = 9480.891180602486
Iteration 300: Loss = 8560.760350168555
Iteration 400: Loss = 7808.128153554846
Iteration 500: Loss = 7594.922841260331
Iteration 600: Loss = 7574.071522332896
Iteration 700: Loss = 7524.6132926609125
Iteration 800: Loss = 7459.637060645864
Iteration 900: Loss = 7433.494484378386
Iteration 1000: Loss = 7354.515791439911
Best loss: 7354.515791439911 | Parameters: [1908.81252086   -2.03936032   36.93580881]
Initial loss: 10793.670078982352
Iteration 100: Loss = 10589.455023810677
Iteration 200: Loss = 10461.209218251171
Iteration 300: Loss = 9559.699845787407
Iteration 400: Loss = 9124.103963877978
Iteration 500: Loss = 8352.774682331139
Iteration 600: Loss = 7654.316970498341
Iteration 700: Loss = 7594.374920452733
Iteration 800: Loss = 7567.887315311918
Iteration 900: Loss = 7567.887315311918
Iteration 1000: Loss = 7522.437477720007
Best loss: 7522.437477720007 | Parameters: [ 1.91450519e+03 -1.79446437e+00  3.30972996e+01]
Initial loss: 10759.514582553464
Iteration 100: Loss = 10662.7094470321
Iteration 200: Loss = 10589.443784720961
Iteration 300: Loss = 10477.912465771764
Iteration 400: Loss = 10416.198533381295
Iteration 500: Loss = 10214.040083190206
Iteration 600: Loss = 10028.708618932013
Iteration 700: Loss = 9835.314895917267
Iteration 800: Loss = 9490.378813294516
Iteration 900: Loss = 9133.221482542038
Iteration 1000: Loss = 8710.487900168291
Best loss: 8710.487900168291 | Parameters: [1.91472693e+03 1.18519909e+00 2.15172412e+01]
Initial loss: 10759.514582553464
Iteration 100: Loss = 10630.64751799842
Iteration 200: Loss = 10454.045656879349
Iteration 300: Loss = 10166.539520784054
Iteration 400: Loss = 9633.385373570132
Iteration 500: Loss = 9083.93523578018
Iteration 600: Loss = 8433.44617467358
Iteration 700: Loss = 8094.366893762989
Iteration 800: Loss = 7841.675847719259
Iteration 900: Loss = 7733.019473445797
Iteration 1000: Loss = 7705.928197120642
Best loss: 7705.928197120642 | Parameters: [1.91950256e+03 1.43858933e+00 2.76797054e+01]
