Initial loss: 11142.190571559204
Iteration 100: Loss = 10601.400958747821
Iteration 200: Loss = 10553.546779146722
Iteration 300: Loss = 9513.317471132177
Iteration 400: Loss = 8781.083813135205
Iteration 500: Loss = 8104.455178637984
Iteration 600: Loss = 7746.314733120504
Iteration 700: Loss = 7697.570194853207
Iteration 800: Loss = 7688.383210388019
Iteration 900: Loss = 7686.301368977974
Iteration 1000: Loss = 7636.080298563376
Best loss: 7636.080298563376 | Parameters: [ 1.91753460e+03 -1.57766318e+00  2.96132285e+01]
Initial loss: 11142.190571559204
Iteration 100: Loss = 10151.43576121571
Iteration 200: Loss = 8916.049918283685
Iteration 300: Loss = 8248.767387523221
Iteration 400: Loss = 7827.047018165614
Iteration 500: Loss = 7707.588523340341
Iteration 600: Loss = 7670.2219932568305
Iteration 700: Loss = 7632.973403367697
Iteration 800: Loss = 7618.7059498246845
Iteration 900: Loss = 7602.502235282748
Iteration 1000: Loss = 7581.432630571759
Best loss: 7581.432630571759 | Parameters: [1.91656799e+03 1.71565046e+00 3.20053853e+01]
Initial loss: 11142.190571559204
Iteration 100: Loss = 10659.21609954101
Iteration 200: Loss = 10636.717114504654
Iteration 300: Loss = 10022.11863165381
Iteration 400: Loss = 9506.534825742132
Iteration 500: Loss = 8767.571477163958
Iteration 600: Loss = 8172.5250552701455
Iteration 700: Loss = 8003.227488809055
Iteration 800: Loss = 7991.585203110547
Iteration 900: Loss = 7934.933007798557
Iteration 1000: Loss = 7934.933007798557
Best loss: 7934.933007798557 | Parameters: [1.92582092e+03 1.21535869e+00 2.35763664e+01]
Initial loss: 11142.190571559204
Iteration 100: Loss = 10462.493027551855
Iteration 200: Loss = 10295.97033793937
Iteration 300: Loss = 9579.397278598239
Iteration 400: Loss = 8857.355861914271
Iteration 500: Loss = 7864.776901049752
Iteration 600: Loss = 7689.388763944316
Iteration 700: Loss = 7689.388763944316
Iteration 800: Loss = 7664.03817029895
Iteration 900: Loss = 7605.990825672111
Iteration 1000: Loss = 7556.760003706844
Best loss: 7556.760003706844 | Parameters: [ 1.91501824e+03 -1.66375613e+00  3.18025774e+01]
Initial loss: 11142.190571559204
Iteration 100: Loss = 10462.340122476773
Iteration 200: Loss = 9899.0486937817
Iteration 300: Loss = 9227.11455975177
Iteration 400: Loss = 8178.590034344806
Iteration 500: Loss = 8007.314208427278
Iteration 600: Loss = 7776.83226649008
Iteration 700: Loss = 7657.24619241296
Iteration 800: Loss = 7593.437157614534
Iteration 900: Loss = 7536.328166352886
Iteration 1000: Loss = 7517.211379379839
Best loss: 7517.211379379839 | Parameters: [ 1.91423692e+03 -1.74672046e+00  3.28829957e+01]
Initial loss: 11142.190571559204
Iteration 100: Loss = 10757.378082683503
Iteration 200: Loss = 10677.305866165902
Iteration 300: Loss = 10493.26243060677
Iteration 400: Loss = 10279.763295132592
Iteration 500: Loss = 10161.093423391783
Iteration 600: Loss = 9626.634359713267
Iteration 700: Loss = 8782.806795073426
Iteration 800: Loss = 7879.218787160661
Iteration 900: Loss = 7646.096766774391
Iteration 1000: Loss = 7620.039492211911
Best loss: 7620.039492211911 | Parameters: [1.91747140e+03 1.82334200e+00 3.36366291e+01]
Initial loss: 11142.190571559204
Iteration 100: Loss = 10569.600146050549
Iteration 200: Loss = 10356.96629233013
Iteration 300: Loss = 10010.792783490531
Iteration 400: Loss = 9511.161441955262
Iteration 500: Loss = 8166.268311439383
Iteration 600: Loss = 7832.038021897223
Iteration 700: Loss = 7598.5235041152155
Iteration 800: Loss = 7519.688739706854
Iteration 900: Loss = 7440.769764466047
Iteration 1000: Loss = 7367.768670947665
Best loss: 7367.768670947665 | Parameters: [1909.4260701     2.04384237   36.88078225]
Initial loss: 11142.190571559204
Iteration 100: Loss = 10547.892889923487
Iteration 200: Loss = 10474.105549598275
Iteration 300: Loss = 10150.874022701695
Iteration 400: Loss = 9106.409854627575
Iteration 500: Loss = 7845.570695595035
Iteration 600: Loss = 7556.673065114243
Iteration 700: Loss = 7427.368393510192
Iteration 800: Loss = 7425.429904613007
Iteration 900: Loss = 7406.606368823498
Iteration 1000: Loss = 7331.93436831377
Best loss: 7331.93436831377 | Parameters: [1908.21139475    2.05441124   37.54331212]
Initial loss: 11142.190571559204
Iteration 100: Loss = 10735.81699940654
Iteration 200: Loss = 10735.81699940654
Iteration 300: Loss = 10735.81699940654
Iteration 400: Loss = 10729.202767785304
Iteration 500: Loss = 10726.105587680391
Iteration 600: Loss = 10726.105587680391
Iteration 700: Loss = 10726.105587680391
Iteration 800: Loss = 10720.449398224579
Iteration 900: Loss = 10720.449398224579
Iteration 1000: Loss = 10718.309364158917
Best loss: 10718.309364158917 | Parameters: [1.91341989e+03 2.18611692e-01 4.35938737e+00]
Initial loss: 11142.190571559204
Iteration 100: Loss = 10639.60038743263
Iteration 200: Loss = 10097.880897446148
Iteration 300: Loss = 9456.708306185048
Iteration 400: Loss = 8160.656829217479
Iteration 500: Loss = 7593.572346416533
Iteration 600: Loss = 7561.904875749166
Iteration 700: Loss = 7531.975686390845
Iteration 800: Loss = 7442.020761678172
Iteration 900: Loss = 7408.579365305173
Iteration 1000: Loss = 7336.937311478547
Best loss: 7336.937311478547 | Parameters: [1908.71951689    2.03705684   38.1453945 ]
Initial loss: 11142.190571559204
Iteration 100: Loss = 10695.819332663677
Iteration 200: Loss = 9792.57343627524
Iteration 300: Loss = 9164.143214568214
Iteration 400: Loss = 8249.579718486342
Iteration 500: Loss = 7966.389754806587
Iteration 600: Loss = 7702.817848525497
Iteration 700: Loss = 7686.241533640726
Iteration 800: Loss = 7610.433685009547
Iteration 900: Loss = 7579.335126595984
Iteration 1000: Loss = 7575.7283158853015
Best loss: 7575.7283158853015 | Parameters: [1.91555675e+03 1.63843909e+00 3.11639028e+01]
Initial loss: 11142.190571559204
Iteration 100: Loss = 10536.111792356194
Iteration 200: Loss = 9437.562058557805
Iteration 300: Loss = 8690.380282229718
Iteration 400: Loss = 8180.772109361703
Iteration 500: Loss = 8087.417392712131
Iteration 600: Loss = 8042.5667051909395
Iteration 700: Loss = 8042.5667051909395
Iteration 800: Loss = 8040.781365768906
Iteration 900: Loss = 8020.9133921036655
Iteration 1000: Loss = 7927.431494721242
Best loss: 7927.431494721242 | Parameters: [ 1.92576458e+03 -1.21358463e+00  2.38769925e+01]
Initial loss: 11142.190571559204
Iteration 100: Loss = 10688.111037703142
Iteration 200: Loss = 10581.248386789268
Iteration 300: Loss = 10288.180425489198
Iteration 400: Loss = 9421.989595116036
Iteration 500: Loss = 8457.729496593149
Iteration 600: Loss = 7525.375231335228
Iteration 700: Loss = 7447.084811783188
Iteration 800: Loss = 7447.084811783188
Iteration 900: Loss = 7397.683109093746
Iteration 1000: Loss = 7342.249460314608
Best loss: 7342.249460314608 | Parameters: [1908.45556269   -2.01461316   37.12135386]
Initial loss: 11142.190571559204
Iteration 100: Loss = 10520.715297434575
Iteration 200: Loss = 9332.198895634016
Iteration 300: Loss = 8043.785513209892
Iteration 400: Loss = 7733.062501985148
Iteration 500: Loss = 7466.724390585224
Iteration 600: Loss = 7386.415294966367
Iteration 700: Loss = 7324.615444198883
Iteration 800: Loss = 7318.75390174636
Iteration 900: Loss = 7272.751182944202
Iteration 1000: Loss = 7245.626978969713
Best loss: 7245.626978969713 | Parameters: [1904.86619288   -2.18643239   40.35483115]
Initial loss: 11142.190571559204
Iteration 100: Loss = 10292.619349485443
Iteration 200: Loss = 9792.629274012661
Iteration 300: Loss = 8652.08626323209
Iteration 400: Loss = 7738.567326702669
Iteration 500: Loss = 7611.651680731468
Iteration 600: Loss = 7587.587177854879
Iteration 700: Loss = 7550.739245191503
Iteration 800: Loss = 7542.942661072266
Iteration 900: Loss = 7444.828911376883
Iteration 1000: Loss = 7416.189685716033
Best loss: 7416.189685716033 | Parameters: [1911.42686178   -1.92439799   35.6489405 ]
Initial loss: 11142.190571559204
Iteration 100: Loss = 10249.894221913966
Iteration 200: Loss = 8885.056167376248
Iteration 300: Loss = 8068.031343755604
Iteration 400: Loss = 7833.339505654292
Iteration 500: Loss = 7812.076214132413
Iteration 600: Loss = 7798.800227348463
Iteration 700: Loss = 7766.068640286672
Iteration 800: Loss = 7764.95106975481
Iteration 900: Loss = 7676.691026075985
Iteration 1000: Loss = 7594.111289809536
Best loss: 7594.111289809536 | Parameters: [1.91559493e+03 1.60243838e+00 3.05280476e+01]
Initial loss: 11142.190571559204
Iteration 100: Loss = 10384.563000935774
Iteration 200: Loss = 9636.851360834153
Iteration 300: Loss = 9018.556452608596
Iteration 400: Loss = 7838.204021420651
Iteration 500: Loss = 7721.570431740766
Iteration 600: Loss = 7607.331173331702
Iteration 700: Loss = 7598.085883149509
Iteration 800: Loss = 7513.201886327078
Iteration 900: Loss = 7491.22547771674
Iteration 1000: Loss = 7417.100191104989
Best loss: 7417.100191104989 | Parameters: [1911.52023851    1.93675293   35.77739755]
Initial loss: 11142.190571559204
Iteration 100: Loss = 10638.827283361446
Iteration 200: Loss = 10081.906424852816
Iteration 300: Loss = 9132.475538746414
Iteration 400: Loss = 8691.763326015425
Iteration 500: Loss = 7958.849830446375
Iteration 600: Loss = 7704.51867031803
Iteration 700: Loss = 7540.091901589209
Iteration 800: Loss = 7462.954543106011
Iteration 900: Loss = 7461.011526037255
Iteration 1000: Loss = 7425.208318981269
Best loss: 7425.208318981269 | Parameters: [ 1.91148286e+03 -1.87775969e+00  3.52107045e+01]
Initial loss: 11142.190571559204
Iteration 100: Loss = 10246.509673134191
Iteration 200: Loss = 9024.366158399242
Iteration 300: Loss = 8255.3792766328
Iteration 400: Loss = 8014.814077813248
Iteration 500: Loss = 7881.620939276271
Iteration 600: Loss = 7830.377970431084
Iteration 700: Loss = 7830.377970431084
Iteration 800: Loss = 7778.046224918317
Iteration 900: Loss = 7765.631073463975
Iteration 1000: Loss = 7751.76559103969
Best loss: 7751.76559103969 | Parameters: [1.92169129e+03 1.42688025e+00 2.77837733e+01]
Initial loss: 11142.190571559204
Iteration 100: Loss = 10593.493094799946
Iteration 200: Loss = 9897.340133814141
Iteration 300: Loss = 9239.010863022051
Iteration 400: Loss = 8253.450397251434
Iteration 500: Loss = 7709.7678013770255
Iteration 600: Loss = 7366.898468218683
Iteration 700: Loss = 7310.807107972139
Iteration 800: Loss = 7283.517580668202
Iteration 900: Loss = 7283.467620753073
Iteration 1000: Loss = 7273.795198704488
Best loss: 7273.795198704488 | Parameters: [1906.48317054   -2.16118604   40.1191016 ]
Initial loss: 11112.07810932405
Iteration 100: Loss = 10686.547002515972
Iteration 200: Loss = 10621.094536345305
Iteration 300: Loss = 10558.244908320985
Iteration 400: Loss = 10471.947793629772
Iteration 500: Loss = 10341.916319408925
Iteration 600: Loss = 10244.40780590403
Iteration 700: Loss = 10067.730905855755
Iteration 800: Loss = 9832.758340576504
Iteration 900: Loss = 9538.381821488443
Iteration 1000: Loss = 9083.170792869245
Best loss: 9083.170792869245 | Parameters: [1.91344205e+03 1.12571124e+00 2.02111055e+01]
Initial loss: 11112.07810932405
Iteration 100: Loss = 10701.780784871602
Iteration 200: Loss = 10626.597298604445
Iteration 300: Loss = 10507.719349000548
Iteration 400: Loss = 10384.502928974473
Iteration 500: Loss = 10081.461630833363
Iteration 600: Loss = 9613.012297607589
Iteration 700: Loss = 9073.23970973362
Iteration 800: Loss = 8490.45618183532
Iteration 900: Loss = 8152.398058730589
Iteration 1000: Loss = 7837.750362466345
Best loss: 7837.750362466345 | Parameters: [1.91525677e+03 1.39842990e+00 2.67854567e+01]
Initial loss: 11112.07810932405
Iteration 100: Loss = 10599.381055484984
Iteration 200: Loss = 10477.345344641437
Iteration 300: Loss = 10250.021342486942
Iteration 400: Loss = 9941.791216180229
Iteration 500: Loss = 9561.007885426121
Iteration 600: Loss = 9085.603538931044
Iteration 700: Loss = 8342.521180725853
Iteration 800: Loss = 8072.885526903723
Iteration 900: Loss = 7883.765705961128
Iteration 1000: Loss = 7793.20380050524
Best loss: 7793.20380050524 | Parameters: [1.91550190e+03 1.43120736e+00 2.71410285e+01]
Initial loss: 11112.07810932405
Iteration 100: Loss = 10676.807838917548
Iteration 200: Loss = 10551.668296859054
Iteration 300: Loss = 10480.022641901012
Iteration 400: Loss = 10344.896417782591
Iteration 500: Loss = 10296.269821336948
Iteration 600: Loss = 9865.906921973912
Iteration 700: Loss = 9193.124831525922
Iteration 800: Loss = 8583.267943579718
Iteration 900: Loss = 8179.821184981112
Iteration 1000: Loss = 7873.897550328568
Best loss: 7873.897550328568 | Parameters: [1.91724668e+03 1.37397131e+00 2.56969365e+01]
Initial loss: 11112.07810932405
Iteration 100: Loss = 10568.093784150296
Iteration 200: Loss = 10447.359609354911
Iteration 300: Loss = 10090.477172979248
Iteration 400: Loss = 9870.721714395773
Iteration 500: Loss = 9375.65088828265
Iteration 600: Loss = 8735.95921170916
Iteration 700: Loss = 8145.344724558733
Iteration 800: Loss = 7799.2711269752
Iteration 900: Loss = 7683.79295658854
Iteration 1000: Loss = 7658.323083473194
Best loss: 7658.323083473194 | Parameters: [1.91814869e+03 1.54328317e+00 2.89976077e+01]
Initial loss: 11112.07810932405
Iteration 100: Loss = 10579.532017976886
Iteration 200: Loss = 10148.670364430465
Iteration 300: Loss = 9609.783395493107
Iteration 400: Loss = 8706.964905591505
Iteration 500: Loss = 8146.916946155436
Iteration 600: Loss = 7959.430236479109
Iteration 700: Loss = 7774.820009832164
Iteration 800: Loss = 7659.928241272659
Iteration 900: Loss = 7630.918836945951
Iteration 1000: Loss = 7601.932842917816
Best loss: 7601.932842917816 | Parameters: [1.91654890e+03 1.60564339e+00 3.05627926e+01]
Initial loss: 11112.07810932405
Iteration 100: Loss = 10694.851356672674
Iteration 200: Loss = 10676.873360768017
Iteration 300: Loss = 10636.754132834856
Iteration 400: Loss = 10521.85347110761
Iteration 500: Loss = 10211.475542392755
Iteration 600: Loss = 9935.443757210887
Iteration 700: Loss = 9574.167550495746
Iteration 800: Loss = 8613.866496521663
Iteration 900: Loss = 7965.60064431351
Iteration 1000: Loss = 7608.555388886659
Best loss: 7608.555388886659 | Parameters: [1.91629848e+03 1.58616975e+00 3.02070838e+01]
Initial loss: 11112.07810932405
Iteration 100: Loss = 10400.044169934547
Iteration 200: Loss = 9953.56595433179
Iteration 300: Loss = 9298.917329164191
Iteration 400: Loss = 8570.762674442798
Iteration 500: Loss = 7977.528400192223
Iteration 600: Loss = 7740.437629870076
Iteration 700: Loss = 7585.208318586167
Iteration 800: Loss = 7541.230972109857
Iteration 900: Loss = 7529.202756510304
Iteration 1000: Loss = 7499.025485188411
Best loss: 7499.025485188411 | Parameters: [1.91223859e+03 1.74458288e+00 3.25707118e+01]
Initial loss: 11112.07810932405
Iteration 100: Loss = 10695.81976962828
Iteration 200: Loss = 10655.884990977953
Iteration 300: Loss = 10618.545819014715
Iteration 400: Loss = 10364.204629444828
Iteration 500: Loss = 10109.431640274817
Iteration 600: Loss = 9792.023786532653
Iteration 700: Loss = 9305.487260065012
Iteration 800: Loss = 8585.606288145867
Iteration 900: Loss = 8025.235673872431
Iteration 1000: Loss = 7815.2473495579925
Best loss: 7815.2473495579925 | Parameters: [1.92124199e+03 1.29712690e+00 2.51409271e+01]
Initial loss: 11112.07810932405
Iteration 100: Loss = 10570.106370077212
Iteration 200: Loss = 9842.77160057489
Iteration 300: Loss = 9110.2436525081
Iteration 400: Loss = 8295.858166236874
Iteration 500: Loss = 7659.94537573381
Iteration 600: Loss = 7587.047375046721
Iteration 700: Loss = 7530.49617087887
Iteration 800: Loss = 7474.7785534486065
Iteration 900: Loss = 7469.475458360087
Iteration 1000: Loss = 7406.025328574555
Best loss: 7406.025328574555 | Parameters: [1.91072309e+03 1.90793818e+00 3.54333540e+01]
Initial loss: 11112.07810932405
Iteration 100: Loss = 10532.304983503622
Iteration 200: Loss = 10219.888792931584
Iteration 300: Loss = 9166.002105978949
Iteration 400: Loss = 8293.995595887045
Iteration 500: Loss = 7732.9587959140745
Iteration 600: Loss = 7672.838184945508
Iteration 700: Loss = 7589.748220162489
Iteration 800: Loss = 7562.225556873199
Iteration 900: Loss = 7512.700585563631
Iteration 1000: Loss = 7498.133218935831
Best loss: 7498.133218935831 | Parameters: [1.91356254e+03 1.76982277e+00 3.32067131e+01]
Initial loss: 11112.07810932405
Iteration 100: Loss = 10702.69865476389
Iteration 200: Loss = 10526.485899207757
Iteration 300: Loss = 10381.02175066124
Iteration 400: Loss = 9722.101009798816
Iteration 500: Loss = 8923.053795265969
Iteration 600: Loss = 8030.741541152995
Iteration 700: Loss = 7579.3369767546355
Iteration 800: Loss = 7421.926938042921
Iteration 900: Loss = 7405.215567308302
Iteration 1000: Loss = 7311.620550693598
Best loss: 7311.620550693598 | Parameters: [1907.41625322    2.1513195    38.57485516]
Initial loss: 11112.07810932405
Iteration 100: Loss = 10606.211492354361
Iteration 200: Loss = 10281.244131175266
Iteration 300: Loss = 9905.144976369784
Iteration 400: Loss = 9234.213971266943
Iteration 500: Loss = 8122.018452957918
Iteration 600: Loss = 7779.2868458632765
Iteration 700: Loss = 7778.108361810926
Iteration 800: Loss = 7743.870203515246
Iteration 900: Loss = 7626.840220268477
Iteration 1000: Loss = 7611.9974692116
Best loss: 7611.9974692116 | Parameters: [1.91760961e+03 1.66241919e+00 3.12669689e+01]
Initial loss: 11112.07810932405
Iteration 100: Loss = 10683.356076250839
Iteration 200: Loss = 10427.4978986586
Iteration 300: Loss = 10081.759905440791
Iteration 400: Loss = 8917.348897941301
Iteration 500: Loss = 8260.544926911976
Iteration 600: Loss = 8003.6681546527525
Iteration 700: Loss = 7824.02053533215
Iteration 800: Loss = 7665.977862975621
Iteration 900: Loss = 7659.722587767659
Iteration 1000: Loss = 7644.958507066904
Best loss: 7644.958507066904 | Parameters: [1.91776723e+03 1.65620266e+00 3.02305297e+01]
Initial loss: 11112.07810932405
Iteration 100: Loss = 10521.298720031384
Iteration 200: Loss = 10325.242380423371
Iteration 300: Loss = 9480.610478357376
Iteration 400: Loss = 8157.235508697559
Iteration 500: Loss = 7780.0628232526515
Iteration 600: Loss = 7686.817007354268
Iteration 700: Loss = 7610.052774186814
Iteration 800: Loss = 7592.793856153505
Iteration 900: Loss = 7591.027796919573
Iteration 1000: Loss = 7569.227020539016
Best loss: 7569.227020539016 | Parameters: [1.91598839e+03 1.75819254e+00 3.23598154e+01]
Initial loss: 11112.07810932405
Iteration 100: Loss = 10760.056381736485
Iteration 200: Loss = 10363.665271072705
Iteration 300: Loss = 9816.159554255331
Iteration 400: Loss = 8602.06067378112
Iteration 500: Loss = 7860.949051531261
Iteration 600: Loss = 7618.749175246764
Iteration 700: Loss = 7453.751197809892
Iteration 800: Loss = 7389.255061817523
Iteration 900: Loss = 7371.891964006646
Iteration 1000: Loss = 7341.430894267271
Best loss: 7341.430894267271 | Parameters: [1909.04889549    2.0560356    37.82936539]
Initial loss: 11112.07810932405
Iteration 100: Loss = 10664.059347378168
Iteration 200: Loss = 10560.639695807278
Iteration 300: Loss = 10317.59971055057
Iteration 400: Loss = 9747.004769227922
Iteration 500: Loss = 8289.438984873526
Iteration 600: Loss = 7757.4277325197745
Iteration 700: Loss = 7514.204013416708
Iteration 800: Loss = 7458.216165696734
Iteration 900: Loss = 7430.781010807319
Iteration 1000: Loss = 7346.380696129078
Best loss: 7346.380696129078 | Parameters: [1908.09503883   -2.11486731   37.58022743]
Initial loss: 11112.07810932405
Iteration 100: Loss = 10359.571135668446
Iteration 200: Loss = 9729.808583603
Iteration 300: Loss = 8310.592956958364
Iteration 400: Loss = 7809.254968822022
Iteration 500: Loss = 7748.326266055484
Iteration 600: Loss = 7621.838180376743
Iteration 700: Loss = 7574.887306517006
Iteration 800: Loss = 7495.555727828173
Iteration 900: Loss = 7472.795887488768
Iteration 1000: Loss = 7407.941216273062
Best loss: 7407.941216273062 | Parameters: [ 1.91092201e+03 -1.90565970e+00  3.60402489e+01]
Initial loss: 11112.07810932405
Iteration 100: Loss = 10368.79185224732
Iteration 200: Loss = 10025.420895823734
Iteration 300: Loss = 9753.029092213596
Iteration 400: Loss = 9263.359802960429
Iteration 500: Loss = 8244.905644278077
Iteration 600: Loss = 7719.515753898824
Iteration 700: Loss = 7658.582326667888
Iteration 800: Loss = 7639.0049396517925
Iteration 900: Loss = 7611.500053704146
Iteration 1000: Loss = 7590.696919546445
Best loss: 7590.696919546445 | Parameters: [ 1.91663789e+03 -1.71270768e+00  3.16430903e+01]
Initial loss: 11112.07810932405
Iteration 100: Loss = 10637.466842212802
Iteration 200: Loss = 10574.088088279508
Iteration 300: Loss = 10365.534476315597
Iteration 400: Loss = 9987.92684603927
Iteration 500: Loss = 9276.898843276334
Iteration 600: Loss = 8858.129637772303
Iteration 700: Loss = 8495.106156897793
Iteration 800: Loss = 7977.510209361608
Iteration 900: Loss = 7493.2857581890075
Iteration 1000: Loss = 7489.0778034891555
Best loss: 7489.0778034891555 | Parameters: [ 1.91237713e+03 -1.77413337e+00  3.29057036e+01]
Initial loss: 11112.07810932405
Iteration 100: Loss = 10578.84241274236
Iteration 200: Loss = 10395.095323016358
Iteration 300: Loss = 10357.35180675924
Iteration 400: Loss = 9948.660062805237
Iteration 500: Loss = 9046.39741394666
Iteration 600: Loss = 7766.627005643122
Iteration 700: Loss = 7657.410684150527
Iteration 800: Loss = 7608.821389041935
Iteration 900: Loss = 7602.645257641904
Iteration 1000: Loss = 7489.444875229215
Best loss: 7489.444875229215 | Parameters: [1.91340174e+03 1.78457316e+00 3.35519440e+01]
Initial loss: 11112.07810932405
Iteration 100: Loss = 10432.084861886902
Iteration 200: Loss = 9549.164848514514
Iteration 300: Loss = 8896.37663231074
Iteration 400: Loss = 7853.854238268134
Iteration 500: Loss = 7559.317287737242
Iteration 600: Loss = 7469.427750001268
Iteration 700: Loss = 7452.126726442147
Iteration 800: Loss = 7452.126726442147
Iteration 900: Loss = 7425.334327296619
Iteration 1000: Loss = 7347.443034020648
Best loss: 7347.443034020648 | Parameters: [1907.89812051    2.0498265    36.91110204]
Initial loss: 11112.07810932405
Iteration 100: Loss = 10401.633856270673
Iteration 200: Loss = 9074.270312257264
Iteration 300: Loss = 8316.699050600728
Iteration 400: Loss = 8017.536566237566
Iteration 500: Loss = 7778.840807769505
Iteration 600: Loss = 7726.136215309631
Iteration 700: Loss = 7629.479438786414
Iteration 800: Loss = 7594.87327362213
Iteration 900: Loss = 7527.701623480742
Iteration 1000: Loss = 7521.659691623932
Best loss: 7521.659691623932 | Parameters: [1.91457039e+03 1.79765189e+00 3.32216315e+01]
Initial loss: 11112.07810932405
Iteration 100: Loss = 10402.769423579562
Iteration 200: Loss = 10117.693716410116
Iteration 300: Loss = 9478.732542739359
Iteration 400: Loss = 8917.51002295487
Iteration 500: Loss = 7657.58163459287
Iteration 600: Loss = 7512.503788657117
Iteration 700: Loss = 7503.008222658392
Iteration 800: Loss = 7372.1706054576825
Iteration 900: Loss = 7365.008309890681
Iteration 1000: Loss = 7346.665308518898
Best loss: 7346.665308518898 | Parameters: [1909.14218742   -2.10770286   38.08823808]
Initial loss: 11112.07810932405
Iteration 100: Loss = 10464.262991963853
Iteration 200: Loss = 10279.81591715915
Iteration 300: Loss = 10140.503534460137
Iteration 400: Loss = 8528.883261400648
Iteration 500: Loss = 7725.4826035137985
Iteration 600: Loss = 7549.167178961026
Iteration 700: Loss = 7495.404895454073
Iteration 800: Loss = 7485.830329524827
Iteration 900: Loss = 7436.675533821726
Iteration 1000: Loss = 7432.3965958038625
Best loss: 7432.3965958038625 | Parameters: [1.91103814e+03 1.86431102e+00 3.59502935e+01]
Initial loss: 11112.07810932405
Iteration 100: Loss = 10652.604471719524
Iteration 200: Loss = 10241.250535661296
Iteration 300: Loss = 8683.066588749525
Iteration 400: Loss = 8357.922221400568
Iteration 500: Loss = 7747.75382743728
Iteration 600: Loss = 7736.836350619198
Iteration 700: Loss = 7685.876119773441
Iteration 800: Loss = 7669.710473006597
Iteration 900: Loss = 7655.764181550051
Iteration 1000: Loss = 7560.533213855177
Best loss: 7560.533213855177 | Parameters: [ 1.91596878e+03 -1.73166582e+00  3.25788783e+01]
Initial loss: 11112.07810932405
Iteration 100: Loss = 10230.36527655502
Iteration 200: Loss = 9546.644405649015
Iteration 300: Loss = 7967.886115137112
Iteration 400: Loss = 7758.896266270581
Iteration 500: Loss = 7709.125221487942
Iteration 600: Loss = 7680.484681224782
Iteration 700: Loss = 7663.325374666796
Iteration 800: Loss = 7644.894137320804
Iteration 900: Loss = 7635.556849189609
Iteration 1000: Loss = 7625.932155190824
Best loss: 7625.932155190824 | Parameters: [ 1.91641006e+03 -1.54668247e+00  3.00033340e+01]
Initial loss: 11112.07810932405
Iteration 100: Loss = 10464.43856044347
Iteration 200: Loss = 9236.313480308796
Iteration 300: Loss = 8843.52582021093
Iteration 400: Loss = 7974.327189463378
Iteration 500: Loss = 7709.6130099001175
Iteration 600: Loss = 7697.801385227366
Iteration 700: Loss = 7688.247619460547
Iteration 800: Loss = 7659.994498033009
Iteration 900: Loss = 7588.5658130780075
Iteration 1000: Loss = 7529.442716785866
Best loss: 7529.442716785866 | Parameters: [1.91350839e+03 1.80002233e+00 3.25167516e+01]
Initial loss: 11112.07810932405
Iteration 100: Loss = 10730.223168970278
Iteration 200: Loss = 10678.903753911984
Iteration 300: Loss = 10459.097723536494
Iteration 400: Loss = 9901.814209004535
Iteration 500: Loss = 8510.655849367013
Iteration 600: Loss = 7675.666582007178
Iteration 700: Loss = 7474.000038882694
Iteration 800: Loss = 7429.095006112663
Iteration 900: Loss = 7428.900212247058
Iteration 1000: Loss = 7392.466269139212
Best loss: 7392.466269139212 | Parameters: [1910.81862877    2.05530462   37.34524141]
Initial loss: 11112.07810932405
Iteration 100: Loss = 8500.90197485524
Iteration 200: Loss = 7803.716558537909
Iteration 300: Loss = 7720.702565766612
Iteration 400: Loss = 7720.702565766612
Iteration 500: Loss = 7633.791373936649
Iteration 600: Loss = 7526.314352079031
Iteration 700: Loss = 7378.668764002821
Iteration 800: Loss = 7316.777880626
Iteration 900: Loss = 7260.9776621581395
Iteration 1000: Loss = 7246.9317855308045
Best loss: 7246.9317855308045 | Parameters: [1905.1816375    -2.20298068   40.34561572]
Initial loss: 11080.093656977757
Iteration 100: Loss = 10733.580648022464
Iteration 200: Loss = 10670.80630231156
Iteration 300: Loss = 10654.003493362146
Iteration 400: Loss = 10581.731287022658
Iteration 500: Loss = 10520.65518271785
Iteration 600: Loss = 10392.984801428025
Iteration 700: Loss = 10288.006345617046
Iteration 800: Loss = 10200.068631947644
Iteration 900: Loss = 10010.322063518232
Iteration 1000: Loss = 9754.845774156862
Best loss: 9754.845774156862 | Parameters: [1.91346544e+03 9.83265078e-01 1.69004025e+01]
Initial loss: 11080.093656977757
Iteration 100: Loss = 10607.60510682192
Iteration 200: Loss = 10402.604239450427
Iteration 300: Loss = 9917.23471345059
Iteration 400: Loss = 9612.406873051263
Iteration 500: Loss = 9362.17897331684
Iteration 600: Loss = 8899.436093424129
Iteration 700: Loss = 8375.21348079232
Iteration 800: Loss = 7920.437430429064
Iteration 900: Loss = 7642.4873772085
Iteration 1000: Loss = 7594.521161028078
Best loss: 7594.521161028078 | Parameters: [1.91574998e+03 1.63942687e+00 3.05447129e+01]
Initial loss: 11080.093656977757
Iteration 100: Loss = 10561.473556233508
Iteration 200: Loss = 10383.501260936924
Iteration 300: Loss = 10306.450198959466
Iteration 400: Loss = 9611.876960695481
Iteration 500: Loss = 8953.974845712068
Iteration 600: Loss = 8498.529270400322
Iteration 700: Loss = 8093.483051921057
Iteration 800: Loss = 7820.756420265671
Iteration 900: Loss = 7653.796462061802
Iteration 1000: Loss = 7629.855942459216
Best loss: 7629.855942459216 | Parameters: [1.91769648e+03 1.56915928e+00 3.03001780e+01]
Initial loss: 11080.093656977757
Iteration 100: Loss = 10724.597940299971
Iteration 200: Loss = 10309.988496370193
Iteration 300: Loss = 9840.63030072767
Iteration 400: Loss = 9401.3199802749
Iteration 500: Loss = 8741.155326014741
Iteration 600: Loss = 8304.935135551927
Iteration 700: Loss = 7767.857598170209
Iteration 800: Loss = 7693.402656641642
Iteration 900: Loss = 7600.510058744104
Iteration 1000: Loss = 7532.408366391646
Best loss: 7532.408366391646 | Parameters: [1.91365039e+03 1.68181210e+00 3.20980512e+01]
Initial loss: 11080.093656977757
Iteration 100: Loss = 10731.952664633121
Iteration 200: Loss = 10664.086050173715
Iteration 300: Loss = 10423.5344488824
Iteration 400: Loss = 10311.182812832943
Iteration 500: Loss = 9845.918160635494
Iteration 600: Loss = 9096.272908475126
Iteration 700: Loss = 8597.728530857536
Iteration 800: Loss = 7929.825802743296
Iteration 900: Loss = 7737.173860644397
Iteration 1000: Loss = 7667.229828866817
Best loss: 7667.229828866817 | Parameters: [1.91519052e+03 1.52014610e+00 2.89201045e+01]
Initial loss: 11080.093656977757
Iteration 100: Loss = 10442.744993541326
Iteration 200: Loss = 10031.253923797598
Iteration 300: Loss = 9321.574470188529
Iteration 400: Loss = 8494.344955232675
Iteration 500: Loss = 7954.096699874806
Iteration 600: Loss = 7614.612786842578
Iteration 700: Loss = 7548.601642186944
Iteration 800: Loss = 7441.665822248997
Iteration 900: Loss = 7433.341777508027
Iteration 1000: Loss = 7406.878955768874
Best loss: 7406.878955768874 | Parameters: [1911.04322849    1.94888825   35.81349047]
Initial loss: 11080.093656977757
Iteration 100: Loss = 10424.080121253372
Iteration 200: Loss = 10166.272374018996
Iteration 300: Loss = 9631.218677495515
Iteration 400: Loss = 8809.314151048648
Iteration 500: Loss = 8035.926031959434
Iteration 600: Loss = 7706.362590736445
Iteration 700: Loss = 7575.1950430531515
Iteration 800: Loss = 7565.53556716728
Iteration 900: Loss = 7565.53556716728
Iteration 1000: Loss = 7511.294746276693
Best loss: 7511.294746276693 | Parameters: [1.91357158e+03 1.74890818e+00 3.25981739e+01]
Initial loss: 11080.093656977757
Iteration 100: Loss = 10651.585789146253
Iteration 200: Loss = 10332.9293865094
Iteration 300: Loss = 9099.131931890077
Iteration 400: Loss = 8265.891798379804
Iteration 500: Loss = 7769.10743643688
Iteration 600: Loss = 7696.0558793461505
Iteration 700: Loss = 7633.289295925763
Iteration 800: Loss = 7587.564188800199
Iteration 900: Loss = 7563.826860373187
Iteration 1000: Loss = 7534.663212382289
Best loss: 7534.663212382289 | Parameters: [1.91512556e+03 1.77640210e+00 3.31162372e+01]
Initial loss: 11080.093656977757
Iteration 100: Loss = 10661.57875727552
Iteration 200: Loss = 10370.012686137186
Iteration 300: Loss = 9604.593602133398
Iteration 400: Loss = 9405.230252043844
Iteration 500: Loss = 8624.659708320898
Iteration 600: Loss = 8012.953655859604
Iteration 700: Loss = 7814.211343763445
Iteration 800: Loss = 7690.253679195701
Iteration 900: Loss = 7611.207424109716
Iteration 1000: Loss = 7534.801873165827
Best loss: 7534.801873165827 | Parameters: [1.91483888e+03 1.74433424e+00 3.25357447e+01]
Initial loss: 11080.093656977757
Iteration 100: Loss = 10496.810440454996
Iteration 200: Loss = 9576.807740647131
Iteration 300: Loss = 9053.323347507712
Iteration 400: Loss = 8418.159018457809
Iteration 500: Loss = 8033.866964897785
Iteration 600: Loss = 7780.7613154260935
Iteration 700: Loss = 7752.030413896541
Iteration 800: Loss = 7724.12108008447
Iteration 900: Loss = 7691.298213734837
Iteration 1000: Loss = 7678.687648346896
Best loss: 7678.687648346896 | Parameters: [ 1.91924945e+03 -1.51735622e+00  2.86708441e+01]
Initial loss: 11080.093656977757
Iteration 100: Loss = 10469.188062445422
Iteration 200: Loss = 10458.793073181168
Iteration 300: Loss = 10009.999411051775
Iteration 400: Loss = 9790.8501515699
Iteration 500: Loss = 9176.070235675843
Iteration 600: Loss = 8533.329468206914
Iteration 700: Loss = 7985.864752439198
Iteration 800: Loss = 7758.971340543531
Iteration 900: Loss = 7665.3320492553685
Iteration 1000: Loss = 7650.412217655538
Best loss: 7650.412217655538 | Parameters: [ 1.91851188e+03 -1.54298466e+00  2.96327653e+01]
Initial loss: 11080.093656977757
Iteration 100: Loss = 10607.728208474942
Iteration 200: Loss = 10257.657788670907
Iteration 300: Loss = 9252.43384016203
Iteration 400: Loss = 8266.618841682635
Iteration 500: Loss = 7682.532360966876
Iteration 600: Loss = 7643.43553045655
Iteration 700: Loss = 7575.679020165396
Iteration 800: Loss = 7505.77189821271
Iteration 900: Loss = 7442.498071968656
Iteration 1000: Loss = 7398.497536257562
Best loss: 7398.497536257562 | Parameters: [1910.61990844    1.93465643   35.76084765]
Initial loss: 11080.093656977757
Iteration 100: Loss = 10275.339147381432
Iteration 200: Loss = 9799.872035747656
Iteration 300: Loss = 9127.576151567611
Iteration 400: Loss = 8813.473270445471
Iteration 500: Loss = 8446.521902109078
Iteration 600: Loss = 7917.820871105884
Iteration 700: Loss = 7826.205726542212
Iteration 800: Loss = 7820.931278198313
Iteration 900: Loss = 7716.253155787743
Iteration 1000: Loss = 7703.843668594341
Best loss: 7703.843668594341 | Parameters: [1.91947096e+03 1.43496888e+00 2.81630690e+01]
Initial loss: 11080.093656977757
Iteration 100: Loss = 10555.313536765967
Iteration 200: Loss = 10318.483521730514
Iteration 300: Loss = 9966.097361487167
Iteration 400: Loss = 8668.10371677609
Iteration 500: Loss = 7958.556600714936
Iteration 600: Loss = 7888.981500603681
Iteration 700: Loss = 7702.894228240203
Iteration 800: Loss = 7518.557946997292
Iteration 900: Loss = 7488.351113003572
Iteration 1000: Loss = 7485.381393462134
Best loss: 7485.381393462134 | Parameters: [1913.52740425    1.92439498   35.03491542]
Initial loss: 11080.093656977757
Iteration 100: Loss = 10267.526212621158
Iteration 200: Loss = 10155.687417973411
Iteration 300: Loss = 9345.12403336366
Iteration 400: Loss = 8948.285133359019
Iteration 500: Loss = 8016.429821835749
Iteration 600: Loss = 7834.748834039078
Iteration 700: Loss = 7737.554913594298
Iteration 800: Loss = 7661.241831583348
Iteration 900: Loss = 7616.069593934829
Iteration 1000: Loss = 7587.8904554590035
Best loss: 7587.8904554590035 | Parameters: [1.91572957e+03 1.67675551e+00 3.09291674e+01]
Initial loss: 11080.093656977757
Iteration 100: Loss = 10342.145002688358
Iteration 200: Loss = 8283.768725608308
Iteration 300: Loss = 7884.18097911682
Iteration 400: Loss = 7851.242921263099
Iteration 500: Loss = 7784.129685339147
Iteration 600: Loss = 7745.397639145415
Iteration 700: Loss = 7733.042766787742
Iteration 800: Loss = 7684.0482481591225
Iteration 900: Loss = 7674.586979011605
Iteration 1000: Loss = 7622.880560558915
Best loss: 7622.880560558915 | Parameters: [1.91763685e+03 1.58921454e+00 3.03752106e+01]
Initial loss: 11080.093656977757
Iteration 100: Loss = 10519.793383948494
Iteration 200: Loss = 10112.430471762395
Iteration 300: Loss = 9735.911310453981
Iteration 400: Loss = 8764.749929896225
Iteration 500: Loss = 7857.439025286878
Iteration 600: Loss = 7706.080834666984
Iteration 700: Loss = 7695.584132723037
Iteration 800: Loss = 7623.959462071534
Iteration 900: Loss = 7593.699923970752
Iteration 1000: Loss = 7568.891591246701
Best loss: 7568.891591246701 | Parameters: [1.91598562e+03 1.73459336e+00 3.21016691e+01]
Initial loss: 11080.093656977757
Iteration 100: Loss = 10646.25403387101
Iteration 200: Loss = 10425.328914332036
Iteration 300: Loss = 9133.219831321287
Iteration 400: Loss = 8112.895890621177
Iteration 500: Loss = 7774.4138141417325
Iteration 600: Loss = 7666.787367695935
Iteration 700: Loss = 7654.720678424672
Iteration 800: Loss = 7617.795261951574
Iteration 900: Loss = 7534.901254507603
Iteration 1000: Loss = 7453.172634327838
Best loss: 7453.172634327838 | Parameters: [1912.22143838   -1.94401015   35.110131  ]
Initial loss: 11080.093656977757
Iteration 100: Loss = 10006.443182438785
Iteration 200: Loss = 8974.46151408638
Iteration 300: Loss = 7915.589947386823
Iteration 400: Loss = 7792.648471448586
Iteration 500: Loss = 7735.054726976623
Iteration 600: Loss = 7653.859946126474
Iteration 700: Loss = 7653.83825515567
Iteration 800: Loss = 7620.149808934893
Iteration 900: Loss = 7516.0658568511335
Iteration 1000: Loss = 7467.485383958774
Best loss: 7467.485383958774 | Parameters: [1.91198995e+03 1.78220935e+00 3.36089751e+01]
Initial loss: 11080.093656977757
Iteration 100: Loss = 10591.031480706411
Iteration 200: Loss = 10332.952777354069
Iteration 300: Loss = 9999.159940126785
Iteration 400: Loss = 8370.345864170562
Iteration 500: Loss = 8187.34842060399
Iteration 600: Loss = 7835.033591657404
Iteration 700: Loss = 7669.73200287313
Iteration 800: Loss = 7599.469930456794
Iteration 900: Loss = 7527.398820494861
Iteration 1000: Loss = 7465.712889585685
Best loss: 7465.712889585685 | Parameters: [1.91124724e+03 1.84971932e+00 3.35927511e+01]
Initial loss: 11080.093656977757
Iteration 100: Loss = 10653.710106234852
Iteration 200: Loss = 10517.443950861723
Iteration 300: Loss = 10481.676179331278
Iteration 400: Loss = 9262.730873991197
Iteration 500: Loss = 8055.464102200218
Iteration 600: Loss = 7579.332966627296
Iteration 700: Loss = 7471.5246883308555
Iteration 800: Loss = 7419.693223852801
Iteration 900: Loss = 7335.454513906212
Iteration 1000: Loss = 7248.893906833127
Best loss: 7248.893906833127 | Parameters: [1905.60758093    2.30517866   41.26249314]
Initial loss: 11080.093656977757
Iteration 100: Loss = 9098.085326682081
Iteration 200: Loss = 8430.466139980663
Iteration 300: Loss = 8026.753111357697
Iteration 400: Loss = 7994.6248829690485
Iteration 500: Loss = 7909.462829992096
Iteration 600: Loss = 7879.227507801359
Iteration 700: Loss = 7802.257003585391
Iteration 800: Loss = 7684.720880621758
Iteration 900: Loss = 7684.720880621758
Iteration 1000: Loss = 7646.599489706874
Best loss: 7646.599489706874 | Parameters: [1.91873193e+03 1.67296051e+00 3.14839941e+01]
Initial loss: 11080.093656977757
Iteration 100: Loss = 10219.400437493729
Iteration 200: Loss = 9714.966893082872
Iteration 300: Loss = 8725.593444406957
Iteration 400: Loss = 8217.139773779849
Iteration 500: Loss = 7543.425288120665
Iteration 600: Loss = 7448.236775292486
Iteration 700: Loss = 7408.48369533038
Iteration 800: Loss = 7256.239548424291
Iteration 900: Loss = 7211.139393724224
Iteration 1000: Loss = 7185.622537258457
Best loss: 7185.622537258457 | Parameters: [1903.50194269    2.38259976   43.64828522]
Initial loss: 11080.093656977757
Iteration 100: Loss = 10388.026385704341
Iteration 200: Loss = 9617.729494849267
Iteration 300: Loss = 8179.932614065404
Iteration 400: Loss = 7916.876511926533
Iteration 500: Loss = 7863.94285309624
Iteration 600: Loss = 7819.035152837783
Iteration 700: Loss = 7662.464102558316
Iteration 800: Loss = 7630.414630462124
Iteration 900: Loss = 7590.463301942853
Iteration 1000: Loss = 7544.587597317245
Best loss: 7544.587597317245 | Parameters: [ 1.91478711e+03 -1.85541747e+00  3.34164857e+01]
Initial loss: 11080.093656977757
Iteration 100: Loss = 10795.794840783383
Iteration 200: Loss = 10715.154090687683
Iteration 300: Loss = 10690.376274092874
Iteration 400: Loss = 10669.169796968497
Iteration 500: Loss = 10546.818773051145
Iteration 600: Loss = 9802.317796910476
Iteration 700: Loss = 8172.572920144358
Iteration 800: Loss = 7759.412661306876
Iteration 900: Loss = 7742.340880482475
Iteration 1000: Loss = 7666.286573072014
Best loss: 7666.286573072014 | Parameters: [1.91817873e+03 1.52534887e+00 2.87135363e+01]
Initial loss: 11080.093656977757
Iteration 100: Loss = 10511.434631996268
Iteration 200: Loss = 9995.379520068756
Iteration 300: Loss = 9378.764893359832
Iteration 400: Loss = 8379.148842338916
Iteration 500: Loss = 8052.145804936976
Iteration 600: Loss = 7658.842372916152
Iteration 700: Loss = 7652.2892676639385
Iteration 800: Loss = 7639.758136886921
Iteration 900: Loss = 7597.186667421222
Iteration 1000: Loss = 7546.431862366812
Best loss: 7546.431862366812 | Parameters: [1.91534723e+03 1.72419294e+00 3.24797153e+01]
Initial loss: 11080.093656977757
Iteration 100: Loss = 10535.55905136548
Iteration 200: Loss = 10360.761174242285
Iteration 300: Loss = 10148.02230791476
Iteration 400: Loss = 8896.677142573879
Iteration 500: Loss = 7920.6597526151845
Iteration 600: Loss = 7823.347006409365
Iteration 700: Loss = 7657.838951325315
Iteration 800: Loss = 7599.121025876408
Iteration 900: Loss = 7539.057555579176
Iteration 1000: Loss = 7479.029954548996
Best loss: 7479.029954548996 | Parameters: [ 1.91206625e+03 -1.82115203e+00  3.32940201e+01]
Initial loss: 11080.093656977757
Iteration 100: Loss = 10639.009542664897
Iteration 200: Loss = 10119.664388313127
Iteration 300: Loss = 9527.118305640892
Iteration 400: Loss = 8084.770444240991
Iteration 500: Loss = 7749.493169682912
Iteration 600: Loss = 7654.083319898494
Iteration 700: Loss = 7628.044752085102
Iteration 800: Loss = 7516.570141945732
Iteration 900: Loss = 7475.9688386786775
Iteration 1000: Loss = 7443.644540941147
Best loss: 7443.644540941147 | Parameters: [ 1.91187022e+03 -1.84017502e+00  3.45326605e+01]
Initial loss: 11080.093656977757
Iteration 100: Loss = 10621.596383507378
Iteration 200: Loss = 10252.172665638931
Iteration 300: Loss = 9588.038661194649
Iteration 400: Loss = 8602.839093882307
Iteration 500: Loss = 8550.986518207268
Iteration 600: Loss = 8090.336764622007
Iteration 700: Loss = 7686.419267911616
Iteration 800: Loss = 7488.0877649689255
Iteration 900: Loss = 7394.184054283248
Iteration 1000: Loss = 7382.368864226698
Best loss: 7382.368864226698 | Parameters: [1910.61726356   -2.01351442   37.24509393]
Initial loss: 11080.093656977757
Iteration 100: Loss = 10228.888390669286
Iteration 200: Loss = 9930.861804373932
Iteration 300: Loss = 8771.28032840505
Iteration 400: Loss = 8107.535143851642
Iteration 500: Loss = 7401.2881646367605
Iteration 600: Loss = 7401.2881646367605
Iteration 700: Loss = 7283.708585173396
Iteration 800: Loss = 7283.708585173396
Iteration 900: Loss = 7271.83958710019
Iteration 1000: Loss = 7233.946878423171
Best loss: 7233.946878423171 | Parameters: [1904.79572776   -2.2403772    40.84400257]
Initial loss: 11046.295601448655
Iteration 100: Loss = 10674.567689980955
Iteration 200: Loss = 10602.040470668087
Iteration 300: Loss = 10499.139364155084
Iteration 400: Loss = 10363.595890505389
Iteration 500: Loss = 10201.492642581861
Iteration 600: Loss = 10128.681071503483
Iteration 700: Loss = 9876.658509006402
Iteration 800: Loss = 9687.582849061564
Iteration 900: Loss = 9520.093991506568
Iteration 1000: Loss = 9292.138522223146
Best loss: 9292.138522223146 | Parameters: [1.91288852e+03 1.07922003e+00 1.93949702e+01]
Initial loss: 11046.295601448655
Iteration 100: Loss = 10572.893018419809
Iteration 200: Loss = 10409.410219564741
Iteration 300: Loss = 10344.958587275389
Iteration 400: Loss = 10219.263746196873
Iteration 500: Loss = 9960.663123594302
Iteration 600: Loss = 9612.9586683706
Iteration 700: Loss = 9083.074876372943
Iteration 800: Loss = 8562.449946842822
Iteration 900: Loss = 8299.414968809719
Iteration 1000: Loss = 8035.796822925384
Best loss: 8035.796822925384 | Parameters: [1.91442983e+03 1.36579630e+00 2.54497465e+01]
Initial loss: 11046.295601448655
Iteration 100: Loss = 10590.047443046995
Iteration 200: Loss = 10471.432643454287
Iteration 300: Loss = 10136.136368643996
Iteration 400: Loss = 9792.572767175341
Iteration 500: Loss = 9310.646493705417
Iteration 600: Loss = 8602.14487622173
Iteration 700: Loss = 8151.641998118327
Iteration 800: Loss = 7890.455135811398
Iteration 900: Loss = 7730.165931745244
Iteration 1000: Loss = 7648.295547200682
Best loss: 7648.295547200682 | Parameters: [1.91736084e+03 1.51785469e+00 2.92193862e+01]
Initial loss: 11046.295601448655
Iteration 100: Loss = 10626.604244001564
Iteration 200: Loss = 10371.869614089741
Iteration 300: Loss = 10051.443323528372
Iteration 400: Loss = 9674.295521164668
Iteration 500: Loss = 9047.809162206417
Iteration 600: Loss = 8531.379701112262
Iteration 700: Loss = 7867.4468965476335
Iteration 800: Loss = 7773.452260708048
Iteration 900: Loss = 7758.506955666227
Iteration 1000: Loss = 7706.175163174837
Best loss: 7706.175163174837 | Parameters: [1.91940966e+03 1.46416611e+00 2.76851250e+01]
Initial loss: 11046.295601448655
Iteration 100: Loss = 10684.585348690141
Iteration 200: Loss = 10446.376214904072
Iteration 300: Loss = 9579.837642370301
Iteration 400: Loss = 8460.222970124716
Iteration 500: Loss = 8082.747174325425
Iteration 600: Loss = 7689.285016521527
Iteration 700: Loss = 7624.014066162101
Iteration 800: Loss = 7603.309016855316
Iteration 900: Loss = 7566.646751534431
Iteration 1000: Loss = 7542.074193899341
Best loss: 7542.074193899341 | Parameters: [1.91495306e+03 1.72245402e+00 3.22201469e+01]
Initial loss: 11046.295601448655
Iteration 100: Loss = 10409.83661133335
Iteration 200: Loss = 9985.516931980997
Iteration 300: Loss = 9387.892948637053
Iteration 400: Loss = 8686.934127157903
Iteration 500: Loss = 8113.240982160414
Iteration 600: Loss = 7697.6258608786065
Iteration 700: Loss = 7631.122678840973
Iteration 800: Loss = 7564.014128539071
Iteration 900: Loss = 7534.624775602647
Iteration 1000: Loss = 7506.2741823392225
Best loss: 7506.2741823392225 | Parameters: [1.91367868e+03 1.79088052e+00 3.30176964e+01]
Initial loss: 11046.295601448655
Iteration 100: Loss = 10529.668138060855
Iteration 200: Loss = 9675.297864006054
Iteration 300: Loss = 9121.114197425639
Iteration 400: Loss = 8211.393485359582
Iteration 500: Loss = 7745.730001731405
Iteration 600: Loss = 7712.43842344089
Iteration 700: Loss = 7671.73281919706
Iteration 800: Loss = 7638.480979257337
Iteration 900: Loss = 7611.775271431127
Iteration 1000: Loss = 7607.882536368189
Best loss: 7607.882536368189 | Parameters: [1.91649724e+03 1.61730824e+00 3.02865690e+01]
Initial loss: 11046.295601448655
Iteration 100: Loss = 10663.062395637407
Iteration 200: Loss = 10456.434814040924
Iteration 300: Loss = 10099.768046845917
Iteration 400: Loss = 9065.040708030496
Iteration 500: Loss = 8650.321139493235
Iteration 600: Loss = 8042.136052736331
Iteration 700: Loss = 7862.413201765604
Iteration 800: Loss = 7841.250028003887
Iteration 900: Loss = 7703.806963761481
Iteration 1000: Loss = 7644.689310029992
Best loss: 7644.689310029992 | Parameters: [1.91786802e+03 1.56235396e+00 2.93936432e+01]
Initial loss: 11046.295601448655
Iteration 100: Loss = 10661.692423691786
Iteration 200: Loss = 10580.203866163049
Iteration 300: Loss = 10309.782911143006
Iteration 400: Loss = 9512.812633524278
Iteration 500: Loss = 8415.993445841747
Iteration 600: Loss = 7930.903461214242
Iteration 700: Loss = 7846.34946703385
Iteration 800: Loss = 7753.216549561765
Iteration 900: Loss = 7690.44399079541
Iteration 1000: Loss = 7650.6749459796065
Best loss: 7650.6749459796065 | Parameters: [1.91800966e+03 1.56586871e+00 2.92946105e+01]
Initial loss: 11046.295601448655
Iteration 100: Loss = 10549.931730366345
Iteration 200: Loss = 10184.039187456767
Iteration 300: Loss = 9930.069613261941
Iteration 400: Loss = 9416.553165984804
Iteration 500: Loss = 8448.346332531984
Iteration 600: Loss = 7986.522704275506
Iteration 700: Loss = 7794.736463030969
Iteration 800: Loss = 7692.6446022308855
Iteration 900: Loss = 7577.000941265373
Iteration 1000: Loss = 7537.36478650593
Best loss: 7537.36478650593 | Parameters: [1.91419121e+03 1.75394959e+00 3.21615862e+01]
Initial loss: 11046.295601448655
Iteration 100: Loss = 10619.716932244653
Iteration 200: Loss = 10242.166087164354
Iteration 300: Loss = 9080.328294530003
Iteration 400: Loss = 8433.328418812916
Iteration 500: Loss = 8210.212618928641
Iteration 600: Loss = 8027.902672192895
Iteration 700: Loss = 7951.548771941097
Iteration 800: Loss = 7930.227722680505
Iteration 900: Loss = 7900.40212480995
Iteration 1000: Loss = 7877.9442584373965
Best loss: 7877.9442584373965 | Parameters: [ 1.92360346e+03 -1.21427289e+00  2.43003675e+01]
Initial loss: 11046.295601448655
Iteration 100: Loss = 10492.967136148689
Iteration 200: Loss = 10053.086785798416
Iteration 300: Loss = 9148.268624502472
Iteration 400: Loss = 8443.216123859134
Iteration 500: Loss = 7719.666909942734
Iteration 600: Loss = 7639.167062707933
Iteration 700: Loss = 7594.828752543427
Iteration 800: Loss = 7567.331080780209
Iteration 900: Loss = 7565.633631492746
Iteration 1000: Loss = 7523.7989282399585
Best loss: 7523.7989282399585 | Parameters: [1.91456723e+03 1.77380391e+00 3.29355423e+01]
Initial loss: 11046.295601448655
Iteration 100: Loss = 10246.320499275333
Iteration 200: Loss = 8987.662916107847
Iteration 300: Loss = 8138.166177568581
Iteration 400: Loss = 7936.7599077756495
Iteration 500: Loss = 7610.463613993774
Iteration 600: Loss = 7571.3409345906175
Iteration 700: Loss = 7481.5038362016185
Iteration 800: Loss = 7415.891909852341
Iteration 900: Loss = 7386.684198155182
Iteration 1000: Loss = 7371.17612061152
Best loss: 7371.17612061152 | Parameters: [1909.24478818    1.94662355   36.21267814]
Initial loss: 11046.295601448655
Iteration 100: Loss = 10088.497851531507
Iteration 200: Loss = 9422.943743155816
Iteration 300: Loss = 8772.22001893903
Iteration 400: Loss = 8251.598313304265
Iteration 500: Loss = 7738.867161963471
Iteration 600: Loss = 7701.818935614888
Iteration 700: Loss = 7639.095136494871
Iteration 800: Loss = 7576.398317013985
Iteration 900: Loss = 7489.928139985028
Iteration 1000: Loss = 7423.348282727383
Best loss: 7423.348282727383 | Parameters: [1911.6476986    -1.92468847   35.50790793]
Initial loss: 11046.295601448655
Iteration 100: Loss = 10595.530601131251
Iteration 200: Loss = 9590.481724937907
Iteration 300: Loss = 9354.830561738108
Iteration 400: Loss = 8631.694562298899
Iteration 500: Loss = 7858.030069316972
Iteration 600: Loss = 7678.685429081054
Iteration 700: Loss = 7580.173460314789
Iteration 800: Loss = 7539.726449314206
Iteration 900: Loss = 7517.962695479526
Iteration 1000: Loss = 7449.756512117088
Best loss: 7449.756512117088 | Parameters: [ 1.91169642e+03 -1.89706037e+00  3.44194179e+01]
Initial loss: 11046.295601448655
Iteration 100: Loss = 10556.780800060826
Iteration 200: Loss = 9896.437048091071
Iteration 300: Loss = 8862.934318666565
Iteration 400: Loss = 8204.652761714746
Iteration 500: Loss = 7826.864353276562
Iteration 600: Loss = 7700.192720086231
Iteration 700: Loss = 7687.782553329305
Iteration 800: Loss = 7624.631421923973
Iteration 900: Loss = 7508.934140001194
Iteration 1000: Loss = 7482.685228339598
Best loss: 7482.685228339598 | Parameters: [1.91245573e+03 1.79869118e+00 3.31905213e+01]
Initial loss: 11046.295601448655
Iteration 100: Loss = 10653.55530351641
Iteration 200: Loss = 10283.79669385278
Iteration 300: Loss = 9470.458419802779
Iteration 400: Loss = 8293.600659660286
Iteration 500: Loss = 7812.171667913565
Iteration 600: Loss = 7692.667888568348
Iteration 700: Loss = 7599.898665891304
Iteration 800: Loss = 7478.488937957318
Iteration 900: Loss = 7429.965792433494
Iteration 1000: Loss = 7333.81610152925
Best loss: 7333.81610152925 | Parameters: [1908.69126886    2.07939798   37.97398012]
Initial loss: 11046.295601448655
Iteration 100: Loss = 10492.83709076373
Iteration 200: Loss = 10106.632247665046
Iteration 300: Loss = 9028.364887060447
Iteration 400: Loss = 8043.6721936046415
Iteration 500: Loss = 7806.830139896128
Iteration 600: Loss = 7698.47252295571
Iteration 700: Loss = 7559.481611106826
Iteration 800: Loss = 7463.595892331656
Iteration 900: Loss = 7421.455590982736
Iteration 1000: Loss = 7378.978320429317
Best loss: 7378.978320429317 | Parameters: [1909.96392593   -1.95321748   36.3077473 ]
Initial loss: 11046.295601448655
Iteration 100: Loss = 10271.462232911124
Iteration 200: Loss = 9117.026881832393
Iteration 300: Loss = 8148.375856699077
Iteration 400: Loss = 7719.101397923191
Iteration 500: Loss = 7631.39065841299
Iteration 600: Loss = 7593.983203396648
Iteration 700: Loss = 7526.780353508248
Iteration 800: Loss = 7513.293334835366
Iteration 900: Loss = 7496.367662010711
Iteration 1000: Loss = 7462.738347906427
Best loss: 7462.738347906427 | Parameters: [ 1.91312755e+03 -1.91028656e+00  3.55396754e+01]
Initial loss: 11046.295601448655
Iteration 100: Loss = 10698.336876556657
Iteration 200: Loss = 10594.869754104351
Iteration 300: Loss = 10348.349746731472
Iteration 400: Loss = 10064.732335021343
Iteration 500: Loss = 8500.960495077235
Iteration 600: Loss = 7756.398271640819
Iteration 700: Loss = 7587.566230901386
Iteration 800: Loss = 7464.542209648544
Iteration 900: Loss = 7419.456537162401
Iteration 1000: Loss = 7419.456537162401
Best loss: 7419.456537162401 | Parameters: [ 1.91107354e+03 -1.87886143e+00  3.50459832e+01]
Initial loss: 11046.295601448655
Iteration 100: Loss = 10589.280117070168
Iteration 200: Loss = 10403.478507447846
Iteration 300: Loss = 9697.137019508233
Iteration 400: Loss = 9288.911524853685
Iteration 500: Loss = 8626.811247010823
Iteration 600: Loss = 7948.4383011807795
Iteration 700: Loss = 7681.830824087481
Iteration 800: Loss = 7608.222072187861
Iteration 900: Loss = 7527.2845554129935
Iteration 1000: Loss = 7483.348947892515
Best loss: 7483.348947892515 | Parameters: [ 1.91156946e+03 -1.83873802e+00  3.32461423e+01]
Initial loss: 11046.295601448655
Iteration 100: Loss = 10203.961942854887
Iteration 200: Loss = 9641.18587961731
Iteration 300: Loss = 8886.439755680209
Iteration 400: Loss = 8291.99672720657
Iteration 500: Loss = 7799.688567087929
Iteration 600: Loss = 7716.674315586996
Iteration 700: Loss = 7656.84063551354
Iteration 800: Loss = 7613.608430889421
Iteration 900: Loss = 7547.7357929603295
Iteration 1000: Loss = 7497.525384485838
Best loss: 7497.525384485838 | Parameters: [1.91340014e+03 1.83946992e+00 3.35222397e+01]
Initial loss: 11046.295601448655
Iteration 100: Loss = 10611.446533317221
Iteration 200: Loss = 9814.463320221726
Iteration 300: Loss = 7985.7754022014215
Iteration 400: Loss = 7712.8728254259595
Iteration 500: Loss = 7672.389578431811
Iteration 600: Loss = 7563.0696284788155
Iteration 700: Loss = 7558.7574346178
Iteration 800: Loss = 7503.486464807412
Iteration 900: Loss = 7491.033215172531
Iteration 1000: Loss = 7445.264383375897
Best loss: 7445.264383375897 | Parameters: [1.91127421e+03 1.81647163e+00 3.48378445e+01]
Initial loss: 11046.295601448655
Iteration 100: Loss = 10204.470993226645
Iteration 200: Loss = 9661.88362998241
Iteration 300: Loss = 8535.23743708237
Iteration 400: Loss = 8231.224686196836
Iteration 500: Loss = 7936.923159124283
Iteration 600: Loss = 7764.9195557403045
Iteration 700: Loss = 7725.9804389047995
Iteration 800: Loss = 7605.663365874741
Iteration 900: Loss = 7516.169652279865
Iteration 1000: Loss = 7501.31862365005
Best loss: 7501.31862365005 | Parameters: [1.91403349e+03 1.84000105e+00 3.39151203e+01]
Initial loss: 11046.295601448655
Iteration 100: Loss = 10399.380623079871
Iteration 200: Loss = 9672.845090935276
Iteration 300: Loss = 8069.1214863485675
Iteration 400: Loss = 7739.139093497332
Iteration 500: Loss = 7591.12644802394
Iteration 600: Loss = 7579.321521989855
Iteration 700: Loss = 7536.383814068174
Iteration 800: Loss = 7523.111393684797
Iteration 900: Loss = 7433.8581832872405
Iteration 1000: Loss = 7332.926769741044
Best loss: 7332.926769741044 | Parameters: [1907.76329524    2.02099461   37.22413735]
Initial loss: 11046.295601448655
Iteration 100: Loss = 10211.718737574904
Iteration 200: Loss = 8634.856116792187
Iteration 300: Loss = 7891.659128412311
Iteration 400: Loss = 7682.831626353907
Iteration 500: Loss = 7651.550435400906
Iteration 600: Loss = 7602.656431076874
Iteration 700: Loss = 7548.877443399633
Iteration 800: Loss = 7529.6041068001705
Iteration 900: Loss = 7479.923495503189
Iteration 1000: Loss = 7470.76141585978
Best loss: 7470.76141585978 | Parameters: [ 1.91282537e+03 -1.80664984e+00  3.40803352e+01]
Initial loss: 11046.295601448655
Iteration 100: Loss = 10353.400165240277
Iteration 200: Loss = 9774.41803643844
Iteration 300: Loss = 9066.310601022695
Iteration 400: Loss = 8187.296479065125
Iteration 500: Loss = 7553.934224532565
Iteration 600: Loss = 7501.581754159929
Iteration 700: Loss = 7470.768572855654
Iteration 800: Loss = 7470.768572855654
Iteration 900: Loss = 7393.342773724479
Iteration 1000: Loss = 7371.319194274266
Best loss: 7371.319194274266 | Parameters: [1909.14466008    1.93674688   36.53051624]
Initial loss: 11046.295601448655
Iteration 100: Loss = 10088.442824935033
Iteration 200: Loss = 9207.089583517722
Iteration 300: Loss = 8162.928185795364
Iteration 400: Loss = 7610.633743250408
Iteration 500: Loss = 7512.080806040669
Iteration 600: Loss = 7486.904039926714
Iteration 700: Loss = 7406.1833315358435
Iteration 800: Loss = 7343.780077429696
Iteration 900: Loss = 7282.231400047984
Iteration 1000: Loss = 7169.579116385304
Best loss: 7169.579116385304 | Parameters: [1902.22269313   -2.50951238   44.05379624]
Initial loss: 11046.295601448655
Iteration 100: Loss = 10408.51235052597
Iteration 200: Loss = 10018.101322912073
Iteration 300: Loss = 9402.863843355508
Iteration 400: Loss = 8390.973883094479
Iteration 500: Loss = 8188.2781074893755
Iteration 600: Loss = 7771.759515990277
Iteration 700: Loss = 7600.8859328712215
Iteration 800: Loss = 7510.755799327725
Iteration 900: Loss = 7451.440977734034
Iteration 1000: Loss = 7409.030555925129
Best loss: 7409.030555925129 | Parameters: [1910.83921114   -2.004517     36.11524171]
Initial loss: 11046.295601448655
Iteration 100: Loss = 10387.021917423714
Iteration 200: Loss = 10166.588828527667
Iteration 300: Loss = 9051.828978980295
Iteration 400: Loss = 8036.67842897063
Iteration 500: Loss = 7685.509144503535
Iteration 600: Loss = 7606.395314791234
Iteration 700: Loss = 7549.618302050788
Iteration 800: Loss = 7490.810040030171
Iteration 900: Loss = 7453.407245306704
Iteration 1000: Loss = 7411.687920333539
Best loss: 7411.687920333539 | Parameters: [1909.99686336    1.91585326   34.9340256 ]
Initial loss: 11010.734530383765
Iteration 100: Loss = 10661.124909403987
Iteration 200: Loss = 10564.534873903258
Iteration 300: Loss = 10475.627528002888
Iteration 400: Loss = 10430.716619165209
Iteration 500: Loss = 10266.012167555005
Iteration 600: Loss = 10151.80579221091
Iteration 700: Loss = 9943.017765388608
Iteration 800: Loss = 9741.097371144106
Iteration 900: Loss = 9493.508772181416
Iteration 1000: Loss = 9181.211082211863
Best loss: 9181.211082211863 | Parameters: [1.91388850e+03 1.07604172e+00 1.95855035e+01]
Initial loss: 11010.734530383765
Iteration 100: Loss = 10619.685513653023
Iteration 200: Loss = 10500.790224621502
Iteration 300: Loss = 10206.858539996587
Iteration 400: Loss = 9806.83859796805
Iteration 500: Loss = 9679.238455850891
Iteration 600: Loss = 8710.436113288875
Iteration 700: Loss = 8279.89952147765
Iteration 800: Loss = 7910.957259606391
Iteration 900: Loss = 7736.701589840225
Iteration 1000: Loss = 7697.62599579294
Best loss: 7697.62599579294 | Parameters: [1.91954538e+03 1.45654583e+00 2.79827002e+01]
Initial loss: 11010.734530383765
Iteration 100: Loss = 10538.89908389625
Iteration 200: Loss = 10084.522820747257
Iteration 300: Loss = 9750.43670154791
Iteration 400: Loss = 9189.83471441063
Iteration 500: Loss = 8814.049224862227
Iteration 600: Loss = 8289.419657758806
Iteration 700: Loss = 7944.69007981515
Iteration 800: Loss = 7795.343681080215
Iteration 900: Loss = 7751.153915690871
Iteration 1000: Loss = 7684.8246316459245
Best loss: 7684.8246316459245 | Parameters: [1.91895460e+03 1.47057620e+00 2.82528825e+01]
Initial loss: 11010.734530383765
Iteration 100: Loss = 10667.900181215788
Iteration 200: Loss = 10471.733293598989
Iteration 300: Loss = 10195.090884642823
Iteration 400: Loss = 9439.05184278428
Iteration 500: Loss = 8504.201769812817
Iteration 600: Loss = 8213.41325158687
Iteration 700: Loss = 7988.973750825252
Iteration 800: Loss = 7819.013952728713
Iteration 900: Loss = 7754.5383740208645
Iteration 1000: Loss = 7723.721813171797
Best loss: 7723.721813171797 | Parameters: [1.92003052e+03 1.40790202e+00 2.72918274e+01]
Initial loss: 11010.734530383765
Iteration 100: Loss = 10656.401895312674
Iteration 200: Loss = 10477.401693424508
Iteration 300: Loss = 10065.918594873616
Iteration 400: Loss = 9415.644574860196
Iteration 500: Loss = 8883.250238513194
Iteration 600: Loss = 8196.652126220719
Iteration 700: Loss = 8081.867473573995
Iteration 800: Loss = 7929.631751047539
Iteration 900: Loss = 7839.790344648868
Iteration 1000: Loss = 7839.790344648868
Best loss: 7839.790344648868 | Parameters: [1.91831802e+03 1.35129170e+00 2.56056088e+01]
Initial loss: 11010.734530383765
Iteration 100: Loss = 10601.227383529518
Iteration 200: Loss = 10534.27255672468
Iteration 300: Loss = 10420.658695904565
Iteration 400: Loss = 10091.519143669557
Iteration 500: Loss = 9278.908297909233
Iteration 600: Loss = 8802.218681044855
Iteration 700: Loss = 8048.200030431336
Iteration 800: Loss = 7766.597261203188
Iteration 900: Loss = 7642.83648793609
Iteration 1000: Loss = 7538.23790276847
Best loss: 7538.23790276847 | Parameters: [1.91238990e+03 1.72765517e+00 3.17185861e+01]
Initial loss: 11010.734530383765
Iteration 100: Loss = 10494.067100407397
Iteration 200: Loss = 9959.3129230132
Iteration 300: Loss = 9038.346440860376
Iteration 400: Loss = 7938.430539231344
Iteration 500: Loss = 7569.050582974929
Iteration 600: Loss = 7522.832033779907
Iteration 700: Loss = 7469.175487643865
Iteration 800: Loss = 7464.337441164919
Iteration 900: Loss = 7438.768473455152
Iteration 1000: Loss = 7414.217571561112
Best loss: 7414.217571561112 | Parameters: [1.91096899e+03 1.88426913e+00 3.53250254e+01]
Initial loss: 11010.734530383765
Iteration 100: Loss = 10178.437482930007
Iteration 200: Loss = 9452.701046877433
Iteration 300: Loss = 8374.158737561187
Iteration 400: Loss = 8008.703649259227
Iteration 500: Loss = 7803.211475813358
Iteration 600: Loss = 7698.918475293826
Iteration 700: Loss = 7689.058834097501
Iteration 800: Loss = 7668.797972329976
Iteration 900: Loss = 7637.639129797152
Iteration 1000: Loss = 7605.822741342628
Best loss: 7605.822741342628 | Parameters: [1.91601416e+03 1.62433896e+00 3.02581909e+01]
Initial loss: 11010.734530383765
Iteration 100: Loss = 10410.199374044088
Iteration 200: Loss = 10160.287833542045
Iteration 300: Loss = 9814.460532621528
Iteration 400: Loss = 8837.69011016574
Iteration 500: Loss = 8080.079808366021
Iteration 600: Loss = 7753.55371236853
Iteration 700: Loss = 7725.475823299577
Iteration 800: Loss = 7618.827308316766
Iteration 900: Loss = 7570.699220378572
Iteration 1000: Loss = 7526.872488541616
Best loss: 7526.872488541616 | Parameters: [1.91497124e+03 1.78751700e+00 3.36194544e+01]
Initial loss: 11010.734530383765
Iteration 100: Loss = 10524.436179687611
Iteration 200: Loss = 9575.53968532869
Iteration 300: Loss = 9026.764423059793
Iteration 400: Loss = 8181.292104416725
Iteration 500: Loss = 7849.103302663988
Iteration 600: Loss = 7777.982716337016
Iteration 700: Loss = 7733.725745172374
Iteration 800: Loss = 7684.537116753034
Iteration 900: Loss = 7655.27118836855
Iteration 1000: Loss = 7601.506896696439
Best loss: 7601.506896696439 | Parameters: [1.91671937e+03 1.61938093e+00 3.06455887e+01]
Initial loss: 11010.734530383765
Iteration 100: Loss = 10177.367887732436
Iteration 200: Loss = 8947.35897742242
Iteration 300: Loss = 8007.473508948781
Iteration 400: Loss = 7730.222211056307
Iteration 500: Loss = 7478.2066106349175
Iteration 600: Loss = 7477.578979520293
Iteration 700: Loss = 7453.902886234346
Iteration 800: Loss = 7414.282391354843
Iteration 900: Loss = 7390.953234749276
Iteration 1000: Loss = 7295.040810453373
Best loss: 7295.040810453373 | Parameters: [1907.04285005    2.13142694   38.83394307]
Initial loss: 11010.734530383765
Iteration 100: Loss = 10608.88458162407
Iteration 200: Loss = 10498.070880617457
Iteration 300: Loss = 10182.223251356678
Iteration 400: Loss = 9326.411629393107
Iteration 500: Loss = 8493.05667546693
Iteration 600: Loss = 8006.514357687328
Iteration 700: Loss = 7701.199178646224
Iteration 800: Loss = 7654.576492250482
Iteration 900: Loss = 7639.034530299619
Iteration 1000: Loss = 7617.805452360456
Best loss: 7617.805452360456 | Parameters: [1.91718464e+03 1.60372071e+00 3.01854156e+01]
Initial loss: 11010.734530383765
Iteration 100: Loss = 10505.825326400229
Iteration 200: Loss = 10218.654336052154
Iteration 300: Loss = 9231.291731948804
Iteration 400: Loss = 8392.453953541395
Iteration 500: Loss = 7856.888267865022
Iteration 600: Loss = 7744.588020257796
Iteration 700: Loss = 7709.276111376998
Iteration 800: Loss = 7692.533291490932
Iteration 900: Loss = 7610.371036812719
Iteration 1000: Loss = 7596.083549887771
Best loss: 7596.083549887771 | Parameters: [1.91630843e+03 1.63452271e+00 3.06521595e+01]
Initial loss: 11010.734530383765
Iteration 100: Loss = 10110.086941034358
Iteration 200: Loss = 9605.1292290632
Iteration 300: Loss = 8454.902713964831
Iteration 400: Loss = 8145.150351536715
Iteration 500: Loss = 7893.674662170165
Iteration 600: Loss = 7836.12408227087
Iteration 700: Loss = 7744.405231732367
Iteration 800: Loss = 7709.073380076859
Iteration 900: Loss = 7705.965006887514
Iteration 1000: Loss = 7673.9522018295875
Best loss: 7673.9522018295875 | Parameters: [1.91847574e+03 1.48630981e+00 2.85007208e+01]
Initial loss: 11010.734530383765
Iteration 100: Loss = 10471.200313192894
Iteration 200: Loss = 9721.835271910042
Iteration 300: Loss = 9104.393529184099
Iteration 400: Loss = 8174.547498473395
Iteration 500: Loss = 7674.395346937725
Iteration 600: Loss = 7447.601682472906
Iteration 700: Loss = 7369.685927629276
Iteration 800: Loss = 7359.3082385233065
Iteration 900: Loss = 7316.622041292799
Iteration 1000: Loss = 7305.420039687478
Best loss: 7305.420039687478 | Parameters: [1905.99689019    2.10939686   38.00049151]
Initial loss: 11010.734530383765
Iteration 100: Loss = 10432.686141910068
Iteration 200: Loss = 9130.014682041918
Iteration 300: Loss = 8148.618364801348
Iteration 400: Loss = 7853.029132303765
Iteration 500: Loss = 7794.880649556941
Iteration 600: Loss = 7773.865446954842
Iteration 700: Loss = 7717.624702613032
Iteration 800: Loss = 7685.9861674986
Iteration 900: Loss = 7671.787481117944
Iteration 1000: Loss = 7652.263976739692
Best loss: 7652.263976739692 | Parameters: [1.91859020e+03 1.54312220e+00 2.97999901e+01]
Initial loss: 11010.734530383765
Iteration 100: Loss = 10407.698885572334
Iteration 200: Loss = 9690.058649123059
Iteration 300: Loss = 8150.846576326042
Iteration 400: Loss = 7776.422802809011
Iteration 500: Loss = 7741.303374196065
Iteration 600: Loss = 7715.062698784086
Iteration 700: Loss = 7701.407156261245
Iteration 800: Loss = 7670.788934659059
Iteration 900: Loss = 7634.4181609453235
Iteration 1000: Loss = 7590.554358054431
Best loss: 7590.554358054431 | Parameters: [ 1.91680785e+03 -1.66295987e+00  3.15337277e+01]
Initial loss: 11010.734530383765
Iteration 100: Loss = 10103.283465201695
Iteration 200: Loss = 9524.95018551124
Iteration 300: Loss = 8736.543870795193
Iteration 400: Loss = 8040.828087370085
Iteration 500: Loss = 7702.005932739592
Iteration 600: Loss = 7669.974648638878
Iteration 700: Loss = 7611.29351724045
Iteration 800: Loss = 7576.038394947827
Iteration 900: Loss = 7536.883154239485
Iteration 1000: Loss = 7431.264343383393
Best loss: 7431.264343383393 | Parameters: [1911.5917502    -1.91581229   35.04730887]
Initial loss: 11010.734530383765
Iteration 100: Loss = 10283.16478445535
Iteration 200: Loss = 10072.296023072044
Iteration 300: Loss = 9041.523797510028
Iteration 400: Loss = 8280.59530898522
Iteration 500: Loss = 7833.862834807481
Iteration 600: Loss = 7747.10164603127
Iteration 700: Loss = 7694.4027036343405
Iteration 800: Loss = 7481.837484722876
Iteration 900: Loss = 7481.326798228513
Iteration 1000: Loss = 7353.856157961645
Best loss: 7353.856157961645 | Parameters: [1909.67566812   -2.09088819   38.23271855]
Initial loss: 11010.734530383765
Iteration 100: Loss = 10624.517111586474
Iteration 200: Loss = 8609.925238034026
Iteration 300: Loss = 8025.58395174078
Iteration 400: Loss = 7764.511445868638
Iteration 500: Loss = 7709.479683178106
Iteration 600: Loss = 7622.098141321166
Iteration 700: Loss = 7607.112489499711
Iteration 800: Loss = 7567.447203689312
Iteration 900: Loss = 7539.89311828883
Iteration 1000: Loss = 7539.89311828883
Best loss: 7539.89311828883 | Parameters: [1.91522504e+03 1.83556717e+00 3.37003081e+01]
Initial loss: 11010.734530383765
Iteration 100: Loss = 10533.203490615751
Iteration 200: Loss = 10090.425302899375
Iteration 300: Loss = 9071.01835231532
Iteration 400: Loss = 8531.659003088642
Iteration 500: Loss = 7762.934432191347
Iteration 600: Loss = 7560.673294250224
Iteration 700: Loss = 7485.382281791194
Iteration 800: Loss = 7420.490276890303
Iteration 900: Loss = 7396.066276095673
Iteration 1000: Loss = 7370.638807969497
Best loss: 7370.638807969497 | Parameters: [1910.26964455    2.06377796   37.87963461]
Initial loss: 11010.734530383765
Iteration 100: Loss = 10358.081367112241
Iteration 200: Loss = 9492.381890219462
Iteration 300: Loss = 8286.344857554484
Iteration 400: Loss = 7913.269834059894
Iteration 500: Loss = 7845.710719457079
Iteration 600: Loss = 7777.779584156866
Iteration 700: Loss = 7649.117856481141
Iteration 800: Loss = 7588.317362290243
Iteration 900: Loss = 7566.046805080845
Iteration 1000: Loss = 7491.625200386823
Best loss: 7491.625200386823 | Parameters: [1.91348659e+03 1.81572298e+00 3.35603438e+01]
Initial loss: 11010.734530383765
Iteration 100: Loss = 10589.26530512809
Iteration 200: Loss = 10374.620829002237
Iteration 300: Loss = 9535.407780738979
Iteration 400: Loss = 8995.635513776437
Iteration 500: Loss = 8275.541644544552
Iteration 600: Loss = 7804.443644234586
Iteration 700: Loss = 7646.3539438488815
Iteration 800: Loss = 7582.933789508479
Iteration 900: Loss = 7532.848333810229
Iteration 1000: Loss = 7430.710964035171
Best loss: 7430.710964035171 | Parameters: [1.91068709e+03 1.84032094e+00 3.53689915e+01]
Initial loss: 11010.734530383765
Iteration 100: Loss = 10308.394413636044
Iteration 200: Loss = 9385.133351709199
Iteration 300: Loss = 8670.323973163839
Iteration 400: Loss = 7813.69523763226
Iteration 500: Loss = 7598.920565866401
Iteration 600: Loss = 7504.7939375244605
Iteration 700: Loss = 7475.050938078144
Iteration 800: Loss = 7354.8023362806
Iteration 900: Loss = 7289.013536435642
Iteration 1000: Loss = 7232.996195531124
Best loss: 7232.996195531124 | Parameters: [1904.05689679    2.20017798   40.88367547]
Initial loss: 11010.734530383765
Iteration 100: Loss = 10361.49764158054
Iteration 200: Loss = 9682.892298859915
Iteration 300: Loss = 8472.388282062364
Iteration 400: Loss = 7741.193922297005
Iteration 500: Loss = 7580.062252362106
Iteration 600: Loss = 7527.935752438902
Iteration 700: Loss = 7486.837771961334
Iteration 800: Loss = 7445.471831529449
Iteration 900: Loss = 7389.295139601063
Iteration 1000: Loss = 7360.644898580641
Best loss: 7360.644898580641 | Parameters: [1909.39822469   -1.98343876   36.95443612]
Initial loss: 11010.734530383765
Iteration 100: Loss = 10628.761304204661
Iteration 200: Loss = 10319.842100577953
Iteration 300: Loss = 9507.341705860907
Iteration 400: Loss = 8097.451218038183
Iteration 500: Loss = 7840.805538299535
Iteration 600: Loss = 7621.109708072189
Iteration 700: Loss = 7487.506200298245
Iteration 800: Loss = 7399.809752274408
Iteration 900: Loss = 7344.518298193354
Iteration 1000: Loss = 7286.682673343873
Best loss: 7286.682673343873 | Parameters: [1906.70805108    2.1203837    39.14154917]
Initial loss: 11010.734530383765
Iteration 100: Loss = 10613.171569268356
Iteration 200: Loss = 10252.905650753064
Iteration 300: Loss = 9502.453001466782
Iteration 400: Loss = 8411.169027110656
Iteration 500: Loss = 7827.070537650582
Iteration 600: Loss = 7573.200409736928
Iteration 700: Loss = 7503.7570569227955
Iteration 800: Loss = 7417.8075962586045
Iteration 900: Loss = 7391.278527921639
Iteration 1000: Loss = 7365.375684783022
Best loss: 7365.375684783022 | Parameters: [1909.93376229    2.01422389   37.69062381]
Initial loss: 11010.734530383765
Iteration 100: Loss = 10564.318186147118
Iteration 200: Loss = 8639.692137971171
Iteration 300: Loss = 7783.3722857470675
Iteration 400: Loss = 7700.966513753537
Iteration 500: Loss = 7593.432583132496
Iteration 600: Loss = 7543.41564263597
Iteration 700: Loss = 7522.0368097263345
Iteration 800: Loss = 7400.4832739712965
Iteration 900: Loss = 7375.539113120025
Iteration 1000: Loss = 7314.648606694562
Best loss: 7314.648606694562 | Parameters: [1907.81124479    2.08587556   38.2402353 ]
Initial loss: 11010.734530383765
Iteration 100: Loss = 10428.403338723805
Iteration 200: Loss = 9678.31552881075
Iteration 300: Loss = 8500.439557731503
Iteration 400: Loss = 8334.08124274668
Iteration 500: Loss = 8052.44841582041
Iteration 600: Loss = 7832.5791418399585
Iteration 700: Loss = 7773.50805218666
Iteration 800: Loss = 7716.809650231154
Iteration 900: Loss = 7675.39045218338
Iteration 1000: Loss = 7670.701832763891
Best loss: 7670.701832763891 | Parameters: [ 1.91909423e+03 -1.50858713e+00  2.89610538e+01]
Initial loss: 11010.734530383765
Iteration 100: Loss = 10294.247462966867
Iteration 200: Loss = 8410.25967123449
Iteration 300: Loss = 7702.86035915753
Iteration 400: Loss = 7649.035066443215
Iteration 500: Loss = 7567.873082769749
Iteration 600: Loss = 7531.448761858295
Iteration 700: Loss = 7488.738157868264
Iteration 800: Loss = 7460.518085328758
Iteration 900: Loss = 7460.518085328758
Iteration 1000: Loss = 7446.513316067844
Best loss: 7446.513316067844 | Parameters: [1.91211466e+03 1.91130874e+00 3.66656693e+01]
Initial loss: 10973.448997171847
Iteration 100: Loss = 10674.7309452894
Iteration 200: Loss = 10581.982002393604
Iteration 300: Loss = 10493.665996581898
Iteration 400: Loss = 10305.705731542763
Iteration 500: Loss = 10166.202132847297
Iteration 600: Loss = 9911.734476505248
Iteration 700: Loss = 9694.32658329611
Iteration 800: Loss = 9314.498271024593
Iteration 900: Loss = 9093.666226011259
Iteration 1000: Loss = 8832.777044399472
Best loss: 8832.777044399472 | Parameters: [1.91541974e+03 1.10897281e+00 2.06287308e+01]
Initial loss: 10973.448997171847
Iteration 100: Loss = 10626.182476053169
Iteration 200: Loss = 10481.677689544853
Iteration 300: Loss = 10299.105782781213
Iteration 400: Loss = 10075.172277233038
Iteration 500: Loss = 9691.153058496919
Iteration 600: Loss = 9127.943976206825
Iteration 700: Loss = 8199.38807577997
Iteration 800: Loss = 7892.622689790952
Iteration 900: Loss = 7695.432638497748
Iteration 1000: Loss = 7609.506621689711
Best loss: 7609.506621689711 | Parameters: [1.91391767e+03 1.59048661e+00 3.01257822e+01]
Initial loss: 10973.448997171847
Iteration 100: Loss = 10543.930151689601
Iteration 200: Loss = 10414.3976995082
Iteration 300: Loss = 10211.849667466233
Iteration 400: Loss = 9961.646688770743
Iteration 500: Loss = 9426.117324185698
Iteration 600: Loss = 8701.868686130336
Iteration 700: Loss = 8329.403560301304
Iteration 800: Loss = 8020.401051224719
Iteration 900: Loss = 7674.8436607143185
Iteration 1000: Loss = 7550.453899796703
Best loss: 7550.453899796703 | Parameters: [1.91272149e+03 1.69115436e+00 3.13741073e+01]
Initial loss: 10973.448997171847
Iteration 100: Loss = 10570.4286854492
Iteration 200: Loss = 10406.424066000622
Iteration 300: Loss = 9953.393109037685
Iteration 400: Loss = 9501.75282148453
Iteration 500: Loss = 8732.353214255863
Iteration 600: Loss = 8071.429701692251
Iteration 700: Loss = 7734.2573402546695
Iteration 800: Loss = 7650.907026567174
Iteration 900: Loss = 7575.691112863255
Iteration 1000: Loss = 7550.727117662557
Best loss: 7550.727117662557 | Parameters: [1.91498064e+03 1.70730958e+00 3.18339753e+01]
Initial loss: 10973.448997171847
Iteration 100: Loss = 10509.545995063485
Iteration 200: Loss = 10342.0316837388
Iteration 300: Loss = 9912.850884528205
Iteration 400: Loss = 9271.504411674327
Iteration 500: Loss = 8892.011874696167
Iteration 600: Loss = 8065.852875017946
Iteration 700: Loss = 7851.222629025998
Iteration 800: Loss = 7701.934403178353
Iteration 900: Loss = 7625.432982480543
Iteration 1000: Loss = 7609.0367584007845
Best loss: 7609.0367584007845 | Parameters: [1.91693641e+03 1.61551851e+00 3.04312081e+01]
Initial loss: 10973.448997171847
Iteration 100: Loss = 10515.926445608582
Iteration 200: Loss = 9907.89949620362
Iteration 300: Loss = 9274.376949852818
Iteration 400: Loss = 8673.97480494888
Iteration 500: Loss = 8169.9051012592945
Iteration 600: Loss = 7851.05748354562
Iteration 700: Loss = 7710.074207431225
Iteration 800: Loss = 7694.396584186426
Iteration 900: Loss = 7669.795515324116
Iteration 1000: Loss = 7669.032810952318
Best loss: 7669.032810952318 | Parameters: [1.91926691e+03 1.53687135e+00 2.92335752e+01]
Initial loss: 10973.448997171847
Iteration 100: Loss = 10600.4813081088
Iteration 200: Loss = 10526.028788572328
Iteration 300: Loss = 10095.746958731152
Iteration 400: Loss = 9525.141060636008
Iteration 500: Loss = 8734.771650012119
Iteration 600: Loss = 8296.626891695692
Iteration 700: Loss = 8015.105233608576
Iteration 800: Loss = 7868.983178836429
Iteration 900: Loss = 7735.269741217217
Iteration 1000: Loss = 7660.971233237538
Best loss: 7660.971233237538 | Parameters: [1.91866591e+03 1.54602236e+00 2.91270391e+01]
Initial loss: 10973.448997171847
Iteration 100: Loss = 10623.356770019282
Iteration 200: Loss = 10546.440566126133
Iteration 300: Loss = 10328.612677212306
Iteration 400: Loss = 9750.64464742875
Iteration 500: Loss = 8777.569272833649
Iteration 600: Loss = 7927.863760126187
Iteration 700: Loss = 7747.735404873477
Iteration 800: Loss = 7669.843168299589
Iteration 900: Loss = 7638.155866484517
Iteration 1000: Loss = 7568.539193197477
Best loss: 7568.539193197477 | Parameters: [1.91561870e+03 1.71660042e+00 3.16879027e+01]
Initial loss: 10973.448997171847
Iteration 100: Loss = 10442.34320612704
Iteration 200: Loss = 9998.320527279218
Iteration 300: Loss = 9421.472563584834
Iteration 400: Loss = 8943.848344218972
Iteration 500: Loss = 8077.335908732847
Iteration 600: Loss = 7608.990003677932
Iteration 700: Loss = 7401.552216615876
Iteration 800: Loss = 7331.242647757346
Iteration 900: Loss = 7307.573599688838
Iteration 1000: Loss = 7230.495957647505
Best loss: 7230.495957647505 | Parameters: [1905.00702773    2.26250336   41.64571738]
Initial loss: 10973.448997171847
Iteration 100: Loss = 10637.067642662725
Iteration 200: Loss = 10295.334167549
Iteration 300: Loss = 9582.13884350114
Iteration 400: Loss = 8639.218938734084
Iteration 500: Loss = 8305.56102569539
Iteration 600: Loss = 7980.279027362147
Iteration 700: Loss = 7864.745937370505
Iteration 800: Loss = 7779.8142089102985
Iteration 900: Loss = 7725.86919781297
Iteration 1000: Loss = 7671.529399455394
Best loss: 7671.529399455394 | Parameters: [1.9190564e+03 1.5016689e+00 2.9002107e+01]
Initial loss: 10973.448997171847
Iteration 100: Loss = 10326.596454428896
Iteration 200: Loss = 9852.725218916394
Iteration 300: Loss = 9106.613544594908
Iteration 400: Loss = 8426.567550735272
Iteration 500: Loss = 7877.491062143845
Iteration 600: Loss = 7694.969330463673
Iteration 700: Loss = 7606.163925160086
Iteration 800: Loss = 7507.888154429395
Iteration 900: Loss = 7475.631363461599
Iteration 1000: Loss = 7410.46582824837
Best loss: 7410.46582824837 | Parameters: [1911.32376609    1.93289374   35.97019318]
Initial loss: 10973.448997171847
Iteration 100: Loss = 10567.606000610858
Iteration 200: Loss = 10462.613992994395
Iteration 300: Loss = 10315.07187548828
Iteration 400: Loss = 9139.161760340441
Iteration 500: Loss = 8310.14487464902
Iteration 600: Loss = 8121.265536588425
Iteration 700: Loss = 7714.012285313686
Iteration 800: Loss = 7614.979518351375
Iteration 900: Loss = 7494.2394841430605
Iteration 1000: Loss = 7418.468225205118
Best loss: 7418.468225205118 | Parameters: [1911.50617811    1.91238613   35.63482083]
Initial loss: 10973.448997171847
Iteration 100: Loss = 10409.803030663163
Iteration 200: Loss = 9926.513607196272
Iteration 300: Loss = 9140.206257634565
Iteration 400: Loss = 7997.827059367352
Iteration 500: Loss = 7777.299577228197
Iteration 600: Loss = 7634.533456301333
Iteration 700: Loss = 7533.214542675402
Iteration 800: Loss = 7504.004546539944
Iteration 900: Loss = 7366.729158914452
Iteration 1000: Loss = 7347.579140598411
Best loss: 7347.579140598411 | Parameters: [1908.8175555     2.00238447   37.1489268 ]
Initial loss: 10973.448997171847
Iteration 100: Loss = 10356.605450578101
Iteration 200: Loss = 9999.586715975529
Iteration 300: Loss = 9394.367106776579
Iteration 400: Loss = 8804.506019174305
Iteration 500: Loss = 8088.84294647746
Iteration 600: Loss = 7776.940716475427
Iteration 700: Loss = 7725.693906781622
Iteration 800: Loss = 7624.442399116698
Iteration 900: Loss = 7593.08743000109
Iteration 1000: Loss = 7574.476880876173
Best loss: 7574.476880876173 | Parameters: [ 1.91640814e+03 -1.70732918e+00  3.23166662e+01]
Initial loss: 10973.448997171847
Iteration 100: Loss = 10678.256034714112
Iteration 200: Loss = 10676.250774467326
Iteration 300: Loss = 10365.32238043004
Iteration 400: Loss = 10052.038165164795
Iteration 500: Loss = 9342.492019523226
Iteration 600: Loss = 8201.329514239354
Iteration 700: Loss = 7875.608453803126
Iteration 800: Loss = 7656.76630931218
Iteration 900: Loss = 7639.35049926735
Iteration 1000: Loss = 7599.221325475059
Best loss: 7599.221325475059 | Parameters: [ 1.91716653e+03 -1.71912069e+00  3.19759592e+01]
Initial loss: 10973.448997171847
Iteration 100: Loss = 10206.300683612924
Iteration 200: Loss = 9593.195376026075
Iteration 300: Loss = 8698.718682919523
Iteration 400: Loss = 8284.001117279204
Iteration 500: Loss = 7800.7930944697055
Iteration 600: Loss = 7624.269572739807
Iteration 700: Loss = 7551.034262435167
Iteration 800: Loss = 7538.159394134319
Iteration 900: Loss = 7511.334352704726
Iteration 1000: Loss = 7511.334352704726
Best loss: 7511.334352704726 | Parameters: [1.91407143e+03 1.75446622e+00 3.30521519e+01]
Initial loss: 10973.448997171847
Iteration 100: Loss = 10558.012180439839
Iteration 200: Loss = 10187.428581631304
Iteration 300: Loss = 9676.54064112107
Iteration 400: Loss = 8464.197219031672
Iteration 500: Loss = 7924.08119726529
Iteration 600: Loss = 7815.40883678039
Iteration 700: Loss = 7726.386531028821
Iteration 800: Loss = 7665.837440914214
Iteration 900: Loss = 7631.127828306414
Iteration 1000: Loss = 7626.210876239578
Best loss: 7626.210876239578 | Parameters: [1.91773711e+03 1.65694472e+00 3.06819456e+01]
Initial loss: 10973.448997171847
Iteration 100: Loss = 10591.314989689467
Iteration 200: Loss = 9843.848958795617
Iteration 300: Loss = 8355.508943993273
Iteration 400: Loss = 7605.499341638131
Iteration 500: Loss = 7564.568057548642
Iteration 600: Loss = 7456.304246252106
Iteration 700: Loss = 7444.1981775842905
Iteration 800: Loss = 7397.37274532821
Iteration 900: Loss = 7299.682272848956
Iteration 1000: Loss = 7247.383564425808
Best loss: 7247.383564425808 | Parameters: [1905.73740137   -2.2666684    41.11996533]
Initial loss: 10973.448997171847
Iteration 100: Loss = 10532.345033964715
Iteration 200: Loss = 10110.300662556157
Iteration 300: Loss = 8880.260144328655
Iteration 400: Loss = 8213.657984058798
Iteration 500: Loss = 7794.8596980860875
Iteration 600: Loss = 7676.843997642684
Iteration 700: Loss = 7625.116168349158
Iteration 800: Loss = 7552.870473024504
Iteration 900: Loss = 7508.157905988257
Iteration 1000: Loss = 7443.5385502083045
Best loss: 7443.5385502083045 | Parameters: [ 1.91213481e+03 -1.85942049e+00  3.52032656e+01]
Initial loss: 10973.448997171847
Iteration 100: Loss = 10471.639203830131
Iteration 200: Loss = 9909.73598855251
Iteration 300: Loss = 8917.47025592164
Iteration 400: Loss = 8239.025065185835
Iteration 500: Loss = 7941.950378175447
Iteration 600: Loss = 7915.475337546946
Iteration 700: Loss = 7895.1243635262235
Iteration 800: Loss = 7833.001144091084
Iteration 900: Loss = 7727.062299736663
Iteration 1000: Loss = 7686.5658782994005
Best loss: 7686.5658782994005 | Parameters: [ 1.91985547e+03 -1.53243075e+00  2.89840539e+01]
Initial loss: 10973.448997171847
Iteration 100: Loss = 9877.278777503494
Iteration 200: Loss = 9362.18096392829
Iteration 300: Loss = 8615.13897780779
Iteration 400: Loss = 8049.8765636682665
Iteration 500: Loss = 7856.369609532817
Iteration 600: Loss = 7745.94900278313
Iteration 700: Loss = 7694.5610110757125
Iteration 800: Loss = 7687.318810975072
Iteration 900: Loss = 7636.0642635508375
Iteration 1000: Loss = 7633.524936589897
Best loss: 7633.524936589897 | Parameters: [ 1.91730882e+03 -1.55106447e+00  2.96181600e+01]
Initial loss: 10973.448997171847
Iteration 100: Loss = 9965.637009703052
Iteration 200: Loss = 9171.409644242054
Iteration 300: Loss = 7931.349504174013
Iteration 400: Loss = 7750.231146072141
Iteration 500: Loss = 7508.831547573877
Iteration 600: Loss = 7461.5951730501765
Iteration 700: Loss = 7291.343679117335
Iteration 800: Loss = 7291.343679117335
Iteration 900: Loss = 7285.112913852074
Iteration 1000: Loss = 7205.134644298154
Best loss: 7205.134644298154 | Parameters: [1904.07736648    2.36242522   42.50498559]
Initial loss: 10973.448997171847
Iteration 100: Loss = 9853.575969117926
Iteration 200: Loss = 9250.749369287461
Iteration 300: Loss = 8442.831428623958
Iteration 400: Loss = 7643.108878705758
Iteration 500: Loss = 7491.804899498046
Iteration 600: Loss = 7470.315711435341
Iteration 700: Loss = 7404.732436734251
Iteration 800: Loss = 7377.774789833973
Iteration 900: Loss = 7328.280826140521
Iteration 1000: Loss = 7200.9326024107395
Best loss: 7200.9326024107395 | Parameters: [1903.29552259    2.28970875   41.72630458]
Initial loss: 10973.448997171847
Iteration 100: Loss = 10624.372670159328
Iteration 200: Loss = 10546.295677596894
Iteration 300: Loss = 10210.27073228254
Iteration 400: Loss = 9667.371611225348
Iteration 500: Loss = 9387.586936328711
Iteration 600: Loss = 8439.848666434707
Iteration 700: Loss = 7873.430912241256
Iteration 800: Loss = 7670.940050659595
Iteration 900: Loss = 7603.412106659899
Iteration 1000: Loss = 7518.944364286156
Best loss: 7518.944364286156 | Parameters: [1.91390688e+03 1.71821162e+00 3.27546823e+01]
Initial loss: 10973.448997171847
Iteration 100: Loss = 10423.875872083987
Iteration 200: Loss = 10196.941435039318
Iteration 300: Loss = 9758.45650093612
Iteration 400: Loss = 8871.956357871266
Iteration 500: Loss = 7957.7794377579185
Iteration 600: Loss = 7619.381001668143
Iteration 700: Loss = 7533.611142364392
Iteration 800: Loss = 7498.937465498379
Iteration 900: Loss = 7482.106537043828
Iteration 1000: Loss = 7407.988872858847
Best loss: 7407.988872858847 | Parameters: [1910.08930875    1.91775352   35.06287987]
Initial loss: 10973.448997171847
Iteration 100: Loss = 10039.515260618546
Iteration 200: Loss = 8694.517617637577
Iteration 300: Loss = 8198.244078433194
Iteration 400: Loss = 8054.878127911597
Iteration 500: Loss = 7965.757517243691
Iteration 600: Loss = 7937.406030334909
Iteration 700: Loss = 7814.624850715242
Iteration 800: Loss = 7796.570089163237
Iteration 900: Loss = 7760.359720545121
Iteration 1000: Loss = 7732.393057885793
Best loss: 7732.393057885793 | Parameters: [1.92089685e+03 1.52640452e+00 2.83436284e+01]
Initial loss: 10973.448997171847
Iteration 100: Loss = 10580.866743112743
Iteration 200: Loss = 10427.938561148214
Iteration 300: Loss = 10408.403095442938
Iteration 400: Loss = 9892.70581669735
Iteration 500: Loss = 8575.56298122958
Iteration 600: Loss = 7659.064100635813
Iteration 700: Loss = 7573.990687340567
Iteration 800: Loss = 7546.299952160351
Iteration 900: Loss = 7542.987724353278
Iteration 1000: Loss = 7526.3486446516
Best loss: 7526.3486446516 | Parameters: [1.91460155e+03 1.85169562e+00 3.37179361e+01]
Initial loss: 10973.448997171847
Iteration 100: Loss = 9414.194704317802
Iteration 200: Loss = 8176.7678544777145
Iteration 300: Loss = 7691.150583499705
Iteration 400: Loss = 7691.150583499705
Iteration 500: Loss = 7667.887078486473
Iteration 600: Loss = 7632.234522418911
Iteration 700: Loss = 7580.421932895819
Iteration 800: Loss = 7523.959916694532
Iteration 900: Loss = 7492.570929762056
Iteration 1000: Loss = 7492.570929762056
Best loss: 7492.570929762056 | Parameters: [1.91311752e+03 1.75546104e+00 3.34594011e+01]
Initial loss: 10973.448997171847
Iteration 100: Loss = 10478.175037769144
Iteration 200: Loss = 9093.037240504107
Iteration 300: Loss = 8208.60216190775
Iteration 400: Loss = 7748.272738423987
Iteration 500: Loss = 7703.847347612782
Iteration 600: Loss = 7698.99954578936
Iteration 700: Loss = 7689.530146420117
Iteration 800: Loss = 7657.594151571726
Iteration 900: Loss = 7578.199339746539
Iteration 1000: Loss = 7499.847303507453
Best loss: 7499.847303507453 | Parameters: [ 1.91322582e+03 -1.83524125e+00  3.33392165e+01]
Initial loss: 10973.448997171847
Iteration 100: Loss = 9844.050544996313
Iteration 200: Loss = 7976.899658741712
Iteration 300: Loss = 7780.419859031763
Iteration 400: Loss = 7746.830964191533
Iteration 500: Loss = 7742.311009466031
Iteration 600: Loss = 7706.0829980236595
Iteration 700: Loss = 7706.0829980236595
Iteration 800: Loss = 7681.433687283175
Iteration 900: Loss = 7674.769410063389
Iteration 1000: Loss = 7635.128480050813
Best loss: 7635.128480050813 | Parameters: [1.91834371e+03 1.67067135e+00 3.12118244e+01]
Initial loss: 10934.464958535298
Iteration 100: Loss = 10611.652565367325
Iteration 200: Loss = 10503.645283885491
Iteration 300: Loss = 10376.163392885634
Iteration 400: Loss = 10227.78482146939
Iteration 500: Loss = 9908.43990341078
Iteration 600: Loss = 9674.967466994452
Iteration 700: Loss = 9263.250144030106
Iteration 800: Loss = 9004.301015898229
Iteration 900: Loss = 8689.746625050133
Iteration 1000: Loss = 8491.653300126487
Best loss: 8491.653300126487 | Parameters: [1.91444964e+03 1.23658885e+00 2.27160708e+01]
Initial loss: 10934.464958535298
Iteration 100: Loss = 10534.687392427231
Iteration 200: Loss = 10376.003179957108
Iteration 300: Loss = 9871.078828040767
Iteration 400: Loss = 9404.520181432104
Iteration 500: Loss = 8611.366751460824
Iteration 600: Loss = 8331.526864234647
Iteration 700: Loss = 8049.948987629011
Iteration 800: Loss = 7815.56679405603
Iteration 900: Loss = 7728.96928020543
Iteration 1000: Loss = 7646.127621749274
Best loss: 7646.127621749274 | Parameters: [1.91779857e+03 1.55121228e+00 2.92836459e+01]
Initial loss: 10934.464958535298
Iteration 100: Loss = 10497.108566571202
Iteration 200: Loss = 10277.90200086895
Iteration 300: Loss = 10118.400090266296
Iteration 400: Loss = 9605.011944292535
Iteration 500: Loss = 9239.505950430748
Iteration 600: Loss = 8421.996367339836
Iteration 700: Loss = 8004.722246907456
Iteration 800: Loss = 7897.356220445988
Iteration 900: Loss = 7704.533815467979
Iteration 1000: Loss = 7656.20530486221
Best loss: 7656.20530486221 | Parameters: [1.91797238e+03 1.53530989e+00 2.89776057e+01]
Initial loss: 10934.464958535298
Iteration 100: Loss = 10494.245161393155
Iteration 200: Loss = 10324.8682475871
Iteration 300: Loss = 9988.25919221469
Iteration 400: Loss = 9360.555498001972
Iteration 500: Loss = 8730.273028542131
Iteration 600: Loss = 8383.904250924537
Iteration 700: Loss = 7985.870814610934
Iteration 800: Loss = 7849.469955118945
Iteration 900: Loss = 7690.417847670697
Iteration 1000: Loss = 7624.894673699828
Best loss: 7624.894673699828 | Parameters: [1.91614088e+03 1.55341521e+00 2.97424457e+01]
Initial loss: 10934.464958535298
Iteration 100: Loss = 10567.406988894058
Iteration 200: Loss = 10265.566684125166
Iteration 300: Loss = 9718.965080508471
Iteration 400: Loss = 9029.973837994903
Iteration 500: Loss = 8449.839319060153
Iteration 600: Loss = 8003.34475705408
Iteration 700: Loss = 7783.176642798476
Iteration 800: Loss = 7702.343576113716
Iteration 900: Loss = 7586.9117039129105
Iteration 1000: Loss = 7534.395006209463
Best loss: 7534.395006209463 | Parameters: [1.91504065e+03 1.80187434e+00 3.32500073e+01]
Initial loss: 10934.464958535298
Iteration 100: Loss = 10460.767347635834
Iteration 200: Loss = 9867.68105228465
Iteration 300: Loss = 9276.661661330827
Iteration 400: Loss = 8380.857542754413
Iteration 500: Loss = 8058.607727795483
Iteration 600: Loss = 7849.897869197253
Iteration 700: Loss = 7732.732755005668
Iteration 800: Loss = 7653.433382748289
Iteration 900: Loss = 7641.979558210709
Iteration 1000: Loss = 7636.044025802718
Best loss: 7636.044025802718 | Parameters: [1.91737464e+03 1.55712787e+00 2.95077468e+01]
Initial loss: 10934.464958535298
Iteration 100: Loss = 10507.39952410525
Iteration 200: Loss = 10246.131846386923
Iteration 300: Loss = 9636.884726144892
Iteration 400: Loss = 8485.398726205527
Iteration 500: Loss = 8147.747096794783
Iteration 600: Loss = 7814.563526107017
Iteration 700: Loss = 7624.3909273810605
Iteration 800: Loss = 7537.497032242663
Iteration 900: Loss = 7440.098491668632
Iteration 1000: Loss = 7421.657268795888
Best loss: 7421.657268795888 | Parameters: [1.91053675e+03 1.90173735e+00 3.47390562e+01]
Initial loss: 10934.464958535298
Iteration 100: Loss = 10338.106785789549
Iteration 200: Loss = 9847.004719244185
Iteration 300: Loss = 9383.798947440002
Iteration 400: Loss = 8850.913763367462
Iteration 500: Loss = 8383.974364884898
Iteration 600: Loss = 7880.0299203314435
Iteration 700: Loss = 7759.102364497474
Iteration 800: Loss = 7681.780187192577
Iteration 900: Loss = 7681.780187192577
Iteration 1000: Loss = 7639.398458309133
Best loss: 7639.398458309133 | Parameters: [1.91834436e+03 1.62845573e+00 3.04029585e+01]
Initial loss: 10934.464958535298
Iteration 100: Loss = 9863.402575492892
Iteration 200: Loss = 9445.996738111571
Iteration 300: Loss = 8021.911268713205
Iteration 400: Loss = 7704.2255417671495
Iteration 500: Loss = 7668.021217613447
Iteration 600: Loss = 7615.4693133148885
Iteration 700: Loss = 7581.933484308506
Iteration 800: Loss = 7562.113400288001
Iteration 900: Loss = 7542.13079510649
Iteration 1000: Loss = 7468.674417679405
Best loss: 7468.674417679405 | Parameters: [1.91254162e+03 1.81331087e+00 3.37641953e+01]
