Initial loss: 11340.010004808286
Iteration 100: Loss = 10216.656439635912
Iteration 200: Loss = 10216.656439635912
Iteration 300: Loss = 10211.469114887224
Iteration 400: Loss = 10211.469114887224
Iteration 500: Loss = 10200.301774851441
Iteration 600: Loss = 10200.301774851441
Iteration 700: Loss = 10200.301774851441
Iteration 800: Loss = 10200.301774851441
Iteration 900: Loss = 10200.301774851441
Iteration 1000: Loss = 10200.301774851441
Best loss: 10200.301774851441 | Parameters: [1.93308724e+03 2.43728117e-01 5.25360046e+00]
Initial loss: 11340.010004808286
Iteration 100: Loss = 10190.043705085722
Iteration 200: Loss = 9972.219978327836
Iteration 300: Loss = 9818.520400938833
Iteration 400: Loss = 8758.842068813852
Iteration 500: Loss = 8405.838700703585
Iteration 600: Loss = 8295.792077206746
Iteration 700: Loss = 8167.4459942053445
Iteration 800: Loss = 8060.863778779809
Iteration 900: Loss = 8048.386691545471
Iteration 1000: Loss = 8048.386691545471
Best loss: 8048.386691545471 | Parameters: [ 1.92727351e+03 -1.07506506e+00  2.11270623e+01]
Initial loss: 11340.010004808286
Iteration 100: Loss = 10227.318357912622
Iteration 200: Loss = 10217.208392977138
Iteration 300: Loss = 10217.208392977138
Iteration 400: Loss = 10217.208392977138
Iteration 500: Loss = 10215.75181886298
Iteration 600: Loss = 10215.421505512733
Iteration 700: Loss = 10175.764070539686
Iteration 800: Loss = 10159.792855455145
Iteration 900: Loss = 9666.433451404497
Iteration 1000: Loss = 9581.668484329204
Best loss: 9581.668484329204 | Parameters: [ 1.93141454e+03 -5.70680165e-01  1.08699589e+01]
Initial loss: 11340.010004808286
Iteration 100: Loss = 10214.579145424832
Iteration 200: Loss = 10188.356731774418
Iteration 300: Loss = 9687.945310394445
Iteration 400: Loss = 8672.352936311441
Iteration 500: Loss = 8373.541718287615
Iteration 600: Loss = 8229.06459220024
Iteration 700: Loss = 8216.247733564416
Iteration 800: Loss = 8119.588359584332
Iteration 900: Loss = 8090.661459933172
Iteration 1000: Loss = 8064.218805407221
Best loss: 8064.218805407221 | Parameters: [ 1.92807885e+03 -1.04170706e+00  2.10329013e+01]
Initial loss: 11340.010004808286
Iteration 100: Loss = 10362.585211166468
Iteration 200: Loss = 10218.934298223241
Iteration 300: Loss = 10200.186216042439
Iteration 400: Loss = 10200.186216042439
Iteration 500: Loss = 10200.186216042439
Iteration 600: Loss = 10200.186216042439
Iteration 700: Loss = 10200.186216042439
Iteration 800: Loss = 10199.495028648333
Iteration 900: Loss = 10199.495028648333
Iteration 1000: Loss = 10199.495028648333
Best loss: 10199.495028648333 | Parameters: [ 1.93288622e+03 -2.72609625e-01  5.63974235e+00]
Initial loss: 11340.010004808286
Iteration 100: Loss = 10233.100696361354
Iteration 200: Loss = 10233.100696361354
Iteration 300: Loss = 10213.125570345146
Iteration 400: Loss = 10210.067692200875
Iteration 500: Loss = 10197.750686201045
Iteration 600: Loss = 9788.502878533365
Iteration 700: Loss = 9553.175371875035
Iteration 800: Loss = 8592.325318282645
Iteration 900: Loss = 8382.077831390254
Iteration 1000: Loss = 8334.69848572896
Best loss: 8334.69848572896 | Parameters: [1.93256981e+03 9.46805226e-01 1.82054898e+01]
Initial loss: 11340.010004808286
Iteration 100: Loss = 10588.058160061753
Iteration 200: Loss = 10367.557636513286
Iteration 300: Loss = 10289.713450735098
Iteration 400: Loss = 10252.000604208608
Iteration 500: Loss = 10252.000604208608
Iteration 600: Loss = 10231.943396917419
Iteration 700: Loss = 10231.943396917419
Iteration 800: Loss = 10231.943396917419
Iteration 900: Loss = 10231.943396917419
Iteration 1000: Loss = 10231.943396917419
Best loss: 10231.943396917419 | Parameters: [ 1.93417678e+03 -1.69670525e-01  4.09684074e+00]
Initial loss: 11340.010004808286
Iteration 100: Loss = 10202.813799828815
Iteration 200: Loss = 10190.644356324496
Iteration 300: Loss = 10188.725932790538
Iteration 400: Loss = 10187.18264110368
Iteration 500: Loss = 9804.014713919172
Iteration 600: Loss = 9479.932951457331
Iteration 700: Loss = 8214.31433553307
Iteration 800: Loss = 8214.31433553307
Iteration 900: Loss = 8170.6188974416345
Iteration 1000: Loss = 8131.326551205271
Best loss: 8131.326551205271 | Parameters: [1.92963871e+03 1.04059637e+00 2.02418817e+01]
Initial loss: 11340.010004808286
Iteration 100: Loss = 10325.877697279964
Iteration 200: Loss = 10287.24737117007
Iteration 300: Loss = 10243.141365406822
Iteration 400: Loss = 10018.277570719805
Iteration 500: Loss = 9069.36507384679
Iteration 600: Loss = 8839.352405293797
Iteration 700: Loss = 8346.856538654605
Iteration 800: Loss = 8122.729646669664
Iteration 900: Loss = 8076.70095214481
Iteration 1000: Loss = 8059.503361667284
Best loss: 8059.503361667284 | Parameters: [1.92732851e+03 1.05578408e+00 2.09184013e+01]
Initial loss: 11340.010004808286
Iteration 100: Loss = 10229.928606415902
Iteration 200: Loss = 10229.928606415902
Iteration 300: Loss = 10204.69607394203
Iteration 400: Loss = 10126.681301584842
Iteration 500: Loss = 9416.216928940172
Iteration 600: Loss = 8510.356147939014
Iteration 700: Loss = 8355.962815021034
Iteration 800: Loss = 8267.693908743695
Iteration 900: Loss = 8111.762952138178
Iteration 1000: Loss = 8013.81705793667
Best loss: 8013.81705793667 | Parameters: [ 1.92723523e+03 -1.13752137e+00  2.32989389e+01]
Initial loss: 11294.945986559656
Iteration 100: Loss = 10389.835405369435
Iteration 200: Loss = 10265.110892143468
Iteration 300: Loss = 10237.303691103782
Iteration 400: Loss = 10237.303691103782
Iteration 500: Loss = 10220.682699283485
Iteration 600: Loss = 10214.9308390339
Iteration 700: Loss = 10214.77428009418
Iteration 800: Loss = 10214.77428009418
Iteration 900: Loss = 10214.77428009418
Iteration 1000: Loss = 10214.77428009418
Best loss: 10214.77428009418 | Parameters: [1.93402508e+03 1.84658634e-01 4.20281400e+00]
Initial loss: 11294.945986559656
Iteration 100: Loss = 10247.787747854509
Iteration 200: Loss = 10217.76076247899
Iteration 300: Loss = 10216.612997073504
Iteration 400: Loss = 10216.612997073504
Iteration 500: Loss = 10216.612997073504
Iteration 600: Loss = 10216.612997073504
Iteration 700: Loss = 10216.612997073504
Iteration 800: Loss = 10214.935279274127
Iteration 900: Loss = 10213.871517775553
Iteration 1000: Loss = 10210.197148344947
Best loss: 10210.197148344947 | Parameters: [ 1.93389110e+03 -1.93793625e-01  4.38478269e+00]
Initial loss: 11294.945986559656
Iteration 100: Loss = 10224.231434606854
Iteration 200: Loss = 10221.150789135261
Iteration 300: Loss = 10208.748974786247
Iteration 400: Loss = 10208.748974786247
Iteration 500: Loss = 10208.748974786247
Iteration 600: Loss = 10208.748974786247
Iteration 700: Loss = 10208.748974786247
Iteration 800: Loss = 10206.723247011043
Iteration 900: Loss = 10206.723247011043
Iteration 1000: Loss = 10206.723247011043
Best loss: 10206.723247011043 | Parameters: [1.93370247e+03 2.03600231e-01 4.55606925e+00]
Initial loss: 11294.945986559656
Iteration 100: Loss = 10230.508501132059
Iteration 200: Loss = 10223.898655660736
Iteration 300: Loss = 10223.898655660736
Iteration 400: Loss = 10223.898655660736
Iteration 500: Loss = 10223.898655660736
Iteration 600: Loss = 10223.898655660736
Iteration 700: Loss = 10223.898655660736
Iteration 800: Loss = 10223.898655660736
Iteration 900: Loss = 10220.419661936496
Iteration 1000: Loss = 10219.77746126473
Best loss: 10219.77746126473 | Parameters: [1.93379265e+03 1.83319476e-01 4.21066912e+00]
Initial loss: 11294.945986559656
Iteration 100: Loss = 10251.108148474981
Iteration 200: Loss = 10216.159724070005
Iteration 300: Loss = 10216.159724070005
Iteration 400: Loss = 10216.159724070005
Iteration 500: Loss = 10206.761376950533
Iteration 600: Loss = 10206.761376950533
Iteration 700: Loss = 10206.761376950533
Iteration 800: Loss = 10206.117070596878
Iteration 900: Loss = 10206.117070596878
Iteration 1000: Loss = 10206.117070596878
Best loss: 10206.117070596878 | Parameters: [ 1.93362929e+03 -2.18764849e-01  4.83630362e+00]
Initial loss: 11294.945986559656
Iteration 100: Loss = 10274.202379381602
Iteration 200: Loss = 10272.2040100264
Iteration 300: Loss = 10272.2040100264
Iteration 400: Loss = 10230.882283893947
Iteration 500: Loss = 10216.075336587048
Iteration 600: Loss = 10216.075336587048
Iteration 700: Loss = 10214.055790765686
Iteration 800: Loss = 10211.120860314022
Iteration 900: Loss = 10204.45010317275
Iteration 1000: Loss = 10204.45010317275
Best loss: 10204.45010317275 | Parameters: [ 1.93324521e+03 -2.30736435e-01  4.99119266e+00]
Initial loss: 11294.945986559656
Iteration 100: Loss = 10231.681287026408
Iteration 200: Loss = 10231.681287026408
Iteration 300: Loss = 10206.928831362953
Iteration 400: Loss = 10206.16549027911
Iteration 500: Loss = 10206.16549027911
Iteration 600: Loss = 10206.16549027911
Iteration 700: Loss = 10206.16549027911
Iteration 800: Loss = 10206.16549027911
Iteration 900: Loss = 10206.16549027911
Iteration 1000: Loss = 10206.16549027911
Best loss: 10206.16549027911 | Parameters: [1.93360903e+03 2.08152473e-01 4.62289356e+00]
Initial loss: 11294.945986559656
Iteration 100: Loss = 10213.74473775539
Iteration 200: Loss = 10202.958489120201
Iteration 300: Loss = 10190.581314569537
Iteration 400: Loss = 10172.903426399798
Iteration 500: Loss = 10158.18975625805
Iteration 600: Loss = 9985.136053698561
Iteration 700: Loss = 9450.262257210084
Iteration 800: Loss = 8843.845348344783
Iteration 900: Loss = 8514.660159883286
Iteration 1000: Loss = 8275.630555866044
Best loss: 8275.630555866044 | Parameters: [ 1.93031254e+03 -8.80723503e-01  1.79755518e+01]
Initial loss: 11294.945986559656
Iteration 100: Loss = 10290.308087429357
Iteration 200: Loss = 10233.696694820568
Iteration 300: Loss = 10224.441217920954
Iteration 400: Loss = 10223.299683878635
Iteration 500: Loss = 10223.299683878635
Iteration 600: Loss = 10213.264892910141
Iteration 700: Loss = 10212.991125116598
Iteration 800: Loss = 10205.5204158522
Iteration 900: Loss = 10205.5204158522
Iteration 1000: Loss = 10205.5204158522
Best loss: 10205.5204158522 | Parameters: [1.93354414e+03 2.14785911e-01 4.71824131e+00]
Initial loss: 11294.945986559656
Iteration 100: Loss = 10228.780161272012
Iteration 200: Loss = 10219.32272390733
Iteration 300: Loss = 10211.609261296771
Iteration 400: Loss = 10211.609261296771
Iteration 500: Loss = 10190.834629014866
Iteration 600: Loss = 10144.85063390478
Iteration 700: Loss = 9946.035241535428
Iteration 800: Loss = 9512.579633573545
Iteration 900: Loss = 9025.937975550192
Iteration 1000: Loss = 8754.78229854901
Best loss: 8754.78229854901 | Parameters: [ 1.93119234e+03 -7.76399423e-01  1.48178923e+01]
Initial loss: 11294.945986559656
Iteration 100: Loss = 10229.552180944602
Iteration 200: Loss = 10101.94620636514
Iteration 300: Loss = 9906.512457071276
Iteration 400: Loss = 9169.890714231044
Iteration 500: Loss = 8608.698676882428
Iteration 600: Loss = 8490.167517876438
Iteration 700: Loss = 8388.706228289855
Iteration 800: Loss = 8375.720680835839
Iteration 900: Loss = 8209.886327083404
Iteration 1000: Loss = 8177.293945478319
Best loss: 8177.293945478319 | Parameters: [ 1.93060445e+03 -9.75286285e-01  1.95561720e+01]
Initial loss: 11294.945986559656
Iteration 100: Loss = 10268.212640928054
Iteration 200: Loss = 10190.002920615929
Iteration 300: Loss = 10162.649709661857
Iteration 400: Loss = 10066.1502985793
Iteration 500: Loss = 9645.160429498372
Iteration 600: Loss = 8939.257364488512
Iteration 700: Loss = 8449.140613691729
Iteration 800: Loss = 8436.357620133047
Iteration 900: Loss = 8411.583475991283
Iteration 1000: Loss = 8284.87138915067
Best loss: 8284.87138915067 | Parameters: [ 1.93201572e+03 -8.94226642e-01  1.82609077e+01]
Initial loss: 11294.945986559656
Iteration 100: Loss = 10203.64492885949
Iteration 200: Loss = 10203.64492885949
Iteration 300: Loss = 10201.589994927986
Iteration 400: Loss = 10201.589994927986
Iteration 500: Loss = 10201.589994927986
Iteration 600: Loss = 10201.589994927986
Iteration 700: Loss = 10201.589994927986
Iteration 800: Loss = 10201.432943485428
Iteration 900: Loss = 10201.432943485428
Iteration 1000: Loss = 10201.432943485428
Best loss: 10201.432943485428 | Parameters: [1.93332293e+03 2.35499393e-01 5.15922910e+00]
Initial loss: 11294.945986559656
Iteration 100: Loss = 10257.844064727957
Iteration 200: Loss = 10257.844064727957
Iteration 300: Loss = 10257.844064727957
Iteration 400: Loss = 10256.657223105636
Iteration 500: Loss = 10242.73413214701
Iteration 600: Loss = 10220.087294375033
Iteration 700: Loss = 10220.087294375033
Iteration 800: Loss = 10220.087294375033
Iteration 900: Loss = 10220.087294375033
Iteration 1000: Loss = 10218.406208718143
Best loss: 10218.406208718143 | Parameters: [1.93411908e+03 1.87965789e-01 4.22427662e+00]
Initial loss: 11294.945986559656
Iteration 100: Loss = 10245.416678093778
Iteration 200: Loss = 10221.964746455764
Iteration 300: Loss = 10221.964746455764
Iteration 400: Loss = 10221.964746455764
Iteration 500: Loss = 10211.54969352889
Iteration 600: Loss = 10211.54969352889
Iteration 700: Loss = 10211.54969352889
Iteration 800: Loss = 10211.54969352889
Iteration 900: Loss = 10211.54969352889
Iteration 1000: Loss = 10210.292126067578
Best loss: 10210.292126067578 | Parameters: [1.93273061e+03 2.84118790e-01 5.70358179e+00]
Initial loss: 11294.945986559656
Iteration 100: Loss = 10226.361571091422
Iteration 200: Loss = 10201.38182022468
Iteration 300: Loss = 10201.38182022468
Iteration 400: Loss = 10201.38182022468
Iteration 500: Loss = 10195.767781341747
Iteration 600: Loss = 10167.396020335791
Iteration 700: Loss = 9876.556034187111
Iteration 800: Loss = 9571.232322856153
Iteration 900: Loss = 8727.61149883786
Iteration 1000: Loss = 8430.12583561114
Best loss: 8430.12583561114 | Parameters: [ 1.93349756e+03 -8.37838471e-01  1.67734059e+01]
Initial loss: 11294.945986559656
Iteration 100: Loss = 10246.012803284479
Iteration 200: Loss = 10246.012803284479
Iteration 300: Loss = 10215.51727988461
Iteration 400: Loss = 10209.314939074828
Iteration 500: Loss = 10151.963241111442
Iteration 600: Loss = 10064.404894872816
Iteration 700: Loss = 9988.512177203802
Iteration 800: Loss = 9205.656398027382
Iteration 900: Loss = 8665.144093974513
Iteration 1000: Loss = 8469.817303505113
Best loss: 8469.817303505113 | Parameters: [ 1.93233010e+03 -7.77666097e-01  1.62047189e+01]
Initial loss: 11294.945986559656
Iteration 100: Loss = 10226.171725230444
Iteration 200: Loss = 10226.171725230444
Iteration 300: Loss = 10226.171725230444
Iteration 400: Loss = 10205.013461233275
Iteration 500: Loss = 10205.013461233275
Iteration 600: Loss = 10204.56938593504
Iteration 700: Loss = 10204.56938593504
Iteration 800: Loss = 10165.266407359366
Iteration 900: Loss = 10090.732578488605
Iteration 1000: Loss = 9731.52915909208
Best loss: 9731.52915909208 | Parameters: [1.93416081e+03 5.34443876e-01 1.00542850e+01]
Initial loss: 11294.945986559656
Iteration 100: Loss = 10292.693691582044
Iteration 200: Loss = 10292.693691582044
Iteration 300: Loss = 10282.557386209988
Iteration 400: Loss = 10268.71710262636
Iteration 500: Loss = 10268.71710262636
Iteration 600: Loss = 10268.71710262636
Iteration 700: Loss = 10268.71710262636
Iteration 800: Loss = 10268.71710262636
Iteration 900: Loss = 10268.71710262636
Iteration 1000: Loss = 10252.729323162657
Best loss: 10252.729323162657 | Parameters: [1.93456746e+03 1.46755914e-01 3.60294737e+00]
Initial loss: 11294.945986559656
Iteration 100: Loss = 10327.097360671312
Iteration 200: Loss = 10258.3586518533
Iteration 300: Loss = 10179.147755900027
Iteration 400: Loss = 9833.232497266717
Iteration 500: Loss = 9003.621429034261
Iteration 600: Loss = 8551.497985164522
Iteration 700: Loss = 8400.697576216324
Iteration 800: Loss = 8138.47284423322
Iteration 900: Loss = 8095.819515418925
Iteration 1000: Loss = 8023.263634471619
Best loss: 8023.263634471619 | Parameters: [ 1.92736505e+03 -1.19825264e+00  2.25609346e+01]
Initial loss: 11294.945986559656
Iteration 100: Loss = 10308.059295941397
Iteration 200: Loss = 10246.405989667455
Iteration 300: Loss = 10246.405989667455
Iteration 400: Loss = 10246.405989667455
Iteration 500: Loss = 10222.849573375257
Iteration 600: Loss = 10222.849573375257
Iteration 700: Loss = 10222.849573375257
Iteration 800: Loss = 9810.212665475421
Iteration 900: Loss = 8612.36327605167
Iteration 1000: Loss = 8541.682397083132
Best loss: 8541.682397083132 | Parameters: [1.93498027e+03 7.80866280e-01 1.59114316e+01]
Initial loss: 11294.945986559656
Iteration 100: Loss = 10261.554158200579
Iteration 200: Loss = 10261.554158200579
Iteration 300: Loss = 10221.234380636157
Iteration 400: Loss = 10221.234380636157
Iteration 500: Loss = 10215.70077956448
Iteration 600: Loss = 10130.14671699589
Iteration 700: Loss = 9602.850555017156
Iteration 800: Loss = 8475.611321673749
Iteration 900: Loss = 8232.522879768821
Iteration 1000: Loss = 8232.522879768821
Best loss: 8232.522879768821 | Parameters: [1.93123069e+03 9.18548349e-01 1.90290290e+01]
Initial loss: 11294.945986559656
Iteration 100: Loss = 10205.24301726273
Iteration 200: Loss = 10190.557629010518
Iteration 300: Loss = 10181.326981282557
Iteration 400: Loss = 10045.955825452933
Iteration 500: Loss = 9291.26895469422
Iteration 600: Loss = 8479.175427295897
Iteration 700: Loss = 8387.767603364797
Iteration 800: Loss = 8387.767603364797
Iteration 900: Loss = 8375.712437405113
Iteration 1000: Loss = 8173.77735715751
Best loss: 8173.77735715751 | Parameters: [ 1.93063730e+03 -1.05840909e+00  2.03696790e+01]
Initial loss: 11294.945986559656
Iteration 100: Loss = 10270.127425961733
Iteration 200: Loss = 10215.045779890821
Iteration 300: Loss = 10215.045779890821
Iteration 400: Loss = 10210.554835423736
Iteration 500: Loss = 10176.053454620529
Iteration 600: Loss = 9116.51675033713
Iteration 700: Loss = 8483.031352294722
Iteration 800: Loss = 8398.306476042595
Iteration 900: Loss = 8231.027002479943
Iteration 1000: Loss = 8180.205053733031
Best loss: 8180.205053733031 | Parameters: [ 1.93068366e+03 -1.04871899e+00  2.01774019e+01]
Initial loss: 11294.945986559656
Iteration 100: Loss = 10222.140996603137
Iteration 200: Loss = 10222.140996603137
Iteration 300: Loss = 10219.04535052889
Iteration 400: Loss = 10188.566849300802
Iteration 500: Loss = 10188.566849300802
Iteration 600: Loss = 10188.566849300802
Iteration 700: Loss = 10188.566849300802
Iteration 800: Loss = 10188.566849300802
Iteration 900: Loss = 10082.218052065205
Iteration 1000: Loss = 9395.89051131351
Best loss: 9395.89051131351 | Parameters: [1.93199537e+03 5.53326595e-01 1.15963344e+01]
Initial loss: 11294.945986559656
Iteration 100: Loss = 10318.254123870815
Iteration 200: Loss = 10318.254123870815
Iteration 300: Loss = 10245.128140860545
Iteration 400: Loss = 10195.76091729884
Iteration 500: Loss = 10195.76091729884
Iteration 600: Loss = 10195.76091729884
Iteration 700: Loss = 10190.260469509292
Iteration 800: Loss = 9530.86677791017
Iteration 900: Loss = 8770.793183261214
Iteration 1000: Loss = 8371.005471427876
Best loss: 8371.005471427876 | Parameters: [ 1.93252008e+03 -8.81998407e-01  1.73042843e+01]
Initial loss: 11294.945986559656
Iteration 100: Loss = 10205.70539487944
Iteration 200: Loss = 10168.655478816414
Iteration 300: Loss = 8993.970445169862
Iteration 400: Loss = 8901.384151657952
Iteration 500: Loss = 8609.827220864627
Iteration 600: Loss = 8430.54150134731
Iteration 700: Loss = 8234.884358559992
Iteration 800: Loss = 8103.643865901033
Iteration 900: Loss = 8027.627767676075
Iteration 1000: Loss = 7990.728362266628
Best loss: 7990.728362266628 | Parameters: [ 1.92656427e+03 -1.15124088e+00  2.22939863e+01]
Initial loss: 11294.945986559656
Iteration 100: Loss = 10223.127340933866
Iteration 200: Loss = 10189.369635008352
Iteration 300: Loss = 10148.569994822241
Iteration 400: Loss = 9203.997366822916
Iteration 500: Loss = 8646.174693788327
Iteration 600: Loss = 8240.256697654479
Iteration 700: Loss = 8107.6714936364115
Iteration 800: Loss = 8107.6714936364115
Iteration 900: Loss = 8092.345199644692
Iteration 1000: Loss = 8008.554701008536
Best loss: 8008.554701008536 | Parameters: [ 1.92650126e+03 -1.09531643e+00  2.18046972e+01]
Initial loss: 11294.945986559656
Iteration 100: Loss = 10301.73637775598
Iteration 200: Loss = 9468.563514686966
Iteration 300: Loss = 8262.774409754207
Iteration 400: Loss = 8236.485816108912
Iteration 500: Loss = 8222.286540120622
Iteration 600: Loss = 8125.537311826951
Iteration 700: Loss = 8072.074206522061
Iteration 800: Loss = 7970.503635356871
Iteration 900: Loss = 7933.748653194715
Iteration 1000: Loss = 7886.196310056001
Best loss: 7886.196310056001 | Parameters: [ 1.92421370e+03 -1.22457673e+00  2.40212922e+01]
Initial loss: 11294.945986559656
Iteration 100: Loss = 10247.03592033545
Iteration 200: Loss = 10247.03592033545
Iteration 300: Loss = 10221.381631580183
Iteration 400: Loss = 10215.51284594576
Iteration 500: Loss = 10215.51284594576
Iteration 600: Loss = 10215.51284594576
Iteration 700: Loss = 10183.660656569098
Iteration 800: Loss = 10116.967979581259
Iteration 900: Loss = 9808.795815019137
Iteration 1000: Loss = 8751.422716627758
Best loss: 8751.422716627758 | Parameters: [1.93288323e+03 6.76114717e-01 1.44606443e+01]
Initial loss: 11243.338252087131
Iteration 100: Loss = 10288.764996155634
Iteration 200: Loss = 10221.07579382313
Iteration 300: Loss = 10213.844044742616
Iteration 400: Loss = 10211.33404827106
Iteration 500: Loss = 10210.05279555138
Iteration 600: Loss = 10208.660513647448
Iteration 700: Loss = 10208.660513647448
Iteration 800: Loss = 10208.660513647448
Iteration 900: Loss = 10208.660513647448
Iteration 1000: Loss = 10208.660513647448
Best loss: 10208.660513647448 | Parameters: [1.93382035e+03 1.96945586e-01 4.44809938e+00]
Initial loss: 11243.338252087131
Iteration 100: Loss = 10254.648766218184
Iteration 200: Loss = 10222.592198669554
Iteration 300: Loss = 10215.427340922119
Iteration 400: Loss = 10208.368316206816
Iteration 500: Loss = 10208.368316206816
Iteration 600: Loss = 10208.368316206816
Iteration 700: Loss = 10207.983009086774
Iteration 800: Loss = 10206.791349023624
Iteration 900: Loss = 10206.791349023624
Iteration 1000: Loss = 10204.185849760383
Best loss: 10204.185849760383 | Parameters: [ 1.93351293e+03 -2.15135869e-01  4.75950414e+00]
Initial loss: 11243.338252087131
Iteration 100: Loss = 10262.403496214883
Iteration 200: Loss = 10224.570217609633
Iteration 300: Loss = 10224.570217609633
Iteration 400: Loss = 10224.570217609633
Iteration 500: Loss = 10224.570217609633
Iteration 600: Loss = 10224.570217609633
Iteration 700: Loss = 10224.570217609633
Iteration 800: Loss = 10224.570217609633
Iteration 900: Loss = 10224.570217609633
Iteration 1000: Loss = 10224.570217609633
Best loss: 10224.570217609633 | Parameters: [1.93428017e+03 1.74349257e-01 3.99403702e+00]
Initial loss: 11243.338252087131
Iteration 100: Loss = 10419.339535892077
Iteration 200: Loss = 10213.121309136719
Iteration 300: Loss = 10213.121309136719
Iteration 400: Loss = 10206.931359329648
Iteration 500: Loss = 10206.931359329648
Iteration 600: Loss = 10204.106497559307
Iteration 700: Loss = 10204.106497559307
Iteration 800: Loss = 10204.106497559307
Iteration 900: Loss = 10204.106497559307
Iteration 1000: Loss = 10203.261375320972
Best loss: 10203.261375320972 | Parameters: [ 1.93347407e+03 -2.21887714e-01  4.86807352e+00]
Initial loss: 11243.338252087131
Iteration 100: Loss = 10402.859524287027
Iteration 200: Loss = 10216.352714437151
Iteration 300: Loss = 10214.268602810524
Iteration 400: Loss = 10214.268602810524
Iteration 500: Loss = 10209.232504060412
Iteration 600: Loss = 10208.35829416906
Iteration 700: Loss = 10208.35829416906
Iteration 800: Loss = 10208.35829416906
Iteration 900: Loss = 10203.279790768105
Iteration 1000: Loss = 10203.279790768105
Best loss: 10203.279790768105 | Parameters: [1.93345621e+03 2.21770463e-01 4.86398606e+00]
Initial loss: 11243.338252087131
Iteration 100: Loss = 10256.265176041818
Iteration 200: Loss = 10254.113458637084
Iteration 300: Loss = 10224.288496702371
Iteration 400: Loss = 10215.566123356499
Iteration 500: Loss = 10215.566123356499
Iteration 600: Loss = 10214.599066718425
Iteration 700: Loss = 10214.599066718425
Iteration 800: Loss = 10205.350528135834
Iteration 900: Loss = 10205.350528135834
Iteration 1000: Loss = 10202.941747825485
Best loss: 10202.941747825485 | Parameters: [1.93338048e+03 2.21122018e-01 4.89667660e+00]
Initial loss: 11243.338252087131
Iteration 100: Loss = 10237.711687591169
Iteration 200: Loss = 10230.419261403735
Iteration 300: Loss = 10230.419261403735
Iteration 400: Loss = 10230.419261403735
Iteration 500: Loss = 10230.419261403735
Iteration 600: Loss = 10225.01841164447
Iteration 700: Loss = 10225.01841164447
Iteration 800: Loss = 10208.1311831947
Iteration 900: Loss = 10208.1311831947
Iteration 1000: Loss = 10208.1311831947
Best loss: 10208.1311831947 | Parameters: [1.93379239e+03 1.99825456e-01 4.48405592e+00]
Initial loss: 11243.338252087131
Iteration 100: Loss = 10334.66989724114
Iteration 200: Loss = 10207.848143717887
Iteration 300: Loss = 10203.960859646302
Iteration 400: Loss = 10203.960859646302
Iteration 500: Loss = 10203.960859646302
Iteration 600: Loss = 10203.960859646302
Iteration 700: Loss = 10203.960859646302
Iteration 800: Loss = 10203.960859646302
Iteration 900: Loss = 10203.960859646302
Iteration 1000: Loss = 10203.960859646302
Best loss: 10203.960859646302 | Parameters: [1.93354604e+03 2.17734043e-01 4.80117941e+00]
Initial loss: 11243.338252087131
Iteration 100: Loss = 10206.076292265796
Iteration 200: Loss = 10167.39299706476
Iteration 300: Loss = 10135.209161127366
Iteration 400: Loss = 9438.326002581322
Iteration 500: Loss = 8344.295313429906
Iteration 600: Loss = 8263.50759171673
Iteration 700: Loss = 8167.003929413214
Iteration 800: Loss = 8146.2198955199165
Iteration 900: Loss = 8141.993546117336
Iteration 1000: Loss = 7997.119433113634
Best loss: 7997.119433113634 | Parameters: [ 1.92749386e+03 -1.17288422e+00  2.32065012e+01]
Initial loss: 11243.338252087131
Iteration 100: Loss = 10316.408193963045
Iteration 200: Loss = 10289.255569986566
Iteration 300: Loss = 10226.555383003284
Iteration 400: Loss = 10226.555383003284
Iteration 500: Loss = 10214.515830283724
Iteration 600: Loss = 10209.39555812483
Iteration 700: Loss = 10209.39555812483
Iteration 800: Loss = 10209.39555812483
Iteration 900: Loss = 10200.517750512143
Iteration 1000: Loss = 10200.517750512143
Best loss: 10200.517750512143 | Parameters: [1.93311892e+03 2.45386487e-01 5.25598455e+00]
Initial loss: 11243.338252087131
Iteration 100: Loss = 10227.845115072449
Iteration 200: Loss = 10227.845115072449
Iteration 300: Loss = 10227.845115072449
Iteration 400: Loss = 10227.845115072449
Iteration 500: Loss = 10227.845115072449
Iteration 600: Loss = 10227.845115072449
Iteration 700: Loss = 10227.845115072449
Iteration 800: Loss = 10227.845115072449
Iteration 900: Loss = 10227.845115072449
Iteration 1000: Loss = 10227.845115072449
Best loss: 10227.845115072449 | Parameters: [1.93434691e+03 1.71146430e-01 3.93552424e+00]
Initial loss: 11243.338252087131
Iteration 100: Loss = 10502.579223745674
Iteration 200: Loss = 10228.3210920967
Iteration 300: Loss = 10223.59611386413
Iteration 400: Loss = 10223.59611386413
Iteration 500: Loss = 10223.59611386413
Iteration 600: Loss = 10223.59611386413
Iteration 700: Loss = 10223.59611386413
Iteration 800: Loss = 10223.206299050398
Iteration 900: Loss = 10203.9122141144
Iteration 1000: Loss = 10203.9122141144
Best loss: 10203.9122141144 | Parameters: [1.93351913e+03 2.15170082e-01 4.81514800e+00]
Initial loss: 11243.338252087131
Iteration 100: Loss = 10469.818102275673
Iteration 200: Loss = 10217.106024582485
Iteration 300: Loss = 10217.106024582485
Iteration 400: Loss = 10203.844508483766
Iteration 500: Loss = 10198.356532488477
Iteration 600: Loss = 10198.356532488477
Iteration 700: Loss = 10197.451806144223
Iteration 800: Loss = 10196.835489969018
Iteration 900: Loss = 10196.835489969018
Iteration 1000: Loss = 10196.835489969018
Best loss: 10196.835489969018 | Parameters: [ 1.93299847e+03 -2.83668772e-01  5.99409296e+00]
Initial loss: 11243.338252087131
Iteration 100: Loss = 10213.05121946346
Iteration 200: Loss = 10213.05121946346
Iteration 300: Loss = 10206.777380790465
Iteration 400: Loss = 10206.777380790465
Iteration 500: Loss = 10206.777380790465
Iteration 600: Loss = 10206.777380790465
Iteration 700: Loss = 10206.777380790465
Iteration 800: Loss = 10206.777380790465
Iteration 900: Loss = 10206.777380790465
Iteration 1000: Loss = 10206.777380790465
Best loss: 10206.777380790465 | Parameters: [1.93364357e+03 2.02538644e-01 4.58941767e+00]
Initial loss: 11243.338252087131
Iteration 100: Loss = 10213.76152395119
Iteration 200: Loss = 10213.76152395119
Iteration 300: Loss = 10213.76152395119
Iteration 400: Loss = 10213.76152395119
Iteration 500: Loss = 10213.76152395119
Iteration 600: Loss = 10213.427061924573
Iteration 700: Loss = 10204.776210815276
Iteration 800: Loss = 10204.776210815276
Iteration 900: Loss = 10204.776210815276
Iteration 1000: Loss = 10204.776210815276
Best loss: 10204.776210815276 | Parameters: [1.93359753e+03 2.10342708e-01 4.69168712e+00]
Initial loss: 11243.338252087131
Iteration 100: Loss = 10218.075040224905
Iteration 200: Loss = 10218.075040224905
Iteration 300: Loss = 10218.075040224905
Iteration 400: Loss = 10218.075040224905
Iteration 500: Loss = 10209.060212691087
Iteration 600: Loss = 10208.296810510306
Iteration 700: Loss = 10208.296810510306
Iteration 800: Loss = 10208.296810510306
Iteration 900: Loss = 10196.424139536413
Iteration 1000: Loss = 10189.345278484712
Best loss: 10189.345278484712 | Parameters: [ 1.93251089e+03 -2.81443075e-01  6.03696041e+00]
Initial loss: 11243.338252087131
Iteration 100: Loss = 10227.145959813295
Iteration 200: Loss = 10215.523886107972
Iteration 300: Loss = 10198.114257001671
Iteration 400: Loss = 10198.114257001671
Iteration 500: Loss = 10195.300719116225
Iteration 600: Loss = 10120.721957889526
Iteration 700: Loss = 9538.778796657387
Iteration 800: Loss = 9337.289990431971
Iteration 900: Loss = 9027.255213844257
Iteration 1000: Loss = 8716.88931226016
Best loss: 8716.88931226016 | Parameters: [ 1.93490659e+03 -7.52776405e-01  1.46084403e+01]
Initial loss: 11243.338252087131
Iteration 100: Loss = 10269.64817881412
Iteration 200: Loss = 10269.50872909007
Iteration 300: Loss = 10263.79948317334
Iteration 400: Loss = 10263.79948317334
Iteration 500: Loss = 10180.82393582947
Iteration 600: Loss = 9975.481522796252
Iteration 700: Loss = 9503.455353465097
Iteration 800: Loss = 8782.628046700907
Iteration 900: Loss = 8616.542264305392
Iteration 1000: Loss = 8420.149897168792
Best loss: 8420.149897168792 | Parameters: [1.93406135e+03 8.46719698e-01 1.75875606e+01]
Initial loss: 11243.338252087131
Iteration 100: Loss = 10215.978318849233
Iteration 200: Loss = 10213.582878352503
Iteration 300: Loss = 10213.582878352503
Iteration 400: Loss = 10201.383200899292
Iteration 500: Loss = 10192.69119334655
Iteration 600: Loss = 10192.69119334655
Iteration 700: Loss = 10186.684282967397
Iteration 800: Loss = 9946.30848276752
Iteration 900: Loss = 8624.407141615075
Iteration 1000: Loss = 8286.999570398308
Best loss: 8286.999570398308 | Parameters: [1.93047489e+03 8.90330025e-01 1.78466935e+01]
Initial loss: 11243.338252087131
Iteration 100: Loss = 10273.761350120436
Iteration 200: Loss = 10237.417653916787
Iteration 300: Loss = 10200.504582164445
Iteration 400: Loss = 10199.479546663828
Iteration 500: Loss = 9761.202631684322
Iteration 600: Loss = 9463.92194772647
Iteration 700: Loss = 8673.6895883657
Iteration 800: Loss = 8394.419110760742
Iteration 900: Loss = 8156.773380047827
Iteration 1000: Loss = 8155.915130915435
Best loss: 8155.915130915435 | Parameters: [ 1.93063081e+03 -1.07994234e+00  2.12189899e+01]
Initial loss: 11243.338252087131
Iteration 100: Loss = 10408.78732794656
Iteration 200: Loss = 10305.773842834427
Iteration 300: Loss = 10193.418461436195
Iteration 400: Loss = 9684.489571249913
Iteration 500: Loss = 9342.135282561085
Iteration 600: Loss = 8487.212406862176
Iteration 700: Loss = 8264.44938838222
Iteration 800: Loss = 8251.167638791756
Iteration 900: Loss = 7978.379827878458
Iteration 1000: Loss = 7958.922491369933
Best loss: 7958.922491369933 | Parameters: [ 1.92621875e+03 -1.16702857e+00  2.29605303e+01]
Initial loss: 11243.338252087131
Iteration 100: Loss = 10410.857215265905
Iteration 200: Loss = 10198.141431460645
Iteration 300: Loss = 10198.141431460645
Iteration 400: Loss = 10198.141431460645
Iteration 500: Loss = 10183.807890381851
Iteration 600: Loss = 10104.778313928602
Iteration 700: Loss = 9693.318144794572
Iteration 800: Loss = 9526.742269454002
Iteration 900: Loss = 8907.19361167782
Iteration 1000: Loss = 8632.328821892934
Best loss: 8632.328821892934 | Parameters: [ 1.93739794e+03 -8.31886510e-01  1.65911941e+01]
Initial loss: 11243.338252087131
Iteration 100: Loss = 10277.945359190244
Iteration 200: Loss = 10277.945359190244
Iteration 300: Loss = 10236.063037470649
Iteration 400: Loss = 10222.475862781797
Iteration 500: Loss = 10221.802776403592
Iteration 600: Loss = 10221.802776403592
Iteration 700: Loss = 10207.616088498158
Iteration 800: Loss = 10181.040227925514
Iteration 900: Loss = 9391.526607366475
Iteration 1000: Loss = 8690.37953029771
Best loss: 8690.37953029771 | Parameters: [1.93094507e+03 7.00237758e-01 1.56164167e+01]
Initial loss: 11243.338252087131
Iteration 100: Loss = 10238.197694913264
Iteration 200: Loss = 10232.075089680766
Iteration 300: Loss = 10232.075089680766
Iteration 400: Loss = 10202.98368176322
Iteration 500: Loss = 10202.98368176322
Iteration 600: Loss = 10202.98368176322
Iteration 700: Loss = 10202.98368176322
Iteration 800: Loss = 10202.98368176322
Iteration 900: Loss = 10202.98368176322
Iteration 1000: Loss = 10202.98368176322
Best loss: 10202.98368176322 | Parameters: [ 1.93344867e+03 -2.19261567e-01  4.87621407e+00]
Initial loss: 11243.338252087131
Iteration 100: Loss = 10258.994806895807
Iteration 200: Loss = 10258.994806895807
Iteration 300: Loss = 10248.83774362675
Iteration 400: Loss = 10220.102925930292
Iteration 500: Loss = 10220.102925930292
Iteration 600: Loss = 10208.51310953481
Iteration 700: Loss = 10208.51310953481
Iteration 800: Loss = 10208.51310953481
Iteration 900: Loss = 10208.51310953481
Iteration 1000: Loss = 10186.887532710556
Best loss: 10186.887532710556 | Parameters: [1.93235027e+03 2.90382451e-01 6.27846965e+00]
Initial loss: 11243.338252087131
Iteration 100: Loss = 10356.29868314262
Iteration 200: Loss = 10259.439931663892
Iteration 300: Loss = 10231.854949910718
Iteration 400: Loss = 10231.854949910718
Iteration 500: Loss = 10231.854949910718
Iteration 600: Loss = 10231.854949910718
Iteration 700: Loss = 10227.048216626261
Iteration 800: Loss = 10227.048216626261
Iteration 900: Loss = 10214.833421955034
Iteration 1000: Loss = 10214.833421955034
Best loss: 10214.833421955034 | Parameters: [ 1.93328750e+03 -2.09409109e-01  4.75338058e+00]
Initial loss: 11243.338252087131
Iteration 100: Loss = 10240.652035139841
Iteration 200: Loss = 10228.467635821671
Iteration 300: Loss = 10228.467635821671
Iteration 400: Loss = 10228.467635821671
Iteration 500: Loss = 9989.32249128978
Iteration 600: Loss = 9204.735875719458
Iteration 700: Loss = 8668.915547941197
Iteration 800: Loss = 8277.547612094695
Iteration 900: Loss = 8249.823868539233
Iteration 1000: Loss = 8245.276376633436
Best loss: 8245.276376633436 | Parameters: [ 1.93189234e+03 -9.49757773e-01  1.93834820e+01]
Initial loss: 11243.338252087131
Iteration 100: Loss = 10337.896881788847
Iteration 200: Loss = 10208.615730999376
Iteration 300: Loss = 10208.446870810956
Iteration 400: Loss = 10036.191192169072
Iteration 500: Loss = 9128.672422946414
Iteration 600: Loss = 8402.55744724254
Iteration 700: Loss = 8148.311069950904
Iteration 800: Loss = 8083.408295163507
Iteration 900: Loss = 8058.174266034471
Iteration 1000: Loss = 8027.961708625821
Best loss: 8027.961708625821 | Parameters: [ 1.92816648e+03 -1.16625159e+00  2.27252636e+01]
Initial loss: 11243.338252087131
Iteration 100: Loss = 10211.730875678799
Iteration 200: Loss = 10211.730875678799
Iteration 300: Loss = 10211.730875678799
Iteration 400: Loss = 10211.730875678799
Iteration 500: Loss = 10211.730875678799
Iteration 600: Loss = 10207.360253467954
Iteration 700: Loss = 10200.871842007717
Iteration 800: Loss = 10200.871842007717
Iteration 900: Loss = 10184.759865877573
Iteration 1000: Loss = 9932.45486814868
Best loss: 9932.45486814868 | Parameters: [ 1.93099481e+03 -4.72281902e-01  9.03974495e+00]
Initial loss: 11243.338252087131
Iteration 100: Loss = 10240.20932077171
Iteration 200: Loss = 10200.1071235242
Iteration 300: Loss = 10200.1071235242
Iteration 400: Loss = 10200.1071235242
Iteration 500: Loss = 10200.1071235242
Iteration 600: Loss = 10200.1071235242
Iteration 700: Loss = 10200.1071235242
Iteration 800: Loss = 10200.1071235242
Iteration 900: Loss = 10107.630088052962
Iteration 1000: Loss = 9766.018434580845
Best loss: 9766.018434580845 | Parameters: [1.93348643e+03 5.43687874e-01 9.98455204e+00]
Initial loss: 11186.621941813928
Iteration 100: Loss = 10233.646364089474
Iteration 200: Loss = 10220.53263980117
Iteration 300: Loss = 10215.894714655025
Iteration 400: Loss = 10210.72951969465
Iteration 500: Loss = 10207.486103990515
Iteration 600: Loss = 10206.956004663705
Iteration 700: Loss = 10206.956004663705
Iteration 800: Loss = 10205.866889959896
Iteration 900: Loss = 10205.866889959896
Iteration 1000: Loss = 10205.866889959896
Best loss: 10205.866889959896 | Parameters: [1.93361679e+03 2.06306124e-01 4.61831726e+00]
Initial loss: 11186.621941813928
Iteration 100: Loss = 10215.578818316915
Iteration 200: Loss = 10215.578818316915
Iteration 300: Loss = 10215.578818316915
Iteration 400: Loss = 10209.761495727958
Iteration 500: Loss = 10209.761495727958
Iteration 600: Loss = 10205.01777873251
Iteration 700: Loss = 10200.372149854467
Iteration 800: Loss = 10200.372149854467
Iteration 900: Loss = 10200.372149854467
Iteration 1000: Loss = 10200.372149854467
Best loss: 10200.372149854467 | Parameters: [1.93324956e+03 2.37245631e-01 5.16444356e+00]
Initial loss: 11186.621941813928
Iteration 100: Loss = 10249.158187271265
Iteration 200: Loss = 10249.158187271265
Iteration 300: Loss = 10223.297773036353
Iteration 400: Loss = 10223.297773036353
Iteration 500: Loss = 10218.294836741421
Iteration 600: Loss = 10216.059806695554
Iteration 700: Loss = 10216.059806695554
Iteration 800: Loss = 10212.998597605185
Iteration 900: Loss = 10212.998597605185
Iteration 1000: Loss = 10209.358341662504
Best loss: 10209.358341662504 | Parameters: [1.93383347e+03 2.01821130e-01 4.56018188e+00]
Initial loss: 11186.621941813928
Iteration 100: Loss = 10222.78793669964
Iteration 200: Loss = 10222.78793669964
Iteration 300: Loss = 10210.34440983219
Iteration 400: Loss = 10205.264429038272
Iteration 500: Loss = 10205.264429038272
Iteration 600: Loss = 10200.298325600494
Iteration 700: Loss = 10200.298325600494
Iteration 800: Loss = 10194.419061970037
Iteration 900: Loss = 10192.611587741967
Iteration 1000: Loss = 10190.079674167468
Best loss: 10190.079674167468 | Parameters: [1.93282228e+03 2.82716657e-01 6.01670856e+00]
Initial loss: 11186.621941813928
Iteration 100: Loss = 10254.941850076515
Iteration 200: Loss = 10245.781348515491
Iteration 300: Loss = 10212.761965777567
Iteration 400: Loss = 10212.761965777567
Iteration 500: Loss = 10208.743773651524
Iteration 600: Loss = 10208.743773651524
Iteration 700: Loss = 10208.743773651524
Iteration 800: Loss = 10208.743773651524
Iteration 900: Loss = 10207.13874258576
Iteration 1000: Loss = 10207.13874258576
Best loss: 10207.13874258576 | Parameters: [1.93346420e+03 2.22578347e-01 4.80566989e+00]
Initial loss: 11186.621941813928
Iteration 100: Loss = 10223.979027583175
Iteration 200: Loss = 10223.979027583175
Iteration 300: Loss = 10223.979027583175
Iteration 400: Loss = 10217.403073102261
Iteration 500: Loss = 10217.214494449036
Iteration 600: Loss = 10204.95359100815
Iteration 700: Loss = 10204.95359100815
Iteration 800: Loss = 10202.35594976407
Iteration 900: Loss = 10202.35594976407
Iteration 1000: Loss = 10202.35594976407
Best loss: 10202.35594976407 | Parameters: [1.93331306e+03 2.35289972e-01 5.07129066e+00]
Initial loss: 11186.621941813928
Iteration 100: Loss = 10215.320084287288
Iteration 200: Loss = 10210.061360923244
Iteration 300: Loss = 10208.799813519136
Iteration 400: Loss = 10208.799813519136
Iteration 500: Loss = 10206.30703775044
Iteration 600: Loss = 10203.28320847884
Iteration 700: Loss = 10203.28320847884
Iteration 800: Loss = 10203.28320847884
Iteration 900: Loss = 10203.28320847884
Iteration 1000: Loss = 10203.28320847884
Best loss: 10203.28320847884 | Parameters: [ 1.93342694e+03 -2.18419679e-01  4.87157218e+00]
Initial loss: 11186.621941813928
Iteration 100: Loss = 10211.20921282828
Iteration 200: Loss = 10211.20921282828
Iteration 300: Loss = 10197.957244557774
Iteration 400: Loss = 10182.280921718895
Iteration 500: Loss = 10119.048114009376
Iteration 600: Loss = 9676.05312497103
Iteration 700: Loss = 9171.864779788648
Iteration 800: Loss = 8701.725211638262
Iteration 900: Loss = 8409.072682478643
Iteration 1000: Loss = 8291.707471779837
Best loss: 8291.707471779837 | Parameters: [1.93247007e+03 9.26501621e-01 1.85569762e+01]
Initial loss: 11186.621941813928
Iteration 100: Loss = 10261.551322586834
Iteration 200: Loss = 10229.746705176298
Iteration 300: Loss = 10229.746705176298
Iteration 400: Loss = 10217.10520081102
Iteration 500: Loss = 10213.336405442255
Iteration 600: Loss = 10213.336405442255
Iteration 700: Loss = 10205.999557467521
Iteration 800: Loss = 10205.542915900327
Iteration 900: Loss = 10205.542915900327
Iteration 1000: Loss = 10205.542915900327
Best loss: 10205.542915900327 | Parameters: [1.93325957e+03 2.21029314e-01 4.93139172e+00]
Initial loss: 11186.621941813928
Iteration 100: Loss = 10237.62611685873
Iteration 200: Loss = 10237.62611685873
Iteration 300: Loss = 10237.62611685873
Iteration 400: Loss = 10237.62611685873
Iteration 500: Loss = 10237.62611685873
Iteration 600: Loss = 10237.62611685873
Iteration 700: Loss = 10235.379346785241
Iteration 800: Loss = 10158.691319799525
Iteration 900: Loss = 10100.963420947139
Iteration 1000: Loss = 9923.196793020772
Best loss: 9923.196793020772 | Parameters: [1.93122413e+03 4.60513135e-01 8.99640612e+00]
Initial loss: 11186.621941813928
Iteration 100: Loss = 10219.11114690222
Iteration 200: Loss = 10219.11114690222
Iteration 300: Loss = 10211.243385505393
Iteration 400: Loss = 10211.243385505393
Iteration 500: Loss = 10207.435401017683
Iteration 600: Loss = 10207.435401017683
Iteration 700: Loss = 10207.435401017683
Iteration 800: Loss = 10207.435401017683
Iteration 900: Loss = 10207.435401017683
Iteration 1000: Loss = 10207.435401017683
Best loss: 10207.435401017683 | Parameters: [ 1.93374562e+03 -2.05585464e-01  4.56738756e+00]
Initial loss: 11186.621941813928
Iteration 100: Loss = 10226.057736005914
Iteration 200: Loss = 10196.958371896946
Iteration 300: Loss = 10155.378041962458
Iteration 400: Loss = 9832.473682034668
Iteration 500: Loss = 9454.51794521589
Iteration 600: Loss = 8516.755157791624
Iteration 700: Loss = 8500.488354240677
Iteration 800: Loss = 8318.454007718594
Iteration 900: Loss = 8259.44384543006
Iteration 1000: Loss = 8215.327160761723
Best loss: 8215.327160761723 | Parameters: [ 1.93098585e+03 -9.29722562e-01  1.92227118e+01]
Initial loss: 11186.621941813928
Iteration 100: Loss = 10236.066585250906
Iteration 200: Loss = 10216.386335697296
Iteration 300: Loss = 10216.386335697296
Iteration 400: Loss = 10202.816086839039
Iteration 500: Loss = 10202.816086839039
Iteration 600: Loss = 10202.403433597561
Iteration 700: Loss = 10202.403433597561
Iteration 800: Loss = 10202.403433597561
Iteration 900: Loss = 10202.403433597561
Iteration 1000: Loss = 10202.403433597561
Best loss: 10202.403433597561 | Parameters: [ 1.93328019e+03 -2.39355152e-01  5.12953871e+00]
Initial loss: 11186.621941813928
Iteration 100: Loss = 10223.87631412428
Iteration 200: Loss = 10223.87631412428
Iteration 300: Loss = 10216.999616148982
Iteration 400: Loss = 10216.999616148982
Iteration 500: Loss = 10216.999616148982
Iteration 600: Loss = 10205.577504184252
Iteration 700: Loss = 10203.273092253228
Iteration 800: Loss = 10203.273092253228
Iteration 900: Loss = 10203.273092253228
Iteration 1000: Loss = 10203.273092253228
Best loss: 10203.273092253228 | Parameters: [ 1.93309941e+03 -2.34591491e-01  5.12742585e+00]
Initial loss: 11186.621941813928
Iteration 100: Loss = 10260.094852062679
Iteration 200: Loss = 10242.405165064914
Iteration 300: Loss = 10212.498581454834
Iteration 400: Loss = 10212.498581454834
Iteration 500: Loss = 10212.498581454834
Iteration 600: Loss = 10212.498581454834
Iteration 700: Loss = 10212.498581454834
Iteration 800: Loss = 10212.498581454834
Iteration 900: Loss = 10212.498581454834
Iteration 1000: Loss = 10206.69623758502
Best loss: 10206.69623758502 | Parameters: [ 1.93368890e+03 -2.02677767e-01  4.55378914e+00]
Initial loss: 11186.621941813928
Iteration 100: Loss = 10242.913249319457
Iteration 200: Loss = 10214.86480762671
Iteration 300: Loss = 10204.971750271307
Iteration 400: Loss = 10204.971750271307
Iteration 500: Loss = 10189.081531386466
Iteration 600: Loss = 9871.561585180649
Iteration 700: Loss = 9371.193378889353
Iteration 800: Loss = 8830.610661024932
Iteration 900: Loss = 8645.17331663397
Iteration 1000: Loss = 8232.95963014132
Best loss: 8232.95963014132 | Parameters: [1.93141766e+03 9.35577272e-01 1.94344295e+01]
Initial loss: 11186.621941813928
Iteration 100: Loss = 10301.564902193633
Iteration 200: Loss = 10301.564902193633
Iteration 300: Loss = 10301.564902193633
Iteration 400: Loss = 10301.564902193633
Iteration 500: Loss = 10283.020273562657
Iteration 600: Loss = 10283.020273562657
Iteration 700: Loss = 10283.020273562657
Iteration 800: Loss = 10253.75101964614
Iteration 900: Loss = 10235.767785564898
Iteration 1000: Loss = 10231.298889182359
Best loss: 10231.298889182359 | Parameters: [ 1.93357699e+03 -2.06418019e-01  4.41147866e+00]
Initial loss: 11186.621941813928
Iteration 100: Loss = 10219.670100392057
Iteration 200: Loss = 10219.670100392057
Iteration 300: Loss = 10216.884708024287
Iteration 400: Loss = 10214.241091344284
Iteration 500: Loss = 10214.241091344284
Iteration 600: Loss = 10214.241091344284
Iteration 700: Loss = 10214.241091344284
Iteration 800: Loss = 10214.241091344284
Iteration 900: Loss = 10214.241091344284
Iteration 1000: Loss = 10214.241091344284
Best loss: 10214.241091344284 | Parameters: [ 1.93390335e+03 -1.95500851e-01  4.33078743e+00]
Initial loss: 11186.621941813928
Iteration 100: Loss = 10194.52241998089
Iteration 200: Loss = 10097.299859674018
Iteration 300: Loss = 9277.014524352611
Iteration 400: Loss = 8850.244797979241
Iteration 500: Loss = 8703.22339664508
Iteration 600: Loss = 8221.612607793371
Iteration 700: Loss = 8124.127040856504
Iteration 800: Loss = 8019.177135911115
Iteration 900: Loss = 7928.923418403515
Iteration 1000: Loss = 7880.758292539496
Best loss: 7880.758292539496 | Parameters: [ 1.92448788e+03 -1.25686601e+00  2.43853577e+01]
Initial loss: 11186.621941813928
Iteration 100: Loss = 10229.410020651436
Iteration 200: Loss = 10199.914679746347
Iteration 300: Loss = 10199.914679746347
Iteration 400: Loss = 10198.138122785322
Iteration 500: Loss = 10198.138122785322
Iteration 600: Loss = 10153.925593527996
Iteration 700: Loss = 9340.467978228784
Iteration 800: Loss = 8647.535381060276
Iteration 900: Loss = 8547.177676113712
Iteration 1000: Loss = 8364.395155803439
Best loss: 8364.395155803439 | Parameters: [ 1.93118262e+03 -8.32397202e-01  1.70791807e+01]
Initial loss: 11186.621941813928
Iteration 100: Loss = 9988.060816120256
Iteration 200: Loss = 8817.525602562713
Iteration 300: Loss = 8453.436505266662
Iteration 400: Loss = 8247.542996106484
Iteration 500: Loss = 8206.987774824096
Iteration 600: Loss = 8081.6539671871205
Iteration 700: Loss = 7974.149387625944
Iteration 800: Loss = 7908.629945436983
Iteration 900: Loss = 7806.566056862484
Iteration 1000: Loss = 7769.815124075701
Best loss: 7769.815124075701 | Parameters: [1.92138929e+03 1.43862479e+00 2.67694538e+01]
Initial loss: 11186.621941813928
Iteration 100: Loss = 10295.885647934894
Iteration 200: Loss = 10223.007555030495
Iteration 300: Loss = 10223.007555030495
Iteration 400: Loss = 10214.106643906696
Iteration 500: Loss = 10214.106643906696
Iteration 600: Loss = 10204.762022077306
Iteration 700: Loss = 10204.762022077306
Iteration 800: Loss = 10201.580050727023
Iteration 900: Loss = 10201.580050727023
Iteration 1000: Loss = 10201.580050727023
Best loss: 10201.580050727023 | Parameters: [1.93332981e+03 2.28495989e-01 5.01488797e+00]
Initial loss: 11186.621941813928
Iteration 100: Loss = 10218.698839670738
Iteration 200: Loss = 10188.33430979197
Iteration 300: Loss = 9998.034752529566
Iteration 400: Loss = 9341.620379037775
Iteration 500: Loss = 8689.624486448307
Iteration 600: Loss = 8410.229642511948
Iteration 700: Loss = 8258.59941206204
Iteration 800: Loss = 8139.775427100941
Iteration 900: Loss = 8120.096790107595
Iteration 1000: Loss = 8109.475902005325
Best loss: 8109.475902005325 | Parameters: [1.92877148e+03 1.00309149e+00 2.01996375e+01]
Initial loss: 11186.621941813928
Iteration 100: Loss = 10489.685352612938
Iteration 200: Loss = 10390.06031381015
Iteration 300: Loss = 10221.951972967014
Iteration 400: Loss = 10221.951972967014
Iteration 500: Loss = 10221.951972967014
Iteration 600: Loss = 10221.951972967014
Iteration 700: Loss = 10221.951972967014
Iteration 800: Loss = 10221.951972967014
Iteration 900: Loss = 10221.951972967014
Iteration 1000: Loss = 10198.733294148169
Best loss: 10198.733294148169 | Parameters: [ 1.93302540e+03 -2.57675426e-01  5.61766968e+00]
Initial loss: 11186.621941813928
Iteration 100: Loss = 10221.893166182746
Iteration 200: Loss = 10206.0161789489
Iteration 300: Loss = 10206.0161789489
Iteration 400: Loss = 10206.0161789489
Iteration 500: Loss = 10204.209212201557
Iteration 600: Loss = 10167.602313775922
Iteration 700: Loss = 9470.481474897322
Iteration 800: Loss = 8880.86154005416
Iteration 900: Loss = 8566.09310044848
Iteration 1000: Loss = 8507.581683736898
Best loss: 8507.581683736898 | Parameters: [ 1.93489681e+03 -8.11296996e-01  1.73103718e+01]
Initial loss: 11186.621941813928
Iteration 100: Loss = 10313.820543549378
Iteration 200: Loss = 10215.763551145386
Iteration 300: Loss = 10215.763551145386
Iteration 400: Loss = 10215.763551145386
Iteration 500: Loss = 10215.763551145386
Iteration 600: Loss = 10215.763551145386
Iteration 700: Loss = 10200.816044605988
Iteration 800: Loss = 10200.816044605988
Iteration 900: Loss = 10200.816044605988
Iteration 1000: Loss = 10200.816044605988
Best loss: 10200.816044605988 | Parameters: [ 1.93318448e+03 -2.39250209e-01  5.27432225e+00]
Initial loss: 11186.621941813928
Iteration 100: Loss = 10275.473097212503
Iteration 200: Loss = 10275.473097212503
Iteration 300: Loss = 10275.473097212503
Iteration 400: Loss = 10271.503185197203
Iteration 500: Loss = 10271.503185197203
Iteration 600: Loss = 10233.917774368017
Iteration 700: Loss = 10233.917774368017
Iteration 800: Loss = 10200.022244309393
Iteration 900: Loss = 10186.340455206397
Iteration 1000: Loss = 9915.37373198061
Best loss: 9915.37373198061 | Parameters: [1.93141321e+03 4.81251073e-01 9.09543921e+00]
Initial loss: 11186.621941813928
Iteration 100: Loss = 10225.783670016146
Iteration 200: Loss = 10223.430898694787
Iteration 300: Loss = 10223.430898694787
Iteration 400: Loss = 10223.430898694787
Iteration 500: Loss = 10205.114400694176
Iteration 600: Loss = 10205.114400694176
Iteration 700: Loss = 10205.114400694176
Iteration 800: Loss = 10205.114400694176
Iteration 900: Loss = 10205.114400694176
Iteration 1000: Loss = 10205.114400694176
Best loss: 10205.114400694176 | Parameters: [ 1.93361945e+03 -2.14148125e-01  4.77889001e+00]
Initial loss: 11186.621941813928
Iteration 100: Loss = 10208.86044526163
Iteration 200: Loss = 10208.86044526163
Iteration 300: Loss = 10202.795658457158
Iteration 400: Loss = 10196.389144187491
Iteration 500: Loss = 10196.389144187491
Iteration 600: Loss = 10007.329448387953
Iteration 700: Loss = 9521.523380433386
Iteration 800: Loss = 8569.826024330634
Iteration 900: Loss = 8200.574026348302
Iteration 1000: Loss = 8132.162969239817
Best loss: 8132.162969239817 | Parameters: [1.92943761e+03 9.82715362e-01 2.02040802e+01]
Initial loss: 11186.621941813928
Iteration 100: Loss = 10311.635282043168
Iteration 200: Loss = 10228.25655134339
Iteration 300: Loss = 10228.25655134339
Iteration 400: Loss = 10225.663016130648
Iteration 500: Loss = 10225.663016130648
Iteration 600: Loss = 10225.663016130648
Iteration 700: Loss = 10225.663016130648
Iteration 800: Loss = 10214.55750310791
Iteration 900: Loss = 10214.55750310791
Iteration 1000: Loss = 10212.824872617231
Best loss: 10212.824872617231 | Parameters: [1.93352633e+03 2.17739449e-01 4.67514960e+00]
Initial loss: 11126.359958014255
Iteration 100: Loss = 10211.348688244903
Iteration 200: Loss = 10211.348688244903
Iteration 300: Loss = 10209.529341725725
Iteration 400: Loss = 10207.175972055224
Iteration 500: Loss = 10203.661353651316
Iteration 600: Loss = 10203.661353651316
Iteration 700: Loss = 10202.890774799622
Iteration 800: Loss = 10202.890774799622
Iteration 900: Loss = 10202.890774799622
Iteration 1000: Loss = 10202.890774799622
Best loss: 10202.890774799622 | Parameters: [1.93343263e+03 2.26415038e-01 4.93950485e+00]
Initial loss: 11126.359958014255
Iteration 100: Loss = 10226.596024261959
Iteration 200: Loss = 10222.635328702547
Iteration 300: Loss = 10217.141154697578
Iteration 400: Loss = 10216.36747324275
Iteration 500: Loss = 10213.333012923851
Iteration 600: Loss = 10213.333012923851
Iteration 700: Loss = 10207.36011523693
Iteration 800: Loss = 10207.36011523693
Iteration 900: Loss = 10206.3133968699
Iteration 1000: Loss = 10202.826530593997
Best loss: 10202.826530593997 | Parameters: [ 1.93346995e+03 -2.21568228e-01  4.90051466e+00]
Initial loss: 11126.359958014255
Iteration 100: Loss = 10207.757694556965
Iteration 200: Loss = 10205.544813343782
Iteration 300: Loss = 10205.544813343782
Iteration 400: Loss = 10203.829776319793
Iteration 500: Loss = 10203.028300347005
Iteration 600: Loss = 10203.028300347005
Iteration 700: Loss = 10203.028300347005
Iteration 800: Loss = 10203.028300347005
Iteration 900: Loss = 10203.028300347005
Iteration 1000: Loss = 10199.919749965267
Best loss: 10199.919749965267 | Parameters: [ 1.93316120e+03 -2.54372448e-01  5.48791523e+00]
Initial loss: 11126.359958014255
Iteration 100: Loss = 10243.691746899449
Iteration 200: Loss = 10208.623429844447
Iteration 300: Loss = 10204.767115888404
Iteration 400: Loss = 10204.767115888404
Iteration 500: Loss = 10204.767115888404
Iteration 600: Loss = 10204.017758521253
Iteration 700: Loss = 10204.017758521253
Iteration 800: Loss = 10202.528249968962
Iteration 900: Loss = 10202.528249968962
Iteration 1000: Loss = 10202.528249968962
Best loss: 10202.528249968962 | Parameters: [1.93336886e+03 2.34845012e-01 5.14944363e+00]
Initial loss: 11126.359958014255
Iteration 100: Loss = 10224.409692980027
Iteration 200: Loss = 10206.218461960181
Iteration 300: Loss = 10206.218461960181
Iteration 400: Loss = 10206.218461960181
Iteration 500: Loss = 10206.218461960181
Iteration 600: Loss = 10204.769269321858
Iteration 700: Loss = 10204.769269321858
Iteration 800: Loss = 10204.769269321858
Iteration 900: Loss = 10204.769269321858
Iteration 1000: Loss = 10204.769269321858
Best loss: 10204.769269321858 | Parameters: [ 1.93342728e+03 -2.18345129e-01  4.79930756e+00]
Initial loss: 11126.359958014255
Iteration 100: Loss = 10237.862978819974
Iteration 200: Loss = 10215.34390317003
Iteration 300: Loss = 10212.075777267904
Iteration 400: Loss = 10208.7768275004
Iteration 500: Loss = 10204.42998499939
Iteration 600: Loss = 10204.42998499939
Iteration 700: Loss = 10204.42998499939
Iteration 800: Loss = 10204.42998499939
Iteration 900: Loss = 10201.77398265841
Iteration 1000: Loss = 10198.942687853334
Best loss: 10198.942687853334 | Parameters: [1.93305358e+03 2.67106311e-01 5.60485824e+00]
Initial loss: 11126.359958014255
Iteration 100: Loss = 10230.969542417663
Iteration 200: Loss = 10230.969542417663
Iteration 300: Loss = 10230.969542417663
Iteration 400: Loss = 10230.926520264671
Iteration 500: Loss = 10210.555457330285
Iteration 600: Loss = 10210.555457330285
Iteration 700: Loss = 10210.214014897798
Iteration 800: Loss = 10210.214014897798
Iteration 900: Loss = 10210.214014897798
Iteration 1000: Loss = 10202.235894643038
Best loss: 10202.235894643038 | Parameters: [1.93282721e+03 2.50202941e-01 5.42570301e+00]
Initial loss: 11126.359958014255
Iteration 100: Loss = 10107.092536321867
Iteration 200: Loss = 9820.25459162677
Iteration 300: Loss = 9631.19460751368
Iteration 400: Loss = 9472.577041053479
Iteration 500: Loss = 8715.593095742675
Iteration 600: Loss = 8557.03611532302
Iteration 700: Loss = 8450.189003745461
Iteration 800: Loss = 8288.586164550621
Iteration 900: Loss = 8203.117974975139
Iteration 1000: Loss = 8179.617596626227
Best loss: 8179.617596626227 | Parameters: [1.93031104e+03 1.02252502e+00 1.97056516e+01]
