Initial loss: 11450.563371166667
Iteration 100: Loss = 11212.789395279915
Iteration 200: Loss = 11142.722267101239
Iteration 300: Loss = 11019.237700627671
Iteration 400: Loss = 10882.471362252649
Iteration 500: Loss = 10881.498866895741
Iteration 600: Loss = 10875.059871327687
Iteration 700: Loss = 10870.525782468438
Iteration 800: Loss = 10868.148007129708
Iteration 900: Loss = 10861.440925225788
Iteration 1000: Loss = 10860.739035162425
Best loss: 10860.739035162425 | Parameters: [1.92372088e+03 2.11614877e-01 4.08070322e+00]
Initial loss: 11450.563371166667
Iteration 100: Loss = 11306.06223228627
Iteration 200: Loss = 10949.48115511604
Iteration 300: Loss = 10856.690616529242
Iteration 400: Loss = 10856.45289373743
Iteration 500: Loss = 10855.809305895551
Iteration 600: Loss = 10853.080977956972
Iteration 700: Loss = 10853.080977956972
Iteration 800: Loss = 10852.375885416
Iteration 900: Loss = 10852.375885416
Iteration 1000: Loss = 10852.375885416
Best loss: 10852.375885416 | Parameters: [ 1.92311604e+03 -2.51652564e-01  4.66915599e+00]
Initial loss: 11450.563371166667
Iteration 100: Loss = 10948.975732195608
Iteration 200: Loss = 10914.434226593397
Iteration 300: Loss = 10899.355208672403
Iteration 400: Loss = 10885.65241087018
Iteration 500: Loss = 10869.540795557497
Iteration 600: Loss = 10867.13722619172
Iteration 700: Loss = 10867.13722619172
Iteration 800: Loss = 10859.169777061332
Iteration 900: Loss = 10856.759059125996
Iteration 1000: Loss = 10855.896814305299
Best loss: 10855.896814305299 | Parameters: [ 1.92339178e+03 -2.39340410e-01  4.51965492e+00]
Initial loss: 11450.563371166667
Iteration 100: Loss = 10916.973018729375
Iteration 200: Loss = 10882.232210995135
Iteration 300: Loss = 10870.537054350802
Iteration 400: Loss = 10863.591561488081
Iteration 500: Loss = 10858.47286569635
Iteration 600: Loss = 10858.47286569635
Iteration 700: Loss = 10858.47286569635
Iteration 800: Loss = 10852.596450051797
Iteration 900: Loss = 10852.596450051797
Iteration 1000: Loss = 10852.596450051797
Best loss: 10852.596450051797 | Parameters: [1.92304513e+03 2.47827109e-01 4.64704562e+00]
Initial loss: 11450.563371166667
Iteration 100: Loss = 11412.206813371015
Iteration 200: Loss = 11360.120859678642
Iteration 300: Loss = 11325.904879698013
Iteration 400: Loss = 11217.576077173822
Iteration 500: Loss = 11096.176491954246
Iteration 600: Loss = 11040.504559055622
Iteration 700: Loss = 10865.376846444457
Iteration 800: Loss = 10865.376846444457
Iteration 900: Loss = 10865.376846444457
Iteration 1000: Loss = 10816.559318112282
Best loss: 10816.559318112282 | Parameters: [ 1.91552900e+03 -1.12590030e-01  2.59686527e+00]
Initial loss: 11450.563371166667
Iteration 100: Loss = 10887.00480270207
Iteration 200: Loss = 10887.00480270207
Iteration 300: Loss = 10874.288804120903
Iteration 400: Loss = 10874.288804120903
Iteration 500: Loss = 10858.897276982556
Iteration 600: Loss = 10858.897276982556
Iteration 700: Loss = 10856.418342718775
Iteration 800: Loss = 10856.418342718775
Iteration 900: Loss = 10856.418342718775
Iteration 1000: Loss = 10856.418342718775
Best loss: 10856.418342718775 | Parameters: [ 1.92343005e+03 -2.33164118e-01  4.32991441e+00]
Initial loss: 11450.563371166667
Iteration 100: Loss = 10992.107703196349
Iteration 200: Loss = 10935.294061257462
Iteration 300: Loss = 10925.541724686233
Iteration 400: Loss = 10881.720617865694
Iteration 500: Loss = 10870.4789888309
Iteration 600: Loss = 10870.4789888309
Iteration 700: Loss = 10870.076592463689
Iteration 800: Loss = 10870.076592463689
Iteration 900: Loss = 10853.379155608553
Iteration 1000: Loss = 10853.379155608553
Best loss: 10853.379155608553 | Parameters: [1.92296075e+03 2.80715228e-01 5.05586777e+00]
Initial loss: 11450.563371166667
Iteration 100: Loss = 10999.031067275972
Iteration 200: Loss = 10930.373156103238
Iteration 300: Loss = 10912.393387031741
Iteration 400: Loss = 10859.018128800415
Iteration 500: Loss = 10859.018128800415
Iteration 600: Loss = 10858.478404631329
Iteration 700: Loss = 10856.940939944492
Iteration 800: Loss = 10856.940939944492
Iteration 900: Loss = 10853.67383366512
Iteration 1000: Loss = 10850.737413718069
Best loss: 10850.737413718069 | Parameters: [ 1.92277927e+03 -2.74533244e-01  5.00748945e+00]
Initial loss: 11450.563371166667
Iteration 100: Loss = 10923.65193590189
Iteration 200: Loss = 10923.65193590189
Iteration 300: Loss = 10892.413199132601
Iteration 400: Loss = 10859.816207019221
Iteration 500: Loss = 10853.729247767302
Iteration 600: Loss = 10853.729247767302
Iteration 700: Loss = 10853.729247767302
Iteration 800: Loss = 10853.729247767302
Iteration 900: Loss = 10852.473513870696
Iteration 1000: Loss = 10852.473513870696
Best loss: 10852.473513870696 | Parameters: [ 1.92287414e+03 -2.68817506e-01  5.02240019e+00]
Initial loss: 11450.563371166667
Iteration 100: Loss = 11386.357261457473
Iteration 200: Loss = 11243.560532199803
Iteration 300: Loss = 10976.988618324962
Iteration 400: Loss = 10947.490448086037
Iteration 500: Loss = 10909.508839947013
Iteration 600: Loss = 10878.063130265202
Iteration 700: Loss = 10817.784394789962
Iteration 800: Loss = 10817.784394789962
Iteration 900: Loss = 10817.784394789962
Iteration 1000: Loss = 10741.629078540693
Best loss: 10741.629078540693 | Parameters: [1.91417726e+03 1.73590302e-01 3.45117587e+00]
Initial loss: 11450.563371166667
Iteration 100: Loss = 10858.016580344558
Iteration 200: Loss = 10857.13279037694
Iteration 300: Loss = 10857.13279037694
Iteration 400: Loss = 10857.13279037694
Iteration 500: Loss = 10852.890693275136
Iteration 600: Loss = 10852.890693275136
Iteration 700: Loss = 10852.890693275136
Iteration 800: Loss = 10852.890693275136
Iteration 900: Loss = 10852.890693275136
Iteration 1000: Loss = 10851.992750560014
Best loss: 10851.992750560014 | Parameters: [ 1.92299355e+03 -2.64882292e-01  4.89776143e+00]
Initial loss: 11450.563371166667
Iteration 100: Loss = 11086.19625321074
Iteration 200: Loss = 10908.588368935933
Iteration 300: Loss = 10878.330186664358
Iteration 400: Loss = 10858.608331827834
Iteration 500: Loss = 10858.608331827834
Iteration 600: Loss = 10858.608331827834
Iteration 700: Loss = 10858.608331827834
Iteration 800: Loss = 10858.608331827834
Iteration 900: Loss = 10857.108105660345
Iteration 1000: Loss = 10855.967859246044
Best loss: 10855.967859246044 | Parameters: [1.92297375e+03 2.39965196e-01 4.55745335e+00]
Initial loss: 11450.563371166667
Iteration 100: Loss = 10851.803675836281
Iteration 200: Loss = 10819.587853245117
Iteration 300: Loss = 9623.97310317076
Iteration 400: Loss = 8415.032076799991
Iteration 500: Loss = 8276.94884175358
Iteration 600: Loss = 8031.469218189791
Iteration 700: Loss = 7926.420652084401
Iteration 800: Loss = 7899.856513008982
Iteration 900: Loss = 7801.01291589207
Iteration 1000: Loss = 7762.828410176214
Best loss: 7762.828410176214 | Parameters: [ 1.92166532e+03 -1.44624331e+00  2.71239921e+01]
Initial loss: 11450.563371166667
Iteration 100: Loss = 10908.969330101285
Iteration 200: Loss = 10895.900230143607
Iteration 300: Loss = 10895.900230143607
Iteration 400: Loss = 10856.75585286208
Iteration 500: Loss = 10856.75585286208
Iteration 600: Loss = 10853.7219017336
Iteration 700: Loss = 10853.7219017336
Iteration 800: Loss = 10853.7219017336
Iteration 900: Loss = 10853.7219017336
Iteration 1000: Loss = 10852.7293302901
Best loss: 10852.7293302901 | Parameters: [ 1.92300355e+03 -2.70116152e-01  4.96234192e+00]
Initial loss: 11450.563371166667
Iteration 100: Loss = 10962.608587536144
Iteration 200: Loss = 10890.018267416013
Iteration 300: Loss = 10869.311412327783
Iteration 400: Loss = 10860.835697103852
Iteration 500: Loss = 10857.081957815588
Iteration 600: Loss = 10857.081957815588
Iteration 700: Loss = 10857.081957815588
Iteration 800: Loss = 10855.034580143902
Iteration 900: Loss = 10855.034580143902
Iteration 1000: Loss = 10854.422701811165
Best loss: 10854.422701811165 | Parameters: [ 1.92290590e+03  2.88402220e-01 -5.09196703e+00]
Initial loss: 11450.563371166667
Iteration 100: Loss = 10856.196412803007
Iteration 200: Loss = 10836.843880663773
Iteration 300: Loss = 10831.549243022102
Iteration 400: Loss = 10556.429331318695
Iteration 500: Loss = 9757.709698141622
Iteration 600: Loss = 9077.262564561126
Iteration 700: Loss = 8532.280012949725
Iteration 800: Loss = 8157.374450292182
Iteration 900: Loss = 8073.300541746837
Iteration 1000: Loss = 8053.394184025404
Best loss: 8053.394184025404 | Parameters: [1.92841550e+03 1.08513463e+00 2.20266889e+01]
Initial loss: 11450.563371166667
Iteration 100: Loss = 11426.378816428643
Iteration 200: Loss = 11314.284164421035
Iteration 300: Loss = 11201.621099562153
Iteration 400: Loss = 11138.97668269964
Iteration 500: Loss = 11022.168519891926
Iteration 600: Loss = 11022.168519891926
Iteration 700: Loss = 10919.983356928211
Iteration 800: Loss = 10919.983356928211
Iteration 900: Loss = 10865.49107213458
Iteration 1000: Loss = 10863.59331869716
Best loss: 10863.59331869716 | Parameters: [ 1.92298507e+03 -2.66661095e-01 -4.63079317e+00]
Initial loss: 11450.563371166667
Iteration 100: Loss = 10967.936183113103
Iteration 200: Loss = 10913.685819013253
Iteration 300: Loss = 10860.733333905835
Iteration 400: Loss = 10857.018660069965
Iteration 500: Loss = 10857.018660069965
Iteration 600: Loss = 10857.018660069965
Iteration 700: Loss = 10857.018660069965
Iteration 800: Loss = 10857.018660069965
Iteration 900: Loss = 10857.018660069965
Iteration 1000: Loss = 10857.018660069965
Best loss: 10857.018660069965 | Parameters: [1.92314849e+03 2.29413605e-01 4.44146124e+00]
Initial loss: 11450.563371166667
Iteration 100: Loss = 10952.29476145819
Iteration 200: Loss = 10930.757529067974
Iteration 300: Loss = 10917.16147475289
Iteration 400: Loss = 10875.410760044582
Iteration 500: Loss = 10860.888764511688
Iteration 600: Loss = 10860.888764511688
Iteration 700: Loss = 10860.888764511688
Iteration 800: Loss = 10860.888764511688
Iteration 900: Loss = 10850.769313831088
Iteration 1000: Loss = 10850.769313831088
Best loss: 10850.769313831088 | Parameters: [1.92260778e+03 2.95965187e-01 5.24827318e+00]
Initial loss: 11450.563371166667
Iteration 100: Loss = 10867.129149774024
Iteration 200: Loss = 10856.918245479683
Iteration 300: Loss = 10856.918245479683
Iteration 400: Loss = 10853.883045486176
Iteration 500: Loss = 10851.811078577137
Iteration 600: Loss = 10851.811078577137
Iteration 700: Loss = 10851.192360894578
Iteration 800: Loss = 10850.184894914224
Iteration 900: Loss = 10850.184894914224
Iteration 1000: Loss = 10758.654262107519
Best loss: 10758.654262107519 | Parameters: [ 1.92072940e+03  4.58988935e-01 -8.30287913e+00]
Initial loss: 11450.563371166667
Iteration 100: Loss = 10023.124767287072
Iteration 200: Loss = 8988.039278283897
Iteration 300: Loss = 8405.56993535872
Iteration 400: Loss = 8217.208896666332
Iteration 500: Loss = 8053.1138044808995
Iteration 600: Loss = 8005.701594751215
Iteration 700: Loss = 7918.805796409576
Iteration 800: Loss = 7877.603408103793
Iteration 900: Loss = 7865.487382840826
Iteration 1000: Loss = 7819.294250484739
Best loss: 7819.294250484739 | Parameters: [ 1.92207429e+03 -1.27697739e+00  2.52038522e+01]
Initial loss: 11450.563371166667
Iteration 100: Loss = 11032.078328792457
Iteration 200: Loss = 11002.261443454985
Iteration 300: Loss = 10884.764112364122
Iteration 400: Loss = 10858.492357138033
Iteration 500: Loss = 10853.680101026976
Iteration 600: Loss = 10853.680101026976
Iteration 700: Loss = 10853.680101026976
Iteration 800: Loss = 10853.680101026976
Iteration 900: Loss = 10845.8942699428
Iteration 1000: Loss = 10563.820867982411
Best loss: 10563.820867982411 | Parameters: [ 1.92273563e+03  5.22719672e-01 -9.47088029e+00]
Initial loss: 11450.563371166667
Iteration 100: Loss = 10869.406783379232
Iteration 200: Loss = 10869.406783379232
Iteration 300: Loss = 10869.406783379232
Iteration 400: Loss = 10869.406783379232
Iteration 500: Loss = 10869.406783379232
Iteration 600: Loss = 10855.066437979447
Iteration 700: Loss = 10855.066437979447
Iteration 800: Loss = 10854.254371171231
Iteration 900: Loss = 10852.864359188328
Iteration 1000: Loss = 10822.08052361803
Best loss: 10822.08052361803 | Parameters: [ 1.92179826e+03 -3.99350215e-01 -6.94867368e+00]
Initial loss: 11450.563371166667
Iteration 100: Loss = 10878.948584199652
Iteration 200: Loss = 10865.469197631523
Iteration 300: Loss = 10340.655353308353
Iteration 400: Loss = 9950.777981887488
Iteration 500: Loss = 9507.481770581591
Iteration 600: Loss = 8580.646224116608
Iteration 700: Loss = 7981.987037550509
Iteration 800: Loss = 7915.978543319991
Iteration 900: Loss = 7896.817695395772
Iteration 1000: Loss = 7846.0050881938405
Best loss: 7846.0050881938405 | Parameters: [1.92398426e+03 1.32752921e+00 2.61288506e+01]
Initial loss: 11450.563371166667
Iteration 100: Loss = 9892.470401132638
Iteration 200: Loss = 9232.01092463792
Iteration 300: Loss = 8314.74016951495
Iteration 400: Loss = 8237.24852654091
Iteration 500: Loss = 8105.261009583272
Iteration 600: Loss = 8029.608120227008
Iteration 700: Loss = 7997.281562274256
Iteration 800: Loss = 7853.461552305846
Iteration 900: Loss = 7800.3696033995075
Iteration 1000: Loss = 7782.490810851406
Best loss: 7782.490810851406 | Parameters: [ 1.92195684e+03 -1.38878158e+00  2.62696142e+01]
Initial loss: 11450.563371166667
Iteration 100: Loss = 10881.44997655065
Iteration 200: Loss = 10849.867943734587
Iteration 300: Loss = 10849.867943734587
Iteration 400: Loss = 10849.867943734587
Iteration 500: Loss = 10602.73984563004
Iteration 600: Loss = 9271.331824735487
Iteration 700: Loss = 8213.858574948163
Iteration 800: Loss = 7990.719774957939
Iteration 900: Loss = 7818.220921683202
Iteration 1000: Loss = 7746.470537229272
Best loss: 7746.470537229272 | Parameters: [ 1.92159369e+03 -1.43467656e+00  2.76716148e+01]
Initial loss: 11450.563371166667
Iteration 100: Loss = 10944.04156437723
Iteration 200: Loss = 10867.19662397966
Iteration 300: Loss = 10849.329607917383
Iteration 400: Loss = 10849.329607917383
Iteration 500: Loss = 10849.329607917383
Iteration 600: Loss = 10699.930867521138
Iteration 700: Loss = 9731.750896469252
Iteration 800: Loss = 8704.755080751269
Iteration 900: Loss = 8077.654689860092
Iteration 1000: Loss = 7944.9648344704965
Best loss: 7944.9648344704965 | Parameters: [1.92538609e+03 1.17016226e+00 2.29310112e+01]
Initial loss: 11450.563371166667
Iteration 100: Loss = 10758.137343025026
Iteration 200: Loss = 9396.686831801679
Iteration 300: Loss = 8956.765757477737
Iteration 400: Loss = 8071.516233335633
Iteration 500: Loss = 7973.0115683683025
Iteration 600: Loss = 7973.0115683683025
Iteration 700: Loss = 7955.364935821097
Iteration 800: Loss = 7948.411823622299
Iteration 900: Loss = 7823.887571920398
Iteration 1000: Loss = 7808.427334968854
Best loss: 7808.427334968854 | Parameters: [ 1.92286403e+03 -1.32734938e+00 -2.61985754e+01]
Initial loss: 11450.563371166667
Iteration 100: Loss = 10911.249512094051
Iteration 200: Loss = 10882.891811181546
Iteration 300: Loss = 10871.396724472048
Iteration 400: Loss = 10871.396724472048
Iteration 500: Loss = 10871.396724472048
Iteration 600: Loss = 10856.835877069087
Iteration 700: Loss = 10855.857472811891
Iteration 800: Loss = 10850.534642264674
Iteration 900: Loss = 10798.357190943529
Iteration 1000: Loss = 9394.982239042287
Best loss: 9394.982239042287 | Parameters: [ 1.91709367e+03 -9.45928291e-01 -1.73863860e+01]
Initial loss: 11450.563371166667
Iteration 100: Loss = 11026.863777913079
Iteration 200: Loss = 11026.863777913079
Iteration 300: Loss = 11026.863777913079
Iteration 400: Loss = 10985.405323246561
Iteration 500: Loss = 10924.711633731185
Iteration 600: Loss = 10876.814328162058
Iteration 700: Loss = 10876.814328162058
Iteration 800: Loss = 10876.814328162058
Iteration 900: Loss = 10868.004815481527
Iteration 1000: Loss = 10856.919659875213
Best loss: 10856.919659875213 | Parameters: [1.92335591e+03 2.49978122e-01 4.65231539e+00]
Initial loss: 11449.33345770719
Iteration 100: Loss = 11190.827307314607
Iteration 200: Loss = 11029.384250108486
Iteration 300: Loss = 10923.259836861633
Iteration 400: Loss = 10892.269980423716
Iteration 500: Loss = 10885.16305501137
Iteration 600: Loss = 10873.99571997927
Iteration 700: Loss = 10866.768608070655
Iteration 800: Loss = 10866.768608070655
Iteration 900: Loss = 10862.764846279038
Iteration 1000: Loss = 10860.859503025784
Best loss: 10860.859503025784 | Parameters: [1.92362681e+03 2.07060686e-01 4.02057342e+00]
Initial loss: 11449.33345770719
Iteration 100: Loss = 11075.199998852846
Iteration 200: Loss = 10895.085444553293
Iteration 300: Loss = 10877.403315929714
Iteration 400: Loss = 10877.403315929714
Iteration 500: Loss = 10870.864583866902
Iteration 600: Loss = 10865.872170348774
Iteration 700: Loss = 10860.948488196522
Iteration 800: Loss = 10856.82107357446
Iteration 900: Loss = 10855.998139683774
Iteration 1000: Loss = 10855.998139683774
Best loss: 10855.998139683774 | Parameters: [ 1.92335058e+03 -2.38391987e-01  4.39083469e+00]
Initial loss: 11449.33345770719
Iteration 100: Loss = 10883.848631765071
Iteration 200: Loss = 10877.048768293804
Iteration 300: Loss = 10872.85729544481
Iteration 400: Loss = 10869.933659713713
Iteration 500: Loss = 10864.367971473028
Iteration 600: Loss = 10854.587841974115
Iteration 700: Loss = 10854.587841974115
Iteration 800: Loss = 10853.586202732133
Iteration 900: Loss = 10852.94391567218
Iteration 1000: Loss = 10852.94391567218
Best loss: 10852.94391567218 | Parameters: [1.92315942e+03 2.44371553e-01 4.56468798e+00]
Initial loss: 11449.33345770719
Iteration 100: Loss = 11061.588390670984
Iteration 200: Loss = 10900.003956882048
Iteration 300: Loss = 10888.04302473626
Iteration 400: Loss = 10864.848822059334
Iteration 500: Loss = 10864.848822059334
Iteration 600: Loss = 10864.364742478218
Iteration 700: Loss = 10864.364742478218
Iteration 800: Loss = 10864.364742478218
Iteration 900: Loss = 10864.206747245356
Iteration 1000: Loss = 10861.589717859039
Best loss: 10861.589717859039 | Parameters: [ 1.92373042e+03 -2.15228900e-01  4.06014500e+00]
Initial loss: 11449.33345770719
Iteration 100: Loss = 10978.028631484465
Iteration 200: Loss = 10867.58420697995
Iteration 300: Loss = 10866.136684767842
Iteration 400: Loss = 10866.136684767842
Iteration 500: Loss = 10862.862583144213
Iteration 600: Loss = 10862.862583144213
Iteration 700: Loss = 10857.933628224351
Iteration 800: Loss = 10854.946364805497
Iteration 900: Loss = 10854.946364805497
Iteration 1000: Loss = 10854.946364805497
Best loss: 10854.946364805497 | Parameters: [ 1.92317400e+03 -2.36618003e-01  4.55084852e+00]
Initial loss: 11449.33345770719
Iteration 100: Loss = 10847.393999411492
Iteration 200: Loss = 10847.393999411492
Iteration 300: Loss = 10834.878158179708
Iteration 400: Loss = 10834.878158179708
Iteration 500: Loss = 10800.596583898121
Iteration 600: Loss = 10242.109451756085
Iteration 700: Loss = 9977.468176576202
Iteration 800: Loss = 9197.733516748342
Iteration 900: Loss = 8815.02846859697
Iteration 1000: Loss = 8189.977629143753
Best loss: 8189.977629143753 | Parameters: [1.92455015e+03 9.95299454e-01 2.03421169e+01]
Initial loss: 11449.33345770719
Iteration 100: Loss = 10876.986466944008
Iteration 200: Loss = 10859.435083182205
Iteration 300: Loss = 10850.864399019696
Iteration 400: Loss = 10847.676340763288
Iteration 500: Loss = 10847.676340763288
Iteration 600: Loss = 10847.25023187832
Iteration 700: Loss = 10836.91923908478
Iteration 800: Loss = 10822.506170381193
Iteration 900: Loss = 10695.843386967597
Iteration 1000: Loss = 10278.673328274352
Best loss: 10278.673328274352 | Parameters: [1.92227568e+03 6.31385931e-01 1.10936906e+01]
Initial loss: 11449.33345770719
Iteration 100: Loss = 10924.593595468494
Iteration 200: Loss = 10924.593595468494
Iteration 300: Loss = 10924.593595468494
Iteration 400: Loss = 10885.36759635301
Iteration 500: Loss = 10870.84980313085
Iteration 600: Loss = 10866.548238715384
Iteration 700: Loss = 10864.114455161262
Iteration 800: Loss = 10862.981872053026
Iteration 900: Loss = 10862.981872053026
Iteration 1000: Loss = 10850.303210307758
Best loss: 10850.303210307758 | Parameters: [ 1.92261698e+03 -2.91049685e-01  5.21267870e+00]
Initial loss: 11449.33345770719
Iteration 100: Loss = 10870.825682518269
Iteration 200: Loss = 10870.825682518269
Iteration 300: Loss = 10870.825682518269
Iteration 400: Loss = 10870.825682518269
Iteration 500: Loss = 10863.8096104833
Iteration 600: Loss = 10863.8096104833
Iteration 700: Loss = 10863.8096104833
Iteration 800: Loss = 10860.647288562981
Iteration 900: Loss = 10860.647288562981
Iteration 1000: Loss = 10855.894262535157
Best loss: 10855.894262535157 | Parameters: [ 1.92344756e+03 -2.26434234e-01  4.30741961e+00]
Initial loss: 11449.33345770719
Iteration 100: Loss = 10878.006498099037
Iteration 200: Loss = 10871.489050109232
Iteration 300: Loss = 10859.291190477212
Iteration 400: Loss = 10859.291190477212
Iteration 500: Loss = 10856.688007473507
Iteration 600: Loss = 10856.688007473507
Iteration 700: Loss = 10849.94377337566
Iteration 800: Loss = 10849.94377337566
Iteration 900: Loss = 10849.94377337566
Iteration 1000: Loss = 10849.94377337566
Best loss: 10849.94377337566 | Parameters: [1.92256777e+03 3.05920933e-01 5.43484935e+00]
Initial loss: 11449.33345770719
Iteration 100: Loss = 11029.323158274423
Iteration 200: Loss = 10867.869550686884
Iteration 300: Loss = 10856.353822834757
Iteration 400: Loss = 10856.353822834757
Iteration 500: Loss = 10856.353822834757
Iteration 600: Loss = 10854.314376702076
Iteration 700: Loss = 10854.314376702076
Iteration 800: Loss = 10852.477353155626
Iteration 900: Loss = 10852.477353155626
Iteration 1000: Loss = 10852.477353155626
Best loss: 10852.477353155626 | Parameters: [1.92304194e+03 2.61367914e-01 4.85651784e+00]
Initial loss: 11449.33345770719
Iteration 100: Loss = 10889.139112451598
Iteration 200: Loss = 10889.139112451598
Iteration 300: Loss = 10860.816875724156
Iteration 400: Loss = 10860.816875724156
Iteration 500: Loss = 10858.78660454359
Iteration 600: Loss = 10858.78660454359
Iteration 700: Loss = 10857.701414770974
Iteration 800: Loss = 10852.753913616905
Iteration 900: Loss = 10851.234694281806
Iteration 1000: Loss = 10850.670686407071
Best loss: 10850.670686407071 | Parameters: [ 1.92261604e+03 -2.90498953e-01  5.18757210e+00]
Initial loss: 11449.33345770719
Iteration 100: Loss = 10854.986726753572
Iteration 200: Loss = 10854.986726753572
Iteration 300: Loss = 10854.986726753572
Iteration 400: Loss = 10851.050940224612
Iteration 500: Loss = 10851.050940224612
Iteration 600: Loss = 10851.050940224612
Iteration 700: Loss = 10851.050940224612
Iteration 800: Loss = 10850.644474212922
Iteration 900: Loss = 10850.644474212922
Iteration 1000: Loss = 10849.725503198455
Best loss: 10849.725503198455 | Parameters: [ 1.92252174e+03 -3.02460339e-01  5.47707297e+00]
Initial loss: 11449.33345770719
Iteration 100: Loss = 11015.002905232699
Iteration 200: Loss = 10864.006361257927
Iteration 300: Loss = 10862.733403734008
Iteration 400: Loss = 10862.733403734008
Iteration 500: Loss = 10855.89112005561
Iteration 600: Loss = 10852.953796393693
Iteration 700: Loss = 10852.953796393693
Iteration 800: Loss = 10852.953796393693
Iteration 900: Loss = 10852.953796393693
Iteration 1000: Loss = 10852.19815851878
Best loss: 10852.19815851878 | Parameters: [1.92295165e+03 2.58071557e-01 4.74059742e+00]
Initial loss: 11449.33345770719
Iteration 100: Loss = 11070.626200009805
Iteration 200: Loss = 10886.469274880465
Iteration 300: Loss = 10871.044273053407
Iteration 400: Loss = 10853.655907549419
Iteration 500: Loss = 10853.655907549419
Iteration 600: Loss = 10853.655907549419
Iteration 700: Loss = 10852.226466547636
Iteration 800: Loss = 10850.44889857871
Iteration 900: Loss = 10850.44889857871
Iteration 1000: Loss = 10847.28505783201
Best loss: 10847.28505783201 | Parameters: [ 1.92222545e+03 -3.22571682e-01 -5.79367370e+00]
Initial loss: 11449.33345770719
Iteration 100: Loss = 11449.33345770719
Iteration 200: Loss = 11215.795077837116
Iteration 300: Loss = 8156.4880071904545
Iteration 400: Loss = 8089.468645987222
Iteration 500: Loss = 8031.344655524611
Iteration 600: Loss = 8031.344655524611
Iteration 700: Loss = 7908.204741212687
Iteration 800: Loss = 7838.775555375833
Iteration 900: Loss = 7808.377073441332
Iteration 1000: Loss = 7774.137565472644
Best loss: 7774.137565472644 | Parameters: [1.92114730e+03 1.36255584e+00 2.60472974e+01]
Initial loss: 11449.33345770719
Iteration 100: Loss = 10905.225632751028
Iteration 200: Loss = 10905.225632751028
Iteration 300: Loss = 10854.34634213572
Iteration 400: Loss = 10853.948828735332
Iteration 500: Loss = 10851.57036032491
Iteration 600: Loss = 10830.21571136142
Iteration 700: Loss = 10793.483562718859
Iteration 800: Loss = 10582.678880777778
Iteration 900: Loss = 9689.858752049231
Iteration 1000: Loss = 8679.309754492066
Best loss: 8679.309754492066 | Parameters: [ 1.92567916e+03 -8.89094685e-01  1.70187002e+01]
Initial loss: 11449.33345770719
Iteration 100: Loss = 10870.240436197959
Iteration 200: Loss = 10870.240436197959
Iteration 300: Loss = 10849.526304484296
Iteration 400: Loss = 10770.958200262241
Iteration 500: Loss = 10503.014789691388
Iteration 600: Loss = 9629.581233246381
Iteration 700: Loss = 8297.245882040095
Iteration 800: Loss = 7975.282238378001
Iteration 900: Loss = 7925.383821217226
Iteration 1000: Loss = 7851.357667033694
Best loss: 7851.357667033694 | Parameters: [1.92375123e+03 1.30502842e+00 2.49690061e+01]
Initial loss: 11449.33345770719
Iteration 100: Loss = 10872.005065213994
Iteration 200: Loss = 10865.539180334199
Iteration 300: Loss = 10865.539180334199
Iteration 400: Loss = 10865.539180334199
Iteration 500: Loss = 10865.539180334199
Iteration 600: Loss = 10856.197910175599
Iteration 700: Loss = 10855.684246216058
Iteration 800: Loss = 10855.684246216058
Iteration 900: Loss = 10855.684246216058
Iteration 1000: Loss = 10851.479922907849
Best loss: 10851.479922907849 | Parameters: [ 1.92277533e+03 -2.74040182e-01  5.08672070e+00]
Initial loss: 11449.33345770719
Iteration 100: Loss = 10973.20496728379
Iteration 200: Loss = 10859.99710175339
Iteration 300: Loss = 10855.756258998623
Iteration 400: Loss = 10847.445751612066
Iteration 500: Loss = 10791.091081191944
Iteration 600: Loss = 10423.086702684343
Iteration 700: Loss = 9916.688404168903
Iteration 800: Loss = 8729.219887963925
Iteration 900: Loss = 7836.559623757236
Iteration 1000: Loss = 7792.770967149976
Best loss: 7792.770967149976 | Parameters: [ 1.92258337e+03 -1.35190133e+00  2.62659251e+01]
Initial loss: 11449.33345770719
Iteration 100: Loss = 10869.128953443278
Iteration 200: Loss = 10856.46052749198
Iteration 300: Loss = 10856.46052749198
Iteration 400: Loss = 10840.15798168266
Iteration 500: Loss = 10840.15798168266
Iteration 600: Loss = 10623.685408515066
Iteration 700: Loss = 9414.353070618456
Iteration 800: Loss = 8994.991613335606
Iteration 900: Loss = 8152.8783346876
Iteration 1000: Loss = 7874.723931155139
Best loss: 7874.723931155139 | Parameters: [1.92442208e+03 1.26086204e+00 2.50937016e+01]
Initial loss: 11449.33345770719
Iteration 100: Loss = 10908.4050383273
Iteration 200: Loss = 10871.51960457574
Iteration 300: Loss = 10866.175542964485
Iteration 400: Loss = 10816.114441365606
Iteration 500: Loss = 9342.269270964336
Iteration 600: Loss = 8536.827848958903
Iteration 700: Loss = 8248.052616182695
Iteration 800: Loss = 7810.965766676241
Iteration 900: Loss = 7798.040232256635
Iteration 1000: Loss = 7734.956055187876
Best loss: 7734.956055187876 | Parameters: [ 1.92085710e+03 -1.41259187e+00  2.72161128e+01]
Initial loss: 11449.33345770719
Iteration 100: Loss = 10928.833183046943
Iteration 200: Loss = 10873.522807132416
Iteration 300: Loss = 10851.155404158304
Iteration 400: Loss = 10763.024225425135
Iteration 500: Loss = 10366.340418432292
Iteration 600: Loss = 8590.107916581528
Iteration 700: Loss = 8289.86616137381
Iteration 800: Loss = 8117.654922171967
Iteration 900: Loss = 8034.038858670561
Iteration 1000: Loss = 7858.04292423611
Best loss: 7858.04292423611 | Parameters: [1.92430546e+03 1.31057093e+00 2.54133143e+01]
Initial loss: 11449.33345770719
Iteration 100: Loss = 10884.515451131747
Iteration 200: Loss = 10875.539045062886
Iteration 300: Loss = 10875.539045062886
Iteration 400: Loss = 10875.539045062886
Iteration 500: Loss = 10870.880751439663
Iteration 600: Loss = 10870.880751439663
Iteration 700: Loss = 10870.880751439663
Iteration 800: Loss = 10870.880751439663
Iteration 900: Loss = 10853.79560907506
Iteration 1000: Loss = 10852.888509061477
Best loss: 10852.888509061477 | Parameters: [1.92273358e+03 2.93968520e-01 5.37357604e+00]
Initial loss: 11449.33345770719
Iteration 100: Loss = 10928.94141848468
Iteration 200: Loss = 9549.759368303907
Iteration 300: Loss = 8689.994114951598
Iteration 400: Loss = 8192.298074308806
Iteration 500: Loss = 7872.880947272245
Iteration 600: Loss = 7852.072111599719
Iteration 700: Loss = 7831.621113949531
Iteration 800: Loss = 7803.654289196289
Iteration 900: Loss = 7779.856143080792
Iteration 1000: Loss = 7742.043306835688
Best loss: 7742.043306835688 | Parameters: [1.92094163e+03 1.41604078e+00 2.69988491e+01]
Initial loss: 11449.33345770719
Iteration 100: Loss = 10914.761792842226
Iteration 200: Loss = 10858.064344402219
Iteration 300: Loss = 10659.077935608613
Iteration 400: Loss = 9884.684027186338
Iteration 500: Loss = 9687.11313262062
Iteration 600: Loss = 8929.078494258463
Iteration 700: Loss = 8459.741724955347
Iteration 800: Loss = 8051.372963777877
Iteration 900: Loss = 8047.452199602885
Iteration 1000: Loss = 7994.722845902872
Best loss: 7994.722845902872 | Parameters: [ 1.92638520e+03 -1.10346103e+00  2.24246246e+01]
Initial loss: 11449.33345770719
Iteration 100: Loss = 10875.851904047991
Iteration 200: Loss = 10875.851904047991
Iteration 300: Loss = 10852.283141511423
Iteration 400: Loss = 10852.283141511423
Iteration 500: Loss = 10852.283141511423
Iteration 600: Loss = 10852.283141511423
Iteration 700: Loss = 10852.283141511423
Iteration 800: Loss = 10852.283141511423
Iteration 900: Loss = 10852.283141511423
Iteration 1000: Loss = 10852.283141511423
Best loss: 10852.283141511423 | Parameters: [ 1.92304381e+03 -2.56521019e-01  4.79548564e+00]
Initial loss: 11449.33345770719
Iteration 100: Loss = 10875.073918956297
Iteration 200: Loss = 10855.754752353174
Iteration 300: Loss = 10854.763359324168
Iteration 400: Loss = 10393.848022761038
Iteration 500: Loss = 10002.19494900935
Iteration 600: Loss = 8707.116920926504
Iteration 700: Loss = 7883.868103871948
Iteration 800: Loss = 7827.591853996846
Iteration 900: Loss = 7781.645039913375
Iteration 1000: Loss = 7673.111513147497
Best loss: 7673.111513147497 | Parameters: [1.91908222e+03 1.50355930e+00 2.92800345e+01]
Initial loss: 11449.33345770719
Iteration 100: Loss = 10881.63981716486
Iteration 200: Loss = 10859.028282777064
Iteration 300: Loss = 10859.028282777064
Iteration 400: Loss = 10859.028282777064
Iteration 500: Loss = 10859.028282777064
Iteration 600: Loss = 10859.028282777064
Iteration 700: Loss = 10859.028282777064
Iteration 800: Loss = 10857.64145254785
Iteration 900: Loss = 10857.64145254785
Iteration 1000: Loss = 10857.64145254785
Best loss: 10857.64145254785 | Parameters: [ 1.92309335e+03 -2.31069060e-01  4.40065377e+00]
Initial loss: 11449.33345770719
Iteration 100: Loss = 10589.12964767352
Iteration 200: Loss = 8430.538354209712
Iteration 300: Loss = 8244.314179212004
Iteration 400: Loss = 8135.946871854769
Iteration 500: Loss = 8054.588263679057
Iteration 600: Loss = 8018.246514467183
Iteration 700: Loss = 7879.109898653648
Iteration 800: Loss = 7800.208058392842
Iteration 900: Loss = 7732.713073244101
Iteration 1000: Loss = 7647.495809917996
Best loss: 7647.495809917996 | Parameters: [1.91877838e+03 1.63644301e+00 3.07559526e+01]
Initial loss: 11446.733682436963
Iteration 100: Loss = 11125.806197197126
Iteration 200: Loss = 10981.091129527802
Iteration 300: Loss = 10892.644675915184
Iteration 400: Loss = 10884.679644899297
Iteration 500: Loss = 10874.471023977465
Iteration 600: Loss = 10872.853143804648
Iteration 700: Loss = 10872.758864663047
Iteration 800: Loss = 10871.710546753015
Iteration 900: Loss = 10861.817054461248
Iteration 1000: Loss = 10856.095104069402
Best loss: 10856.095104069402 | Parameters: [1.92344237e+03 2.26604627e-01 4.27983275e+00]
Initial loss: 11446.733682436963
Iteration 100: Loss = 10962.41796734795
Iteration 200: Loss = 10872.927229892744
Iteration 300: Loss = 10862.391395724842
Iteration 400: Loss = 10855.33494253152
Iteration 500: Loss = 10855.33494253152
Iteration 600: Loss = 10852.712059299454
Iteration 700: Loss = 10851.09333273536
Iteration 800: Loss = 10851.09333273536
Iteration 900: Loss = 10849.671471136013
Iteration 1000: Loss = 10848.231543723348
Best loss: 10848.231543723348 | Parameters: [1.92238096e+03 3.27559939e-01 5.74212887e+00]
Initial loss: 11446.733682436963
Iteration 100: Loss = 10907.739754319959
Iteration 200: Loss = 10878.733939038222
Iteration 300: Loss = 10878.733939038222
Iteration 400: Loss = 10874.990057937508
Iteration 500: Loss = 10872.215667412926
Iteration 600: Loss = 10869.728009884378
Iteration 700: Loss = 10864.768066551926
Iteration 800: Loss = 10859.979478537836
Iteration 900: Loss = 10859.979478537836
Iteration 1000: Loss = 10859.927745180079
Best loss: 10859.927745180079 | Parameters: [ 1.92336327e+03 -2.34293245e-01  4.27086873e+00]
Initial loss: 11446.733682436963
Iteration 100: Loss = 10916.07310364718
Iteration 200: Loss = 10857.699068299504
Iteration 300: Loss = 10857.469070104658
Iteration 400: Loss = 10852.870577958216
Iteration 500: Loss = 10852.870577958216
Iteration 600: Loss = 10852.070651738442
Iteration 700: Loss = 10850.893569580981
Iteration 800: Loss = 10850.893569580981
Iteration 900: Loss = 10850.893569580981
Iteration 1000: Loss = 10850.66435185682
Best loss: 10850.66435185682 | Parameters: [1.92270901e+03 2.86429655e-01 5.22817559e+00]
Initial loss: 11446.733682436963
Iteration 100: Loss = 10912.811966612304
Iteration 200: Loss = 10852.673262106506
Iteration 300: Loss = 10852.540966205499
Iteration 400: Loss = 10849.920219484944
Iteration 500: Loss = 10849.920219484944
Iteration 600: Loss = 10849.920219484944
Iteration 700: Loss = 10849.920219484944
Iteration 800: Loss = 10849.920219484944
Iteration 900: Loss = 10849.920219484944
Iteration 1000: Loss = 10849.920219484944
Best loss: 10849.920219484944 | Parameters: [ 1.92260171e+03 -2.93729016e-01  5.27232103e+00]
Initial loss: 11446.733682436963
Iteration 100: Loss = 11000.710938926675
Iteration 200: Loss = 10895.850498056403
Iteration 300: Loss = 10895.850498056403
Iteration 400: Loss = 10893.242251109596
Iteration 500: Loss = 10874.125370038586
Iteration 600: Loss = 10871.519866932551
Iteration 700: Loss = 10860.791759348176
Iteration 800: Loss = 10860.791759348176
Iteration 900: Loss = 10851.553141292496
Iteration 1000: Loss = 10851.353595282913
Best loss: 10851.353595282913 | Parameters: [1.92292189e+03 2.67595495e-01 4.88851131e+00]
Initial loss: 11446.733682436963
Iteration 100: Loss = 10960.31661043482
Iteration 200: Loss = 10929.173405338981
Iteration 300: Loss = 10890.445060144246
Iteration 400: Loss = 10890.445060144246
Iteration 500: Loss = 10890.445060144246
Iteration 600: Loss = 10890.445060144246
Iteration 700: Loss = 10881.22472326604
Iteration 800: Loss = 10869.633754095912
Iteration 900: Loss = 10869.633754095912
Iteration 1000: Loss = 10860.634420654756
Best loss: 10860.634420654756 | Parameters: [1.92295090e+03 2.34412602e-01 4.44504970e+00]
Initial loss: 11446.733682436963
Iteration 100: Loss = 10989.413733546322
Iteration 200: Loss = 10920.305858338472
Iteration 300: Loss = 10899.510326025316
Iteration 400: Loss = 10894.65326158384
Iteration 500: Loss = 10886.940495527995
Iteration 600: Loss = 10886.940495527995
Iteration 700: Loss = 10886.940495527995
Iteration 800: Loss = 10886.940495527995
Iteration 900: Loss = 10872.171016955695
Iteration 1000: Loss = 10872.171016955695
Best loss: 10872.171016955695 | Parameters: [1.92405020e+03 1.85391395e-01 3.69998197e+00]
Initial loss: 11446.733682436963
Iteration 100: Loss = 10990.862896140687
Iteration 200: Loss = 10881.61280121426
Iteration 300: Loss = 10877.06360328904
Iteration 400: Loss = 10877.06360328904
Iteration 500: Loss = 10877.06360328904
Iteration 600: Loss = 10877.06360328904
Iteration 700: Loss = 10877.06360328904
Iteration 800: Loss = 10860.701495833524
Iteration 900: Loss = 10858.040734584549
Iteration 1000: Loss = 10858.040734584549
Best loss: 10858.040734584549 | Parameters: [1.92340452e+03 2.17275628e-01 4.20993180e+00]
Initial loss: 11446.733682436963
Iteration 100: Loss = 10866.094800796229
Iteration 200: Loss = 10862.943430882633
Iteration 300: Loss = 10862.943430882633
Iteration 400: Loss = 10862.943430882633
Iteration 500: Loss = 10862.943430882633
Iteration 600: Loss = 10862.943430882633
Iteration 700: Loss = 10862.943430882633
Iteration 800: Loss = 10862.943430882633
Iteration 900: Loss = 10862.943430882633
Iteration 1000: Loss = 10854.219056866878
Best loss: 10854.219056866878 | Parameters: [ 1.92320730e+03 -2.43185974e-01  4.48998903e+00]
Initial loss: 11446.733682436963
Iteration 100: Loss = 10916.26778324848
Iteration 200: Loss = 10887.650376379992
Iteration 300: Loss = 10880.256741755582
Iteration 400: Loss = 10853.958915858018
Iteration 500: Loss = 10852.914605751535
Iteration 600: Loss = 10849.49040543556
Iteration 700: Loss = 10799.305959466037
Iteration 800: Loss = 10160.235515669729
Iteration 900: Loss = 9020.124130159546
Iteration 1000: Loss = 8132.7205320324465
Best loss: 8132.7205320324465 | Parameters: [ 1.92686159e+03 -9.89044208e-01  2.01013708e+01]
Initial loss: 11446.733682436963
Iteration 100: Loss = 10951.96108255728
Iteration 200: Loss = 10940.087085899699
Iteration 300: Loss = 10910.50899477963
Iteration 400: Loss = 10888.262112856159
Iteration 500: Loss = 10866.025894679593
Iteration 600: Loss = 10866.025894679593
Iteration 700: Loss = 10862.036405279518
Iteration 800: Loss = 10858.268884742924
Iteration 900: Loss = 10858.268884742924
Iteration 1000: Loss = 10858.268884742924
Best loss: 10858.268884742924 | Parameters: [ 1.92358186e+03 -2.17046833e-01  4.18474804e+00]
Initial loss: 11446.733682436963
Iteration 100: Loss = 10853.714338675018
Iteration 200: Loss = 10853.00368577036
Iteration 300: Loss = 10852.421411117042
Iteration 400: Loss = 10852.421411117042
Iteration 500: Loss = 10851.778439071204
Iteration 600: Loss = 10851.778439071204
Iteration 700: Loss = 10851.778439071204
Iteration 800: Loss = 10851.778439071204
Iteration 900: Loss = 10851.778439071204
Iteration 1000: Loss = 10851.778439071204
Best loss: 10851.778439071204 | Parameters: [1.92282588e+03 2.85021177e-01 5.10161580e+00]
Initial loss: 11446.733682436963
Iteration 100: Loss = 10867.895036871678
Iteration 200: Loss = 10854.080247253904
Iteration 300: Loss = 10850.001582501387
Iteration 400: Loss = 10850.001582501387
Iteration 500: Loss = 10850.001582501387
Iteration 600: Loss = 10850.001582501387
Iteration 700: Loss = 10850.001582501387
Iteration 800: Loss = 10819.90709754491
Iteration 900: Loss = 10806.477601211269
Iteration 1000: Loss = 9892.581863695486
Best loss: 9892.581863695486 | Parameters: [1.92579930e+03 6.04244665e-01 1.17095039e+01]
Initial loss: 11446.733682436963
Iteration 100: Loss = 10904.049358198426
Iteration 200: Loss = 10848.173120110683
Iteration 300: Loss = 10848.173120110683
Iteration 400: Loss = 10848.173120110683
Iteration 500: Loss = 10848.173120110683
Iteration 600: Loss = 10846.827555892145
Iteration 700: Loss = 10846.827555892145
Iteration 800: Loss = 10597.07590199458
Iteration 900: Loss = 10105.775229115814
Iteration 1000: Loss = 9182.44489139151
Best loss: 9182.44489139151 | Parameters: [1.92154662e+03 9.44733638e-01 1.65949450e+01]
Initial loss: 11446.733682436963
Iteration 100: Loss = 10908.208641951684
Iteration 200: Loss = 10908.208641951684
Iteration 300: Loss = 10884.5333661545
Iteration 400: Loss = 10875.598640419483
Iteration 500: Loss = 10875.598640419483
Iteration 600: Loss = 10857.175176826278
Iteration 700: Loss = 10851.298564431254
Iteration 800: Loss = 10851.298564431254
Iteration 900: Loss = 10851.298564431254
Iteration 1000: Loss = 10851.298564431254
Best loss: 10851.298564431254 | Parameters: [1.92292448e+03 2.67066483e-01 4.89049287e+00]
Initial loss: 11446.733682436963
Iteration 100: Loss = 10858.9712921133
Iteration 200: Loss = 10853.233598952269
Iteration 300: Loss = 10853.233598952269
Iteration 400: Loss = 10853.233598952269
Iteration 500: Loss = 10853.233598952269
Iteration 600: Loss = 10853.233598952269
Iteration 700: Loss = 10853.233598952269
Iteration 800: Loss = 10853.233598952269
Iteration 900: Loss = 10853.233598952269
Iteration 1000: Loss = 10847.510703670125
Best loss: 10847.510703670125 | Parameters: [1.92230171e+03 3.24893653e-01 5.71518535e+00]
Initial loss: 11446.733682436963
Iteration 100: Loss = 11055.130922705473
Iteration 200: Loss = 10980.252715145387
Iteration 300: Loss = 10980.252715145387
Iteration 400: Loss = 10919.469891264933
Iteration 500: Loss = 10877.165482984197
Iteration 600: Loss = 10854.48730804976
Iteration 700: Loss = 10809.68427586425
Iteration 800: Loss = 10462.2632934675
Iteration 900: Loss = 9493.831631946614
Iteration 1000: Loss = 8304.501130914574
Best loss: 8304.501130914574 | Parameters: [1.92264826e+03 1.01232850e+00 2.01513293e+01]
Initial loss: 11446.733682436963
Iteration 100: Loss = 10870.61849921219
Iteration 200: Loss = 10867.078741433346
Iteration 300: Loss = 10867.078741433346
Iteration 400: Loss = 10867.078741433346
Iteration 500: Loss = 10853.820131644781
Iteration 600: Loss = 10849.39897709644
Iteration 700: Loss = 10849.39897709644
Iteration 800: Loss = 10849.39897709644
Iteration 900: Loss = 10849.39897709644
Iteration 1000: Loss = 10849.39897709644
Best loss: 10849.39897709644 | Parameters: [ 1.92251467e+03 -2.98762449e-01  5.36921074e+00]
Initial loss: 11446.733682436963
Iteration 100: Loss = 10884.115840250755
Iteration 200: Loss = 10878.223899596562
Iteration 300: Loss = 10858.082958797053
Iteration 400: Loss = 10850.300961227173
Iteration 500: Loss = 10850.300961227173
Iteration 600: Loss = 10723.09662936844
Iteration 700: Loss = 10427.73326979839
Iteration 800: Loss = 8177.643553999421
Iteration 900: Loss = 8060.870985803743
Iteration 1000: Loss = 7997.450741386208
Best loss: 7997.450741386208 | Parameters: [1.92663712e+03 1.11489899e+00 2.28044641e+01]
Initial loss: 11446.733682436963
Iteration 100: Loss = 10884.282107563202
Iteration 200: Loss = 10869.509214869548
Iteration 300: Loss = 10816.274194762567
Iteration 400: Loss = 9908.956682248783
Iteration 500: Loss = 9313.736085011835
Iteration 600: Loss = 8286.296954592372
Iteration 700: Loss = 8193.844639956671
Iteration 800: Loss = 8070.386506662192
Iteration 900: Loss = 8022.634369151554
Iteration 1000: Loss = 7917.0848749533725
Best loss: 7917.0848749533725 | Parameters: [1.92412328e+03 1.17112659e+00 2.34987179e+01]
Initial loss: 11446.733682436963
Iteration 100: Loss = 10883.256498203596
Iteration 200: Loss = 10861.991752686321
Iteration 300: Loss = 10858.664635396723
Iteration 400: Loss = 10858.664635396723
Iteration 500: Loss = 10855.175399476448
Iteration 600: Loss = 10855.175399476448
Iteration 700: Loss = 10855.175399476448
Iteration 800: Loss = 10855.175399476448
Iteration 900: Loss = 10853.608165844003
Iteration 1000: Loss = 10853.608165844003
Best loss: 10853.608165844003 | Parameters: [1.92300519e+03 2.45038579e-01 4.61138781e+00]
Initial loss: 11446.733682436963
Iteration 100: Loss = 10843.009287874587
Iteration 200: Loss = 10821.922302949797
Iteration 300: Loss = 9920.139898050305
Iteration 400: Loss = 9249.145521634284
Iteration 500: Loss = 8192.424219179553
Iteration 600: Loss = 8191.14209611299
Iteration 700: Loss = 8067.396660402441
Iteration 800: Loss = 7954.856351815833
Iteration 900: Loss = 7813.158162757962
Iteration 1000: Loss = 7790.187592150123
Best loss: 7790.187592150123 | Parameters: [1.92266841e+03 1.38804177e+00 2.66262135e+01]
Initial loss: 11446.733682436963
Iteration 100: Loss = 10875.225394202487
Iteration 200: Loss = 10875.225394202487
Iteration 300: Loss = 10875.225394202487
Iteration 400: Loss = 10875.225394202487
Iteration 500: Loss = 10858.488439224475
Iteration 600: Loss = 10858.488439224475
Iteration 700: Loss = 10858.488439224475
Iteration 800: Loss = 10858.488439224475
Iteration 900: Loss = 10858.488439224475
Iteration 1000: Loss = 10858.488439224475
Best loss: 10858.488439224475 | Parameters: [ 1.92343083e+03 -2.16191629e-01  4.16066589e+00]
Initial loss: 11446.733682436963
Iteration 100: Loss = 10874.238551397066
Iteration 200: Loss = 10874.238551397066
Iteration 300: Loss = 10874.238551397066
Iteration 400: Loss = 10874.238551397066
Iteration 500: Loss = 10874.238551397066
Iteration 600: Loss = 10874.238551397066
Iteration 700: Loss = 10874.238551397066
Iteration 800: Loss = 10874.238551397066
Iteration 900: Loss = 10856.865533665314
Iteration 1000: Loss = 10852.908941927564
Best loss: 10852.908941927564 | Parameters: [1.92077787e+03 4.28573408e-01 6.79202456e+00]
Initial loss: 11446.733682436963
Iteration 100: Loss = 10877.686504693269
Iteration 200: Loss = 10866.115252365882
Iteration 300: Loss = 10866.115252365882
Iteration 400: Loss = 10866.115252365882
Iteration 500: Loss = 10866.115252365882
Iteration 600: Loss = 10856.571418465017
Iteration 700: Loss = 10853.24851914291
Iteration 800: Loss = 10852.76499224433
Iteration 900: Loss = 10852.76499224433
Iteration 1000: Loss = 10852.76499224433
Best loss: 10852.76499224433 | Parameters: [1.92294560e+03 2.70394838e-01 4.85903540e+00]
Initial loss: 11446.733682436963
Iteration 100: Loss = 10856.961881469848
Iteration 200: Loss = 10856.961881469848
Iteration 300: Loss = 10856.225204563714
Iteration 400: Loss = 10851.724406805028
Iteration 500: Loss = 10851.724406805028
Iteration 600: Loss = 10785.530764834799
Iteration 700: Loss = 9891.168230193927
Iteration 800: Loss = 8625.942087315521
Iteration 900: Loss = 8082.185678021262
Iteration 1000: Loss = 7877.900335573283
Best loss: 7877.900335573283 | Parameters: [1.92470139e+03 1.27311794e+00 2.49344744e+01]
Initial loss: 11446.733682436963
Iteration 100: Loss = 10850.668086990674
Iteration 200: Loss = 10309.932583461657
Iteration 300: Loss = 10062.282563875115
Iteration 400: Loss = 8587.950821455805
Iteration 500: Loss = 7990.116595021172
Iteration 600: Loss = 7726.168975605514
Iteration 700: Loss = 7726.028772694062
Iteration 800: Loss = 7672.413532903306
Iteration 900: Loss = 7672.413532903306
Iteration 1000: Loss = 7643.385408534753
Best loss: 7643.385408534753 | Parameters: [1.91802174e+03 1.58796905e+00 2.96573210e+01]
Initial loss: 11446.733682436963
Iteration 100: Loss = 10853.64412031815
Iteration 200: Loss = 10853.64412031815
Iteration 300: Loss = 10232.56057364535
Iteration 400: Loss = 8693.462510355846
Iteration 500: Loss = 8108.920574908807
Iteration 600: Loss = 8039.181598249628
Iteration 700: Loss = 7925.925346928365
Iteration 800: Loss = 7908.722518047638
Iteration 900: Loss = 7856.214950817543
Iteration 1000: Loss = 7778.042618301934
Best loss: 7778.042618301934 | Parameters: [1.91983406e+03 1.36366526e+00 2.60048059e+01]
Initial loss: 11446.733682436963
Iteration 100: Loss = 11084.315727884245
Iteration 200: Loss = 10924.008316479136
Iteration 300: Loss = 10902.725856643481
Iteration 400: Loss = 10902.725856643481
Iteration 500: Loss = 10794.876991540337
Iteration 600: Loss = 9833.10700145265
Iteration 700: Loss = 8189.929932080649
Iteration 800: Loss = 7858.582157895909
Iteration 900: Loss = 7792.848888747075
Iteration 1000: Loss = 7741.602530878883
Best loss: 7741.602530878883 | Parameters: [ 1.92151208e+03 -1.51782517e+00  2.88958954e+01]
Initial loss: 11442.325767290746
Iteration 100: Loss = 11105.715815811183
Iteration 200: Loss = 10963.62915725397
Iteration 300: Loss = 10913.601729770244
Iteration 400: Loss = 10894.768390755904
Iteration 500: Loss = 10886.504707109796
Iteration 600: Loss = 10880.34834441874
Iteration 700: Loss = 10875.596172131687
Iteration 800: Loss = 10867.87219299891
Iteration 900: Loss = 10865.225310562948
Iteration 1000: Loss = 10864.008345620397
Best loss: 10864.008345620397 | Parameters: [1.92383537e+03 2.02418969e-01 3.96021371e+00]
Initial loss: 11442.325767290746
Iteration 100: Loss = 10984.970890465023
Iteration 200: Loss = 10908.710855493031
Iteration 300: Loss = 10855.553541361875
Iteration 400: Loss = 10855.384710782022
Iteration 500: Loss = 10855.384710782022
Iteration 600: Loss = 10854.134541435307
Iteration 700: Loss = 10853.244179181009
Iteration 800: Loss = 10851.470741164267
Iteration 900: Loss = 10851.470741164267
Iteration 1000: Loss = 10851.470741164267
Best loss: 10851.470741164267 | Parameters: [1.92296315e+03 2.64538980e-01 4.87193850e+00]
Initial loss: 11442.325767290746
Iteration 100: Loss = 10993.396736154982
Iteration 200: Loss = 10884.032854416873
Iteration 300: Loss = 10884.032854416873
Iteration 400: Loss = 10884.032854416873
Iteration 500: Loss = 10884.032854416873
Iteration 600: Loss = 10870.139286676513
Iteration 700: Loss = 10870.139286676513
Iteration 800: Loss = 10870.139286676513
Iteration 900: Loss = 10870.139286676513
Iteration 1000: Loss = 10868.726763802828
Best loss: 10868.726763802828 | Parameters: [ 1.92385071e+03 -1.92157627e-01  3.74151517e+00]
Initial loss: 11442.325767290746
Iteration 100: Loss = 10946.945873866025
Iteration 200: Loss = 10873.41759250143
Iteration 300: Loss = 10858.559651138501
Iteration 400: Loss = 10853.63401895539
Iteration 500: Loss = 10853.63401895539
Iteration 600: Loss = 10853.63401895539
Iteration 700: Loss = 10850.865071230735
Iteration 800: Loss = 10850.865071230735
Iteration 900: Loss = 10850.865071230735
Iteration 1000: Loss = 10850.227476589296
Best loss: 10850.227476589296 | Parameters: [ 1.92268136e+03 -2.88944163e-01  5.21887260e+00]
Initial loss: 11442.325767290746
Iteration 100: Loss = 10880.927991298513
Iteration 200: Loss = 10855.432907598753
Iteration 300: Loss = 10855.432907598753
Iteration 400: Loss = 10855.432907598753
Iteration 500: Loss = 10855.432907598753
Iteration 600: Loss = 10855.432907598753
Iteration 700: Loss = 10853.559126320675
Iteration 800: Loss = 10851.920293383653
Iteration 900: Loss = 10850.118211499175
Iteration 1000: Loss = 10848.946837498472
Best loss: 10848.946837498472 | Parameters: [1.92239645e+03 3.14623345e-01 5.54072131e+00]
Initial loss: 11442.325767290746
Iteration 100: Loss = 10881.136650670402
Iteration 200: Loss = 10881.136650670402
Iteration 300: Loss = 10875.618799164838
Iteration 400: Loss = 10854.251669947605
Iteration 500: Loss = 10854.251669947605
Iteration 600: Loss = 10852.554832264617
Iteration 700: Loss = 10852.059731126983
Iteration 800: Loss = 10852.059731126983
Iteration 900: Loss = 10851.15706124618
Iteration 1000: Loss = 10851.106511694905
Best loss: 10851.106511694905 | Parameters: [1.92280679e+03 2.74306149e-01 4.97253973e+00]
Initial loss: 11442.325767290746
Iteration 100: Loss = 10882.046527810613
Iteration 200: Loss = 10881.403910860357
Iteration 300: Loss = 10881.2781868057
Iteration 400: Loss = 10881.2781868057
Iteration 500: Loss = 10881.2781868057
Iteration 600: Loss = 10862.94106701173
Iteration 700: Loss = 10862.94106701173
Iteration 800: Loss = 10858.699596883454
Iteration 900: Loss = 10856.587261466251
Iteration 1000: Loss = 10856.587261466251
Best loss: 10856.587261466251 | Parameters: [ 1.92341777e+03 -2.27220400e-01  4.38500060e+00]
Initial loss: 11442.325767290746
Iteration 100: Loss = 10879.895377821
Iteration 200: Loss = 10865.99852558122
Iteration 300: Loss = 10863.824964016801
Iteration 400: Loss = 10860.378016100825
Iteration 500: Loss = 10860.378016100825
Iteration 600: Loss = 10857.828177456076
Iteration 700: Loss = 10854.447835400906
Iteration 800: Loss = 10854.447835400906
Iteration 900: Loss = 10847.873728229904
Iteration 1000: Loss = 10845.675713508886
Best loss: 10845.675713508886 | Parameters: [ 1.92214689e+03 -3.38225556e-01  5.89714772e+00]
Initial loss: 11442.325767290746
Iteration 100: Loss = 10918.253045957934
Iteration 200: Loss = 10918.253045957934
Iteration 300: Loss = 10871.40322872548
Iteration 400: Loss = 10858.454830229639
Iteration 500: Loss = 10858.454830229639
Iteration 600: Loss = 10858.454830229639
Iteration 700: Loss = 10854.532961323788
Iteration 800: Loss = 10854.532961323788
Iteration 900: Loss = 10846.469427005182
Iteration 1000: Loss = 10846.469427005182
Best loss: 10846.469427005182 | Parameters: [ 1.92225613e+03 -3.33511721e-01  5.93818668e+00]
Initial loss: 11442.325767290746
Iteration 100: Loss = 10855.961686164212
Iteration 200: Loss = 10854.773044390306
Iteration 300: Loss = 10852.3429778204
Iteration 400: Loss = 10852.3429778204
Iteration 500: Loss = 10852.3429778204
Iteration 600: Loss = 10852.3429778204
Iteration 700: Loss = 10852.3429778204
Iteration 800: Loss = 10849.978790332962
Iteration 900: Loss = 10849.978790332962
Iteration 1000: Loss = 10849.978790332962
Best loss: 10849.978790332962 | Parameters: [1.92254834e+03 3.03481657e-01 5.37785660e+00]
Initial loss: 11442.325767290746
Iteration 100: Loss = 10854.182357248454
Iteration 200: Loss = 10847.979474469486
Iteration 300: Loss = 10844.383742919943
Iteration 400: Loss = 10844.383742919943
Iteration 500: Loss = 10844.383742919943
Iteration 600: Loss = 10844.383742919943
Iteration 700: Loss = 10769.529419811051
Iteration 800: Loss = 10568.27394092908
Iteration 900: Loss = 10294.508348976216
Iteration 1000: Loss = 9182.59786098982
Best loss: 9182.59786098982 | Parameters: [1.92162240e+03 9.48590709e-01 1.65896561e+01]
Initial loss: 11442.325767290746
Iteration 100: Loss = 10877.772441993395
Iteration 200: Loss = 10850.775377318343
Iteration 300: Loss = 10850.775377318343
Iteration 400: Loss = 10850.775377318343
Iteration 500: Loss = 10850.775377318343
Iteration 600: Loss = 10850.775377318343
Iteration 700: Loss = 10850.775377318343
Iteration 800: Loss = 10850.775377318343
Iteration 900: Loss = 10850.775377318343
Iteration 1000: Loss = 10850.775377318343
Best loss: 10850.775377318343 | Parameters: [1.92248678e+03 2.93663136e-01 5.24651611e+00]
Initial loss: 11442.325767290746
Iteration 100: Loss = 10862.295297000392
Iteration 200: Loss = 10859.059067560782
Iteration 300: Loss = 10855.146329974632
Iteration 400: Loss = 10855.146329974632
Iteration 500: Loss = 10855.146329974632
Iteration 600: Loss = 10855.146329974632
Iteration 700: Loss = 10850.151612905576
Iteration 800: Loss = 10786.113531128722
Iteration 900: Loss = 10413.880850132487
Iteration 1000: Loss = 9424.410700941025
Best loss: 9424.410700941025 | Parameters: [ 1.92543846e+03 -7.71108035e-01  1.39539606e+01]
Initial loss: 11442.325767290746
Iteration 100: Loss = 10865.413408370428
Iteration 200: Loss = 10853.377079675181
Iteration 300: Loss = 10851.112887780117
Iteration 400: Loss = 10850.63559460072
Iteration 500: Loss = 10817.988034036789
Iteration 600: Loss = 10423.63940825938
Iteration 700: Loss = 9563.099426069415
Iteration 800: Loss = 8632.28812783125
Iteration 900: Loss = 8153.414883435322
Iteration 1000: Loss = 8153.414883435322
Best loss: 8153.414883435322 | Parameters: [1.92715316e+03 1.02763226e+00 1.98649724e+01]
Initial loss: 11442.325767290746
Iteration 100: Loss = 10886.728271109208
Iteration 200: Loss = 10855.739141938158
Iteration 300: Loss = 10855.739141938158
Iteration 400: Loss = 10853.423629453797
Iteration 500: Loss = 10853.423629453797
Iteration 600: Loss = 10852.202050627568
Iteration 700: Loss = 10852.202050627568
Iteration 800: Loss = 10852.202050627568
Iteration 900: Loss = 10852.202050627568
Iteration 1000: Loss = 10848.536014727511
Best loss: 10848.536014727511 | Parameters: [ 1.92238293e+03 -3.18006957e-01  5.71222396e+00]
Initial loss: 11442.325767290746
Iteration 100: Loss = 11000.794212708814
Iteration 200: Loss = 10961.231893946384
Iteration 300: Loss = 10887.224794818874
Iteration 400: Loss = 10863.440283355478
Iteration 500: Loss = 10862.46260407137
Iteration 600: Loss = 10858.796786146533
Iteration 700: Loss = 10858.796786146533
Iteration 800: Loss = 10856.483065089617
Iteration 900: Loss = 10856.483065089617
Iteration 1000: Loss = 10856.483065089617
Best loss: 10856.483065089617 | Parameters: [ 1.92310332e+03 -2.40663677e-01  4.44344212e+00]
Initial loss: 11442.325767290746
Iteration 100: Loss = 10858.579063234149
Iteration 200: Loss = 10858.579063234149
Iteration 300: Loss = 10858.346075997362
Iteration 400: Loss = 10858.346075997362
Iteration 500: Loss = 10858.346075997362
Iteration 600: Loss = 10853.420778146547
Iteration 700: Loss = 10853.420778146547
Iteration 800: Loss = 10853.420778146547
Iteration 900: Loss = 10831.655777867974
Iteration 1000: Loss = 10738.891227083488
Best loss: 10738.891227083488 | Parameters: [ 1.92207635e+03 -4.73546528e-01  8.21771086e+00]
Initial loss: 11442.325767290746
Iteration 100: Loss = 10867.651322460808
Iteration 200: Loss = 10867.651322460808
Iteration 300: Loss = 10854.92680910575
Iteration 400: Loss = 10852.075690631342
Iteration 500: Loss = 10852.075690631342
Iteration 600: Loss = 10852.075690631342
Iteration 700: Loss = 10850.957380848778
Iteration 800: Loss = 10850.517287659735
Iteration 900: Loss = 10850.517287659735
Iteration 1000: Loss = 10850.517287659735
Best loss: 10850.517287659735 | Parameters: [ 1.92273528e+03 -2.84929946e-01  5.14913028e+00]
Initial loss: 11442.325767290746
Iteration 100: Loss = 10860.986694814641
Iteration 200: Loss = 10860.986694814641
Iteration 300: Loss = 10850.842012729203
Iteration 400: Loss = 10788.952744380635
Iteration 500: Loss = 10194.278364481082
Iteration 600: Loss = 8332.637264718154
Iteration 700: Loss = 7904.340019347081
Iteration 800: Loss = 7859.065935802151
Iteration 900: Loss = 7788.618658906071
Iteration 1000: Loss = 7753.418725980769
Best loss: 7753.418725980769 | Parameters: [1.92166695e+03 1.44348229e+00 2.73776037e+01]
Initial loss: 11442.325767290746
Iteration 100: Loss = 10863.633449000752
Iteration 200: Loss = 10851.228172035313
Iteration 300: Loss = 10805.959058993652
Iteration 400: Loss = 10635.0128949911
Iteration 500: Loss = 10336.349318563169
Iteration 600: Loss = 9667.240513274777
Iteration 700: Loss = 8182.279404829722
Iteration 800: Loss = 8103.6867462355785
Iteration 900: Loss = 8061.804548214576
Iteration 1000: Loss = 8061.174460930842
Best loss: 8061.174460930842 | Parameters: [ 1.92788530e+03 -1.08459567e+00  2.10732820e+01]
Initial loss: 11442.325767290746
Iteration 100: Loss = 10862.438391586797
Iteration 200: Loss = 10849.8694438636
Iteration 300: Loss = 10844.906964411304
Iteration 400: Loss = 10836.60797692163
Iteration 500: Loss = 10771.230147307011
Iteration 600: Loss = 9879.925784397035
Iteration 700: Loss = 9074.454425146558
Iteration 800: Loss = 8110.877709187184
Iteration 900: Loss = 7949.143644334606
Iteration 1000: Loss = 7870.042666495224
Best loss: 7870.042666495224 | Parameters: [ 1.92223534e+03 -1.23195777e+00  2.41309255e+01]
Initial loss: 11442.325767290746
Iteration 100: Loss = 10930.912192965325
Iteration 200: Loss = 10873.280848090628
Iteration 300: Loss = 10864.832477707843
Iteration 400: Loss = 10858.346106031599
Iteration 500: Loss = 10848.785173545954
Iteration 600: Loss = 10697.657364977973
Iteration 700: Loss = 10246.380590166262
Iteration 800: Loss = 9057.172933416256
Iteration 900: Loss = 8077.542634705287
Iteration 1000: Loss = 7860.68106080226
Best loss: 7860.68106080226 | Parameters: [1.92230487e+03 1.24849380e+00 2.42645122e+01]
Initial loss: 11442.325767290746
Iteration 100: Loss = 10851.791675618533
Iteration 200: Loss = 10851.791675618533
Iteration 300: Loss = 10850.010032101462
Iteration 400: Loss = 10775.51313260114
Iteration 500: Loss = 10259.075598098792
Iteration 600: Loss = 9647.61531343358
Iteration 700: Loss = 8499.283173426022
Iteration 800: Loss = 8190.150426516173
Iteration 900: Loss = 7969.007716419315
Iteration 1000: Loss = 7937.831950903421
Best loss: 7937.831950903421 | Parameters: [ 1.92488644e+03 -1.16102309e+00  2.30126933e+01]
Initial loss: 11442.325767290746
Iteration 100: Loss = 10887.158685590335
Iteration 200: Loss = 10887.158685590335
Iteration 300: Loss = 10869.219466778197
Iteration 400: Loss = 10853.84369616333
Iteration 500: Loss = 10853.84369616333
Iteration 600: Loss = 10853.84369616333
Iteration 700: Loss = 10479.832138911199
Iteration 800: Loss = 9386.11109815955
Iteration 900: Loss = 8453.219662345444
Iteration 1000: Loss = 8361.31102208714
Best loss: 8361.31102208714 | Parameters: [ 1.93209931e+03 -8.55797828e-01  1.71718094e+01]
Initial loss: 11442.325767290746
Iteration 100: Loss = 10848.12406973025
Iteration 200: Loss = 10848.12406973025
Iteration 300: Loss = 10848.108528332923
Iteration 400: Loss = 10702.216073648802
Iteration 500: Loss = 9957.592240365842
Iteration 600: Loss = 8183.855462999328
Iteration 700: Loss = 8080.11238213778
Iteration 800: Loss = 8038.733363606027
Iteration 900: Loss = 8018.338422898128
Iteration 1000: Loss = 7889.63147752443
Best loss: 7889.63147752443 | Parameters: [1.92496505e+03 1.32679772e+00 2.52623665e+01]
Initial loss: 11442.325767290746
Iteration 100: Loss = 10846.204330253982
Iteration 200: Loss = 10421.042648596951
Iteration 300: Loss = 9321.107250861345
Iteration 400: Loss = 8509.495702119133
Iteration 500: Loss = 8020.180769566435
Iteration 600: Loss = 7965.065999681026
Iteration 700: Loss = 7965.065999681026
Iteration 800: Loss = 7953.940187180668
Iteration 900: Loss = 7859.154404509161
Iteration 1000: Loss = 7799.090879346923
Best loss: 7799.090879346923 | Parameters: [ 1.92293053e+03 -1.39692536e+00  2.67091746e+01]
Initial loss: 11442.325767290746
Iteration 100: Loss = 10892.11498217097
Iteration 200: Loss = 10867.198359364038
Iteration 300: Loss = 10864.967079794767
Iteration 400: Loss = 10856.072875283786
Iteration 500: Loss = 10856.072875283786
Iteration 600: Loss = 10856.072875283786
Iteration 700: Loss = 10856.072875283786
Iteration 800: Loss = 10856.072875283786
Iteration 900: Loss = 10856.072875283786
Iteration 1000: Loss = 10856.072875283786
Best loss: 10856.072875283786 | Parameters: [ 1.92325080e+03 -2.29095992e-01  4.33348503e+00]
Initial loss: 11442.325767290746
Iteration 100: Loss = 10901.683732172376
Iteration 200: Loss = 10891.771051044825
Iteration 300: Loss = 10872.641360005331
Iteration 400: Loss = 10861.233606313144
Iteration 500: Loss = 10861.233606313144
Iteration 600: Loss = 10861.233606313144
Iteration 700: Loss = 10860.271447668567
Iteration 800: Loss = 10860.271447668567
Iteration 900: Loss = 10857.426259157179
Iteration 1000: Loss = 10849.11174611782
Best loss: 10849.11174611782 | Parameters: [1.92212155e+03 3.35671566e-01 6.14061766e+00]
Initial loss: 11442.325767290746
Iteration 100: Loss = 10893.105845620268
Iteration 200: Loss = 10868.69664740319
Iteration 300: Loss = 10853.823536531043
Iteration 400: Loss = 10853.823536531043
Iteration 500: Loss = 10853.823536531043
Iteration 600: Loss = 10853.823536531043
Iteration 700: Loss = 10852.998571549375
Iteration 800: Loss = 10852.998571549375
Iteration 900: Loss = 10852.998571549375
Iteration 1000: Loss = 10852.998571549375
Best loss: 10852.998571549375 | Parameters: [1.92307030e+03 2.66406619e-01 4.86042499e+00]
Initial loss: 11442.325767290746
Iteration 100: Loss = 10861.058753543468
Iteration 200: Loss = 10861.058753543468
Iteration 300: Loss = 10852.56913084439
Iteration 400: Loss = 10851.118316509048
Iteration 500: Loss = 10851.118316509048
Iteration 600: Loss = 10851.118316509048
Iteration 700: Loss = 10851.118316509048
Iteration 800: Loss = 10851.118316509048
Iteration 900: Loss = 10851.118316509048
Iteration 1000: Loss = 10851.118316509048
Best loss: 10851.118316509048 | Parameters: [1.92245959e+03 3.24533989e-01 5.59853847e+00]
Initial loss: 11435.771661754834
Iteration 100: Loss = 11028.14007299752
Iteration 200: Loss = 10958.515357368551
Iteration 300: Loss = 10923.80319767521
Iteration 400: Loss = 10895.165507014517
Iteration 500: Loss = 10886.751768867862
Iteration 600: Loss = 10882.471086496203
Iteration 700: Loss = 10877.686384174334
Iteration 800: Loss = 10867.692048892099
Iteration 900: Loss = 10862.541764579422
Iteration 1000: Loss = 10861.67268305932
Best loss: 10861.67268305932 | Parameters: [1.92374073e+03 2.09581099e-01 4.08068799e+00]
Initial loss: 11435.771661754834
Iteration 100: Loss = 10908.027386967415
Iteration 200: Loss = 10864.278949867667
Iteration 300: Loss = 10864.128167698327
Iteration 400: Loss = 10857.001194323326
Iteration 500: Loss = 10856.946321827489
Iteration 600: Loss = 10856.946321827489
Iteration 700: Loss = 10856.946321827489
Iteration 800: Loss = 10853.882254884458
Iteration 900: Loss = 10852.975043293362
Iteration 1000: Loss = 10852.975043293362
Best loss: 10852.975043293362 | Parameters: [1.92309133e+03 2.56814245e-01 4.80177875e+00]
Initial loss: 11435.771661754834
Iteration 100: Loss = 10889.824706171623
Iteration 200: Loss = 10866.350671076621
Iteration 300: Loss = 10861.493029089768
Iteration 400: Loss = 10861.493029089768
Iteration 500: Loss = 10861.493029089768
Iteration 600: Loss = 10857.79876843658
Iteration 700: Loss = 10857.79876843658
Iteration 800: Loss = 10857.194501474512
Iteration 900: Loss = 10857.194501474512
Iteration 1000: Loss = 10855.255826192928
Best loss: 10855.255826192928 | Parameters: [ 1.92336091e+03 -2.30120933e-01  4.33624206e+00]
Initial loss: 11435.771661754834
Iteration 100: Loss = 10890.924986788177
Iteration 200: Loss = 10858.917588815151
Iteration 300: Loss = 10851.795341013198
Iteration 400: Loss = 10850.943251082948
Iteration 500: Loss = 10850.943251082948
Iteration 600: Loss = 10850.943251082948
Iteration 700: Loss = 10849.274292203849
Iteration 800: Loss = 10849.274292203849
Iteration 900: Loss = 10849.274292203849
Iteration 1000: Loss = 10849.274292203849
Best loss: 10849.274292203849 | Parameters: [1.92248969e+03 3.14268960e-01 5.57313510e+00]
