Initial loss: 12021.305601894957
Iteration 100: Loss = 10012.859966411921
Iteration 200: Loss = 8770.386820138368
Iteration 300: Loss = 8359.804803413299
Iteration 400: Loss = 8165.202123458608
Iteration 500: Loss = 8034.41611019373
Iteration 600: Loss = 8001.3932752553255
Iteration 700: Loss = 7923.347425334154
Iteration 800: Loss = 7858.075061024232
Iteration 900: Loss = 7790.1258320624565
Iteration 1000: Loss = 7771.872976202899
Best loss: 7771.872976202899 | Parameters: [ 1.92208834e+03 -1.39490577e+00  2.67220985e+01]
Initial loss: 12021.305601894957
Iteration 100: Loss = 9313.10481639259
Iteration 200: Loss = 8759.4856565403
Iteration 300: Loss = 7929.001928499993
Iteration 400: Loss = 7871.454226408951
Iteration 500: Loss = 7855.374500771701
Iteration 600: Loss = 7804.795246715465
Iteration 700: Loss = 7781.271697849277
Iteration 800: Loss = 7770.536880200034
Iteration 900: Loss = 7723.65210327545
Iteration 1000: Loss = 7706.048338410778
Best loss: 7706.048338410778 | Parameters: [ 1.92022789e+03 -1.46663242e+00  2.86299905e+01]
Initial loss: 12021.305601894957
Iteration 100: Loss = 9622.145578935022
Iteration 200: Loss = 8750.682155769382
Iteration 300: Loss = 8017.654457670395
Iteration 400: Loss = 7931.766159855065
Iteration 500: Loss = 7879.575846342117
Iteration 600: Loss = 7836.832572846144
Iteration 700: Loss = 7798.090360481679
Iteration 800: Loss = 7723.256199525388
Iteration 900: Loss = 7661.267469307629
Iteration 1000: Loss = 7624.138705718141
Best loss: 7624.138705718141 | Parameters: [ 1.91737054e+03 -1.64058347e+00  3.03532566e+01]
Initial loss: 12021.305601894957
Iteration 100: Loss = 9641.039841522565
Iteration 200: Loss = 9003.58983553204
Iteration 300: Loss = 8421.999378868866
Iteration 400: Loss = 8013.886097621383
Iteration 500: Loss = 7976.425016869259
Iteration 600: Loss = 7834.733282359748
Iteration 700: Loss = 7798.167950607436
Iteration 800: Loss = 7790.410882291081
Iteration 900: Loss = 7770.234829903005
Iteration 1000: Loss = 7737.222927831915
Best loss: 7737.222927831915 | Parameters: [1.92123401e+03 1.49882066e+00 2.81412379e+01]
Initial loss: 12021.305601894957
Iteration 100: Loss = 9688.84285390501
Iteration 200: Loss = 8664.735247568058
Iteration 300: Loss = 8122.799745884688
Iteration 400: Loss = 8020.534623693015
Iteration 500: Loss = 7991.759647634744
Iteration 600: Loss = 7959.751323549529
Iteration 700: Loss = 7917.780205859949
Iteration 800: Loss = 7878.5381145873735
Iteration 900: Loss = 7744.691709216125
Iteration 1000: Loss = 7705.946764922725
Best loss: 7705.946764922725 | Parameters: [1.92041723e+03 1.50044969e+00 2.84655816e+01]
Initial loss: 12021.305601894957
Iteration 100: Loss = 9178.783113362304
Iteration 200: Loss = 8676.495619154593
Iteration 300: Loss = 8489.532587316564
Iteration 400: Loss = 8291.161548707043
Iteration 500: Loss = 8182.0198980199675
Iteration 600: Loss = 8182.0198980199675
Iteration 700: Loss = 8157.275304530801
Iteration 800: Loss = 8118.412478586857
Iteration 900: Loss = 8042.262185392331
Iteration 1000: Loss = 7973.135153793035
Best loss: 7973.135153793035 | Parameters: [1.92599281e+03 1.12804245e+00 2.25238878e+01]
Initial loss: 12021.305601894957
Iteration 100: Loss = 9915.995752304565
Iteration 200: Loss = 9342.242586399207
Iteration 300: Loss = 8599.446283164638
Iteration 400: Loss = 8281.71368373851
Iteration 500: Loss = 7961.381042207
Iteration 600: Loss = 7829.269204018232
Iteration 700: Loss = 7783.008484114422
Iteration 800: Loss = 7750.631630371448
Iteration 900: Loss = 7602.636671174663
Iteration 1000: Loss = 7575.298371160384
Best loss: 7575.298371160384 | Parameters: [1.91583784e+03 1.65004391e+00 3.13425129e+01]
Initial loss: 12021.305601894957
Iteration 100: Loss = 9118.766966511685
Iteration 200: Loss = 8210.56990354847
Iteration 300: Loss = 8138.301173761449
Iteration 400: Loss = 8116.54993765766
Iteration 500: Loss = 8072.953092993686
Iteration 600: Loss = 8025.477879386325
Iteration 700: Loss = 7915.856774983774
Iteration 800: Loss = 7854.076340257037
Iteration 900: Loss = 7782.660948780925
Iteration 1000: Loss = 7695.313377869191
Best loss: 7695.313377869191 | Parameters: [ 1.92019353e+03 -1.59499115e+00  3.00500648e+01]
Initial loss: 12021.305601894957
Iteration 100: Loss = 10539.835365779049
Iteration 200: Loss = 9126.176762893483
Iteration 300: Loss = 8377.74482887525
Iteration 400: Loss = 8087.53769969865
Iteration 500: Loss = 7991.152428453356
Iteration 600: Loss = 7954.165474611835
Iteration 700: Loss = 7882.812431867057
Iteration 800: Loss = 7784.722542078937
Iteration 900: Loss = 7677.7768397079935
Iteration 1000: Loss = 7647.071772253486
Best loss: 7647.071772253486 | Parameters: [1.91871376e+03 1.58483684e+00 3.01797901e+01]
Initial loss: 12021.305601894957
Iteration 100: Loss = 9376.158634344796
Iteration 200: Loss = 8609.252505588893
Iteration 300: Loss = 7999.835005209293
Iteration 400: Loss = 7999.835005209293
Iteration 500: Loss = 7997.299603765349
Iteration 600: Loss = 7887.2360614392055
Iteration 700: Loss = 7859.728017380911
Iteration 800: Loss = 7819.507639718922
Iteration 900: Loss = 7777.109146652017
Iteration 1000: Loss = 7713.656248949468
Best loss: 7713.656248949468 | Parameters: [ 1.92061972e+03 -1.51789436e+00  2.85567729e+01]
Initial loss: 12357.457046186446
Iteration 100: Loss = 10266.925261408183
Iteration 200: Loss = 10059.949561043453
Iteration 300: Loss = 9758.94248822568
Iteration 400: Loss = 9465.625409814977
Iteration 500: Loss = 9172.303381682166
Iteration 600: Loss = 8884.922218464362
Iteration 700: Loss = 8632.769927326683
Iteration 800: Loss = 8474.091713494088
Iteration 900: Loss = 8344.673997759526
Iteration 1000: Loss = 8217.129433891601
Best loss: 8217.129433891601 | Parameters: [1.92755408e+03 9.46888944e-01 1.90539936e+01]
Initial loss: 12357.457046186446
Iteration 100: Loss = 10299.4762223505
Iteration 200: Loss = 10056.783352922466
Iteration 300: Loss = 9771.846618830734
Iteration 400: Loss = 9596.265907838217
Iteration 500: Loss = 9207.255757492248
Iteration 600: Loss = 8778.079620503086
Iteration 700: Loss = 8328.448542390877
Iteration 800: Loss = 8089.248099061115
Iteration 900: Loss = 7985.318063639805
Iteration 1000: Loss = 7941.210941326012
Best loss: 7941.210941326012 | Parameters: [1.92581098e+03 1.19871847e+00 2.32958194e+01]
Initial loss: 12357.457046186446
Iteration 100: Loss = 10059.19786776395
Iteration 200: Loss = 9576.693886330404
Iteration 300: Loss = 9246.618285379212
Iteration 400: Loss = 9025.896012687432
Iteration 500: Loss = 8361.498634956602
Iteration 600: Loss = 8195.373485917109
Iteration 700: Loss = 8033.442695329091
Iteration 800: Loss = 7959.286579526265
Iteration 900: Loss = 7937.16546539774
Iteration 1000: Loss = 7886.7681619266195
Best loss: 7886.7681619266195 | Parameters: [1.92425350e+03 1.22992221e+00 2.40090816e+01]
Initial loss: 12357.457046186446
Iteration 100: Loss = 9766.342410244082
Iteration 200: Loss = 9378.726136998044
Iteration 300: Loss = 8596.768972088137
Iteration 400: Loss = 8435.108756114656
Iteration 500: Loss = 8224.58920884113
Iteration 600: Loss = 8066.563763896825
Iteration 700: Loss = 8035.571026177536
Iteration 800: Loss = 7967.458225051783
Iteration 900: Loss = 7925.414191476345
Iteration 1000: Loss = 7900.071124959132
Best loss: 7900.071124959132 | Parameters: [1.92532095e+03 1.28401789e+00 2.49604936e+01]
Initial loss: 12357.457046186446
Iteration 100: Loss = 10203.312115721208
Iteration 200: Loss = 9896.609284607057
Iteration 300: Loss = 9425.62462302535
Iteration 400: Loss = 8588.520214504504
Iteration 500: Loss = 8330.038865137189
Iteration 600: Loss = 8190.823594313419
Iteration 700: Loss = 8177.282694779732
Iteration 800: Loss = 8149.00114605522
Iteration 900: Loss = 8132.296628314742
Iteration 1000: Loss = 8096.583085301826
Best loss: 8096.583085301826 | Parameters: [1.92889729e+03 1.03348304e+00 2.04943477e+01]
Initial loss: 12357.457046186446
Iteration 100: Loss = 10333.936517196653
Iteration 200: Loss = 10217.086459620314
Iteration 300: Loss = 9161.630727363221
Iteration 400: Loss = 8398.992016875909
Iteration 500: Loss = 8147.768867851335
Iteration 600: Loss = 8102.010388470074
Iteration 700: Loss = 8083.314266482746
Iteration 800: Loss = 8082.96561072698
Iteration 900: Loss = 8080.51814018667
Iteration 1000: Loss = 8073.4074504907085
Best loss: 8073.4074504907085 | Parameters: [1.92870413e+03 1.07589417e+00 2.10822251e+01]
Initial loss: 12357.457046186446
Iteration 100: Loss = 9392.011669611518
Iteration 200: Loss = 8841.792767673458
Iteration 300: Loss = 8412.098245306033
Iteration 400: Loss = 8133.293014380723
Iteration 500: Loss = 8051.851352502006
Iteration 600: Loss = 8034.270136664729
Iteration 700: Loss = 7966.2304981179095
Iteration 800: Loss = 7952.283214598905
Iteration 900: Loss = 7902.67210573725
Iteration 1000: Loss = 7863.264158304033
Best loss: 7863.264158304033 | Parameters: [1.92399204e+03 1.25940344e+00 2.46169559e+01]
Initial loss: 12357.457046186446
Iteration 100: Loss = 10119.092647595713
Iteration 200: Loss = 9854.424539353178
Iteration 300: Loss = 9778.055721961422
Iteration 400: Loss = 9365.836788013014
Iteration 500: Loss = 8740.106090061256
Iteration 600: Loss = 8188.1230544996815
Iteration 700: Loss = 8043.78626457915
Iteration 800: Loss = 8034.929807253096
Iteration 900: Loss = 7982.399007284176
Iteration 1000: Loss = 7968.869992704969
Best loss: 7968.869992704969 | Parameters: [1.92662880e+03 1.16260084e+00 2.30480240e+01]
Initial loss: 12357.457046186446
Iteration 100: Loss = 10010.283962904834
Iteration 200: Loss = 9454.243976571273
Iteration 300: Loss = 8918.279608299292
Iteration 400: Loss = 8465.611618023726
Iteration 500: Loss = 8373.34033988146
Iteration 600: Loss = 8035.985673459278
Iteration 700: Loss = 7977.50217663497
Iteration 800: Loss = 7916.600257179571
Iteration 900: Loss = 7867.502398466262
Iteration 1000: Loss = 7823.149474316651
Best loss: 7823.149474316651 | Parameters: [1.92303265e+03 1.35227879e+00 2.56021296e+01]
Initial loss: 12357.457046186446
Iteration 100: Loss = 10244.405121109216
Iteration 200: Loss = 8796.965869176427
Iteration 300: Loss = 8053.7951556926955
Iteration 400: Loss = 8047.743831198382
Iteration 500: Loss = 8022.85565425801
Iteration 600: Loss = 7994.61606269967
Iteration 700: Loss = 7946.789049895193
Iteration 800: Loss = 7902.230525787545
Iteration 900: Loss = 7847.1288967971095
Iteration 1000: Loss = 7783.354393709536
Best loss: 7783.354393709536 | Parameters: [1.92249744e+03 1.38213869e+00 2.67495387e+01]
Initial loss: 12357.457046186446
Iteration 100: Loss = 10152.053202852883
Iteration 200: Loss = 9131.871448909424
Iteration 300: Loss = 8405.83144863219
Iteration 400: Loss = 8143.3202004553095
Iteration 500: Loss = 8021.687961624894
Iteration 600: Loss = 7971.213245914661
Iteration 700: Loss = 7932.537256311355
Iteration 800: Loss = 7883.478900914229
Iteration 900: Loss = 7869.243260650276
Iteration 1000: Loss = 7869.243260650276
Best loss: 7869.243260650276 | Parameters: [ 1.92429883e+03 -1.26523915e+00  2.46713146e+01]
Initial loss: 12357.457046186446
Iteration 100: Loss = 9663.881875296129
Iteration 200: Loss = 8825.240356085353
Iteration 300: Loss = 8060.568156563711
Iteration 400: Loss = 7968.973594562034
Iteration 500: Loss = 7846.715224218394
Iteration 600: Loss = 7796.163139380349
Iteration 700: Loss = 7753.795242711883
Iteration 800: Loss = 7740.443628644361
Iteration 900: Loss = 7677.089002941257
Iteration 1000: Loss = 7677.089002941257
Best loss: 7677.089002941257 | Parameters: [1.91935780e+03 1.50983486e+00 2.88018169e+01]
Initial loss: 12357.457046186446
Iteration 100: Loss = 9389.314974033754
Iteration 200: Loss = 8815.279714152988
Iteration 300: Loss = 8226.419613939903
Iteration 400: Loss = 8059.671562237297
Iteration 500: Loss = 7973.399926519312
Iteration 600: Loss = 7785.176027196445
Iteration 700: Loss = 7785.176027196445
Iteration 800: Loss = 7750.268547625218
Iteration 900: Loss = 7737.888621367688
Iteration 1000: Loss = 7718.124615397718
Best loss: 7718.124615397718 | Parameters: [1.92082297e+03 1.50083658e+00 2.90834961e+01]
Initial loss: 12357.457046186446
Iteration 100: Loss = 9834.723504897549
Iteration 200: Loss = 9537.35956422942
Iteration 300: Loss = 8825.095681250476
Iteration 400: Loss = 8248.744479752393
Iteration 500: Loss = 8079.806889268663
Iteration 600: Loss = 7977.153186738017
Iteration 700: Loss = 7935.394847216007
Iteration 800: Loss = 7910.442495484196
Iteration 900: Loss = 7879.961346845866
Iteration 1000: Loss = 7879.961346845866
Best loss: 7879.961346845866 | Parameters: [ 1.92440539e+03 -1.24999556e+00  2.43309383e+01]
Initial loss: 12357.457046186446
Iteration 100: Loss = 9864.17919046338
Iteration 200: Loss = 9302.008576938668
Iteration 300: Loss = 8705.721241197398
Iteration 400: Loss = 8230.816547326109
Iteration 500: Loss = 7981.345347926022
Iteration 600: Loss = 7905.008399345623
Iteration 700: Loss = 7898.5799638468825
Iteration 800: Loss = 7842.198137535912
Iteration 900: Loss = 7763.909780637917
Iteration 1000: Loss = 7722.32929365551
Best loss: 7722.32929365551 | Parameters: [1.92017350e+03 1.41015083e+00 2.75954303e+01]
Initial loss: 12357.457046186446
Iteration 100: Loss = 9554.275616616113
Iteration 200: Loss = 8478.339349499369
Iteration 300: Loss = 8299.80260223246
Iteration 400: Loss = 8176.482855016747
Iteration 500: Loss = 8123.969013297768
Iteration 600: Loss = 8100.885552239332
Iteration 700: Loss = 8004.394296675474
Iteration 800: Loss = 7999.438373960433
Iteration 900: Loss = 7908.303173550653
Iteration 1000: Loss = 7888.394449939
Best loss: 7888.394449939 | Parameters: [1.92477991e+03 1.29227672e+00 2.46651328e+01]
Initial loss: 12357.457046186446
Iteration 100: Loss = 10325.800481651695
Iteration 200: Loss = 9216.421308854817
Iteration 300: Loss = 8365.740394936702
Iteration 400: Loss = 7962.958688621473
Iteration 500: Loss = 7922.906517988105
Iteration 600: Loss = 7890.888333146254
Iteration 700: Loss = 7866.663684830075
Iteration 800: Loss = 7753.218574274607
Iteration 900: Loss = 7738.015621329277
Iteration 1000: Loss = 7681.781138997586
Best loss: 7681.781138997586 | Parameters: [ 1.91880877e+03 -1.47001988e+00  2.83792156e+01]
Initial loss: 12357.457046186446
Iteration 100: Loss = 9646.790319478596
Iteration 200: Loss = 8577.430301861652
Iteration 300: Loss = 8197.9544308793
Iteration 400: Loss = 8054.9406690213045
Iteration 500: Loss = 8036.133180016196
Iteration 600: Loss = 7996.0187831315925
Iteration 700: Loss = 7956.009733912132
Iteration 800: Loss = 7930.302681756294
Iteration 900: Loss = 7853.243427551699
Iteration 1000: Loss = 7805.263633119141
Best loss: 7805.263633119141 | Parameters: [1.92208980e+03 1.33395217e+00 2.54756214e+01]
Initial loss: 12357.457046186446
Iteration 100: Loss = 9354.859618303022
Iteration 200: Loss = 8429.92339451047
Iteration 300: Loss = 8182.885675171446
Iteration 400: Loss = 8182.885675171446
Iteration 500: Loss = 8074.758993268406
Iteration 600: Loss = 7985.463384380132
Iteration 700: Loss = 7976.108903060075
Iteration 800: Loss = 7935.184581552607
Iteration 900: Loss = 7854.838002478256
Iteration 1000: Loss = 7804.293850632042
Best loss: 7804.293850632042 | Parameters: [1.92185279e+03 1.33207880e+00 2.54390676e+01]
Initial loss: 12357.457046186446
Iteration 100: Loss = 9364.096108888945
Iteration 200: Loss = 8325.894167440729
Iteration 300: Loss = 8077.535666974025
Iteration 400: Loss = 8001.53906259899
Iteration 500: Loss = 7810.432243099173
Iteration 600: Loss = 7718.074244047892
Iteration 700: Loss = 7631.915976448136
Iteration 800: Loss = 7579.771322225132
Iteration 900: Loss = 7554.368885387144
Iteration 1000: Loss = 7495.037856039176
Best loss: 7495.037856039176 | Parameters: [ 1.91348971e+03 -1.84666121e+00  3.37174256e+01]
Initial loss: 12357.457046186446
Iteration 100: Loss = 9759.240820016914
Iteration 200: Loss = 8413.247669970553
Iteration 300: Loss = 8129.279560464374
Iteration 400: Loss = 8011.108932093807
Iteration 500: Loss = 7912.5243491266465
Iteration 600: Loss = 7869.125084616799
Iteration 700: Loss = 7806.8593901807635
Iteration 800: Loss = 7742.032114654464
Iteration 900: Loss = 7702.210559464606
Iteration 1000: Loss = 7691.357147809745
Best loss: 7691.357147809745 | Parameters: [1.91972994e+03 1.48885284e+00 2.83723451e+01]
Initial loss: 12357.457046186446
Iteration 100: Loss = 8924.577406815682
Iteration 200: Loss = 8394.394033469292
Iteration 300: Loss = 7989.13268378864
Iteration 400: Loss = 7873.873930942514
Iteration 500: Loss = 7697.011497475357
Iteration 600: Loss = 7657.463061540449
Iteration 700: Loss = 7585.32048097193
Iteration 800: Loss = 7579.682225031032
Iteration 900: Loss = 7526.001903269341
Iteration 1000: Loss = 7458.070376608106
Best loss: 7458.070376608106 | Parameters: [ 1.91162387e+03 -1.83264925e+00  3.37437596e+01]
Initial loss: 12357.457046186446
Iteration 100: Loss = 9680.28402468206
Iteration 200: Loss = 8988.993183394545
Iteration 300: Loss = 8460.140593199589
Iteration 400: Loss = 8393.92399756093
Iteration 500: Loss = 8264.440123013159
Iteration 600: Loss = 8161.317043561034
Iteration 700: Loss = 7976.858520136787
Iteration 800: Loss = 7958.041012847263
Iteration 900: Loss = 7937.5703967487625
Iteration 1000: Loss = 7929.832416901722
Best loss: 7929.832416901722 | Parameters: [1.92560374e+03 1.19123248e+00 2.36758437e+01]
Initial loss: 12357.457046186446
Iteration 100: Loss = 9941.601115134215
Iteration 200: Loss = 8758.631021908695
Iteration 300: Loss = 8164.63228137467
Iteration 400: Loss = 8164.63228137467
Iteration 500: Loss = 7976.734294980428
Iteration 600: Loss = 7833.767989802958
Iteration 700: Loss = 7818.841048711611
Iteration 800: Loss = 7799.756691143702
Iteration 900: Loss = 7736.736049743505
Iteration 1000: Loss = 7705.460070761754
Best loss: 7705.460070761754 | Parameters: [ 1.92026637e+03 -1.48300058e+00  2.81908832e+01]
Initial loss: 12357.457046186446
Iteration 100: Loss = 10153.347779497606
Iteration 200: Loss = 9066.280790478924
Iteration 300: Loss = 8154.281970099982
Iteration 400: Loss = 8084.551389836486
Iteration 500: Loss = 8050.65885253074
Iteration 600: Loss = 8032.793588631068
Iteration 700: Loss = 8012.903640229301
Iteration 800: Loss = 7817.6914338770175
Iteration 900: Loss = 7755.111811306938
Iteration 1000: Loss = 7719.704569349244
Best loss: 7719.704569349244 | Parameters: [ 1.92095580e+03 -1.51322562e+00  2.88982763e+01]
Initial loss: 12357.457046186446
Iteration 100: Loss = 9412.622932971197
Iteration 200: Loss = 8404.794742035878
Iteration 300: Loss = 8123.913083885215
Iteration 400: Loss = 8047.765201392722
Iteration 500: Loss = 7937.502999819938
Iteration 600: Loss = 7859.708207102155
Iteration 700: Loss = 7747.323334025722
Iteration 800: Loss = 7672.473546936926
Iteration 900: Loss = 7589.3903318200155
Iteration 1000: Loss = 7588.6657182592335
Best loss: 7588.6657182592335 | Parameters: [ 1.91669910e+03 -1.69464163e+00  3.15931301e+01]
Initial loss: 12357.457046186446
Iteration 100: Loss = 9394.521296931007
Iteration 200: Loss = 8509.472433488421
Iteration 300: Loss = 8273.62461806687
Iteration 400: Loss = 8131.397745406181
Iteration 500: Loss = 7936.274697192554
Iteration 600: Loss = 7928.284480498941
Iteration 700: Loss = 7896.224320195191
Iteration 800: Loss = 7851.688337744981
Iteration 900: Loss = 7851.4712113616015
Iteration 1000: Loss = 7809.738003241898
Best loss: 7809.738003241898 | Parameters: [1.92202623e+03 1.29327925e+00 2.53528498e+01]
Initial loss: 12357.457046186446
Iteration 100: Loss = 9460.312967620108
Iteration 200: Loss = 8396.386093930447
Iteration 300: Loss = 8070.4336321196015
Iteration 400: Loss = 8056.413331042594
Iteration 500: Loss = 8001.840946005346
Iteration 600: Loss = 8001.840946005346
Iteration 700: Loss = 8001.840946005346
Iteration 800: Loss = 7948.461439526098
Iteration 900: Loss = 7948.461439526098
Iteration 1000: Loss = 7859.546388579899
Best loss: 7859.546388579899 | Parameters: [1.92412951e+03 1.27607686e+00 2.49422913e+01]
Initial loss: 12357.457046186446
Iteration 100: Loss = 8743.074209078148
Iteration 200: Loss = 8223.846275033
Iteration 300: Loss = 8196.845152922566
Iteration 400: Loss = 8167.3213144622405
Iteration 500: Loss = 8120.033272732148
Iteration 600: Loss = 8030.076172635928
Iteration 700: Loss = 7996.834636872633
Iteration 800: Loss = 7985.383016596959
Iteration 900: Loss = 7854.305163301159
Iteration 1000: Loss = 7775.223423221072
Best loss: 7775.223423221072 | Parameters: [ 1.92177673e+03 -1.35502506e+00  2.68663266e+01]
Initial loss: 12357.457046186446
Iteration 100: Loss = 8926.397363725071
Iteration 200: Loss = 8216.726103225334
Iteration 300: Loss = 8190.271961019403
Iteration 400: Loss = 8084.668984363899
Iteration 500: Loss = 8028.6781318512785
Iteration 600: Loss = 8003.312604897775
Iteration 700: Loss = 7925.236864565797
Iteration 800: Loss = 7901.250458841707
Iteration 900: Loss = 7874.394291918879
Iteration 1000: Loss = 7872.227232741626
Best loss: 7872.227232741626 | Parameters: [ 1.92405095e+03 -1.29001973e+00  2.45565961e+01]
Initial loss: 12767.921489764522
Iteration 100: Loss = 10308.332660789594
Iteration 200: Loss = 9939.492457612043
Iteration 300: Loss = 9664.93765787004
Iteration 400: Loss = 9327.004005967037
Iteration 500: Loss = 9043.121486491029
Iteration 600: Loss = 8606.155990356316
Iteration 700: Loss = 8434.811987498075
Iteration 800: Loss = 8293.435020165456
Iteration 900: Loss = 8134.82800812246
Iteration 1000: Loss = 8087.716341191534
Best loss: 8087.716341191534 | Parameters: [1.92679285e+03 1.05639042e+00 2.06049590e+01]
Initial loss: 12767.921489764522
Iteration 100: Loss = 10002.777213125933
Iteration 200: Loss = 9540.538504652095
Iteration 300: Loss = 9179.466806355995
Iteration 400: Loss = 8579.872042950508
Iteration 500: Loss = 8431.82484907538
Iteration 600: Loss = 8295.280960316608
Iteration 700: Loss = 8039.376753490775
Iteration 800: Loss = 7970.365806502711
Iteration 900: Loss = 7962.798125969834
Iteration 1000: Loss = 7951.858335875174
Best loss: 7951.858335875174 | Parameters: [1.92601020e+03 1.17610950e+00 2.30437972e+01]
Initial loss: 12767.921489764522
Iteration 100: Loss = 10263.625938850673
Iteration 200: Loss = 10020.612898522104
Iteration 300: Loss = 9606.786796352097
Iteration 400: Loss = 9254.714002950044
Iteration 500: Loss = 8925.38138935413
Iteration 600: Loss = 8282.705044131215
Iteration 700: Loss = 8107.603450992967
Iteration 800: Loss = 8054.560699153478
Iteration 900: Loss = 8026.916581397404
Iteration 1000: Loss = 8002.88708568931
Best loss: 8002.88708568931 | Parameters: [1.92752923e+03 1.14634423e+00 2.26248851e+01]
Initial loss: 12767.921489764522
Iteration 100: Loss = 9997.695396587545
Iteration 200: Loss = 9548.874203272086
Iteration 300: Loss = 9016.447357038416
Iteration 400: Loss = 8726.634060610295
Iteration 500: Loss = 8211.452280354135
Iteration 600: Loss = 8172.861449323051
Iteration 700: Loss = 8147.1973951683485
Iteration 800: Loss = 8102.698053438602
Iteration 900: Loss = 8070.22782594317
Iteration 1000: Loss = 7990.017612933785
Best loss: 7990.017612933785 | Parameters: [1.92735595e+03 1.18663096e+00 2.32993492e+01]
Initial loss: 12767.921489764522
Iteration 100: Loss = 9758.672200551671
Iteration 200: Loss = 9036.471516061318
Iteration 300: Loss = 8541.433369196284
Iteration 400: Loss = 8239.478909577345
Iteration 500: Loss = 8063.905996609625
Iteration 600: Loss = 8056.106909220639
Iteration 700: Loss = 8042.803455664666
Iteration 800: Loss = 8019.068609726692
Iteration 900: Loss = 7989.737644582468
Iteration 1000: Loss = 7925.480124791834
Best loss: 7925.480124791834 | Parameters: [1.92549291e+03 1.20930547e+00 2.42998383e+01]
Initial loss: 12767.921489764522
Iteration 100: Loss = 10145.486445491644
Iteration 200: Loss = 9273.520910225574
Iteration 300: Loss = 8823.555083226936
Iteration 400: Loss = 8308.31524351357
Iteration 500: Loss = 8039.707081836011
Iteration 600: Loss = 7978.685954176517
Iteration 700: Loss = 7942.488665407798
Iteration 800: Loss = 7924.050273377637
Iteration 900: Loss = 7904.0736311423425
Iteration 1000: Loss = 7876.5014705237945
Best loss: 7876.5014705237945 | Parameters: [1.92468192e+03 1.28848343e+00 2.49426841e+01]
Initial loss: 12767.921489764522
Iteration 100: Loss = 10218.08649904241
Iteration 200: Loss = 9465.94943681317
Iteration 300: Loss = 8565.945857958177
Iteration 400: Loss = 8280.727207579197
Iteration 500: Loss = 8031.190148783177
Iteration 600: Loss = 7962.544537697746
Iteration 700: Loss = 7952.68592266
Iteration 800: Loss = 7885.184473261702
Iteration 900: Loss = 7847.468180146135
Iteration 1000: Loss = 7800.907556882835
Best loss: 7800.907556882835 | Parameters: [1.92287376e+03 1.37642695e+00 2.63281665e+01]
Initial loss: 12767.921489764522
Iteration 100: Loss = 9728.900793481314
Iteration 200: Loss = 9650.23515656764
Iteration 300: Loss = 8916.783508558476
Iteration 400: Loss = 8288.423824661511
Iteration 500: Loss = 8201.786625448962
Iteration 600: Loss = 8095.047283195844
Iteration 700: Loss = 8035.3537006299375
Iteration 800: Loss = 7991.970602634043
Iteration 900: Loss = 7943.475182337241
Iteration 1000: Loss = 7932.767957347113
Best loss: 7932.767957347113 | Parameters: [1.9260116e+03 1.2276924e+00 2.4130208e+01]
Initial loss: 12767.921489764522
Iteration 100: Loss = 9860.33296285036
Iteration 200: Loss = 9383.088818462493
Iteration 300: Loss = 9124.63026235766
Iteration 400: Loss = 8358.648787213933
Iteration 500: Loss = 8040.660309702638
Iteration 600: Loss = 7980.9699228712225
Iteration 700: Loss = 7942.437648778796
Iteration 800: Loss = 7899.394144310085
Iteration 900: Loss = 7870.248601004963
Iteration 1000: Loss = 7841.5425350137275
Best loss: 7841.5425350137275 | Parameters: [1.92329000e+03 1.26693053e+00 2.51567574e+01]
Initial loss: 12767.921489764522
Iteration 100: Loss = 10250.748413805597
Iteration 200: Loss = 9430.201005917676
Iteration 300: Loss = 8609.91201996801
Iteration 400: Loss = 8335.29395657618
Iteration 500: Loss = 8176.97727119331
Iteration 600: Loss = 8076.880793124094
Iteration 700: Loss = 8029.040458230607
Iteration 800: Loss = 7935.752480113011
Iteration 900: Loss = 7890.556703165163
Iteration 1000: Loss = 7846.545751624187
Best loss: 7846.545751624187 | Parameters: [1.92396695e+03 1.30884668e+00 2.54059251e+01]
Initial loss: 12767.921489764522
Iteration 100: Loss = 10122.307278277267
Iteration 200: Loss = 9416.636143195332
Iteration 300: Loss = 9034.922247176964
Iteration 400: Loss = 8413.35359996756
Iteration 500: Loss = 7984.1675956616
Iteration 600: Loss = 7857.7494654585535
Iteration 700: Loss = 7857.7494654585535
Iteration 800: Loss = 7850.165810411333
Iteration 900: Loss = 7779.896745531274
Iteration 1000: Loss = 7696.9909961467
Best loss: 7696.9909961467 | Parameters: [1.91995861e+03 1.48254553e+00 2.89374628e+01]
Initial loss: 12767.921489764522
Iteration 100: Loss = 9710.18256326811
Iteration 200: Loss = 9154.557190227917
Iteration 300: Loss = 8739.971894470289
Iteration 400: Loss = 8439.617957882274
Iteration 500: Loss = 8216.4857662768
Iteration 600: Loss = 8134.287870434106
Iteration 700: Loss = 8082.600897715825
Iteration 800: Loss = 8013.664221892538
Iteration 900: Loss = 7963.3887646829235
Iteration 1000: Loss = 7922.157885007732
Best loss: 7922.157885007732 | Parameters: [1.92571557e+03 1.26903025e+00 2.51290589e+01]
Initial loss: 12767.921489764522
Iteration 100: Loss = 10000.930904747785
Iteration 200: Loss = 9384.766582922919
Iteration 300: Loss = 8827.539186765305
Iteration 400: Loss = 8300.888003123286
Iteration 500: Loss = 8005.997772031116
Iteration 600: Loss = 7933.240675609217
Iteration 700: Loss = 7903.527165874761
Iteration 800: Loss = 7870.50009022138
Iteration 900: Loss = 7790.0145005628965
Iteration 1000: Loss = 7740.068900038503
Best loss: 7740.068900038503 | Parameters: [1.92139606e+03 1.43995113e+00 2.79348725e+01]
Initial loss: 12767.921489764522
Iteration 100: Loss = 9643.129427480033
Iteration 200: Loss = 8772.469583296244
Iteration 300: Loss = 8186.361952950301
Iteration 400: Loss = 8186.361952950301
Iteration 500: Loss = 8105.715590522189
Iteration 600: Loss = 8054.134669202084
Iteration 700: Loss = 8022.341047795479
Iteration 800: Loss = 7947.866687996176
Iteration 900: Loss = 7903.159163738337
Iteration 1000: Loss = 7732.574320137253
Best loss: 7732.574320137253 | Parameters: [1.92099740e+03 1.43279414e+00 2.74717790e+01]
Initial loss: 12767.921489764522
Iteration 100: Loss = 9658.914413215887
Iteration 200: Loss = 9282.217793017917
Iteration 300: Loss = 8739.244859859304
Iteration 400: Loss = 8274.553156325996
Iteration 500: Loss = 8144.435480142675
Iteration 600: Loss = 8085.687483328927
Iteration 700: Loss = 7998.394937551659
Iteration 800: Loss = 7997.166182709243
Iteration 900: Loss = 7929.995710067815
Iteration 1000: Loss = 7929.861794102633
Best loss: 7929.861794102633 | Parameters: [1.92528499e+03 1.17876800e+00 2.37339999e+01]
Initial loss: 12767.921489764522
Iteration 100: Loss = 9506.627706929685
Iteration 200: Loss = 8899.410666378706
Iteration 300: Loss = 8402.09329085975
Iteration 400: Loss = 8098.8385982979025
Iteration 500: Loss = 7995.095319161637
Iteration 600: Loss = 7916.898332599401
Iteration 700: Loss = 7895.633663565047
Iteration 800: Loss = 7835.824355636533
Iteration 900: Loss = 7793.982878841832
Iteration 1000: Loss = 7693.250643733335
Best loss: 7693.250643733335 | Parameters: [1.91994929e+03 1.50958624e+00 2.85891168e+01]
Initial loss: 12767.921489764522
Iteration 100: Loss = 9821.643774665738
Iteration 200: Loss = 9221.18848626641
Iteration 300: Loss = 8176.566558587458
Iteration 400: Loss = 7980.028997107358
Iteration 500: Loss = 7794.163816860947
Iteration 600: Loss = 7726.179071138048
Iteration 700: Loss = 7692.389635837904
Iteration 800: Loss = 7668.429021955282
Iteration 900: Loss = 7628.696435792836
Iteration 1000: Loss = 7591.273763543284
Best loss: 7591.273763543284 | Parameters: [ 1.91687354e+03 -1.66774089e+00  3.16250380e+01]
Initial loss: 12767.921489764522
Iteration 100: Loss = 9332.200146769741
Iteration 200: Loss = 8897.13455567901
Iteration 300: Loss = 8375.911141501763
Iteration 400: Loss = 8295.56043709254
Iteration 500: Loss = 8174.039688863763
Iteration 600: Loss = 7994.108041727866
Iteration 700: Loss = 7844.57841457643
Iteration 800: Loss = 7792.73548174175
Iteration 900: Loss = 7792.73548174175
Iteration 1000: Loss = 7734.7811250718505
Best loss: 7734.7811250718505 | Parameters: [1.92017763e+03 1.43112558e+00 2.70259593e+01]
Initial loss: 12767.921489764522
Iteration 100: Loss = 8819.645441825956
Iteration 200: Loss = 8015.915282576968
Iteration 300: Loss = 8015.915282576968
Iteration 400: Loss = 7941.893431494225
Iteration 500: Loss = 7892.522012140863
Iteration 600: Loss = 7798.022521378831
Iteration 700: Loss = 7701.313523146129
Iteration 800: Loss = 7565.528453558988
Iteration 900: Loss = 7510.503060745285
Iteration 1000: Loss = 7440.87328961096
Best loss: 7440.87328961096 | Parameters: [1.91217238e+03 1.89174517e+00 3.50235303e+01]
Initial loss: 12767.921489764522
Iteration 100: Loss = 9683.455330273802
Iteration 200: Loss = 8716.048293442545
Iteration 300: Loss = 8475.71225727869
Iteration 400: Loss = 8135.428405712759
Iteration 500: Loss = 8131.882996925454
Iteration 600: Loss = 8119.826351770994
Iteration 700: Loss = 8045.996719666398
Iteration 800: Loss = 7953.505405125372
Iteration 900: Loss = 7806.3237310642335
Iteration 1000: Loss = 7729.7650722400895
Best loss: 7729.7650722400895 | Parameters: [1.92090822e+03 1.44763957e+00 2.84097074e+01]
Initial loss: 12767.921489764522
Iteration 100: Loss = 9860.94799423687
Iteration 200: Loss = 8358.574033314975
Iteration 300: Loss = 7994.079254341527
Iteration 400: Loss = 7966.563270888206
Iteration 500: Loss = 7855.5977221803605
Iteration 600: Loss = 7821.105912934535
Iteration 700: Loss = 7745.594866085469
Iteration 800: Loss = 7734.468077625931
Iteration 900: Loss = 7717.879432184082
Iteration 1000: Loss = 7712.406658520935
Best loss: 7712.406658520935 | Parameters: [1.91975859e+03 1.42255340e+00 2.76471565e+01]
Initial loss: 12767.921489764522
Iteration 100: Loss = 9483.401863515794
Iteration 200: Loss = 9177.923192066115
Iteration 300: Loss = 8649.42209538677
Iteration 400: Loss = 8096.808561833614
Iteration 500: Loss = 8087.46769586915
Iteration 600: Loss = 8027.944921037388
Iteration 700: Loss = 7978.568496116836
Iteration 800: Loss = 7930.462958803139
Iteration 900: Loss = 7863.078140105286
Iteration 1000: Loss = 7777.9441680221125
Best loss: 7777.9441680221125 | Parameters: [1.92182392e+03 1.36286606e+00 2.61604175e+01]
Initial loss: 12767.921489764522
Iteration 100: Loss = 9946.258381353802
Iteration 200: Loss = 8250.57165278321
Iteration 300: Loss = 8098.0989400240405
Iteration 400: Loss = 7970.874769330254
Iteration 500: Loss = 7936.819891113736
Iteration 600: Loss = 7936.819891113736
Iteration 700: Loss = 7880.058825812679
Iteration 800: Loss = 7831.333514349058
Iteration 900: Loss = 7805.377311268462
Iteration 1000: Loss = 7773.14571132095
Best loss: 7773.14571132095 | Parameters: [1.92181815e+03 1.35456753e+00 2.64242393e+01]
Initial loss: 12767.921489764522
Iteration 100: Loss = 8663.797274511317
Iteration 200: Loss = 8451.49789916238
Iteration 300: Loss = 7924.779394760901
Iteration 400: Loss = 7908.623388661174
Iteration 500: Loss = 7822.842923014515
Iteration 600: Loss = 7732.0707020924365
Iteration 700: Loss = 7673.528741924721
Iteration 800: Loss = 7664.667903155108
Iteration 900: Loss = 7641.840332675116
Iteration 1000: Loss = 7569.764650868478
Best loss: 7569.764650868478 | Parameters: [1.91535805e+03 1.74150115e+00 3.17771728e+01]
Initial loss: 12767.921489764522
Iteration 100: Loss = 8938.261175781507
Iteration 200: Loss = 8059.678043246855
Iteration 300: Loss = 7903.912546721477
Iteration 400: Loss = 7903.912546721477
Iteration 500: Loss = 7814.739685521736
Iteration 600: Loss = 7763.686293233459
Iteration 700: Loss = 7684.677013082336
Iteration 800: Loss = 7650.068841889205
Iteration 900: Loss = 7524.925343342916
Iteration 1000: Loss = 7448.622509507939
Best loss: 7448.622509507939 | Parameters: [1.91111002e+03 1.81986764e+00 3.38625864e+01]
Initial loss: 12767.921489764522
Iteration 100: Loss = 9678.468001044885
Iteration 200: Loss = 8332.687683407165
Iteration 300: Loss = 8188.081686069612
Iteration 400: Loss = 8111.025475278561
Iteration 500: Loss = 7927.777627174583
Iteration 600: Loss = 7900.458545726229
Iteration 700: Loss = 7770.009959866414
Iteration 800: Loss = 7694.45626354385
Iteration 900: Loss = 7649.134671332336
Iteration 1000: Loss = 7608.942825929427
Best loss: 7608.942825929427 | Parameters: [ 1.91651032e+03 -1.62454038e+00  3.02982364e+01]
Initial loss: 12767.921489764522
Iteration 100: Loss = 10499.276210068048
Iteration 200: Loss = 8517.776137551697
Iteration 300: Loss = 7990.488790859263
Iteration 400: Loss = 7939.644558384746
Iteration 500: Loss = 7875.849234234005
Iteration 600: Loss = 7864.762921492946
Iteration 700: Loss = 7818.070422686098
Iteration 800: Loss = 7803.4436795634865
Iteration 900: Loss = 7691.379555129965
Iteration 1000: Loss = 7687.450313094306
Best loss: 7687.450313094306 | Parameters: [ 1.91943997e+03 -1.47503642e+00  2.83826909e+01]
Initial loss: 12767.921489764522
Iteration 100: Loss = 9675.319229393746
Iteration 200: Loss = 8759.597481742796
Iteration 300: Loss = 7972.617911342835
Iteration 400: Loss = 7889.899179777457
Iteration 500: Loss = 7857.812383723398
Iteration 600: Loss = 7857.812383723398
Iteration 700: Loss = 7829.7815919246705
Iteration 800: Loss = 7829.7815919246705
Iteration 900: Loss = 7719.5392231073565
Iteration 1000: Loss = 7677.793766861965
Best loss: 7677.793766861965 | Parameters: [ 1.91908745e+03 -1.51770423e+00  2.86210977e+01]
Initial loss: 12767.921489764522
Iteration 100: Loss = 9559.209760150146
Iteration 200: Loss = 8479.598911439774
Iteration 300: Loss = 8033.063993489481
Iteration 400: Loss = 7890.476311966972
Iteration 500: Loss = 7830.625578241533
Iteration 600: Loss = 7730.140754142504
Iteration 700: Loss = 7728.76491921774
Iteration 800: Loss = 7693.520118123971
Iteration 900: Loss = 7642.32072104723
Iteration 1000: Loss = 7605.2756096270905
Best loss: 7605.2756096270905 | Parameters: [1.91553072e+03 1.61580802e+00 3.01702978e+01]
Initial loss: 12767.921489764522
Iteration 100: Loss = 9536.681854129163
Iteration 200: Loss = 8225.6248167466
Iteration 300: Loss = 7937.605745227753
Iteration 400: Loss = 7901.24548338946
Iteration 500: Loss = 7901.24548338946
Iteration 600: Loss = 7778.791469364983
Iteration 700: Loss = 7735.724007958479
Iteration 800: Loss = 7669.080068500084
Iteration 900: Loss = 7653.208362210543
Iteration 1000: Loss = 7600.604653106707
Best loss: 7600.604653106707 | Parameters: [ 1.91550526e+03 -1.58315925e+00  3.05265726e+01]
Initial loss: 13263.466944355732
Iteration 100: Loss = 10192.73639714736
Iteration 200: Loss = 9843.985235176271
Iteration 300: Loss = 9628.707325064614
Iteration 400: Loss = 9394.665635015384
Iteration 500: Loss = 9173.473106727331
Iteration 600: Loss = 8880.748867203896
Iteration 700: Loss = 8589.019839518825
Iteration 800: Loss = 8376.441613906183
Iteration 900: Loss = 8276.967723261496
Iteration 1000: Loss = 8207.965442917117
Best loss: 8207.965442917117 | Parameters: [1.92686721e+03 9.93708181e-01 1.93791837e+01]
Initial loss: 13263.466944355732
Iteration 100: Loss = 9933.830576566765
Iteration 200: Loss = 9743.679716549226
Iteration 300: Loss = 9323.598617537293
Iteration 400: Loss = 8728.822725916123
Iteration 500: Loss = 8443.173120680083
Iteration 600: Loss = 8214.750682923248
Iteration 700: Loss = 8100.0858754805395
Iteration 800: Loss = 8005.5399549799795
Iteration 900: Loss = 7959.6052361607035
Iteration 1000: Loss = 7944.408078020252
Best loss: 7944.408078020252 | Parameters: [1.92590490e+03 1.20401257e+00 2.33027185e+01]
Initial loss: 13263.466944355732
Iteration 100: Loss = 10178.816561185447
Iteration 200: Loss = 9632.810426821281
Iteration 300: Loss = 9225.458823169964
Iteration 400: Loss = 8713.262632676553
Iteration 500: Loss = 8341.982378342509
Iteration 600: Loss = 8123.556315587059
Iteration 700: Loss = 7997.420141261349
Iteration 800: Loss = 7918.395373239554
Iteration 900: Loss = 7891.602956114183
Iteration 1000: Loss = 7861.060174910469
Best loss: 7861.060174910469 | Parameters: [1.92356186e+03 1.26670565e+00 2.44419133e+01]
Initial loss: 13263.466944355732
Iteration 100: Loss = 10233.106885020621
Iteration 200: Loss = 10007.795140545348
Iteration 300: Loss = 9536.657311410458
Iteration 400: Loss = 9128.543350511982
Iteration 500: Loss = 8655.560272441464
Iteration 600: Loss = 8464.197683702783
Iteration 700: Loss = 8280.015359760868
Iteration 800: Loss = 8211.456443044724
Iteration 900: Loss = 8203.723957159442
Iteration 1000: Loss = 8172.87196393714
Best loss: 8172.87196393714 | Parameters: [1.93040188e+03 1.00284751e+00 1.96511154e+01]
Initial loss: 13263.466944355732
Iteration 100: Loss = 9936.400908893358
Iteration 200: Loss = 9596.820989640226
Iteration 300: Loss = 8749.205352919365
Iteration 400: Loss = 8404.086264417423
Iteration 500: Loss = 8178.503370370538
Iteration 600: Loss = 8047.659781066224
Iteration 700: Loss = 8016.988027204095
Iteration 800: Loss = 7975.526644159129
Iteration 900: Loss = 7914.65563868692
Iteration 1000: Loss = 7893.578419289127
Best loss: 7893.578419289127 | Parameters: [1.92468486e+03 1.22289945e+00 2.43456813e+01]
Initial loss: 13263.466944355732
Iteration 100: Loss = 9499.47658140424
Iteration 200: Loss = 8221.668333411062
Iteration 300: Loss = 8143.684193407443
Iteration 400: Loss = 8133.351918751506
Iteration 500: Loss = 8133.351918751506
Iteration 600: Loss = 8112.095084885828
Iteration 700: Loss = 8084.630691358244
Iteration 800: Loss = 8063.510724603194
Iteration 900: Loss = 8053.328592166781
Iteration 1000: Loss = 8053.328592166781
Best loss: 8053.328592166781 | Parameters: [1.92853765e+03 1.09899662e+00 2.16324780e+01]
Initial loss: 13263.466944355732
Iteration 100: Loss = 9620.375829129269
Iteration 200: Loss = 8959.5666685078
Iteration 300: Loss = 8320.047521722496
Iteration 400: Loss = 7961.883071299825
Iteration 500: Loss = 7912.379780195206
Iteration 600: Loss = 7827.3237850530995
Iteration 700: Loss = 7790.293879642775
Iteration 800: Loss = 7734.173534917955
Iteration 900: Loss = 7709.672740773799
Iteration 1000: Loss = 7684.892938685689
Best loss: 7684.892938685689 | Parameters: [1.91939555e+03 1.49415981e+00 2.84262565e+01]
Initial loss: 13263.466944355732
Iteration 100: Loss = 9385.286079989934
Iteration 200: Loss = 8470.257833697247
Iteration 300: Loss = 8154.228052317992
Iteration 400: Loss = 7923.019139509446
Iteration 500: Loss = 7900.1976082202
Iteration 600: Loss = 7860.978805155124
Iteration 700: Loss = 7806.604763556463
Iteration 800: Loss = 7806.604763556463
Iteration 900: Loss = 7775.02345086688
Iteration 1000: Loss = 7762.996685677219
Best loss: 7762.996685677219 | Parameters: [1.92128308e+03 1.35523157e+00 2.65913728e+01]
Initial loss: 13263.466944355732
Iteration 100: Loss = 9280.998672296417
Iteration 200: Loss = 8800.411560202085
Iteration 300: Loss = 8539.417457534299
Iteration 400: Loss = 8352.038757587143
Iteration 500: Loss = 8193.737344930534
Iteration 600: Loss = 8070.065182961939
Iteration 700: Loss = 7999.999833743283
Iteration 800: Loss = 7935.448801080502
Iteration 900: Loss = 7904.0664886743625
Iteration 1000: Loss = 7880.749992599452
Best loss: 7880.749992599452 | Parameters: [ 1.92463790e+03 -1.32260531e+00  2.50887931e+01]
Initial loss: 13263.466944355732
Iteration 100: Loss = 9853.31720217556
Iteration 200: Loss = 9084.191780812975
Iteration 300: Loss = 8451.874338475829
Iteration 400: Loss = 8366.231847273299
Iteration 500: Loss = 8090.242104346809
Iteration 600: Loss = 8046.993579835381
Iteration 700: Loss = 7965.944650954316
Iteration 800: Loss = 7853.912986073433
Iteration 900: Loss = 7788.155720709929
Iteration 1000: Loss = 7770.2043969671195
Best loss: 7770.2043969671195 | Parameters: [1.92145377e+03 1.34970967e+00 2.62788957e+01]
Initial loss: 13263.466944355732
Iteration 100: Loss = 9801.47489015883
Iteration 200: Loss = 9513.250016159152
Iteration 300: Loss = 8354.395686302745
Iteration 400: Loss = 8190.875635461982
Iteration 500: Loss = 8100.011113417647
Iteration 600: Loss = 7975.20826993914
Iteration 700: Loss = 7892.607031615569
Iteration 800: Loss = 7845.251547397566
Iteration 900: Loss = 7756.468115844698
Iteration 1000: Loss = 7682.201377788762
Best loss: 7682.201377788762 | Parameters: [ 1.91910073e+03 -1.49370104e+00  2.83793028e+01]
Initial loss: 13263.466944355732
Iteration 100: Loss = 9420.115788973271
Iteration 200: Loss = 8625.518195486238
Iteration 300: Loss = 8212.54208988692
Iteration 400: Loss = 7972.5131635897305
Iteration 500: Loss = 7954.668196424294
Iteration 600: Loss = 7873.158201630635
Iteration 700: Loss = 7824.883472864899
Iteration 800: Loss = 7749.626365432717
Iteration 900: Loss = 7730.56900641203
Iteration 1000: Loss = 7681.184025245689
Best loss: 7681.184025245689 | Parameters: [1.91924128e+03 1.49047990e+00 2.84950960e+01]
Initial loss: 13263.466944355732
Iteration 100: Loss = 9217.237895301621
Iteration 200: Loss = 8395.176512553577
Iteration 300: Loss = 8149.524166742125
Iteration 400: Loss = 8143.587208584483
Iteration 500: Loss = 8104.771310467898
Iteration 600: Loss = 8018.560818549941
Iteration 700: Loss = 7943.1749818043045
Iteration 800: Loss = 7896.769775573038
Iteration 900: Loss = 7863.402661589978
Iteration 1000: Loss = 7784.343694916592
Best loss: 7784.343694916592 | Parameters: [1.92232092e+03 1.35653559e+00 2.63686060e+01]
Initial loss: 13263.466944355732
Iteration 100: Loss = 9604.58302028976
Iteration 200: Loss = 8588.844244481188
Iteration 300: Loss = 8064.931425302218
Iteration 400: Loss = 7878.8307138462305
Iteration 500: Loss = 7823.37010039212
Iteration 600: Loss = 7763.286015393245
Iteration 700: Loss = 7735.699939159069
Iteration 800: Loss = 7671.971213948476
Iteration 900: Loss = 7613.412016077189
Iteration 1000: Loss = 7584.998169555441
Best loss: 7584.998169555441 | Parameters: [ 1.91524845e+03 -1.62682556e+00  3.06706798e+01]
Initial loss: 13263.466944355732
Iteration 100: Loss = 10701.364163483157
Iteration 200: Loss = 10089.20810031411
Iteration 300: Loss = 9167.67043596758
Iteration 400: Loss = 8159.347813636782
Iteration 500: Loss = 7965.589530640757
Iteration 600: Loss = 7930.914016303667
Iteration 700: Loss = 7927.261434821555
Iteration 800: Loss = 7889.435869410402
Iteration 900: Loss = 7873.243992546141
Iteration 1000: Loss = 7818.469548384311
Best loss: 7818.469548384311 | Parameters: [1.92290911e+03 1.30797924e+00 2.54068612e+01]
Initial loss: 13263.466944355732
Iteration 100: Loss = 9521.806134393079
Iteration 200: Loss = 8835.282050222426
Iteration 300: Loss = 8740.986223246591
Iteration 400: Loss = 8353.938857153958
Iteration 500: Loss = 8121.835053998922
Iteration 600: Loss = 8086.058789219056
Iteration 700: Loss = 8054.326684841226
Iteration 800: Loss = 8032.6311313816905
Iteration 900: Loss = 7969.455999297767
Iteration 1000: Loss = 7947.981408047445
Best loss: 7947.981408047445 | Parameters: [ 1.92600931e+03 -1.20558174e+00  2.43244926e+01]
Initial loss: 13263.466944355732
Iteration 100: Loss = 9920.95863978558
Iteration 200: Loss = 8653.935669810047
Iteration 300: Loss = 8159.018807532758
Iteration 400: Loss = 8031.1718051917705
Iteration 500: Loss = 7975.791886891697
Iteration 600: Loss = 7957.75983146444
Iteration 700: Loss = 7905.192073986253
Iteration 800: Loss = 7837.111172362987
Iteration 900: Loss = 7796.3812921694325
Iteration 1000: Loss = 7784.4019595879145
Best loss: 7784.4019595879145 | Parameters: [1.92223874e+03 1.36532088e+00 2.62308957e+01]
Initial loss: 13263.466944355732
Iteration 100: Loss = 8837.493582625177
Iteration 200: Loss = 8035.827308320289
Iteration 300: Loss = 7946.821924156112
Iteration 400: Loss = 7904.794255606746
Iteration 500: Loss = 7893.306203017457
Iteration 600: Loss = 7874.988126733765
Iteration 700: Loss = 7851.2928100930385
Iteration 800: Loss = 7732.799462546064
Iteration 900: Loss = 7644.773678036774
Iteration 1000: Loss = 7542.071183758611
Best loss: 7542.071183758611 | Parameters: [1.91493871e+03 1.80690262e+00 3.29494277e+01]
Initial loss: 13263.466944355732
Iteration 100: Loss = 9867.376294183892
Iteration 200: Loss = 9629.846685741064
Iteration 300: Loss = 8866.52314761534
Iteration 400: Loss = 8379.476762486946
Iteration 500: Loss = 8211.687651737446
Iteration 600: Loss = 8140.241746499264
Iteration 700: Loss = 8053.0794181995825
Iteration 800: Loss = 7969.328757417386
Iteration 900: Loss = 7942.930281393455
Iteration 1000: Loss = 7910.188133274485
Best loss: 7910.188133274485 | Parameters: [1.92447506e+03 1.27451986e+00 2.39626531e+01]
Initial loss: 13263.466944355732
Iteration 100: Loss = 10336.612402812692
Iteration 200: Loss = 10117.523202748389
Iteration 300: Loss = 8933.80016851467
Iteration 400: Loss = 8075.016455325856
Iteration 500: Loss = 7999.304789263008
Iteration 600: Loss = 7999.304789263008
Iteration 700: Loss = 7844.3038515533135
Iteration 800: Loss = 7803.587025613627
Iteration 900: Loss = 7751.768504735585
Iteration 1000: Loss = 7677.77072473315
Best loss: 7677.77072473315 | Parameters: [ 1.91897587e+03 -1.52301599e+00  2.86129160e+01]
Initial loss: 13263.466944355732
Iteration 100: Loss = 9767.894870875358
Iteration 200: Loss = 8343.200950563665
Iteration 300: Loss = 8041.744434314823
Iteration 400: Loss = 8010.178186569944
Iteration 500: Loss = 7852.0348576014985
Iteration 600: Loss = 7819.0457925051605
Iteration 700: Loss = 7783.616962008092
Iteration 800: Loss = 7781.78633939334
Iteration 900: Loss = 7717.1208361714525
Iteration 1000: Loss = 7686.368811568963
Best loss: 7686.368811568963 | Parameters: [1.91965711e+03 1.50536589e+00 2.85965563e+01]
Initial loss: 13263.466944355732
Iteration 100: Loss = 9167.305147308683
Iteration 200: Loss = 8635.0496318857
Iteration 300: Loss = 8123.030246824372
Iteration 400: Loss = 7994.603075728441
Iteration 500: Loss = 7886.866400368298
Iteration 600: Loss = 7867.84517551374
Iteration 700: Loss = 7780.21241990576
Iteration 800: Loss = 7780.21241990576
Iteration 900: Loss = 7684.818826236653
Iteration 1000: Loss = 7633.67100510108
Best loss: 7633.67100510108 | Parameters: [ 1.91818800e+03 -1.59018721e+00  3.03652418e+01]
Initial loss: 13263.466944355732
Iteration 100: Loss = 9239.259231054313
Iteration 200: Loss = 8716.153411837438
Iteration 300: Loss = 8137.596644469648
Iteration 400: Loss = 8064.006515087691
Iteration 500: Loss = 7998.525080838382
Iteration 600: Loss = 7940.545183833448
Iteration 700: Loss = 7859.371092282741
Iteration 800: Loss = 7825.440933001423
Iteration 900: Loss = 7710.3267081589165
Iteration 1000: Loss = 7645.881457756188
Best loss: 7645.881457756188 | Parameters: [ 1.91858000e+03 -1.58397849e+00  2.99554326e+01]
Initial loss: 13263.466944355732
Iteration 100: Loss = 9852.667586387179
Iteration 200: Loss = 8789.372910659813
Iteration 300: Loss = 8179.196550623986
Iteration 400: Loss = 7991.691422954782
Iteration 500: Loss = 7903.066311725414
Iteration 600: Loss = 7835.674236804855
Iteration 700: Loss = 7822.552036081403
Iteration 800: Loss = 7803.875709544203
Iteration 900: Loss = 7783.670002828315
Iteration 1000: Loss = 7732.255042897222
Best loss: 7732.255042897222 | Parameters: [ 1.92107650e+03 -1.44342931e+00  2.76180241e+01]
Initial loss: 13263.466944355732
Iteration 100: Loss = 10011.966534102723
Iteration 200: Loss = 9982.01999763039
Iteration 300: Loss = 8653.723368277297
Iteration 400: Loss = 8130.776335960783
Iteration 500: Loss = 7998.965351296048
Iteration 600: Loss = 7941.510297268686
Iteration 700: Loss = 7933.496526563986
Iteration 800: Loss = 7883.139537107267
Iteration 900: Loss = 7816.305204735927
Iteration 1000: Loss = 7797.4031462804405
Best loss: 7797.4031462804405 | Parameters: [1.92168161e+03 1.37530614e+00 2.58132128e+01]
Initial loss: 13263.466944355732
Iteration 100: Loss = 9732.225638120837
Iteration 200: Loss = 9126.52840268714
Iteration 300: Loss = 8585.657815006169
Iteration 400: Loss = 7950.069166510353
Iteration 500: Loss = 7933.261932490722
Iteration 600: Loss = 7913.250477337886
Iteration 700: Loss = 7768.906967262895
Iteration 800: Loss = 7736.936255645372
Iteration 900: Loss = 7624.302328756374
Iteration 1000: Loss = 7519.967540148717
Best loss: 7519.967540148717 | Parameters: [ 1.91382195e+03 -1.71868074e+00  3.24397547e+01]
Initial loss: 13263.466944355732
Iteration 100: Loss = 9882.386174231573
Iteration 200: Loss = 8554.35278684273
Iteration 300: Loss = 8272.539379004866
Iteration 400: Loss = 8059.0091663657695
Iteration 500: Loss = 7973.343027537154
Iteration 600: Loss = 7891.243468884024
Iteration 700: Loss = 7856.199052377754
Iteration 800: Loss = 7769.069793139804
Iteration 900: Loss = 7769.069793139804
Iteration 1000: Loss = 7722.5351703982915
Best loss: 7722.5351703982915 | Parameters: [1.92014643e+03 1.45357196e+00 2.74201487e+01]
Initial loss: 13263.466944355732
Iteration 100: Loss = 9426.783601928262
Iteration 200: Loss = 8739.670262364354
Iteration 300: Loss = 8011.335380827407
Iteration 400: Loss = 7813.465678544522
Iteration 500: Loss = 7766.7963614918235
Iteration 600: Loss = 7741.410021515902
Iteration 700: Loss = 7741.410021515902
Iteration 800: Loss = 7741.410021515902
Iteration 900: Loss = 7741.410021515902
Iteration 1000: Loss = 7649.15674397377
Best loss: 7649.15674397377 | Parameters: [1.91841391e+03 1.60930724e+00 2.99031670e+01]
Initial loss: 13263.466944355732
Iteration 100: Loss = 8913.275187465631
Iteration 200: Loss = 8913.275187465631
Iteration 300: Loss = 8446.78142817023
Iteration 400: Loss = 8219.377718725029
Iteration 500: Loss = 8052.816811307141
Iteration 600: Loss = 7992.043257152223
Iteration 700: Loss = 7968.081685475692
Iteration 800: Loss = 7868.615248747968
Iteration 900: Loss = 7783.1904686606895
Iteration 1000: Loss = 7740.952030598578
Best loss: 7740.952030598578 | Parameters: [ 1.92091293e+03 -1.39930614e+00  2.70062645e+01]
Initial loss: 13263.466944355732
Iteration 100: Loss = 9379.537868663876
Iteration 200: Loss = 8885.371134133818
Iteration 300: Loss = 8259.881333038267
Iteration 400: Loss = 8241.278777859543
Iteration 500: Loss = 8088.637387187737
Iteration 600: Loss = 8083.16853287763
Iteration 700: Loss = 7960.3339138725
Iteration 800: Loss = 7862.977989352719
Iteration 900: Loss = 7848.510785206268
Iteration 1000: Loss = 7761.028963614512
Best loss: 7761.028963614512 | Parameters: [1.92131779e+03 1.36139626e+00 2.65987013e+01]
Initial loss: 11449.141017523663
Iteration 100: Loss = 11186.248876419906
Iteration 200: Loss = 10995.659160048157
Iteration 300: Loss = 10986.671589394076
Iteration 400: Loss = 10936.944881928688
Iteration 500: Loss = 10899.624854266462
Iteration 600: Loss = 10890.247580639048
Iteration 700: Loss = 10890.247580639048
Iteration 800: Loss = 10887.624495292215
Iteration 900: Loss = 10879.037234511665
Iteration 1000: Loss = 10876.360383601406
Best loss: 10876.360383601406 | Parameters: [1.92419562e+03 1.86264381e-01 3.61714469e+00]
Initial loss: 11449.141017523663
Iteration 100: Loss = 11117.794211619841
Iteration 200: Loss = 11035.878846889418
Iteration 300: Loss = 10970.570547437195
Iteration 400: Loss = 10943.236034796202
Iteration 500: Loss = 10901.136931131707
Iteration 600: Loss = 10901.136931131707
Iteration 700: Loss = 10878.0206539578
Iteration 800: Loss = 10857.58068972889
Iteration 900: Loss = 10856.589084318071
Iteration 1000: Loss = 10856.589084318071
Best loss: 10856.589084318071 | Parameters: [1.92337901e+03 2.24507109e-01 4.25226911e+00]
Initial loss: 11449.141017523663
Iteration 100: Loss = 11426.200579710558
Iteration 200: Loss = 11110.569559974594
Iteration 300: Loss = 10883.50549404513
Iteration 400: Loss = 10858.69422393963
Iteration 500: Loss = 10855.181938933005
Iteration 600: Loss = 10855.121003984115
Iteration 700: Loss = 10853.703896335874
Iteration 800: Loss = 10853.622044188507
Iteration 900: Loss = 10853.622044188507
Iteration 1000: Loss = 10853.622044188507
Best loss: 10853.622044188507 | Parameters: [1.92326073e+03 2.42913657e-01 4.52623263e+00]
Initial loss: 11449.141017523663
Iteration 100: Loss = 11026.517649636065
Iteration 200: Loss = 10974.553073062367
Iteration 300: Loss = 10934.074428001853
Iteration 400: Loss = 10896.278891998236
Iteration 500: Loss = 10895.130254550524
Iteration 600: Loss = 10884.75478655446
Iteration 700: Loss = 10881.606921828514
Iteration 800: Loss = 10862.964165327725
Iteration 900: Loss = 10862.964165327725
Iteration 1000: Loss = 10861.097392331938
Best loss: 10861.097392331938 | Parameters: [1.92373166e+03 2.10140494e-01 4.03632621e+00]
Initial loss: 11449.141017523663
Iteration 100: Loss = 10884.330521702204
Iteration 200: Loss = 10879.095039118038
Iteration 300: Loss = 10878.650712997467
Iteration 400: Loss = 10869.250811512966
Iteration 500: Loss = 10866.756284076077
Iteration 600: Loss = 10866.756284076077
Iteration 700: Loss = 10866.756284076077
Iteration 800: Loss = 10865.763906211696
Iteration 900: Loss = 10858.550402428085
Iteration 1000: Loss = 10853.113993248659
Best loss: 10853.113993248659 | Parameters: [1.92285566e+03 2.70793134e-01 4.85636557e+00]
Initial loss: 11449.141017523663
Iteration 100: Loss = 10963.460916940763
Iteration 200: Loss = 10916.701732507125
Iteration 300: Loss = 10883.705139710284
Iteration 400: Loss = 10883.705139710284
Iteration 500: Loss = 10875.396045791791
Iteration 600: Loss = 10874.272131115822
Iteration 700: Loss = 10862.314241996339
Iteration 800: Loss = 10859.682082187093
Iteration 900: Loss = 10852.927351205008
Iteration 1000: Loss = 10852.927351205008
Best loss: 10852.927351205008 | Parameters: [ 1.92313195e+03 -2.54796028e-01  4.67214000e+00]
Initial loss: 11449.141017523663
Iteration 100: Loss = 10888.011477736756
Iteration 200: Loss = 10867.854175858536
Iteration 300: Loss = 10867.854175858536
Iteration 400: Loss = 10853.602490306339
Iteration 500: Loss = 10847.84895742167
Iteration 600: Loss = 10847.84895742167
Iteration 700: Loss = 10847.84895742167
Iteration 800: Loss = 10847.84895742167
Iteration 900: Loss = 10847.84895742167
Iteration 1000: Loss = 10838.355933966637
Best loss: 10838.355933966637 | Parameters: [1.92191323e+03 3.72621685e-01 6.36512826e+00]
Initial loss: 11449.141017523663
Iteration 100: Loss = 10882.708434929089
Iteration 200: Loss = 10861.283109973157
Iteration 300: Loss = 10856.382644565512
Iteration 400: Loss = 10856.382644565512
Iteration 500: Loss = 10856.382644565512
Iteration 600: Loss = 10856.382644565512
Iteration 700: Loss = 10856.382644565512
Iteration 800: Loss = 10856.382644565512
Iteration 900: Loss = 10856.382644565512
Iteration 1000: Loss = 10856.382644565512
Best loss: 10856.382644565512 | Parameters: [1.92340071e+03 2.25144812e-01 4.34924776e+00]
Initial loss: 11449.141017523663
Iteration 100: Loss = 10855.993085063561
Iteration 200: Loss = 10855.993085063561
Iteration 300: Loss = 10855.993085063561
Iteration 400: Loss = 10851.218551462174
Iteration 500: Loss = 10851.218551462174
Iteration 600: Loss = 10850.614769540009
Iteration 700: Loss = 10850.614769540009
Iteration 800: Loss = 10850.614769540009
Iteration 900: Loss = 10849.118175265892
Iteration 1000: Loss = 10843.751492248513
Best loss: 10843.751492248513 | Parameters: [ 1.92194029e+03 -3.84053982e-01  6.34037466e+00]
Initial loss: 11449.141017523663
Iteration 100: Loss = 10931.142557437008
Iteration 200: Loss = 10931.142557437008
Iteration 300: Loss = 10880.247231883424
Iteration 400: Loss = 10859.045014262354
Iteration 500: Loss = 10854.479096548543
Iteration 600: Loss = 10854.479096548543
Iteration 700: Loss = 10854.479096548543
Iteration 800: Loss = 10850.887463260407
Iteration 900: Loss = 10850.887463260407
Iteration 1000: Loss = 10850.022352939692
Best loss: 10850.022352939692 | Parameters: [1.92250787e+03 2.90790509e-01 5.29833808e+00]
Initial loss: 11449.141017523663
Iteration 100: Loss = 11328.46620284206
Iteration 200: Loss = 10877.377287764488
Iteration 300: Loss = 10852.284432264467
Iteration 400: Loss = 10852.284432264467
Iteration 500: Loss = 10852.284432264467
Iteration 600: Loss = 10852.284432264467
Iteration 700: Loss = 10851.706132874115
Iteration 800: Loss = 10846.049686705579
Iteration 900: Loss = 10846.049686705579
Iteration 1000: Loss = 10846.049686705579
Best loss: 10846.049686705579 | Parameters: [ 1.92218521e+03  3.30263635e-01 -5.86533049e+00]
Initial loss: 11449.141017523663
Iteration 100: Loss = 10865.522776201966
Iteration 200: Loss = 10851.046017891875
Iteration 300: Loss = 10846.700247649374
Iteration 400: Loss = 10830.543238570768
Iteration 500: Loss = 10830.543238570768
Iteration 600: Loss = 10812.741319294078
Iteration 700: Loss = 10121.383549778298
Iteration 800: Loss = 9687.46488477998
Iteration 900: Loss = 9380.210960040937
Iteration 1000: Loss = 8766.934809998129
Best loss: 8766.934809998129 | Parameters: [1.92540377e+03 9.19025620e-01 1.68858919e+01]
Initial loss: 11449.141017523663
Iteration 100: Loss = 10897.193182598683
Iteration 200: Loss = 10859.630640687516
Iteration 300: Loss = 10859.630640687516
Iteration 400: Loss = 10859.630640687516
Iteration 500: Loss = 10853.510184283454
Iteration 600: Loss = 10853.510184283454
Iteration 700: Loss = 10853.510184283454
Iteration 800: Loss = 10853.510184283454
Iteration 900: Loss = 10849.206897750193
Iteration 1000: Loss = 10849.206897750193
Best loss: 10849.206897750193 | Parameters: [ 1.92225206e+03 -3.09242708e-01  5.53351235e+00]
Initial loss: 11449.141017523663
Iteration 100: Loss = 10846.04477857588
Iteration 200: Loss = 10487.3364739917
Iteration 300: Loss = 9915.276707922449
Iteration 400: Loss = 8859.096834101832
Iteration 500: Loss = 8666.541296377254
Iteration 600: Loss = 8273.82519396896
Iteration 700: Loss = 7833.413606280691
Iteration 800: Loss = 7807.651239421932
Iteration 900: Loss = 7767.702331009971
Iteration 1000: Loss = 7707.62598894482
Best loss: 7707.62598894482 | Parameters: [ 1.91970311e+03 -1.43150295e+00  2.77844524e+01]
Initial loss: 11449.141017523663
Iteration 100: Loss = 10885.626054494503
Iteration 200: Loss = 10859.831731452321
Iteration 300: Loss = 10859.831731452321
Iteration 400: Loss = 10859.6116043561
Iteration 500: Loss = 10850.342894394207
Iteration 600: Loss = 10837.893444533986
Iteration 700: Loss = 10837.34715710585
Iteration 800: Loss = 10837.34715710585
Iteration 900: Loss = 10680.908980858936
Iteration 1000: Loss = 10142.530893660425
Best loss: 10142.530893660425 | Parameters: [1.92454920e+03 5.83252249e-01 1.10977376e+01]
Initial loss: 11449.141017523663
Iteration 100: Loss = 10934.242312081911
Iteration 200: Loss = 10887.476814159952
Iteration 300: Loss = 10887.476814159952
Iteration 400: Loss = 10887.476814159952
Iteration 500: Loss = 10858.201621676273
Iteration 600: Loss = 10858.201621676273
Iteration 700: Loss = 10855.009009982916
Iteration 800: Loss = 10855.009009982916
Iteration 900: Loss = 10855.009009982916
Iteration 1000: Loss = 10855.009009982916
Best loss: 10855.009009982916 | Parameters: [1.92337933e+03 2.34249621e-01 4.38866889e+00]
Initial loss: 11449.141017523663
Iteration 100: Loss = 10878.456387261436
Iteration 200: Loss = 10877.69698195379
Iteration 300: Loss = 10861.932059238978
Iteration 400: Loss = 10861.932059238978
Iteration 500: Loss = 10861.932059238978
Iteration 600: Loss = 10857.221910539487
Iteration 700: Loss = 10857.221910539487
Iteration 800: Loss = 10857.221910539487
Iteration 900: Loss = 10857.221910539487
Iteration 1000: Loss = 10857.221910539487
Best loss: 10857.221910539487 | Parameters: [1.92351111e+03 2.20932961e-01 4.20225694e+00]
Initial loss: 11449.141017523663
Iteration 100: Loss = 10885.061008349658
Iteration 200: Loss = 10880.808797198073
Iteration 300: Loss = 10875.323332705388
Iteration 400: Loss = 10861.425908093423
Iteration 500: Loss = 10860.768746040449
Iteration 600: Loss = 10850.315086728919
Iteration 700: Loss = 10300.338239988389
Iteration 800: Loss = 8848.778421578561
Iteration 900: Loss = 7836.642891735557
Iteration 1000: Loss = 7757.976386782286
Best loss: 7757.976386782286 | Parameters: [ 1.92068486e+03 -1.35388653e+00  2.65107120e+01]
Initial loss: 11449.141017523663
Iteration 100: Loss = 10852.40897768844
Iteration 200: Loss = 10852.40897768844
Iteration 300: Loss = 10852.40897768844
Iteration 400: Loss = 10852.40897768844
Iteration 500: Loss = 10852.40897768844
Iteration 600: Loss = 10852.40897768844
Iteration 700: Loss = 10850.623728429608
Iteration 800: Loss = 10850.623728429608
Iteration 900: Loss = 10850.623728429608
Iteration 1000: Loss = 10850.623728429608
Best loss: 10850.623728429608 | Parameters: [1.92274507e+03 2.79497152e-01 5.12279538e+00]
Initial loss: 11449.141017523663
Iteration 100: Loss = 10914.349898662045
Iteration 200: Loss = 10856.651277276278
Iteration 300: Loss = 10853.64422487028
Iteration 400: Loss = 10853.64422487028
Iteration 500: Loss = 10853.64422487028
Iteration 600: Loss = 10853.64422487028
Iteration 700: Loss = 10853.64422487028
Iteration 800: Loss = 10754.846366659283
Iteration 900: Loss = 10034.453465084913
Iteration 1000: Loss = 8630.237573386461
Best loss: 8630.237573386461 | Parameters: [1.92006576e+03 1.08932975e+00 1.96786895e+01]
Initial loss: 11449.141017523663
Iteration 100: Loss = 11039.585757534327
Iteration 200: Loss = 10996.334503051938
Iteration 300: Loss = 10873.98886349546
Iteration 400: Loss = 10873.98886349546
Iteration 500: Loss = 10873.98886349546
Iteration 600: Loss = 10864.331451921396
Iteration 700: Loss = 10848.75469276267
Iteration 800: Loss = 10848.75469276267
Iteration 900: Loss = 10493.727820601598
Iteration 1000: Loss = 8962.979068421495
Best loss: 8962.979068421495 | Parameters: [1.92116667e+03 9.81225811e-01 1.76417708e+01]
Initial loss: 11449.141017523663
Iteration 100: Loss = 10946.34704642852
Iteration 200: Loss = 10891.252255246476
Iteration 300: Loss = 10891.252255246476
Iteration 400: Loss = 10882.718062228465
Iteration 500: Loss = 10882.718062228465
Iteration 600: Loss = 10875.905151249328
Iteration 700: Loss = 10875.905151249328
Iteration 800: Loss = 10868.430302552424
Iteration 900: Loss = 10860.303746352149
Iteration 1000: Loss = 10860.303746352149
Best loss: 10860.303746352149 | Parameters: [ 1.92315902e+03 -2.22764761e-01  4.29879254e+00]
Initial loss: 11449.141017523663
Iteration 100: Loss = 10869.61805652452
Iteration 200: Loss = 10863.577699284186
Iteration 300: Loss = 10859.729904449798
Iteration 400: Loss = 10670.42125049094
Iteration 500: Loss = 9108.256547323776
Iteration 600: Loss = 8074.458115165207
Iteration 700: Loss = 7993.578512346355
Iteration 800: Loss = 7972.391346697976
Iteration 900: Loss = 7817.305384949915
Iteration 1000: Loss = 7760.761365552975
Best loss: 7760.761365552975 | Parameters: [ 1.92188328e+03 -1.42005785e+00  2.71319022e+01]
Initial loss: 11449.141017523663
Iteration 100: Loss = 10886.575138071683
Iteration 200: Loss = 10886.575138071683
Iteration 300: Loss = 10857.917981925038
Iteration 400: Loss = 10857.917981925038
Iteration 500: Loss = 10857.917981925038
Iteration 600: Loss = 10856.29206817208
Iteration 700: Loss = 10856.29206817208
Iteration 800: Loss = 10856.29206817208
Iteration 900: Loss = 10856.29206817208
Iteration 1000: Loss = 10855.92614200356
Best loss: 10855.92614200356 | Parameters: [1.92325126e+03 2.59246210e-01 4.76597809e+00]
Initial loss: 11449.141017523663
Iteration 100: Loss = 10903.861993567329
Iteration 200: Loss = 10880.353616165767
Iteration 300: Loss = 10880.353616165767
Iteration 400: Loss = 10880.353616165767
Iteration 500: Loss = 10877.705413440808
Iteration 600: Loss = 10877.705413440808
Iteration 700: Loss = 10877.705413440808
Iteration 800: Loss = 10858.431784533073
Iteration 900: Loss = 10858.431784533073
Iteration 1000: Loss = 10855.717956409077
Best loss: 10855.717956409077 | Parameters: [ 1.92338025e+03 -2.25736438e-01  4.32720556e+00]
Initial loss: 11449.141017523663
Iteration 100: Loss = 10882.663204746988
Iteration 200: Loss = 10882.663204746988
Iteration 300: Loss = 10882.663204746988
Iteration 400: Loss = 10882.663204746988
Iteration 500: Loss = 10859.77733511845
Iteration 600: Loss = 10760.28816479768
Iteration 700: Loss = 9777.459646878682
Iteration 800: Loss = 9464.91131193392
Iteration 900: Loss = 8302.421464173876
Iteration 1000: Loss = 8077.9260428806865
Best loss: 8077.9260428806865 | Parameters: [ 1.92887488e+03 -1.09507030e+00  2.12513477e+01]
Initial loss: 11449.141017523663
Iteration 100: Loss = 10865.22335017034
Iteration 200: Loss = 10855.567691964552
Iteration 300: Loss = 10850.056855623843
Iteration 400: Loss = 9916.02522410921
Iteration 500: Loss = 9481.03374527593
Iteration 600: Loss = 8568.896900122
Iteration 700: Loss = 8144.37922746673
Iteration 800: Loss = 7992.2632426231985
Iteration 900: Loss = 7868.097884016795
Iteration 1000: Loss = 7814.845541340227
Best loss: 7814.845541340227 | Parameters: [ 1.92260492e+03 -1.31554740e+00  2.53465482e+01]
Initial loss: 11449.141017523663
Iteration 100: Loss = 10927.4923479299
Iteration 200: Loss = 10927.4923479299
Iteration 300: Loss = 10870.5758393888
Iteration 400: Loss = 10858.702995110989
Iteration 500: Loss = 10853.044914578199
Iteration 600: Loss = 10853.044914578199
Iteration 700: Loss = 10853.044914578199
Iteration 800: Loss = 10853.044914578199
Iteration 900: Loss = 10810.848852629611
Iteration 1000: Loss = 9630.25265310651
Best loss: 9630.25265310651 | Parameters: [ 1.92213511e+03 -6.99062443e-01  1.52769810e+01]
Initial loss: 11449.141017523663
Iteration 100: Loss = 10919.13533968749
Iteration 200: Loss = 10919.13533968749
Iteration 300: Loss = 10895.897975519598
Iteration 400: Loss = 10895.897975519598
Iteration 500: Loss = 10856.233511172131
Iteration 600: Loss = 10853.2352788827
Iteration 700: Loss = 10853.2352788827
Iteration 800: Loss = 10853.2352788827
Iteration 900: Loss = 10853.2352788827
Iteration 1000: Loss = 10853.2352788827
Best loss: 10853.2352788827 | Parameters: [1.92304453e+03 2.47336276e-01 4.69446902e+00]
Initial loss: 11449.141017523663
Iteration 100: Loss = 10780.269791226367
Iteration 200: Loss = 10555.720586398584
Iteration 300: Loss = 8584.211711074075
Iteration 400: Loss = 7815.2957311040545
Iteration 500: Loss = 7758.196685186589
Iteration 600: Loss = 7660.716790454713
Iteration 700: Loss = 7588.675275164125
Iteration 800: Loss = 7544.655822814359
Iteration 900: Loss = 7526.713634221855
Iteration 1000: Loss = 7496.29012745764
Best loss: 7496.29012745764 | Parameters: [ 1.91369833e+03  1.82025172e+00 -3.35943149e+01]
Initial loss: 11444.808194367419
Iteration 100: Loss = 11235.824493814529
Iteration 200: Loss = 11037.041390503873
Iteration 300: Loss = 10924.825848525394
Iteration 400: Loss = 10914.037242947457
Iteration 500: Loss = 10914.037242947457
Iteration 600: Loss = 10907.443923365503
Iteration 700: Loss = 10890.070433248566
Iteration 800: Loss = 10881.78175741825
Iteration 900: Loss = 10876.749682017617
Iteration 1000: Loss = 10872.962054754067
Best loss: 10872.962054754067 | Parameters: [1.92397289e+03 1.83504591e-01 3.62976209e+00]
Initial loss: 11444.808194367419
Iteration 100: Loss = 10992.001862850222
Iteration 200: Loss = 10895.250687534333
Iteration 300: Loss = 10876.64418569817
Iteration 400: Loss = 10872.143293148034
Iteration 500: Loss = 10867.707737161178
Iteration 600: Loss = 10865.808338738416
Iteration 700: Loss = 10862.246545513635
Iteration 800: Loss = 10862.246545513635
Iteration 900: Loss = 10860.223306111604
Iteration 1000: Loss = 10859.286032040049
Best loss: 10859.286032040049 | Parameters: [ 1.92359408e+03 -2.24343769e-01  4.18346260e+00]
Initial loss: 11444.808194367419
Iteration 100: Loss = 10934.443003523247
Iteration 200: Loss = 10922.892106977992
Iteration 300: Loss = 10921.428280672008
Iteration 400: Loss = 10883.688846529336
Iteration 500: Loss = 10861.504693130883
Iteration 600: Loss = 10859.957672273551
Iteration 700: Loss = 10853.964925686396
Iteration 800: Loss = 10853.964925686396
Iteration 900: Loss = 10853.964925686396
Iteration 1000: Loss = 10853.964925686396
Best loss: 10853.964925686396 | Parameters: [ 1.92326157e+03 -2.42158114e-01  4.57546998e+00]
Initial loss: 11444.808194367419
Iteration 100: Loss = 11108.908422084352
Iteration 200: Loss = 10959.547575751329
Iteration 300: Loss = 10959.547575751329
Iteration 400: Loss = 10913.795711550743
Iteration 500: Loss = 10904.10053257235
Iteration 600: Loss = 10891.745542534427
Iteration 700: Loss = 10865.584355361778
Iteration 800: Loss = 10865.584355361778
Iteration 900: Loss = 10855.353284816974
Iteration 1000: Loss = 10855.353284816974
Best loss: 10855.353284816974 | Parameters: [1.92339085e+03 2.27976141e-01 4.33353890e+00]
Initial loss: 11444.808194367419
Iteration 100: Loss = 11137.641436176256
Iteration 200: Loss = 10936.93482280105
Iteration 300: Loss = 10877.55957234964
Iteration 400: Loss = 10873.616619654771
Iteration 500: Loss = 10873.616619654771
Iteration 600: Loss = 10859.4706277933
Iteration 700: Loss = 10858.417659946585
Iteration 800: Loss = 10855.842498299271
Iteration 900: Loss = 10852.876120913765
Iteration 1000: Loss = 10852.876120913765
Best loss: 10852.876120913765 | Parameters: [1.92316961e+03 2.45783435e-01 4.58041057e+00]
Initial loss: 11444.808194367419
Iteration 100: Loss = 10889.554118197992
Iteration 200: Loss = 10882.80440858731
Iteration 300: Loss = 10865.677279207395
Iteration 400: Loss = 10858.65524914357
Iteration 500: Loss = 10856.75467120908
Iteration 600: Loss = 10853.781741619658
Iteration 700: Loss = 10851.73195293947
Iteration 800: Loss = 10851.73195293947
Iteration 900: Loss = 10851.73195293947
Iteration 1000: Loss = 10851.73195293947
Best loss: 10851.73195293947 | Parameters: [1.92301552e+03 2.59015151e-01 4.78145566e+00]
Initial loss: 11444.808194367419
Iteration 100: Loss = 10966.255086563826
Iteration 200: Loss = 10859.846290049321
Iteration 300: Loss = 10854.134104245979
Iteration 400: Loss = 10854.134104245979
Iteration 500: Loss = 10854.134104245979
Iteration 600: Loss = 10854.134104245979
Iteration 700: Loss = 10851.619103725687
Iteration 800: Loss = 10851.619103725687
Iteration 900: Loss = 10844.037725512193
Iteration 1000: Loss = 10844.037725512193
Best loss: 10844.037725512193 | Parameters: [ 1.92218260e+03 -3.65456353e-01  6.22016501e+00]
Initial loss: 11444.808194367419
Iteration 100: Loss = 10884.145406108417
Iteration 200: Loss = 10879.60020115266
Iteration 300: Loss = 10867.615240168705
Iteration 400: Loss = 10866.686400807366
Iteration 500: Loss = 10857.068156576272
Iteration 600: Loss = 10857.068156576272
Iteration 700: Loss = 10857.068156576272
Iteration 800: Loss = 10857.068156576272
Iteration 900: Loss = 10854.942659730521
Iteration 1000: Loss = 10852.951137162814
Best loss: 10852.951137162814 | Parameters: [ 1.92309555e+03 -2.57825290e-01  4.70237255e+00]
Initial loss: 11444.808194367419
Iteration 100: Loss = 10871.597239015657
Iteration 200: Loss = 10856.826291394671
Iteration 300: Loss = 10851.710669489203
Iteration 400: Loss = 10851.710669489203
Iteration 500: Loss = 10851.710669489203
Iteration 600: Loss = 10847.943846638067
Iteration 700: Loss = 10847.943846638067
Iteration 800: Loss = 10846.208504710195
Iteration 900: Loss = 10815.121568812978
Iteration 1000: Loss = 10537.53332535394
Best loss: 10537.53332535394 | Parameters: [1.92376463e+03 5.34542428e-01 9.38231194e+00]
Initial loss: 11444.808194367419
Iteration 100: Loss = 10865.382194604914
Iteration 200: Loss = 10864.152948788891
Iteration 300: Loss = 10854.920208656162
Iteration 400: Loss = 10854.920208656162
Iteration 500: Loss = 10854.920208656162
Iteration 600: Loss = 10854.2447301302
Iteration 700: Loss = 10854.2447301302
Iteration 800: Loss = 10851.813890592492
Iteration 900: Loss = 10851.813890592492
Iteration 1000: Loss = 10851.813890592492
Best loss: 10851.813890592492 | Parameters: [1.92298134e+03 2.61392849e-01 4.86090782e+00]
Initial loss: 11444.808194367419
Iteration 100: Loss = 10889.96895220007
Iteration 200: Loss = 10882.175591414882
Iteration 300: Loss = 10882.175591414882
Iteration 400: Loss = 10872.667812709797
Iteration 500: Loss = 10872.667812709797
Iteration 600: Loss = 10858.21876255842
Iteration 700: Loss = 10853.55671873996
Iteration 800: Loss = 10853.55671873996
Iteration 900: Loss = 10843.58076514365
Iteration 1000: Loss = 10798.146612763096
Best loss: 10798.146612763096 | Parameters: [1.92177038e+03 4.86642085e-01 7.62937253e+00]
Initial loss: 11444.808194367419
Iteration 100: Loss = 10913.777471664802
Iteration 200: Loss = 10874.783246928851
Iteration 300: Loss = 10857.866685725648
Iteration 400: Loss = 10854.366976434985
Iteration 500: Loss = 10854.366976434985
Iteration 600: Loss = 10851.354877516227
Iteration 700: Loss = 10851.354877516227
Iteration 800: Loss = 10851.354877516227
Iteration 900: Loss = 10851.023581133953
Iteration 1000: Loss = 10851.023581133953
Best loss: 10851.023581133953 | Parameters: [ 1.92230317e+03 -2.99940932e-01  5.37791539e+00]
Initial loss: 11444.808194367419
Iteration 100: Loss = 10866.433525661838
Iteration 200: Loss = 10858.458020391045
Iteration 300: Loss = 10858.458020391045
Iteration 400: Loss = 10856.38728784207
Iteration 500: Loss = 10854.894878248586
Iteration 600: Loss = 10854.894878248586
Iteration 700: Loss = 10854.385972246779
Iteration 800: Loss = 10849.427157138582
Iteration 900: Loss = 10843.428342150766
Iteration 1000: Loss = 10843.428342150766
Best loss: 10843.428342150766 | Parameters: [ 1.92182985e+03 -3.45659984e-01  6.14695912e+00]
Initial loss: 11444.808194367419
Iteration 100: Loss = 10907.817375109707
Iteration 200: Loss = 10907.817375109707
Iteration 300: Loss = 10907.817375109707
Iteration 400: Loss = 10907.817375109707
Iteration 500: Loss = 10906.679881938446
Iteration 600: Loss = 10906.679881938446
Iteration 700: Loss = 10859.629385703744
Iteration 800: Loss = 10857.291318965956
Iteration 900: Loss = 10854.049090262477
Iteration 1000: Loss = 10854.049090262477
Best loss: 10854.049090262477 | Parameters: [ 1.92254005e+03 -2.72007796e-01  5.09088207e+00]
Initial loss: 11444.808194367419
Iteration 100: Loss = 10901.695146643391
Iteration 200: Loss = 10856.085162777234
Iteration 300: Loss = 10851.693301278467
Iteration 400: Loss = 10847.288130038196
Iteration 500: Loss = 10503.463121118273
Iteration 600: Loss = 8796.335652947007
Iteration 700: Loss = 8293.20914203272
Iteration 800: Loss = 8045.548063562913
Iteration 900: Loss = 7940.85475782948
Iteration 1000: Loss = 7877.231194918988
Best loss: 7877.231194918988 | Parameters: [1.92456406e+03 1.27330909e+00 2.46542032e+01]
Initial loss: 11444.808194367419
Iteration 100: Loss = 10854.433960727443
Iteration 200: Loss = 10854.433960727443
Iteration 300: Loss = 10851.597736721567
Iteration 400: Loss = 10851.597736721567
Iteration 500: Loss = 10851.597736721567
Iteration 600: Loss = 10851.597736721567
Iteration 700: Loss = 10832.374693876834
Iteration 800: Loss = 10801.734003718966
Iteration 900: Loss = 10167.425411012093
Iteration 1000: Loss = 8606.225428502865
Best loss: 8606.225428502865 | Parameters: [1.92364501e+03 9.14043882e-01 1.81273767e+01]
Initial loss: 11444.808194367419
Iteration 100: Loss = 10870.331339944534
Iteration 200: Loss = 10849.698541561636
Iteration 300: Loss = 10849.698541561636
Iteration 400: Loss = 10849.698541561636
Iteration 500: Loss = 10849.698541561636
Iteration 600: Loss = 10849.698541561636
Iteration 700: Loss = 10849.698541561636
Iteration 800: Loss = 10804.587716498709
Iteration 900: Loss = 10293.255201979702
Iteration 1000: Loss = 9739.47633858259
Best loss: 9739.47633858259 | Parameters: [1.92177675e+03 9.05769926e-01 1.44320401e+01]
Initial loss: 11444.808194367419
Iteration 100: Loss = 10974.510045802892
Iteration 200: Loss = 10880.545415818562
Iteration 300: Loss = 10866.39188106338
Iteration 400: Loss = 10860.074315718237
Iteration 500: Loss = 10860.074315718237
Iteration 600: Loss = 10860.074315718237
Iteration 700: Loss = 10855.659360383504
Iteration 800: Loss = 10855.659360383504
Iteration 900: Loss = 10855.659360383504
Iteration 1000: Loss = 10855.659360383504
Best loss: 10855.659360383504 | Parameters: [1.92286815e+03 2.64363320e-01 4.73541483e+00]
Initial loss: 11444.808194367419
Iteration 100: Loss = 10931.768553530523
Iteration 200: Loss = 10931.768553530523
Iteration 300: Loss = 10931.768553530523
Iteration 400: Loss = 10914.443895985596
Iteration 500: Loss = 10856.507585776817
Iteration 600: Loss = 10852.27681307958
Iteration 700: Loss = 10849.993684814208
Iteration 800: Loss = 10829.288472812916
Iteration 900: Loss = 10600.018415454937
Iteration 1000: Loss = 10013.414827469529
Best loss: 10013.414827469529 | Parameters: [ 1.92355745e+03 -6.55163883e-01  1.19766620e+01]
Initial loss: 11444.808194367419
Iteration 100: Loss = 10838.531464156496
Iteration 200: Loss = 10759.874741377636
Iteration 300: Loss = 9786.306178976527
Iteration 400: Loss = 8587.518485605844
Iteration 500: Loss = 8161.774598863089
Iteration 600: Loss = 8040.316952250956
Iteration 700: Loss = 7963.139111911209
Iteration 800: Loss = 7916.34290265484
Iteration 900: Loss = 7775.623261504885
Iteration 1000: Loss = 7775.623261504885
Best loss: 7775.623261504885 | Parameters: [1.92222115e+03 1.39579508e+00 2.67237154e+01]
Initial loss: 11444.808194367419
Iteration 100: Loss = 10892.42280444976
Iteration 200: Loss = 10872.92140624238
Iteration 300: Loss = 10872.92140624238
Iteration 400: Loss = 10855.14302750513
Iteration 500: Loss = 10855.14302750513
Iteration 600: Loss = 10855.14302750513
Iteration 700: Loss = 10855.14302750513
Iteration 800: Loss = 10855.14302750513
Iteration 900: Loss = 10855.14302750513
Iteration 1000: Loss = 10855.14302750513
Best loss: 10855.14302750513 | Parameters: [1.92243876e+03 2.91345078e-01 5.13833155e+00]
Initial loss: 11444.808194367419
Iteration 100: Loss = 10973.605543545853
Iteration 200: Loss = 10917.07044714274
Iteration 300: Loss = 10872.210111821216
Iteration 400: Loss = 10861.498265078297
Iteration 500: Loss = 10821.873625841103
Iteration 600: Loss = 10436.91553224729
Iteration 700: Loss = 9544.929091006908
Iteration 800: Loss = 8980.878979442112
Iteration 900: Loss = 8126.646098648831
Iteration 1000: Loss = 7974.040846666332
Best loss: 7974.040846666332 | Parameters: [1.92640496e+03 1.20467617e+00 2.29706924e+01]
Initial loss: 11444.808194367419
Iteration 100: Loss = 10953.278401685704
Iteration 200: Loss = 10862.068568298404
Iteration 300: Loss = 10862.068568298404
Iteration 400: Loss = 10862.068568298404
Iteration 500: Loss = 10856.354632346709
Iteration 600: Loss = 10853.314813195633
Iteration 700: Loss = 10853.314813195633
Iteration 800: Loss = 10853.314813195633
Iteration 900: Loss = 10853.314813195633
Iteration 1000: Loss = 10853.314813195633
Best loss: 10853.314813195633 | Parameters: [1.92314971e+03 2.46874803e-01 4.66848211e+00]
Initial loss: 11444.808194367419
Iteration 100: Loss = 10887.288765359071
Iteration 200: Loss = 10859.479679643599
Iteration 300: Loss = 10848.391203016437
Iteration 400: Loss = 10848.391203016437
Iteration 500: Loss = 10837.298648310509
Iteration 600: Loss = 10815.574441981009
Iteration 700: Loss = 9439.774754640654
Iteration 800: Loss = 8670.158502117862
Iteration 900: Loss = 8519.625048500986
Iteration 1000: Loss = 8166.929391699628
Best loss: 8166.929391699628 | Parameters: [ 1.93040287e+03 -9.93083677e-01  2.05596447e+01]
Initial loss: 11444.808194367419
Iteration 100: Loss = 10983.596524041764
Iteration 200: Loss = 10892.15196552453
Iteration 300: Loss = 10861.208274552877
Iteration 400: Loss = 10855.96173078844
Iteration 500: Loss = 10850.64038953997
Iteration 600: Loss = 10850.64038953997
Iteration 700: Loss = 10786.395906501815
Iteration 800: Loss = 10135.902974205183
Iteration 900: Loss = 9574.926175328768
Iteration 1000: Loss = 9284.835998913833
Best loss: 9284.835998913833 | Parameters: [ 1.92123308e+03 -8.80720562e-01  1.61043129e+01]
Initial loss: 11444.808194367419
Iteration 100: Loss = 10872.863062831988
Iteration 200: Loss = 10872.863062831988
Iteration 300: Loss = 10872.863062831988
Iteration 400: Loss = 10872.863062831988
Iteration 500: Loss = 10865.20962060664
Iteration 600: Loss = 10865.20962060664
Iteration 700: Loss = 10863.033278015431
Iteration 800: Loss = 10860.544170421379
Iteration 900: Loss = 10850.36089467728
Iteration 1000: Loss = 10548.890526791329
Best loss: 10548.890526791329 | Parameters: [1.92222565e+03 5.22582840e-01 9.75415229e+00]
Initial loss: 11444.808194367419
Iteration 100: Loss = 11064.598409727698
Iteration 200: Loss = 10983.549056053638
Iteration 300: Loss = 10888.59887435354
Iteration 400: Loss = 10879.16777499209
Iteration 500: Loss = 10863.764647878936
Iteration 600: Loss = 10856.86242331389
Iteration 700: Loss = 10856.86242331389
Iteration 800: Loss = 10856.86242331389
Iteration 900: Loss = 10856.86242331389
Iteration 1000: Loss = 10856.86242331389
Best loss: 10856.86242331389 | Parameters: [ 1.92332315e+03 -2.28295847e-01  4.43675193e+00]
Initial loss: 11444.808194367419
Iteration 100: Loss = 11067.3971687817
Iteration 200: Loss = 10933.107774737118
Iteration 300: Loss = 10894.082077175879
Iteration 400: Loss = 10864.540277391352
Iteration 500: Loss = 10862.002157911384
Iteration 600: Loss = 10856.108431093684
Iteration 700: Loss = 10856.108431093684
Iteration 800: Loss = 10856.108431093684
Iteration 900: Loss = 10856.108431093684
Iteration 1000: Loss = 10854.839600876234
Best loss: 10854.839600876234 | Parameters: [1.92335875e+03 2.38849505e-01 4.49786132e+00]
Initial loss: 11444.808194367419
Iteration 100: Loss = 11242.314189880779
Iteration 200: Loss = 10883.918795342237
Iteration 300: Loss = 10873.000270385246
Iteration 400: Loss = 10873.000270385246
Iteration 500: Loss = 10872.90208285022
Iteration 600: Loss = 10852.354744732556
Iteration 700: Loss = 10758.39025030204
Iteration 800: Loss = 10127.504938922555
Iteration 900: Loss = 8681.977203030456
Iteration 1000: Loss = 8057.117179716091
Best loss: 8057.117179716091 | Parameters: [ 1.92301326e+03 -1.07412243e+00  2.22957028e+01]
Initial loss: 11444.808194367419
Iteration 100: Loss = 10880.50705553874
Iteration 200: Loss = 10880.50705553874
Iteration 300: Loss = 10878.214677200733
Iteration 400: Loss = 10878.214677200733
Iteration 500: Loss = 10858.049527980069
Iteration 600: Loss = 10326.224720762273
Iteration 700: Loss = 9417.030095418537
Iteration 800: Loss = 8614.814600873595
Iteration 900: Loss = 8279.538111289316
Iteration 1000: Loss = 8064.304880167747
Best loss: 8064.304880167747 | Parameters: [ 1.92412513e+03 -1.16831467e+00  2.17512818e+01]
Initial loss: 11435.69693845472
Iteration 100: Loss = 11028.902170224253
Iteration 200: Loss = 10942.168594459697
Iteration 300: Loss = 10934.864189630056
Iteration 400: Loss = 10897.735787495298
Iteration 500: Loss = 10878.824424133736
Iteration 600: Loss = 10870.951361654228
Iteration 700: Loss = 10867.08998868241
Iteration 800: Loss = 10867.00275153366
Iteration 900: Loss = 10862.781691119893
Iteration 1000: Loss = 10862.572471517022
Best loss: 10862.572471517022 | Parameters: [1.92378550e+03 2.05048562e-01 3.98345974e+00]
Initial loss: 11435.69693845472
Iteration 100: Loss = 11074.968309513197
Iteration 200: Loss = 10918.027770349952
Iteration 300: Loss = 10904.119471627804
Iteration 400: Loss = 10895.059388289072
Iteration 500: Loss = 10882.363369655548
Iteration 600: Loss = 10882.363369655548
Iteration 700: Loss = 10865.844539074986
Iteration 800: Loss = 10865.844539074986
Iteration 900: Loss = 10865.844539074986
Iteration 1000: Loss = 10860.83314646308
Best loss: 10860.83314646308 | Parameters: [1.92362647e+03 2.16749341e-01 4.06734353e+00]
Initial loss: 11435.69693845472
Iteration 100: Loss = 10916.022408021418
Iteration 200: Loss = 10912.11182014702
Iteration 300: Loss = 10893.655233336474
Iteration 400: Loss = 10891.365604699797
Iteration 500: Loss = 10877.676819819251
Iteration 600: Loss = 10860.33356401943
Iteration 700: Loss = 10858.359139716868
Iteration 800: Loss = 10858.010253488075
Iteration 900: Loss = 10858.010253488075
Iteration 1000: Loss = 10858.010253488075
Best loss: 10858.010253488075 | Parameters: [1.92358918e+03 2.22767753e-01 4.24051650e+00]
Initial loss: 11435.69693845472
Iteration 100: Loss = 11074.243078997813
Iteration 200: Loss = 10996.45567197402
Iteration 300: Loss = 10891.468809842112
Iteration 400: Loss = 10878.062823790595
Iteration 500: Loss = 10878.046139821492
Iteration 600: Loss = 10874.39904083803
Iteration 700: Loss = 10870.739123660984
Iteration 800: Loss = 10870.61004604299
Iteration 900: Loss = 10861.58835664083
Iteration 1000: Loss = 10855.327366212437
Best loss: 10855.327366212437 | Parameters: [1.92287668e+03 2.55610027e-01 4.66603462e+00]
Initial loss: 11435.69693845472
Iteration 100: Loss = 10861.434304360379
Iteration 200: Loss = 10861.434304360379
Iteration 300: Loss = 10861.434304360379
Iteration 400: Loss = 10859.314630734076
Iteration 500: Loss = 10854.537733697907
Iteration 600: Loss = 10854.537733697907
Iteration 700: Loss = 10854.537733697907
Iteration 800: Loss = 10853.988017973608
Iteration 900: Loss = 10853.870908349374
Iteration 1000: Loss = 10852.83146807371
Best loss: 10852.83146807371 | Parameters: [1.92295053e+03 2.75201534e-01 4.93412913e+00]
Initial loss: 11435.69693845472
Iteration 100: Loss = 10883.945131389413
Iteration 200: Loss = 10883.945131389413
Iteration 300: Loss = 10883.945131389413
Iteration 400: Loss = 10873.1530346323
Iteration 500: Loss = 10873.1530346323
Iteration 600: Loss = 10873.1530346323
Iteration 700: Loss = 10872.248564985304
Iteration 800: Loss = 10869.303726517326
Iteration 900: Loss = 10859.011104540372
Iteration 1000: Loss = 10852.445318327591
Best loss: 10852.445318327591 | Parameters: [ 1.92312851e+03 -2.50974014e-01  4.67042525e+00]
Initial loss: 11435.69693845472
Iteration 100: Loss = 10924.04139325927
Iteration 200: Loss = 10899.878183342464
Iteration 300: Loss = 10866.190284680653
Iteration 400: Loss = 10864.162440183884
Iteration 500: Loss = 10854.73192380178
Iteration 600: Loss = 10854.73192380178
Iteration 700: Loss = 10854.73192380178
Iteration 800: Loss = 10852.953823638449
Iteration 900: Loss = 10852.230622116373
Iteration 1000: Loss = 10852.230622116373
Best loss: 10852.230622116373 | Parameters: [1.92301067e+03 2.56308672e-01 4.80436145e+00]
Initial loss: 11435.69693845472
Iteration 100: Loss = 10943.643263569078
Iteration 200: Loss = 10903.802232774346
Iteration 300: Loss = 10894.160794685778
Iteration 400: Loss = 10884.870464689548
Iteration 500: Loss = 10865.906468143015
Iteration 600: Loss = 10863.512332400856
Iteration 700: Loss = 10859.734772329923
Iteration 800: Loss = 10855.911653008343
Iteration 900: Loss = 10848.335745171418
Iteration 1000: Loss = 10845.849240191985
Best loss: 10845.849240191985 | Parameters: [ 1.92174385e+03 -3.44781205e-01  6.26412049e+00]
Initial loss: 11435.69693845472
Iteration 100: Loss = 10883.969056136937
Iteration 200: Loss = 10854.861273574881
Iteration 300: Loss = 10854.861273574881
Iteration 400: Loss = 10854.394318634944
Iteration 500: Loss = 10854.394318634944
Iteration 600: Loss = 10853.84042892008
Iteration 700: Loss = 10853.84042892008
Iteration 800: Loss = 10851.588507167784
Iteration 900: Loss = 10851.588507167784
Iteration 1000: Loss = 10851.588507167784
Best loss: 10851.588507167784 | Parameters: [1.92296110e+03 2.60017120e-01 4.79246525e+00]
